0.0 0.0100
1.0 0.3000
2.0 0.2454
3.0 0.1623
4.0 0.0100
5.0 0.3000
6.0 0.3000
7.0 0.0100
8.0 0.1573
9.0 0.3000
10.0 0.2393
11.0 0.0184
12.0 0.0269
13.0 0.2636
14.0 0.2097
15.0 0.3000
16.0 0.0100
17.0 0.3000
18.0 0.3000
19.0 0.2852
20.0 0.1157
21.0 0.3000
22.0 0.3000
23.0 0.0333
24.0 0.0100
25.0 0.2165
26.0 0.1993
27.0 0.0782
28.0 0.0882
29.0 0.3000
30.0 0.2659
31.0 0.3000
32.0 0.1879
33.0 0.0737
34.0 0.2277
35.0 0.2628
36.0 0.3000
37.0 0.2283
38.0 0.3000
39.0 0.3000
40.0 0.1844
41.0 0.1275
42.0 0.0100
43.0 0.2334
44.0 0.3000
45.0 0.0100
46.0 0.2296
47.0 0.2742
48.0 0.3000
49.0 0.3000
50.0 0.1628
51.0 0.0100
52.0 0.0990
53.0 0.3000
54.0 0.0100
55.0 0.3000
56.0 0.1713
57.0 0.1006
58.0 0.2753
59.0 0.1051
60.0 0.3000
61.0 0.1288
62.0 0.0100
63.0 0.0136
64.0 0.0677
65.0 0.0100
66.0 0.1851
67.0 0.1631
68.0 0.0100
69.0 0.1657
70.0 0.1129
71.0 0.3000
72.0 0.2867
73.0 0.0688
74.0 0.0509
75.0 0.3000
76.0 0.0100
77.0 0.1664
78.0 0.0100
79.0 0.2479
80.0 0.2962
81.0 0.2783
82.0 0.3000
83.0 0.0100
84.0 0.1344
85.0 0.0660
86.0 0.3000
87.0 0.0100
88.0 0.3000
89.0 0.3000
90.0 0.3000
91.0 0.0100
92.0 0.3000
93.0 0.0100
94.0 0.3000
95.0 0.3000
96.0 0.3000
97.0 0.3000
98.0 0.2255
99.0 0.2713
100.0 0.1269
101.0 0.3000
102.0 0.0166
103.0 0.3000
104.0 0.0366
105.0 0.1839
106.0 0.1197
107.0 0.0474
108.0 0.0448
109.0 0.2501
110.0 0.3000
111.0 0.3000
112.0 0.2220
113.0 0.1530
114.0 0.0100
115.0 0.3000
116.0 0.0100
117.0 0.3000
118.0 0.3000
119.0 0.3000
120.0 0.0100
121.0 0.3000
122.0 0.0670
123.0 0.1755
124.0 0.0371
125.0 0.3000
126.0 0.1063
127.0 0.1952
128.0 0.3000
129.0 0.3000
130.0 0.3000
131.0 0.2431
132.0 0.1474
133.0 0.0628
134.0 0.1608
135.0 0.0136
136.0 0.2262
137.0 0.2086
138.0 0.3000
139.0 0.1655
140.0 0.2180
141.0 0.3000
142.0 0.3000
143.0 0.0100
144.0 0.0100
145.0 0.3000
146.0 0.1637
147.0 0.3000
148.0 0.0212
149.0 0.2711
150.0 0.2355
151.0 0.2748
152.0 0.2403
153.0 0.0100
154.0 0.1179
155.0 0.0100
156.0 0.2453
157.0 0.3000
158.0 0.2589
159.0 0.2370
160.0 0.0100
161.0 0.3000
162.0 0.2654
163.0 0.3000
164.0 0.2076
165.0 0.0100
166.0 0.3000
167.0 0.2217
168.0 0.2415
169.0 0.2770
170.0 0.2237
171.0 0.1944
172.0 0.2374
173.0 0.0780
174.0 0.0100
175.0 0.1135
176.0 0.0659
177.0 0.2571
178.0 0.0100
179.0 0.3000
180.0 0.3000
181.0 0.3000
182.0 0.0100
183.0 0.2719
184.0 0.3000
185.0 0.0100
186.0 0.0100
187.0 0.3000
188.0 0.2375
189.0 0.3000
190.0 0.1002
191.0 0.3000
192.0 0.3000
193.0 0.0618
194.0 0.1492
195.0 0.0955
196.0 0.3000
197.0 0.3000
198.0 0.3000
199.0 0.3000
200.0 0.3000
201.0 0.0943
202.0 0.1011
203.0 0.2013
204.0 0.3000
205.0 0.0100
206.0 0.0100
207.0 0.2108
208.0 0.1038
209.0 0.3000
210.0 0.2134
211.0 0.3000
212.0 0.3000
213.0 0.0254
214.0 0.0420
215.0 0.1421
216.0 0.0251
217.0 0.2218
218.0 0.3000
219.0 0.0280
220.0 0.3000
221.0 0.3000
222.0 0.0829
223.0 0.0954
224.0 0.2829
225.0 0.2396
226.0 0.0100
227.0 0.1773
228.0 0.3000
229.0 0.3000
230.0 0.1156
231.0 0.2716
232.0 0.1413
233.0 0.2056
234.0 0.1900
235.0 0.0100
236.0 0.3000
237.0 0.3000
238.0 0.0405
239.0 0.1112
240.0 0.2868
241.0 0.3000
242.0 0.3000
243.0 0.3000
244.0 0.2100
245.0 0.3000
246.0 0.3000
247.0 0.0163
248.0 0.2702
249.0 0.2069
250.0 0.0100
251.0 0.1433
252.0 0.3000
253.0 0.3000
254.0 0.1542
255.0 0.3000
256.0 0.3000
257.0 0.2012
258.0 0.2181
259.0 0.3000
260.0 0.2807
261.0 0.0208
262.0 0.0100
263.0 0.2587
264.0 0.1387
265.0 0.2262
266.0 0.0562
267.0 0.0100
268.0 0.3000
269.0 0.0456
270.0 0.1348
271.0 0.3000
272.0 0.3000
273.0 0.3000
274.0 0.1643
275.0 0.3000
276.0 0.0241
277.0 0.3000
278.0 0.3000
279.0 0.0751
280.0 0.2885
281.0 0.2817
282.0 0.3000
283.0 0.2942
284.0 0.0100
285.0 0.3000
286.0 0.3000
287.0 0.2054
288.0 0.0100
289.0 0.3000
290.0 0.2063
291.0 0.3000
292.0 0.2702
293.0 0.0174
294.0 0.3000
295.0 0.3000
296.0 0.3000
297.0 0.0100
298.0 0.2893
299.0 0.3000
