0.0 0.1936
1.0 0.3000
2.0 0.3000
3.0 0.1332
4.0 0.2396
5.0 0.3000
6.0 0.0279
7.0 0.0417
8.0 0.1794
9.0 0.0100
10.0 0.3000
11.0 0.3000
12.0 0.2246
13.0 0.1797
14.0 0.0100
15.0 0.2626
16.0 0.0100
17.0 0.0100
18.0 0.2587
19.0 0.2977
20.0 0.1904
21.0 0.2003
22.0 0.3000
23.0 0.2599
24.0 0.1905
25.0 0.0100
26.0 0.3000
27.0 0.0206
28.0 0.3000
29.0 0.0100
30.0 0.2748
31.0 0.0100
32.0 0.1334
33.0 0.0100
34.0 0.2874
35.0 0.0246
36.0 0.0712
37.0 0.0100
38.0 0.2568
39.0 0.3000
40.0 0.1769
41.0 0.0861
42.0 0.3000
43.0 0.3000
44.0 0.0100
45.0 0.0100
46.0 0.1938
47.0 0.3000
48.0 0.2875
49.0 0.1925
50.0 0.2198
51.0 0.0100
52.0 0.1425
53.0 0.3000
54.0 0.1535
55.0 0.2337
56.0 0.2250
57.0 0.0760
58.0 0.2588
59.0 0.3000
60.0 0.0100
61.0 0.0100
62.0 0.0100
63.0 0.3000
64.0 0.0655
65.0 0.3000
66.0 0.3000
67.0 0.3000
68.0 0.0100
69.0 0.3000
70.0 0.0100
71.0 0.3000
72.0 0.1843
73.0 0.3000
74.0 0.2362
75.0 0.1704
76.0 0.3000
77.0 0.3000
78.0 0.1296
79.0 0.1910
80.0 0.2413
81.0 0.3000
82.0 0.0835
83.0 0.0100
84.0 0.3000
85.0 0.3000
86.0 0.0884
87.0 0.3000
88.0 0.3000
89.0 0.0100
90.0 0.1156
91.0 0.0100
92.0 0.1177
93.0 0.3000
94.0 0.2315
95.0 0.2180
96.0 0.1653
97.0 0.0100
98.0 0.0100
99.0 0.0386
100.0 0.0100
101.0 0.3000
102.0 0.0456
103.0 0.1467
104.0 0.3000
105.0 0.3000
106.0 0.3000
107.0 0.2136
108.0 0.3000
109.0 0.0863
110.0 0.0100
111.0 0.1756
112.0 0.3000
113.0 0.0927
114.0 0.3000
115.0 0.2692
116.0 0.3000
117.0 0.2509
118.0 0.0100
119.0 0.0100
120.0 0.2724
121.0 0.0157
122.0 0.0100
123.0 0.2197
124.0 0.2494
125.0 0.1211
126.0 0.1217
127.0 0.1593
128.0 0.1913
129.0 0.2274
130.0 0.3000
131.0 0.3000
132.0 0.2880
133.0 0.3000
134.0 0.0668
135.0 0.1788
136.0 0.2670
137.0 0.0100
138.0 0.1452
139.0 0.0175
140.0 0.1729
141.0 0.0100
142.0 0.0100
143.0 0.3000
144.0 0.1922
145.0 0.3000
146.0 0.0100
147.0 0.0163
148.0 0.1769
149.0 0.0100
150.0 0.3000
151.0 0.3000
152.0 0.0100
153.0 0.3000
154.0 0.3000
155.0 0.2393
156.0 0.3000
157.0 0.3000
158.0 0.3000
159.0 0.3000
160.0 0.0796
161.0 0.2979
162.0 0.2679
163.0 0.3000
164.0 0.3000
165.0 0.3000
166.0 0.2903
167.0 0.0100
168.0 0.1559
169.0 0.3000
170.0 0.2684
171.0 0.3000
172.0 0.0100
173.0 0.0100
174.0 0.3000
175.0 0.3000
176.0 0.2624
177.0 0.1801
178.0 0.2496
179.0 0.3000
180.0 0.3000
181.0 0.1549
182.0 0.2244
183.0 0.0695
184.0 0.3000
185.0 0.3000
186.0 0.2033
187.0 0.1050
188.0 0.3000
189.0 0.2173
190.0 0.3000
191.0 0.3000
192.0 0.0100
193.0 0.3000
194.0 0.1554
195.0 0.0100
196.0 0.3000
197.0 0.0100
198.0 0.1815
199.0 0.3000
200.0 0.0250
201.0 0.0100
202.0 0.0929
203.0 0.1141
204.0 0.0899
205.0 0.3000
206.0 0.3000
207.0 0.3000
208.0 0.0741
209.0 0.3000
210.0 0.3000
211.0 0.3000
212.0 0.3000
213.0 0.3000
214.0 0.0100
215.0 0.3000
216.0 0.0100
217.0 0.0100
218.0 0.1991
219.0 0.3000
220.0 0.1776
221.0 0.0515
222.0 0.0452
223.0 0.1487
224.0 0.3000
225.0 0.3000
226.0 0.0100
227.0 0.3000
228.0 0.3000
229.0 0.3000
230.0 0.3000
231.0 0.3000
232.0 0.2231
233.0 0.0100
234.0 0.0100
235.0 0.2226
236.0 0.2078
237.0 0.1485
238.0 0.2427
239.0 0.2828
240.0 0.3000
241.0 0.2830
242.0 0.3000
243.0 0.3000
244.0 0.0745
245.0 0.3000
246.0 0.0100
247.0 0.1998
248.0 0.0100
249.0 0.3000
250.0 0.2095
251.0 0.0100
252.0 0.2408
253.0 0.3000
254.0 0.1096
255.0 0.1906
256.0 0.2742
257.0 0.2841
258.0 0.3000
259.0 0.0100
260.0 0.2915
261.0 0.3000
262.0 0.3000
263.0 0.1478
264.0 0.1126
265.0 0.3000
266.0 0.3000
267.0 0.0835
268.0 0.0100
269.0 0.3000
270.0 0.3000
271.0 0.1926
272.0 0.0100
273.0 0.3000
274.0 0.0213
275.0 0.3000
276.0 0.2107
277.0 0.3000
278.0 0.3000
279.0 0.1138
280.0 0.3000
281.0 0.2554
282.0 0.3000
283.0 0.2854
284.0 0.2464
285.0 0.1944
286.0 0.3000
287.0 0.0100
288.0 0.2797
289.0 0.1820
290.0 0.3000
291.0 0.2412
292.0 0.0100
293.0 0.0100
294.0 0.3000
295.0 0.0930
296.0 0.1601
297.0 0.0651
298.0 0.2685
299.0 0.2774
