0.0 0.2475
1.0 0.3000
2.0 0.0497
3.0 0.0100
4.0 0.2127
5.0 0.3000
6.0 0.3000
7.0 0.2800
8.0 0.1677
9.0 0.0100
10.0 0.3000
11.0 0.0823
12.0 0.3000
13.0 0.0575
14.0 0.3000
15.0 0.3000
16.0 0.3000
17.0 0.3000
18.0 0.0620
19.0 0.3000
20.0 0.0100
21.0 0.1474
22.0 0.0100
23.0 0.0100
24.0 0.0100
25.0 0.3000
26.0 0.0100
27.0 0.0100
28.0 0.3000
29.0 0.0100
30.0 0.0813
31.0 0.3000
32.0 0.0100
33.0 0.0726
34.0 0.3000
35.0 0.0221
36.0 0.0100
37.0 0.0468
38.0 0.1337
39.0 0.0100
40.0 0.0100
41.0 0.0113
42.0 0.1732
43.0 0.3000
44.0 0.3000
45.0 0.3000
46.0 0.0100
47.0 0.2970
48.0 0.2156
49.0 0.3000
50.0 0.0100
51.0 0.3000
52.0 0.3000
53.0 0.3000
54.0 0.2111
55.0 0.3000
56.0 0.1834
57.0 0.0349
58.0 0.2598
59.0 0.3000
60.0 0.1760
61.0 0.2651
62.0 0.2869
63.0 0.0991
64.0 0.0344
65.0 0.3000
66.0 0.3000
67.0 0.0250
68.0 0.0515
69.0 0.0755
70.0 0.0842
71.0 0.1478
72.0 0.3000
73.0 0.0100
74.0 0.0758
75.0 0.0100
76.0 0.0901
77.0 0.2254
78.0 0.1296
79.0 0.1650
80.0 0.3000
81.0 0.2561
82.0 0.3000
83.0 0.2385
84.0 0.3000
85.0 0.0587
86.0 0.1307
87.0 0.3000
88.0 0.2530
89.0 0.3000
90.0 0.3000
91.0 0.1244
92.0 0.3000
93.0 0.1774
94.0 0.2659
95.0 0.2694
96.0 0.2769
97.0 0.3000
98.0 0.1985
99.0 0.2314
100.0 0.0100
101.0 0.1896
102.0 0.3000
103.0 0.0908
104.0 0.3000
105.0 0.3000
106.0 0.3000
107.0 0.3000
108.0 0.1982
109.0 0.0859
110.0 0.1422
111.0 0.2945
112.0 0.0535
113.0 0.0100
114.0 0.0100
115.0 0.1788
116.0 0.2013
117.0 0.0100
118.0 0.3000
119.0 0.2917
120.0 0.3000
121.0 0.2976
122.0 0.0100
123.0 0.3000
124.0 0.1265
125.0 0.0226
126.0 0.3000
127.0 0.3000
128.0 0.0162
129.0 0.0257
130.0 0.3000
131.0 0.1904
132.0 0.3000
133.0 0.3000
134.0 0.3000
135.0 0.1999
136.0 0.1333
137.0 0.0330
138.0 0.2454
139.0 0.0100
140.0 0.0100
141.0 0.1104
142.0 0.0852
143.0 0.3000
144.0 0.2615
145.0 0.2256
146.0 0.1247
147.0 0.2831
148.0 0.3000
149.0 0.1405
150.0 0.3000
151.0 0.2511
152.0 0.2791
153.0 0.0804
154.0 0.3000
155.0 0.2811
156.0 0.2407
157.0 0.3000
158.0 0.3000
159.0 0.0100
160.0 0.3000
161.0 0.1627
162.0 0.0799
163.0 0.3000
164.0 0.0100
165.0 0.1798
166.0 0.1519
167.0 0.2809
168.0 0.3000
169.0 0.0100
170.0 0.3000
171.0 0.2372
172.0 0.3000
173.0 0.1674
174.0 0.3000
175.0 0.0100
176.0 0.0100
177.0 0.0463
178.0 0.0100
179.0 0.2533
180.0 0.0179
181.0 0.0432
182.0 0.3000
183.0 0.0100
184.0 0.0100
185.0 0.3000
186.0 0.0189
187.0 0.0890
188.0 0.0100
189.0 0.1476
190.0 0.3000
191.0 0.0971
192.0 0.1318
193.0 0.1237
194.0 0.2501
195.0 0.3000
196.0 0.0100
197.0 0.1969
198.0 0.0100
199.0 0.3000
200.0 0.2824
201.0 0.0494
202.0 0.2056
203.0 0.0100
204.0 0.3000
205.0 0.3000
206.0 0.0139
207.0 0.2070
208.0 0.0100
209.0 0.1648
210.0 0.3000
211.0 0.2803
212.0 0.3000
213.0 0.0100
214.0 0.3000
215.0 0.3000
216.0 0.0100
217.0 0.0100
218.0 0.3000
219.0 0.0387
220.0 0.2022
221.0 0.2502
222.0 0.3000
223.0 0.0100
224.0 0.0100
225.0 0.2467
226.0 0.3000
227.0 0.3000
228.0 0.3000
229.0 0.3000
230.0 0.0462
231.0 0.1231
232.0 0.3000
233.0 0.1242
234.0 0.3000
235.0 0.3000
236.0 0.3000
237.0 0.3000
238.0 0.1487
239.0 0.2491
240.0 0.3000
241.0 0.2404
242.0 0.3000
243.0 0.0100
244.0 0.0100
245.0 0.0551
246.0 0.3000
247.0 0.3000
248.0 0.3000
249.0 0.0100
250.0 0.1059
251.0 0.3000
252.0 0.2336
253.0 0.3000
254.0 0.2460
255.0 0.2735
256.0 0.0100
257.0 0.1500
258.0 0.3000
259.0 0.3000
260.0 0.0100
261.0 0.3000
262.0 0.2913
263.0 0.0100
264.0 0.1227
265.0 0.2734
266.0 0.1291
267.0 0.1859
268.0 0.3000
269.0 0.3000
270.0 0.3000
271.0 0.3000
272.0 0.2151
273.0 0.0661
274.0 0.3000
275.0 0.2123
276.0 0.3000
277.0 0.0389
278.0 0.0100
279.0 0.1442
280.0 0.3000
281.0 0.3000
282.0 0.0100
283.0 0.3000
284.0 0.3000
285.0 0.1925
286.0 0.2113
287.0 0.0100
288.0 0.0760
289.0 0.0100
290.0 0.3000
291.0 0.1087
292.0 0.3000
293.0 0.3000
294.0 0.1540
295.0 0.2490
296.0 0.3000
297.0 0.2856
298.0 0.3000
299.0 0.3000
