0.0 0.0100
1.0 0.2504
2.0 0.3000
3.0 0.2524
4.0 0.2614
5.0 0.1701
6.0 0.3000
7.0 0.0144
8.0 0.2673
9.0 0.1791
10.0 0.3000
11.0 0.0100
12.0 0.2708
13.0 0.1834
14.0 0.1030
15.0 0.3000
16.0 0.3000
17.0 0.1735
18.0 0.1613
19.0 0.3000
20.0 0.3000
21.0 0.3000
22.0 0.3000
23.0 0.0680
24.0 0.2187
25.0 0.2856
26.0 0.0100
27.0 0.3000
28.0 0.3000
29.0 0.2788
30.0 0.1319
31.0 0.1387
32.0 0.2127
33.0 0.0100
34.0 0.3000
35.0 0.3000
36.0 0.0100
37.0 0.2627
38.0 0.1305
39.0 0.0100
40.0 0.1107
41.0 0.2042
42.0 0.3000
43.0 0.3000
44.0 0.2552
45.0 0.3000
46.0 0.1171
47.0 0.3000
48.0 0.2636
49.0 0.0316
50.0 0.3000
51.0 0.0100
52.0 0.0669
53.0 0.2129
54.0 0.0100
55.0 0.3000
56.0 0.1344
57.0 0.2799
58.0 0.1299
59.0 0.0100
60.0 0.3000
61.0 0.2409
62.0 0.1872
63.0 0.3000
64.0 0.0100
65.0 0.3000
66.0 0.3000
67.0 0.2260
68.0 0.3000
69.0 0.0100
70.0 0.0100
71.0 0.3000
72.0 0.3000
73.0 0.0718
74.0 0.0897
75.0 0.1505
76.0 0.1944
77.0 0.1752
78.0 0.3000
79.0 0.0100
80.0 0.1470
81.0 0.2595
82.0 0.3000
83.0 0.3000
84.0 0.0100
85.0 0.3000
86.0 0.3000
87.0 0.0358
88.0 0.3000
89.0 0.0100
90.0 0.0736
91.0 0.0160
92.0 0.3000
93.0 0.0461
94.0 0.3000
95.0 0.2926
96.0 0.1187
97.0 0.2132
98.0 0.0114
99.0 0.1991
100.0 0.3000
101.0 0.3000
102.0 0.1176
103.0 0.2882
104.0 0.0391
105.0 0.3000
106.0 0.1429
107.0 0.3000
108.0 0.0100
109.0 0.0100
110.0 0.0609
111.0 0.3000
112.0 0.2274
113.0 0.1154
114.0 0.2366
115.0 0.0654
116.0 0.1510
117.0 0.2108
118.0 0.0100
119.0 0.0626
120.0 0.0277
121.0 0.3000
122.0 0.2778
123.0 0.0100
124.0 0.2012
125.0 0.2149
126.0 0.3000
127.0 0.0100
128.0 0.1739
129.0 0.3000
130.0 0.0100
131.0 0.2168
132.0 0.3000
133.0 0.1013
134.0 0.1486
135.0 0.3000
136.0 0.3000
137.0 0.2076
138.0 0.3000
139.0 0.2798
140.0 0.0910
141.0 0.2310
142.0 0.3000
143.0 0.2506
144.0 0.3000
145.0 0.3000
146.0 0.0100
147.0 0.0100
148.0 0.1315
149.0 0.2078
150.0 0.3000
151.0 0.0959
152.0 0.2027
153.0 0.0774
154.0 0.3000
155.0 0.1433
156.0 0.1175
157.0 0.3000
158.0 0.1859
159.0 0.3000
160.0 0.3000
161.0 0.3000
162.0 0.3000
163.0 0.3000
164.0 0.2424
165.0 0.0100
166.0 0.0100
167.0 0.2525
168.0 0.2289
169.0 0.2716
170.0 0.3000
171.0 0.2920
172.0 0.1547
173.0 0.3000
174.0 0.0977
175.0 0.3000
176.0 0.3000
177.0 0.3000
178.0 0.3000
179.0 0.2845
180.0 0.3000
181.0 0.2600
182.0 0.3000
183.0 0.3000
184.0 0.0108
185.0 0.0857
186.0 0.3000
187.0 0.2667
188.0 0.3000
189.0 0.1618
190.0 0.0689
191.0 0.1817
192.0 0.0100
193.0 0.3000
194.0 0.3000
195.0 0.3000
196.0 0.1706
197.0 0.3000
198.0 0.3000
199.0 0.3000
200.0 0.3000
201.0 0.3000
202.0 0.0558
203.0 0.3000
204.0 0.3000
205.0 0.0100
206.0 0.0100
207.0 0.3000
208.0 0.3000
209.0 0.1435
210.0 0.1513
211.0 0.0100
212.0 0.3000
213.0 0.3000
214.0 0.3000
215.0 0.0828
216.0 0.0100
217.0 0.2924
218.0 0.0100
219.0 0.0100
220.0 0.0964
221.0 0.3000
222.0 0.2584
223.0 0.3000
224.0 0.3000
225.0 0.0100
226.0 0.3000
227.0 0.0100
228.0 0.2935
229.0 0.1673
230.0 0.3000
231.0 0.1951
232.0 0.0530
233.0 0.1616
234.0 0.3000
235.0 0.0100
236.0 0.3000
237.0 0.2267
238.0 0.0100
239.0 0.0100
240.0 0.0251
241.0 0.3000
242.0 0.0270
243.0 0.1468
244.0 0.0100
245.0 0.1471
246.0 0.2598
247.0 0.0100
248.0 0.2077
249.0 0.2183
250.0 0.2756
251.0 0.0772
252.0 0.0187
253.0 0.1010
254.0 0.1348
255.0 0.0100
256.0 0.0100
257.0 0.3000
258.0 0.0591
259.0 0.3000
260.0 0.0100
261.0 0.1427
262.0 0.1065
263.0 0.1135
264.0 0.1347
265.0 0.0100
266.0 0.0505
267.0 0.3000
268.0 0.3000
269.0 0.0618
270.0 0.0100
271.0 0.0100
272.0 0.0783
273.0 0.3000
274.0 0.3000
275.0 0.3000
276.0 0.2996
277.0 0.2178
278.0 0.0917
279.0 0.3000
280.0 0.3000
281.0 0.1642
282.0 0.3000
283.0 0.0789
284.0 0.0802
285.0 0.3000
286.0 0.2819
287.0 0.0185
288.0 0.0293
289.0 0.3000
290.0 0.3000
291.0 0.2013
292.0 0.0100
293.0 0.3000
294.0 0.0763
295.0 0.2506
296.0 0.1795
297.0 0.3000
298.0 0.2132
299.0 0.2582
