0.0 0.0100
1.0 0.1846
2.0 0.3000
3.0 0.3000
4.0 0.3000
5.0 0.1305
6.0 0.3000
7.0 0.0100
8.0 0.0346
9.0 0.3000
10.0 0.1763
11.0 0.2239
12.0 0.3000
13.0 0.0100
14.0 0.3000
15.0 0.1415
16.0 0.0814
17.0 0.3000
18.0 0.0100
19.0 0.0100
20.0 0.0100
21.0 0.0100
22.0 0.0677
23.0 0.0100
24.0 0.3000
25.0 0.3000
26.0 0.0745
27.0 0.2608
28.0 0.2110
29.0 0.0337
30.0 0.0100
31.0 0.1791
32.0 0.0100
33.0 0.3000
34.0 0.0617
35.0 0.2395
36.0 0.1520
37.0 0.2498
38.0 0.1442
39.0 0.1616
40.0 0.3000
41.0 0.0100
42.0 0.0730
43.0 0.0100
44.0 0.2217
45.0 0.0666
46.0 0.3000
47.0 0.1294
48.0 0.2470
49.0 0.0100
50.0 0.0100
51.0 0.3000
52.0 0.0100
53.0 0.3000
54.0 0.0816
55.0 0.3000
56.0 0.0100
57.0 0.2026
58.0 0.1569
59.0 0.3000
60.0 0.2285
61.0 0.3000
62.0 0.3000
63.0 0.0100
64.0 0.3000
65.0 0.3000
66.0 0.2304
67.0 0.2115
68.0 0.2793
69.0 0.3000
70.0 0.0100
71.0 0.2164
72.0 0.3000
73.0 0.3000
74.0 0.0100
75.0 0.3000
76.0 0.3000
77.0 0.3000
78.0 0.1197
79.0 0.0100
80.0 0.0100
81.0 0.0113
82.0 0.3000
83.0 0.2000
84.0 0.2735
85.0 0.3000
86.0 0.3000
87.0 0.0100
88.0 0.1631
89.0 0.3000
90.0 0.0100
91.0 0.3000
92.0 0.0823
93.0 0.3000
94.0 0.3000
95.0 0.2682
96.0 0.1697
97.0 0.0100
98.0 0.3000
99.0 0.3000
100.0 0.0100
101.0 0.3000
102.0 0.0100
103.0 0.2372
104.0 0.0100
105.0 0.0100
106.0 0.0343
107.0 0.1562
108.0 0.3000
109.0 0.0902
110.0 0.3000
111.0 0.3000
112.0 0.3000
113.0 0.0640
114.0 0.0100
115.0 0.0100
116.0 0.3000
117.0 0.2738
118.0 0.2693
119.0 0.3000
120.0 0.0824
121.0 0.1099
122.0 0.0457
123.0 0.0261
124.0 0.3000
125.0 0.2750
126.0 0.3000
127.0 0.3000
128.0 0.3000
129.0 0.0100
130.0 0.1578
131.0 0.3000
132.0 0.2532
133.0 0.2930
134.0 0.0343
135.0 0.2005
136.0 0.0644
137.0 0.0100
138.0 0.3000
139.0 0.3000
140.0 0.2504
141.0 0.0688
142.0 0.3000
143.0 0.0100
144.0 0.3000
145.0 0.0115
146.0 0.1230
147.0 0.2934
148.0 0.0100
149.0 0.1561
150.0 0.0100
151.0 0.2863
152.0 0.1846
153.0 0.0100
154.0 0.2311
155.0 0.3000
156.0 0.1330
157.0 0.1631
158.0 0.3000
159.0 0.3000
160.0 0.0100
161.0 0.2650
162.0 0.1125
163.0 0.0874
164.0 0.0100
165.0 0.0100
166.0 0.1056
167.0 0.3000
168.0 0.0422
169.0 0.0853
170.0 0.3000
171.0 0.3000
172.0 0.0621
173.0 0.0100
174.0 0.2305
175.0 0.2693
176.0 0.3000
177.0 0.3000
178.0 0.3000
179.0 0.0100
180.0 0.3000
181.0 0.0430
182.0 0.3000
183.0 0.1195
184.0 0.0100
185.0 0.3000
186.0 0.1976
187.0 0.1089
188.0 0.1249
189.0 0.1724
190.0 0.0543
191.0 0.1460
192.0 0.0100
193.0 0.0100
194.0 0.0445
195.0 0.2410
196.0 0.3000
197.0 0.0363
198.0 0.1981
199.0 0.3000
200.0 0.3000
201.0 0.1544
202.0 0.0982
203.0 0.2946
204.0 0.1049
205.0 0.1812
206.0 0.0100
207.0 0.3000
208.0 0.1391
209.0 0.3000
210.0 0.3000
211.0 0.3000
212.0 0.3000
213.0 0.0100
214.0 0.3000
215.0 0.0778
216.0 0.3000
217.0 0.0100
218.0 0.0143
219.0 0.3000
220.0 0.0100
221.0 0.0100
222.0 0.1127
223.0 0.0100
224.0 0.3000
225.0 0.3000
226.0 0.0454
227.0 0.0898
228.0 0.2382
229.0 0.3000
230.0 0.1922
231.0 0.3000
232.0 0.3000
233.0 0.1640
234.0 0.3000
235.0 0.0100
236.0 0.0100
237.0 0.1275
238.0 0.2246
239.0 0.0100
240.0 0.3000
241.0 0.0100
242.0 0.2527
243.0 0.0100
244.0 0.1366
245.0 0.3000
246.0 0.1221
247.0 0.0100
248.0 0.3000
249.0 0.2285
250.0 0.3000
251.0 0.3000
252.0 0.3000
253.0 0.3000
254.0 0.0100
255.0 0.0100
256.0 0.1318
257.0 0.0515
258.0 0.0100
259.0 0.3000
260.0 0.3000
261.0 0.2719
262.0 0.0327
263.0 0.0100
264.0 0.3000
265.0 0.0100
266.0 0.0100
267.0 0.0100
268.0 0.0283
269.0 0.3000
270.0 0.1533
271.0 0.3000
272.0 0.0100
273.0 0.1352
274.0 0.3000
275.0 0.3000
276.0 0.0924
277.0 0.3000
278.0 0.3000
279.0 0.3000
280.0 0.2451
281.0 0.3000
282.0 0.3000
283.0 0.0100
284.0 0.0540
285.0 0.2884
286.0 0.3000
287.0 0.0100
288.0 0.1309
289.0 0.0854
290.0 0.0100
291.0 0.0100
292.0 0.3000
293.0 0.3000
294.0 0.0100
295.0 0.1861
296.0 0.3000
297.0 0.1045
298.0 0.2533
299.0 0.3000
