0	19.056305666430916
1	19.28506672055701
2	16.346335028916698
3	16.933267459255486
4	20.110602963608205
5	15.500522260561088
6	18.35457823643369
7	19.453913710733378
8	12.088850876177009
9	5.451909341580615
10	21.0139117071049
11	13.810203561935865
12	14.255747554250075
13	6.429037653240427
14	13.723391972845961
15	8.741199243417569
16	11.409987315400047
17	10.009542260705725
18	9.970401934783135
19	8.914590265986858
20	12.476448789606614
21	12.298967241563496
22	12.331452679065197
23	9.42800226906565
24	11.783629181491301
25	13.20270134086207
26	12.266426684847216
27	10.009637520642485
28	10.496728744469888
29	2.784497444014055
30	14.369387237178714
31	10.165375665514492
32	9.081500958792958
33	6.607625531674004
34	10.165087291735404
35	11.765449313468123
36	9.393056512710839
37	10.433233634864047
38	7.828132086287856
39	4.473137953756982
40	13.723391972845961
41	9.121056335136577
42	7.8332048506957195
43	7.31885839109482
44	9.09862804907732
45	10.165279777522157
46	9.99045009475799
47	7.151776126024158
48	9.440751590082021
49	9.472072311023235
50	7.123581324173209
51	10.356644178734346
52	10.861214825687782
53	9.27543733601641
54	11.037330400567358
55	9.289052089931877
56	11.409336671160025
57	11.611478253766364
58	8.014501399985066
59	6.697151511526757
60	13.487496861025706
61	9.074363957847709
62	8.409339684642113
63	6.066114057795314
64	9.886666317947386
65	10.786719062456351
66	7.750764196508638
67	10.093610298368919
68	8.920103815015258
69	8.208357175118959
70	10.69831149704096
71	10.876252766642502
72	10.348117564154911
73	9.626029360582631
74	11.230757270651443
75	11.045075867716827
76	11.953313419471494
77	8.208509862711443
78	9.808846923139491
79	9.275611332328586
80	11.587058791579828
81	11.428570437120804
82	12.27834471651492
83	8.386736814324998
84	12.476329836507045
85	12.868051676081256
86	14.038411414727399
87	11.94192262513802
88	9.275872989117802
89	6.4299176214949485
90	14.789001665346936
91	10.337944079348313
92	10.725143986021928
93	7.846136590759887
94	10.685050003732767
95	11.410421391045597
96	11.42606722911842
97	12.847965937981074
98	5.881642737764347
99	4.2955634459339755
100	13.456598341439598
101	7.052512715467659
102	10.075690199413959
103	6.5191297631983645
104	9.097347075144787
105	9.809493903572216
106	9.301394565051364
107	8.540404365681244
108	6.963915802312038
109	7.496889402954886
110	10.343126202597283
111	10.520275123523708
112	11.409228372739271
113	6.9636596470202115
114	6.963723564670981
115	10.608589522703928
116	9.022562450254126
117	13.168244285947
118	13.010448768326937
119	12.831012453393699
120	12.298614819962713
121	12.833098677194824
122	12.652953076571771
123	9.276657404366423
124	12.298145248880715
125	12.476448789606614
126	12.476686702931426
127	14.075062695256692
128	9.119940593216816
129	16.041332904303584
130	12.795903878949005
131	14.255884283424333
132	15.896390712725323
133	16.700727394637386
134	14.077360335214735
135	16.877760362359503
136	15.370282400984692
137	16.958534810355108
138	8.724304121558378
139	13.899253705871361
140	17.456475891491802
141	18.336970670963886
142	18.708804173040217
143	11.229370447049952
144	16.394654237336862
145	15.711850550887172
146	14.57709961635894
147	15.499177763904397
148	12.832116728894412
149	15.499477138323611
