0	13.540620210927035
1	14.266549291862708
2	12.463522828322276
3	14.22157359943859
4	10.774507297089048
5	12.783070999797765
6	12.905882252020662
7	11.070169966827995
8	14.845473374366762
9	13.702991985273004
10	12.710629623699665
11	11.60179633476485
12	15.044573087086134
13	14.276410172291536
14	14.023880054311064
15	14.749462616321754
16	15.216494727071659
17	17.45935671349147
18	14.267920776537059
19	14.888745510435427
20	13.221010435662583
21	15.6009660518902
22	16.01013849895441
23	15.983894263152502
24	16.41522923713091
25	13.965802825216773
26	15.285971960988459
27	14.162753086285596
28	15.967728890329674
29	13.397691031603014
30	15.324544415169745
31	12.153822213990821
32	14.486749234923206
33	13.600126668736795
34	12.784168874811758
35	14.059944834203778
36	13.882751476403708
37	9.411633170099618
38	6.636397266230986
39	11.596252867212339
40	12.81903592801826
41	13.68061960482548
42	12.283671966413477
43	14.134243665613441
44	15.191551060870045
45	14.306301437966132
46	12.181299816729744
47	13.583303006047588
48	14.427936877127639
49	11.689224159056897
50	11.7972815064388
51	14.766520815601423
52	13.009106226051054
53	16.749351872167523
54	19.405416040709156
55	12.814498149627855
56	10.646718153941423
57	15.416622097638916
58	13.707715857862693
59	14.979130432921995
60	12.826770494216868
61	16.711469510145502
62	13.75011124153492
63	15.908301273100427
64	16.101309426905747
65	16.774020257523766
66	13.794448757839186
67	16.91109111031744
68	17.697230470863964
69	12.089106894525624
70	15.470503565339548
71	17.192683174369908
72	17.27884543397986
73	17.450268986251
74	16.34276126773929
75	12.756823940770357
76	16.701305862656064
77	11.803241153691484
78	13.674194030353553
79	14.068788411528526
80	9.944387010176742
81	14.54579143535835
82	17.071133687950212
83	14.579303600548693
84	14.677016459884408
85	13.541139867425223
86	14.187693674095305
87	15.495351769712189
88	13.890493251661676
89	10.499626719567624
90	17.00970562326868
91	12.980151128467966
92	14.788927113132031
93	15.713241686469624
94	16.351866708612935
95	13.247943276852162
96	13.97492203466147
97	17.740762902272692
98	15.188036679687201
99	15.992529358904308
100	15.949662650128454
101	14.551547174328103
102	12.591413439940775
103	16.293525564233285
104	15.376508771486241
105	18.16932098907362
106	16.643781663694792
107	16.438387969328446
108	17.73854637096046
109	14.847617462085672
110	12.053641691610265
111	20.276606983822784
112	14.748184848778015
113	12.426609731935939
114	16.35218142919259
115	8.150038745350395
116	8.862325091714238
117	16.43901610643427
118	14.22153859563995
119	14.894526033341934
120	14.010825582826424
121	15.967728890329674
122	12.176023263316107
123	13.934376885905687
124	16.043769360812448
125	14.95588018664661
126	13.859192525963449
127	16.453494338188253
128	17.15788481472238
129	15.945154410139223
130	17.47504381801193
131	16.826478591605962
132	12.81707365326556
133	16.014315060125696
134	16.857974152442686
135	15.770171565673548
136	16.438075390963686
137	14.854288037346931
138	13.488066230056315
139	13.680776660844531
140	14.083649490248089
141	15.521375526153284
142	12.317549561873658
143	14.404912311832206
144	16.64265729742048
145	17.24637833272744
146	11.518878885697982
147	17.123262529856717
148	16.00201707903038
149	16.195700031066195
