0	4.725905761414717
1	8.315450573537653
2	7.1927078542630225
3	8.137952648074116
4	9.527330711734326
5	12.882167238937742
6	13.267677160120767
7	9.616557656288395
8	15.182400053330676
9	11.24147836491259
10	9.105724666564376
11	11.076567756442834
12	8.643326559434527
13	15.003480736029243
14	9.76336279450825
15	8.15391818836019
16	11.922138251781131
17	13.342446380502103
18	12.710646473094398
19	12.351793699831553
20	6.529015014961512
21	11.189441491578318
22	10.760878907037446
23	6.912904516565964
24	13.05927326378714
25	8.460212408510376
26	6.8659059715997905
27	9.760642261879182
28	9.616378504139659
29	14.269552630667972
30	10.413695864424888
31	6.609570983775533
32	13.84191235355477
33	6.52866406204276
34	9.402436484264534
35	9.362436927473906
36	13.762483903068139
37	10.188814379269092
38	12.26540613446773
39	12.46084162310139
40	11.52223586168244
41	9.850985911295103
42	10.428883814327008
43	13.678091958342812
44	15.433327252802911
45	14.817176714476817
46	11.891330099815388
47	12.379578916785517
48	9.291165449931425
49	13.028568922956024
50	11.89256336235986
51	12.570051932400593
52	11.733015084450155
53	14.467999330882359
54	9.793575480072843
55	11.862028204189262
56	12.65606843617625
57	11.644485269759251
58	15.146996802881445
59	14.816046420858417
60	11.076255607470603
61	14.903417227802121
62	11.779543145545512
63	15.018994639945102
64	15.913390695312557
65	11.408074539101959
66	12.3738473679494
67	15.793066445767014
68	14.328655208814553
69	14.16803290106766
70	11.403675223313476
71	18.441515138558653
72	15.390565550927596
73	13.50801842479515
74	9.757561590380098
75	17.011553176790198
76	11.56629876959755
77	14.204558423261192
78	15.830688175471881
79	16.64419880197173
80	10.647936360022223
81	17.79238039989256
82	13.102494013541905
83	14.38045136693307
84	18.88023059584946
85	20.23399297908877
86	14.616324005314155
87	13.840859051582461
88	14.69263527461191
89	15.955443062046815
90	15.264920284138725
91	14.16654941134025
92	21.858582898911813
93	14.771934862822416
94	16.209798595651094
95	13.43433553176076
96	18.355066753387405
97	14.898437792104271
98	17.08838473016603
99	15.110181067741928
100	18.637346571285004
101	15.18210854566716
102	16.803712665043477
103	14.68771906088838
104	19.566625473808763
105	15.547634550535326
106	22.94417535730334
107	25.611960016330684
108	9.697638770474564
109	10.969706326516617
110	19.893218533347248
111	20.68317925678432
112	12.452834154392
113	15.226984030567342
114	18.660004992812212
115	18.831216808566502
116	20.396566854832127
117	14.492685139783825
118	21.747266732750344
119	20.01711335526132
120	15.079106445981328
121	21.267481711132554
122	21.642897921705742
123	20.180213127677437
124	18.562519211618906
125	26.19435690063054
126	19.489127649252815
127	17.543286699492953
128	24.200071863641956
129	25.3404228512672
130	17.874223020807666
131	24.903829728080563
132	17.294557665446106
133	26.860837033753022
134	18.176246145495725
135	16.522550816200823
136	25.03497476619462
137	18.188117005486294
138	21.048019215417987
139	22.55741495093749
140	12.379812585403945
141	27.16859603247935
142	12.292740372229908
143	16.981322004005527
144	16.449969653526068
145	19.84635452614207
146	14.490337604228742
147	18.72023434891179
148	16.359725750179724
149	19.44999803571871
