0	12.990296971571587
1	12.42968056715295
2	10.20214964883732
3	16.86385758702237
4	8.97975613597795
5	11.231445562585169
6	12.966544070692798
7	15.216009811204724
8	13.75262367937239
9	13.959492584249057
10	17.360722120629067
11	17.93358192861301
12	16.5837563456389
13	13.390015365004516
14	18.0448241091243
15	13.169125081825943
16	14.610331032076923
17	10.959839032838646
18	13.931400377746945
19	14.430966891930103
20	8.744307524859256
21	14.342325552691449
22	13.161238894491452
23	12.00475086915859
24	13.112067787130938
25	14.549379236898071
26	13.857139217157643
27	16.940937689629727
28	11.262099698961253
29	10.843676887105858
30	11.451565982840583
31	9.667172386935547
32	8.867988524438283
33	16.85342655976942
34	8.91717840348469
35	8.368032702177931
36	10.163976241466282
37	9.875523173194129
38	11.220331745616575
39	11.593881516067968
40	8.805918800610483
41	7.413541820593565
42	8.684487170321024
43	8.112853304099094
44	13.025056561730953
45	9.221627101925815
46	13.221909542846651
47	8.226831939172767
48	15.373269351492599
49	11.558553314080445
50	13.020026182096395
51	8.897561346752816
52	9.73594082671889
53	7.291362120459846
54	14.50244110142533
55	9.155162397556701
56	9.850894450239357
57	8.661910559314986
58	13.74877042292517
59	12.934128355425612
60	13.736204359893598
61	17.288432496048664
62	11.705501359815027
63	12.259222466969517
64	11.281575420403472
65	11.94327844841711
66	14.674709249876258
67	8.716564555877522
68	15.543383486709937
69	5.211399156987648
70	11.96709192630379
71	12.134513384997677
72	8.22184868103184
73	9.182535531589327
74	8.09209329958826
75	12.557774604852481
76	12.769941939999159
77	14.50244110142533
78	8.628374836578573
79	9.27665367655606
80	9.298288467295762
81	12.795184778694939
82	11.27766816780679
83	16.537958828963927
84	10.753435879616665
85	10.902618198209336
86	12.887168076104507
87	11.656875431498225
88	9.035635016191327
89	6.032501630560099
90	8.693020298525939
91	9.01392138464818
92	6.9668690078937585
93	8.023067950486814
94	8.28345761694608
95	6.655394652207025
96	9.098295442858923
97	6.944195354564142
98	7.179617862190502
99	8.804956351584554
100	8.2256410686866
101	7.3651525239561035
102	9.078307378642961
103	6.832853578014927
104	7.079685754705309
105	7.914530624472913
106	11.68303669216114
107	5.881588435753524
108	9.853795709060005
109	7.640642705949175
110	12.0508341061668
111	10.682564984723797
112	9.386240612386223
113	9.592251470705165
114	8.026097019814765
115	3.4013877439884412
116	8.195757495972545
117	9.388821390836146
118	9.350446352602141
119	7.0637612814433846
120	8.016315282191703
121	9.941013177947372
122	9.152066941763813
123	8.571378481581961
124	8.919779495277604
125	9.883549396676067
126	6.693712181930805
127	10.52508466901723
128	9.90325448324552
129	11.322964576897835
130	7.959889048344035
131	7.35449267233392
132	12.058928275497252
133	9.151397786720288
134	10.883981329674166
135	11.067874378553109
136	11.378059540429444
137	12.295025804075918
138	11.629443023278633
139	10.804191211238342
140	12.216738095677167
141	10.6687851341579
142	12.087426211464065
143	9.580514788145313
144	8.547713363838696
145	13.506200826974474
146	11.318924663364577
147	9.64869849178339
148	12.356040855467178
149	10.683353666073602
