0	10.760707833987604
1	10.551849893522771
2	13.17220814698887
3	11.014622299445929
4	9.14120989557357
5	9.353038525722669
6	10.32514875948721
7	11.791167141918677
8	10.741292891670538
9	11.405884441880076
10	11.24357221787321
11	12.511242702939523
12	12.624505408811588
13	12.9988492675278
14	13.257058965049406
15	11.299581388448418
16	12.395057676693256
17	15.204793222297697
18	18.22276284210549
19	11.243997654554276
20	16.49025119457747
21	16.018602544960128
22	15.458417114819047
23	13.379386411140871
24	12.049990776550514
25	12.190074146314402
26	16.31968529347692
27	12.791812109567067
28	16.657058923673734
29	16.239599380727395
30	15.282375424269546
31	17.311131585702675
32	13.90948937627058
33	19.808072927095083
34	16.967807424260307
35	18.56851067501321
36	17.09192037772033
37	20.297934130360087
38	16.2314798893377
39	18.00018617339311
40	19.024140791307136
41	19.987892709346564
42	12.571371037395721
43	20.589278036189672
44	13.422851423805097
45	13.640527292012363
46	15.59202217244757
47	11.520970458792897
48	15.68766662364811
49	14.886806264357286
50	15.591121495833645
51	16.407572062791374
52	17.2237264719937
53	16.70809206476077
54	17.702841076975005
55	17.5710436386901
56	15.14724775912616
57	17.48276792077024
58	16.064739816354233
59	18.4768240117999
60	15.977794713919572
61	18.223824045737516
62	15.75000010431055
63	10.063499736595382
64	19.737778733870847
65	15.563909578838366
66	13.31184831545189
67	14.466161451230152
68	13.984607863375292
69	13.996152058346153
70	15.880844350043166
71	14.259739592582193
72	14.768036477893203
73	11.239746398091137
74	13.342273307664954
75	13.17157861647888
76	15.41443000088342
77	16.258683456910028
78	16.802610046014628
79	14.16873861864752
80	16.004102092389942
81	14.384608243771753
82	16.27059447212629
83	18.70040490038176
84	13.212846612305848
85	17.406458991379115
86	16.447454999787464
87	17.381075152778394
88	15.988601260518967
89	16.700353227040853
90	13.515377133878385
91	21.975831583634086
92	14.20115506549195
93	17.183878487770702
94	18.385727804166628
95	14.292158923001471
96	18.734921260867296
97	18.412288556061153
98	19.746571762891563
99	18.861453495103852
100	20.64506341897759
101	20.444824842533063
102	25.311805610049714
103	18.782684789577324
104	24.31025111332365
105	21.24776684185992
106	22.68196671250569
107	18.53538023596451
108	21.492511081246242
109	24.19621661276616
110	23.345703348971163
111	24.390963095819004
112	20.960580039051248
113	22.200934054471766
114	20.939061347251343
115	2.6525564680956086
116	19.70330449418418
117	18.06259720966644
118	9.202178979941575
119	9.378660033974004
120	13.655810259713848
121	11.989195447796703
122	13.00419125290356
123	8.081502998340772
124	11.104748981129434
125	14.599397463257995
126	10.747688187163911
127	14.217103900843243
128	12.337389335721722
129	3.3385404749481418
130	13.404139677966464
131	9.808283961431506
132	10.608828166711245
133	9.72487750197974
134	7.74292804446841
135	9.087978603418987
136	8.686576697104798
137	8.256780884972226
138	7.581196513112994
139	12.38112137489679
140	1.9608277505461267
141	6.461744008273664
142	6.355734203896445
143	5.312083239701899
144	7.479141232784453
145	8.172959859333444
146	6.459149615695487
147	7.824076377669185
148	5.482186962872946
149	1.270336226305509
