0	12.947319519718848
1	13.744762623648414
2	13.804456092543578
3	12.953278937808001
4	13.171661546185774
5	13.575604248984149
6	11.531674837046488
7	14.975185895538786
8	14.720421657068979
9	13.949892324734419
10	13.32824711469415
11	14.176723066730807
12	15.509747869415351
13	12.444458762165857
14	14.54504261220503
15	15.044821954237015
16	15.830839483846287
17	14.972207323512333
18	13.327620540623164
19	13.638243085326598
20	15.133338661358927
21	16.491579441782225
22	16.036522246210744
23	13.757708965309892
24	16.456581574497477
25	16.594172689072035
26	9.990680637470511
27	14.161168025102683
28	17.05885907851519
29	14.934321102215408
30	17.520226780618827
31	14.48242201441033
32	16.804408579850172
33	15.03642958946859
34	17.46553467796768
35	18.35281700584898
36	13.892944613561987
37	15.745687159193476
38	15.9265985663346
39	16.215989218670416
40	13.982775062241222
41	14.536789908599813
42	14.631956736992807
43	17.165864928601593
44	16.74231555398764
45	13.629728842415853
46	16.745663215313588
47	18.45067326402218
48	17.329447983407146
49	17.57563449981824
50	14.295488718253692
51	16.847321067945245
52	15.393405394473898
53	16.886182479433312
54	18.506374718789942
55	15.559018117660802
56	12.992358196760438
57	12.311236333666338
58	11.442959660831765
59	14.219217644969714
60	13.974002405084752
61	13.367388535049058
62	13.861510139433339
63	13.512626601718074
64	15.31230193075339
65	15.320986715323931
66	15.459018129762425
67	11.826643360783278
68	13.330378495855452
69	15.498121617194853
70	10.42730697651268
71	10.815382353282466
72	8.60171435665463
73	10.048698250223044
74	13.080523376971804
75	11.838893599897451
76	12.276261762826545
77	9.748604082838295
78	12.936629703894642
79	13.233353562369183
80	10.102182217985732
81	11.87247919036543
82	13.962793317991363
83	12.312502400953399
84	13.508307117598326
85	12.030399444337895
86	10.615086691730294
87	11.602583582884634
88	11.402000604594216
89	14.036977020535884
90	13.668561170600825
91	13.796008880910257
92	12.945981810409704
93	12.554802825265705
94	11.867058435651174
95	9.16493364920334
96	13.783670354302668
97	13.522548001099679
98	14.476813062769876
99	15.066631674717046
100	11.796073164759836
101	11.76883306232942
102	15.156288666485915
103	14.401154656840852
104	11.003536259375931
105	13.529043336334553
106	8.891227009628865
107	17.275976479538148
108	10.709649495237775
109	14.403333657796791
110	10.769215752562623
111	15.049663266606803
112	14.489543024256031
113	15.058926505636515
114	13.945422995272414
115	16.00866147069407
116	2.9691011551032958
117	7.975920748076798
118	14.003746371584137
119	9.558830557290221
120	9.659264399851219
121	11.308755453141167
122	14.052074923702936
123	10.282772633677103
124	11.212847486147288
125	10.424517434450742
126	11.986109285899651
127	10.287893767070429
128	11.82477015289085
129	12.450627281378496
130	11.318336010026428
131	11.252589373807373
132	11.427019993764812
133	13.102912628036512
134	9.949042179937955
135	10.82229708668274
136	15.569838435839472
137	9.335378222787927
138	14.149537003436334
139	10.048698250223044
140	11.461383602070539
141	11.468562169285054
142	11.11744624966645
143	11.927747815730015
144	13.172156290361814
145	11.884112518221592
146	11.30307842938684
147	14.385781451805437
148	10.977904312241098
149	15.155056198585445
