0	12.633336785642332
1	16.614312658678575
2	12.96040257355431
3	15.671854017891418
4	16.86658039007546
5	11.203621235157804
6	14.987727465957247
7	16.101089011533336
8	13.50681338771093
9	16.063872378160326
10	14.419668141366225
11	15.097277131772024
12	15.326247417721367
13	13.434551925426756
14	11.90152246042913
15	11.46541956533877
16	17.13790418501961
17	16.568264071510423
18	17.692259420382893
19	17.072061339415814
20	14.358989734669068
21	17.62320298769332
22	20.303934717496023
23	19.58939278091645
24	15.747315145689932
25	17.537399459309068
26	16.601808845347687
27	17.496331802355268
28	16.168671927360272
29	16.021995547856015
30	13.968216020640515
31	16.235748821257996
32	19.759894831230152
33	19.56795335384438
34	17.493823147878867
35	16.318400575164414
36	20.59082724088257
37	18.570761818000182
38	14.772322350539017
39	20.74521816567977
40	20.084837763829082
41	18.009468184409144
42	20.724782999139265
43	10.54344001952897
44	19.663349394358015
45	15.091967731860338
46	14.922523094959853
47	13.290324463595228
48	14.923230050464227
49	15.465468633294963
50	17.633486275600813
51	17.132183607568834
52	15.54005791413567
53	17.94955149538369
54	16.472348074803108
55	17.65579340089152
56	12.5824018403629
57	19.16799867452214
58	13.016317997639266
59	16.607504633864522
60	18.661580670575145
61	13.708019883500329
62	16.579540152751186
63	20.331882512528868
64	13.513942040155865
65	16.004160618638938
66	14.71494180836004
67	17.557852470005
68	19.163401818310614
69	16.064024914199646
70	17.015456923549124
71	17.347611521002282
72	17.0499439424047
73	15.686320316425736
74	15.66411132538684
75	20.377127846960708
76	17.68042476973431
77	22.470224061821618
78	12.96320203841066
79	16.27125623847444
80	13.902511704077979
81	16.287537881463287
82	19.690707714815915
83	15.43118016650396
84	22.25794584074524
85	18.009124416816505
86	8.189814776242619
87	23.746289654444723
88	10.409472429100639
89	12.964663494774483
90	10.147100522040319
91	16.9485836265106
92	9.054945268063687
93	11.431595183017013
94	13.034052494000264
95	12.774487589260167
96	8.503599859651368
97	12.704489334529308
98	12.23687367840072
99	11.301106886938136
100	12.366767688223563
101	13.673477272657898
102	13.72795199989054
103	9.956725751300308
104	12.197577962801796
105	13.719531532334008
106	12.894812829430062
107	12.66006250419906
108	12.905111251234025
109	13.005457207365126
110	11.311651297977066
111	11.020619873199552
112	7.167456848650092
113	13.534226807915934
114	11.48678239851571
115	8.792946875512381
116	11.53185983129239
117	9.48807178443499
118	8.984817982981177
119	4.147791807308888
120	8.39633993258539
121	9.479354638710277
122	8.792386610398705
123	9.255963353614577
124	6.038432582296801
125	9.273009355958918
126	10.748091747128385
127	11.288586664209252
128	12.229427193055848
129	9.59179305964066
130	10.823865555510952
131	11.292266264268573
132	10.069782157448905
133	10.330500523783662
134	11.164686798689335
135	9.131879843303874
136	13.457990586906364
137	9.111389614001068
138	11.415948062103812
139	11.419669697031031
140	13.312975530343554
141	8.066637933928632
142	12.07972502131611
143	11.008038251876526
144	12.651259521999686
145	10.889743559711285
146	12.478777597175087
147	15.322321548368409
148	12.781210622356976
149	13.150019939744952
