0	14.917137978968553
1	11.296424900120865
2	11.963092721239216
3	11.789949137330316
4	11.669139394064281
5	11.592670105880611
6	11.150816103188165
7	11.736287732479195
8	14.337458501000796
9	11.738817699576279
10	11.776806738358255
11	13.839386837903547
12	12.622307314496823
13	14.390849851783688
14	14.293450549749839
15	11.258666857469654
16	14.967684335929633
17	11.648103002388893
18	13.66535693948208
19	16.41026706448522
20	15.75338880478245
21	10.6422677819497
22	15.197867144317222
23	15.980806491456233
24	11.665758754356158
25	11.080670215481446
26	13.394995970899561
27	12.540129650540893
28	16.198141856664723
29	12.857806059110864
30	14.459239408000824
31	14.680597045599722
32	9.018989182053511
33	12.243482976693425
34	9.93244294982054
35	12.111040899718963
36	13.566380629444435
37	9.984672636122376
38	11.302439816148794
39	12.729781819755962
40	6.972660250450608
41	14.712979478689887
42	9.917254255289427
43	10.731043287882727
44	8.542354733103414
45	10.051689234840126
46	7.6920537904046205
47	10.579626835905446
48	9.94349243089632
49	9.826140835226226
50	9.1990620107176
51	10.985713575589982
52	10.198676904354572
53	10.014663091741452
54	9.365920975712793
55	11.587788382705716
56	9.436982504275539
57	10.696225628288365
58	10.209360996726506
59	11.397768719634598
60	11.196453579899877
61	9.583542368458373
62	9.129944490852777
63	11.77890370388765
64	8.643767617372015
65	10.006700790071855
66	11.622184263267725
67	10.370143243553422
68	9.066959495563939
69	7.830840416255591
70	9.115018174438148
71	7.9736624348500404
72	9.68573240086284
73	9.588844718758914
74	9.44915343289403
75	10.875227599764566
76	8.639502396286252
77	8.97176402786992
78	8.829823108527815
79	9.912254131076194
80	9.302774538274324
81	9.260166721759981
82	10.924112293570396
83	10.653768619815176
84	9.916926275570802
85	10.24523618716732
86	10.823431669678822
87	10.54180374049988
88	9.31760199151873
89	8.442718544079215
90	10.646230851377181
91	12.902516020934579
92	8.650095946187307
93	9.862294160850583
94	9.49357003519952
95	11.401178869075117
96	7.876759054713914
97	8.931985632811141
98	10.596752982737756
99	11.06299802722402
100	9.62866697094629
101	10.783918786526206
102	10.44067340248102
103	11.50741717436802
104	11.968028200822742
105	9.870586632036897
106	10.150040968546476
107	12.536473639479153
108	8.178770875444386
109	10.155210701269631
110	11.16726922063922
111	8.733663446587618
112	4.544326744407786
113	12.126975737733705
114	9.820605955388308
115	12.680311108235395
116	10.218266502384465
117	11.920918204130187
118	8.342137633580183
119	9.641198170848046
120	8.970776701684938
121	12.26927450188484
122	8.875675732342254
123	8.682378885369268
124	10.155304596131112
125	10.840892318485873
126	11.519327815188374
127	10.322779910094233
128	9.671538747436777
129	12.60204091625128
130	9.90969108223892
131	11.608102254033744
132	10.637022280594879
133	12.68986664254811
134	10.677232023439963
135	11.111689159951986
136	13.824326600214093
137	9.149465861142922
138	9.013284335238001
139	11.75578796013583
140	13.753475871126348
141	7.320448070480695
142	8.685236002111653
143	13.047326381424458
144	10.125494925640407
145	10.68736625274613
146	12.382776129480735
147	10.931040575834679
148	10.256542302631331
149	11.34787677627186
