0	15.682871525684641
1	12.677560781698912
2	13.431956216719245
3	13.427343258481923
4	18.176605892227737
5	19.358781507974275
6	14.237127879698454
7	13.532459188314256
8	14.854900970792416
9	5.746619675847674
10	13.109479451137563
11	10.553159636603507
12	8.993381884472853
13	19.641412090386712
14	7.396330508171275
15	16.313254850536712
16	22.71806259641821
17	14.52144604620487
18	17.37229844062355
19	5.683431291395523
20	5.3351315020643675
21	5.6469725598465255
22	13.505069527810576
23	13.636760076403462
24	6.553757437261788
25	13.874824199764477
26	6.266127730749408
27	16.85131598823495
28	19.907050881857664
29	18.19740941933712
30	7.668867109946158
31	15.941104304868416
32	7.883992684026199
33	17.057907540282187
34	14.597398006930069
35	14.48924799564768
36	16.763428403622758
37	15.468460394400068
38	18.61225219555862
39	5.347069314936921
40	18.681611060658856
41	9.675262050236972
42	18.678266939321258
43	22.70766589149251
44	17.583381897535926
45	8.699921129227159
46	21.427466707066106
47	26.004183343060166
48	21.344178895137617
49	13.36764715225159
50	15.268497354140903
51	22.90740083589806
52	18.16818063368086
53	11.714350833315274
54	18.061314942134366
55	19.837282684132532
56	10.670562542065584
57	11.93257630494328
58	5.351490038058117
59	11.925523174694979
60	12.996275428129417
61	11.164338069406364
62	11.96336840508151
63	11.051986038562946
64	12.412747488033075
65	15.646498348737637
66	16.183082136906272
67	17.286714656093213
68	14.317880514393117
69	18.615962064390878
70	17.70166973718141
71	4.697069222364991
72	12.710689267649832
73	16.841518189608482
74	10.353601330686422
75	16.212867144274533
76	18.900148197265704
77	16.016776041276916
78	20.23098619705704
79	20.888318990949372
80	12.581971502679773
81	11.785489696573995
82	10.062190055799462
83	10.276041091240364
84	14.894085871841543
85	10.600376482494532
86	18.617584018680983
87	13.331477325440455
88	20.43509129010616
89	19.998873302973664
90	17.784198306063654
91	21.881909090097977
92	23.41781238007896
93	17.4192321677865
94	24.88894161972228
95	19.64922060658826
96	14.317606528849783
97	9.81711707024036
98	13.528967221950891
99	20.361125433888997
100	11.041124409844105
101	22.53006046232412
102	17.466638724136335
103	18.073333574704083
104	18.878923614219254
105	19.123768443481232
106	14.439105774063451
107	15.100981734902778
108	14.194446496794102
109	13.36751868944622
110	20.85347231108441
111	14.352333433507312
112	1.3792200505918564
113	9.672145550471557
114	13.25384284074595
115	11.53437903369704
116	16.672631102645294
117	10.602278004352303
118	13.234297456737593
119	14.862136148190634
120	14.89737460309791
121	15.514687829410136
122	14.245837358528881
123	14.389695470249473
124	14.85860845295136
125	13.578251489580202
126	13.88503187179909
127	15.204094804728534
128	11.996837063837534
129	18.824388528843325
130	13.602925244715237
131	18.769652510681595
132	16.197753309213187
133	13.41403564569879
134	13.985801537676952
135	17.572765056330805
136	18.212236685720004
137	10.734809114185703
138	16.808135222020493
139	14.440287592134778
140	17.747338688325055
141	16.586060249749497
142	15.689657319774518
143	11.601639378045274
144	17.409815881565272
145	10.79031268539621
146	13.60718329630854
147	16.938072356178342
148	15.38428551849775
149	16.90063048974478
