0	18.17949963764213
1	20.452057068899048
2	25.181064221905153
3	20.05557292555826
4	20.40171826335535
5	22.318778713717137
6	23.963251906113797
7	24.175521037843996
8	25.06231872637616
9	19.25913208145781
10	24.59235759334893
11	20.682681293240947
12	27.40948053485073
13	25.54367039521648
14	14.33798051457112
15	14.054868264950507
16	1.0214952886343247
17	3.2463960264572966
18	12.15473945534666
19	4.5163952114553725
20	4.201470331784907
21	7.852264464559989
22	9.295627034400326
23	5.467895226053548
24	6.421985764524534
25	8.17453242685696
26	6.581883388660567
27	15.325821353317288
28	14.042728762532132
29	19.630715680893527
30	12.940805182242967
31	6.8972070040419675
32	4.519943227292676
33	2.1346086534775255
34	14.064804028680722
35	1.973284998079639
36	9.463067840740226
37	12.12004555006424
38	4.048136659845847
39	5.467895226053548
40	4.672875707880534
41	4.832342875197408
42	5.484664254001654
43	4.509813243837773
44	5.479348491561081
45	5.462664093315264
46	5.799662779996151
47	6.264479120935509
48	6.106896880205335
49	5.629457160496757
50	4.195357318342301
51	6.592597972913659
52	4.351262723936208
53	5.472946982757301
54	8.159691976965595
55	5.319929991611441
56	4.041780665352858
57	2.6095475030446558
58	10.496674225153056
59	8.971449080576082
60	10.107298564082955
61	12.009539954763595
62	6.258203968259372
63	4.359069026016816
64	5.784389302626458
65	4.517958503676672
66	6.111601705998584
67	5.149706494526369
68	5.790080577871553
69	7.695015477144545
70	8.016091391331178
71	11.184371585040278
72	11.198108374503704
73	14.374257142648037
74	12.774759849031009
75	11.509417071331734
76	12.810818890601793
77	9.109167784402452
78	13.254634886082389
79	19.6555638830452
80	13.226216542365298
81	9.286089276275968
82	12.1530595702459
83	15.633091318749722
84	14.72555723137667
85	12.59560696478773
86	13.09737351787627
87	13.288856301331423
88	14.370702459923878
89	13.864599359099271
90	15.16645125935003
91	11.194749374887227
92	20.129058200901273
93	13.392702955995697
94	11.21114474170303
95	8.491893404930911
96	9.266991833764456
97	9.28720533710535
98	10.709778503628772
99	15.963395181243472
100	17.58722491495534
101	11.807245836361144
102	9.300016341518317
103	7.06160508442514
104	6.107113065391048
105	7.060206308114965
106	5.302655564706207
107	6.913589346650147
108	7.856983575271926
109	7.996686449484181
110	14.730901379703694
111	11.976782701272466
112	1.3381076900125293
113	12.487722711604528
114	13.073009832377446
115	8.986613518309364
116	7.0382267396341955
117	9.455875521382234
118	12.646008309707804
119	11.485482718316
120	12.148364249172639
121	12.939214366800023
122	9.14623833037817
123	10.533367440294857
124	9.448870363704714
125	16.584125584197327
126	16.755119180210887
127	8.807508342191065
128	17.391652136349983
129	18.186665587485205
130	15.994749401569546
131	17.19873657483463
132	18.03032872939367
133	19.332751789511814
134	18.78732169438977
135	18.015955935757535
136	15.19732468291706
137	22.479673002298025
138	19.569352543420997
139	18.822770583431602
140	18.34066130615773
141	16.761542910859102
142	24.05257796020994
143	23.79676310387465
144	23.426091404905915
145	20.526097195489065
146	23.281416333148037
147	23.63750079695761
148	20.378316199198114
149	22.61254490876295
