0	17.967962184360267
1	10.420693588667525
2	23.608950051504475
3	14.12364903202685
4	14.98659839226265
5	10.84512805852053
6	11.15604570667416
7	12.324298138071821
8	10.903699592637508
9	12.780095051896751
10	12.246286265812653
11	15.20936599261702
12	15.027599832723844
13	18.873008707744614
14	13.182292330359381
15	14.265532452041331
16	14.749219767343217
17	15.270791561304417
18	14.97780303614671
19	13.36266926977066
20	13.362290576518873
21	18.020383326917027
22	15.624223244985789
23	19.45789048683589
24	12.653051880189704
25	14.218284925318198
26	14.716669981853904
27	16.163311156455823
28	11.91731996750596
29	13.407953586181243
30	11.646497075860143
31	8.034254138549503
32	11.672346880122003
33	9.638236383133716
34	14.76322965624972
35	12.899321023027035
36	9.319728036498795
37	9.117269552808153
38	9.298739670531479
39	13.046080185405348
40	14.402642238827564
41	13.895497647778576
42	12.318729529169133
43	18.289316593856903
44	15.168503837785018
45	20.59166883539344
46	11.551310765822187
47	18.018998437943328
48	14.098756263630062
49	12.233292332366922
50	12.039327511024123
51	12.472252496509284
52	10.517896740396107
53	9.840539667165217
54	10.227279766315263
55	8.960876486940464
56	11.584871269686193
57	9.701923841401744
58	11.124601436687978
59	9.99725858834558
60	10.539777399111674
61	9.22560877840144
62	10.99284320389183
63	11.647371563239464
64	9.141018302373478
65	12.279949402452239
66	9.139351708688093
67	9.2531554071384
68	9.750405733484406
69	11.902920462857722
70	11.121488605885474
71	9.613241692436436
72	7.989678280555152
73	11.466196642919357
74	10.833996707903857
75	8.756687501000272
76	8.643009321728703
77	10.444921801429604
78	8.982636547057112
79	7.672997032826362
80	8.232314111357226
81	11.801077245957423
82	7.146538138146685
83	8.8013594109695
84	5.854590554654291
85	8.891994352635102
86	9.253411025083356
87	9.162506921248724
88	10.29239779715455
89	9.47945749390955
90	6.227858194792519
91	11.104627687684726
92	11.899108252342682
93	9.232722557471664
94	9.956442518265554
95	11.751404662663806
96	9.703810357822995
97	13.950632868734811
98	11.624576487463685
99	9.903975450700134
100	12.401935364520906
101	9.634500886324698
102	9.569950976223058
103	8.598202593786699
104	11.345912826135976
105	11.541332552438785
106	8.959479647437309
107	10.517406864841352
108	10.088907445038974
109	9.2772570695678
110	9.318002614203603
111	10.270428004656615
112	13.543553042901511
113	10.771629467597673
114	13.14736717027705
115	3.337754488247765
116	6.679599504601031
117	8.726184573901712
118	10.409460356278
119	12.900991173181652
120	10.643344560184154
121	14.266074467985774
122	9.950254626666847
123	10.632599041994204
124	16.709762578094445
125	14.175220887345429
126	13.353268855960646
127	15.893416485974242
128	12.965044688670371
129	15.117500375690163
130	14.633113676682786
131	13.40237005117621
132	13.66179622109447
133	12.87561759460326
134	16.612679873535452
135	13.642837378271238
136	13.858999223367064
137	13.624977912053222
138	15.665810496950883
139	17.696353654845424
140	12.999820008788824
141	15.67119337226773
142	17.335959751304387
143	16.561978395405077
144	14.85863731110081
145	17.514541539188553
146	19.95650833627638
147	19.955789086186083
148	20.225411661332988
149	18.373512381409057
