0	2.1854949560759898
1	2.571005913651896
2	3.437312830325737
3	2.8960863210467633
4	3.1125519825046584
5	4.575067142673885
6	4.250367041313902
7	4.250514448013221
8	3.599972178576235
9	6.417498189068335
10	4.683411027573624
11	5.875459166274378
12	5.65921893318849
13	6.0922129374260745
14	7.717254503997293
15	7.633358329222649
16	7.476513438271173
17	7.826472499868925
18	6.850540138795279
19	7.052966244665699
20	10.584569856164713
21	10.398403980785496
22	8.31370575915137
23	9.504982279650728
24	12.51847085390015
25	9.912762172762156
26	14.583070613560428
27	12.34308905274021
28	12.485601309392296
29	14.21767289875065
30	14.637539894598206
31	16.704418337936186
32	18.775763365999996
33	16.7738446455963
34	21.961906333986935
35	21.206994619306403
36	21.264525096370278
37	25.085417786077727
38	32.07267589642927
39	25.1479650255296
40	25.0537179641921
41	27.106382363754047
42	30.556220745470487
43	30.49738990888686
44	47.002688595951774
45	21.96536621301229
46	43.2013092857597
47	27.79956088483813
48	25.271714337983504
49	29.20688793856513
50	12.092519203292523
51	35.254075982579494
52	17.967080067949826
53	22.237937793322825
54	18.878290792471134
55	21.093625947637676
56	22.19002960936558
57	23.365122138503626
58	16.65653592665043
59	14.337997463105465
60	19.67279887134522
61	11.456428315136673
62	11.618303977542247
63	12.051484005707236
64	11.671813339397287
65	12.484647558543733
66	13.763248004566586
67	14.371353982067625
68	11.083692513622069
69	12.001311376249191
70	13.673069962341314
71	12.434152617513782
72	11.913517352822952
73	15.01407506540124
74	12.290470531970799
75	17.62700086922124
76	11.909783918193977
77	14.273215265126616
78	15.030107641149998
79	12.409815149786361
80	15.477094985263442
81	16.75636871017879
82	15.584395195315437
83	15.346928266339042
84	13.853049120344549
85	14.474831569324577
86	16.162248449946638
87	15.536493887286943
88	12.781657817668178
89	16.82930923756614
90	14.21903790598139
91	11.20948114671006
92	10.39909322131252
93	15.585593620676798
94	13.026138941594082
95	14.908609157421568
96	16.34148638143039
97	15.661160700992681
98	13.736314703064771
99	15.178010953606428
100	17.1178012011119
101	12.376771860219806
102	17.84988100122516
103	14.228538301546418
104	11.021318767515826
105	15.031698293159831
106	13.218643139717289
107	15.859193201655815
108	13.470598365120255
109	14.002462617997145
110	6.470311588344693
111	18.684775269858456
112	9.721767958474778
113	11.702102036069851
114	13.6109552228999
115	10.73237097473745
116	8.693272441497818
117	11.855894940260724
118	11.867147896872304
119	12.810794232829236
120	9.883172021979494
121	10.939946565607555
122	12.888713615965585
123	8.908989110915819
124	9.505250003805285
125	8.884093618714619
126	10.446317626281392
127	10.913495072589802
128	6.850477400650171
129	8.230183135200393
130	7.114665770505933
131	6.188195204883291
132	6.958888358405827
133	7.825891544096551
134	6.742624009020442
135	7.1754523401039165
136	7.628610107181989
137	4.575067142673885
138	6.671838433433583
139	7.663222638125373
140	3.4917453308683175
141	7.826109526844304
142	5.127367333639543
143	6.035248646691236
144	5.055208416717841
145	5.22513045207232
146	6.308799040742544
147	4.681394671832889
148	6.215987083336895
149	6.47380238972292
