0	15.623143557559397
1	15.712874902127949
2	15.358524398804597
3	17.2285129382215
4	16.424392986589115
5	15.803517028774973
6	13.335685941201808
7	19.376574870581354
8	15.70793514801854
9	15.862561951961279
10	18.15786470662532
11	14.872490186025844
12	12.860892072521267
13	15.534159025835073
14	18.743851963841117
15	14.814478614557267
16	19.64543818783923
17	11.435104386594217
18	17.360203541794032
19	13.72448621223725
20	15.527503885526809
21	17.40795560153708
22	9.050297859140988
23	7.67186178120901
24	11.612519079868704
25	10.899947731718317
26	7.155965297338161
27	12.147556413019464
28	8.961991054678283
29	12.649263375877391
30	7.173276238621824
31	10.005310103972253
32	12.475698138258249
33	12.325366213557908
34	14.110034318145976
35	9.295267451154091
36	11.790346735369793
37	14.324607914919621
38	8.205007647531822
39	8.95622216184477
40	13.19179183604244
41	12.592765614581005
42	13.834344023465649
43	10.755126115708839
44	16.114577152019912
45	12.950763952968437
46	14.287244030327633
47	15.17170891186754
48	4.661878562527914
49	11.255873611742302
50	15.396788847361032
51	12.472537403609492
52	12.50304433874174
53	13.93147784504375
54	13.704892872858839
55	12.37760385176287
56	9.830183763363545
57	11.256294425485363
58	12.805059662659774
59	11.5826971174095
60	11.523060340812242
61	9.206384129986676
62	13.12843213869813
63	13.75136643687048
64	7.691277807657446
65	12.506339043213773
66	9.939473760328715
67	12.056269390079885
68	14.109232272770782
69	10.87733635259475
70	15.891297805514945
71	14.108830788056803
72	13.126945085105069
73	10.657228672070387
74	12.322238536717848
75	14.46964179614996
76	14.787657394785255
77	12.504103212304747
78	14.860352465710848
79	15.446644418630683
80	11.849811895067774
81	13.07259595676932
82	13.539053266201748
83	14.286159899924455
84	14.198373429016653
85	13.66223419302815
86	0.9163055023318726
87	18.925219365219853
88	12.530636256045195
89	9.386221430605481
90	11.319824686387891
91	13.038431282952832
92	11.078846707929506
93	11.256715272902962
94	13.16210196592231
95	10.93443322050446
96	13.695792331544903
97	10.632628390045
98	16.247844604800232
99	10.454056117804386
100	11.791451851342389
101	10.810405356633504
102	15.583592730861948
103	11.68840394505417
104	10.790200777813547
105	15.307552205531588
106	7.049030954237887
107	12.326177752185398
108	11.256505236835087
109	9.316198030182202
110	10.075097044667338
111	11.374896601709327
112	11.048634147116594
113	12.326988540975766
114	11.790677752887314
115	12.504220681877987
116	15.32051077957093
117	6.891814229517555
118	7.601035557471736
119	6.362501133940256
120	8.481723271418913
121	7.511905989658992
122	6.086795622852861
123	9.562504017780372
124	6.71027734862651
125	9.116238210288401
126	6.710874551297877
127	6.888368318140412
128	8.76044191270011
129	9.115903046114296
130	7.870135685483435
131	1.4511096681148516
132	5.640675218351397
133	5.462776331040573
134	5.729614357716493
135	5.740870350499307
136	6.163191094929212
137	6.1753432408933016
138	4.214181642984707
139	6.800021054512916
140	5.105713521876332
141	5.462540116921451
142	6.888429720237948
143	5.47561626560301
144	4.204821982309348
145	8.403278188746523
146	4.74921032784982
147	8.867627547129887
148	4.829591112317546
149	9.295438958692852
