0	11.174602406796899
1	11.246840656106324
2	12.521880312602914
3	12.248756559043818
4	11.023559149699661
5	8.812162772895414
6	9.317924422074746
7	11.027046358768867
8	10.790144922982268
9	10.77612093789039
10	11.028278109418904
11	13.226541300289691
12	13.959140117196482
13	12.511519111522704
14	12.476099127343666
15	11.760553340848972
16	11.760663112680806
17	14.69239021818644
18	11.274518342296131
19	11.268845005161198
20	13.506292076657806
21	12.217608650341933
22	14.7240750995617
23	16.03543571692499
24	9.420279070412716
25	11.14993314698424
26	13.138897248095141
27	12.981355350911056
28	12.948585140041827
29	6.874293644067034
30	16.440310956860355
31	15.511855507262384
32	18.274203363723608
33	16.611684471119112
34	15.91403465442704
35	14.204135941672677
36	16.68554746569685
37	15.146820939292466
38	16.03665761848574
39	19.945461294021033
40	17.258668068345475
41	12.126595783362966
42	20.72055248072048
43	16.40503800476777
44	15.879424284846552
45	13.960063183685092
46	19.581037081994104
47	18.233761311836798
48	14.081435059489992
49	19.457924618500044
50	21.533599061133817
51	23.297752411280534
52	18.10900571627436
53	20.236409502817086
54	26.83228610630347
55	19.447462545351744
56	18.85538744033448
57	23.732329754364013
58	18.84598130140449
59	7.485158643969382
60	23.365840082406766
61	16.524856872547346
62	17.030917956751395
63	18.094971858506025
64	22.192417137446927
65	19.049902541112274
66	16.03635155588441
67	22.064640896075257
68	23.224362285528038
69	14.920723606599937
70	17.3801738520384
71	20.06820530747447
72	17.74582194513663
73	20.67805035764473
74	24.71226891765024
75	25.931519031599986
76	23.488683878160522
77	20.43431543420657
78	16.554697709206817
79	17.264608132017784
80	21.902629414805745
81	21.773096294703404
82	20.634934174465773
83	24.831316454171755
84	21.169349514983434
85	19.81453447021101
86	16.287668027212455
87	24.22168517600301
88	22.500264215998612
89	10.421462634291396
90	26.053178550003324
91	14.936860586303869
92	14.571192642836605
93	17.745991464682238
94	17.257514235234712
95	20.67964232918347
96	19.333153332823784
97	15.792771486449753
98	13.838023149356266
99	14.448061330938316
100	10.804812388009488
101	18.367708843563108
102	18.72435607781156
103	19.648449547873405
104	16.87395282093031
105	22.596490104336084
106	18.064902572834402
107	21.951573832987503
108	20.628989037370893
109	16.15990274886214
110	12.004772458457115
111	2.1088346647669107
112	24.289199351385317
113	15.012297665376192
114	12.748543983789938
115	19.376699354879452
116	1.252990454075651
117	0.8880627151659766
118	4.178126392831439
119	1.7436731561540877
120	7.4826727215002515
121	7.85181914601226
122	2.964581676787012
123	2.476099800449801
124	5.417924324636153
125	5.6521505839126664
126	7.233726185836755
127	15.580281215107023
128	1.1313725965657695
129	6.024551985020204
130	1.987850289308832
131	1.619786851898745
132	2.4760827224394557
133	2.477520763031138
134	2.718380624500101
135	2.3536861668063387
136	5.321503000729957
137	4.799248482404922
138	2.479167256531336
139	1.862994817230834
140	6.899926905366055
141	3.936338887064231
142	1.0098968100102372
143	6.884765295270848
144	0.887863088708956
145	7.169871661130932
146	7.383720848057666
147	5.749765088781745
148	6.794828216970659
149	2.109936481695196
