0	30.642471975576118
1	22.121413137621293
2	17.34633475981167
3	14.335077173114783
4	28.63827262600476
5	16.089348685271446
6	20.360332876896052
7	21.361755750442505
8	7.810896709085201
9	6.80554836371713
10	16.59747306521124
11	11.070927141871692
12	14.334128222449419
13	12.581577776433333
14	16.59383603542043
15	20.852043747315523
16	10.822445152013646
17	16.351454877091633
18	16.33744999608463
19	1.5371872811324185
20	21.865751482839375
21	17.598618338039543
22	16.844618835238443
23	11.785104005500317
24	18.415674915333213
25	18.789845604963865
26	17.6558166234116
27	15.085602852917907
28	14.3216749739912
29	5.807751935513586
30	16.34040447044126
31	9.292492136400993
32	11.858363473715649
33	10.821641948904357
34	15.845977885586757
35	14.333857694905642
36	14.3368391414278
37	12.329418880968019
38	9.788118546976408
39	14.85947347257608
40	16.867296052810612
41	11.574757718642639
42	16.08628806504754
43	16.850242327942254
44	11.326349447568509
45	19.328805687964625
46	11.83707962769472
47	13.838813890374459
48	10.813519177299478
49	6.791554972471758
50	20.90191619668457
51	10.837022332899599
52	13.82303087561042
53	7.310832760931499
54	15.073744804047449
55	9.574988180395787
56	12.582403381140802
57	11.573355034577865
58	6.808559762839475
59	5.300310855886084
60	11.82591632039835
61	10.821943321968417
62	12.328957779331027
63	9.316570711108
64	12.078102290019634
65	11.824812415781208
66	12.076633983092123
67	11.32371436547511
68	9.802679839684977
69	11.336587312278004
70	12.828364399135994
71	17.106658832879205
72	15.091897521247084
73	11.288002912025487
74	7.833170792678544
75	11.573894361626609
76	10.060039140628804
77	9.827233671365248
78	9.816023381178839
79	7.557376899632179
80	20.864689936731185
81	13.082723041201941
82	9.819365438611467
83	13.831766098712807
84	14.332096501700644
85	7.813426763926984
86	10.287945168132177
87	11.8604740163967
88	9.309579845486052
89	15.814854377489093
90	12.32180338267091
91	13.877586491493616
92	11.323503144700636
93	15.3402850819072
94	10.319876659618552
95	11.800359502376788
96	12.848509092600244
97	15.343925890499824
98	11.830114324590202
99	36.65467155683331
100	14.347284039199844
101	5.301530236544484
102	13.83333118481476
103	10.569830669628345
104	11.576053013264573
105	16.081548515265126
106	15.599842436791876
107	16.34273756016783
108	7.806683298860374
109	10.066251412531495
110	10.076748661513324
111	14.336567495809401
112	10.781654670755342
113	2.799155902739778
114	3.0439684474127024
115	7.561238594685964
116	9.063637513856666
117	9.567077294357523
118	10.063561538882336
119	11.045792064729573
120	9.341729703611609
121	10.321879059764095
122	10.322260733903203
123	13.83515824155696
124	10.817027144995224
125	13.331575177773741
126	13.836594770417857
127	11.321922791015021
128	14.832177668575756
129	11.8290095804411
130	14.338465203463745
131	14.842014291071823
132	16.341804472111317
133	13.29267477636036
134	17.641437786012755
135	16.086135351079964
136	16.85249258830746
137	13.834767311463922
138	17.348488276638683
139	17.84684571549161
140	12.327341633647974
141	12.076746722067611
142	16.594468595806845
143	19.33306607231934
144	14.300341552767273
145	21.9406526755233
146	15.835437736652972
147	12.08386561230147
148	11.533696025104287
149	18.353425187583287
