0	10.468906159667583
1	11.832629468530005
2	9.761843871697067
3	12.302237962669219
4	9.801769245669535
5	11.72442948203903
6	10.862816410854869
7	10.32109874361335
8	11.805045401319731
9	11.342743244883104
10	10.039708689943534
11	12.160134913481043
12	10.847477757419753
13	10.676890524665357
14	13.209101677533258
15	8.86399091261248
16	12.767595377610924
17	11.690637964753227
18	11.530891773632813
19	11.886877285437025
20	11.06414319034368
21	12.412774596516712
22	10.627476744220894
23	12.31312993145777
24	8.984779917019639
25	11.774655049182629
26	11.77398595755887
27	13.116548919733505
28	12.94955400323155
29	11.035432362833275
30	13.051080052468407
31	13.263091023051752
32	12.023611535594666
33	12.551485591692298
34	12.98234098262921
35	17.31213727513538
36	13.619425535093267
37	13.072532319049465
38	13.880788218889048
39	12.908045219316726
40	13.761618851949903
41	14.008034060211022
42	16.145728084579652
43	12.9080511965836
44	12.916507577114247
45	14.886267499178462
46	15.572845440849168
47	17.713052580868602
48	13.882141706436489
49	15.718189475445952
50	15.988642899402054
51	18.337043017479314
52	18.791415096441245
53	15.168167108826616
54	19.83640261250123
55	18.893030568153726
56	15.25290432712311
57	19.68660060894806
58	20.131305419623402
59	20.35937998368684
60	18.189681976046554
61	21.278282062059986
62	20.044222040093608
63	21.58160558442001
64	22.953185231522973
65	17.77399750409884
66	23.861233644264427
67	23.374914746401167
68	20.015448534654766
69	25.323634337280268
70	12.263044800450855
71	18.226500190770754
72	13.010815075683437
73	9.719813748114325
74	14.911799574664018
75	11.31197641671776
76	14.791206792059578
77	16.002459324272046
78	15.438130014477194
79	15.02456667442915
80	14.260109512345304
81	13.973185902192522
82	15.255092338277084
83	14.033455685744586
84	16.746906837465154
85	12.096933148409235
86	15.290918596535686
87	15.88401665387078
88	14.080701795535228
89	16.211537953890424
90	16.641603440594388
91	13.831662391160265
92	13.255761478114628
93	14.90274897515068
94	15.54489141698179
95	15.245816301886164
96	16.989472761322777
97	15.246926234180687
98	13.262964581623622
99	14.680618748270266
100	15.499864931443286
101	15.677277106470186
102	13.802766376506227
103	16.281688648799317
104	15.559827518667818
105	12.58745951407837
106	15.31667157880193
107	15.493029071660976
108	14.899130590792002
109	10.288968101240235
110	15.14019094263861
111	15.989247114901444
112	15.974748842866589
113	5.871499139724471
114	11.522020573025735
115	13.903770669743546
116	12.762379901291428
117	16.32270734069776
118	15.293420523195204
119	13.682677329281486
120	16.45725753039651
121	13.761882000484462
122	17.16555492029377
123	19.794580175592834
124	17.46219855832841
125	17.22652655554437
126	18.018769357664347
127	17.167373063179156
128	18.178631773125865
129	18.29666282926278
130	18.12696372206606
131	17.7048411371245
132	19.832059673671658
133	18.253285531413113
134	19.026993021685907
135	18.119969048954783
136	13.375308857276618
137	18.728584499993687
138	18.81406593408877
139	21.176642781581325
140	21.848462428269936
141	19.530076874690696
142	20.3542872692555
143	18.952535016787532
144	18.373586596306705
145	16.68925368224721
146	19.3973026413658
147	20.176900329640898
148	15.034326593703314
149	21.730562047396784
