0	8.209738770066707
1	9.497275745604938
2	9.561650847940232
3	11.34313007813011
4	13.470693786711644
5	10.772561248857087
6	11.108860711465676
7	9.196682073692292
8	11.804025635472398
9	10.881846761177288
10	13.003532284013364
11	11.68421649640132
12	11.400309263422916
13	10.120576797508779
14	12.483832990233049
15	7.518534519661859
16	12.691392039433817
17	8.838791229975087
18	11.317019181304037
19	11.503974686420234
20	12.543231528137571
21	13.108263380568163
22	13.564293646424936
23	10.669434776253986
24	12.846972914345441
25	12.169253240437417
26	13.781108937542037
27	9.012528045992784
28	9.658589665666264
29	10.306295685340288
30	14.921525925936724
31	12.466026696293941
32	11.316958084252416
33	12.999127099586289
34	12.411912762339087
35	10.74610797191312
36	11.459686733059259
37	9.621094581206847
38	11.550896405393045
39	11.784686664891145
40	11.923419359147548
41	11.464363414094786
42	14.90813745979505
43	12.329294592594769
44	13.31534645036513
45	10.744116710165773
46	8.231630631658446
47	10.306009158500165
48	8.246522170609266
49	8.527506595369736
50	11.447385808718243
51	6.584217055045924
52	10.523800197835362
53	9.774510397370257
54	11.894342775167823
55	11.367412606444002
56	12.597374169059062
57	11.3630864785518
58	10.098657048854113
59	10.110153554675065
60	13.608564244289644
61	8.5429576170588
62	11.99747586718406
63	7.399452099178939
64	11.451233628148794
65	9.969341551685968
66	8.23073490737443
67	11.13236885156818
68	6.273553558408082
69	10.10192575313876
70	10.388461001374454
71	10.409828118386722
72	10.534265662941456
73	9.117208081188135
74	10.850157778721588
75	9.810193352735281
76	9.049902249263333
77	9.541167519175444
78	9.421682433420706
79	11.112299237299814
80	9.865927125320333
81	10.846537258554763
82	10.409924425896023
83	8.64652539103526
84	10.830360160807116
85	12.37384478346751
86	11.966803645924125
87	12.379881509201415
88	10.121490396578615
89	12.35299513077558
90	13.550053196765546
91	14.096152471090578
92	13.902796781609737
93	13.209745515359135
94	14.181048180663234
95	11.390314860889154
96	16.069351447397345
97	11.36625805836972
98	13.765391454062804
99	14.623828892428545
100	12.933516595218777
101	14.824950924313216
102	9.220473079947183
103	14.278012249842194
104	14.780519757948932
105	15.031810808587785
106	14.59695588515324
107	11.39541625692591
108	13.262354374638571
109	14.9212421817631
110	15.192434655701938
111	8.802673951271384
112	13.919962968519608
113	12.711351817853023
114	10.382783836410498
115	15.981025315564757
116	3.5065247485192357
117	7.924326524390647
118	10.405296653294656
119	9.599477761227446
120	9.922647049744684
121	10.23543772286153
122	8.795765575808021
123	5.843242625894852
124	8.83597154791278
125	9.47701215636323
126	6.260056153852698
127	8.977245225105662
128	6.885181608697531
129	9.312095313064663
130	9.721560141714642
131	8.95728682659399
132	9.476401897216647
133	10.012321141829924
134	9.514787526868174
135	6.531321587307353
136	10.203796592385471
137	9.998073516394351
138	7.1766295821214445
139	10.84771509992181
140	9.35360721390242
141	10.381433880848139
142	8.678520979405054
143	10.432162458037677
144	8.214716662281539
145	9.583566807468499
146	8.95458402518264
147	11.550573315684119
148	11.136101835119812
149	10.177537468425502
