0	15.871239818504147
1	16.083897841897112
2	10.635077082333568
3	15.579322244317643
4	15.931073184508238
5	17.15157933966025
6	10.192138680908743
7	14.424588770770931
8	16.046575419713005
9	13.98909662456494
10	12.395742013905638
11	15.901636326182258
12	17.472880508100463
13	17.830179123296553
14	14.032479123683546
15	16.919732288408532
16	19.05648227182402
17	17.607882358372194
18	13.557878764312171
19	13.742113241335202
20	12.515659966546595
21	11.90257265889529
22	14.303386753845626
23	13.752681631628063
24	14.26639967901548
25	16.16252771258941
26	13.857299046162343
27	17.0430581565809
28	17.149918162807424
29	14.51255483752374
30	12.203976643623877
31	17.766551062342337
32	13.950853417462877
33	7.813636764391514
34	20.699040691013234
35	13.350068297435653
36	11.429898191717317
37	10.03112031706741
38	13.037954658390873
39	12.59465685687851
40	13.201194993783078
41	9.68949411984618
42	13.67259827694093
43	13.070048651280658
44	13.48190621274384
45	10.69251936041604
46	12.76722970004047
47	14.306003198530162
48	14.382253395556106
49	14.6250362131281
50	8.764446514711505
51	13.355323494975647
52	12.673162929557352
53	15.260479938012427
54	13.715107300037527
55	15.968192620922837
56	15.052704912042696
57	9.53448433416432
58	15.29074434308789
59	16.00974000698916
60	16.997580932443146
61	17.197231633777967
62	13.316460039710357
63	17.998328718806018
64	16.210841704257124
65	17.425744647026427
66	17.409415262333358
67	13.536257783803782
68	18.988948106357594
69	15.83562450702186
70	19.248687421646654
71	18.625743291857226
72	19.105706155297483
73	14.233831867413372
74	18.015995899870408
75	22.775817227214
76	15.408876314552653
77	19.634005614761367
78	17.785730627205563
79	21.102420221459628
80	17.820105766615047
81	16.83779331753934
82	17.57948965601667
83	18.670824529291384
84	15.775121034155736
85	15.572550654184807
86	19.341562917289124
87	18.889710860728123
88	20.908510766132334
89	20.149953978710514
90	14.4477616400083
91	20.082474499917737
92	19.094989462936983
93	21.813794819657637
94	17.08109789443469
95	19.783389835515944
96	18.71850283473958
97	18.026311687941092
98	25.351789361859687
99	16.392533516214538
100	19.768181153575377
101	22.211301231593232
102	8.78946524410376
103	15.928315443363063
104	16.125573051217792
105	11.772908287220869
106	18.719597225147304
107	13.55021880119322
108	19.84676120376876
109	17.844409537787367
110	17.225879084420335
111	16.715433788776174
112	19.105892097548793
113	11.529382041977621
114	16.6854954481548
115	23.023877483540744
116	13.626505398520806
117	14.464599832820843
118	19.104775112406937
119	13.794972568963452
120	14.653849500273159
121	12.221095315429608
122	11.614035825012678
123	9.180198865717472
124	11.228634674272099
125	10.501376059371125
126	10.005637440198434
127	13.354810486589429
128	12.247511813449764
129	7.656629056343272
130	13.67220373238333
131	13.37510030815674
132	9.068519560440256
133	13.355323494975647
134	9.081494943954748
135	9.476217463424264
136	8.210436359656082
137	5.756703161900111
138	9.477648934595344
139	10.74332798019843
140	9.872806638754385
141	11.138255609762835
142	6.87989072996394
143	15.101383801953151
144	11.348987659493956
145	10.743123338327592
146	8.448696033460843
147	11.226065909657907
148	13.267254105408217
149	10.50646041436192
