0	2.2414833289350047
1	5.591638141682133
2	7.714088546472132
3	7.209931713433648
4	6.417529190536303
5	9.329043659413045
6	9.970231918860945
7	9.262311162881247
8	9.03025021290828
9	10.5809137906248
10	14.679895826558175
11	14.926837506259226
12	12.33542914876064
13	12.634967634046546
14	10.890911650430287
15	14.292953167690445
16	15.278167924933927
17	15.036455645727727
18	16.741787786272905
19	17.372974223086658
20	23.257808796915235
21	21.528431125743147
22	27.937421059039284
23	20.957753827138735
24	12.633781825698234
25	33.646872926312355
26	17.4528757035067
27	21.51630735143785
28	16.007809242879272
29	21.7223008420577
30	19.255805425940743
31	19.120210709733627
32	23.143303437518806
33	15.3554030122579
34	17.90461905309837
35	14.960928231007253
36	15.116407128408696
37	16.806918121900516
38	18.571495353919484
39	11.022593395752157
40	12.15907823301993
41	14.145972525482172
42	11.632929668576107
43	15.117089071181455
44	11.86777399569498
45	11.472022167681516
46	12.508436924096305
47	11.330404829423145
48	16.588286199809946
49	11.420060429926354
50	17.862644723638127
51	11.130452154961773
52	12.169490014354187
53	15.387310920401033
54	14.841753578095885
55	18.95596611972693
56	9.917928407761078
57	14.3860316817305
58	13.642761140148872
59	17.781869422569294
60	11.815342677763722
61	15.341858714833227
62	19.14962008441002
63	12.356845541647159
64	12.756581531051943
65	14.301223768148471
66	16.96948465630726
67	14.185955783224037
68	13.644176465172514
69	11.586791153012767
70	16.58892048317318
71	15.697855527141638
72	12.128913587270254
73	11.71916028434429
74	11.463190392581023
75	10.646295384157037
76	17.18320158032654
77	15.972231800504156
78	17.858666300588876
79	11.579691415063442
80	10.938653684080785
81	15.697896382999527
82	15.698708847650078
83	6.433444373996753
84	21.550271457657722
85	8.642476342130667
86	12.751251500135277
87	9.353470627414518
88	14.087925597669221
89	10.23167331264553
90	8.44851802370665
91	16.826891180139434
92	10.167268943323425
93	9.107773564268957
94	11.088538333114485
95	15.033034165141997
96	9.906019824172665
97	13.608365755196095
98	12.28153202302076
99	10.360259475119175
100	10.997983402302927
101	13.874265975833012
102	15.087692010320632
103	13.059071160158487
104	10.488719389078655
105	12.29492292355744
106	9.870990506649983
107	17.276238019683603
108	10.504751181153432
109	11.317822251476292
110	13.4405926540979
111	9.380998965507588
112	2.2465593681015905
113	10.006123789631772
114	9.970782460568335
115	10.813387525085965
116	11.502167533590026
117	14.379755345228865
118	10.219642573421686
119	16.62753864625469
120	11.983848257364969
121	12.362595616268864
122	11.032639487675759
123	10.983919508571946
124	12.122496326663192
125	10.862462240918532
126	13.135208694522449
127	10.552262795926126
128	13.680231990348423
129	14.847175322232047
130	13.410825158792063
131	15.966767722770056
132	12.203090145225024
133	10.570235499214466
134	13.34587127926334
135	11.878182593299693
136	15.685636322719779
137	11.249724467335701
138	13.020253883407815
139	14.68931593494744
140	13.878342830423493
141	10.253095464426021
142	9.28175872535754
143	12.28049333058443
144	13.640316698112205
145	12.681768663972926
146	14.26181130592689
147	13.607213827128602
148	13.6042560374816
149	8.758998203461397
