0	14.3316080656615
1	13.276382468648016
2	14.387153558675887
3	14.845551779046799
4	18.718121304193204
5	15.668601755076022
6	17.58798804439526
7	16.011598841792456
8	19.630112150806205
9	13.15845949243983
10	11.849484068082143
11	15.814873337857879
12	17.09476857112931
13	14.599257762511302
14	10.669308666471256
15	14.892333455702508
16	9.465855799028251
17	14.369409305052827
18	15.322058878274852
19	13.99043473317887
20	13.409331556144057
21	14.60217639384154
22	15.703999019632246
23	12.531085868205013
24	13.612318094119816
25	11.395860676292902
26	17.850451360836402
27	9.111366790875394
28	9.95042507831128
29	11.719039490856082
30	12.653682699346406
31	8.776669572567695
32	11.894927080475236
33	13.404501995491144
34	11.848465857007186
35	12.150577888766307
36	11.069711100224572
37	13.654935119935006
38	9.865588828590875
39	7.932465558630582
40	9.758437911187578
41	8.986933062214096
42	10.103423062684296
43	9.868575501070271
44	8.877538340327176
45	9.650737429705046
46	7.737785165988193
47	11.233546276433053
48	8.922201828355721
49	10.162674318980763
50	12.149297063041978
51	10.885957016130506
52	11.667246813425827
53	9.481111336414111
54	8.924220275293232
55	10.801421065752914
56	8.471738439152869
57	11.285342041700998
58	10.40466988509073
59	9.321814469055594
60	10.382900438078387
61	11.39741444410107
62	8.449419989262074
63	12.3127271494979
64	11.418228672896229
65	10.589249901534663
66	10.830473651396105
67	14.19577198550589
68	10.90722155404846
69	12.064084399391536
70	11.31316338675119
71	11.720048889564895
72	11.473807292948926
73	11.122762390083684
74	10.294173852026416
75	11.503530063449688
76	12.550045934721052
77	10.45404051411872
78	10.76703115837677
79	12.236768449176623
80	10.504764341474182
81	10.91260153154463
82	12.795128810805915
83	11.79631330554681
84	9.53737672671157
85	12.604164907776111
86	11.068976188738468
87	10.701431908369111
88	12.008168280370437
89	10.960995952324367
90	9.838201597310738
91	12.33396406468704
92	11.851747884195287
93	12.33207583865735
94	13.04711577406138
95	14.800225774487892
96	12.331840292341381
97	12.688318156140411
98	13.04761496078778
99	13.546353861318233
100	14.52691235290283
101	14.213609377258916
102	13.243892776598194
103	14.101172684094522
104	12.193124373655035
105	12.90167809618516
106	15.013285774855834
107	15.024008419497042
108	13.877354025868872
109	14.314686480985984
110	14.81415314703745
111	15.375978274139047
112	16.616152941789974
113	13.73045229516809
114	14.47205096468273
115	18.1291597507228
116	3.592016732842861
117	14.74844558651131
118	12.831155474702694
119	12.439080766694618
120	12.311191678016955
121	11.924722807824766
122	16.245489063659544
123	10.401708756356525
124	8.057113976102057
125	15.950292040126573
126	8.920476861976146
127	10.566785758774115
128	8.544344841767268
129	11.156018553037336
130	10.054184973241911
131	9.972832514971397
132	7.582542101600109
133	11.414638613451228
134	8.22977257682517
135	9.117715741406203
136	8.066395429975175
137	8.770423098662032
138	8.471659201223991
139	9.248266047156047
140	9.515928487804619
141	11.081337306531799
142	7.910495583831189
143	8.25670226691849
144	10.371694396567873
145	10.513042264561582
146	12.116432655820558
147	7.540794791171436
148	11.71567670061704
149	9.836383665455267
