0	11.783183849159704
1	9.936765771748334
2	11.624233414705103
3	13.044703963808377
4	11.247457353656545
5	11.391473818679964
6	12.975984784166586
7	12.898752145987597
8	12.193049882776226
9	13.487367702531689
10	14.698125676420204
11	13.824320333361237
12	13.012342290323534
13	13.56856649254874
14	12.270408117209595
15	17.0718079358027
16	12.814108894207234
17	16.91208324420944
18	16.81714229554399
19	12.433712975005967
20	16.697414349016867
21	17.760816433842706
22	18.89532577495991
23	18.627828888318007
24	18.186975206753292
25	19.2514081947209
26	18.39921008316752
27	12.668360462667128
28	32.361385575185174
29	13.166084664868064
30	12.130828543818687
31	12.625932288526757
32	14.587014397073334
33	16.910782701530113
34	13.445495921339068
35	10.848439517758507
36	16.39277514506002
37	13.905937350690245
38	13.94701685437228
39	14.421054820822464
40	13.237685034079824
41	13.83236086119771
42	16.087860474555477
43	16.88617197219699
44	14.291870990273765
45	18.8671067916655
46	16.695015950719124
47	18.334927369225966
48	14.005831554701222
49	21.79323087733745
50	19.06395782129181
51	15.430158096278674
52	17.50381667040803
53	16.828376356711974
54	18.645039492181176
55	21.5435902714819
56	15.953440349878749
57	17.9374818098304
58	18.875011268922172
59	4.085011384849871
60	29.457497154177673
61	13.210898243437233
62	11.703745714990358
63	13.889048612662082
64	12.12222492115267
65	16.103112851276542
66	13.464993813390436
67	14.507635333172018
68	15.214401613869091
69	14.820400324318443
70	15.033734897694485
71	15.915041941596233
72	15.631840618889903
73	15.058765697546546
74	11.395432238651455
75	16.790445589233347
76	14.043821862891564
77	15.975928921092187
78	16.821806298085804
79	15.991265452270552
80	15.313441526280348
81	16.87086453919372
82	14.08251697024425
83	16.86552490130042
84	13.305694558787053
85	14.567797157265593
86	15.605590602269782
87	17.19965819073537
88	17.164182348461768
89	15.779512078927697
90	16.516327241144328
91	18.704982061373975
92	14.554197158561243
93	16.44726050874033
94	15.137023049525745
95	16.586569099462544
96	15.578246712811538
97	16.385772936398762
98	15.5438456275287
99	17.025919316354514
100	15.013801995154392
101	12.393100587282289
102	15.006072846370943
103	18.215984799937843
104	9.102801173109844
105	15.254246665169493
106	14.523074873417528
107	16.42312023947021
108	15.325433182956157
109	17.869084610902114
110	14.731581511716366
111	16.76696827658183
112	13.58961817285496
113	16.079708353607188
114	15.63557621094558
115	5.7872260760610486
116	9.9818814544549
117	21.592934832229002
118	8.139199232728886
119	8.177779343909103
120	14.439245504406374
121	16.848463132611958
122	13.620113858381107
123	13.662938870034301
124	15.553498780401837
125	16.984414925067732
126	14.552396028099928
127	9.932329132362288
128	8.524896407478245
129	13.363277913583191
130	5.755507578370279
131	10.119593034027787
132	7.062398532135158
133	6.719968895725966
134	6.44756537175019
135	5.7764227619644135
136	5.848183548784504
137	6.798953062518152
138	2.8428023922742183
139	2.00120916469524
140	10.72997943996409
141	0.9238070678140176
142	0.9237816970428574
143	2.082939652705167
144	4.608259183720579
145	4.402845459158267
146	5.00125524086388
147	5.08222265838504
148	2.612163111205567
149	3.621061040493416
