0	9.312548007665761
1	13.551583784277067
2	12.95030320611112
3	10.934075401155527
4	8.719975020822558
5	7.417017983851127
6	12.327235452438325
7	13.430932238723601
8	9.292934092000383
9	11.675761184435478
10	14.061735682965892
11	15.32614359526785
12	13.039119723216034
13	12.037523664521501
14	14.592127158208394
15	13.56103141359914
16	9.489099879859364
17	8.11894008324278
18	10.939856320549758
19	9.62985141075524
20	9.435855533627
21	12.652324611807474
22	10.812405778280171
23	11.93025716691496
24	10.47555931428307
25	11.128258689609744
26	14.175310271820088
27	10.87866133920625
28	8.13659394947536
29	10.555946697199781
30	12.81496973824194
31	9.795219301986345
32	13.48931568584182
33	9.722231838936645
34	14.070647078358444
35	13.662659038945266
36	13.262381336717576
37	9.951589375006165
38	14.816891122981549
39	4.325020210031831
40	16.16424872628308
41	9.54719869429102
42	10.193588966240464
43	12.38100526316145
44	12.21044795594251
45	12.510001864182273
46	14.006883153680024
47	10.355151652096918
48	11.92708741999615
49	8.400144381830625
50	13.174863906485063
51	13.52521177084678
52	11.400395872356954
53	8.671968416698633
54	11.922336127600415
55	12.330046801882943
56	11.289960306794605
57	8.844572622955916
58	12.444867836992445
59	12.302808929655988
60	11.42992332638681
61	12.058435859552162
62	7.996431523948399
63	13.082702219317719
64	13.282379507992584
65	9.27438725844385
66	15.76429076330988
67	12.012107730321627
68	15.78646329399525
69	13.378297425782584
70	14.230497351614003
71	11.986242679151287
72	15.118353233404733
73	12.854732470385363
74	16.337086917019406
75	14.646481003821652
76	14.546527261591482
77	9.596044754573303
78	15.639020321616387
79	12.67106571724122
80	15.712907008309758
81	11.730269281916845
82	13.128433831283845
83	14.593385504078753
84	10.8465305133928
85	6.765417565295929
86	7.241309654249473
87	7.434816115453707
88	11.874138966675266
89	10.896346736847159
90	10.943679465976388
91	9.490964831852956
92	11.047949451098715
93	9.200082723175496
94	12.935536822545034
95	8.435773287273298
96	12.222982979376582
97	7.505605943869453
98	9.209197163210515
99	14.042593924708065
100	11.916120048239112
101	15.025156634111804
102	11.4879657667619
103	15.110086392637767
104	14.481809634861506
105	11.916911203967432
106	12.161237737405731
107	15.460079407154153
108	11.68449586069812
109	8.415584848808082
110	15.52164713825983
111	13.953971293287541
112	10.329797149639397
113	14.506829955753295
114	7.455479156629272
115	9.488922621202116
116	12.276710692731644
117	11.339292475260676
118	9.258099291593402
119	10.646683243344539
120	11.018310380599042
121	12.368725251908657
122	11.947463137684215
123	9.741681138345546
124	14.648305396959078
125	14.673821115736573
126	11.72157429149986
127	12.72818611392239
128	13.650013989669858
129	15.419260129556717
130	14.126354681270225
131	13.611291997181107
132	11.915555365456221
133	11.288038741223266
134	14.71278532148492
135	11.513222127335299
136	11.752031377432566
137	13.65561620131737
138	14.475291570998477
139	14.3653458350605
140	14.184755666355239
141	5.543953784801831
142	13.771151093585116
143	8.734650045231945
144	13.956907287119762
145	12.469194152012685
146	10.090714246697202
147	15.574422107564304
148	14.238936939460654
149	16.684059549313226
