0	21.88231997290799
1	20.069949036728588
2	17.939330431761665
3	24.608530690632442
4	17.293568429115616
5	12.966248275086938
6	16.000034603384858
7	15.43951223356736
8	18.27223363191549
9	15.151864043509477
10	15.26593532863676
11	19.496499062999458
12	15.127027892072684
13	15.249382746756035
14	21.562964658293275
15	15.251968586722976
16	20.244892394815444
17	16.362885124758993
18	16.531334209180258
19	21.31932360332301
20	17.0652012777001
21	18.155000541250597
22	15.793818448730113
23	16.17980043328418
24	16.404792211290065
25	15.278613133750058
26	17.788045089396395
27	16.05771774146811
28	18.60400573323499
29	15.262548528839835
30	14.371296303477378
31	20.7381105364748
32	11.190429255065396
33	11.852224769126167
34	11.986987373992168
35	11.695925302078027
36	12.816292392743668
37	12.792680353092221
38	14.985519011757493
39	11.861422682580791
40	15.553898606088799
41	12.207808091901166
42	17.065366616308506
43	15.43208865059746
44	9.512893904769227
45	14.952197319914486
46	11.054475746222193
47	10.7061245953188
48	13.489347077194012
49	16.67229071258818
50	11.214416958170714
51	14.287933721746152
52	13.263281447651183
53	12.134915585614422
54	12.824750271118813
55	16.529803486190428
56	12.91964880218387
57	18.402779624304298
58	13.024297066292826
59	16.888715346190278
60	14.462551633742192
61	16.34636845034335
62	19.016861431384637
63	13.303842561664169
64	14.466322219574836
65	15.275660361199618
66	13.688957483126064
67	14.01192522566603
68	21.75044966939072
69	17.363210470883523
70	17.335962065346454
71	19.66273532720221
72	14.105819751596721
73	15.896354758943879
74	20.583344151935094
75	11.248878695362059
76	19.503355609780073
77	14.166912470593203
78	13.7760833324849
79	14.601372062430666
80	14.627091099254038
81	12.535493746728207
82	19.62413335317398
83	12.774466224597102
84	15.598937023815528
85	16.013022062197837
86	17.0210389010735
87	13.126306336808902
88	16.75537508718666
89	18.1998725254469
90	15.359654124961043
91	18.60509228095185
92	15.87850538331933
93	16.002049284595962
94	21.173956240213453
95	11.456688790054667
96	17.12348904658829
97	18.15884452353275
98	18.287343371764493
99	15.79534825316055
100	19.629678430677895
101	14.156490669811415
102	18.86154034232678
103	18.131444170704157
104	21.248573609545506
105	14.631664025399955
106	20.464905678103907
107	17.99698369027216
108	19.305055100685927
109	16.92714445767722
110	16.85177070603591
111	18.528502875022667
112	15.425821525853479
113	12.002864131978509
114	1.3464098590808964
115	13.45347531919923
116	13.125031775465633
117	16.22534281976504
118	14.548507701736527
119	3.542006264466142
120	19.81045970519043
121	10.266831193503332
122	12.398416556454197
123	6.747061277476255
124	10.812639111426515
125	9.228113459784701
126	9.577082330372086
127	7.501627524297315
128	9.248460614791542
129	7.462968501272752
130	11.12920455824664
131	9.271582125254612
132	9.494534401960504
133	9.066759265916419
134	6.996049301595211
135	9.404817133220849
136	8.58739864061015
137	5.406480671893109
138	8.524567574517507
139	6.930809932634635
140	9.095177659175105
141	8.012214451630228
142	7.744622938015346
143	6.847137745698359
144	7.7486059600745225
145	8.979164331458438
146	6.867318924940163
147	7.658757910217738
148	7.747012117571818
149	10.512829895548471
