0	17.06303961887499
1	15.118009269641867
2	13.317062976817036
3	11.819044851566774
4	17.077898875467433
5	19.79147162471498
6	19.138282862332957
7	13.796642400252756
8	16.203489736537687
9	14.426513778879919
10	19.775376820101638
11	17.655413522049155
12	12.156478683596857
13	17.156898729937545
14	13.567288113508097
15	14.536278197060446
16	21.191014750276782
17	13.508183158071944
18	20.864994592956283
19	18.335697180228674
20	17.69561438814773
21	15.422382811570435
22	18.636773028623516
23	12.235321795223674
24	12.976453128267158
25	16.528354424011784
26	18.460064182437154
27	14.706829358326138
28	17.57414960249978
29	12.786380120952504
30	17.229696233043605
31	15.426053533807021
32	16.054497680603816
33	15.683131256740994
34	18.165848264634178
35	9.782094567916447
36	14.986869854513506
37	16.7237290243505
38	17.808744219540635
39	13.861638665969897
40	21.815902181221105
41	16.501177414532403
42	17.43284488853201
43	12.381433264971008
44	12.679099659657787
45	15.456802974422141
46	14.64633550904713
47	15.096201547122915
48	21.48193614609999
49	17.50653079321483
50	18.146522634413948
51	19.075187748844527
52	8.303973977609376
53	7.656084254371707
54	19.515786490397563
55	20.470638450419212
56	14.858951747685271
57	17.884670748809537
58	21.880575661305777
59	11.423491783569055
60	6.376459750901497
61	20.223272068219053
62	10.648389569545888
63	22.990826371350067
64	12.341156026784452
65	13.164018112555611
66	14.83000820586432
67	14.310909912086279
68	12.387372461645816
69	16.826132215725437
70	11.962802794833397
71	11.257960964186571
72	6.667237321427474
73	5.782765827542921
74	8.845589057488006
75	6.286822853651085
76	7.1173718848831395
77	6.975237562580769
78	14.521804472108112
79	7.261830661174937
80	13.948710714459931
81	12.308095323366839
82	12.012722127056973
83	9.589469410200262
84	13.124275887653514
85	6.508515147483395
86	7.4329241242492285
87	12.571699955500204
88	11.641915391783586
89	12.263902302292824
90	15.534443624086798
91	7.340491363448844
92	14.463203020996334
93	11.415908337095608
94	20.83651639868572
95	12.415638037483161
96	17.010298779534207
97	14.161791132651166
98	12.835876325222443
99	6.224188662106686
100	10.52959365541086
101	14.161925122825302
102	4.9671406240815115
103	13.378338679084445
104	9.86140490221681
105	13.823969920917467
106	10.388215973546638
107	8.600514195400422
108	13.67363268261949
109	4.735759778710751
110	10.084621097198823
111	11.269739614593334
112	6.672571180913358
113	16.50497021515413
114	18.408923096334735
115	13.574474858783462
116	14.533932485971599
117	16.05956537808265
118	15.01152007211472
119	17.42783586086545
120	16.651789566326542
121	16.120821585575868
122	14.981027589593051
123	19.92293555299594
124	15.203396138339487
125	19.66758240884195
126	20.617625907850634
127	19.25581176868318
128	19.301792368297285
129	21.430800041584384
130	21.347777670787146
131	22.5488690101905
132	18.66273083448364
133	21.295224043780628
134	22.373460012115824
135	17.416327863679598
136	20.928032659001797
137	20.480474035961155
138	20.47224677906681
139	16.677396410510784
140	26.323851416955563
141	17.578696194739646
142	16.937635134647557
143	16.952930871479904
144	19.354323788281608
145	14.19625023378695
146	15.911290453750604
147	19.43110039231296
148	17.820056281807698
149	21.190400513424123
