0	26.21981984570051
1	16.184202797218507
2	27.461893072522905
3	30.128532430660613
4	18.71485889706075
5	25.114315389409786
6	23.701789478619204
7	24.00020761554593
8	26.68776547739329
9	28.47770888552065
10	14.732608069563767
11	20.881709453362745
12	24.643119218196254
13	26.52094993129485
14	19.709722518156646
15	25.816044871553345
16	25.586555555158846
17	23.22665644177126
18	16.417782261906503
19	17.827120861149517
20	18.06278359939417
21	18.534346535289536
22	17.120570228698316
23	17.175015261276076
24	17.114981661503766
25	17.315581820213428
26	17.82677710307143
27	15.007500622183462
28	19.472839101971452
29	15.47728844179884
30	15.71511189341295
31	23.738922845934102
32	23.24357868694104
33	13.8401626954448
34	12.421556061945953
35	23.472189949849373
36	21.854409669363395
37	1.6115120612588574
38	2.7949349860685944
39	26.708366596979833
40	1.143130433218815
41	20.411574231029785
42	1.6164521858126264
43	7.959178381453173
44	1.1432894065231234
45	3.4954052453230604
46	23.73978940166217
47	26.174959404782847
48	2.0828749515839418
49	2.5538396053575636
50	7.74270668817029
51	7.255913816806046
52	7.487763567053177
53	7.253939573526701
54	5.138874356477276
55	5.612370751294678
56	7.4859926369177545
57	5.609160986124591
58	4.668733273592299
59	6.776468849217631
60	5.379490969958634
61	3.4853096825335745
62	3.9737205754686347
63	4.434789580431153
64	1.6139850065226171
65	32.35489135275345
66	23.4384441802803
67	9.136591624922524
68	3.9639549335933073
69	7.725314499082239
70	7.958376762970738
71	6.546056283890924
72	8.174593339111903
73	10.073352871866497
74	9.160020226461418
75	8.19319262765044
76	7.254466118703378
77	9.60385318964912
78	7.253149913748997
79	7.722424118777876
80	8.171601906514251
81	6.803096722850213
82	4.43253400531249
83	5.371167762848168
84	4.895377510020327
85	3.9636919850429133
86	5.388789265447706
87	5.371543400549955
88	7.254268531817406
89	3.0177175284395172
90	5.3883164497960685
91	2.550950306716134
92	6.7760424863134805
93	3.030971871807527
94	6.784158135902613
95	5.3705579167538895
96	5.376336826779976
97	5.828839023521651
98	4.446144558732616
99	7.251374239475802
100	7.235502498268193
101	5.861057379635631
102	7.253939573526701
103	5.361518353977593
104	4.431557727941236
105	4.4341877543346895
106	5.386898219635035
107	3.4881426377543194
108	8.917363860647779
109	8.879042668514256
110	32.20688426986476
111	1.145833774010267
112	4.669492241375898
113	10.070722004187617
114	7.255716633459263
115	9.60081836445077
116	9.841954789789378
117	9.340183652744775
118	11.755729569810539
119	7.253676332538352
120	10.072131064377961
121	8.638190242180219
122	10.338768574861595
123	12.187534702970916
124	12.424375456463597
125	10.516822876350265
126	8.683536908807408
127	12.895351238221052
128	14.067760921219802
129	10.27788329181639
130	10.339350075318556
131	11.247583955099124
132	14.30491196249681
133	10.777666049277208
134	11.953927188192045
135	10.30784431458481
136	10.068280074271254
137	11.68963541383017
138	10.777362721495615
139	14.583601820841933
140	8.193718652608998
141	8.39680263188712
142	8.67439467577057
143	9.860610370594799
144	14.542139931314647
145	9.129571376196283
146	16.42061667017731
147	9.113039269650294
148	13.128500733723742
149	9.60322849749852
