0	3.3104256203144224
1	5.63063228777001
2	6.071686025055612
3	7.300753707757454
4	7.356673828570619
5	10.396624020211032
6	11.41738411995389
7	10.507099809974864
8	14.919675399292762
9	13.606878061631623
10	13.768507295853395
11	19.497019576143167
12	20.55562086557004
13	17.283926698241572
14	17.81494176890075
15	13.845238385574268
16	9.592325622580875
17	12.888401635111466
18	9.86782749742396
19	10.82605603859668
20	10.817168717955719
21	10.727801872022313
22	8.702685332062869
23	12.61177366362347
24	11.867091277896126
25	12.650256897577252
26	12.828863264289806
27	12.98458631453255
28	13.238292967186
29	14.053833615079776
30	13.328326216748119
31	11.794458276570722
32	12.240065200512001
33	13.533867353516065
34	11.292919500280323
35	11.144439740983666
36	13.474357957315988
37	12.19589118837923
38	15.28996938742685
39	8.13732108202387
40	11.86178078904871
41	16.055266488015054
42	16.00839990857904
43	15.080673137567373
44	11.461841604147793
45	15.327290961442785
46	13.94317846253365
47	14.251674257718822
48	13.802294025855105
49	10.781544985131891
50	9.187498373348836
51	9.942934392216184
52	8.437719950971093
53	7.02535848320841
54	15.279045018209864
55	12.242831375428235
56	8.606553286673604
57	10.759669507707013
58	11.558648111120279
59	10.656821442905162
60	8.99684456337446
61	10.58949225013169
62	16.32290059510962
63	9.607254674660252
64	10.864845206900986
65	14.785128324625974
66	11.879631688889798
67	12.621297315101408
68	13.192159920348116
69	12.248175594789505
70	10.965322294742752
71	13.246183711556268
72	16.32932593439082
73	15.005587040972854
74	14.785550246118852
75	14.478297386767107
76	13.814834210957297
77	16.149307815755048
78	15.484163688222797
79	15.727461809086652
80	13.35392698586607
81	12.087072547281428
82	13.98763667715537
83	13.575120284998334
84	13.096108891536879
85	13.867381759127495
86	15.281403326675969
87	15.06301550485765
88	16.277836704088582
89	17.582651589803817
90	14.34612679744807
91	14.739907226063714
92	16.063167630066033
93	16.744966678602758
94	16.618075029590187
95	12.647393312861526
96	16.525126531754584
97	18.96123765629293
98	12.142642285930675
99	12.770099745989471
100	16.67504615176792
101	17.149739165579234
102	16.54441735812244
103	16.017731923584684
104	14.923469936113426
105	13.929971181362376
106	16.240788304656206
107	15.37502219261592
108	17.986348584278172
109	17.374972923739833
110	19.825974792966562
111	15.40972173922863
112	15.086460890243856
113	16.544443097500007
114	9.706154413859304
115	7.670554605991787
116	8.448716072890372
117	6.775526458591023
118	8.713953182532439
119	10.777724498929658
120	7.410331820305411
121	8.411236991447021
122	8.708275096356664
123	6.887092787501826
124	9.474760512107709
125	8.151494791834704
126	7.393566345595255
127	10.856834329603071
128	10.191214967596592
129	11.091607757242361
130	9.169677934419434
131	8.805140723440942
132	11.003723524189367
133	11.198652025090185
134	9.483547101954972
135	11.884458025046895
136	6.128730273000825
137	11.049254714236543
138	8.857192481516298
139	9.846621578298683
140	16.967912836791324
141	8.245641160471493
142	8.204049717795986
143	8.169232734619413
144	6.316125892728216
145	9.028394190685574
146	9.83541518705464
147	9.265798741865986
148	9.261355935217175
149	9.560643550850706
