0	11.377666006775708
1	14.336079422786376
2	12.205557640998583
3	11.627939617145383
4	11.465149762202325
5	12.335667878189701
6	9.927053457218934
7	11.580017004412868
8	13.543019474308776
9	12.592487303587273
10	12.869819893545653
11	13.759085680606283
12	12.518221391423623
13	11.050433786750258
14	13.98099298099491
15	13.67455575267075
16	10.481280442557395
17	13.922947668845948
18	9.802321723652623
19	13.459593364054768
20	13.823021472403715
21	12.949589557978692
22	13.980598070290029
23	13.272410031984098
24	16.20611047357871
25	11.707816481432186
26	12.458697357031436
27	14.7578487721158
28	13.420532879595406
29	14.228620270835052
30	14.614343314103047
31	15.161343276906285
32	15.356485743829182
33	13.149589334763858
34	13.860983796601678
35	12.18701276024429
36	12.348335108562981
37	15.316484856288325
38	12.701922501892398
39	15.159246448214295
40	12.635721807862593
41	14.982715121974717
42	14.901514782583217
43	13.390733805488292
44	14.803120734729358
45	14.26838013717494
46	17.54253257194088
47	14.697415102504097
48	14.984675955357938
49	13.344673559213485
50	12.123871482375716
51	11.98764971545109
52	13.079617467119341
53	14.585856161086326
54	12.678021437379588
55	13.917864015057814
56	14.083554773625588
57	12.162768532068753
58	12.892088809003477
59	13.071657592331189
60	11.031341884014427
61	12.632672735577243
62	9.965744774183994
63	10.037005364429703
64	9.607382342615727
65	8.499375139280207
66	7.644811136819924
67	10.661674199632905
68	10.4588775661048
69	10.52924967489565
70	9.67296340917251
71	9.521454102464336
72	9.719942953186617
73	9.90742313625663
74	9.95340238701743
75	9.21640308102188
76	11.369462536701803
77	9.641795042907406
78	9.635972800671734
79	11.086465262892535
80	10.117059316936356
81	10.767004860249394
82	7.439589009268662
83	10.473470515031684
84	9.44108243479467
85	10.380728765917983
86	10.792499366863868
87	11.799285853543878
88	9.514032804173018
89	8.734441037608978
90	11.088786005571892
91	10.160109611131366
92	10.961874212920911
93	11.727150953709385
94	9.583818974491571
95	10.663220118285258
96	11.606589080131121
97	11.59201079582489
98	9.896640836117166
99	10.148385133838568
100	11.351875314998157
101	11.847315984356863
102	9.414456232496512
103	12.756581376170516
104	9.27277943518295
105	11.74767255470515
106	9.424402547051745
107	12.115891327058877
108	9.48478248494224
109	10.323582802049186
110	11.394671414381863
111	9.946904259337218
112	9.815121451396058
113	6.073971157598984
114	6.521697416619471
115	9.127465055812586
116	4.339896619400403
117	11.722338033707107
118	6.613992827023349
119	7.473048566170352
120	7.273855415446897
121	7.178809134180769
122	7.741343605638707
123	7.523587243995869
124	8.068483708263136
125	7.181264935473139
126	7.619885299505525
127	9.97180764669702
128	6.16962289576586
129	8.451725046327896
130	7.0571197754611905
131	7.717150381430612
132	9.052683995150689
133	6.359432401399544
134	7.643461124322578
135	5.836715789928496
136	6.614232291282642
137	5.801344988689666
138	6.64526679529483
139	7.731451832099656
140	7.066977502713164
141	6.997366681319839
142	6.038101196854515
143	5.5647045774870385
144	6.376232392787814
145	6.374807853852788
146	6.753084503404627
147	5.752327345797923
148	6.947868142685547
149	6.6927602108922954
