0	17.57105032557416
1	23.764277209871636
2	25.196441519078927
3	10.484146936521038
4	19.405231317768532
5	13.560125069066778
6	22.839264110890856
7	14.453503192579017
8	19.09832451251045
9	18.79030582439216
10	16.329261645784197
11	20.372363587709394
12	19.67176566909463
13	14.790288298752984
14	23.406195573005267
15	15.09864894692677
16	23.767753790367507
17	19.975079493839
18	9.582266303699363
19	18.746305266152778
20	21.25377365128616
21	24.687602303033596
22	17.83022277375765
23	22.78953602172017
24	18.4830120199385
25	25.55686297487415
26	21.298610757257197
27	11.69026221300902
28	17.867355514779945
29	22.790422275960815
30	16.63547508503124
31	24.381427743265437
32	21.820419400511902
33	20.32973732639392
34	18.53257878555166
35	19.046782018703205
36	20.06325011612528
37	25.504650521238183
38	19.71344656764212
39	25.605544949461134
40	17.221046745069522
41	18.828867850641668
42	20.288472324892094
43	28.941909418489995
44	15.408517264114138
45	27.090246726212015
46	20.371374911817046
47	16.60402658659235
48	23.09830585051884
49	13.866581597880502
50	15.715161683293491
51	18.527735186446815
52	16.596861235728145
53	13.25285583307695
54	9.560802728270058
55	26.79051590022399
56	14.512198657734375
57	20.594300214598004
58	12.944831005556551
59	19.405231317768532
60	16.330203931939867
61	21.29157196844074
62	17.833997761629956
63	12.945815771891509
64	14.482096672574418
65	19.714400214173864
66	18.521638974794065
67	20.899689277723184
68	19.712112191062662
69	20.32934413769005
70	18.48229943666608
71	19.13976707203895
72	16.602274699585816
73	16.329418295936687
74	16.328791714093693
75	13.86843347442289
76	19.137543081394746
77	17.215256689367678
78	18.792302138935817
79	17.282012284539636
80	17.836229273789957
81	20.98842192680694
82	17.83022277375765
83	22.78997831478568
84	14.175283991521304
85	22.791085775274162
86	7.115728817906615
87	28.565572976157256
88	14.790713196087228
89	15.099227497104756
90	17.559874344641624
91	11.742110718247794
92	14.141662453896705
93	16.020377660982966
94	6.176873161009597
95	10.483753037882266
96	10.813379667832688
97	11.38446041857893
98	15.406745537105545
99	28.353955096034237
100	16.032076019850365
101	9.58334246089942
102	10.15137061077745
103	11.09842592074173
104	8.331971688372914
105	35.75243597358222
106	2.4902189621905686
107	7.085483981270248
108	4.945706560265659
109	5.254024499054333
110	12.637903622763869
111	9.271020788664064
112	11.077341829355978
113	11.098216310142279
114	1.8690212559069372
115	10.796278268772165
116	16.363699218697512
117	9.848376800066188
118	10.484146936521038
119	11.09936732397284
120	6.791951799433427
121	9.888987478644543
122	11.997356267176567
123	9.252893986741842
124	12.02268631142312
125	11.098948815025873
126	11.738772900066488
127	10.462240014846461
128	13.55934919288202
129	5.254162739139978
130	9.86799144495229
131	8.964651396181324
132	28.23626131349464
133	14.797792595892153
134	4.945965180496798
135	8.330202315453779
136	6.188527739164842
137	6.164881630603297
138	4.9462665154485865
139	7.402990560041535
140	5.564503733660341
141	5.264015230255949
142	7.08503399705521
143	4.946094181353015
144	6.792751863441732
145	6.175821180311303
146	6.497835458082089
147	9.540951167321209
148	7.7152558740820885
149	8.327203635075122
