0	13.065676547374464
1	14.63259870582494
2	14.877356964103118
3	12.995851431514383
4	14.968139553855364
5	15.093722068035389
6	10.907226988943574
7	8.675514087961737
8	12.414124986818347
9	12.739518782646865
10	11.197149221393001
11	13.738749130431861
12	11.291294770267491
13	16.050122961111967
14	12.159538177111799
15	14.816470910248578
16	12.706729018471382
17	15.039694914106516
18	16.50233177659251
19	17.99359627209093
20	17.719772063995123
21	16.34629477795652
22	15.652017005543627
23	16.04425497173787
24	15.955095609637391
25	15.637121853494223
26	13.952981667677504
27	13.699854853065647
28	12.365714725857439
29	10.021038083993032
30	11.689988692019796
31	10.638423759169617
32	10.3863402830627
33	11.233800804636193
34	12.496848679590682
35	8.137002173093247
36	10.74812997876572
37	12.466829226057678
38	13.688618188198438
39	12.009720204766332
40	13.879518078772
41	14.315998686768786
42	15.637121853494223
43	10.159681266969924
44	12.84168487041129
45	13.599525886413815
46	13.50796472170076
47	13.275542513826023
48	11.847459420234264
49	17.624970289601215
50	9.709772677188056
51	10.56654156242264
52	8.688153322145151
53	9.913824318875943
54	11.019245149969354
55	12.796538662905697
56	10.475704533615316
57	11.193022364131899
58	12.205089280867295
59	11.743682074468538
60	12.512809512399336
61	11.735558185069879
62	11.736921125910644
63	13.01213356954363
64	11.784705608833365
65	11.581312522287964
66	12.685310710356363
67	13.921205637733047
68	12.465998763086969
69	11.39668315450658
70	14.225621050606797
71	13.327651503912945
72	13.329412248016544
73	12.0966556131686
74	12.019643486772853
75	11.01955779075484
76	13.335500405532091
77	10.45959827794407
78	10.020285033381196
79	10.000564992121687
80	8.32455536008435
81	9.475087035665084
82	11.719235212505714
83	7.849306159190492
84	11.730669606520852
85	9.997380304752724
86	11.019245149969354
87	5.17968911340255
88	8.302946791458389
89	9.843139298786898
90	8.302484677673663
91	7.416273675067276
92	7.3962588032856305
93	8.55453891371782
94	8.93722509619951
95	8.75507522101607
96	9.118486177755631
97	9.297580713970778
98	8.756868144336527
99	8.936808647254475
100	9.365612441911773
101	9.685252592779143
102	10.866273934661255
103	9.072450692098517
104	10.042996494059032
105	10.204282876827003
106	8.575044119686268
107	9.390829612646465
108	11.470319480509058
109	9.410640443208015
110	9.41391031180374
111	12.455327072208657
112	8.281688109528744
113	2.5085317476942315
114	5.5072377479799055
115	9.031729945940047
116	9.208689068257467
117	8.664864108392635
118	10.387220597181704
119	6.853310154105936
120	8.507727611253262
121	7.414498724045436
122	7.535575472638881
123	8.823754210247598
124	10.236830416754502
125	8.794120687365305
126	11.565448288640019
127	8.972542342926198
128	12.39043517803171
129	8.462659751385303
130	9.868146623187727
131	8.099614542890828
132	9.21058137386741
133	9.141872542859593
134	8.822607217761899
135	11.230390605665937
136	8.214993394350222
137	9.291069029658209
138	10.659595055968033
139	8.976889452932431
140	10.123639649155479
141	10.340189768649285
142	8.101183854907537
143	12.55748109383926
144	10.912082103480495
145	12.614636987595771
146	9.210151173022483
147	10.957478665009507
148	11.081087060207114
149	11.289585104394241
