0	18.467132950715452
1	17.1488859198774
2	21.384913204031683
3	17.978816918086636
4	16.357570021672608
5	14.924644537152705
6	18.787401842931445
7	8.664154541903812
8	21.913306848281415
9	15.185530895424623
10	12.842549360183249
11	13.447423382421023
12	17.67949389223442
13	19.01564620311504
14	17.906019454073892
15	11.603304542302645
16	9.140890627989684
17	12.19428297677357
18	18.009659505029667
19	10.897679466166561
20	13.122270546391478
21	18.359764468009907
22	11.281635011610629
23	17.86425473532651
24	15.336805949753813
25	15.185386050124114
26	16.091069683569767
27	18.714339570759122
28	15.48245826321955
29	16.545372325203225
30	11.38172986435696
31	16.697137744721786
32	10.878261177990375
33	10.424879612502613
34	14.430162019692627
35	14.766663342039177
36	14.813221637327871
37	13.41138592496448
38	9.895473607972459
39	12.339158822939064
40	11.536072936312172
41	10.198759896042386
42	12.465685993069476
43	14.732707154329812
44	13.369575125475563
45	13.827082256541509
46	13.332108355233244
47	16.576576865019454
48	11.709570857498534
49	16.515104284200916
50	14.24064592556156
51	14.052734348565082
52	13.674763945741658
53	16.09137858816469
54	12.314551248985454
55	15.63846776646841
56	19.925184546573327
57	13.035497211642198
58	16.39518933925406
59	15.411487330480922
60	14.808698849948842
61	16.545847598845615
62	15.680626690525395
63	17.707545491775377
64	15.487343606751718
65	14.430712298910905
66	17.301166689067003
67	18.559896462672683
68	17.25623833309669
69	14.770054721081136
70	11.628202147341382
71	10.478977458478198
72	19.03949600009745
73	12.390587284202986
74	14.202788249159818
75	10.047342284636253
76	13.220732599677147
77	15.034115527994894
78	14.279302922077743
79	14.657279360725504
80	12.541134914424216
81	15.336073101717583
82	13.522344815889864
83	16.358355902543313
84	13.266209040761096
85	12.012054579661523
86	17.150532889727614
87	12.464625055287883
88	15.681378885187891
89	16.650972920105488
90	14.35596489320466
91	13.74954725036781
92	17.67864392264378
93	14.883415331344386
94	14.657418941950388
95	16.54457790148961
96	15.186981669839165
97	18.811894074765448
98	13.145417960774923
99	16.773830950059768
100	16.847785123579243
101	16.77415239305507
102	14.653925041584595
103	17.34901330006683
104	12.582769956097266
105	13.373255955423733
106	18.132889037240254
107	13.629245782558769
108	18.20792982004253
109	12.588233567005181
110	17.347341739758903
111	16.65336333751193
112	17.150532889727614
113	17.602912866748795
114	7.55311928619247
115	12.240024599400464
116	12.91798848224066
117	11.967877582331704
118	12.13180087062621
119	18.58610538168803
120	14.321739078290756
121	17.641663407487556
122	15.325234202742003
123	17.221963055550106
124	16.093844527046876
125	12.61634304130534
126	12.464860412417842
127	16.69761877676693
128	12.011828252100802
129	14.01384364911715
130	15.070528787015474
131	16.545847598845615
132	16.923348717827203
133	15.680927110942328
134	17.18005616982486
135	18.71108385188994
136	15.672045850608804
137	16.37330379403671
138	14.910019346169214
139	17.000381420402483
140	17.451957683068734
141	18.190859820049283
142	16.494126403868492
143	18.2824362099677
144	20.20754196592368
145	18.18394580122294
146	15.028948871567362
147	17.15168670112888
148	15.30248487178708
149	14.768254488807095
