0	18.39946950032888
1	12.906473214313936
2	12.252572488102748
3	18.56825099293319
4	18.06193420173359
5	15.410660060342412
6	16.46809911188235
7	15.208700953759726
8	18.58734442848165
9	17.641425001587557
10	13.01663247881837
11	18.25162265610169
12	17.849696382751496
13	16.04611357366175
14	18.176602008421057
15	12.460215789056202
16	17.824830446344382
17	12.89460768676055
18	15.0181243465192
19	13.507011878210225
20	12.708086720477537
21	14.861852004470977
22	19.321213985004313
23	10.839757831151903
24	16.591502103460382
25	18.488049359281064
26	17.47499682344273
27	13.010906068497606
28	14.278696769384613
29	16.937581610109127
30	17.992611415476794
31	12.473737884618464
32	15.014071940053634
33	13.274939216661163
34	11.506369228782802
35	13.339846042192473
36	11.35701114482981
37	15.232593579152246
38	12.867978827953399
39	12.35188423569698
40	11.037605985644937
41	16.639323879176395
42	10.726773488887257
43	14.289101663417268
44	13.583850955879921
45	13.727297301753762
46	16.300382120505386
47	16.12336969976114
48	15.18262239425911
49	14.894621077467702
50	15.393873449098354
51	16.85404188235458
52	17.151907225705795
53	13.132257597998935
54	15.471288211480703
55	15.274812439176808
56	10.983605994269729
57	16.6371100339191
58	13.619008527502679
59	15.669827876791851
60	19.48750596398896
61	12.445948820326349
62	17.657193045783565
63	18.648865058944274
64	15.751993638860887
65	16.375984415179087
66	17.403823379028516
67	15.969629455516612
68	17.944817024797594
69	12.721901232129843
70	18.936513042080104
71	18.099631781223277
72	16.226644038170484
73	17.381245938652413
74	17.166711295270233
75	15.876339566682159
76	19.988352653844807
77	14.820956193241404
78	17.76175264429411
79	16.865455211559453
80	18.138908653425453
81	17.823228644586717
82	15.997681822628076
83	15.229915855509411
84	19.240168059853602
85	13.781693491287005
86	17.787943807296532
87	16.145865507760124
88	18.37027727385921
89	17.666597766305962
90	17.464200401960227
91	17.512996932905327
92	17.779871317158484
93	15.244928317156356
94	17.592045683590452
95	15.279817417152813
96	16.041623730872065
97	18.694922569330622
98	18.265616663982865
99	14.512611517842057
100	15.952232939265642
101	18.701282215054334
102	16.79559503815972
103	16.311013058118693
104	18.37096817337595
105	17.13820335360715
106	16.976381137881244
107	16.210286538133403
108	17.62463139264462
109	19.0021292306656
110	15.440622378776443
111	12.37980467319105
112	11.023992781027646
113	13.052681695466744
114	13.950197133355427
115	7.625934195634224
116	17.955940309907284
117	12.08741933904603
118	10.192144556501024
119	8.943071383009862
120	9.550401175452341
121	12.081650311538343
122	7.05164890370121
123	12.036187207520198
124	10.28139184108158
125	10.972466301551204
126	11.987898560583044
127	11.32036243109522
128	11.657700862170296
129	12.506292303134742
130	13.000287578622993
131	10.157126428320474
132	10.434180876057782
133	11.457135805753735
134	9.867066321262126
135	11.825295420057317
136	13.44053631161495
137	12.931330666511034
138	9.458721114150233
139	12.50139184983602
140	9.425120545533261
141	10.319177911713151
142	10.72800040060755
143	9.660534875654466
144	12.622250386537617
145	11.495598415220645
146	9.496754611164445
147	12.244683253313347
148	11.68866814156316
149	13.547582649547419
