0	18.7799382436257
1	23.68185495358241
2	21.751424091518135
3	18.751390426143136
4	23.468462986596098
5	19.268309959501412
6	25.063789647055746
7	19.9626227954228
8	26.40524176345467
9	18.990381115349816
10	22.603459529327967
11	25.80925232688233
12	24.969617510185
13	16.529992055851817
14	22.86461548734743
15	21.29855934075675
16	22.413268409161795
17	25.67317646115232
18	22.236360078115943
19	25.11774945227193
20	28.48010355470139
21	28.46637548000943
22	25.415262699909775
23	18.791072744948526
24	26.681775511875834
25	23.19510912353564
26	23.769081155136117
27	25.700662681427055
28	27.769497856496123
29	22.15421619936121
30	23.751723333910984
31	17.91560856902565
32	21.778315335251804
33	15.19020146065879
34	14.034557619021744
35	20.790857703360246
36	15.977773365789064
37	11.295963608742477
38	5.779902462403356
39	18.204853889839217
40	7.260048724713409
41	14.36118589721407
42	9.303655839054207
43	6.057689770893601
44	8.792736736294183
45	9.905745811601262
46	10.137042790041836
47	4.064718779815228
48	16.163653817064127
49	4.296620648739193
50	10.600368442596091
51	11.759382273737016
52	7.587092144108729
53	13.47571543047813
54	2.6278878851008276
55	10.55431529745841
56	12.269727761991588
57	10.55391732008425
58	6.335558504207512
59	10.601269611578092
60	11.296178216511723
61	6.428487984881047
62	9.445208924652723
63	12.960342663624031
64	14.588988039404255
65	10.50667350538086
66	10.836430568014721
67	10.54804120305585
68	14.310144882586721
69	6.336650500937423
70	10.832331140196914
71	7.5412996161295505
72	8.653599934370503
73	11.851862483598254
74	10.832228868246032
75	14.214841358299884
76	19.05998550073344
77	14.773607979505545
78	8.702467022432295
79	17.908790781963372
80	20.035349339241613
81	18.352992094481344
82	15.634941347372518
83	16.08256603603709
84	17.627759689430654
85	17.61252608781756
86	18.618839271605143
87	14.818613107673018
88	17.32235859361062
89	18.33771872518763
90	20.453864147723298
91	17.073963848698185
92	19.464288446850713
93	17.379956279439984
94	20.22677826323634
95	17.18977077610916
96	14.488133825794728
97	8.49658306499761
98	7.907728516896335
99	5.4885566651274145
100	4.203084163831808
101	6.337340599852466
102	4.018505308677162
103	6.058455510830115
104	5.316802464647986
105	3.3695972818940287
106	7.243051087475246
107	10.603555566423093
108	11.42442896745585
109	9.027703931068073
110	18.191706262601876
111	4.945469442512241
112	11.55756725606177
113	11.867515741278698
114	12.228097358679326
115	12.78279726026811
116	6.756822415084833
117	7.077384859359077
118	4.853277758689358
119	5.316235291144168
120	4.203807249599373
121	7.352034333954699
122	4.206520657845989
123	6.726534442253235
124	8.283325217592374
125	11.164443875066498
126	11.022645273231825
127	4.480590787060713
128	5.750067315092615
129	8.948300454380416
130	4.854472343222988
131	3.6001878867364407
132	4.2517334983862
133	2.5330843527500226
134	3.27915162585402
135	8.823783710494892
136	10.780984732764631
137	8.617766229200543
138	5.3878208086748405
139	6.82034859216176
140	5.532615029698245
141	6.961340119879046
142	14.589417808351202
143	11.510538749948209
144	4.007836699068276
145	9.934533249192288
146	5.4554831573804625
147	10.844735332705897
148	3.925633356503174
149	10.964048735422246
