0	13.119711522435496
1	9.263249849048897
2	12.56823677345221
3	12.08615926035001
4	10.482768097069556
5	14.321088022575093
6	15.488579278250622
7	15.382850236295713
8	15.174929079426029
9	12.650244121607551
10	10.490469994837945
11	12.746371457641173
12	10.96545615542603
13	14.434236441730715
14	12.834301547870604
15	13.588940051479783
16	12.743608259962276
17	10.579574830714765
18	5.333232755680125
19	4.86128941125606
20	6.550104635453723
21	11.432628709492919
22	10.864779745606855
23	11.805649697249512
24	10.031172253815797
25	12.170045207914262
26	9.260694158028384
27	11.627223413307513
28	11.625369717219744
29	11.900052684792314
30	10.76053172419808
31	12.93995533045095
32	12.938977879015338
33	11.427600843437116
34	10.481988633817831
35	13.224926234835795
36	14.51389087435851
37	13.131366772433518
38	9.924361167785108
39	11.623626259070473
40	13.485019410399538
41	13.798321939333835
42	13.19299602750549
43	12.558766226572642
44	13.305517110756929
45	15.007474683273625
46	10.86012192861514
47	11.882656709556422
48	15.11809353285055
49	10.2929624902166
50	15.670127124270023
51	16.032294790526507
52	13.127024902642248
53	8.60582616161182
54	10.870557795150127
55	13.866274068136086
56	15.29184884505204
57	11.510645053241378
58	13.876786376466388
59	12.366851483821538
60	12.93336193319213
61	12.556637287582353
62	13.861810669244546
63	14.068037375213592
64	10.300225466818206
65	14.061900947137815
66	13.493435158298801
67	13.67760710981219
68	13.314574787426075
69	13.676831007298796
70	17.252887413654946
71	12.183658880134427
72	13.868900323905372
73	15.465411773671258
74	14.340521918430964
75	14.241401967791207
76	15.74258774134605
77	15.183594548178391
78	14.812876867784096
79	16.96365209596178
80	12.095591007165748
81	17.048177188366097
82	17.62362955647022
83	18.374717442256483
84	15.56652390609646
85	13.873631015430002
86	17.431103376209578
87	17.054538667869867
88	15.555697242225836
89	17.825842367286764
90	13.391374076616836
91	15.568008030340595
92	17.713056068541412
93	16.95992044793022
94	17.904983961054036
95	18.17203222410293
96	16.32918245857118
97	20.63294025279277
98	18.18092344239432
99	20.25842878375118
100	18.56151372920832
101	15.382263636298333
102	20.982701420541805
103	20.055790459133597
104	17.91701286632468
105	21.83807458518155
106	17.62616330916359
107	22.128899280085793
108	22.307528962902875
109	22.705157653934354
110	21.376069445231614
111	16.87418561371459
112	21.37152876097594
113	23.250318059922392
114	14.250727014682727
115	20.60808785645021
116	25.34155567701438
117	2.6080918815797896
118	1.0136295492156089
119	21.46617376737286
120	13.315960413024246
121	11.993112489535594
122	14.801055565374824
123	15.507834776182353
124	18.16553637453394
125	13.853025743915639
126	18.292288977081704
127	17.983470743139645
128	16.704376459838542
129	20.5973703138725
130	18.777523308978477
131	24.38497994498334
132	21.19862953173268
133	20.76617492359249
134	23.66850594138482
135	18.66898497111497
136	22.86284429324357
137	21.095781747746578
138	17.808580588715273
139	23.436155312852055
140	18.937235117662045
141	29.8434604425763
142	14.993487811243131
143	25.043220616627284
144	23.534304877322533
145	18.550645212026627
146	21.834277618959945
147	25.689794027883465
148	19.528098443624028
149	18.464482783739907
