0	16.148215365401846
1	10.603396012002122
2	13.813316122142986
3	13.190796841355844
4	13.515585238885079
5	13.401034463401311
6	14.722578875326693
7	14.51688150435464
8	11.885583402281892
9	14.273963220226769
10	17.803875277080543
11	13.709797938743042
12	11.334684987816962
13	14.780420881490773
14	15.957669066683597
15	16.584213636028522
16	12.266478451059166
17	16.031341021873736
18	12.82160502878099
19	18.32277606560873
20	10.173169690200679
21	17.428840412363876
22	10.814774854806323
23	16.704859618658176
24	11.366954700908957
25	17.948987608435914
26	15.342781722236138
27	13.579301741588644
28	16.843914658214295
29	13.542476798434041
30	18.217309898070262
31	18.922788966200706
32	15.140221162413322
33	14.702635866282503
34	15.97699551165993
35	11.947773074018443
36	17.046640765366654
37	9.872789449723859
38	15.028602729320001
39	12.219990163162015
40	15.532689070090981
41	14.539315272331315
42	10.967231793168057
43	11.762888859158192
44	14.964177121474489
45	8.887838128382377
46	11.8466137137583
47	13.445930715192826
48	7.761118705554543
49	12.85107684301996
50	12.990249119761694
51	13.683811839252835
52	10.02458319493124
53	10.942850464536495
54	11.912930016491652
55	14.343472287649211
56	12.260642788684436
57	14.374944732491365
58	15.374114174288506
59	13.444502169321163
60	15.415381663963705
61	12.636510164474577
62	17.177618122407573
63	12.22463970568827
64	14.26520015202265
65	16.160626670366582
66	15.744737245535607
67	11.989633003974744
68	12.393168427760513
69	15.525084007258428
70	14.375494763282909
71	16.166202811996072
72	17.02345126811251
73	13.711232116582702
74	15.969519000118254
75	16.923571922928524
76	12.855000528737314
77	15.908770793705415
78	10.672241946134504
79	13.089400382247993
80	12.471289810699353
81	13.063031498916436
82	10.18488829165974
83	10.385339724172772
84	10.29612955237243
85	10.913068879077903
86	12.367166276244577
87	11.182922418766776
88	11.606212951424824
89	8.396341432657742
90	12.360462298319803
91	10.015323714782477
92	11.49960059129441
93	5.4618870635362144
94	11.677465157043473
95	10.980050609595226
96	9.723768164741378
97	9.539426153056697
98	11.9511685821591
99	10.7391109354469
100	13.127372957101569
101	9.170873036568286
102	13.745755764673943
103	14.860434098283998
104	11.094783303445261
105	14.963890857926579
106	9.30969412270466
107	14.312122040662063
108	10.635930036864906
109	10.878541466504041
110	11.291970032628067
111	10.497215409715011
112	5.060107488636354
113	13.958921221589003
114	15.826062383110708
115	11.500796132120188
116	12.089334634401746
117	13.059119167846703
118	13.439888131080151
119	13.197752615335261
120	14.273247526536476
121	13.369390189280738
122	14.61733365229433
123	14.547522761641861
124	14.814609501884089
125	13.580553015832978
126	16.146041878028043
127	14.929978192635664
128	14.81475068997347
129	13.237172153634182
130	11.010259162054998
131	11.947207353972837
132	10.714399589042618
133	10.18507911875441
134	10.28116916072049
135	12.230790732697782
136	14.100081096134348
137	10.504091144986901
138	11.154739894296554
139	12.538761252123804
140	9.943528621862935
141	10.219514588800504
142	11.028503476737646
143	13.355616152081025
144	12.920980319816687
145	11.777140589387974
146	13.05924327831569
147	11.986364610048895
148	12.470342131600171
149	11.569720887632831
