0	13.018351680992096
1	12.391442768305625
2	5.484804691473426
3	14.31239918921045
4	21.771846382789445
5	10.711419434087958
6	18.532062511428382
7	10.18945950191242
8	14.787901806960134
9	14.964499257154356
10	6.458652815072716
11	19.540617571754733
12	18.89632837754928
13	5.77312061868206
14	14.004464506501296
15	18.03397184103387
16	16.153331526635558
17	16.610414551276712
18	15.51174953430946
19	7.298777932507778
20	14.793863389539135
21	12.769396316691434
22	17.02097678596513
23	6.733073357579207
24	20.31595193363371
25	15.512945943079774
26	6.18496903320009
27	15.545763487202487
28	16.986811970401074
29	9.914423914136998
30	15.325854112862444
31	10.730538887388812
32	16.492508593042942
33	9.339860332096546
34	25.74203302033092
35	17.58465976342605
36	8.920442800775417
37	25.805500403724515
38	15.141785793892012
39	8.37721125264626
40	11.508018853889658
41	12.632090846562821
42	5.7728600016975395
43	15.012047097139531
44	22.301249445764267
45	11.810338898169887
46	17.06024459948532
47	13.602026724200403
48	17.929274121963
49	15.23887188764498
50	22.92063580860871
51	13.215881124788838
52	9.041654189028952
53	20.865135619218524
54	13.317753038840713
55	14.866513327883283
56	21.62953011213678
57	21.822752019066463
58	8.672913152978445
59	16.6292146637485
60	19.152943687191815
61	14.141516961168103
62	9.202847238606742
63	14.17869711771565
64	19.301610382037964
65	10.597221278894105
66	13.564287070382715
67	14.710787091934066
68	10.306207590717264
69	7.421310570284776
70	12.056225314406781
71	7.850714994664041
72	8.358189294101619
73	9.06489268676086
74	11.53550047708386
75	6.601813632121119
76	11.79876210678828
77	9.614142567401744
78	7.419183437461089
79	7.838380639758133
80	13.578965989178238
81	7.6936957710240295
82	8.791115071115296
83	8.815883331534698
84	14.510948322691881
85	4.126958680340898
86	14.866225812546707
87	10.019076242227587
88	14.523895575294704
89	10.300164538813734
90	10.437746061452211
91	10.323206304249894
92	13.288733152035569
93	4.2738085132059345
94	9.590302960483799
95	8.813482177863323
96	6.1692618064389615
97	6.321818922057204
98	9.476155143225352
99	4.549710138590146
100	8.23814678007505
101	9.069657675157767
102	11.504525118368534
103	9.777505261023387
104	5.495090442911021
105	10.690045499045107
106	15.651939834385173
107	9.631650787045372
108	8.774849610133868
109	7.299251096954524
110	8.787659515982751
111	6.721797531057213
112	10.161058252808463
113	10.1626906082668
114	2.345787063540953
115	9.738936255744909
116	11.672027691266853
117	12.355835934468505
118	13.356011677386002
119	11.933548651036055
120	13.983254639479632
121	13.635130718639315
122	9.335121573372028
123	12.081282672090847
124	11.36987348689042
125	14.311709995910082
126	15.887404584933108
127	14.304269876311082
128	15.759498275849435
129	12.104944661847227
130	7.974892951962192
131	10.296562027872909
132	16.982223758400007
133	11.123916815058086
134	9.202760304887537
135	12.493714074215402
136	16.7490551676848
137	13.043766207934016
138	16.93669496727189
139	13.551971179781669
140	17.29549578066181
141	19.408367478323964
142	15.512796660023085
143	15.094709369699766
144	16.71077452084469
145	20.17757923647623
146	18.80608177439585
147	19.07749632261794
148	21.826579951699998
149	20.86290271177937
