0	18.595880517011132
1	18.3738030580559
2	20.19881143238908
3	20.38590465496099
4	17.22970777554476
5	22.486191504260365
6	19.74626135665538
7	10.939747173675581
8	25.98606774109772
9	14.829256688187265
10	15.859960248518975
11	15.753954120592791
12	15.286140968659783
13	7.521669360598981
14	12.663809160622842
15	17.302968289548154
16	1.1235731205118817
17	18.218751007131157
18	7.879729926528656
19	8.188952868836491
20	8.911141337828703
21	6.934650183956142
22	8.77681890860928
23	9.483665236572067
24	8.985769296306042
25	8.795253056930422
26	9.670996777620594
27	9.467641358373404
28	6.274046668804328
29	8.990847387205196
30	10.14160634425976
31	0.8942621535432225
32	15.524017423503409
33	5.920938422132885
34	6.162662382315974
35	7.390281531127197
36	7.634562874958075
37	7.634768178358065
38	6.720867517937441
39	8.33906101991213
40	7.1618971522798756
41	4.439932632903258
42	7.8707744672527795
43	8.304212107678055
44	8.319183029860955
45	7.172035423650712
46	5.582872118518017
47	7.418293680528748
48	8.551759879350668
49	8.531056527684688
50	8.567731195779821
51	8.52981907789026
52	8.09174838600478
53	8.569058168710335
54	6.9327472475807355
55	6.721105221444047
56	8.108236943221298
57	8.531133737368894
58	8.547951899826387
59	4.8857432518342545
60	7.990626888097754
61	8.662658850159307
62	8.091967934217694
63	8.777059015458441
64	8.091382864756255
65	6.149314073839351
66	7.766199520819397
67	8.319861546040595
68	8.074460822638084
69	8.54857347397841
70	8.320616033155858
71	6.948927872242708
72	9.234114500927374
73	9.233691875422478
74	7.634905564864647
75	9.482356899024076
76	9.466772298321393
77	5.109427905712744
78	8.110735343629154
79	8.756003035101687
80	9.692159854688585
81	6.144272107436823
82	9.375261280668878
83	9.89751421104479
84	9.938811525197854
85	8.077518458478846
86	9.919943651857787
87	8.776579411922942
88	9.920583837876999
89	9.941198664376216
90	9.004557390424921
91	9.443370003505308
92	9.005297589893623
93	9.931016510683886
94	10.364285718403604
95	6.488721474754728
96	10.496724483819788
97	9.577286037814346
98	10.169473893712206
99	10.241022540856184
100	5.703433851795134
101	9.671173911013023
102	10.604747174369942
103	10.376649424238359
104	11.32001679739837
105	8.982741057453897
106	7.861700723639707
107	10.607203560883919
108	12.204228082491909
109	12.433293915709775
110	10.37568997892499
111	11.97720056207643
112	11.06181178060845
113	50.80196832772163
114	45.34998373676471
115	20.85246959153613
116	14.490019828577365
117	12.002790655307615
118	17.129207054553834
119	17.976041092668922
120	15.860563601445318
121	19.796278126060376
122	20.660891905188596
123	19.7420890392604
124	16.3135092368238
125	24.312899361564337
126	21.580360610970473
127	19.235534821705524
128	27.589278807211457
129	21.51502157413548
130	25.065101790289198
131	19.235902303376275
132	20.43119789325957
133	24.26676941164278
134	22.82891981648041
135	24.020286240458756
136	25.56950701824869
137	27.81082741136234
138	21.429098950617334
139	26.335946363443412
140	22.149446405534704
141	24.93287043423616
142	24.687166484374522
143	21.44787892986602
144	25.278810371532952
145	28.0349830272972
146	18.493362770111833
147	24.657630366498374
148	21.953937087807795
149	28.773462830951843
