0	13.478042687750408
1	14.075763123716964
2	17.439290202160173
3	14.73835250992344
4	14.88022252446114
5	16.30716251942009
6	14.508742487849071
7	16.758929626297284
8	18.617951325299465
9	21.1611710249865
10	17.02321220543138
11	18.04602061390796
12	19.851460596349302
13	17.185312694217394
14	13.794145882293828
15	12.51298059535346
16	13.39982996909886
17	13.040708802716312
18	5.374475342080061
19	10.022851725867218
20	6.3633678229171515
21	7.54603003476383
22	5.912853956078708
23	6.181559211249738
24	6.898664584186641
25	8.054904009850567
26	8.012684339593699
27	7.619056338279802
28	8.887146052572342
29	8.047356713973555
30	7.230583561645546
31	5.737036697054185
32	7.7317603526572505
33	7.59005136481454
34	5.911832593164623
35	7.886807158752258
36	8.272421895286335
37	7.945331417357476
38	7.553540571672755
39	8.572510241882762
40	6.20320728964312
41	7.682056727603913
42	8.600633681242947
43	7.192631535573412
44	9.419863020949931
45	8.684626161502326
46	6.520300529458508
47	9.235326446909992
48	8.894045063930843
49	8.420380429127496
50	5.223977217522745
51	9.221073521887407
52	6.919220706892887
53	8.91696478585141
54	8.21372143527029
55	9.797461315908897
56	12.093882334312699
57	10.891465193191651
58	11.385282444795957
59	11.155276301353469
60	10.704255746183263
61	10.08883057050218
62	12.586912040597776
63	9.952189648119344
64	9.673080273002016
65	6.791150796412414
66	12.589669139065364
67	11.106983435160606
68	8.019189059581784
69	8.614183061046617
70	10.797027717763664
71	7.25407046771175
72	9.055178381107128
73	9.775781772949891
74	9.590553947606825
75	8.914283268232376
76	5.4672442888458574
77	10.306136240872654
78	10.57365056958637
79	7.613604002582142
80	9.768387455157495
81	9.585846828188897
82	10.07327101457923
83	10.666621841012953
84	12.27657510230769
85	10.543828374814703
86	10.742385487182052
87	10.439506515668802
88	8.927793899904636
89	10.705244712859422
90	11.030814189324882
91	10.346442232703147
92	10.610725610625474
93	11.785311236986512
94	11.291532057368281
95	10.585502848536919
96	10.572747246654908
97	12.637022106985718
98	11.058406059912329
99	10.670695836562881
100	11.785085753470868
101	10.925684939615731
102	12.42254881527041
103	11.82008713059841
104	12.367149404382197
105	12.09492638439428
106	13.131288727038736
107	9.173901490269921
108	12.231665407871846
109	12.364087552709199
110	12.279158715290704
111	11.740934234036859
112	15.952540561095258
113	15.967355390612314
114	4.431471395136909
115	14.619114588061027
116	18.818111435807854
117	13.578262602966792
118	16.666069783662124
119	17.651835467888585
120	19.44999931353186
121	17.520130493555733
122	19.5142362082268
123	20.33778407123818
124	21.505494019766243
125	17.10619340032553
126	21.57049164369405
127	17.08038157334317
128	17.9612415730994
129	20.531312705483646
130	17.51062515832517
131	21.067883432960866
132	19.519342208509638
133	20.222329786974864
134	18.219405574798817
135	24.06780643737524
136	21.02325720070427
137	15.35805680162923
138	21.92694846280582
139	16.23944374136217
140	23.49568361410245
141	19.202726511275674
142	23.52806012997746
143	25.266396667030808
144	20.80457532963987
145	18.0498507498753
146	18.859074117549813
147	21.84739959475064
148	18.975397696329015
149	21.821277755592142
