0	7.120770602076697
1	5.211339450928904
2	7.499260260818823
3	5.3537962882882395
4	6.2882390142245645
5	7.346037522953753
6	6.201076248537383
7	6.608779185249686
8	7.278996604088045
9	7.858429190025844
10	9.415078704341218
11	7.707803150122721
12	8.12560879568977
13	7.970229747709759
14	9.09761262092639
15	9.53625197531331
16	9.454970564668278
17	9.555605893951862
18	9.580541339539355
19	10.23379262996702
20	11.608639512860208
21	14.4442439779171
22	11.393836738202946
23	14.705252695804877
24	9.052662147503531
25	12.794098032201696
26	12.22926511687426
27	11.959178567293275
28	10.503150676323191
29	16.11739416027905
30	12.245609397202886
31	15.571755311881535
32	18.20350080249927
33	14.871555853661949
34	12.730096230642173
35	12.79760032703205
36	17.908315762276043
37	14.217715862207472
38	14.61152451126679
39	19.34782825348766
40	19.227961958212752
41	14.050234101546685
42	16.298427163475644
43	25.246906946034965
44	15.421738634824026
45	26.995977129684558
46	19.71417266439155
47	16.80960237320998
48	17.55916380695274
49	25.144949132071595
50	26.407748395189714
51	21.012969669701818
52	27.46634959904997
53	25.627758404249303
54	23.18317471892545
55	28.549853847738785
56	24.27578754290354
57	18.68077294787998
58	23.80566818844452
59	23.871427024656484
60	16.32042567443994
61	20.21256896250504
62	22.609838790328013
63	23.049035644227054
64	20.35345676451372
65	17.94322296983187
66	24.98255017534681
67	21.109777389619698
68	23.0294194866619
69	23.29816198531018
70	20.912796937621692
71	23.28303013722925
72	27.881047571936268
73	22.883064966418143
74	16.65231257211182
75	30.085355687470717
76	17.064641333046755
77	18.525384751719802
78	17.91398930410641
79	15.003626987103955
80	19.935239552451407
81	13.765635018249998
82	14.78840974980961
83	17.59668161908211
84	13.128932974059245
85	15.197690840321561
86	16.4831722410062
87	14.321287186508865
88	13.850519934548045
89	15.439134275728934
90	11.554458547326147
91	14.122126035807858
92	13.292637053056254
93	14.650317536667389
94	13.114678286720679
95	19.072807848050374
96	5.691013869888099
97	18.293797871511654
98	12.917681068747148
99	16.667772826827
100	17.647664261195555
101	15.88033476596649
102	15.4137974520453
103	10.802344802068104
104	21.636692812626293
105	13.494013660458009
106	18.384253217158854
107	12.378763542391445
108	12.171177263444992
109	16.295623726008845
110	16.118780813083152
111	6.092215150565602
112	13.759347011181442
113	13.089025284350734
114	9.924117575079066
115	10.69646645840245
116	11.286610435239632
117	8.437563809938686
118	9.534662577727723
119	5.652631406051106
120	14.933423884616326
121	9.468089752144214
122	10.04871514481481
123	13.788853203088417
124	13.51879124640138
125	6.106409152899479
126	3.668016480265143
127	9.555517706608738
128	0.7959477122651311
129	6.279835161578577
130	5.827901216175788
131	1.8983791850444174
132	1.3488495422973164
133	2.1911211936749284
134	6.692796355253706
135	3.1160661850219222
136	2.8225707455199096
137	7.473778549494944
138	0.8695823231404513
139	0.9802188296534677
140	2.1941753176804166
141	2.3399170695952565
142	1.7175984177595018
143	2.5959073086579556
144	1.8991429310499235
145	1.9772175950528923
146	5.803614529427602
147	0.7592682968497111
148	0.9432500830921883
149	7.096582163694676
