0	7.998470847010504
1	12.974764982326803
2	3.947983660041194
3	4.1486555049384615
4	9.135158015305707
5	5.384890894373718
6	4.482665757576584
7	4.672868812139422
8	4.146981657076211
9	4.303721394438165
10	5.578681578249452
11	8.042495507465793
12	8.089143947701775
13	5.208517385832812
14	8.063219858957211
15	6.086403994880609
16	2.7125410450420917
17	5.910212743041681
18	5.574853985894014
19	5.568278625327904
20	5.027472986971599
21	13.37103563207484
22	12.10218675778307
23	4.930438486402938
24	6.113611833391351
25	6.471334311909749
26	7.165495221212123
27	5.019992171243409
28	5.029358139371033
29	26.924878343617493
30	5.7375300435802075
31	5.907070282178795
32	5.220023988259339
33	6.980127446830013
34	5.560806505968482
35	7.352930569747478
36	15.028051641017774
37	4.137075445615045
38	5.031116150852871
39	5.918525443812557
40	6.6368023835494085
41	21.637178759233795
42	22.58139273179305
43	25.93944554180764
44	5.745123411009489
45	30.281491538128794
46	5.224292194256025
47	6.617065784741798
48	4.504001345219354
49	10.925612527909148
50	13.773851195819057
51	17.259192084170103
52	20.477996292193072
53	28.24706674488882
54	26.900018166614917
55	39.39532437169987
56	19.614863793439497
57	25.8320876468876
58	23.097213170995346
59	20.43942121051487
60	53.95428900135096
61	6.904126659525593
62	5.385262208295446
63	10.294660566315168
64	2.4360060901124427
65	14.436372001566792
66	23.86528705777851
67	24.958629449626425
68	24.962359376101872
69	4.768977586449289
70	21.328986882610835
71	47.728466926790375
72	7.08345694221742
73	9.314218563470016
74	3.423409255466625
75	5.3736431387940105
76	4.926181846646725
77	5.681940966347051
78	8.042931964336153
79	7.016999620653392
80	14.12603210837951
81	31.28501020528964
82	4.582296969908382
83	6.726573665588497
84	7.687691595086469
85	5.745873912794985
86	4.314864722439521
87	7.17217388711376
88	24.101013909857638
89	4.94023669731275
90	5.0161977588475235
91	5.400814105458445
92	6.547335174534198
93	28.41708116987866
94	5.387862377876553
95	5.992172913959278
96	5.222494204236144
97	3.9580144579125793
98	10.565298345991952
99	5.198136260362753
100	5.0280298056962724
101	11.668015565130775
102	10.393957476272613
103	21.52357513303001
104	18.95849801409464
105	3.42180146477848
106	4.393273385099311
107	4.135480924048738
108	13.703255920166336
109	27.532607720520904
110	6.1676086803186125
111	4.947931451284177
112	25.861409250262422
113	7.423203924714056
114	2.529434688918238
115	2.3505167058601106
116	3.78758732510315
117	17.70047726125347
118	12.672930185986887
119	8.266570731993996
120	15.885862611444407
121	24.727221475450378
122	6.278910932356877
123	8.783531402494056
124	11.41890524166188
125	8.08892266626642
126	25.73998957570212
127	10.923575324372791
128	10.211359808695299
129	9.492601164080499
130	10.56235225009705
131	25.29902493215265
132	27.359681730969374
133	28.68949959113452
134	27.79460976499479
135	25.643246606340636
136	30.140835233226515
137	10.735583411601889
138	9.999386984320667
139	11.490110679619415
140	33.85546689013261
141	5.659644003000033
142	7.524374502894648
143	12.74412589324043
144	26.827700182551922
145	11.07211339479031
146	21.684297054012884
147	29.38015222406953
148	36.057616655488324
149	6.799338929724966
