0	7.0079113289261326
1	6.3925455008158085
2	11.44028067130597
3	9.963029499457862
4	9.71714494136759
5	4.299163684018794
6	5.284663749494809
7	5.530778523267086
8	6.515727024159398
9	5.161179576571097
10	5.160913430412684
11	5.295029402693542
12	1.8346275241451588
13	6.268536028561728
14	4.554993338232323
15	3.3081949367525922
16	4.546230168314993
17	3.06779491911634
18	5.296906695539869
19	4.7807187495162555
20	5.161356915017951
21	4.299449112794536
22	5.530634342020873
23	5.910831088602425
24	5.285164837595854
25	5.765596171613129
26	6.761553624897024
27	7.7472533862681505
28	7.623433984283837
29	8.978135156606792
30	7.623778670240085
31	9.3469021758942
32	8.60915975913882
33	8.877911362878807
34	7.604252824271846
35	9.10109129914338
36	9.224721709543202
37	9.716516132145038
38	9.861918410031366
39	10.578639937990783
40	10.186386977521826
41	8.757258592761575
42	9.937797497598844
43	11.066786476546111
44	10.948108227685637
45	8.608292615743828
46	9.101509871511187
47	12.087340882511933
48	7.972720981401261
49	12.95218491040609
50	10.551529474317768
51	13.7800757913726
52	8.854768455826903
53	10.578147539313752
54	10.959259664410263
55	14.167053303350837
56	12.061204710455021
57	11.532501951579572
58	16.290028903255415
59	14.475931371733761
60	12.302464714052341
61	11.348168308740462
62	14.233544652846456
63	14.058850574222415
64	15.016893261553179
65	14.356993762131669
66	13.205376379840846
67	16.429623093666834
68	13.2924770136114
69	14.549505196166589
70	19.16216333203935
71	13.03775818186909
72	12.334031733393717
73	15.954142165713165
74	13.558716847634399
75	19.89738954783936
76	13.657597599791043
77	15.171853548162574
78	19.27172595274519
79	18.82691503176281
80	18.500215986892293
81	16.69913130606424
82	14.517443393748525
83	19.935535093594325
84	19.98425010220788
85	11.536490044250096
86	12.548357335082711
87	14.15092551783275
88	18.45863056117373
89	9.978383588493749
90	15.757432070125208
91	18.295630861461813
92	11.68673872735003
93	14.02605839377511
94	17.51712679770856
95	13.254633471543675
96	15.99601179708044
97	19.07443167256189
98	18.73350535744742
99	20.273231692816992
100	18.95148905138304
101	13.041944043680237
102	16.241325579438254
103	17.24490446228915
104	19.177630503525567
105	18.253391777650236
106	20.999827414757664
107	15.130557237666583
108	17.472975341362808
109	19.44436590389919
110	17.01812843525513
111	14.487726677968716
112	14.764931052900899
113	13.919688984765672
114	13.42619263308472
115	4.413030474030784
116	14.39569856825508
117	6.6395015877549
118	11.958924073569758
119	7.616959681234567
120	12.065514342380961
121	12.303969637837735
122	10.432229977847358
123	9.492362096447287
124	12.273602972789433
125	11.071128288817112
126	10.351255866091833
127	12.525590144686678
128	13.4101947402424
129	12.671357735656569
130	10.82458173346186
131	11.809750186039608
132	14.557959586938122
133	14.72322837852108
134	8.609711143185155
135	12.794837516709277
136	15.171998122456822
137	13.009765891898946
138	13.3217048237707
139	12.393161444839071
140	9.101258473549219
141	13.30203696182172
142	14.009590302757859
143	12.57536623349402
144	11.048940000005684
145	12.548475337011308
146	14.4332486384254
147	6.868033266997653
148	18.21168574224069
149	11.686190933821834
