0	7.477814173086167
1	6.595011010920774
2	5.757690912186298
3	5.666095841420381
4	7.452826521332846
5	5.233528262593056
6	6.82669364647283
7	6.984196581641736
8	6.995790454054554
9	8.500530667064938
10	6.888406111236792
11	7.23001998500755
12	6.687833052051869
13	6.780530320168485
14	9.313529734993338
15	7.413658836837308
16	6.966836890246316
17	6.222809419247778
18	7.710579648712198
19	7.152399785265878
20	7.802888442195445
21	7.99957779973405
22	7.607813352030418
23	9.290465911553097
24	7.616672324836404
25	8.547236904063112
26	8.267494114563021
27	7.896540697264165
28	6.408732776433773
29	8.938208266338673
30	9.945483209507097
31	7.1341757378297235
32	6.8738951442044405
33	10.219608001804483
34	8.006126721509652
35	7.942652773293173
36	10.176157736809817
37	7.505880045546701
38	8.893996315640749
39	7.55215564268803
40	7.617841649905171
41	7.617291269469326
42	9.569205779418816
43	9.406549575710468
44	8.896182814061634
45	8.378915408313759
46	8.24984633990667
47	9.406897284177859
48	7.135132640609385
49	9.10458056359413
50	9.397608104269686
51	8.638997893167199
52	9.392840921267423
53	9.569116969259863
54	9.26710002596969
55	9.589737847652344
56	8.01841594593441
57	9.917998197436402
58	8.99010368754356
59	8.546534219845839
60	9.661879625357457
61	8.12875625932246
62	9.267104423230487
63	9.174159389651681
64	8.546143958996543
65	7.478151045773123
66	9.313443903577234
67	7.783238259821611
68	9.755990795556393
69	9.708797492227996
70	8.707533547933153
71	9.406046782772629
72	8.174484654284075
73	10.405971016110513
74	10.711230601342475
75	9.287559185399678
76	12.175690979225166
77	10.401816376401054
78	11.124602536463579
79	11.316339291308557
80	11.259802264554864
81	9.755269293195806
82	11.24163217240078
83	11.737660763146247
84	9.034964697930763
85	10.358632978521179
86	12.995283042516288
87	11.284936890144113
88	9.200146200102186
89	9.915463418921329
90	7.617016112280848
91	12.012746720769622
92	13.998852091872406
93	14.448647446617251
94	14.019263038846617
95	13.576100055071898
96	14.403268922608428
97	15.557931513872806
98	15.795850682800237
99	15.419984539158687
100	17.10108581393884
101	16.209898941133474
102	18.583560393259024
103	14.822103705378563
104	19.100306550390034
105	18.592231388646105
106	18.49356583689105
107	18.708981880231672
108	18.586161409367126
109	19.792035553691353
110	21.476305289465945
111	23.91340952694447
112	22.547882128192022
113	17.561395986004328
114	21.14990626463213
115	21.604743705770808
116	4.075501642685898
117	10.733775919299577
118	24.364022117697356
119	22.34116118426572
120	23.053511787199383
121	23.123837347961153
122	16.9553858874207
123	20.817967986619568
124	23.119596937193137
125	24.877065585212854
126	19.268610098394376
127	21.496077521975263
128	23.99045872275127
129	20.079885026863664
130	26.298462984917247
131	24.67008566485298
132	18.860560586860494
133	25.810014459610553
134	24.559784569608677
135	19.95892528748367
136	17.86266276689631
137	19.183150351745667
138	23.373996178374064
139	18.077886859084373
140	24.25353037975481
141	27.874791918147025
142	32.27800784729994
143	19.485478644565685
144	25.870450528616768
145	20.736212756773917
146	18.571002513088633
147	22.42759773378959
148	19.094817097693948
149	25.763163044449374
