0	10.941949528791568
1	10.953283834102631
2	12.508201059520538
3	13.50010717727214
4	5.5748296748560096
5	8.650517702168225
6	13.75512111242069
7	7.388210857178069
8	12.198974456784343
9	18.60792630592829
10	18.09436001224268
11	17.589897788143375
12	19.15114039851883
13	19.58655300423165
14	24.302715118259204
15	14.970833714101621
16	16.578771911238398
17	17.631471101430627
18	16.30875239424664
19	24.985293018341373
20	16.013136815720323
21	22.690659319818444
22	21.715474081621473
23	27.73663886935517
24	20.70350853080798
25	7.864103386591041
26	27.55846079923488
27	15.310494715017011
28	18.09626895722496
29	17.548192355081778
30	15.031184364444286
31	16.565146025825786
32	16.597664724805487
33	20.604688892411104
34	18.097136915896865
35	12.478185457917911
36	17.62401951305985
37	14.774936598114179
38	15.001657348863098
39	12.224421927576552
40	14.521206577476436
41	11.72043219141276
42	11.734408798402093
43	14.996392464707897
44	15.072038118930562
45	3.793548587226187
46	16.041835699874152
47	5.853015463066943
48	10.440593157082812
49	7.375170208483029
50	4.045770775211474
51	8.90622142041436
52	8.666299458246678
53	4.812365919623069
54	5.3317714418480735
55	3.289036531409641
56	6.097082607784324
57	5.8529130779723095
58	4.053876145439733
59	5.832942590817286
60	7.884560555750523
61	10.18210063817955
62	7.643774128358591
63	10.925757173015612
64	10.181817022028891
65	14.266472037587201
66	13.017680060012712
67	10.691087774049526
68	14.493142992616134
69	13.50023460509741
70	17.63028592739812
71	14.22963548314764
72	13.017064715454744
73	7.373908865258672
74	16.783216693045553
75	11.738046112628453
76	9.906909965239997
77	11.227496293514756
78	11.17778355393715
79	7.88377451958135
80	8.650755350272101
81	7.900034686248211
82	8.393461227406135
83	8.63385313370295
84	9.160687038535867
85	9.415882880027507
86	10.437293944523248
87	11.992883784354257
88	11.945255591137444
89	12.733802628595484
90	11.204831392598827
91	13.243206328552
92	17.109483379643276
93	15.040624120744866
94	12.471262425872712
95	20.608853585940807
96	18.605960979766547
97	15.336523301390988
98	20.32533949240688
99	20.64999282611156
100	20.13647711077495
101	22.70383970041211
102	17.356485233054734
103	22.951496520161314
104	24.231047229558314
105	16.044129840779153
106	21.623995026033544
107	22.231899410910962
108	22.15824434352324
109	21.130210086064448
110	26.26538079218094
111	19.116153878395775
112	6.874315817398007
113	7.1187461484682615
114	26.47254231056559
115	19.415696581355803
116	9.140936399275002
117	15.062986882094291
118	14.74677935987706
119	11.23233575237895
120	5.318299613929399
121	18.8626913672854
122	15.06313022552927
123	16.27518823462164
124	18.60542445160478
125	17.58585176541801
126	21.669948888507797
127	20.186849774887243
128	19.323474278555437
129	12.223847612059512
130	21.67057590861791
131	16.602592866558638
132	16.559607000440728
133	18.567446267478957
134	18.607390991333755
135	15.03161249622751
136	14.521895742335808
137	10.456344998891502
138	8.907365445553971
139	6.3399714641656555
140	3.288653761577211
141	20.963148574352072
142	18.352090615382107
143	9.391907466554972
144	8.394686632945811
145	6.3522988243154765
146	3.543124978699778
147	8.159004345951347
148	15.51157367945082
149	16.60847984711421
