0	8.071338340395014
1	9.447990752283376
2	7.705242314585543
3	11.94931695571338
4	9.90571657986058
5	10.562033938730487
6	8.189359478105544
7	9.931850987144356
8	11.384935031705211
9	8.674107749863836
10	10.343049137690436
11	10.7123964222921
12	10.001158576968656
13	11.994544240578698
14	9.619889366596587
15	8.792842978794102
16	8.264653508836105
17	11.09534355930511
18	9.156673423524952
19	14.670015211734238
20	10.41409285427194
21	11.968647294455485
22	9.520316485799613
23	12.761697841631856
24	11.221396232971609
25	11.046810669234084
26	13.794677284005337
27	10.124770589641592
28	13.191626824059735
29	12.983038307775255
30	10.07768812260622
31	12.83813535326929
32	15.653824030762046
33	13.635902616360452
34	11.549010206944342
35	10.736988814342444
36	13.960215433203908
37	11.658522873091208
38	12.272713766723298
39	10.401673398474916
40	13.132402643565541
41	13.0333364253085
42	14.327858761053818
43	10.292984822905565
44	16.22823676469016
45	13.371329807068072
46	16.609975485079215
47	8.988854585238537
48	14.077206038179222
49	13.8756207517914
50	12.3526976959789
51	15.454307252997172
52	14.760154030947975
53	15.554242899572134
54	13.948960428480685
55	13.574095747437665
56	13.419370493330625
57	17.728479479155094
58	14.53023024290673
59	16.331346659396466
60	17.091968326310052
61	16.187009045643173
62	21.514098657984846
63	13.98474918789215
64	14.413698561291808
65	18.698779883904034
66	23.297596793652303
67	16.905553040619033
68	21.84613916375449
69	21.262728593223404
70	22.84617668250792
71	23.03240725757067
72	23.04714565167492
73	22.909976846182364
74	25.96069454335137
75	23.199162252715336
76	24.34960328986126
77	24.022602995058598
78	20.672602355864562
79	21.27443875086574
80	12.213272842607394
81	19.61120490553265
82	18.409223038098887
83	22.096036569725857
84	19.845321834636103
85	20.742880382371283
86	18.257416940059848
87	18.405101880579153
88	13.192636748233305
89	14.862402451042321
90	17.441179218823887
91	13.32136786556755
92	16.450745461759254
93	13.636089900688766
94	17.142031053822453
95	15.118509590279503
96	18.544066682394885
97	16.139496445881957
98	18.98920355906313
99	10.824297482949113
100	11.63759686246048
101	14.12165029070162
102	10.002856551613302
103	14.814846866915744
104	12.59516318854068
105	16.126239647465272
106	12.228736515113699
107	11.41081184119706
108	13.05010791308444
109	11.19134696181885
110	9.157363058752251
111	10.316779402602592
112	6.496176270831297
113	1.3634935415904148
114	13.867772307264449
115	9.060772070987293
116	8.49894273534518
117	9.71687038263315
118	9.447990752283376
119	10.416264916097676
120	10.416364271039004
121	9.861858819218673
122	6.815977305928785
123	11.221152730685386
124	8.575722670737479
125	10.293666188383462
126	10.174537270379453
127	10.75461063562154
128	11.966703760363753
129	11.579512971654376
130	11.481782245676303
131	11.288302469771612
132	9.544657458819318
133	12.547461290147346
134	10.29538979999799
135	12.321357402649543
136	11.85594485177562
137	12.80317907492899
138	10.17511599254634
139	13.321751684008438
140	10.24655358136129
141	11.049648283782172
142	12.452875781730356
143	12.75342909292547
144	11.142922871387594
145	11.384935031705211
146	11.415063513465089
147	12.886930770651484
148	12.894097980643865
149	13.556186680128116
