0	22.116007213958472
1	18.697960909616935
2	18.42065881415133
3	17.233549070002628
4	20.832112873892257
5	20.471544265969882
6	18.184813686267567
7	20.737502701883585
8	17.567815580664234
9	19.725175853622012
10	19.45344904593576
11	11.279567311892675
12	19.481018479802298
13	8.849187940847694
14	10.54447321504561
15	15.929198491928732
16	15.465308083978169
17	23.97917313031342
18	21.91603024730239
19	21.445283444499076
20	15.607711634273544
21	21.477155009039166
22	22.81483435963683
23	20.716081502590605
24	18.960070052350716
25	21.855511510334512
26	21.057168333409614
27	18.541745114896663
28	17.432303225461855
29	20.014038321641276
30	14.13453104729495
31	15.502159220835587
32	17.570007128100404
33	8.937450446868656
34	14.401060179763443
35	13.636195812216172
36	16.85032516102489
37	10.2605616836908
38	10.154511560733216
39	17.218211114002482
40	17.489199073918087
41	22.147096494260524
42	14.960915609220875
43	17.624822262225923
44	17.167234289185863
45	19.40224987608872
46	18.89026144646729
47	19.353393379179042
48	19.96590031075524
49	20.620432723552224
50	19.56247899088847
51	19.93360141499418
52	19.263062081688073
53	18.968768426824482
54	18.49472288436089
55	14.847280655170517
56	16.25104911760497
57	11.877842744355185
58	14.901773466542554
59	12.742602912684255
60	13.535002625168039
61	11.266356973803482
62	15.127074565943216
63	17.939459401126612
64	15.36419093149591
65	16.171030713587392
66	16.308482231934843
67	17.178640192041254
68	17.212613373717666
69	15.889716751602329
70	15.607360253291224
71	14.356391230000721
72	10.743000711850176
73	14.21739045018539
74	13.414294263177423
75	8.670919711828803
76	11.951539437891553
77	15.81463568106183
78	18.400252548519507
79	13.492807402534183
80	17.99116778679745
81	18.108794512733326
82	14.234084375454902
83	16.8814578666002
84	16.609938771610878
85	16.143501255337533
86	17.6029405884257
87	15.972652727503736
88	14.674797345311475
89	16.74135328970716
90	15.395397615169873
91	13.85117723038093
92	16.89634060052584
93	12.094969278565923
94	16.782769768639554
95	17.115363238959475
96	18.63659590663635
97	18.91141655036387
98	17.830745464534562
99	14.564493603213492
100	16.508378965267006
101	14.892402458479635
102	15.629504147321306
103	17.049264499270006
104	18.686445522125517
105	13.204996841919911
106	18.77036525452863
107	18.033918219760935
108	17.071021887343942
109	17.396987179578147
110	15.849682130327315
111	16.39972412957086
112	17.850451181142322
113	2.2809767417312026
114	1.0279299766217647
115	19.661879361043567
116	10.140215596219173
117	10.950680027450243
118	10.841530720772424
119	13.814340897530187
120	8.881399650776306
121	13.537706713261217
122	12.12998464044327
123	13.059885287751344
124	13.899064887739726
125	14.798339811043059
126	12.135584855000014
127	13.7526547169584
128	15.133077064690523
129	12.597574139429755
130	13.564301100830505
131	16.165664685656708
132	11.234114662697797
133	15.666338545549424
134	12.34125620568363
135	15.766364217775884
136	14.19634289264675
137	11.81967038766336
138	16.66409432964885
139	5.950239646698387
140	18.26189235252532
141	13.350942427140435
142	12.114706018069256
143	12.068722441068005
144	10.73477153745798
145	12.848545910328259
146	10.262553639796607
147	11.44949908721904
148	11.779163585899024
149	9.0095288513227
