0	10.39757302320255
1	8.475584586904102
2	11.52960802503722
3	2.8447885403700317
4	2.841385058122855
5	8.86959750346102
6	9.622506791556418
7	6.610659146746395
8	9.999756000823092
9	11.128279482889095
10	12.28464918143092
11	12.237706114207898
12	10.396491080577764
13	3.592949116693296
14	8.11554398964472
15	10.746102091456741
16	13.764489924356637
17	9.24618370775328
18	11.525551613769844
19	12.61270737594646
20	14.139781127824614
21	8.870177641600572
22	17.15292278523041
23	47.09585756000789
24	0.9632307979944797
25	2.464913104286551
26	2.0955897581134466
27	2.840485315813519
28	3.9824696501787327
29	11.132392575821024
30	5.843406194570089
31	7.73659461662429
32	10.760234759591885
33	33.306916510732094
34	9.634268316074742
35	6.610659146746395
36	7.756301500243802
37	8.86968019903801
38	6.974387346639139
39	5.869803459692647
40	5.843983179729462
41	8.1366054802409
42	7.345822067947928
43	2.0923610298012076
44	6.612286135643995
45	6.248650589997711
46	5.092838789332023
47	5.481099755032363
48	5.481148620600586
49	5.104554899429251
50	5.857915660131795
51	6.234042872461043
52	3.598751591936088
53	5.481148620600586
54	8.116522827514029
55	8.49317669032274
56	8.869514809535223
57	4.351148655976201
58	42.674576549692
59	0.963777894174492
60	2.4708728869250516
61	5.466071165266239
62	3.977643927718514
63	38.75412284308474
64	8.120364910862595
65	6.22761217527578
66	8.108474192142056
67	3.981040936815917
68	33.7231145812132
69	1.339038204674781
70	4.353672380000608
71	6.233986491364691
72	3.598661148743598
73	6.234325215630892
74	5.8695387389433495
75	5.859339417789818
76	3.593009034030006
77	5.101259230635198
78	4.360317616152486
79	4.726113449313871
80	11.485913417678361
81	8.86943211726057
82	7.378404247671995
83	33.99139929304488
84	34.07531895713096
85	33.53303465075625
86	1.7166785807910179
87	4.737023628779532
88	2.8410924960344732
89	8.49191212574716
90	5.4793871593523065
91	7.742960923622783
92	3.5985709353868627
93	41.13547830047789
94	5.483695356012815
95	4.737481082163078
96	3.2162635338360905
97	6.610297862558494
98	7.001982039720442
99	6.970246332844705
100	8.119686578249807
101	8.493255628586056
102	5.492186186683258
103	5.104464353982231
104	41.62466079392732
105	2.8464827678119518
106	35.03967945016527
107	38.06912227004299
108	41.53717157112618
109	3.2293952715007594
110	2.8405526710450064
111	6.987162655461663
112	38.47338621025026
113	3.9680335119689616
114	6.610960324821754
115	8.869017446575443
116	6.987098754333988
117	10.753214269440866
118	7.36346318817721
119	13.763831136781498
120	6.9874187496493425
121	13.763831136781498
122	14.140187047342529
123	14.141813998657693
124	15.646442647725975
125	17.152591999619958
126	17.15292278523041
127	13.420705989776378
128	18.61298482333661
129	18.658951855951166
130	20.91738652187433
131	23.55262917582335
132	23.177491840617314
133	29.577954224822093
134	32.21163243406311
135	23.994425976011556
136	3.9658755446604093
137	41.622201820065534
138	25.43732691019755
139	30.329190206279723
140	22.04816167281936
141	23.99700930587225
142	31.74168322764841
143	31.829520300171147
144	29.627614848756142
145	32.19361812314077
146	31.815472256181724
147	29.971507490102507
148	8.110579117559851
149	3.599143275888943
