0	10.31535393262958
1	9.359380092268768
2	7.967107661433199
3	7.560471587036353
4	10.709744243090281
5	11.596799889070478
6	8.198800307770524
7	9.37704258379136
8	10.02611883035889
9	11.01435667735981
10	8.023280942134146
11	10.303634587128741
12	10.929418395076274
13	10.109937492354057
14	13.218025770023637
15	9.206344410757875
16	6.405562065137354
17	8.647025694766906
18	9.260995907350837
19	11.40695885218993
20	12.37143009311004
21	13.303446632540314
22	12.026828601986555
23	9.954304323893652
24	11.764312873903336
25	10.746595607432152
26	11.565064653823187
27	10.094841498417997
28	8.064453022640668
29	8.586326735109829
30	9.451325888083497
31	11.823880603062552
32	12.236965377618759
33	12.568138445465005
34	6.65136385011022
35	8.220244052522967
36	12.499281040582384
37	13.306118390487226
38	7.3865356858294895
39	10.352101602728137
40	9.95439731502622
41	11.603974963116753
42	13.034915839283471
43	12.025124237238296
44	14.462887421243895
45	14.822325352437465
46	14.93335980970485
47	11.75873839704293
48	16.087483701033186
49	17.36723666992404
50	13.92399943485588
51	18.163256176994526
52	15.401592760196797
53	16.359999313882554
54	20.667862463608927
55	21.50862458393402
56	14.31212731614975
57	16.01361331472122
58	15.781980872716519
59	16.252976040432017
60	17.13362820798138
61	20.69733067173954
62	17.84112698113981
63	21.08487911976559
64	19.118864613140214
65	25.800338806091016
66	23.785563113462693
67	20.286525028692534
68	26.426418381652937
69	26.573689467920843
70	14.80977990492428
71	19.606094783266972
72	21.87683088517009
73	18.08716889638924
74	14.859329398548132
75	5.669415607714287
76	16.059365800560013
77	14.698642236496765
78	15.099331652872344
79	15.80745361831027
80	17.182326820520025
81	14.960324951202205
82	14.163611000926386
83	16.953473159879955
84	16.628760419558162
85	13.22848637931946
86	14.465851916778309
87	17.712855537217887
88	12.409399380885263
89	15.63032870511325
90	18.222798028932793
91	18.37487519738697
92	17.020530143506626
93	19.773684104743317
94	19.486719236075526
95	17.850264956457174
96	17.90315035230163
97	16.864955906227376
98	19.728672174625686
99	17.526043735649427
100	19.6065248381529
101	16.480767849456477
102	20.460409722294244
103	20.119669445106744
104	11.351752896425493
105	16.35211295005644
106	20.25501531692602
107	21.023284691597347
108	17.30033729794921
109	14.827964922815971
110	12.296996909493405
111	17.679122456556037
112	14.811198735201199
113	15.58441335555046
114	6.902613752447355
115	10.334051859676324
116	17.051429571575106
117	7.285606248267164
118	11.880893624815005
119	9.278364971541086
120	11.037498595965694
121	11.440288791030687
122	9.746721912469127
123	11.526483500914473
124	10.680869615598676
125	10.442462868562714
126	9.366642978621586
127	9.66707842335171
128	7.6958442924931765
129	8.973163466412888
130	9.205141737261018
131	9.51413423276276
132	8.586088001556313
133	8.879732945050629
134	7.676709724614578
135	7.2702661257200365
136	9.514045397923702
137	9.592588737007754
138	10.519937268935452
139	9.205055342072718
140	8.133374744243092
141	10.118517526339884
142	8.724215854163308
143	7.792534271354546
144	9.426449392811561
145	10.493892579474279
146	8.491595230461378
147	9.475268802204004
148	8.795492783471495
149	10.095031482336532
