0	16.019158430028675
1	14.443912746751195
2	21.07892611482231
3	17.780174055624236
4	19.28303100483632
5	24.45934890803893
6	11.21964068582689
7	9.850571134186696
8	18.332062466592607
9	22.0432507653867
10	14.088067699159094
11	23.760360124496373
12	18.731118540799486
13	15.201092632298964
14	19.941679534917
15	22.672216634137037
16	26.516578174326526
17	30.653163669754196
18	9.467280075755477
19	11.607030236127201
20	23.3131611973564
21	18.33880295239924
22	14.211527528914564
23	29.31486776930532
24	19.02652252775257
25	25.35089809221006
26	19.1663457129677
27	22.415836299579933
28	25.546329277605125
29	13.602236686156541
30	25.37808051681778
31	16.98952100239128
32	18.460138202932438
33	14.976025309689575
34	14.892542599301839
35	16.146975701148342
36	15.273512787519813
37	21.02520835782998
38	13.736418745008073
39	22.939331838557237
40	21.272193275315487
41	18.79345248225907
42	18.326760313220877
43	20.75286254342298
44	13.045200882166755
45	17.820365362590987
46	22.16162295887882
47	12.153666523789964
48	19.041313036100348
49	19.493825730112828
50	19.356642571390754
51	17.061527599674548
52	17.757977960376685
53	20.06680285582603
54	6.465171421720517
55	11.79661280684622
56	18.218575381910668
57	23.61927469563074
58	19.861869426674758
59	19.364898516026056
60	21.272607632810118
61	11.478352377971106
62	13.168333277190115
63	15.401418968432239
64	15.76427767956712
65	14.21505638588922
66	14.317265268185844
67	18.524508919730906
68	16.917260006214164
69	12.530624839640003
70	16.295173571359925
71	15.27380690077699
72	15.605142500775008
73	14.713813976918496
74	13.678656055086353
75	14.891398783064766
76	14.866257059858631
77	11.805195452546222
78	11.21304186775303
79	13.615239884614622
80	12.956645706276895
81	10.159093976057223
82	15.52903103608749
83	11.088098150832
84	10.909425812214996
85	14.441974795576758
86	13.49110517126737
87	8.957176452462104
88	6.276361255453595
89	6.150487606082682
90	11.89219986025946
91	12.976541604843813
92	14.509107680410764
93	14.699693377506904
94	12.27527304124197
95	16.295016858450506
96	9.74857596356398
97	10.078500505738047
98	12.299377384612146
99	10.035011899339528
100	12.293283721704205
101	12.115294564579033
102	12.848565201163074
103	12.9135993145302
104	13.774479365936708
105	13.421379793759671
106	13.231760625141145
107	12.473347616467102
108	11.50925090494709
109	6.89770458435371
110	6.149988286871018
111	6.787480362633477
112	15.429418906990783
113	8.19543959235523
114	6.915279534229895
115	9.594889585904145
116	10.105993467169004
117	7.234246638496186
118	10.297614813625524
119	7.361926230155625
120	9.27647355772138
121	10.579708135635993
122	9.785936276789123
123	8.743680872410916
124	7.99991904442769
125	8.638301048879423
126	12.9135993145302
127	10.640166204792033
128	8.893535395814544
129	9.403827607609225
130	8.109354837474218
131	5.128783209921156
132	5.841366551382406
133	7.558009335264861
134	10.871704152812965
135	7.216048459924016
136	7.441403249499677
137	7.092283474426578
138	9.91419306401694
139	7.553415679142582
140	6.801809947675019
141	8.110254279791214
142	11.28083858961823
143	7.66055018935725
144	7.2371673424525405
145	6.468926321959821
146	8.701866317932817
147	8.57441223573655
148	10.960175235827013
149	6.454344577865036
