0	4.640159334907316
1	6.803135565596751
2	2.717052233126511
3	3.6851304356440893
4	5.830729528644607
5	9.71012179577899
6	3.1917479634901316
7	1.7554794815938104
8	7.044067212936196
9	2.7169175501417735
10	11.611708190573577
11	2.717052233126511
12	2.716879154618962
13	8.005125313039615
14	4.167778815180576
15	9.906066401130643
16	2.2363235696386283
17	3.9259401466182022
18	6.550275642727963
19	3.438046607672021
20	9.688810574122472
21	4.639851579176814
22	3.197862610174991
23	10.168303713496712
24	11.853652165162217
25	11.609220575137877
26	14.976820551802033
27	9.928391192019257
28	10.40915353212232
29	12.333241446681257
30	10.408768852850372
31	6.803615976561501
32	11.371735834388899
33	13.05334640268915
34	16.89976671174862
35	12.56081718807219
36	9.215921916874269
37	14.287501262274395
38	6.562593214638696
39	10.50739222804193
40	12.693012238919792
41	14.736850834721622
42	14.494400361923098
43	14.977813938137011
44	16.900250318233848
45	15.971765766904179
46	10.387472653992782
47	14.775441316792786
48	15.892173576930896
49	7.5267339695742965
50	12.331510053920892
51	4.159579626892679
52	5.120594685316277
53	13.294477306653292
54	7.044004346421517
55	10.43064262646941
56	18.30286217275612
57	17.252774606444845
58	16.306403293200766
59	12.46780293869432
60	10.277109333322397
61	19.423633400393413
62	14.65352117677856
63	9.424327045446583
64	13.054081718641903
65	7.781661041385848
66	4.63056732894468
67	12.33289495460774
68	15.457891190934795
69	12.360076397320993
70	4.031444504075846
71	12.369242646942563
72	10.498290473237338
73	11.850998171268762
74	15.017928465604516
75	14.45669530705552
76	21.52535522835113
77	17.501066482361818
78	17.454248967140447
79	16.938837817081538
80	9.906793810664663
81	15.337112711417294
82	13.173165297507541
83	9.207584303162184
84	15.456864233176166
85	19.18472143467447
86	14.61596200159798
87	19.54232496626733
88	11.13133062747236
89	16.178917149445933
90	19.30325682402894
91	25.61372616234625
92	23.32260234699544
93	18.352969805204978
94	15.731595809330841
95	21.23673165822965
96	20.693606409526872
97	18.340503284459245
98	23.149801928522876
99	14.495222037720266
100	18.582468500880154
101	20.505753058582396
102	22.668154808478654
103	24.5933075606264
104	30.442023410546362
105	28.423097159902394
106	32.455517437108256
107	38.63971668050803
108	31.837589613980747
109	32.04408281393239
110	27.792191535475478
111	40.6975793400632
112	26.92411912056749
113	33.72645581180983
114	37.31280848415684
115	28.960111537183362
116	28.23227798178582
117	25.677208692315116
118	29.18216450273058
119	30.27357210178608
120	8.62391192291937
121	3.799031826322559
122	37.13751293775025
123	5.370439068266555
124	6.820128141628062
125	4.5041578860105655
126	4.654714849015054
127	29.634430556740384
128	31.16069121429364
129	27.96238071584093
130	24.301024599556264
131	36.63412442867578
132	5.375902656095307
133	4.279747425706779
134	3.5641352633182626
135	4.031928995032931
136	11.034478669348292
137	4.155679722445197
138	7.533003085169753
139	10.625741909523008
140	12.117866243594444
141	13.295602541955077
142	13.5037329002592
143	12.003016046594754
144	10.503322932276875
145	15.216776933152923
146	10.291527339284583
147	12.928059705952426
148	9.229009703435157
149	14.979374046873493
