0	13.70605916644653
1	13.228553890559176
2	10.552952571383564
3	14.11884263270482
4	12.518838801428311
5	12.095646206665604
6	12.34911281327238
7	13.326592121691824
8	14.765382087355858
9	14.392782140385007
10	13.0234114021843
11	15.803428564404623
12	12.693674694111548
13	12.660658122172096
14	15.233725819798595
15	14.675231026313327
16	11.502837982435926
17	10.2509850810826
18	12.780372871631705
19	14.003377461328018
20	10.236975066454207
21	8.203315945091859
22	12.183399023930072
23	14.66231637303554
24	14.913469817701737
25	13.118946518001533
26	12.951151090158817
27	12.609944795772634
28	14.800055590719543
29	15.769503519458588
30	13.498332389982933
31	15.113649424142592
32	13.884910050757528
33	13.826558827928897
34	11.756300935228744
35	10.157565555623707
36	12.094122574812241
37	11.527204031105255
38	8.756846857720316
39	8.306879411906106
40	10.796488300778973
41	13.706516723022895
42	14.421396898270528
43	11.417167404357581
44	12.75947962779023
45	15.786433100495438
46	12.272415099614978
47	15.654620521486825
48	15.031739361125236
49	13.737913031015479
50	12.654663848774122
51	13.930429691915286
52	13.09131684116605
53	13.612510263757246
54	13.224427534929495
55	12.37363059603866
56	13.39618923718662
57	4.718010800200277
58	11.762408389909094
59	9.420644925112516
60	7.867590063652803
61	10.898108837268227
62	10.410609459992202
63	11.86660918974867
64	10.191078499527725
65	11.675737785672078
66	11.05929431230075
67	11.098964057456918
68	15.342931097865744
69	10.84120808549911
70	12.977692845611935
71	13.576935400180313
72	11.097275503452314
73	11.524928813386927
74	11.780392850260137
75	10.381221061558977
76	13.059983199276317
77	11.440384051579782
78	10.045759111346243
79	11.922968022622586
80	16.543816143076782
81	12.95139528478783
82	13.860756128309157
83	11.016834458329429
84	12.744766839190527
85	14.644455774763337
86	13.221424625433686
87	10.758715702993241
88	11.235599273423153
89	11.415722414748524
90	14.225286012395147
91	13.890174982843577
92	14.546222170384015
93	13.93906683037453
94	13.67213566277738
95	14.431396422523386
96	12.664088982365486
97	13.35620906461811
98	10.201225970082321
99	15.767999412937911
100	12.052208155996
101	17.660010243579777
102	12.179273577700668
103	7.563094995300895
104	4.812860954507757
105	8.422998027133238
106	9.848749240479648
107	9.344232703611144
108	8.298013588606933
109	9.814802200374748
110	10.030404101995886
111	11.92425254457578
112	2.9683069175000885
113	9.786169803796911
114	12.119202744690464
115	9.275953147888586
116	9.627062723544084
117	10.51407671218667
118	11.382411044268425
119	10.613198725693499
120	13.467266790471635
121	13.202562404219675
122	12.914572242579721
123	11.92611253004568
124	12.812141162501323
125	11.292364801164602
126	13.315143067786424
127	11.927726301651235
128	12.408655764261486
129	12.265804749708549
130	11.356674939068512
131	8.817868075794188
132	10.409816244605638
133	9.227453211115623
134	11.975033181776347
135	9.424897401927254
136	11.8111311847082
137	10.438340514210388
138	9.21063299374667
139	7.108448762276233
140	6.875546363975145
141	7.309961493721061
142	7.193705316738305
143	6.621855313446986
144	8.044725408974527
145	7.428578290571091
146	7.045494661422921
147	8.189927224565865
148	6.59800007711414
149	9.555535561784536
