0	10.571025970744833
1	10.993291758481158
2	9.17031794900411
3	12.852344925209183
4	11.715762690916945
5	10.432840353968972
6	15.093231937035902
7	8.91031012955699
8	13.1262885848431
9	13.610209123733933
10	10.08368390620552
11	10.99114889853015
12	11.248094836855227
13	11.832396994108032
14	9.733781616508931
15	11.843589881838348
16	12.749971009439315
17	11.948474347069503
18	9.054789540672578
19	10.315662244764328
20	8.334907033989163
21	16.10867372816919
22	10.691077956792912
23	12.24246980510611
24	15.944933347473325
25	13.113059634513158
26	17.30791147730529
27	13.203323951103428
28	9.5193256023548
29	11.27110647955206
30	14.63704385039856
31	14.699385381649716
32	16.031722894442094
33	16.37686960279345
34	15.675780884919272
35	9.143438888570635
36	13.824816644605379
37	13.453592765517854
38	15.143852559518983
39	11.672990539102258
40	13.626456577238478
41	11.571350063050378
42	17.888097842603116
43	11.12951478583882
44	10.319580257427887
45	14.661522149757728
46	14.011919910951518
47	20.572164457118824
48	17.35237271808847
49	18.19211328585709
50	12.910400928746663
51	9.825912261816127
52	10.319102348432653
53	9.849927837235702
54	18.054739535712695
55	14.241541451828867
56	16.14258891393411
57	11.597938249735707
58	17.810120040817107
59	12.270874449659871
60	11.506030208251035
61	15.2202955886979
62	10.057843295501163
63	13.110836864492114
64	17.077650678498877
65	13.113182940710209
66	11.83140067253685
67	14.628163826026324
68	9.151484544015133
69	16.646614673608486
70	4.489536856893785
71	19.187540855863194
72	8.128202677308876
73	11.0160050157362
74	11.708428014797626
75	10.555617517828615
76	11.947915123625606
77	11.016415278070841
78	12.877365278597317
79	11.133973796338143
80	6.483807848453084
81	11.226540363895447
82	9.617626101850497
83	8.802024944229212
84	9.967353938808015
85	11.714995568453025
86	12.76303614550244
87	14.395264037047063
88	9.617714510067248
89	13.461968099644436
90	8.120376557385493
91	8.193666941823215
92	15.459810285263348
93	13.696149359203885
94	10.66585993312232
95	11.715433794403577
96	14.976580243195
97	14.161422151143036
98	13.614589038321146
99	12.844751159737994
100	11.390531552176784
101	16.25786574533585
102	13.443582029567343
103	15.314174210509362
104	12.299881688829574
105	15.56030742313027
106	16.254922554230017
107	16.0970457018241
108	15.289930661991555
109	14.396491183916748
110	18.349702752174434
111	0.9949848866227351
112	4.60927420390572
113	16.024547284006886
114	9.99357004966282
115	11.567577421699262
116	9.618334736740206
117	10.316426656372219
118	8.918213089472218
119	11.599455319954922
120	10.92499604355337
121	8.664964516763007
122	8.801703299895546
123	12.21369413042987
124	13.892160929514539
125	9.850564271090969
126	9.850837152482663
127	11.719049476217139
128	14.971181514480138
129	11.481428460159032
130	9.403607639272128
131	8.899174067967126
132	15.679361642522027
133	4.033043328775493
134	10.409784360229727
135	11.624114051804733
136	12.61854760809352
137	14.977007023527955
138	11.273845494331484
139	12.38712037522103
140	16.409417727673254
141	10.067121560152778
142	11.964269843431156
143	11.694116503242148
144	15.697436113059354
145	13.09579350564553
146	12.442471881740856
147	13.754591936846436
148	14.071260681817597
149	12.911374599222826
