0	5.685174691544101
1	9.114150047420418
2	10.76862352042389
3	13.506809321357052
4	12.574179133116132
5	13.720431943940445
6	13.06390826715323
7	15.68787140691606
8	14.327929279260218
9	11.85255444081561
10	15.435016078344105
11	9.840090836125558
12	10.016979212314435
13	15.676725458790878
14	10.615273816111811
15	12.444977846963386
16	14.497851901268834
17	15.884185245440316
18	11.837734807879844
19	17.527853807449546
20	14.64566387739195
21	12.294464210629888
22	16.509264139180026
23	12.00514179161881
24	13.17509259463276
25	13.907177666820369
26	12.709515593284552
27	15.625579246591563
28	17.240465085917847
29	14.405954936485589
30	15.7894148374492
31	18.028704455663984
32	13.089978093957289
33	15.944995477749659
34	19.63629413825109
35	13.244642788136554
36	14.973743911972354
37	17.60091921159792
38	9.807210200339245
39	17.198208704684298
40	17.657130132161164
41	19.823030638277693
42	13.476069913893468
43	12.771977651220078
44	12.581772109708297
45	14.01980438420333
46	16.31362256772606
47	16.057239504522126
48	13.362715970827294
49	15.576390821379398
50	12.289298211931685
51	11.546286852331338
52	12.063447262548248
53	10.377143332715338
54	10.437365188767126
55	15.171107181645166
56	9.527740047526478
57	13.74529380685692
58	16.174987380244268
59	15.102133372565143
60	12.067488681208319
61	15.683928526852323
62	15.185477196790023
63	15.255884090192895
64	12.707691924275078
65	12.219312527487556
66	12.374838319669633
67	15.990413163697498
68	11.427208425329077
69	14.50807320281302
70	15.739483756494838
71	10.818011515921048
72	16.740024845417484
73	10.325465473184966
74	18.32832740690541
75	14.549337087430725
76	15.054467759807412
77	18.222373737613346
78	18.534727657857314
79	11.92889903533014
80	11.132613643621172
81	15.49923834849619
82	9.69706991198656
83	10.173538407063692
84	10.615172279298699
85	14.945593839645001
86	11.772132106549337
87	13.986248280291745
88	16.464176619811035
89	10.044801380072693
90	9.424480876092522
91	10.071446158234
92	8.986826608869043
93	12.822779395064243
94	10.794186539377082
95	13.496912699357939
96	14.372155497651974
97	9.515507714290726
98	16.301623483175803
99	10.741236935921442
100	11.391543640459023
101	7.457071336778963
102	15.110762767678143
103	9.964805535088507
104	12.737306719327325
105	12.944487928116784
106	10.044135161145597
107	9.86457604597502
108	10.122495179627066
109	10.613860005796028
110	10.822233584989858
111	9.11973956507592
112	15.354893357578254
113	8.779682361207636
114	14.789824558094027
115	15.511601385858581
116	14.298364588627777
117	9.528280959254912
118	9.57905045228358
119	11.960956545933534
120	10.66541605830053
121	11.754908439607082
122	11.131022292776626
123	11.029400593106974
124	9.269011762600215
125	12.097945132622895
126	10.585179240589023
127	13.771930092428786
128	11.649922404005423
129	11.287799024695339
130	10.562904895539537
131	8.958344239323088
132	9.320511318549666
133	11.339129960077287
134	11.597716487664878
135	10.666937605721488
136	9.165052053209134
137	17.293068095158834
138	11.729032799165402
139	12.740239235409152
140	10.869755625916357
141	14.102617064383578
142	12.478245599125861
143	10.303798193207927
144	6.887878068846992
145	8.906246112300318
146	10.09694464428746
147	6.473589124177759
148	10.718091304877694
149	9.476066866404842
