0	3.9261402187585235
1	9.439557070202614
2	13.386104355893545
3	9.819735461288053
4	14.363616103670035
5	13.231037900416625
6	16.05681583499952
7	15.491590680005544
8	10.700166417055073
9	13.599467907748288
10	15.113924932102726
11	14.650850926982084
12	19.08199094618533
13	16.680035631144833
14	17.997016031520193
15	17.76382132628537
16	14.620546618570847
17	15.144065866551177
18	18.009749798318076
19	16.456111314679887
20	16.196178350608946
21	18.570860278390406
22	19.05956307334896
23	17.43041221219443
24	14.929506647418847
25	12.797395660642055
26	14.575541886018856
27	18.019879370667244
28	15.662323768242095
29	22.24372167641469
30	14.851045593074044
31	17.020216284863956
32	20.289825934048626
33	16.5693221097982
34	17.294036638575523
35	22.575653558264325
36	18.241298209536996
37	20.517576185232645
38	24.8806805135945
39	17.24911621687351
40	19.369616255881873
41	19.251059649780103
42	13.13397494412714
43	21.41200039680175
44	14.891101277331492
45	21.66471711339314
46	15.280533374265207
47	14.100047569729936
48	13.87975900942751
49	21.598614938749783
50	19.825743346196756
51	21.65943964249786
52	17.154410587431336
53	23.093756032468512
54	21.148784013716092
55	14.824703105961367
56	21.223653670261054
57	24.685278555947555
58	21.41346235634299
59	19.379362431442797
60	18.182514009480112
61	14.643933391043651
62	19.242805518788856
63	26.394885822669057
64	19.583363383191735
65	17.22891410516286
66	2.3740677259626217
67	27.66036751953295
68	17.00684717219157
69	12.783577406055695
70	14.666265150724305
71	18.26888869204991
72	12.891267790721637
73	19.768118392628672
74	14.330134605234367
75	13.084992600326768
76	18.21203356066532
77	15.411911322012422
78	16.838385076367434
79	15.196049271344123
80	13.926325489222425
81	12.931250720799794
82	16.8214660985666
83	12.550661715339817
84	16.18382252393625
85	11.529425201971781
86	3.418817787780993
87	27.30978338717952
88	11.496932798660213
89	12.540222086337637
90	7.610216141025934
91	15.615488225663098
92	12.060101523014769
93	9.667477163158823
94	14.625189447879686
95	6.782461485930548
96	12.811368595225906
97	10.451435001992856
98	11.00723717758202
99	10.94407199133341
100	9.443034847073687
101	6.526270339771425
102	8.9068980322355
103	11.980953904799485
104	8.900541009497077
105	6.807010707510953
106	12.310781078232617
107	7.823836055931002
108	12.285837629057932
109	9.178258474951486
110	7.306741574158225
111	10.220026392311762
112	6.133893211622326
113	7.982784354548292
114	12.545859392303097
115	10.319915908939137
116	6.435223124893869
117	8.60243005731412
118	8.110947278883804
119	11.364695223136682
120	12.670886767042436
121	13.842574375130813
122	12.707844113187644
123	13.667815328056982
124	14.72954509669385
125	12.864361486071031
126	15.014073568998043
127	16.18663620579118
128	12.0177535374666
129	15.668218127915903
130	15.14216909700024
131	14.103164701795809
132	17.43192608553139
133	13.05855208941038
134	16.372288969823234
135	14.960620152293068
136	14.892535797659532
137	16.750698767753697
138	18.218899683592326
139	16.68986320616736
140	14.672638752386087
141	17.9329325295641
142	16.532216446014264
143	20.610701229000963
144	18.48388572814772
145	20.61852390965645
146	19.36463767255128
147	19.518469812356663
148	20.876479426004295
149	15.665194371956003
