0	21.739206800625453
1	21.15412282215011
2	17.038931882627036
3	17.231142010387355
4	20.706257446481406
5	21.46607140864658
6	14.589645672992642
7	18.589349362056538
8	15.440129868511537
9	18.457309870993864
10	22.06919012468969
11	17.887449622145873
12	20.75976252338098
13	22.170865189645276
14	21.7493078816584
15	17.79221572804743
16	20.006143521530245
17	14.690501361456535
18	20.29732092206155
19	15.342832362055173
20	16.755518974214212
21	16.14721526687985
22	14.108954705028813
23	16.14678194212527
24	15.903776840999399
25	15.115064148052829
26	12.927505313008332
27	16.514960023965727
28	12.94635570527288
29	16.990526202585237
30	18.403639667121602
31	15.387287843525613
32	19.014636705077862
33	16.710981654733967
34	14.307580389951108
35	14.865595325408554
36	17.846281886478334
37	12.84651945068428
38	20.304598794462937
39	11.68128600551441
40	15.285693866757407
41	14.972455637779309
42	11.119948082156252
43	14.16519178495505
44	14.299961081336772
45	13.512459841348898
46	14.635492575963681
47	12.029545776297086
48	12.251153920844105
49	12.798088185827506
50	15.157081996068557
51	14.024870490902119
52	16.338967324990367
53	13.932183042567093
54	16.46888612143186
55	15.353387001193068
56	13.308692288399822
57	15.067518649384892
58	18.36085035886481
59	10.349048453054227
60	15.484280749209502
61	16.85286769498538
62	17.368142837318345
63	18.31184799017032
64	15.013273610671153
65	16.199475174499767
66	14.578677174980443
67	13.793838620774567
68	16.675425723334232
69	17.544501630639232
70	16.799644971698665
71	13.981443396027759
72	15.067949027417226
73	16.941494947421404
74	11.810869828486856
75	15.243394154014974
76	21.143524164893773
77	12.662307492394026
78	15.949491303813957
79	15.245430476980948
80	17.785550838576825
81	17.526443684732335
82	7.361357908923254
83	16.701056892523358
84	10.954087452591244
85	3.37040670999646
86	8.702418735650209
87	11.412241699719992
88	14.076210502127763
89	14.446965608837008
90	13.27130245431578
91	14.310836871792695
92	15.058088037202946
93	10.871464219232468
94	11.588143709572757
95	15.85668978142697
96	15.297339071714433
97	6.629406238679736
98	14.714272209675173
99	10.799987572048881
100	8.655234768696268
101	13.211142387552556
102	12.18286545079945
103	5.816189307070785
104	9.904993069753042
105	9.52143340430159
106	8.987699667407494
107	9.827993720329975
108	7.856543496207362
109	9.266557977772724
110	10.394687686873132
111	7.573356016005603
112	2.442294028398076
113	6.002229284224433
114	7.210258123249263
115	7.742847982990128
116	6.534736535356734
117	7.947803919516183
118	7.5718424734264795
119	7.665144175160252
120	8.325506678831548
121	7.868025221416956
122	7.08731273309036
123	8.607814128118488
124	7.948094115164035
125	7.194295544537659
126	9.287954937294641
127	7.950271052548089
128	9.055924406114807
129	6.817688268505517
130	9.7378130875079
131	7.971744780658641
132	9.238705480044278
133	9.737993659041594
134	8.883139086610958
135	9.085380446738148
136	7.289152553148206
137	9.360841859681807
138	9.078835409607375
139	10.208810821278876
140	10.137462855153478
141	9.362401413459544
142	7.834188569429828
143	10.149594505399733
144	6.608411676377191
145	10.208430182639793
146	10.680707320722394
147	10.114705321259526
148	8.136048775941827
149	11.528579551803098
