0	9.880946261215193
1	8.448847216236953
2	7.438503464414921
3	8.942225665756991
4	9.409792137297423
5	7.4593330471276165
6	9.011929512652774
7	9.613038191395466
8	9.692629264905444
9	7.871025763092806
10	5.975507265629342
11	7.892651003748387
12	9.8173096451759
13	7.773096663175795
14	11.267727986798887
15	11.107532512374535
16	9.013833621598636
17	10.145937045280009
18	9.236154026077333
19	11.46714703750535
20	9.180694645010362
21	12.906951656923377
22	9.738584810511446
23	10.326063724144745
24	10.776799475071302
25	13.305191674610704
26	9.618103948808681
27	10.48625952040503
28	12.034900856578105
29	13.110785524745424
30	11.503080361170655
31	12.228982849212974
32	8.49737294428486
33	11.657590778580673
34	11.537624563027165
35	13.196835703117578
36	10.403761534548813
37	10.148293452502541
38	11.584321908442996
39	10.857694190755163
40	10.75944798355125
41	13.285808689793713
42	11.971553916348912
43	9.699987547291222
44	13.722200983647255
45	10.45182101457261
46	11.095405515322497
47	13.764424329490732
48	11.079221643632934
49	11.529104842864234
50	10.815704812525555
51	11.871290986640608
52	16.063595060628995
53	12.675751323149207
54	9.966403328602027
55	15.2581836482819
56	13.188490946099519
57	14.522420208748043
58	12.261849411829646
59	13.238857269936998
60	17.163967216701487
61	14.805274382141457
62	11.5593504100211
63	8.195869931421546
64	13.239480892601454
65	10.79696848164141
66	11.383959840420635
67	8.771088674433317
68	9.189762372620557
69	13.348936330324186
70	14.574866299933419
71	11.524929302965367
72	11.932277933071274
73	12.864338397858473
74	14.511427723140805
75	9.538199894271328
76	10.663974194521343
77	7.443128608585943
78	10.00136720771287
79	11.302369413449199
80	7.327064648448654
81	13.259848267561638
82	8.695187645891933
83	8.445826267411459
84	10.437819405802667
85	10.56447672047248
86	7.0957748970526895
87	8.117794710643183
88	8.924934511355433
89	8.143807138207112
90	7.433951472370446
91	10.141603773566901
92	8.662810780882426
93	3.6323782657068913
94	11.187641215764495
95	7.473178976934216
96	5.786846791810656
97	7.4542818876176735
98	5.814252481284118
99	6.782704391869844
100	8.12185863187734
101	8.496596068141166
102	6.240059583802296
103	7.304155657497666
104	7.9096569443304885
105	8.186176485209169
106	7.1659094251344575
107	7.877649178257046
108	8.789494993681274
109	8.05897672818688
110	6.561031885328603
111	9.099941413279497
112	7.283234601423195
113	7.774581690330463
114	10.55869004750929
115	9.838938372057589
116	1.4018388833756594
117	6.48066553995331
118	10.103343152702745
119	11.3719823897408
120	11.539348024471217
121	9.912055290397355
122	8.513257645433288
123	11.458147886828723
124	12.855770927041043
125	11.195598935309691
126	12.666203589207665
127	12.9854691932064
128	11.753231986154258
129	12.10168444455508
130	12.32258250811309
131	12.139294460226841
132	15.670555495909303
133	14.027960699683137
134	12.369148601873922
135	13.557580130797161
136	13.15061016640765
137	14.48190818851205
138	14.5392415244316
139	14.955171647514392
140	13.453515034848532
141	16.648837039379046
142	11.675872892597674
143	16.861747041643874
144	14.927840434371792
145	14.613201940827826
146	15.673843609954528
147	14.893681644165904
148	18.152774287336552
149	15.511667777551871
