0	9.455257796016435
1	9.938308805309216
2	11.863595760648344
3	16.644540710086137
4	13.636503506725266
5	10.981604964405808
6	13.795565512504076
7	11.580948545767667
8	17.21582900412941
9	14.525418376932391
10	15.663571035105218
11	16.610827477978773
12	17.946499147364772
13	16.294929943191452
14	14.601903150949042
15	11.599036297925347
16	18.150446127066846
17	17.13113711102525
18	16.23301804261586
19	15.753175377107661
20	15.641313156838606
21	14.732926935928445
22	16.292991563295853
23	16.560914130974055
24	18.218286809859443
25	16.56983944570738
26	18.392751230497296
27	16.561073928767218
28	22.693277362704602
29	18.1190396261502
30	14.74342566772713
31	14.489833756380483
32	13.01942159514602
33	15.69534412196925
34	15.017569780023118
35	16.351487409150923
36	14.186025621508644
37	15.448432510080456
38	15.681859047012374
39	11.533466033230937
40	11.554352054469488
41	9.086551181638706
42	11.830048801866031
43	10.855958071907498
44	11.06325284005816
45	11.812609138862667
46	9.64190795005017
47	13.077644262944885
48	13.957801827289709
49	11.565688832192913
50	15.015103479031072
51	15.029811104500505
52	12.531334714234
53	13.85053349959366
54	13.29527262834488
55	15.436971006007946
56	11.11029059090654
57	13.146085898888503
58	13.87954273769828
59	14.09598663490119
60	14.003370734355288
61	12.115203554004525
62	15.918870234962263
63	12.852255576328236
64	13.642914963497855
65	10.31197471640387
66	13.404242240330984
67	12.8593860050277
68	13.42084024847205
69	12.497111449092415
70	13.25077437174656
71	13.132904603884167
72	14.296257029849123
73	12.754636188373624
74	13.463288800604996
75	11.194984400039642
76	5.477042672420256
77	11.414819685512043
78	11.273628814452298
79	10.769514473781605
80	11.280812967980104
81	9.373373895782645
82	12.854222144172464
83	10.633509245240276
84	7.173164184680802
85	10.860943460766476
86	9.138013159654816
87	8.593737405898365
88	8.652637253777408
89	8.965644277382884
90	10.423508359198655
91	7.428218725087211
92	10.386775324991726
93	9.341218462082104
94	9.350277166149713
95	10.289875824126808
96	10.98306400824528
97	10.845895985070815
98	11.008292726349639
99	9.322424639484883
100	10.317266738565742
101	11.65340325605538
102	8.303482451889526
103	10.44210768991096
104	4.1957230148287525
105	7.713545433860482
106	8.970215809926186
107	9.16365293189068
108	9.268828719696115
109	7.745441063853631
110	11.998874505216415
111	9.514329867324815
112	9.1822466837452
113	10.527535143664801
114	10.795493299300375
115	7.580065522822593
116	8.869307688163186
117	8.513563184874195
118	10.454351966407605
119	7.735675530760047
120	10.668388348923768
121	7.9047773416121245
122	12.415691240498763
123	10.343779910733272
124	10.68668931203631
125	8.403684673042987
126	10.218541777148765
127	9.322668296555307
128	10.822587233278353
129	9.910857244884644
130	9.568330596911117
131	12.572545899116577
132	9.66193329670674
133	7.973480703351678
134	11.12735317553393
135	12.175554168771423
136	9.067207089299854
137	12.751100058728493
138	12.17999679403009
139	12.271488292988796
140	9.509168183836936
141	10.465325480805857
142	11.87217555191043
143	11.576181819367672
144	10.851246505279994
145	10.442798776118657
146	10.449909968714724
147	10.579079258030678
148	12.052959434377009
149	11.871525056305579
