0	5.134954372179049
1	8.589040111558301
2	6.363023442411679
3	7.0974846730410235
4	6.839265779185805
5	6.866935269082241
6	8.82071741088693
7	5.3676960065991555
8	7.343645799016205
9	7.3438442468607175
10	8.325531290806136
11	7.588972113605729
12	7.60481117605603
13	7.818956673409932
14	7.8491259347080735
15	8.065064719389035
16	5.380715514431001
17	8.345056978388849
18	8.078065273260085
19	7.083228522340647
20	8.080273625028322
21	8.325759723377548
22	8.325075033559685
23	7.483052372265512
24	4.766588759398747
25	9.287442248183714
26	8.44800237520071
27	8.694038474338305
28	8.56936642615859
29	8.591013257033314
30	4.390234268810914
31	8.834686179509232
32	9.287528246301036
33	9.061079965451933
34	9.082659246955917
35	6.83834990410074
36	10.2884864222404
37	8.35179196004725
38	12.243946801193951
39	11.270710824955694
40	10.896891658992946
41	7.941027179951588
42	11.791546599550735
43	12.983447392861462
44	7.3432479518319145
45	12.469920197616414
46	13.233886598204345
47	12.742585200322695
48	11.512668948427963
49	15.435807480693011
50	8.594250863658102
51	14.46066186594495
52	14.919518496045281
53	13.513076378252729
54	18.829056518661645
55	7.361183120093941
56	18.58039262852839
57	14.709705330038187
58	18.142612635049552
59	18.631835257667355
60	19.85957677206711
61	16.959378567545244
62	16.669149618364976
63	18.37708018062898
64	21.973423676849
65	17.241582355730582
66	20.09916834541004
67	21.5268486599752
68	15.93278939817888
69	26.73014390912831
70	25.503154544435183
71	15.81054239937165
72	17.61635847725355
73	49.45673962191487
74	16.460742166132473
75	5.735379879518494
76	32.014333528297605
77	9.574344595680795
78	11.733555549213188
79	14.707046830158367
80	15.689634505957399
81	13.722756362437774
82	14.247321929800744
83	15.439927751650197
84	15.65333638059207
85	14.38017663069656
86	13.56103069411379
87	16.09439142084741
88	10.901981104586966
89	16.385362134556328
90	17.403022089732136
91	16.672341259924103
92	9.796964196654466
93	12.743427400357414
94	18.879046494101487
95	14.950760759289716
96	13.724316343153104
97	17.895648988624888
98	12.12908439304266
99	10.165503821283641
100	12.742825304906084
101	13.232134607426444
102	9.82163265433836
103	11.979020074728338
104	14.982999279861376
105	13.205912552964083
106	12.006271532810779
107	10.043367851845003
108	16.459007037750357
109	12.227040138154821
110	12.495182509165533
111	14.745766550978379
112	11.270605465565861
113	15.06958232656246
114	2.558011854213805
115	15.165238434893427
116	13.353937633339704
117	21.273027586634743
118	19.241989479853444
119	16.1786539364872
120	19.195435856824954
121	19.982087052978333
122	18.998830628661562
123	22.56078208772907
124	19.123361103050453
125	18.8765041864142
126	21.08843630878449
127	25.013086455183714
128	7.355859119514966
129	24.218354618748304
130	16.95986759388124
131	12.500012341524885
132	17.85503485174086
133	16.464214746934324
134	18.347303014103183
135	18.13686299728239
136	20.156300453521958
137	14.33823223531349
138	17.23591153445423
139	12.744028659996784
140	12.006609635889427
141	15.441988752354852
142	13.514360229574764
143	16.177725533570385
144	13.971706914097489
145	16.133177277775477
146	16.66867187355411
147	15.934006961701359
148	13.757959347895488
149	15.158610206183878
