0	17.80346945919416
1	16.84620634835675
2	8.349572407935067
3	15.643662240176068
4	14.8593935255627
5	12.901189254595664
6	15.512441590665846
7	17.41858124015137
8	17.63405845230404
9	18.743510315771264
10	16.439188931123123
11	17.782339666580263
12	20.10598975049461
13	16.651086208414448
14	17.577120018279395
15	22.199885815804947
16	20.31649608007888
17	11.30901094949625
18	15.36389831453362
19	16.034729401462073
20	16.611421246582008
21	14.84581413722993
22	14.650219261695941
23	15.302248082095264
24	17.64801261381436
25	17.972264568737213
26	15.798176466710755
27	22.56984176351223
28	20.89995652247317
29	17.314782402296363
30	19.68400363002036
31	22.149722933286796
32	22.090744569511315
33	17.26366043510744
34	12.50075490652368
35	12.899232382179408
36	11.329008180216482
37	8.647869026551678
38	14.19595913211581
39	11.052134385482276
40	11.302326305989038
41	11.519393537998972
42	12.051398961779944
43	11.164329131905461
44	12.225914144103669
45	13.90944479661652
46	15.707929244366213
47	11.35625194719617
48	10.338070729063087
49	9.33924053168795
50	14.64405159079764
51	8.329101616349174
52	11.510901830378717
53	12.034453865508594
54	14.033692782448604
55	13.35452633998276
56	9.753992676998948
57	10.652915756408184
58	14.306742168965505
59	15.349908862366256
60	14.050817272061256
61	15.141172463401206
62	16.35817125777938
63	15.171845673311996
64	15.61070106607252
65	14.759597675265356
66	16.6138144281231
67	18.542306784168115
68	18.094930944676463
69	11.303598397384672
70	12.22602992221244
71	12.904861331953992
72	14.336641578677728
73	15.140884187907371
74	14.921108574385611
75	14.056311769929376
76	13.764115986475684
77	13.305131537604083
78	14.633550355701827
79	9.48695533333564
80	11.739636590707908
81	12.787481656889582
82	14.584472591989645
83	16.74224413809504
84	13.92909129940283
85	16.019374180352088
86	17.770680406861796
87	16.057203109548816
88	14.319014036480814
89	12.889332751614479
90	18.00372171696738
91	16.510235045098238
92	16.420465963228686
93	18.206477021669382
94	20.72389477095336
95	21.713978778152388
96	21.789763895175437
97	20.675689262828605
98	20.78281634155312
99	13.900040769708081
100	19.603622459802192
101	21.441120360109426
102	22.73437672963021
103	15.852142440001028
104	16.51373164407735
105	21.578843141810644
106	25.65007552245955
107	20.867591255920235
108	14.088700177194236
109	23.94402897265192
110	27.220025278192356
111	3.362097831638785
112	0.8043436601530894
113	18.361528831667698
114	9.746287726446754
115	9.21785193903883
116	8.919839744573498
117	11.206481569109812
118	13.475188031787507
119	14.026882096725068
120	10.920471903820596
121	15.18868342487386
122	15.185196733288834
123	12.618232779249832
124	10.626442278919837
125	10.628833909979603
126	10.603281973812948
127	15.216639517291965
128	8.339668407228599
129	13.779469491686628
130	12.754281068939978
131	14.880237263490526
132	12.497671441251466
133	11.752580983658211
134	11.613239528078454
135	14.50776167826635
136	12.591277895416829
137	14.611477946545829
138	13.777367308525113
139	17.055689991021495
140	15.454132370929475
141	12.741485958028607
142	12.938744080436019
143	15.173440280727531
144	5.774763565287314
145	12.925709021425378
146	11.63461562338629
147	9.604882226031217
148	9.342102548636271
149	8.223393365126107
