0	12.724795694036011
1	11.68879056327989
2	10.747177716260213
3	14.231687635284628
4	13.196659411523587
5	11.500772238397177
6	13.478557574742997
7	13.666518540595913
8	10.67591692605273
9	13.26162617305624
10	8.6749873024838
11	10.182809468232442
12	9.33433332005098
13	7.92229930276891
14	8.016181461236492
15	12.725398335136324
16	8.769640594461764
17	9.075356711995314
18	12.127112032314914
19	7.546419876475862
20	9.993239618634256
21	12.349390837275509
22	9.736848220458596
23	11.500230835546413
24	9.24110694201169
25	9.685680563696309
26	12.536213320991576
27	8.959064619841246
28	10.087877706967232
29	11.029176727311606
30	12.726241774599437
31	6.509249604187371
32	14.890758241123788
33	9.451947332441389
34	13.010027329300085
35	9.990724035289244
36	8.186563599580262
37	12.348223138449157
38	11.405739067204713
39	11.432642116624766
40	11.411324264996832
41	10.625530835823275
42	12.348223138449157
43	11.689230574619454
44	11.87948653990074
45	12.251849643460767
46	13.949831820852035
47	5.944021889702331
48	10.67541562052984
49	11.597568657940954
50	8.20377284213981
51	14.483267329655693
52	12.254165558767815
53	13.383493064530448
54	13.290460291873845
55	11.525630042220683
56	17.206702099479358
57	12.570483462091468
58	9.122668317512339
59	14.137783311630619
60	16.577587167693565
61	18.62289769562115
62	12.504500430624955
63	11.029901413165527
64	13.478301836550438
65	14.073765317812262
66	14.238063976522277
67	10.465248297284921
68	13.067394607387723
69	11.971643063628827
70	11.783072847476106
71	17.096963804174457
72	11.192156635761146
73	16.304905689468534
74	11.594837339714969
75	14.258591193690235
76	15.521155274773413
77	13.47254089231868
78	15.025985408953197
79	15.36808573072711
80	13.630490707230589
81	12.912405145679864
82	16.681472634687186
83	13.47907003611078
84	15.55026133538936
85	13.666258088888942
86	11.218039139540164
87	17.055736861486533
88	13.855785529582588
89	11.971190937042895
90	13.70366156460109
91	13.067271185083694
92	15.361913005296698
93	17.48148735581492
94	17.709281238122944
95	21.24571128706598
96	14.79489068512233
97	15.645484263258966
98	20.63686524703406
99	16.020825656995672
100	18.14188302934039
101	18.75218294696457
102	16.57822327636968
103	22.656929777523555
104	18.65890807134816
105	10.27631629298026
106	28.623727312127706
107	13.911696061179512
108	14.358437430851808
109	16.736770516297206
110	18.56329871097542
111	19.74810453753344
112	16.774203934243594
113	14.287869201028627
114	8.20520414118357
115	8.110725688446584
116	13.5131042828462
117	13.537092834197901
118	15.775465044707294
119	15.744036232572135
120	14.891042180065048
121	12.785169176604347
122	17.998962627686673
123	16.115924281447807
124	18.375132773395432
125	15.67820229528947
126	8.469573720337308
127	17.62243271321132
128	19.55770414784704
129	13.536836636864546
130	17.90771822088574
131	19.691832837403386
132	14.513930897949287
133	21.16227369612352
134	18.138751977563462
135	17.08791233565562
136	16.695415144337364
137	17.43324257710766
138	20.76814459428964
139	14.984787620394183
140	19.129618139668015
141	23.48484624257979
142	16.287414067340283
143	18.405812949619605
144	18.62676515000283
145	18.832554876009517
146	16.925265662499893
147	15.696837715056459
148	17.198657886021056
149	16.011008008978482
