0	4.5408856769106665
1	5.2820319403394445
2	3.375937328791137
3	3.5568008749178786
4	5.091891662243955
5	3.575273870051708
6	3.3692347906383473
7	3.7488128814214248
8	3.198754690816214
9	9.259674262345941
10	4.530395748898
11	6.527049811410773
12	3.4682519496208304
13	4.510614349414597
14	4.424223716286274
15	4.815294055579351
16	4.901449654019225
17	5.175273843956028
18	3.6611312584968623
19	4.338863812176413
20	4.329003661740839
21	3.559682111360881
22	5.102025464625688
23	2.7028600807256202
24	4.235267189295959
25	3.947982901629085
26	2.427148922116551
27	3.1860941781275747
28	9.28336360747061
29	6.412296974755075
30	7.203123384060546
31	5.267732525967257
32	6.239085055439074
33	4.995821534005299
34	5.96246668966803
35	3.565735058269529
36	6.997932935830753
37	4.711118698226695
38	5.269485636621
39	5.081164601519978
40	4.4335052812265
41	4.231551372084349
42	3.001663297570814
43	4.323180418052145
44	3.182175510379987
45	3.76660638515364
46	3.1793302352190063
47	3.000617362666609
48	3.94767412246253
49	3.1793834713408957
50	3.7572801781841587
51	2.6191880345802154
52	3.9466112021215274
53	2.7989178056680633
54	3.75715054163733
55	4.528947532800158
56	2.799031792570559
57	14.08740380718379
58	5.2645610826942
59	5.8704754102465
60	6.88346200972016
61	4.808626877343784
62	9.307798935410414
63	14.928887405174743
64	4.156020154502184
65	3.939324214852922
66	4.7194832165059175
67	4.225658046917039
68	4.996090156210556
69	19.814183195628225
70	4.12955704629642
71	3.000891146619276
72	4.711076817088009
73	4.889380327715051
74	9.494040901400332
75	4.402929492822651
76	6.637210649623552
77	14.352872893733318
78	4.427664914875464
79	4.98648088348894
80	10.80310090201576
81	10.433336138002371
82	15.23404432043054
83	10.746159309652844
84	25.74919815038877
85	27.957633316715615
86	24.61496238739866
87	21.22971603174872
88	16.099908314201368
89	20.050255727911047
90	8.618794312001922
91	7.4569760001957635
92	3.3791140546860836
93	11.304208620542225
94	24.166374126575697
95	25.72495174545077
96	22.25713947575549
97	31.19956031782796
98	9.76145584582906
99	11.372810976895204
100	7.784662181261508
101	43.092259164358744
102	4.150324718637254
103	5.173833692038867
104	3.9467826045740404
105	6.728474805443027
106	24.092770014636926
107	16.566316688142162
108	13.477618443039832
109	28.44919256206837
110	30.716905211371888
111	35.76996536995426
112	27.6550669774103
113	28.199016069299304
114	51.98164332513737
115	6.332705644888781
116	6.994693783046477
117	14.341937575467869
118	8.134375457711243
119	11.990366788880873
120	14.757819583506045
121	22.27572111102919
122	30.322804561235795
123	49.23095981878806
124	67.78451647954957
125	54.77838097739567
126	67.69165560042934
127	72.83385500660238
128	27.393331638410963
129	50.38179530839551
130	25.477188048487097
131	14.903924172048523
132	40.844575876482125
133	50.77384113980789
134	46.91146853775397
135	39.58499347745473
136	52.45816705188679
137	48.31530840085988
138	36.36421080451328
139	37.483196902885
140	38.43711199467848
141	43.14107300171456
142	37.100931501038815
143	9.285643358814776
144	6.39458664792919
145	19.156869303899313
146	19.53312020502631
147	20.63543630210933
148	27.295537127835512
149	49.174639047716425
