0	2.1824194508380668
1	1.9477316949310173
2	3.120820659857208
3	1.7131062168050861
4	7.228964290023091
5	1.5955488842217938
6	2.5343371745614247
7	2.299651877569527
8	5.834123101389315
9	4.879384275624363
10	2.5297493195865086
11	3.4784203974648533
12	2.4180850673561385
13	4.879384275624363
14	3.1210916055691618
15	2.647304909870887
16	3.003665601578087
17	7.344846959126784
18	8.299448614431475
19	1.9449371214862499
20	2.6518827878368265
21	6.941298265857267
22	4.699981086310611
23	6.5237815355662265
24	10.042841656384342
25	5.115559185289539
26	4.303236809468537
27	3.5831049007859033
28	8.22193689846899
29	7.068451817872935
30	6.861882384924528
31	15.850866544804317
32	1.9513037730143905
33	2.529132956944432
34	2.0067063991182064
35	3.589716265825042
36	6.1710097102077865
37	2.5397213307109356
38	2.0611010553881246
39	3.4731160681924433
40	4.126428943697872
41	5.525377447351171
42	5.882001630655702
43	8.788442860599412
44	12.767637541890814
45	1.7106724299974667
46	7.1845203563384565
47	9.269916781314583
48	3.1182120962940516
49	13.445550745058393
50	2.769010758943481
51	2.06508850656068
52	2.8862489935500237
53	2.42136861115292
54	7.221348155914412
55	2.888591971346069
56	2.1785245015346977
57	1.713032341020421
58	7.579712003322065
59	3.7131617046170877
60	2.5354266351832067
61	3.1209192287382757
62	2.535088396238462
63	7.385881739000774
64	3.6457388220839015
65	7.368201882060304
66	4.4110691176005
67	6.989695278630654
68	10.024669680243075
69	6.758509482582342
70	3.238294674309948
71	6.654429819175708
72	8.636259890157364
73	10.254835560128758
74	10.555249502956332
75	3.771900405537015
76	3.4723842008202808
77	2.651703251130465
78	3.3558638171701727
79	13.73886344161404
80	12.566326921861497
81	13.244887087620796
82	9.198444926290879
83	1.9508755680437986
84	2.9994961244549168
85	5.112930204499982
86	8.283475700726047
87	10.042935357623584
88	13.909152168746655
89	5.821951095355769
90	11.686777364022703
91	11.828357500054116
92	17.034642740315277
93	9.130110921222402
94	3.1197371058548375
95	2.7720986652341093
96	6.285512580623129
97	7.677596775263059
98	17.833640546306256
99	11.187836575278572
100	13.016665163444527
101	15.901602981985173
102	14.40555639195946
103	13.951275674762078
104	14.795354803395169
105	11.773208577263693
106	2.2996682759436724
107	3.120943826299494
108	24.852101214937196
109	4.28143716394429
110	3.1798334131375534
111	2.0650744494059525
112	3.3612724505099334
113	12.529171933638668
114	6.602365784536112
115	15.479470179171859
116	28.661550653117082
117	5.631842039517403
118	17.597836924582815
119	43.48419779413326
120	32.71378927408921
121	36.59192065349231
122	42.698592333620134
123	51.07715317730248
124	39.44488077128566
125	13.76967717963637
126	61.78531397188407
127	16.385440329871194
128	34.142377668326276
129	18.90755358240838
130	33.3416291256912
131	22.43180657110191
132	38.1226221889865
133	36.10276179109078
134	23.657880354433573
135	36.91201698521055
136	13.715879817149625
137	33.96674098885088
138	38.74205266467102
139	21.952571961992817
140	32.976132331701095
141	26.27343163915197
142	24.809900588096387
143	24.71332863639855
144	6.466683605824419
145	23.28479110928387
146	15.231298199487238
147	16.792542080052545
148	15.586065386321323
149	19.735796917796065
