0	8.730995972149977
1	8.770771017936255
2	7.403314776683484
3	7.391291234120161
4	8.303375484372232
5	9.695557128655189
6	8.370145006166453
7	7.235841966354486
8	8.952436249897563
9	8.257430723132247
10	7.706151498228727
11	7.346996285288342
12	10.368432175835125
13	7.210409922983038
14	7.608917340572086
15	10.264437478700366
16	8.495654667578039
17	9.265260752809844
18	10.071583589575031
19	8.750753581589024
20	8.55490126725402
21	9.51084538797329
22	10.359062446029814
23	9.032203659661075
24	8.177666063796856
25	11.024925951368338
26	8.482758833641006
27	6.744599261008484
28	11.683943007644803
29	7.233056057597269
30	11.968530755585146
31	8.344617234236319
32	11.25699811842318
33	7.987776779790541
34	11.280115152350529
35	8.205026107882166
36	11.74234076639176
37	8.085448651158787
38	11.80419231689973
39	11.224088723896468
40	8.719818261085823
41	7.32770750418738
42	13.329791191181297
43	10.121687200792604
44	10.779304254036699
45	8.257965650390183
46	12.664704493634236
47	9.4139627827217
48	10.328715576654155
49	10.19513619156648
50	11.025447189146576
51	10.503817395040727
52	10.750600772565537
53	13.698147042094856
54	9.015714548808397
55	12.85477911449632
56	7.592498098666362
57	11.334933308535042
58	10.898868569044964
59	14.52652642967314
60	11.637028957604382
61	12.821819709637147
62	10.100734043852
63	15.37634280097241
64	15.32619464559464
65	9.982427812263996
66	13.956472999832819
67	13.2623830989094
68	14.240730809400038
69	13.662083040560518
70	15.135808151418004
71	15.391606999946681
72	15.09368403857782
73	19.497789976093628
74	18.93385471755535
75	14.857760152215747
76	15.857397240043316
77	19.50411193674738
78	20.628526671084003
79	15.152750304222913
80	18.696041599387506
81	20.68249277214958
82	16.036174366004982
83	24.815703110844357
84	12.549174110225664
85	17.36030161709704
86	15.003725087315534
87	14.252742691579893
88	15.845693232637363
89	18.084119906324695
90	15.23934640237075
91	15.851989775385402
92	20.82533853801932
93	16.580572788450283
94	15.413920451939894
95	17.794694953459647
96	15.040555192963058
97	15.481265531225127
98	16.371823154062703
99	18.982204986467277
100	15.617364909388417
101	17.31958313212099
102	23.818329115133697
103	17.704576392153147
104	21.204666549223653
105	15.846093531384753
106	22.426659301705758
107	20.591375099186607
108	22.96126120703093
109	20.15436468643476
110	18.600703346399044
111	20.39636643735577
112	17.807345378199642
113	16.8296791820552
114	12.267953469574486
115	7.488651366319675
116	15.148977313639577
117	5.622538962420426
118	19.31245989062612
119	8.679144644650172
120	9.364136836673037
121	4.533379758779379
122	5.399474803269057
123	7.107504129930997
124	14.735882490798545
125	8.01629359561614
126	10.005565274593383
127	5.749631117739608
128	5.291840659198902
129	9.195668599017331
130	8.870622335075069
131	4.0597759761851275
132	7.393673482988593
133	10.045340479937664
134	10.787753270782247
135	10.002172005755568
136	9.578849017617326
137	13.200957012910976
138	8.132355298633481
139	8.99063465466853
140	11.517878514395697
141	7.734395630194137
142	8.088667455980843
143	8.318461796980188
144	9.459031321783005
145	8.577778450193895
146	14.634787673982615
147	8.037792350505644
148	9.553840225733722
149	10.500253737639689
