0	23.925417412232495
1	26.567681094927316
2	28.97903228441022
3	21.187822112607165
4	26.061145307194284
5	21.473592981483943
6	17.081262657326917
7	30.821852853221632
8	25.372696438441185
9	23.49393850726035
10	8.51333291258308
11	43.314239235886305
12	19.21322589972231
13	18.435355143468325
14	15.810782935387513
15	19.874069039660462
16	19.53020584271582
17	20.104224385025525
18	19.998150184929003
19	14.80163499390296
20	18.86093458655836
21	20.191376454396416
22	23.109305829535394
23	13.36045342177079
24	20.02064892599446
25	22.35727739392397
26	23.325505749629773
27	21.317551653242802
28	18.951228755355494
29	24.64207761992034
30	15.05764870323027
31	22.81614165712043
32	19.42451369410885
33	22.11831442714493
34	23.493995948316847
35	21.23313976357093
36	21.029735897957934
37	22.399935997928747
38	20.02492193736803
39	24.090610971016773
40	21.232108540271998
41	22.020413544479016
42	11.178090064441678
43	14.09835444598681
44	17.356810344201268
45	16.73802261343454
46	16.473936510209814
47	14.389205044965834
48	10.250275121757763
49	22.628462085923616
50	10.8225103555378
51	15.825881519913214
52	16.77300014519701
53	13.262500505806404
54	7.449414190985487
55	7.892042847506727
56	18.265910615997733
57	13.541176188977351
58	13.891625298435994
59	1.2064281918694415
60	19.635516971318204
61	12.147695037096451
62	10.17883171531268
63	11.004382786225593
64	9.023116673310058
65	10.557767775188154
66	11.627122939443598
67	8.572304134864408
68	11.976338189701112
69	14.681609139376523
70	11.829007433984115
71	8.238624186410254
72	11.283586754084164
73	12.719741137622488
74	11.24764818541514
75	11.22557692317542
76	9.759611543789019
77	13.87354179031111
78	11.48104574617752
79	11.147508355779808
80	12.812399267780098
81	11.08101806585382
82	5.472912087169107
83	14.86856159610602
84	8.335712092083492
85	10.329987546445627
86	8.547132772992644
87	10.666560971541953
88	10.478979333872958
89	9.273087042343272
90	9.468257057514153
91	11.319225995150452
92	9.975855564785252
93	12.29603593680365
94	11.611577412213878
95	10.130669258193622
96	12.623311395302807
97	10.4527907893169
98	10.479176446846655
99	14.01033155699907
100	9.842881922716405
101	7.7306516118359605
102	12.831946258332469
103	7.170234814627686
104	9.565077384259302
105	11.65483728375479
106	7.626092808319113
107	9.978202207739036
108	11.894480388573607
109	7.864702269271893
110	9.43195520262703
111	11.038195260974785
112	10.391352121255485
113	12.990684575173029
114	1.294488381842837
115	16.255359956614782
116	10.922125917482706
117	10.756686845413059
118	11.343965871379316
119	11.515167610857247
120	9.972290636534622
121	11.128445785135126
122	7.769364769259448
123	11.011773895386476
124	13.08119192772028
125	13.781386463063953
126	10.491531546127103
127	10.690187669104162
128	13.38926016031527
129	13.82715228664369
130	13.03755826641109
131	13.085059587710717
132	10.838977651203514
133	14.82094740521385
134	12.55783752316643
135	14.651327151081297
136	13.437101242365628
137	11.036310981761803
138	8.926453533077757
139	14.433176197788692
140	8.227706803060213
141	13.482327924358188
142	11.137423565247097
143	16.734633204544856
144	15.718707600720029
145	14.151954737466811
146	14.289207467268618
147	16.736085977632534
148	15.855940569958179
149	15.861279094279299
