0	3.7675045708489128
1	10.601000927529302
2	4.686198710745677
3	9.180367465733035
4	16.556648869765322
5	24.383584071435976
6	22.630976317122872
7	24.071114204130904
8	24.368466753545928
9	23.13398689007328
10	15.116884659721418
11	24.112223057434267
12	21.065355828441135
13	18.185712685131925
14	20.246905355877825
15	17.18339795181978
16	22.64669508715157
17	14.761726359168744
18	19.031194163401253
19	13.315277313879548
20	22.183311389042746
21	15.732198066668461
22	19.36118062507579
23	21.265409633988575
24	19.195353106101887
25	12.692263254755566
26	13.547056199057517
27	6.9296131319548415
28	22.359592430511395
29	10.90646012075873
30	13.815907998031483
31	11.82424564120777
32	11.262734857385064
33	13.141317786310616
34	11.496603121631079
35	13.517482302231786
36	14.369782407289302
37	16.7507421458182
38	14.547044582718568
39	8.857381311902191
40	13.823228439869485
41	15.066596374836697
42	8.959618640973508
43	10.57949569193959
44	10.71655539688099
45	12.507039988624056
46	14.967063929223274
47	16.353133781875798
48	7.8321481567459905
49	12.413111094107112
50	11.297177389526627
51	10.204811287956174
52	12.080103768265767
53	11.699835925138368
54	11.104461356102558
55	9.45708256867308
56	12.107906949509054
57	9.079153936727396
58	14.35217728591063
59	9.645676924642858
60	13.450308346477156
61	10.676453485432297
62	11.823245471444597
63	13.522976763976404
64	15.73863655870667
65	16.161806181746435
66	16.587527304170862
67	14.889045111793187
68	11.37333655540957
69	10.988282149201257
70	17.936098188789867
71	15.56574379320883
72	9.46729159627649
73	15.445151169618722
74	15.251190602330235
75	12.912742495058762
76	14.26000328773534
77	17.06208557663348
78	17.774172494380313
79	15.582530078232617
80	15.987433269937997
81	13.545773268377934
82	17.36738659140756
83	16.911563666957946
84	17.446294493592074
85	15.360626599550432
86	14.951547960546339
87	13.554888408104693
88	12.899001987408992
89	12.343927556473458
90	5.600963578388372
91	20.562158105947788
92	13.205566054960762
93	10.067272932924068
94	13.159488188974978
95	12.419305266605951
96	13.212295107809062
97	14.515751818238968
98	16.071479398053118
99	13.667292592783664
100	14.306128165941374
101	11.498756681981881
102	16.622986194918536
103	11.29601462954452
104	19.825422980309323
105	17.18553666318765
106	18.5674017004639
107	13.057615885933258
108	14.000224238171397
109	10.708048906257613
110	1.743465145422848
111	6.031988404442107
112	24.50743011808819
113	14.935073232464147
114	11.926354687874703
115	12.275970563902794
116	16.419558959680348
117	12.878389274178328
118	12.945699125912837
119	13.51518347495718
120	13.971146681874506
121	16.98775879823132
122	17.185208160201093
123	16.961947543276857
124	16.398661870511948
125	18.81410455969678
126	19.16902151081742
127	14.976332365825218
128	13.713826077820253
129	20.40287645569361
130	16.164582475195463
131	14.22541215590563
132	14.913543096745158
133	22.14529560907284
134	20.027589909156333
135	18.606812748194404
136	16.9913369917409
137	20.38255416461457
138	24.151596493638014
139	17.972933183336227
140	19.407956175782186
141	19.179018206484905
142	20.12798746158331
143	19.755616016878772
144	17.55382982344386
145	23.38611302038492
146	17.895845596420735
147	22.160791266315158
148	19.687656466369123
149	19.265878413313473
