0	10.855561615704485
1	12.8520627782822
2	2.4025702387177086
3	12.140549374873634
4	9.52547753986964
5	5.448177644217173
6	6.494918208707139
7	10.376524877958026
8	7.650521428617779
9	10.434868659324417
10	12.084287796170486
11	12.859666569388315
12	11.591632619852206
13	12.214370676613324
14	7.390398846285095
15	14.227987089671418
16	11.837546943227274
17	5.631010557727851
18	6.312120038708283
19	7.055407047301895
20	12.563685788648565
21	3.6500406233094584
22	7.06206510545497
23	6.149367069047319
24	6.334218688414008
25	6.312615337733206
26	11.511051724249127
27	12.436125355724618
28	16.8269781177117
29	14.860095118368962
30	6.936011614736026
31	11.33250021774637
32	7.062567830104511
33	12.0151470786668
34	6.969080633449263
35	7.851059465365699
36	13.263197771595747
37	15.670745741322103
38	11.685242035050917
39	8.63317511644688
40	7.935273731423191
41	7.5808749898047445
42	15.571473123559134
43	10.67960823374799
44	15.442232525609201
45	7.579110007383612
46	14.5508304774435
47	7.059174013003535
48	7.937059720173993
49	6.142734174605595
50	13.320547196919284
51	8.831924212828035
52	18.508112243939678
53	11.877899616835814
54	13.922261324788014
55	7.685719224444252
56	6.31768331433236
57	4.820448406342576
58	6.317572809809565
59	6.6945803395169
60	8.482423741398692
61	14.159222331070048
62	7.938346014740848
63	5.525814121865421
64	13.202457927257138
65	7.782048819525347
66	9.60659583550147
67	15.041169433059943
68	10.768091523472679
69	7.9545350031583695
70	15.906279368249988
71	13.431783233056928
72	13.248276674465695
73	10.586620163446122
74	19.55079249313665
75	8.91654813900966
76	13.600957889309672
77	8.297407385570072
78	9.00887161591214
79	6.673086853601598
80	13.421934079812784
81	14.243642053589094
82	13.593769043822723
83	10.61924194855299
84	9.079212938032695
85	12.76164893252089
86	10.261401366311489
87	11.688401355257497
88	13.869684689464709
89	17.629079956557444
90	12.614322544079505
91	24.733327549644628
92	13.526254607748612
93	11.812651389842168
94	14.42127033563709
95	12.535472261197656
96	24.0254979797878
97	22.700760861511476
98	24.31983024136196
99	19.54404273452686
100	29.498207161179476
101	18.152002391436763
102	32.05666624072681
103	21.175279320985545
104	24.11731483736235
105	25.69990923212948
106	19.143009883541694
107	17.299732619415682
108	31.633179865799427
109	15.224308287640854
110	23.277152059102345
111	30.723070730952728
112	13.11920949036256
113	23.748809491698957
114	7.409623337249192
115	10.606677461044793
116	6.521842306921501
117	4.891200154018653
118	21.30302052702818
119	22.321077617043397
120	15.6684254046047
121	26.40615995761765
122	21.20803301748371
123	17.29495216222669
124	22.871873710057024
125	23.819965808199655
126	14.862332691689504
127	18.885737145017668
128	16.380463458115546
129	31.899074045475288
130	36.32857202262271
131	28.950921896375874
132	22.155682569475626
133	14.97047113055982
134	27.08343566572719
135	14.905953654888584
136	3.736009163140636
137	13.205466768040774
138	42.17510003876544
139	22.52082346327915
140	22.294627012130366
141	12.688142937136181
142	28.077730364991748
143	12.372604189739407
144	17.437853035499085
145	20.72343503118682
146	22.800952153271115
147	9.545914940487615
148	14.775817499297942
149	27.675796943433415
