0	10.520947835305698
1	10.277359048434736
2	10.520749923851408
3	11.6551263083653
4	10.394268151484148
5	9.423013954224324
6	9.39541356898983
7	9.9357488046033
8	10.737943829006927
9	8.318744464589667
10	11.135031756653497
11	10.793296229443655
12	11.87518055927476
13	11.706519121247378
14	11.583959549485094
15	10.708954027526413
16	10.375719258965017
17	12.630769059791149
18	10.273782721751083
19	10.038616087888123
20	11.07561071773927
21	10.88468092860645
22	10.704712115950226
23	10.643824134285296
24	10.24997551399381
25	10.42428898494602
26	10.130021896649907
27	10.241500495485592
28	8.62309914784635
29	11.650493294831627
30	13.526747725222513
31	11.652910445382169
32	11.226317048194176
33	11.132820981697083
34	12.35821209532963
35	9.420016662270655
36	12.266483088805334
37	10.00439059663531
38	14.110451081864667
39	12.263214919777752
40	10.242466362429354
41	11.929161889187416
42	10.337872266281636
43	11.010654820561893
44	11.370360694330966
45	11.263185887016899
46	11.104797647327889
47	12.234425639008563
48	11.133347123091156
49	12.357741974458978
50	12.968811527958128
51	13.212685420119083
52	13.125611032595309
53	11.837874620499942
54	12.078846464614063
55	10.09633702363439
56	12.418817490872922
57	12.934422943946014
58	12.296315154876787
59	12.51740512219342
60	15.899774136821978
61	10.860393110605045
62	12.846065791592967
63	14.315521265230903
64	13.125611032595309
65	13.394706409797422
66	14.6252639662804
67	13.698238335795814
68	16.524147582347627
69	13.116980624736325
70	14.255148162835788
71	16.499178657203263
72	13.154385816455836
73	17.0683203718729
74	16.352110102746085
75	16.2495299039126
76	12.734846720806626
77	17.01598173571435
78	19.936336065635217
79	17.44999004877906
80	17.129673850557722
81	16.62381322042895
82	18.476906859182055
83	18.731942592359477
84	18.963513192723727
85	18.39792874007401
86	20.569550564921872
87	20.49094851692834
88	22.33031641458085
89	16.456909626354857
90	22.513955845443714
91	23.246483859581854
92	15.783815516746802
93	22.52051000126464
94	12.356802720853228
95	15.274312599688255
96	16.885242241559986
97	10.188285103978945
98	16.005108829854656
99	12.75536324189435
100	11.773162730826545
101	11.596060817734866
102	10.606929763293767
103	13.152504216390827
104	12.721148171434862
105	9.968764789807931
106	11.811706496663689
107	12.446153801326368
108	12.484642603574322
109	13.458324742381606
110	14.228960055698025
111	13.180880500503186
112	13.825855519637688
113	14.927007334567133
114	15.29385268512523
115	1.4670364768599644
116	8.420815278105438
117	19.21066215721537
118	19.081630985436398
119	21.121675563451948
120	22.758688183185594
121	17.19119410956364
122	25.452640508745827
123	21.404388261782525
124	20.306261066491327
125	19.515294336487823
126	22.278012709639423
127	20.618855411665532
128	23.978146163140103
129	15.294145910741545
130	24.59352154527121
131	21.729571339810377
132	12.785365640216416
133	26.675962268402593
134	18.893801216885226
135	15.66053199738904
136	15.926794227571829
137	16.193035974956146
138	6.28364453315135
139	14.291684778663495
140	8.013082720899256
141	12.347763632438404
142	12.089660700742176
143	7.705834857629173
144	12.481197462896827
145	12.628239377474035
146	13.705700370777148
147	9.399358495619772
148	10.642921015425575
149	11.868194511513408
