0	14.371164882498602
1	4.120160752740083
2	5.991218658374388
3	4.674426916496796
4	8.413235981784135
5	6.539368056279206
6	17.39790391607817
7	6.919646153694945
8	4.306646514943636
9	5.243608522147269
10	8.788057368023841
11	11.953656837645566
12	5.988495112232121
13	4.489912199160281
14	5.23961351680917
15	5.235849761231681
16	6.924828095154002
17	3.92908933615828
18	8.139432930595754
19	13.366751339416494
20	5.798483100804298
21	4.120228224394425
22	4.116529056307438
23	3.745589014007382
24	3.742660664619196
25	5.801005344602936
26	12.709619157264582
27	17.766266037796658
28	16.629603480896616
29	4.492152928069641
30	2.809578130271827
31	18.10886669609281
32	6.1808608677397725
33	5.146068082002132
34	6.075975883494294
35	5.051797440990947
36	6.171857034468768
37	8.04407261717026
38	6.730531521044693
39	5.991114019360985
40	7.294719736201318
41	4.867438321592119
42	18.69211603305594
43	3.4611505192123135
44	5.706287283031857
45	5.053000865516924
46	4.485103429723771
47	11.424886688117445
48	13.084533366856538
49	18.501196578860473
50	18.339750438565414
51	6.470799237919432
52	5.238044684003766
53	5.802772529930234
54	5.422614245388018
55	5.0556671904716275
56	3.9305170175967272
57	6.362823834875287
58	8.594126450821811
59	8.794809941530813
60	13.450770481932956
61	2.998172902422785
62	2.902869724460646
63	4.958237191806248
64	11.029837946933332
65	5.242350996958844
66	4.4899867263173405
67	2.8097629111911098
68	6.169529315682742
69	26.38525166165504
70	4.860169947917788
71	6.362150952078298
72	5.045320980469727
73	5.99641212970519
74	5.798180721200509
75	7.48551881342954
76	4.484768402774917
77	17.228062509631876
78	26.85213529471351
79	19.65049089263461
80	4.304799940861385
81	26.644088812381455
82	6.5443402010444816
83	5.7031700828474
84	5.613463577660854
85	4.672900971518478
86	11.967322192777953
87	9.731471642522783
88	15.143504546379534
89	32.978988500616204
90	5.624322730088221
91	7.945741119922444
92	10.17717143963849
93	5.716258330079905
94	47.90996729306934
95	6.546192454364438
96	8.4185229569728
97	5.98305612277441
98	13.841023712670903
99	23.911281783034422
100	6.35179350871321
101	3.5602668203201926
102	3.370001685149555
103	11.40131245879984
104	25.80345363004745
105	25.911011119167313
106	34.259844932742304
107	52.32281096671378
108	43.434384247233176
109	25.359440491476224
110	5.995624708271401
111	1.6898192339086913
112	1.1292217950179269
113	2.7175947113286925
114	27.154129411320994
115	26.245509240823
116	4.1232946423076005
117	52.0913311220677
118	4.764325289636858
119	38.499499722386965
120	9.540233591746544
121	30.862428950374944
122	20.92831011668458
123	15.694054561185244
124	15.436120344894256
125	26.135395798637038
126	16.075475156428254
127	15.614651679152086
128	11.681568020566106
129	19.147435891688268
130	16.513857045236634
131	16.665230551828365
132	22.992929356616248
133	19.703800046399977
134	23.27255366514796
135	12.996519781691536
136	22.237509962678498
137	22.410448938160872
138	23.930278884039296
139	22.503135618053022
140	12.991500846857559
141	18.695704268679613
142	22.60979513705183
143	24.948257654118414
144	24.16728389110559
145	21.148738647231646
146	18.50261530506589
147	24.514750403554952
148	24.364530261786193
149	21.67544214316283
