0	14.864481551282987
1	12.328536118568126
2	13.294886450021409
3	14.580718352324704
4	10.198770831498706
5	6.741333604449532
6	4.677559780372942
7	9.402565424815869
8	12.705812662869151
9	8.276885520683924
10	12.391767528176054
11	10.437686213529972
12	9.14024005109737
13	13.936337529428485
14	14.031665991063146
15	16.11329233105898
16	15.399852820234988
17	14.965824375401242
18	14.284664890427178
19	10.557030503767505
20	8.214536748335847
21	12.626493580255499
22	7.719333620987373
23	12.844131984470707
24	10.845101258833282
25	9.287779169124123
26	9.52352649928827
27	10.338195498471093
28	12.581874174999419
29	8.923440222726425
30	12.910904734186149
31	11.362260937085662
32	11.876314810619592
33	14.022670935782633
34	12.371280691726307
35	16.137573907591964
36	15.107384251437377
37	15.649571055227586
38	7.378017147808461
39	9.435749143725877
40	8.899756728483963
41	15.003949249437396
42	7.9546345786453765
43	6.801888148129325
44	10.97571745841325
45	17.821062198284714
46	12.681158620675765
47	17.858856346220186
48	14.776900881983947
49	17.7318031661091
50	11.234757615296854
51	15.274383808047208
52	15.229922362342025
53	15.898136371643258
54	16.162557133408882
55	15.482770271501142
56	17.341946166481115
57	16.834137447871587
58	13.06022391723604
59	13.149677796669812
60	12.739766098323196
61	9.950335442947022
62	12.772869878918877
63	9.269055568493258
64	12.750456405869166
65	9.44827743602043
66	11.182358297974954
67	12.720269225336157
68	12.714798260623322
69	13.422983158449354
70	14.981533818061681
71	15.915014265702352
72	11.933664283691662
73	15.49382119008897
74	17.791973140840966
75	18.778353342979763
76	19.916477604100276
77	19.249877630237222
78	16.153401649392872
79	15.53307973566012
80	15.333168139725753
81	14.677566585522742
82	13.978730887664533
83	8.403736536444425
84	13.293103137372137
85	12.518435751565546
86	15.675706495102853
87	15.932493218487446
88	14.129774100719128
89	20.243044367219074
90	19.271006694257377
91	19.29017187279954
92	10.685385029689378
93	3.8961936405914703
94	23.453826319558086
95	10.013597236543854
96	9.858888444091493
97	10.08331730471921
98	5.573798558796056
99	9.60313229566719
100	11.227079994508905
101	12.355099364535322
102	13.596427458018129
103	12.3295951090535
104	8.588934977054787
105	12.666476550405294
106	12.652434471842398
107	12.335953057246671
108	11.293577155584092
109	9.563988715675718
110	14.063987845537671
111	9.952307609569676
112	1.9765133013203475
113	9.502819957456497
114	6.2213786365168025
115	7.168013872888452
116	6.233856950560318
117	8.021301238156935
118	7.234608548255303
119	7.525762723018339
120	6.99190432383108
121	7.635353168403142
122	8.13083110986617
123	8.149448471440788
124	8.408128116706793
125	8.169148429783489
126	8.515509763315093
127	8.166480051591455
128	7.252564130800487
129	8.663988500293971
130	7.873908465322686
131	11.002958269563479
132	7.828325276708613
133	8.85497700348173
134	8.154382849008929
135	9.952588915453818
136	9.546022361976437
137	7.519554261093173
138	9.81951162611545
139	8.528142762556588
140	7.1292281006595974
141	11.233263967265447
142	8.143838639637563
143	10.322088684611133
144	9.326429198161042
145	9.825531071597851
146	7.745850977797692
147	9.84633563722964
148	10.588634720976152
149	8.79250347181571
