0	1.747669626811649
1	3.2398555747701305
2	3.674303962807663
3	3.3540985178965155
4	3.952092996846737
5	4.147358104486727
6	4.573881523690783
7	4.93074507645703
8	6.355060437318433
9	5.69192558694096
10	6.326227264499424
11	6.934794420690305
12	8.117838046322357
13	7.392444421490391
14	9.161749197802
15	9.964972164487955
16	10.179311586857748
17	9.831103539442635
18	12.393190604011249
19	13.390704847953016
20	15.236830642535873
21	15.370644886582733
22	16.373301487974597
23	18.408366195762056
24	17.590943737506137
25	19.760708775052816
26	24.80769372874178
27	25.236912281095606
28	24.648944208029388
29	18.846535155174905
30	17.78410584954346
31	19.226864141667757
32	19.46458734212147
33	21.22470533137658
34	18.858849281780945
35	16.35122252513936
36	18.074739232980157
37	16.253037572200373
38	14.60889150888077
39	14.496358868225958
40	16.038945484808846
41	14.625625744036137
42	16.682184794844265
43	19.81442874620637
44	13.969041841864822
45	16.571201254244798
46	16.678814034681878
47	16.793048481895994
48	19.126694973886664
49	18.548984643603614
50	14.51423372468283
51	9.59745355106042
52	21.633666167969864
53	17.538266776692556
54	17.11039465090361
55	20.81916836523395
56	21.042938820818243
57	14.762593061305255
58	18.31513924152474
59	20.189017317887558
60	20.029142532886166
61	16.067560519565667
62	17.943870984280878
63	18.52579654495165
64	19.004510676125435
65	18.715639751829865
66	13.70619177195913
67	21.443917972694056
68	17.357453886425134
69	16.550620482940598
70	17.99877029066694
71	18.678671905788605
72	16.327376537976356
73	16.771678849218453
74	13.122316034558983
75	13.015886254965515
76	12.0787001261371
77	14.556626992379403
78	14.733697739236304
79	14.842069941268734
80	11.202305630529397
81	20.129823347826697
82	13.720739813592857
83	14.790220175736756
84	15.17036258890915
85	17.43188890137418
86	16.433299983195926
87	11.568192049971353
88	14.310943057645522
89	17.878031203502697
90	15.755765339932363
91	16.82134517139424
92	17.281301299751743
93	16.919142354153514
94	16.478544402056425
95	12.287085847771888
96	17.56215144800167
97	17.995303161571687
98	16.517682671568185
99	18.512020695616656
100	15.173114541212318
101	16.846977426026058
102	16.653515754575523
103	16.505249241029436
104	15.18097534257358
105	18.195438070224277
106	18.444386731750683
107	17.505595387733816
108	15.450340255345509
109	17.099447782382192
110	15.5078283056606
111	15.752118824650406
112	18.734189377629406
113	11.061452487611744
114	10.957461115250808
115	11.999549731754321
116	16.447374181922598
117	13.319959546472559
118	12.848329123445396
119	18.040950438090842
120	10.195270012156424
121	15.616910352113623
122	17.343031210234013
123	12.878391269065862
124	17.656603032230553
125	14.123826433644217
126	12.185750452618581
127	16.103613305887293
128	11.025078670331094
129	13.282889921179201
130	10.068767185633295
131	15.648640029154922
132	13.568312457735844
133	8.64879521381956
134	13.22923851220882
135	9.939120567855657
136	12.617531331326882
137	12.42434838134783
138	13.988564072120083
139	12.485001699382442
140	12.705722003438884
141	14.262392834548104
142	12.347146066358484
143	14.4340830505327
144	14.005472410970176
145	15.019967254108165
146	13.279223396579779
147	11.022210607495776
148	15.374792835205565
149	14.715363424467135
