0	16.669285968101555
1	12.767380613057165
2	17.36306063023884
3	16.208812290275805
4	13.187423166997817
5	15.756313865208396
6	12.295364548470044
7	12.014975369326912
8	16.921886020034446
9	14.394466501857966
10	14.763732583603646
11	12.019699196460245
12	15.453449745591623
13	16.271244614188117
14	16.48821346774011
15	16.13092777370768
16	17.301910941072148
17	13.283487693559396
18	12.629894856296144
19	13.859337586906223
20	14.458851452882906
21	14.787197080698581
22	0.700453138076057
23	13.644754064118173
24	0.9104843485356251
25	1.190994787498587
26	1.750222249465163
27	2.9504369968601196
28	2.5863032142032614
29	3.5703605428689817
30	3.1581700183337986
31	3.2244385668022852
32	4.063885717167925
33	4.958409030371255
34	4.272689675402745
35	4.144718095192836
36	4.12267662538248
37	3.722449544641033
38	5.248370482081093
39	4.836941040192007
40	4.823929992476206
41	5.897533092547668
42	7.707857711737377
43	5.672736002120391
44	4.552605780275956
45	6.15878132313839
46	7.27742937035104
47	3.7867746742296577
48	8.407681161189304
49	7.338823307154945
50	8.213862847526714
51	9.25642643883283
52	7.706087917612864
53	7.2814152791612585
54	7.277695014931705
55	6.731985396416649
56	9.650397824242742
57	11.93558365347156
58	12.82814381661128
59	7.700078495605304
60	6.865389489439016
61	7.706654197611794
62	9.245042170293488
63	11.560710220935116
64	11.667836482653124
65	12.433392489154983
66	13.58760846080551
67	15.69196995907618
68	16.189665532254313
69	15.208585276421063
70	14.698401909803843
71	14.63484716268396
72	20.683099548659882
73	12.553760852103975
74	17.303702106728416
75	22.21072621775687
76	16.283641742717577
77	15.804664672151759
78	12.71125505269008
79	15.452215854978853
80	14.462310142227569
81	13.86763532092352
82	14.6120618016393
83	16.885337804539738
84	14.151037546534369
85	16.97104568797698
86	15.740322688801028
87	18.14843963792453
88	19.956609481920335
89	17.65690771468176
90	15.486559927646676
91	15.16003206032933
92	22.606777845742357
93	19.155247143515695
94	18.816386422860667
95	16.166661031582063
96	20.27479670461372
97	18.91338958104186
98	23.08947020620612
99	14.725864015144252
100	18.210599060749487
101	14.609277853793753
102	14.811180772101478
103	20.537887518233248
104	20.243172792420626
105	20.6642505433788
106	22.76306866192847
107	25.850406909387136
108	26.488131762075273
109	19.036077333204023
110	17.607155051793097
111	18.399716245123166
112	20.877233619496824
113	17.44804633006303
114	18.695289362088317
115	12.571726719209005
116	13.673423205134954
117	29.03246916744808
118	17.56786425331935
119	16.19044496690282
120	24.029415440501232
121	22.774138600051213
122	21.644098743273318
123	19.49592844143982
124	16.366523980519286
125	9.922025447035724
126	17.59073702435562
127	31.499675849621955
128	7.35714268326592
129	7.406811995082428
130	8.958141263340273
131	9.886779008957179
132	19.456453441936734
133	18.626168902111242
134	19.64060345900059
135	17.841631147397816
136	24.816010572438906
137	19.10986710416907
138	16.70020580358624
139	22.196742753853055
140	19.963954045851033
141	21.98770980163301
142	9.179276545686166
143	12.980016688264978
144	27.419366534740043
145	12.464128321942807
146	10.71445581595875
147	18.352630420736972
148	9.395374080544233
149	8.515166270223572
