0	11.223518900492534
1	8.727196759160302
2	6.137814864382175
3	6.785725689862996
4	7.001331130501975
5	10.243232703150131
6	7.546201744966555
7	10.571426241137816
8	5.700236103108848
9	7.006041152446068
10	5.053835607292706
11	5.590494730634622
12	7.224742752153558
13	8.6040357829317
14	9.618501760379992
15	9.163997967341839
16	8.30620917390982
17	8.079841334857807
18	7.440361886340302
19	8.294771229067157
20	9.062818775682851
21	8.721683780821579
22	7.120077282905341
23	10.459243713533663
24	8.629180259177483
25	6.6749569583673285
26	5.051370087577118
27	7.1129127948216375
28	8.729436026994389
29	11.219845144706245
30	17.807499418540296
31	4.624163047463153
32	11.557720048910845
33	4.729682765299028
34	10.034094181822303
35	8.516395394463693
36	10.896104646614079
37	8.729756109874662
38	12.411045175588047
39	9.49186925148373
40	8.091988695638237
41	6.562183982694464
42	5.488864756977034
43	6.128303555325809
44	6.68693413551285
45	6.0190403966118815
46	10.46751931280188
47	16.970200945492866
48	9.916666309248926
49	16.59924478610125
50	22.42970591558067
51	10.241045325285278
52	9.377850469770456
53	7.760958475020178
54	8.299690497870888
55	6.900914638172304
56	4.8291931438451945
57	5.7136447748022805
58	19.97953436395783
59	6.570239688241504
60	6.671806635576818
61	23.545374297477785
62	10.589968462951374
63	10.574478375726644
64	7.419860836913516
65	6.8984425813291255
66	9.395006253666525
67	7.971261227727643
68	13.599651927544402
69	26.60795261362172
70	24.854737739041887
71	40.82317098606644
72	23.692085438143536
73	31.88406160913862
74	32.43229271629859
75	25.59473731411785
76	6.464881813650097
77	16.08953995284319
78	33.28692255768982
79	6.027296592743031
80	8.953559918052052
81	12.414785301880894
82	16.198972424006502
83	48.847920047642624
84	5.705312171077358
85	7.421397395317903
86	7.230211679659893
87	13.17389091278514
88	30.912782812879435
89	9.132481046831618
90	14.741872672181605
91	26.807049278484744
92	20.960718887161068
93	56.39152576587743
94	7.007109340825342
95	8.394621713617337
96	14.059443317174381
97	26.456396581572232
98	32.783220438195066
99	34.02584492804836
100	55.417171375566504
101	56.33486256671355
102	62.9564796705905
103	10.676077056919985
104	11.499889067795694
105	101.52183566925736
106	48.0859859234388
107	15.116941311946766
108	40.438851155473124
109	53.924620848728686
110	20.312257901701415
111	7.004470203750761
112	12.32362582479453
113	10.090650664878167
114	9.227863155822112
115	11.086426209451208
116	56.054784518298185
117	2.889643474797741
118	3.755614635319505
119	10.853115244961147
120	10.921812169050593
121	8.918481670068836
122	11.047771774484225
123	3.9716636875874167
124	42.52493107196217
125	11.646142187752284
126	7.328826221858259
127	1.9157452832794546
128	0.9424593197627728
129	1.5917168990683523
130	11.440663204509493
131	12.57945495401917
132	0.942502669481821
133	37.83736610551363
134	6.135325800647094
135	5.81020249397239
136	4.6201880604252885
137	5.922378835518491
138	3.9726052676162453
139	1.1587875672907397
140	22.04172762116544
141	7.851443041927487
142	1.9186425168946377
143	3.7535558453254136
144	12.872648474856955
145	12.19986110543139
146	11.315501567731971
147	16.655041161288775
148	4.730403623963865
149	4.4040607927938575
