0	8.827856062562
1	10.326216952172308
2	9.842210739314817
3	9.267176103225815
4	9.703524693250863
5	9.671351050052234
6	10.693267999333116
7	9.136986380998371
8	9.955932853011603
9	10.525551251310882
10	12.062255575665764
11	11.038639890037999
12	10.240693294481904
13	10.69516077166742
14	10.526383710123959
15	12.123915017656731
16	11.038536150898857
17	6.6237663273290455
18	10.1557349781897
19	8.924695706459875
20	10.692301582981022
21	11.218058829982944
22	11.034538850513863
23	12.174781275967561
24	11.697423029247517
25	9.686702464220907
26	11.451048387266082
27	10.663574900282939
28	10.9276765681618
29	7.289568925401703
30	10.383843754214135
31	11.604774141430488
32	11.098736738820667
33	11.11953135112927
34	11.180402751333899
35	10.376917470432758
36	10.736000938698869
37	9.813099945616107
38	12.689394853741488
39	10.587546638960866
40	12.25223380120715
41	13.093373211616637
42	12.202544251270673
43	12.86300191554499
44	12.943564563648836
45	13.174471461336573
46	13.323189379377668
47	13.800198812860678
48	12.88726737018282
49	9.814549242132989
50	12.450430390429593
51	10.5034872144729
52	12.738521517121319
53	13.464699593001015
54	12.978549004982598
55	10.860801395288515
56	12.831393314663169
57	14.111398535680982
58	11.615469327127064
59	11.378897970919791
60	13.201704024763727
61	13.098199417602686
62	11.228141390325765
63	11.204387204387762
64	11.07671121576254
65	11.379629018081749
66	10.524420722141102
67	12.683737215602388
68	13.373345040318872
69	15.084342626070512
70	15.252912281144665
71	15.920951717443685
72	14.255275505212209
73	12.946283446768382
74	14.4503561963338
75	16.041754621463983
76	15.52103080890952
77	15.56541788544145
78	15.567786843045416
79	15.947518182369986
80	18.37274710590172
81	20.628809848793455
82	15.07061176321904
83	17.67209523234029
84	18.90572782554318
85	20.117198206841703
86	15.56038457459032
87	20.408017240953107
88	17.678694547852494
89	19.48960932644141
90	21.729000336659944
91	15.028521834976608
92	14.110231028322307
93	13.771333007145614
94	15.687679931437392
95	14.590335654950017
96	13.96334957887122
97	14.373512415502157
98	13.712286423896444
99	17.34804328722416
100	14.370400217374517
101	13.22424892168314
102	15.955907476526772
103	16.58705247358398
104	14.925074807731562
105	18.64148473633781
106	12.268548101316153
107	17.07755561916101
108	16.285036566860807
109	11.837788064435271
110	13.282166039210267
111	11.289843378291144
112	13.094465961189512
113	12.884095039821533
114	13.224320290383554
115	1.4134013892718857
116	5.086572517672703
117	8.610204958323557
118	5.955410094812166
119	7.250708659043736
120	7.8135544876350504
121	5.328645398301397
122	4.346331540394416
123	7.251033259292059
124	9.467139907771301
125	7.374761077556672
126	7.354011518016611
127	7.0625153876162905
128	7.353879459955126
129	7.744484565474734
130	6.612855508058688
131	8.559280327603474
132	8.58892637290194
133	7.517084965498656
134	8.327940011554917
135	7.2015493170251474
136	5.784530754800219
137	8.28310220950871
138	5.143481392163503
139	6.781070754411651
140	7.480399187924913
141	7.5218065465460615
142	7.264110967770581
143	9.070515513864619
144	9.361204903500992
145	8.335223011831145
146	5.868222020719047
147	6.06910744181614
148	8.652879750353978
149	9.070968002328941
