0	16.087850950738392
1	18.92859514053263
2	13.89066536388845
3	12.478061669638558
4	12.656234537187684
5	13.587168304632508
6	11.519293904657106
7	15.467636576659896
8	16.543179824160486
9	14.793265770591265
10	15.015990428562702
11	16.754879566438035
12	16.094443527008544
13	15.561349075503196
14	16.39237702469706
15	12.040916074238293
16	12.276245644521927
17	10.55265251134262
18	13.564666825906894
19	12.379344062397868
20	8.513324442299405
21	12.095602104075079
22	12.290727337915692
23	11.831680350682172
24	13.170685797989384
25	11.069306962811604
26	13.233061168583523
27	12.483828323915295
28	14.333584458181212
29	12.780608163695515
30	12.490918073854996
31	8.160820862021296
32	7.895809940515925
33	14.500305566557264
34	13.457800067841807
35	13.528219445139449
36	13.13792798960621
37	10.848037929340578
38	13.145012632659999
39	10.540254408277795
40	12.258887844214518
41	13.936230211222915
42	12.699228338822062
43	15.747318048606624
44	9.217119230216602
45	13.448651766485348
46	13.546722575744695
47	13.888688082192601
48	13.480826064506353
49	13.409152018063184
50	11.8177431401792
51	13.140412714637405
52	14.506873023885072
53	13.403185665174593
54	11.864264824160271
55	14.031811338492526
56	11.986801096007872
57	18.207817915562963
58	9.43840529780092
59	16.271168462051534
60	12.733486282897667
61	15.205638378345654
62	13.506597302210402
63	16.40290252909459
64	13.35924715858955
65	15.47334376770127
66	15.165631422968069
67	13.895015704610467
68	15.07865219411735
69	13.554302336342507
70	13.25446599616959
71	15.127868966546298
72	15.075947328342181
73	11.90397701392915
74	16.977634626276135
75	12.403252500946465
76	12.247807786224977
77	8.682838162764094
78	18.038992584583497
79	9.706513041866215
80	13.810376542520238
81	15.465821211849935
82	9.7013870035272
83	12.493150087501718
84	13.970936901154236
85	15.69679973733358
86	14.894155691335136
87	15.265109367381328
88	15.568546264689552
89	13.615827429911242
90	14.902805834923594
91	16.00774710201188
92	16.085756304367273
93	16.891805954178828
94	11.583988810591766
95	15.60895557572853
96	17.936689163180873
97	14.644521158928868
98	15.118974255437452
99	16.32644658993703
100	14.857544333591932
101	16.57794560807838
102	16.79088243383918
103	15.691375086040303
104	14.916726083948374
105	15.568990041516603
106	19.177760652881737
107	19.574891076551772
108	16.404138283129598
109	17.28038634620281
110	17.458985349687026
111	14.26021497699729
112	2.564664437548898
113	5.927298656051061
114	8.403490473421197
115	5.927507882486535
116	8.359084827955426
117	8.11719230696734
118	7.650891418592601
119	8.93103436872174
120	5.3397988595370265
121	10.056320091011358
122	9.506041226855292
123	8.184345182462698
124	5.163388929657878
125	10.833623098754108
126	6.000677827545568
127	9.96798637440506
128	9.238763528343073
129	6.063364934415317
130	11.729937945980437
131	11.95748113809745
132	9.218309853002815
133	11.536756827229585
134	4.590623197870796
135	11.027299071982005
136	11.129635855747498
137	9.614596582545275
138	11.686086882266775
139	10.408527699604491
140	14.544305533484993
141	9.378341511296073
142	11.128700856765013
143	10.961485761774087
144	12.85789383538931
145	8.836372260694088
146	10.188069678760934
147	10.776799791802565
148	10.27592700746887
149	10.893428861418393
