0	11.51985719870829
1	13.463257681176046
2	11.501378025400317
3	10.878858920065563
4	13.932819930509064
5	10.385702490709477
6	10.452380585734899
7	8.459522527721711
8	12.871504513038964
9	7.464470896060965
10	12.442404955824399
11	12.302789907663996
12	9.313391499475236
13	9.31573627248451
14	14.18726295866788
15	10.447570371493779
16	13.437472776962265
17	10.45798149316558
18	10.99268948492912
19	9.882874305221133
20	9.028574792917228
21	12.018012951429201
22	13.725713091201408
23	10.309856392552273
24	12.16034316649232
25	9.597592304427387
26	10.452773539097688
27	12.762539868073837
28	12.26962025670421
29	10.100816467973765
30	13.506042683959459
31	13.905473756887572
32	12.26938852957864
33	15.718598543070282
34	11.472434497074035
35	17.105492434071465
36	8.316658931915637
37	13.902678495973708
38	10.852285360540199
39	14.153101177135891
40	16.90133256841653
41	14.916211666803251
42	12.637008561456746
43	16.193208427787745
44	16.713462588592193
45	10.284277034073076
46	17.315931640480905
47	11.165190081184813
48	10.004768272388867
49	14.304867724593361
50	13.576007736269394
51	15.569694899691017
52	15.902160763932443
53	12.556090736917902
54	16.754897039918855
55	9.29295115277208
56	15.192378407524897
57	15.825525534300239
58	13.039388968902893
59	13.974875249083716
60	11.945829498201771
61	16.671816046568942
62	14.554477023563429
63	12.800099279921358
64	13.120208458039938
65	16.962986786242308
66	12.03808870947583
67	15.967372120469781
68	11.87399654838271
69	15.586587556159754
70	17.984775531136023
71	15.902773430511228
72	18.780331656875067
73	11.486964421497044
74	20.27453970538914
75	11.661525849882377
76	10.90052597532816
77	17.252317921457642
78	9.809966809684836
79	9.882597222623884
80	8.744255405671423
81	8.445847646717903
82	11.39593436945886
83	6.182474133841349
84	7.249752025150677
85	7.035750657359186
86	9.740274122989359
87	6.538477035893365
88	7.961748191752458
89	9.819888712217107
90	9.802998172343331
91	10.167720155608665
92	8.459679418656155
93	12.017899269690892
94	9.765665971235824
95	10.14014463623621
96	11.876357185618176
97	9.17072533503744
98	4.047384239400913
99	11.733685880887284
100	8.17472002700958
101	7.035879002128057
102	12.587572550482822
103	8.601689325913156
104	11.9463951295124
105	11.382795495037593
106	12.898736987561568
107	9.307838717212665
108	9.011145407037054
109	13.6639331006146
110	10.871486099466054
111	10.665875908329578
112	1.3444944263881418
113	0.986441881767915
114	10.746954110318773
115	8.388049224247688
116	7.4634460694094145
117	9.177989720633107
118	6.533046948709814
119	6.680811524797309
120	6.89406268420087
121	10.236580159056718
122	9.38612961285154
123	10.475909173809374
124	7.447700544685286
125	8.032248605996864
126	10.450711067558819
127	8.24633827843715
128	10.122370573363172
129	8.792649972290846
130	12.516525569858976
131	8.174418247594426
132	11.021701445987375
133	7.887751886493159
134	11.165822767775277
135	9.741093988900733
136	8.333833402547883
137	8.443352232600741
138	14.898573871817561
139	6.3819382534542015
140	9.660444985102522
141	13.061309907555506
142	6.871535863176998
143	8.627435350381846
144	8.457175164021296
145	10.572541495636102
146	7.32091499589015
147	8.032618593452852
148	5.470919690897649
149	8.032544703284877
