0	7.673574158118828
1	10.016578913650694
2	11.448980113457699
3	8.19209330634017
4	10.850828688612381
5	10.347178402380218
6	7.741221345687786
7	10.042298123522553
8	8.403308865620511
9	11.006476902166108
10	11.283964049648793
11	13.984829937981255
12	8.965607001469278
13	9.367673970490749
14	13.525176167933845
15	9.26166526061294
16	9.900019261424333
17	11.89503287257624
18	10.950081608227219
19	10.250906628832535
20	12.563768857349377
21	13.032671426386951
22	10.532630904174137
23	10.056940200603002
24	14.953532175037909
25	10.971438330897936
26	12.01136130112324
27	10.240410597991154
28	8.527305055498179
29	11.06665919669938
30	13.991275096043761
31	10.852044051981105
32	12.191509757000091
33	12.243761379254073
34	11.353895771477996
35	12.86157653176002
36	15.162920443287367
37	11.514065845991857
38	14.942869071424502
39	11.062212266118499
40	13.074163564027648
41	13.614369790534724
42	10.01946076567522
43	12.647077710016285
44	11.700660593933923
45	10.261981581680082
46	13.398763606002206
47	12.067324697842395
48	14.53587493850835
49	9.877538964208663
50	12.617833368236926
51	12.266829964223685
52	9.602475676833466
53	13.278745080283002
54	5.411906598023161
55	13.530928800082018
56	9.831168996083466
57	9.864781668198244
58	10.93635162797854
59	8.064917823496305
60	12.489980897155922
61	7.709564520431427
62	11.415246589225514
63	8.359358709963416
64	9.767804998240235
65	13.902962993592743
66	8.322575742997675
67	11.34262681676392
68	10.741105154127577
69	10.004516061295744
70	10.359157768935189
71	9.011413363149494
72	11.174024244952314
73	11.477713959973999
74	13.51085372266596
75	11.092968595307203
76	8.864686128033526
77	11.079108133784509
78	11.546602261602956
79	12.497222601376444
80	11.26482819917449
81	11.67902306076264
82	13.834524474353204
83	10.415558591975136
84	14.287553617943521
85	10.753476891416355
86	10.704347206381795
87	14.57382085585882
88	10.197429281870873
89	16.33124240324273
90	10.771864766434847
91	12.815493824982957
92	12.865704195133041
93	9.906516142301015
94	16.136776182471557
95	8.712306814837634
96	4.563278533102012
97	18.09601592392991
98	11.270940906665894
99	9.178902066971895
100	7.211045864924916
101	12.986883177581769
102	8.712785559049653
103	12.24165089676862
104	8.895748193441415
105	10.406241823949307
106	11.496937922646964
107	9.708158898132917
108	13.771688459960362
109	7.675173109381077
110	13.402831956262027
111	9.277513565392221
112	8.173873866325701
113	8.634359673163509
114	5.699917218394238
115	12.986600664301891
116	10.577804456246977
117	11.551702283696677
118	12.743141450332278
119	13.483463636009976
120	12.326305352918471
121	10.289418415199973
122	14.586029784620436
123	14.90372179441486
124	10.2857493980913
125	16.37131218371024
126	13.195881545377482
127	13.577483435247624
128	16.394558766659976
129	10.859940315950906
130	16.45946032514232
131	11.941763153287221
132	15.000356188641641
133	16.323979590922306
134	16.326237585481575
135	12.321811014143815
136	15.662297536932455
137	15.964823161744405
138	12.6603954823492
139	17.54954979302792
140	15.585368194890513
141	15.281263538771396
142	13.332388896639044
143	12.22601358578547
144	16.833990379920472
145	15.974655986377313
146	17.52613627710848
147	12.89944102968022
148	15.875569917448656
149	14.529798362155407
