0	15.912052441141297
1	13.189499465255642
2	16.90185069036275
3	18.82430613502998
4	13.560475835849774
5	18.848637309553247
6	13.229578522356567
7	13.228824972943627
8	16.70177815581968
9	14.717176074319156
10	15.528746780840795
11	13.899328281169087
12	10.586146784125718
13	18.355911365701452
14	16.699853427045078
15	12.568894003177956
16	13.585672411632414
17	14.028515383847532
18	10.418749808068858
19	9.591737069678233
20	18.685495381925733
21	18.725772927827755
22	10.066219025088339
23	17.019997010130325
24	12.937721007151715
25	15.17684701534917
26	5.9628133011491515
27	18.19688920961763
28	10.895355133439857
29	15.213417441926868
30	9.591737069678233
31	16.536293636797108
32	10.584757812959454
33	13.88993193884125
34	10.575738602933292
35	15.22448218506142
36	16.536611747200915
37	10.915509903532389
38	15.086603517120418
39	10.721721328463365
40	9.944243943280068
41	17.863351486482813
42	8.907111403336735
43	15.258805024002523
44	15.171348690281773
45	13.228824972943627
46	18.176042774104623
47	12.24564974755858
48	17.567786845933426
49	13.858270244752525
50	18.838459939762565
51	20.563750153287963
52	11.240874688700444
53	12.875250837349801
54	11.741809921759584
55	16.368458355063492
56	17.23603318569186
57	14.518749359105275
58	21.16595913069458
59	18.187247555561648
60	16.241631236037236
61	21.500366225561336
62	16.036173511705165
63	19.79531296587173
64	12.735549660950833
65	20.554573104411304
66	20.108073409095475
67	22.173415809804546
68	16.202850215758254
69	11.58948878057678
70	17.876435329840376
71	10.722523887533237
72	18.40096459869821
73	11.245527546153694
74	13.524725256837607
75	21.506411241883654
76	15.536621234889125
77	18.516780395382654
78	16.2488166093308
79	12.374991918428735
80	10.419432938828097
81	16.205803533425605
82	5.955026375211475
83	11.906231952776764
84	9.945081080057452
85	9.23969186337416
86	12.271549932017901
87	12.561636885375323
88	8.270057150262375
89	11.54395984534459
90	9.287250071281928
91	10.232388979753608
92	8.59966865744748
93	9.923087892253925
94	9.9236431947113
95	6.63385267564041
96	4.291280020061932
97	8.115315129368135
98	7.763444593684287
99	8.270133078610076
100	7.958230537422521
101	9.258463114717536
102	6.616960833806876
103	9.57161007514035
104	6.947359222804524
105	8.263750196043185
106	8.439499486388131
107	6.61803198847073
108	7.45805452373609
109	10.583468243882686
110	7.593321011691565
111	9.923921215871589
112	3.640815344174738
113	10.088217292500548
114	11.898257231622487
115	11.74491226740487
116	13.896017826121048
117	15.578956403630478
118	14.188904502104629
119	11.600985540687946
120	11.880774121354492
121	15.54390871232502
122	10.586245852809473
123	17.52351247972966
124	14.212285535640591
125	18.20180293006689
126	15.581049520573984
127	17.19180266834094
128	17.81292175865267
129	16.2528800806869
130	15.468558247885657
131	17.565415217485373
132	20.16755407618303
133	14.587501027730031
134	21.836375567048606
135	17.18833333823877
136	21.448394011104583
137	13.063638757001605
138	23.31431916008362
139	12.567108819643622
140	21.87393479656395
141	18.197065632353336
142	15.520733679514413
143	16.22229488303939
144	24.152202104202225
145	13.193746243906997
146	22.81924088598624
147	18.517850993117946
148	23.543702969713067
149	24.119114445388192
