0	14.196238023593642
1	13.681025935472759
2	9.695988896001836
3	13.538865306112507
4	11.711595177283224
5	14.48821299219275
6	15.571699102700675
7	17.87434531045237
8	14.887270815948341
9	17.592065581324288
10	10.076110429046347
11	15.211105326731094
12	11.918013979645194
13	11.516684555565222
14	12.627678269208753
15	11.653160280904858
16	13.685698671761166
17	11.115138300090036
18	11.148866083623533
19	11.168105653731073
20	11.766973526441332
21	13.790549541274379
22	11.10618444961211
23	11.623783693283263
24	12.623782040861464
25	10.592134650137577
26	13.106656662519844
27	16.253746039312915
28	15.03418083400745
29	14.713627338936742
30	15.199354176052225
31	10.340170817073869
32	12.59001977710412
33	12.089048952851439
34	13.119600214935444
35	9.236188551559378
36	14.751837469225222
37	12.98285493589497
38	14.540102031060472
39	14.848966709299958
40	11.461403315493895
41	13.091259573355602
42	11.149909759632
43	13.79972061340096
44	13.881351088853986
45	13.9478737591353
46	11.812173853600084
47	12.97855604738819
48	14.599088383800149
49	13.443507730345436
50	16.658375399804896
51	18.68901952844335
52	11.925197750208245
53	17.826743457853375
54	17.529000627549852
55	12.622351296203147
56	13.591345621310747
57	15.398202797775475
58	17.174085696262527
59	20.61934525001807
60	14.546330249246619
61	17.06500018379142
62	17.788351384239572
63	16.43310218082788
64	18.014137899816582
65	15.207766764402127
66	18.0302130843069
67	19.703244277390446
68	16.662841955133967
69	17.875203592702366
70	12.483284138023846
71	17.936056339673204
72	17.524625514434973
73	18.326491607005227
74	16.021462042047276
75	18.02311304444236
76	19.21673013358632
77	18.807310733892155
78	15.713321526317323
79	18.10266251225587
80	16.347238936293618
81	17.743080449002992
82	14.645306258881904
83	17.725871137121874
84	21.16625262538285
85	16.569267302165805
86	18.382652382412584
87	15.50632384033398
88	16.412780320350553
89	15.066896575394448
90	14.183290547542303
91	11.514954184785285
92	14.538996180343087
93	16.063265592202008
94	12.991953094020358
95	17.611977340655994
96	16.960568612216644
97	18.85113919747727
98	14.049937477409987
99	15.247402676561487
100	15.05926773200946
101	17.53587710886333
102	15.353112691886341
103	17.470915672480253
104	14.946469198737054
105	16.47844763927865
106	16.063111057201695
107	11.664809681162428
108	14.287683498185956
109	17.88138678226679
110	15.76757803771205
111	16.15089609591188
112	6.4430680598092795
113	12.38568231278346
114	5.247754766076364
115	16.16402923100685
116	6.797835422578549
117	12.274626578216974
118	5.2992962997978506
119	9.772659547182249
120	2.0134327479274754
121	10.811686097418143
122	8.178328940024825
123	4.439130014703387
124	7.452292854328922
125	7.288708011568598
126	5.349046941943175
127	7.06707923578413
128	8.081773755189754
129	4.63986193550093
130	6.915670646108898
131	5.802408195261711
132	4.845133642555346
133	5.555011130122139
134	6.658595168508386
135	7.703822213783541
136	7.136533381277992
137	7.6733208448798
138	4.136616657762158
139	9.441459336596983
140	8.127577239100923
141	7.213594100599437
142	8.141118374576289
143	8.527803195602761
144	8.13203579734658
145	8.121715020869411
146	8.511877564513439
147	6.986698078612845
148	7.705708289364269
149	7.330943731290219
