0	32.576277498884046
1	28.87686817091856
2	27.63908871337823
3	29.741113512607033
4	29.163747461092235
5	32.99302588997518
6	30.801211185005993
7	33.49764043307083
8	30.777032266232442
9	26.271498587956533
10	29.002496687739338
11	32.14201297511618
12	30.504619130447566
13	29.532939930473304
14	31.625532671146104
15	36.76636786407089
16	27.644775024745044
17	26.55186881969953
18	29.246008313202182
19	15.599515875768795
20	30.401363274993965
21	30.912171555436775
22	25.717999932806652
23	26.54303712548096
24	31.862458808533127
25	26.539142869368987
26	30.244352185273357
27	28.861586610924917
28	24.216840290339103
29	18.74477410998271
30	20.247841910766777
31	22.72806872749883
32	24.067268836589673
33	21.3677366161505
34	19.83839809115502
35	21.349853758361427
36	22.43927424302023
37	22.023120831826198
38	24.740250541776277
39	16.723274838249644
40	16.289938024077497
41	17.80109696511693
42	9.593747941002995
43	14.927533726932982
44	9.735691041899333
45	8.36235360999737
46	10.279038757001999
47	7.545532987087989
48	6.588881810453457
49	5.632198880909941
50	6.860933590862354
51	5.085682158676256
52	6.320340390486334
53	5.356266326388699
54	6.99441680126761
55	6.591588824532165
56	6.726089832321268
57	5.904276998597266
58	4.811610725832621
59	7.138649614093861
60	6.586117256966617
61	6.31677805991687
62	6.31643370449827
63	6.3158597280433675
64	6.037021319507993
65	5.631440707789483
66	5.774985234182608
67	5.769318044058344
68	6.178134017731563
69	6.450993402953916
70	6.042810344847036
71	11.254331369071881
72	13.558391624043022
73	6.867034884168773
74	7.683041896774666
75	8.775682087482437
76	10.41540466007179
77	14.925381250585772
78	8.774944150510233
79	9.732393373697363
80	10.27758368047401
81	13.695834379884499
82	9.726719467457542
83	8.10058363962802
84	8.769045432949511
85	16.147690458433186
86	16.712449673952527
87	17.521412089308843
88	17.92287945025663
89	14.786588873408792
90	10.012793578795723
91	19.974816644722868
92	16.980365484823132
93	19.707140720464377
94	19.428185297957523
95	20.121000224618584
96	23.395561046911617
97	20.25649741336054
98	20.406455110491162
99	14.768425955451036
100	20.258860127122908
101	15.207040578629982
102	18.339925923081054
103	14.789146977929484
104	16.018351600708076
105	17.51226633562848
106	23.13377698560229
107	20.816940901122123
108	17.778209843331837
109	16.70502540477406
110	17.933463089221796
111	8.500063719361357
112	1.9430794222179135
113	3.3037727842366165
114	12.457521861134413
115	15.813572687826884
116	11.15182720604033
117	1.8073404804004463
118	3.1713510791927435
119	14.04707814262419
120	2.3521123483740443
121	15.23258654463893
122	1.1229363859448398
123	3.8575305349099307
124	13.821364314682416
125	2.490414074877314
126	2.215560297668832
127	0.9854245611941093
128	2.6294737561251393
129	0.712661236933614
130	0.8494632948822283
131	11.334584608585423
132	1.1223134208019712
133	1.3961004620953166
134	2.4898396848776425
135	1.5326360792006404
136	1.1223734935037097
137	1.6701179517641969
138	11.629236002433895
139	15.884496957710184
140	2.901000128866612
141	1.9427376977867066
142	1.9403772934453398
143	1.3976780782333764
144	1.5326839005264594
145	2.07877188431347
146	0.9855471953130933
147	0.7129567120480068
148	2.2142991579693785
149	1.2594514395219996
