0	15.461146951082425
1	16.78250357573652
2	15.520166700896578
3	14.38002043330584
4	12.486797469570108
5	14.126753632298442
6	13.803851212541598
7	14.572338205802192
8	15.386009233441479
9	14.70476050240457
10	18.37288618019274
11	14.36005751395738
12	18.753581218677077
13	16.928282049910273
14	16.2053407573303
15	15.626123298981504
16	20.595251919534046
17	12.329023919015505
18	13.110195015993831
19	17.107577977364162
20	12.085968944675512
21	8.310974928191522
22	11.273142683181998
23	12.297329723564479
24	10.57763934694553
25	12.04152084519537
26	10.1415065664761
27	14.33783292552092
28	13.146451858947245
29	13.430013602349078
30	12.608110462445056
31	13.325220316462923
32	15.255458830413057
33	13.879179079697277
34	15.702592262751116
35	13.456548328897169
36	13.808721039721663
37	14.192509763877995
38	15.829925186135277
39	17.793438752895835
40	13.936404312716403
41	15.387778472135249
42	15.398548019787933
43	14.846635213333839
44	12.433476948521891
45	14.162199527561398
46	13.64220740893426
47	17.41486032218023
48	15.711630563243842
49	12.480637634725806
50	13.937867571755108
51	17.1772003539551
52	15.59520906095459
53	15.815477537647023
54	16.78508554054901
55	15.667595501619484
56	15.054844730130503
57	15.036914094873456
58	14.000654763942219
59	13.46502424319617
60	11.602197175282535
61	9.367354031685684
62	14.857409149298249
63	9.896289141964159
64	9.112788148264778
65	11.531422127855969
66	8.574719415736917
67	10.301088431082956
68	13.334100809763354
69	11.79094857446731
70	11.278885244247
71	13.87295740816388
72	14.090572680216907
73	14.11301194616068
74	10.687839905370504
75	14.942862265312344
76	14.33469295606854
77	16.39593313625286
78	12.159788851244635
79	14.582239032086282
80	15.723816522834811
81	15.4291716332372
82	16.470262919581053
83	15.461740129343546
84	14.8812850341928
85	13.711301224512829
86	14.609642857015125
87	15.91573694996813
88	14.744698727460094
89	16.61596894581466
90	12.194322178950836
91	15.52180435387858
92	9.695580409502439
93	14.585873249334854
94	15.401648359437226
95	13.676627166147279
96	14.23547659634548
97	14.027025976828247
98	15.429616772239193
99	15.013043944371697
100	14.068405177024843
101	15.72516976826745
102	17.345543194203216
103	15.01404951568199
104	14.69702494392149
105	14.380157606288032
106	17.165459072417132
107	15.392350146814321
108	14.579449170478775
109	15.975496220643484
110	13.528253996555712
111	18.174288206730107
112	18.5838403904553
113	13.90252986774172
114	21.546278457332956
115	16.770643717196034
116	19.521012638724347
117	16.885072891957908
118	14.107608416356129
119	15.220779193261242
120	16.741294596772466
121	16.576931469839945
122	16.614056872685023
123	14.991056070909607
124	19.89146059072416
125	17.796376668923276
126	16.048124615655553
127	19.56051258313683
128	13.455142210021496
129	13.084840137110085
130	15.21333820032208
131	18.04647029254
132	17.17602808637469
133	14.874193725584574
134	13.80608857139429
135	18.107845245090235
136	17.508240121881222
137	13.809379321297879
138	13.872030773188332
139	18.80190280128379
140	18.370745324441838
141	14.468626557391133
142	12.85980874455514
143	18.99001789830268
144	14.054181559504238
145	15.602487858620156
146	11.432593257851684
147	16.572458277694402
148	18.183582747837207
149	16.90033051605597
