0	24.120590329023322
1	14.857900262562277
2	24.262040841166137
3	20.39583421881062
4	18.15658131899834
5	17.882632994709954
6	17.57664236949883
7	19.513511463631747
8	14.623071450658179
9	24.31809189624731
10	17.80023994215996
11	19.650902721367384
12	21.074315608939074
13	6.322115297724506
14	25.44472809520675
15	17.370115556652053
16	14.06668728960963
17	16.638142154208023
18	15.555322871971976
19	13.631214143339538
20	12.585531184791776
21	16.428805881157622
22	12.664215846351093
23	21.29628458356314
24	12.56932919249023
25	15.07183952968385
26	15.539019720491549
27	17.526253738849363
28	19.089456259751906
29	19.144829989747816
30	2.1283646785781745
31	22.180031227975668
32	15.01856102716057
33	15.232053150792323
34	10.899752668475523
35	15.63666026365573
36	14.75753504987623
37	5.355473491422697
38	20.174441745076084
39	10.908146640097774
40	12.144082762731802
41	12.181347530078838
42	11.920551456344121
43	13.854357307554764
44	11.91662338650223
45	10.924769986919458
46	13.163268450947875
47	10.71180879773513
48	10.04460032219452
49	13.01293724527905
50	14.418140611484901
51	12.564690554746075
52	9.254915218587794
53	11.940907071605904
54	9.650265236442564
55	12.358268764651205
56	12.538120390570496
57	12.598190195414665
58	11.425010654000886
59	13.263970886322431
60	11.970390339460753
61	13.581957264742107
62	11.942710471606684
63	11.30880305138212
64	12.995030340925018
65	13.19587208313431
66	13.854621189170254
67	12.12314112148228
68	12.361307696128945
69	13.440738228094775
70	12.326109682076765
71	16.066671442820493
72	12.873261450055942
73	13.785471329094461
74	15.491000544773017
75	16.576888481842335
76	15.39061646310533
77	15.13598149002877
78	14.268069466898972
79	16.127195033488594
80	13.40256441779458
81	11.503078712913466
82	14.021843302020203
83	15.427662839541501
84	12.847589940459924
85	19.091118544568637
86	14.098228178431782
87	16.253449474585302
88	11.294473170535715
89	14.481389775020801
90	15.078465560625848
91	12.742564043464174
92	16.153685159789198
93	11.085049440937103
94	15.906909937482137
95	10.065221451410958
96	12.495472547973977
97	15.973619670076499
98	11.549101499662937
99	10.460372464076857
100	17.83252641256282
101	13.606992024762391
102	15.07990769628179
103	14.864851565108642
104	17.95050017512556
105	14.70313867347809
106	10.861744091502574
107	14.065478549005967
108	18.372495525772546
109	16.4706681464188
110	16.807801718880558
111	18.099431362921965
112	12.809609283684665
113	13.058188054499364
114	1.2983216436129925
115	23.477409677800992
116	19.099128313575203
117	19.714646114534407
118	18.67820783527788
119	21.799816220272323
120	13.198503149784958
121	19.24492209304368
122	18.58270143264365
123	18.621206512728524
124	21.195503829342034
125	14.818029216099482
126	17.415323772166328
127	18.196076927111182
128	19.204159826405487
129	16.536486337645833
130	23.421993826649505
131	17.994557524253487
132	20.083536363708305
133	20.29265282659348
134	18.09908340340771
135	14.341010709632432
136	17.53586336786091
137	16.8303678952783
138	20.76484464841745
139	20.65711009681085
140	16.285894737641676
141	20.97304528365329
142	18.619232939835875
143	21.489857277044475
144	22.019269923998316
145	18.619053788718187
146	22.757643395111575
147	21.111012863308872
148	19.350571487844338
149	22.546871748530638
