0	8.216198507742904
1	7.2007517024589776
2	8.290606286788126
3	8.597597645344456
4	9.340768217246008
5	9.138930437465133
6	9.326150249121024
7	9.160869609528145
8	5.863533262350874
9	10.849648838520547
10	9.161036619334725
11	10.125570429333191
12	9.965740124768075
13	9.482821760125544
14	10.77122136572254
15	9.641460712457473
16	10.947020973196334
17	8.987083809019786
18	11.090708637868515
19	11.412497100616692
20	9.965556354847248
21	5.943853328925536
22	7.874174863041308
23	10.148855498510768
24	6.5732447024353915
25	2.083647042233989
26	6.66829007772495
27	11.010186251642459
28	12.061949267807474
29	11.086079301554028
30	12.69899827605106
31	10.930374378524956
32	11.733853646819835
33	12.057443345279816
34	14.145884111879775
35	12.891281702845765
36	11.868011056060704
37	14.067061155340767
38	11.251967770751948
39	14.469323923312984
40	9.424570106220733
41	12.509698265349957
42	10.927132645313485
43	15.799047956213675
44	14.11034089664186
45	12.81812422327787
46	11.460501295174783
47	15.75673936726598
48	16.075247295835137
49	12.377204185751536
50	16.394869178854417
51	14.344916511081006
52	17.64508726398625
53	16.998499882717507
54	15.844241127506207
55	17.38454059801751
56	23.174583768952264
57	16.416418248811436
58	19.639769216167554
59	14.996663451592699
60	15.27401917938169
61	12.99092492459654
62	16.730856993009823
63	13.222424627420025
64	14.388354062370167
65	17.12256755512928
66	15.11416394827113
67	15.14616746492271
68	17.494955470561738
69	18.1576378523859
70	15.83746898537055
71	16.659863405810267
72	20.475301429472704
73	15.595436450379207
74	22.29602153352696
75	21.496405064679564
76	18.039869002475715
77	19.81834119251874
78	15.80400074536922
79	21.546609642270862
80	16.602603719946323
81	13.902016895152794
82	20.19489845845633
83	17.0693579019248
84	16.92743354578455
85	19.722746126815718
86	20.50127808728302
87	19.104873015618654
88	20.68666459154735
89	14.5062024875822
90	22.37173980402185
91	22.753426857555553
92	20.3054566262501
93	17.209718802915713
94	21.706414788505928
95	18.522129759952467
96	20.232830423968153
97	17.95864267167353
98	23.548593905769355
99	16.846620157214
100	21.39379133372423
101	18.971728652425867
102	22.450431318451614
103	22.08899286422481
104	18.404873312857397
105	19.010521227109283
106	23.314612944422535
107	18.249348532734206
108	19.373083564415804
109	9.965923218855158
110	19.585768865847953
111	18.76399738684611
112	8.918951182049849
113	21.768068172828695
114	16.275317506801738
115	17.845683766670994
116	1.7619975155525416
117	12.007169336007024
118	26.2999489777353
119	13.18287894574602
120	14.907861405430447
121	15.315390085450838
122	20.55343621593553
123	16.957845206284453
124	17.163873337248855
125	21.11994783197172
126	17.960353913855737
127	19.257289896212306
128	23.073798132424738
129	17.80690282048591
130	9.161036619334725
131	16.88146203218713
132	20.556409161539452
133	16.799598917227144
134	28.459030444911107
135	16.350398478710265
136	23.326328919716985
137	15.272281610944189
138	13.183249955890027
139	26.853633769355643
140	15.595140953745837
141	18.37160388863001
142	24.864539204719584
143	17.972300927918628
144	18.445620467033432
145	23.77623019892413
146	19.167064974611172
147	21.625160250587506
148	22.40943331408305
149	15.512360613329982
