0	9.312004781598056
1	13.652729869942245
2	11.584087192513191
3	11.240626314703295
4	11.892132659353368
5	12.19234895729656
6	13.293973710696385
7	11.560922589640867
8	12.32068672705216
9	10.515855748412282
10	12.291442155904143
11	14.635967361992773
12	11.384465918186148
13	12.166616080647632
14	13.143626671933674
15	10.822972175938247
16	11.143757989337182
17	10.082972235286157
18	14.644280063910493
19	10.787217862648
20	10.94433921753598
21	13.793655479797291
22	10.54031053082727
23	10.36179826836782
24	10.540510265869464
25	12.042127400014767
26	12.192001015595835
27	11.441458954987706
28	13.342643507762684
29	11.24201310545704
30	13.328024875427246
31	9.313759074245738
32	14.63808361380535
33	10.859678020925156
34	16.393244629678595
35	8.464557179974861
36	9.997108485799103
37	8.987033897242014
38	10.682553053723616
39	10.739699074774279
40	12.274714540509098
41	8.486804889336412
42	11.95972193418254
43	11.792319760364975
44	9.361951659337674
45	9.58661660215687
46	11.136574028675547
47	12.099808100499647
48	10.339030805583949
49	14.195576037222313
50	13.193952929952562
51	10.135688186760191
52	10.165897699180245
53	9.39368105379198
54	11.915949149567616
55	13.702500248592578
56	9.767963943053282
57	7.434647117278908
58	12.739755316163745
59	8.667837748972875
60	8.486963457081723
61	11.952675066359493
62	8.597701621059084
63	10.095054825107585
64	9.93696654328636
65	8.565458179664578
66	9.208638714066595
67	8.787491584834356
68	12.252465584772292
69	8.131984294624772
70	8.514726854450524
71	11.541499178838333
72	9.512223553476609
73	9.964031155277368
74	10.3130112703114
75	10.815879538210364
76	12.316566993259826
77	8.919857829222781
78	12.49267308942008
79	8.787245004342687
80	11.690721797993131
81	11.212679217277131
82	11.919404809898726
83	10.088011068163866
84	10.719145866988207
85	12.142044141262108
86	10.86162652761486
87	10.718230337467194
88	11.188324915316876
89	10.864396970088936
90	10.63905327113946
91	12.878003799207814
92	11.541060430774625
93	10.386649242985083
94	12.913721082400631
95	9.493801795785284
96	13.88634066972287
97	11.541388875742122
98	11.489896775910157
99	10.869178353677352
100	8.515360451048682
101	11.275717849978207
102	14.716121953487772
103	10.366641685741534
104	9.663572283232526
105	13.24288713456287
106	11.972982592210862
107	9.763627988852292
108	9.287542970508724
109	11.468584083665846
110	4.7209392751463515
111	8.002336936429723
112	3.98006693742738
113	4.97248009625358
114	15.397372582197413
115	15.638796323486964
116	15.456151526810096
117	15.796601418775563
118	15.69782171844119
119	17.045061565463733
120	14.855637435090774
121	13.681451218312251
122	13.743453189623189
123	13.638743232604938
124	11.466374716998015
125	14.072075944652774
126	19.165136255978567
127	16.895404294297883
128	15.44105422928019
129	11.315317168161677
130	12.542388009136452
131	10.517478090514839
132	10.590086413045292
133	8.963882622114333
134	11.74190809123148
135	10.56698980313194
136	8.181800859088863
137	7.370242024962527
138	6.500639910066367
139	8.964049655604256
140	11.591352744401252
141	12.993282635203865
142	14.417608482034872
143	10.000127076571587
144	11.374428971957393
145	7.077013835263295
146	8.993178708358926
147	6.580234205698248
148	8.1353845466601
149	9.061373031300619
