0	9.801774919930608
1	9.0327328183925
2	9.861772886901703
3	10.435525331827584
4	9.182542506205552
5	9.272315937791285
6	10.364089794730758
7	11.30700536846528
8	10.96474217294591
9	10.684785126561444
10	7.496547347711749
11	9.91342293424168
12	10.193563166136826
13	10.526243227897904
14	10.528534256725731
15	9.873583020713003
16	10.86306238464291
17	10.057293509689892
18	8.687704643257625
19	10.676444073773615
20	11.339684998591586
21	12.04796982549365
22	9.209761656704277
23	12.640773840658865
24	11.089473141954105
25	8.120929821581461
26	10.548901408812233
27	8.925053588765795
28	11.632300277706733
29	11.7377685712562
30	9.904879638649472
31	13.060673766439848
32	10.30166199695181
33	11.47558001417371
34	9.642465136269669
35	13.713454987608271
36	10.931444283195262
37	10.808170916403341
38	11.244252885807713
39	12.788028510332506
40	11.742036762355525
41	12.004771336890515
42	10.867812534933586
43	12.61210992718259
44	13.139749752080624
45	12.119788831300555
46	7.893894256860824
47	9.073468967476536
48	12.54386914109577
49	12.491106663394824
50	11.82531340754146
51	13.985184195238592
52	12.810107063951913
53	8.465643045536586
54	16.03472828739957
55	11.842330862682378
56	9.84018350345017
57	13.054306502022554
58	13.765270068876195
59	10.557857135054599
60	12.389460081730293
61	13.171937796228384
62	12.246290975555091
63	13.924560374555645
64	14.141506257443254
65	12.717246705050453
66	15.923577361142033
67	13.10014542306133
68	10.963806462458333
69	11.773471032232115
70	13.059549604962594
71	15.58769350021119
72	16.881178687174714
73	11.834555920210443
74	13.224811665075714
75	16.8360403855077
76	11.44119815054316
77	16.883135670255015
78	19.16182454018398
79	10.094582414078618
80	18.225175065796684
81	16.61944736781028
82	18.877546492668564
83	13.770724408527059
84	17.20293301805588
85	17.661548134704848
86	15.342827779115021
87	19.051548023088166
88	16.87448558914426
89	19.889508048420783
90	17.952013290121656
91	15.358989689069354
92	20.084802197026573
93	16.88244789136085
94	22.6500821836191
95	21.438515217710062
96	14.266026453925308
97	12.090298765450106
98	18.499778632878613
99	13.643966970710741
100	16.36386978762052
101	15.977179770324252
102	18.602534393861827
103	13.892291831582275
104	16.439886480628797
105	15.989686741178419
106	19.995259148406213
107	16.636157168833424
108	18.941975329943475
109	17.38534159039587
110	20.61634944882737
111	19.659031263404216
112	9.407183987041883
113	14.956131532401095
114	15.4334232635817
115	13.254234813238934
116	9.397320717157822
117	2.446664711088614
118	8.462286605703122
119	10.469259777349507
120	10.17353014303355
121	8.931072438953501
122	11.022614408648503
123	10.08642384827208
124	10.022778825594509
125	9.472611517718853
126	11.110981519623643
127	12.59320420186668
128	10.740437129233886
129	9.40663141861782
130	9.291744562866969
131	10.962870920390802
132	9.212873580840915
133	11.02852187436927
134	8.931023527278217
135	11.561160461801785
136	11.300585502733783
137	10.083654997697726
138	10.964967688953905
139	12.261281933691173
140	12.653415486346333
141	10.525591658180822
142	9.584210462317463
143	12.099027056107857
144	11.521155952515196
145	9.552007540745947
146	10.18480979264736
147	13.71434856726152
148	10.993867304053914
149	10.690136664131595
