0	1.501028143044536
1	2.241055712963627
2	2.3059714966725515
3	2.762700410424532
4	2.695331463398041
5	3.4993320075410375
6	3.5373205221388364
7	3.332162141569994
8	3.240676237372794
9	4.143176433290176
10	4.333826188039833
11	4.23981601533324
12	4.705677884413446
13	6.661706576108184
14	6.241111539155604
15	4.7908691926536235
16	7.359605624012387
17	6.631416443009506
18	7.870515168136913
19	9.504935846990367
20	8.063778324763952
21	11.23489968737528
22	9.882689940837963
23	10.62424635326362
24	10.710526934263903
25	9.73088553255123
26	12.973349192256988
27	11.59717275515665
28	11.663123797742346
29	7.768926310982211
30	12.29651708220425
31	6.886996569567003
32	11.934870208616507
33	9.328319111510337
34	11.355182552101063
35	6.8835087338701
36	11.118536053975792
37	12.530970500493453
38	8.244676163953681
39	12.220589572991718
40	12.541198409990429
41	10.231121414019059
42	9.954716667538944
43	13.601888084606037
44	10.711489002832117
45	13.904123583597197
46	9.99983639108995
47	8.863143925721948
48	10.738382034429474
49	14.581856372265953
50	11.842077986669105
51	11.554830537367922
52	11.216730672543754
53	12.678881040762485
54	11.089852021191058
55	12.245615573511687
56	11.66513754564663
57	14.781323901138549
58	11.905796125497918
59	13.638721839656746
60	11.142084617442519
61	13.24529149968022
62	14.84525399870158
63	13.143313090383108
64	11.149997576650026
65	16.13188670316419
66	13.303871197900499
67	10.196109708750631
68	16.721608365552754
69	11.49291111377312
70	14.85725472949779
71	10.01545874641151
72	13.947035555931661
73	12.903801064517014
74	12.141297775264169
75	12.09911802657508
76	12.102746045621176
77	13.664819136559956
78	11.189365221359378
79	14.556680584619503
80	8.9069559879367
81	15.275949633545968
82	9.512994933926619
83	15.47933570080028
84	11.533872063185678
85	13.624819534607468
86	13.253433139992442
87	13.664690331926007
88	12.836596705066563
89	15.300000564326842
90	11.918480332574855
91	15.243942360498416
92	13.264500107102716
93	12.62325230757544
94	14.425533566260386
95	10.419984961240539
96	15.675052380630495
97	12.314886483949024
98	12.50279085982788
99	13.480565671466213
100	11.059868183197244
101	15.970234463431202
102	10.287887722274691
103	10.633923891760338
104	15.81668854663337
105	14.637044507738906
106	10.42925591360359
107	13.972188048324062
108	11.340665561327514
109	13.360752013369801
110	13.123449104482383
111	12.551723398360824
112	4.9332900267394315
113	12.5222920176112
114	14.131605935749986
115	14.880968311480588
116	12.241053537476823
117	14.12411095806157
118	14.554611949965265
119	15.660292957916765
120	11.07251698693682
121	15.281031558224212
122	15.253644775491646
123	13.93636511445411
124	15.388816583720796
125	14.920985771151322
126	11.560335258585937
127	17.031114156608798
128	14.22951522248454
129	13.332622680304272
130	15.011402110687797
131	14.399722043902873
132	16.804107129419503
133	10.225912972587553
134	16.834381855229616
135	9.678135928244798
136	18.23176478543376
137	15.748801317493264
138	15.74640471823413
139	11.97263670708076
140	14.084414454751041
141	12.014286153402097
142	15.219340945362793
143	11.07693038916254
144	10.965939900896332
145	13.775496020977746
146	11.423276825187102
147	11.402644687379357
148	14.72064930208428
149	10.169834345897167
