0	14.822947489503402
1	10.775622773178803
2	12.331250928625016
3	12.980598664484027
4	7.739808781248787
5	14.223664321573791
6	9.415408807066777
7	6.742683090584351
8	10.156347830934344
9	13.47899074976176
10	10.79840755623876
11	12.518281465144256
12	10.449292771281607
13	8.945427990707113
14	12.130270433246405
15	7.041719615993209
16	8.880878695757488
17	13.479118769830341
18	11.419904519283785
19	13.49058135947641
20	14.788467413761337
21	11.991453718183093
22	15.997942366371154
23	14.787621981059004
24	13.438115394549994
25	9.36118690349067
26	10.592832220151424
27	11.867854343576898
28	9.154773516974437
29	11.096101286046139
30	12.68837575553118
31	10.912150970803786
32	8.945427990707113
33	11.427728485674361
34	14.098661613977198
35	13.722577548203693
36	11.24703827398361
37	14.76545831746141
38	11.999401125940077
39	8.233438100887206
40	13.120092896842506
41	12.74824786109101
42	10.661416206627441
43	14.881636201809506
44	12.330901437537449
45	14.64963203365828
46	15.656223341818682
47	16.53980224760443
48	15.970288226580697
49	12.470488181926752
50	11.478314178571127
51	10.509048949188573
52	10.787809488247277
53	7.3691828475032715
54	9.387889113225253
55	8.321104197210538
56	9.223733623728677
57	8.204335186542725
58	7.853245164340272
59	10.428585834339344
60	7.350338660085879
61	9.805971409971754
62	9.226293624891964
63	9.290677519692602
64	11.572721754611973
65	14.742236329180246
66	9.662230645063898
67	14.078520069449688
68	9.759776003501509
69	13.850856603656585
70	9.338633864602738
71	14.464832487473966
72	11.636199845577123
73	11.480693431204996
74	10.053532925341772
75	10.197512779369356
76	9.712519211239593
77	9.879994075665381
78	7.658145446159552
79	8.667766767134614
80	8.71735056552292
81	10.172105257017332
82	8.018028598816091
83	11.014817498094748
84	7.812682018415848
85	8.760836059406849
86	10.847307977135234
87	11.218082735725346
88	12.649670504609336
89	8.039197598720637
90	11.125129825406528
91	8.457490272058456
92	10.289005901271551
93	10.66450797151153
94	11.974031062376284
95	8.621234618370693
96	12.561455224088233
97	7.427140702969252
98	8.747059751879418
99	11.63532406494818
100	9.611286951093788
101	10.411577771491814
102	11.660442890349785
103	8.574232147255106
104	7.076837602171364
105	7.276570250112941
106	6.534306667524963
107	10.28612766078765
108	9.596299304459366
109	12.780889205522334
110	13.366906303179677
111	13.253924622926425
112	9.334496616181347
113	8.064619941464542
114	8.342465622473394
115	11.913891973518517
116	11.43677547041323
117	10.518764249201766
118	9.08227242557024
119	10.729766296666533
120	9.734260480628116
121	12.874739506101626
122	14.703702843503391
123	11.987149621083782
124	15.495176780702781
125	12.641996159783853
126	13.491605639011334
127	13.210589386185722
128	16.18441129089528
129	16.685055561598485
130	16.247927973823145
131	15.604511181720676
132	15.642887754698485
133	14.294978864925914
134	15.205228990655522
135	15.031706145213805
136	17.441710609751883
137	11.490161536258682
138	14.505404059503508
139	15.165139552226831
140	16.83344401369816
141	15.027701942426932
142	17.7555938833283
143	13.4519919636225
144	17.007312452079127
145	14.965246307124813
146	17.488238768659873
147	16.922961302768606
148	13.675944591442693
149	15.845156612057387
