0	9.051067343073274
1	16.915489244251237
2	19.516690281371872
3	20.084131875497363
4	14.838619006666079
5	3.6164482864346668
6	4.5791426589083235
7	10.92048012087152
8	17.597304028521854
9	15.798081557931074
10	19.87416840303992
11	18.693023798422114
12	23.36052203569527
13	20.50865845112034
14	9.878865782777453
15	18.572958966175168
16	16.209019983905012
17	17.11787734410641
18	20.140310334654057
19	20.90395167854161
20	21.45700491578307
21	23.873080218167306
22	19.17288779618849
23	11.052186208133392
24	3.7531025476045032
25	7.889201122189798
26	10.367114733673837
27	15.039961890535402
28	19.98786843721892
29	17.954840924693205
30	23.117730523562123
31	22.71411062912724
32	24.65932857607327
33	21.515833303230842
34	19.806632416423525
35	18.56558214680138
36	24.711492239425
37	6.1686204114017205
38	13.68155710711049
39	12.634879340707503
40	4.375420606316974
41	3.8927714200850696
42	3.3410505856310104
43	6.233742726112549
44	9.259586704222137
45	8.64688857452277
46	8.777452869576983
47	9.678924853637017
48	17.22833464054294
49	18.243773393247096
50	19.442013436411226
51	20.972006727845773
52	18.158083262433827
53	17.730751585628283
54	20.82597163853243
55	20.35911470210727
56	20.529080636499668
57	4.306392719218984
58	5.201553615525497
59	3.8929697241719157
60	6.230525614034512
61	8.03226566851054
62	3.2030116812391336
63	12.430714304116847
64	18.980537224627632
65	16.491290799005608
66	24.205496654322253
67	24.477345383815972
68	12.771716287750987
69	13.594802856733327
70	17.952407723405162
71	4.580499990750049
72	15.007299652311243
73	23.871216125455096
74	9.67746966217998
75	7.884675025022401
76	7.609504125335392
77	12.987905516361057
78	16.150933540596952
79	13.256888329830531
80	17.251133380204646
81	12.565795603160613
82	14.498413092292985
83	16.68962812831498
84	15.336629902768475
85	18.61210667543269
86	18.23140263948487
87	11.732545398029906
88	18.64440026282763
89	5.40648523293845
90	6.785318922215428
91	14.63291820317622
92	16.69848358929119
93	0.7247421433005463
94	13.12407714740328
95	24.56177585042614
96	7.6071179504630475
97	4.030302288212029
98	2.5843059091325857
99	5.886624603551362
100	9.543677968402928
101	4.856079491410137
102	7.060861134993933
103	9.265138265383204
104	6.784141377676685
105	9.819173574775924
106	7.537112938832599
107	3.134757006517144
108	3.4799353472443553
109	8.436850108871152
110	10.221080573752033
111	12.093555871100875
112	21.660054091957583
113	4.925801995863389
114	11.600558834082452
115	4.167816391958926
116	7.061120197975324
117	19.723578587850536
118	19.304198002067956
119	22.493748434136656
120	11.63889483833469
121	10.163654917954336
122	22.017457099990274
123	10.976584731364799
124	11.532928643148654
125	6.853310941385885
126	6.9220441987575905
127	6.995260147728816
128	6.370540758856956
129	7.257731147220935
130	15.34179922964963
131	7.74591044011391
132	9.253868728393336
133	8.79361206005873
134	9.19592023053816
135	23.03153642724349
136	19.867803927721948
137	23.03894564847165
138	15.261684531568754
139	27.075297393384243
140	17.18592563604212
141	20.345673722989
142	25.24404327456099
143	24.139935528222672
144	22.47615706994481
145	32.31460458838388
146	23.66524536404896
147	18.426923619560856
148	23.920496509644156
149	23.251450533038675
