0	9.509819465019627
1	8.840552824240692
2	10.067490803199208
3	11.884640913988727
4	11.889228901219713
5	12.238949029670692
6	11.51127029732733
7	14.498138160067485
8	12.239896578056797
9	12.276665494898456
10	10.665954204170818
11	12.03049094173143
12	14.890974014373166
13	14.665173173365943
14	16.307467652705405
15	12.853725566508981
16	14.772734907210825
17	14.07318277177301
18	13.721388372580893
19	15.223202569506912
20	18.146622844249286
21	12.46406398202508
22	15.61201378500483
23	15.663667982284991
24	14.530786923223797
25	16.10221077302034
26	15.706778945322165
27	17.346595538914315
28	15.626492218052258
29	13.91118016899496
30	16.207277909014845
31	16.547711787274245
32	15.520687807069278
33	15.364789902872365
34	15.759634282541414
35	18.048957523986417
36	13.120118162599903
37	15.762495690050287
38	16.26009516598048
39	15.612461540140433
40	15.913156596893693
41	13.047111483180505
42	9.440961048237531
43	11.726039685412085
44	11.781891248703605
45	13.677915187026333
46	13.466877516451493
47	12.308020701921611
48	15.353766350606536
49	17.103932570134372
50	16.334498344645635
51	15.384615321015524
52	16.75392857164417
53	15.179881746417049
54	14.949577386864313
55	15.473819946203607
56	16.25076376151781
57	15.91559211570562
58	14.026134043979956
59	11.623071711161966
60	13.738238544714749
61	14.461281252513116
62	17.203153715817304
63	18.097277561086678
64	16.515833739280925
65	15.503449010984047
66	19.39043991680211
67	15.966479637685968
68	17.353818922007537
69	17.148673905626016
70	19.987821752338082
71	16.485475833487957
72	14.967453352034294
73	17.252402511279847
74	14.237657903372936
75	11.231430133858954
76	16.452563725099232
77	14.588811879905679
78	14.407263649733274
79	16.701285828432102
80	10.194425069311942
81	16.35936824164217
82	17.10885593335972
83	11.605541891296678
84	15.752409300722347
85	17.099321347555332
86	17.26467583928627
87	16.879973007357236
88	18.3225441676295
89	19.52752078688452
90	13.52925019700917
91	18.302799108861777
92	16.305439993973074
93	17.703692039125553
94	18.16002856319382
95	18.437962856625013
96	14.607766890535066
97	15.682515319814692
98	19.726474678832346
99	14.500315236474934
100	18.23948918003526
101	20.367680539834442
102	19.156221636971132
103	20.28679160683423
104	18.652146871320863
105	20.82479168615978
106	18.55786616985169
107	18.632591695803185
108	15.92594950492153
109	20.224775243214395
110	16.608257020990546
111	17.552670872698908
112	19.489672806124997
113	16.146481729462202
114	13.891971062690178
115	15.669052595304837
116	15.604172870149378
117	16.72823771950519
118	16.030755753772674
119	19.039337839266775
120	15.586145061634138
121	14.874628385241571
122	18.284727257916632
123	18.775380319679613
124	4.034544315200402
125	7.39220130487663
126	7.424393508517251
127	8.330880231995899
128	8.335676721928929
129	8.180350141446358
130	7.855946400389516
131	8.876480883712018
132	8.36005197617723
133	9.125106016716616
134	9.54197563518192
135	9.575059910130765
136	8.355148967396497
137	9.5481660698767
138	9.701443779797398
139	9.17551403205584
140	9.344043339379018
141	10.946359092292248
142	10.463589141062087
143	9.329984079602886
144	9.524842407127638
145	10.364375177279536
146	9.971827287840814
147	9.6163799097812
148	9.949008571759014
149	10.269018400362334
