0	2.337526772315591
1	2.7188859840756514
2	2.8133602716899495
3	3.1925364773626312
4	4.237428825548879
5	5.376329489592426
6	3.8496854037629458
7	3.199268485819993
8	3.375745742118147
9	3.2946017626985804
10	3.2876869127823505
11	2.9932064391821767
12	2.154328696780933
13	3.565499439246319
14	2.813151343971123
15	2.7207638539416634
16	2.6252967636850006
17	4.986272459477232
18	1.4855277107262803
19	2.1442022537674412
20	2.05725648728033
21	1.7683225777289766
22	4.891762097278601
23	3.4820334189758877
24	1.1040736666320214
25	3.37590437984278
26	1.7714016126987726
27	2.429510485814051
28	5.006435036760872
29	3.5726317226511375
30	2.0499552981958504
31	4.913704307867553
32	1.9573939683057815
33	3.2880458621538575
34	3.0031923847731257
35	1.2939227517624434
36	4.61582400207787
37	6.2328856048884855
38	8.131554067964942
39	5.281656366840562
40	6.880329481964445
41	6.5311323332751146
42	4.331052982324697
43	8.038560095334866
44	3.1930548211965486
45	4.8052631103057
46	4.331918530431461
47	9.937259613071417
48	4.997697508905377
49	7.655737320193329
50	4.993811256951269
51	3.6697675228824806
52	5.458399740884352
53	5.675874184019718
54	5.089046016738578
55	8.20393070169469
56	6.153545426165416
57	8.609002560524942
58	6.685729051051339
59	10.735675589974687
60	9.734316346672742
61	8.322404698636822
62	6.708152562389857
63	9.648651834973279
64	8.412386123098107
65	9.437419852812384
66	6.993867238782964
67	6.810812004345518
68	7.928645559852329
69	7.006626586626524
70	10.291350665067315
71	7.656361251553167
72	8.79270721051748
73	7.6731798856287226
74	7.918589584837095
75	9.38903330025607
76	9.750816305945278
77	9.460162568036479
78	7.3686105263585535
79	5.752796385554853
80	6.331625066176366
81	8.132961887057801
82	10.597692849584373
83	9.998196422487794
84	9.967401405918713
85	7.273031773085965
86	7.563038157190623
87	15.917664037001513
88	8.70033233921145
89	11.358912965206235
90	4.13323070478341
91	4.342737477757348
92	7.081995994511347
93	7.470547879732911
94	6.7839236051168355
95	10.244968573402442
96	8.299671475776917
97	22.812929723510273
98	12.847641699511742
99	15.7582633011236
100	12.662853007991401
101	10.435096513984474
102	11.735869630525002
103	8.325141335821659
104	12.647148811984207
105	11.010156883121072
106	23.33364270059716
107	21.334958376794262
108	22.839841634675814
109	19.424290298634592
110	26.561271854936535
111	13.357768380079605
112	26.55702750300911
113	18.724447643784565
114	26.647443769541095
115	9.634091227806357
116	9.995171056507827
117	11.042774235642545
118	10.408228511380113
119	60.42311345465885
120	7.16749050408489
121	8.054473554674662
122	6.89380696987909
123	6.803322447290855
124	11.89279159679793
125	28.07837807825289
126	33.768501715642635
127	47.43900623280737
128	26.833704142118805
129	28.914310720483503
130	19.799987317431405
131	9.661520560869091
132	17.164649009284204
133	32.644142376732106
134	8.642513425523076
135	4.142264750781636
136	10.869849908239875
137	48.41377439477158
138	49.608177846687845
139	42.5233789987743
140	42.59701335694001
141	47.85271850922491
142	37.875281901952114
143	41.26892415719506
144	29.995263449819948
145	43.19965424832756
146	41.498790097135384
147	34.12549505970712
148	33.791052316011395
149	30.628794892492955
