0	13.522555356830866
1	18.945690841610542
2	13.936779818493862
3	13.765388559849814
4	14.088473014466388
5	17.54913423179203
6	11.513598630767618
7	12.348731154402655
8	20.38848482422573
9	19.080661787823306
10	12.318314214744193
11	19.158951059272503
12	17.849529249231768
13	13.858460166605882
14	16.64894003439058
15	6.5885164740358055
16	8.26845196207917
17	16.141022563921435
18	18.753685123647696
19	22.579972187220314
20	10.407016561371533
21	14.730630262189063
22	18.102351334154392
23	18.06201114010199
24	20.646441088217657
25	15.099416121935606
26	15.578529230318491
27	19.29933587744797
28	16.148617603165576
29	20.83504484051671
30	18.149526819576426
31	21.050418543937667
32	17.40882353179961
33	21.427881327833262
34	19.308635531909836
35	7.8921610446964
36	13.720684336209612
37	18.757124926189665
38	20.123095438882075
39	12.518068564134564
40	16.994856614986315
41	20.629986943914076
42	17.95028436693094
43	9.805317478370792
44	14.390020598761259
45	13.455274672125165
46	17.454593839654176
47	17.348286762427957
48	14.32394954032311
49	10.679095602726058
50	5.8834680517050995
51	8.111315376635481
52	6.48319266709776
53	7.069751160707765
54	11.948383198438139
55	16.549271312591472
56	17.647854091012732
57	11.814696498845635
58	2.6554497032681983
59	9.125046743069781
60	14.733728575633162
61	8.898850096126003
62	7.690213973816409
63	18.556291537808107
64	8.090580920931771
65	7.086504275012467
66	15.746054503007608
67	8.795239611379229
68	15.23876369529592
69	14.126632894865487
70	14.130137561552477
71	12.318430712715687
72	14.525453353259687
73	16.34722884927677
74	13.12290433957532
75	16.743927363430764
76	21.37260744650495
77	14.128114875336815
78	17.447536276809462
79	22.275370896892717
80	15.738053043659082
81	11.715108950022714
82	12.720672006732482
83	10.105724688787069
84	14.328597875408366
85	10.709285525491529
86	17.555050417089248
87	14.627118560219351
88	19.658301788163666
89	12.117364299807772
90	11.50816931459753
91	13.329660742303613
92	14.129328012482107
93	14.49252202256101
94	14.77412791889221
95	12.314347717038656
96	18.95904848840506
97	12.92332317809449
98	12.116446721866222
99	14.430692622682706
100	15.228264323931425
101	10.68089592462122
102	13.161314795308005
103	17.548965510591938
104	15.737601148034999
105	12.314930703057941
106	12.518899729165417
107	14.938354937634513
108	12.482574485588458
109	9.907314756069418
110	9.929035699291983
111	18.551457482500258
112	14.529060832634194
113	10.707072665722317
114	12.382531454516698
115	19.266060014909357
116	20.968599506471833
117	18.76219663422953
118	19.61385455071864
119	23.174315154582793
120	18.55450113901979
121	20.57222716005013
122	20.91408979843178
123	27.065658310779586
124	23.491736675999313
125	29.929239860390574
126	23.09081026370864
127	25.193271649512898
128	27.786927382471003
129	17.901917785916588
130	26.41191798349702
131	22.47981325633529
132	20.656234677885937
133	16.139628389369115
134	7.470037315880759
135	6.084920537390087
136	6.884862752549591
137	14.543508491664992
138	7.0793042426068284
139	7.896291202960234
140	13.757369404628056
141	13.29184452006358
142	8.296035757903772
143	22.440670733340404
144	23.171839200654397
145	25.000377018173975
146	19.758110736579763
147	22.417333127864012
148	21.776045623059783
149	22.52926564083072
