0	12.652357046766625
1	11.207881495444122
2	11.779795382329217
3	8.522300947981668
4	8.612599440314582
5	10.220814530047477
6	10.62013132804708
7	9.1702293062392
8	7.3416494425035825
9	8.23599911212839
10	8.496017186483508
11	9.792153480559042
12	8.03454452645366
13	9.2406092526686
14	8.179223148920853
15	8.786025234080977
16	10.7453899296357
17	11.347349778957405
18	9.448631317254666
19	10.741517504717404
20	11.490800137790812
21	12.978252379825088
22	11.246856843784395
23	8.169933044588653
24	8.047304593049478
25	10.710904072013856
26	11.088620881628737
27	8.1015386775622
28	12.264311097335115
29	10.635359822338895
30	9.475297836430641
31	8.812699524537935
32	9.153994705356393
33	8.592017527864588
34	5.65807621124886
35	9.676015421280553
36	9.411203906060287
37	11.034755260067968
38	9.078900897398285
39	9.003987466368331
40	11.874020997551636
41	8.750980723421184
42	9.1681693270036
43	9.186163641077387
44	10.080572528688146
45	11.23150059301376
46	9.970107168094858
47	9.152401516971832
48	8.812196620878082
49	9.773898899376467
50	12.721709962929545
51	10.195639871185668
52	11.3791067856261
53	15.021095968561545
54	7.707004466037483
55	13.594340402884999
56	10.113274221573501
57	11.728566664872089
58	9.95745447847406
59	12.181775039353761
60	11.868214082206459
61	9.194253347874213
62	14.128282860222198
63	12.87223407841158
64	10.576981642388896
65	9.90306394214142
66	12.088887778187887
67	10.420418462749039
68	11.753178848463246
69	13.900758830230714
70	12.121388433440718
71	13.569988189455506
72	13.506605640422157
73	12.651526478109659
74	14.607509953870398
75	13.70665819322624
76	15.504939154605566
77	10.256912099532869
78	15.920662418226373
79	14.281473251749265
80	14.939373559025496
81	11.710362382871446
82	14.828827991880464
83	14.120452270135416
84	11.144722008528147
85	16.256579714920797
86	14.68464327402454
87	15.739835000410888
88	17.410250843688416
89	15.335983339461626
90	15.513045525590371
91	16.91912502649268
92	13.282172032003658
93	19.83252974782152
94	15.622950591268301
95	14.479264572139224
96	20.36003091595477
97	18.494006916973103
98	16.862408995159733
99	9.588506445397286
100	13.316175856720573
101	13.359749940419698
102	15.562131164789102
103	14.504934710122983
104	13.211625422146769
105	13.282806094584704
106	13.373952496303023
107	12.640745840165394
108	14.174450965328676
109	10.82934453724234
110	16.003124095967383
111	10.917799670502301
112	13.453649161885172
113	15.935690380619743
114	10.08428928065494
115	9.398935512087126
116	9.7552934796541
117	10.710884570156905
118	11.865020211832999
119	10.007883707143057
120	12.112065916811659
121	11.458343332900093
122	10.543124348556573
123	10.431947541964913
124	11.521000979972044
125	10.780133474247576
126	11.628632758081286
127	10.917787853326452
128	11.72487696661703
129	11.144825281911116
130	13.091103001318952
131	13.00739848906054
132	11.906422425866992
133	10.528660712641225
134	13.34608153241773
135	13.952274890583642
136	14.747896757862705
137	15.508617341869645
138	12.702779233864792
139	10.708121809988327
140	13.619868586764772
141	13.098964925873556
142	15.709787330710537
143	15.27727672877296
144	12.35282213928867
145	13.077886164932709
146	15.407368088302448
147	14.914342343692224
148	14.134569737336573
149	11.839320803058783
