0	11.59598392601524
1	13.335165477514503
2	11.110558935926417
3	14.852497004035259
4	11.02430680866371
5	14.91303816907491
6	10.485953069699132
7	15.830608122941316
8	9.274938326524381
9	16.883292721342713
10	10.342172755261476
11	18.208050433890158
12	15.347212013022489
13	13.698566191622293
14	19.712064412955616
15	19.033414913083003
16	14.752295653665206
17	16.33460968732787
18	15.753562581631824
19	18.84508711678212
20	20.10111580417239
21	16.048544968694134
22	16.808404669359543
23	20.68157449813411
24	20.531044554948654
25	17.945999463909914
26	18.86438801889246
27	26.973126916837213
28	22.395780907118436
29	17.452019766675367
30	18.358802867245625
31	16.02929285176106
32	16.759347386530347
33	17.671753091878273
34	21.501984807894843
35	15.715146850850994
36	13.299023926194055
37	15.955285891398342
38	14.398460379424655
39	9.029206917808896
40	11.157571770035933
41	11.292635448229854
42	9.745839756659281
43	10.381554273542605
44	10.230738665526873
45	10.019794075571077
46	11.652566596724965
47	11.49964213596363
48	11.842288429525352
49	8.235646616160803
50	10.371702055019892
51	12.208975094495099
52	11.123678946013115
53	11.355115836453159
54	10.621713909567097
55	14.200614019507748
56	10.68247000605585
57	11.598283831465174
58	9.08135516548926
59	12.21086958460591
60	9.731937844642518
61	13.064354909125596
62	10.532110548509268
63	12.484357638225717
64	11.11783172704291
65	12.46939497475514
66	10.98751271479712
67	12.799992249349046
68	10.184863845677368
69	12.093236614951756
70	10.628248108770517
71	13.97004901761605
72	13.300709786813199
73	10.88619752238333
74	12.528269579164864
75	8.428962851566132
76	13.200139122094415
77	12.697418223766062
78	10.561734285244345
79	10.945166368555789
80	12.196951385072422
81	12.968898785943034
82	12.343178395252377
83	9.940722472687549
84	13.971251277825042
85	13.337334751030726
86	11.138521915161439
87	13.65617439968431
88	9.45936446124962
89	14.238842104676655
90	10.914509602135402
91	11.60969066227741
92	13.796492182584641
93	15.183138867466262
94	4.931803561917451
95	13.297885415772447
96	8.972889430256016
97	11.193307657274604
98	10.003786664273896
99	11.732271703818553
100	10.227381758781348
101	8.874248210376187
102	11.129567279218383
103	8.821879541260765
104	12.160831176301578
105	10.660827889161059
106	10.554572764992583
107	12.799177877286608
108	9.75155053771395
109	7.290069290192403
110	12.166362166609254
111	11.823655198033308
112	8.746587453558327
113	13.47221880830645
114	4.998837455363256
115	5.735206788753731
116	5.89718444153913
117	7.31562507345853
118	9.206074383178976
119	7.4734197953969295
120	7.5595012924377265
121	7.375535880247549
122	4.697206854000245
123	10.421768629559823
124	5.701682653638879
125	4.563679682061851
126	6.370452196274643
127	6.036900790180488
128	5.768783444738398
129	6.438030593408724
130	6.772510885687398
131	5.982674326081194
132	6.758317862093462
133	7.03996028062008
134	6.304481222592926
135	6.103194286396364
136	6.304196725420867
137	5.376621098228681
138	7.511984297743299
139	6.1045667591355155
140	5.821825631621685
141	7.642625140670681
142	6.117006689900406
143	5.890068801332847
144	5.5673942537510515
145	5.701428305129567
146	8.130681591487042
147	5.689197354184518
148	6.672581689712296
149	6.203554068978374
