0	13.118787054589905
1	13.22381427477142
2	14.005349793200303
3	16.517839337490823
4	12.341282807575755
5	16.346117197304658
6	12.900761727834166
7	13.995440206155656
8	13.570200623593468
9	14.911147284333673
10	12.566240900838473
11	17.321847426889864
12	14.344006941299845
13	19.475091801176188
14	16.39060687112213
15	11.961581697751523
16	17.383088770541903
17	18.416951546219416
18	17.19098310249937
19	13.318658366627918
20	13.14373078085935
21	14.256361789040398
22	10.549323686732187
23	11.801791245704976
24	13.435444372246799
25	10.29586034009914
26	13.660309991314524
27	12.27067220626017
28	16.714449593617864
29	13.901867904019085
30	15.880853447189448
31	16.830909395512954
32	16.79869473598617
33	17.20798392210559
34	12.248961152776303
35	15.633098237281189
36	16.58841508903664
37	17.214620816925656
38	9.794245453525033
39	16.269034237143053
40	14.51068572765443
41	12.147664437392212
42	17.635938125337542
43	17.540510957951103
44	17.797616646667418
45	13.16045683423382
46	15.596088171480666
47	13.787008361250479
48	16.56478897769912
49	11.596662959088444
50	11.454452312153126
51	17.315736422900894
52	13.468238748604293
53	15.902849973281764
54	15.517903722421465
55	16.083068231921512
56	14.689903107193604
57	18.686830583169925
58	17.388977648924847
59	10.951179231977779
60	17.855594629452366
61	17.511800007266533
62	17.02781935976399
63	16.058493439392848
64	14.92614574219757
65	15.626663062452806
66	20.488471927941966
67	17.37591833826295
68	19.25554576952044
69	16.668061464457324
70	14.408818650125191
71	18.828550027710595
72	18.863432652564963
73	14.127410588934232
74	18.319091641337796
75	19.558741127593763
76	18.243105102768844
77	19.851472741302036
78	11.747565782757238
79	12.307465117895173
80	15.576794018297722
81	16.97176261891451
82	22.120132157458475
83	12.866348223259582
84	16.572124809628928
85	16.099959152445685
86	6.457675574316235
87	19.911675382751458
88	18.799885404507744
89	20.34938261410259
90	16.393523905008678
91	19.874116895637307
92	13.253049233986651
93	16.00001420412736
94	19.11215840601426
95	16.63539849116547
96	18.163162694146976
97	16.97356375183507
98	19.73503483079658
99	16.466351250622942
100	18.40617048728091
101	13.733797198080076
102	18.102210641757583
103	22.425414248014434
104	19.225979584292556
105	17.85386871379328
106	15.636102584554685
107	21.94522116869884
108	19.779913819237137
109	16.04492623420602
110	21.621125798550352
111	17.59182717042444
112	22.74866932520062
113	19.350734693128263
114	22.943409714445632
115	2.237502808111543
116	15.653705026330972
117	13.539660102616441
118	11.071176746643072
119	15.004495165421744
120	15.140155279082972
121	16.457310304520227
122	18.038389235036977
123	19.303837331433268
124	21.054432859486926
125	17.335450600130144
126	13.555818272830045
127	18.493500013694472
128	16.019368845341333
129	20.08984693020143
130	12.762440306607221
131	2.678120828835468
132	25.08921235622353
133	15.353092153006425
134	10.190880529202367
135	16.52739049703306
136	9.768661951430737
137	12.201556117750066
138	11.907505986410936
139	12.718115469420646
140	12.49696638355513
141	12.49851307769272
142	12.777662329056945
143	12.958875569627832
144	12.067327190428884
145	13.815389829164044
146	13.360678098362389
147	6.5736745699685635
148	5.271289305326387
149	11.71000107184108
