0	8.572818600043927
1	8.811947650777004
2	8.032859001883555
3	10.037174128647397
4	7.011753827755903
5	9.937739642739018
6	8.5753894676252
7	9.910692179058412
8	9.61766517915622
9	8.695942325851366
10	7.351932320207441
11	10.925745564698754
12	5.899923038927847
13	10.37509010588376
14	9.258144443498313
15	7.189568961136023
16	9.424750837836022
17	5.5595644569735905
18	7.6885898417845535
19	8.808137929144756
20	9.376683208130263
21	9.25238619165659
22	9.035362972736309
23	6.2333854106870215
24	9.240891803079638
25	9.47613049280099
26	9.858951093580927
27	9.11933332246441
28	10.579247655571265
29	8.589155201869605
30	10.268958863631173
31	9.36960372234326
32	8.914892158536468
33	10.25805562085662
34	10.605092497300962
35	7.574480374748384
36	12.17107283958672
37	10.039741451336855
38	11.81888907941444
39	10.335724441083304
40	11.520898276269534
41	10.377650230735266
42	11.73858536408936
43	10.256597470794816
44	11.275808125393418
45	10.487465792482446
46	11.144646952409587
47	9.81078136320832
48	11.570122877460516
49	10.861079195941144
50	13.518320961892208
51	10.8156064911275
52	12.612888116453242
53	10.488860186824297
54	9.473627222986845
55	8.694472716338108
56	12.61010941152708
57	10.49274636579463
58	13.184311595526541
59	10.80390106531464
60	12.396129852711482
61	12.946169139393572
62	10.53560206391018
63	14.29453122537889
64	9.873789096090047
65	15.357212387778585
66	12.890981043325926
67	12.213245615372923
68	12.843421359044651
69	11.167916434551056
70	9.244893913941532
71	13.91342946611826
72	13.497942115469773
73	12.779727907159156
74	11.045620594265213
75	16.143825692739288
76	9.352308151555295
77	16.930111796041626
78	10.324440089214086
79	16.635255606351077
80	10.136251443326653
81	15.427619928884553
82	14.618839036170531
83	13.020208169344556
84	13.42799639324831
85	15.80681797719597
86	12.013051979205457
87	12.108733268047008
88	11.101238967195062
89	11.368116561575977
90	12.340747658953557
91	13.386790461959706
92	12.160366572685668
93	13.222262748709056
94	14.23843926623136
95	8.822234850058994
96	12.553461198885717
97	15.065382490704454
98	14.402137146272501
99	12.05406395154047
100	11.814266425087208
101	16.654924013074243
102	11.373098419704203
103	7.415491876641075
104	15.403790926017145
105	9.082079933234297
106	10.158266900577619
107	8.9188323960935
108	10.37558236242091
109	11.382098986145344
110	8.306205366650481
111	10.426970862464195
112	10.09673493994638
113	10.545110530634027
114	9.024654864941382
115	6.57293581558922
116	6.793683647498457
117	13.72390347093959
118	13.639081061744335
119	9.286504275254316
120	12.241922710576628
121	11.870583078402845
122	11.055620332632799
123	12.907567293666219
124	12.48689717494743
125	9.031875697040395
126	14.249419146849107
127	12.998856612613988
128	11.932826405310362
129	12.790394748351908
130	12.957228058592598
131	14.001150428484873
132	9.129297367747402
133	14.08047420802703
134	12.447452320932069
135	10.426673802729198
136	14.692300963267773
137	11.542978351764187
138	11.050881203578722
139	9.474967943401687
140	10.927927813984585
141	11.263564191127777
142	9.82192665141066
143	11.814717351499414
144	9.485441110120597
145	10.054315843568094
146	8.905851368999887
147	11.285386807219407
148	10.905322282078593
149	12.66506566683374
