0	11.902883069852603
1	16.076632505584787
2	12.423695065606001
3	16.478165805410313
4	12.344382458152786
5	16.400713805577006
6	14.74595497712593
7	15.308936513319122
8	16.23605145428574
9	14.058298548948287
10	15.071539250556494
11	14.8376550183646
12	16.857489904803145
13	13.671035156298458
14	17.10158650725208
15	14.032968487454191
16	14.38943150293029
17	17.315527506993927
18	13.990104736621934
19	10.331247221279984
20	12.729564289968216
21	13.126882928683958
22	15.20706796122866
23	14.474806217878548
24	13.119966288478324
25	14.976194752246517
26	12.750394833188086
27	16.76889208519281
28	13.76486715336457
29	16.091949811856495
30	15.527127036866354
31	15.859674877026144
32	15.761187048443912
33	15.845341128063843
34	16.856202707223378
35	15.695146534548503
36	12.814446486338785
37	17.16901965302984
38	14.127461231555209
39	9.636593902822348
40	7.375645725066881
41	10.951094150705718
42	7.530401936019952
43	10.046607188017447
44	19.1938314103874
45	9.552486257205551
46	11.736519356833782
47	11.567454904390722
48	10.953131310775952
49	13.829866885102817
50	10.71823298033613
51	9.474241097292289
52	8.002509598893674
53	8.069251342438506
54	8.85443397181903
55	10.018454626544536
56	9.458167434230408
57	9.724140165839636
58	10.948549794244293
59	11.115534923066296
60	11.721942012551597
61	10.083321930557108
62	10.952418022335152
63	12.514771726021486
64	10.25464968916084
65	10.563572107618974
66	12.424860012033086
67	12.117688311892756
68	12.896154912993051
69	10.484677397241128
70	12.0191495121062
71	13.072909606248274
72	13.04535975115035
73	11.807448750942882
74	9.322310794730985
75	12.578726159044606
76	10.725401483428069
77	12.031290739878674
78	13.049779196580698
79	10.788741163802428
80	14.6994824027649
81	12.013201537944685
82	12.12950270662352
83	8.99937182268258
84	11.513398013582673
85	7.920301786847612
86	11.023790156684022
87	13.52171871945863
88	12.277282249520908
89	11.179985790428887
90	15.77888693300834
91	13.507827603153444
92	16.232340699371203
93	15.301813834038047
94	12.66402608292261
95	15.200438426858529
96	13.928533316013748
97	16.53778658964997
98	15.078121663850933
99	12.890457436285619
100	15.221357069171411
101	16.090110710610197
102	12.027466141388754
103	14.144568090737174
104	12.586876838647079
105	7.371091059181709
106	16.068373135466622
107	14.000166313683678
108	15.14926620656344
109	16.629251313282598
110	15.458998504718984
111	9.231946607753276
112	15.31140985382764
113	16.923416266582873
114	16.7732101335693
115	17.346841685734464
116	16.09149056633525
117	16.75786804845378
118	19.519602908715967
119	20.885369353011587
120	9.32470704764701
121	13.045604786074115
122	15.386540030928249
123	15.050402264619635
124	17.424834777984763
125	17.62169797676302
126	15.314757031207254
127	14.759652593597323
128	13.664587771779946
129	15.68336255177768
130	14.152065878111213
131	16.05584841178163
132	16.649901100311684
133	10.473227220492948
134	11.491167004440285
135	14.703807747979305
136	14.514666917381405
137	15.527717118652248
138	17.270667236235802
139	20.25527566696112
140	20.136962541479424
141	22.221346669983856
142	19.505911281875324
143	19.17946838265294
144	13.897757476984083
145	16.701415681859007
146	17.420166346844297
147	23.464689200252447
148	16.940705833208344
149	15.431873665348228
