0	14.567895406262998
1	15.912529571327461
2	16.202381429252256
3	18.08658680165579
4	16.117958181973567
5	14.36372602086565
6	16.36781279811154
7	16.959334711625573
8	16.873310860466777
9	13.647151446594233
10	17.957818531670803
11	13.065139237548411
12	11.946187057296603
13	12.099174068206802
14	13.113865912703243
15	14.081617324074083
16	13.313747030507805
17	15.195275983063912
18	15.45641769751298
19	14.364553849927942
20	14.525247653785977
21	15.040655479793484
22	15.53476700224234
23	15.026777642906788
24	16.878364771926073
25	15.741992311105781
26	14.829967855195687
27	15.075493186010632
28	17.077901036974815
29	16.960973198666593
30	13.773601490857063
31	16.587076316335477
32	16.912806579814873
33	15.70112526588573
34	15.619076114048717
35	16.53630442488095
36	16.369865607090066
37	16.577290801342123
38	16.122739631158048
39	18.634438857642557
40	20.339106361605015
41	17.54030816872775
42	17.618953413012036
43	15.98506169076531
44	16.923430475820812
45	16.229653578199155
46	18.563636350111004
47	16.495993360833275
48	15.806202242121953
49	16.39263753586998
50	16.771122107736048
51	17.0134529823061
52	16.414839798583483
53	17.661204331811884
54	17.129869395454467
55	15.465501919477692
56	15.59714799600161
57	9.329274200864075
58	10.915450462626193
59	14.615357960884673
60	12.804524160818888
61	14.874744951797313
62	14.445057636083867
63	11.02142767938989
64	14.490302513219715
65	14.824673384974531
66	15.362921484534976
67	13.36842077313285
68	14.360005099428168
69	14.495590900412894
70	14.029931331368662
71	14.538957816472356
72	14.777925033884303
73	15.160730030068539
74	15.027643891093438
75	14.61423481738913
76	14.706400767583583
77	16.119667116095005
78	15.115527649458802
79	15.45284674281902
80	15.786503611614293
81	13.110732588307297
82	17.534881882479908
83	16.740929433872388
84	18.050917447936214
85	18.116269669632864
86	16.587402217197106
87	16.034564508253194
88	19.49802238964097
89	15.98537113846946
90	15.959321044662891
91	16.411801011426903
92	15.660253318437059
93	15.883221027830372
94	15.808436524438978
95	17.382500282528746
96	16.74198139805086
97	16.161913614676177
98	16.15879661964854
99	17.29448286100843
100	16.910847466425697
101	17.71410793965256
102	14.617964820645165
103	16.83152103322911
104	20.05016428990142
105	14.445750756992986
106	17.868834359975075
107	15.625794570557154
108	13.941751485196608
109	13.30319664593591
110	12.249198418973235
111	14.700325465853986
112	13.237451624785038
113	13.446095926655248
114	5.003998101797873
115	10.064145000628415
116	13.366757279244077
117	13.444937843477131
118	8.512554007293796
119	13.412659036455283
120	14.738566385313032
121	12.848912759245893
122	13.50651229785005
123	11.300802378800961
124	14.192270545814777
125	15.543297858945069
126	11.899351559913866
127	15.78661031619837
128	12.182498582277079
129	13.487616603757997
130	16.43296693640316
131	12.626622441198228
132	14.239657400564136
133	12.956442125272988
134	11.760088727819202
135	12.237641098334942
136	11.689915702864079
137	12.610266432978994
138	9.267980068106601
139	12.899389612954355
140	11.90444831057223
141	12.777625256150477
142	10.018672844894422
143	12.564053076940304
144	11.365323144210556
145	11.89561713803241
146	13.192391191273277
147	13.58213321418009
148	12.642720823535624
149	8.872646242887344
