0	20.50837523621518
1	14.34850375090638
2	19.300836186819936
3	18.617905335098737
4	18.374908474434662
5	17.589096674472234
6	18.74642352114897
7	18.908369569664362
8	17.915577557712023
9	19.575131470094444
10	21.41260087644537
11	18.492803621751754
12	16.48216359123734
13	20.676732317024364
14	17.14672523997724
15	18.246752476758672
16	17.899895869883444
17	17.35198039524151
18	19.10836648606604
19	17.58960423786514
20	19.73384908608586
21	18.569301981989618
22	18.2341577020511
23	13.749826830468589
24	18.958891279090047
25	13.018759080046099
26	15.877574044822024
27	13.879154331606646
28	14.048770329798275
29	15.089905710477542
30	16.017684433776136
31	16.253133989581055
32	13.336192541063799
33	15.539039281850924
34	17.81204431587971
35	14.531501526471025
36	17.41657234119976
37	16.074841711627418
38	15.085730658049345
39	16.93857503067451
40	11.889189712886656
41	10.015785804458186
42	13.542306705860318
43	11.011384979813805
44	10.806238173886998
45	11.038742957685065
46	12.585120620958469
47	11.475329052703586
48	11.240861724194676
49	11.563821543584345
50	14.648668568278158
51	12.08626917299445
52	10.426141774346918
53	13.221877995904274
54	11.179496834019172
55	14.125211702005933
56	12.84387217111004
57	8.505519820061412
58	13.717279541422323
59	13.796004482693627
60	13.251753358080183
61	13.016937064047227
62	12.583085784719868
63	10.280268081735654
64	10.896216133949169
65	12.085697105039621
66	12.439718203237682
67	12.202973561960142
68	10.45719131875239
69	8.322409282348293
70	9.436691500056364
71	7.495733313209961
72	10.862496661331862
73	10.352760838019707
74	9.251475905651098
75	12.2605560308944
76	10.111490325390989
77	10.776863394260412
78	10.426729290632455
79	9.930688291414366
80	12.989549850955264
81	9.145333503407466
82	10.65619478599379
83	9.172063553241768
84	9.445826670202205
85	8.73743660978798
86	8.059238056102213
87	8.628125711977713
88	9.232430758142034
89	7.689847941559556
90	9.694534347929018
91	8.483172629925853
92	8.406427811663837
93	8.369562650724061
94	9.058399701648026
95	9.285573838605755
96	7.37985115010979
97	9.138985445071198
98	9.644705401906425
99	9.320563665775028
100	8.766553912632336
101	8.883269928889817
102	8.581148845538605
103	8.370718883443248
104	8.917187462365245
105	8.733067864037517
106	9.165532569704602
107	10.053869670119497
108	10.13639617216915
109	9.435636088056578
110	8.709448571241248
111	9.457052576414325
112	8.63163069684558
113	2.1272744609439203
114	6.818041007381817
115	5.56374885560313
116	6.18242570597633
117	6.390545131397062
118	6.186049792797752
119	6.889420318017406
120	6.925378653153375
121	6.866398627363253
122	6.602576555242983
123	7.206624692392893
124	7.337864228349877
125	6.989573306588948
126	7.573645046609036
127	7.310555139387834
128	7.561337670651124
129	7.469282320914539
130	8.126122668715915
131	6.757582109439769
132	8.327028047648193
133	6.760090195851312
134	8.153212701035395
135	8.30259169813522
136	8.825851773435666
137	7.1229378469505065
138	7.236629146258146
139	9.05730565838149
140	7.881434057813985
141	8.294140009935548
142	9.211210424836382
143	8.67043001438355
144	9.545407362375322
145	7.494571582071924
146	7.660517293199625
147	9.220640131889386
148	7.024557062771459
149	7.611884277517637
