0	9.301689710577772
1	10.59460154895054
2	14.080751576744433
3	14.398510623307708
4	15.442995322183195
5	9.782211104145317
6	10.05654106321791
7	12.695236086562097
8	9.50455598612964
9	14.579442995420596
10	11.857686133265586
11	11.614162159922431
12	14.0830601342873
13	13.900278898137918
14	15.462847099066048
15	10.664787466189377
16	12.105723914107395
17	12.463833403869021
18	9.645086207814439
19	15.317209323260307
20	14.63875095541096
21	8.764216572708627
22	16.39766755983376
23	12.293285495720111
24	9.917689150106536
25	13.569740578092567
26	13.957531848167607
27	12.606014865692526
28	12.695840973424401
29	13.19352148225336
30	14.843852615095708
31	13.524164876177405
32	13.908294112625772
33	13.05282198058626
34	10.537979483062829
35	18.100984208490043
36	11.38032146503249
37	15.452412492156428
38	12.660925511929348
39	11.213380641329678
40	11.5856573309576
41	11.731291381288905
42	14.612768783207132
43	16.297066685769796
44	16.69096844205086
45	12.186868197451586
46	18.009379067039088
47	16.753295781745283
48	8.52080060504045
49	6.203586608066569
50	16.214235860290263
51	6.430449807670222
52	16.073059534813556
53	14.045682152623773
54	17.24181445277708
55	18.580049834729216
56	17.92034432694953
57	17.042375357069286
58	13.171864745164669
59	12.652100270692276
60	20.23496957211207
61	18.31849440608681
62	18.806060642801803
63	18.124504899057587
64	15.650517696999898
65	11.822624337109268
66	15.313916060271362
67	13.175339628594061
68	9.061630155483911
69	18.604216410266375
70	16.13303038083476
71	16.355647999039256
72	15.87999746254582
73	16.821807496972614
74	13.817656630725361
75	19.81560030181249
76	15.867177412291074
77	22.555669102437072
78	13.012942917860276
79	18.80002237655906
80	21.113452343604948
81	18.474411106273063
82	18.74502414327661
83	22.05360432990456
84	19.627289764856883
85	21.190626936729114
86	12.112579616721053
87	22.43473684134032
88	21.742154555613762
89	19.275896800932916
90	25.13569833370151
91	23.654739200636065
92	23.355874775785185
93	24.047914941973527
94	19.966830225428687
95	22.337118380168278
96	18.123626236618396
97	18.00297480856004
98	14.78119142463028
99	22.881569337438158
100	12.101201796561645
101	16.365729208091526
102	23.79756867296864
103	15.474243334390026
104	19.218119969404057
105	26.525256135511626
106	19.825130951349667
107	28.567565757603745
108	25.11641705631777
109	16.34495064045394
110	16.00579892760267
111	29.038181293719692
112	16.889426034132946
113	14.993261954505016
114	19.555353932662086
115	19.000622918049018
116	1.161292272263052
117	7.494756605699484
118	17.98484282010074
119	16.904189413050076
120	13.67468474185504
121	11.75281893519361
122	12.024101172756719
123	13.087188364188929
124	11.072507284602997
125	12.303772453870106
126	12.126682738462565
127	13.08041916040037
128	11.447346004211994
129	13.587670137201268
130	10.259179607132038
131	14.351260067191085
132	12.785634644877787
133	13.959407668375016
134	12.06491757242079
135	13.668891119109583
136	13.904552548182384
137	10.590999550620218
138	12.745775737432115
139	8.590695142276626
140	13.124043457349321
141	12.064572572920017
142	18.13020624258224
143	2.6643692098192746
144	19.722848421694255
145	11.610854878089187
146	10.417446524335867
147	9.689531028263623
148	10.59670982581261
149	11.643902131667115
