0	7.233415604299386
1	11.720217788515564
2	9.191124707517323
3	11.506943069009996
4	12.33460718469846
5	14.255057473938438
6	13.078796304375373
7	10.950295440065073
8	11.470258019411244
9	14.071038733893703
10	11.111261930160527
11	11.006360222044734
12	11.453919544730551
13	12.70032671916197
14	16.918441220023702
15	17.241286247722453
16	14.7940862284489
17	18.86693923600742
18	14.435619359553407
19	19.22802956510365
20	17.333777649096515
21	18.48023746193889
22	13.657944040358549
23	18.348190834607678
24	21.484549742139578
25	20.75953469974942
26	19.097905421797428
27	20.63995950068996
28	17.822237436875564
29	19.501454526460503
30	22.04349316873497
31	25.176708210039642
32	22.326827597206286
33	17.45830136003736
34	22.741011449927367
35	25.78950476991021
36	24.759162853543025
37	23.758349208869465
38	18.330806093385377
39	19.146952336363256
40	28.29185887454744
41	22.07516441237449
42	27.448669412649792
43	23.829989839210725
44	24.60369468869806
45	25.55857805760551
46	27.047688637038323
47	27.060660043638055
48	18.290942429462426
49	25.317125530995494
50	33.2895698464458
51	18.135179672834585
52	23.604072776285715
53	23.38010634404884
54	15.11262094249122
55	19.091795867513273
56	13.414257001325286
57	11.107892684344527
58	12.301194274898736
59	9.688156751811611
60	13.481861640991067
61	11.313260093456789
62	12.872209207947137
63	12.51163603671425
64	12.783506117911404
65	12.551058319622001
66	11.438839555255251
67	9.448062242460516
68	6.39897606240591
69	7.963025496173405
70	6.059599285824671
71	10.33147285453942
72	7.0304002482612304
73	10.469714710800634
74	8.771277307960592
75	10.398991627824676
76	4.346988210042
77	8.04457784925874
78	6.636873373717758
79	9.877652985531812
80	5.457120030715121
81	9.22680561959144
82	8.951326140088494
83	9.493405554541715
84	10.66713642249628
85	13.519569437817253
86	14.248224005969547
87	8.113438708094515
88	9.71671179089821
89	13.143045388177606
90	11.449589301060737
91	8.309767920673323
92	8.347009386370962
93	8.645444771303637
94	12.732562310801045
95	15.1478559394628
96	11.542067019577853
97	19.367504620802578
98	8.48056014398015
99	16.49492637542763
100	14.152399188168994
101	12.256331705664875
102	12.863730917303297
103	7.062659007369076
104	11.787843011632772
105	11.50612020923005
106	10.574768445627457
107	10.300196782198727
108	13.107012758798744
109	12.006140679298161
110	11.037293893134436
111	12.524397448188639
112	11.454591578476439
113	15.127905188844235
114	0.9242429057771497
115	3.929638061963936
116	8.234926608081569
117	14.277558765856861
118	12.312562996701782
119	14.49772789548865
120	15.6555719250809
121	7.317397020067723
122	4.122606544166982
123	11.077245086566226
124	10.299474208757283
125	10.543044750102744
126	9.742995848566766
127	13.856647496972133
128	9.582903140175876
129	9.280979380015715
130	14.900945463865678
131	9.267741538824204
132	14.974236178128539
133	10.39696949656716
134	10.787867534205605
135	11.107384194516177
136	11.168282530879429
137	12.44098139012954
138	3.821303401328593
139	8.63603760702523
140	10.301603674122616
141	11.484483813435006
142	9.217824745314811
143	10.449853571277519
144	6.627682290755734
145	9.81887142922441
146	10.434382135200577
147	8.512190477422248
148	10.139986484398435
149	8.74014440858347
