0	18.251964245997772
1	12.309570805556396
2	17.1619478650235
3	15.485312007026401
4	11.21671487494612
5	14.015104200037548
6	10.593658199648457
7	21.313502360944074
8	11.015022094298661
9	12.965153893626548
10	14.183620244198243
11	11.062864699014032
12	14.134094235908561
13	12.191896348849234
14	14.255558369007575
15	17.262825700350493
16	13.644430206520974
17	13.910884457433207
18	13.896944936900566
19	13.472882611930794
20	16.37016562693724
21	17.720938045607017
22	13.659589704147718
23	17.264651281680674
24	17.8575666852723
25	17.45048622279054
26	14.947828555925653
27	17.758235401242022
28	14.097330776534877
29	17.807814711546968
30	18.256859092184385
31	17.502201103433443
32	18.001288214948154
33	14.80223080741352
34	20.277461439041765
35	17.80729992469456
36	16.380676114103952
37	18.50293404167896
38	19.758571368397018
39	19.36566607109878
40	14.538381175219818
41	17.61221338061342
42	18.20495232689605
43	15.732501782094046
44	18.003367828400375
45	15.080869720765376
46	15.781606905424377
47	12.026550296790539
48	14.50255720306639
49	16.030333736657695
50	18.047937080915233
51	18.151750517546354
52	19.19181272052425
53	15.720134258530084
54	17.169794824318405
55	14.73294179451149
56	16.134110236878772
57	14.543929587782392
58	13.233810074808535
59	10.544350690398101
60	12.801150922380192
61	10.40324109689912
62	3.5182699464623712
63	16.266528074930328
64	9.042041791744587
65	12.09917193731299
66	5.84026067454611
67	6.295434717622535
68	7.333118483187798
69	5.567864853136016
70	7.560844853412787
71	5.109663194147304
72	8.88747061322725
73	7.325056931954897
74	7.0266146958624125
75	8.469271241448691
76	8.787240314196266
77	8.962507946036423
78	7.957042886988609
79	7.974985160284578
80	8.287350675544419
81	6.624592326922037
82	8.129099081809812
83	7.3823919474748285
84	8.590201313271395
85	6.673741835555527
86	7.086206055822134
87	9.357547421558936
88	8.569191373081841
89	11.063273554708344
90	10.81652400767137
91	10.732813743771047
92	8.674348167905736
93	12.653362812409835
94	9.334138952238481
95	11.905649730427665
96	12.916114722535124
97	11.536398269442802
98	11.058819691571758
99	10.370117605892768
100	9.43529830540179
101	10.721236241432933
102	11.848465606093432
103	11.80715420847656
104	7.415323537058977
105	9.125181647436683
106	10.012002742582116
107	9.82772993052695
108	13.113870518317391
109	13.592159601113941
110	11.73088551078887
111	7.11773505301272
112	2.6946454106439988
113	3.276372164068694
114	11.650855420035818
115	9.458020268088024
116	8.317836372525669
117	10.10346715418685
118	10.81348580554204
119	11.610682264715665
120	12.079724267699925
121	9.900124127463036
122	11.045373652140832
123	12.60951471143583
124	11.159870111408553
125	9.062151084005666
126	10.543164799801266
127	8.44304891015057
128	9.724575920807114
129	11.117199689246426
130	11.779517029058464
131	8.500182600253366
132	11.463371223607124
133	13.063966214208971
134	8.69381847658805
135	9.804073601349229
136	12.846296092630375
137	12.718243446440344
138	12.18710064553497
139	12.314834238821728
140	15.287974563846621
141	14.80327835505374
142	13.607821683744314
143	6.642241650783662
144	0.7618105666575308
145	3.5875171129443792
146	4.8001884130247605
147	9.902803547320337
148	8.567373140049718
149	10.742178558734814
