0	2.5564962293465943
1	2.1089999413045586
2	2.034771393502729
3	2.1836726827359945
4	2.63087902834736
5	2.336399705048532
6	7.311828033603403
7	2.10909899859071
8	2.8594141295302107
9	1.659779395647396
10	2.109070725236289
11	2.4819404929687092
12	2.486801902202764
13	1.9593827045297607
14	2.477817296584908
15	2.258219475381376
16	2.1091415162454075
17	2.4864062356704757
18	1.6602329301352334
19	2.335609454622811
20	3.5250353421149834
21	4.261908708803736
22	6.2457879804465115
23	3.2644259404421545
24	1.8110391735842046
25	1.5874144217582749
26	2.262016411824882
27	4.707695956475165
28	4.569212653953533
29	6.223675225709979
30	2.5453998201237242
31	3.615957678743523
32	5.005464344957959
33	6.357644642235387
34	4.866753007483057
35	8.444135899238162
36	1.4383908383599202
37	2.4062553810945415
38	1.7700034856211577
39	1.3291723335128711
40	5.015727218642931
41	1.5875127844458072
42	2.4112868243015786
43	1.5127610002334961
44	4.337132615049695
45	9.289492606223657
46	7.772235886027429
47	8.27460683022392
48	9.636789331794754
49	8.241833573291892
50	8.515614572129525
51	9.413457667288071
52	6.343630778276323
53	9.731929179335495
54	7.013976555344856
55	10.233515619256746
56	9.960491819054427
57	8.865326442550973
58	8.22355857982573
59	9.487814802921466
60	11.082178236563825
61	12.877171559276823
62	12.732054327354236
63	13.027217645957668
64	15.21784926787547
65	13.77853111169977
66	9.388847816644956
67	9.375669548721262
68	13.437444245288651
69	15.217476214763021
70	14.153980806221734
71	17.285758792981706
72	19.021300967430886
73	15.750226740515293
74	19.033733784379493
75	13.068688045678236
76	18.346361402760362
77	19.391096525745137
78	16.328075827573223
79	21.28238782118962
80	21.72135252770958
81	18.79597630168852
82	17.387697298831146
83	15.782286024978863
84	1.922776676792491
85	1.7364543549942717
86	1.9600665337724548
87	4.727778654514623
88	10.087546012227088
89	4.790706499308397
90	4.421098963182057
91	6.41609662273048
92	9.587161454149493
93	10.429759180176156
94	9.488342975068278
95	16.001397006261396
96	1.811520173973136
97	1.589368327044646
98	4.746243124483657
99	10.083600622127605
100	11.27753329259608
101	10.180042456373103
102	16.166002930115578
103	20.815659215502876
104	25.205714367665582
105	30.53375946560686
106	31.386618820154215
107	31.77285607028731
108	43.401116468388516
109	35.006759467221734
110	39.94391462472964
111	35.603568605539806
112	31.852374671594497
113	49.94910198696723
114	41.44348364457733
115	28.680342703724403
116	14.183730239309993
117	1.4010741757574767
118	2.071807004912288
119	4.194333695935778
120	11.02139958183052
121	12.79879533414112
122	10.561459160678734
123	2.402616235060445
124	7.3273181695183425
125	11.569161566762977
126	12.813641286457976
127	24.27532530744172
128	40.80321295853078
129	37.488528762390594
130	52.00826979634023
131	54.24315784936188
132	56.85565174406698
133	16.258855505814342
134	33.78199096470787
135	13.46298355064847
136	44.92143140763835
137	24.691845366637427
138	7.773014325901093
139	12.415305608119992
140	11.50937992697985
141	11.247528291928734
142	34.00714790319331
143	21.15533356339072
144	8.095247359977344
145	5.9483901064320275
146	12.996966663503962
147	15.182551489196754
148	24.61803151504742
149	15.370391023871809
