0	16.095399590279527
1	17.067481604720264
2	11.521353691958872
3	13.427296574807265
4	17.03965606653704
5	10.488704183923524
6	17.199024332905886
7	17.358583462583013
8	13.474955492665785
9	14.222294211679177
10	14.775448105387209
11	11.471824954497047
12	13.740024313677937
13	11.67953550718887
14	9.378237350915379
15	12.545412373574912
16	6.982289381701182
17	7.6444743878804005
18	10.570387732832383
19	7.5529031811582295
20	11.33237489380413
21	9.058846786201824
22	12.235439175277032
23	7.486043925234034
24	6.98010242615267
25	6.43838683944182
26	6.676640800881919
27	10.196998467510799
28	5.39263657540359
29	9.397678344064543
30	6.107892072768819
31	9.376592445966747
32	8.26454748951485
33	8.99971594859462
34	7.375097758400354
35	7.569073249463781
36	9.194626815084536
37	7.470213146915894
38	8.50372134271404
39	10.7508306938506
40	7.058392080355513
41	10.567629859339633
42	7.3118525869403195
43	10.515642027715193
44	7.5492826061508715
45	8.007580229424732
46	9.479833619269437
47	10.881221456612849
48	9.048104176780528
49	10.795393850382263
50	10.594090588968212
51	10.539644848452358
52	11.20598250827055
53	9.614661656649934
54	13.14229205287847
55	10.067218161239493
56	7.645862834158478
57	11.89152819356845
58	7.709004337926699
59	11.391327664971541
60	12.29795075801857
61	10.713566275469798
62	10.40909200935448
63	13.06650160973822
64	9.668395045291986
65	12.950172462818951
66	14.220404074339246
67	12.157167879248663
68	16.639229545801513
69	10.862769798334813
70	11.044733172945795
71	13.222923379166456
72	14.103253980878266
73	10.886302363227305
74	10.091801378080707
75	11.838587127391781
76	11.994489182174995
77	13.905523553307905
78	11.203255963819647
79	9.719181322840308
80	13.940657287459912
81	14.227967800668441
82	15.65057410882459
83	14.899799844853568
84	13.863196732187559
85	13.585619382642237
86	14.539021528405227
87	14.0192693418599
88	13.154347941535745
89	15.808954974132975
90	11.521353691958872
91	13.585747827215155
92	15.969155410471098
93	15.649230459372104
94	14.697716910973984
95	10.091426427568411
96	16.047809112585387
97	13.457484055636474
98	16.010654195788586
99	17.052425671062302
100	15.33530353140047
101	15.04575685137782
102	15.85116801277826
103	15.809406899717628
104	14.358635930112007
105	11.34901525123172
106	18.827410704138288
107	14.895533723437284
108	13.629663331347361
109	18.632328281545966
110	11.890413139376493
111	14.460427652281357
112	11.838031313846331
113	11.149077470138607
114	8.5802357143208
115	8.961877366801696
116	11.388546027637068
117	10.464440197951333
118	17.52184343646789
119	16.679316683160735
120	20.896092338583934
121	15.40718518882897
122	16.92966612950228
123	22.957550182253158
124	18.30220559429155
125	20.414573251620816
126	18.985515649765304
127	21.051905445582697
128	18.428200600660418
129	23.751967932916493
130	18.272544438589442
131	18.335934793585196
132	24.182966379806544
133	21.330082732364964
134	21.758484204184278
135	21.838295141216257
136	20.42146887585045
137	20.90727834459166
138	18.516683287089833
139	19.859834152429357
140	20.01828319152365
141	17.001466782630096
142	22.44964183583808
143	19.183140512997213
144	23.893261579674835
145	20.678338603835996
146	22.698778599530748
147	17.388068278571602
148	25.513579907830227
149	19.885780160491365
