0	33.026345952903704
1	28.521619900922445
2	30.91491083332079
3	26.928961299157102
4	24.775886111177087
5	25.946192779606978
6	29.24770311136704
7	29.06266654020624
8	19.049946644540952
9	20.79513651025124
10	24.11932465335329
11	18.863585453633835
12	22.51989292160914
13	32.466850632890754
14	26.80918472539073
15	25.11690404118668
16	24.919315719316664
17	24.739820506357773
18	24.593658875706318
19	22.357900947808538
20	19.67820141305229
21	25.224909278434563
22	25.026643475646413
23	28.2478968800375
24	18.650321995834904
25	36.488270730202466
26	25.026153110460793
27	20.508628589064653
28	14.63960885705378
29	15.001494768303463
30	35.185919480159356
31	23.559325787487865
32	30.76416790532495
33	26.22315818954719
34	18.12617545655412
35	25.010260614601517
36	22.373388827535017
37	23.247476945306417
38	23.679998754143188
39	22.08068541438184
40	19.50686831706648
41	18.378389894363856
42	10.046065058820167
43	27.423239445710244
44	34.68186185112677
45	20.522794097074463
46	20.856873220154863
47	15.571871489610894
48	5.159092924622231
49	7.182234375668712
50	26.474643923984942
51	27.180194965054085
52	3.77889841762963
53	20.372316721982738
54	28.534208914074416
55	8.563340591539442
56	1.7550836858280872
57	2.8597653659546864
58	25.012958999813172
59	20.755660597107937
60	6.0815388485844295
61	10.494325824930348
62	5.250937124579508
63	3.3190328903454462
64	3.2268730091972633
65	4.2396837292226595
66	4.423637346724369
67	2.76657642424115
68	2.215438388897437
69	26.784731687528772
70	2.8609391435995675
71	12.424607226769867
72	5.894440009381685
73	5.342775809083335
74	5.066837188942394
75	4.882921592066229
76	5.526734889177296
77	2.399393795814891
78	1.2955215836549665
79	26.400506531582337
80	0.9278903908249361
81	6.171433723916245
82	5.250327277559729
83	4.975210967049193
84	4.238984596387781
85	3.870937633653236
86	3.316551915138071
87	3.5060430471084505
88	3.5031556224382943
89	3.6870816442370735
90	3.319170830402165
91	4.5151579851201165
92	4.790644814539714
93	4.6988363822830745
94	4.790941126844402
95	5.342775809083335
96	4.790687052267927
97	4.239021328519567
98	6.078612129459179
99	4.974769492659256
100	5.342728057312011
101	6.354782605361244
102	5.433829331563269
103	5.3436850564141745
104	3.0432625137198643
105	4.147364679748634
106	5.158127070116683
107	4.422401095160468
108	3.135009362439223
109	4.607465736462116
110	3.8701102084584296
111	3.780250874485563
112	3.9630487311567237
113	3.687175544182474
114	4.974769492659256
115	3.685237642032916
116	0.7437565055595748
117	2.401050924811084
118	7.544766727221693
119	6.084579107267297
120	6.53611960966119
121	5.4346580099528925
122	6.998407529928985
123	7.366598028629973
124	6.354956617309513
125	8.284499225293867
126	6.72290054687581
127	5.986524230705256
128	9.114022992270284
129	6.630307549319227
130	7.9183504115949574
131	9.205657534698146
132	6.44123724007508
133	6.815324203931288
134	8.099975525777268
135	7.365032759928956
136	8.661168998591597
137	8.288594335549211
138	5.894546527246529
139	9.57383465124444
140	6.625091412651813
141	8.466917725714076
142	7.92925735416141
143	6.90471527177805
144	9.298158409076041
145	7.9183504115949574
146	7.1750237652476425
147	8.846367813518645
148	11.046137018039044
149	9.021534377895508
