0	9.81446595701495
1	10.126808414494516
2	9.71820067172553
3	10.064188309873
4	8.50370851707106
5	12.666285054568204
6	8.501398415408401
7	10.588243025689817
8	8.240873390006847
9	11.32187726236068
10	9.106878374399624
11	8.600267276353744
12	9.971939972505623
13	12.067747827054175
14	6.989298648815098
15	11.679421930109047
16	9.155851471982857
17	10.377050788030202
18	11.758102541464744
19	3.6871500373865427
20	13.248058407727191
21	8.063609560772443
22	9.427579251343246
23	7.619703256144105
24	8.806979671043312
25	8.596201532681864
26	7.853861996109242
27	6.6120387289512745
28	10.79811642217353
29	8.5057811474365
30	9.442638873983242
31	11.684584952218957
32	8.786622078522354
33	9.039137453863004
34	7.708029420879916
35	7.480721553554613
36	7.22841515479399
37	7.404225877700234
38	7.665891406559736
39	7.821680578290105
40	7.480512939562591
41	9.275894063964893
42	8.899177318299277
43	7.688956921691837
44	7.501767560948304
45	7.570461772872762
46	8.643588847794266
47	8.524641469196547
48	8.315191538000175
49	8.271539648363506
50	7.96113663245864
51	8.463585019714092
52	7.3110164357613865
53	9.743916991793943
54	7.761141368106465
55	8.623896402658486
56	6.194356775382328
57	9.273001855083692
58	9.180403919532777
59	9.364258492241595
60	9.089852668057334
61	7.98495483131753
62	9.155334457419473
63	8.620164803480106
64	9.3647010087926
65	8.155465561177007
66	10.417409358330099
67	7.396657184885244
68	10.87084119882881
69	7.224652007968125
70	11.004838859715283
71	8.6838634408902
72	11.090170728849404
73	11.352989131792125
74	8.326967454586224
75	9.848474676283786
76	11.014581393890895
77	10.576555344527346
78	11.395570501861394
79	10.534368379682942
80	11.599785788489465
81	9.087964943620404
82	10.410536784586306
83	9.853434999782875
84	13.331240415823139
85	9.480360792024966
86	12.85117362513699
87	11.787829523879479
88	9.179883963849317
89	12.819400490699
90	10.069157666069707
91	10.791927652920334
92	11.804164192638885
93	7.827527974712386
94	11.835104673203547
95	9.879392570709129
96	10.882159621749688
97	11.412124789233891
98	8.275720273552219
99	13.653084575113663
100	10.06705508089032
101	12.142255687146417
102	13.376956234305606
103	8.755699093327033
104	14.398750860992152
105	12.675936316772031
106	12.847461317785813
107	9.75926869316247
108	12.435655063429751
109	11.005581084451189
110	14.680842926312419
111	10.137930203602508
112	14.76579104141736
113	13.103323863373191
114	12.57910420329989
115	8.130395610627884
116	8.129429215383267
117	7.873904022269659
118	9.481434402654255
119	13.174290123489317
120	12.500626941989132
121	9.52575426713625
122	14.507838994148539
123	10.433195287224471
124	15.366646033263264
125	9.54629012111708
126	16.286587811484257
127	11.256082687295924
128	16.417611767286612
129	10.293457111279402
130	11.602225273433177
131	17.421794135356535
132	16.687121125370172
133	12.381153202107178
134	18.92113288344162
135	13.19613444157793
136	17.906607304181552
137	14.324376119319002
138	23.3917180245224
139	13.511203064932266
140	16.07639702303706
141	20.96340799172147
142	15.66123205269522
143	20.47001128557092
144	8.90370883716672
145	14.060023161921318
146	16.829345154088003
147	11.041779522639045
148	18.495722550891436
149	8.902449173926316
