0	10.46766333886874
1	12.91285764473987
2	14.794305548449405
3	10.287564953202065
4	14.947330882690025
5	10.212236581706382
6	14.607804202836594
7	8.905259710478592
8	14.843317141091408
9	12.306149758952838
10	14.810889155931392
11	12.734567249294543
12	18.48818292795101
13	10.143317606037407
14	15.024853676011467
15	18.12862773785158
16	15.161329618577568
17	17.006588065865234
18	19.187086807971077
19	16.41771488721764
20	21.196531263042253
21	17.370867267223684
22	18.156890693540454
23	12.735346194889864
24	22.137311185443096
25	17.16212631571247
26	21.019898872732607
27	19.27712491175674
28	20.342312986147515
29	20.76207448521178
30	17.87002374409984
31	25.47243639741832
32	19.164584964791977
33	21.195503385298384
34	23.676896189011433
35	23.14250223073946
36	27.37411516788106
37	24.694412728368757
38	24.61241496719674
39	24.423489896650654
40	31.093995756249704
41	25.30151427187626
42	24.863330540707405
43	29.29950159067534
44	25.430868702473642
45	32.5710608671859
46	8.909096757077474
47	42.89839806273571
48	23.36057142862336
49	25.419167892662564
50	23.06130156233417
51	24.875932603842465
52	24.290614219795426
53	21.078137661039985
54	26.396214323906914
55	29.6730866492584
56	24.247512052753162
57	25.11625163016727
58	18.977735789484132
59	19.184297996730766
60	21.459434838288704
61	18.10314454400569
62	19.99626514950373
63	18.195662933017914
64	16.372664301434714
65	20.54734951886472
66	14.912251947236445
67	23.98465349360421
68	13.013495581210364
69	22.15862399374847
70	17.10154283653054
71	21.906274115593064
72	13.765049965100111
73	16.46677705745027
74	11.821272011415925
75	18.359339135407893
76	12.769182569149486
77	17.56483677269755
78	18.82280302188916
79	12.96883927283232
80	18.000618879630863
81	16.270516355308775
82	18.30168525664255
83	12.560598806154577
84	19.144782514040383
85	13.13908001290067
86	10.766766413181099
87	11.899159270201103
88	9.946839328777717
89	8.783482104890219
90	15.300155850972281
91	9.933584907656826
92	7.714906742599077
93	10.67768081175219
94	11.055358192108098
95	9.404097135365717
96	11.353035961813212
97	8.822762118766143
98	11.352768774480197
99	8.33721563001852
100	10.542875092400752
101	10.342246565460854
102	10.03303486299135
103	10.084879093080922
104	10.16188600596692
105	9.381538905936619
106	10.07668762504445
107	7.349384799310666
108	10.4612831366552
109	8.267878057692117
110	11.915401906703348
111	6.92455283243969
112	4.144466317917326
113	6.184004413032058
114	8.123934950292817
115	7.995678462930909
116	7.54629784335506
117	8.540928379980372
118	8.802553762063368
119	10.91619133247805
120	8.624837272416476
121	13.13765225338043
122	10.781222742985438
123	9.649818407210482
124	10.497867338088444
125	11.925011340665776
126	7.394364198832334
127	11.526402384550384
128	11.21414300988556
129	9.427124680175108
130	11.68842438149835
131	11.049581445317152
132	6.4892567961989895
133	10.882710003155339
134	9.072829771215819
135	11.235677995023863
136	5.758475071202345
137	9.415502732449966
138	10.871967912347753
139	5.462511456397498
140	12.09828831949217
141	8.746469519992736
142	8.930053952487619
143	9.211419017506156
144	9.366381783109631
145	12.427692318966216
146	11.553197228354861
147	9.74465696303223
148	8.422662884287124
149	11.308900172100838
