0	32.13046872930441
1	25.513641333000308
2	21.60147616763846
3	30.56214119717075
4	26.20534469816204
5	33.012293417365434
6	29.216108543079656
7	21.076397232579378
8	23.37394289860756
9	36.60333375316742
10	31.742445594912045
11	33.40113180064125
12	25.373790261334083
13	32.19149095407754
14	23.178038466932716
15	34.94044552906294
16	35.9132226532094
17	16.519657412249494
18	23.845857408384045
19	26.21374295581196
20	25.015371318492097
21	25.83808905426986
22	25.965516939046697
23	24.072524322399428
24	18.983746462072578
25	23.5660575046304
26	27.205451961799334
27	20.74039956258712
28	22.95658656807062
29	25.3880695367051
30	14.889977358225744
31	23.963889924924256
32	19.09902797420043
33	9.434169751848874
34	24.207447475382285
35	13.537350896912939
36	12.593021423120799
37	15.969179411174261
38	17.167255898533924
39	14.68646339606943
40	12.920225004186918
41	17.472960480128904
42	12.249032090876982
43	19.329602047231056
44	12.303824906166016
45	16.29572745880669
46	16.146629859728925
47	16.77053130666306
48	17.431093148533424
49	11.242944348171745
50	2.7000258341613934
51	15.796605836051967
52	9.031814977036278
53	13.094386700212906
54	12.71204832514812
55	9.904747214307584
56	13.132006320882905
57	15.83507915886779
58	8.6550660455973
59	15.93271177782607
60	14.90749662699768
61	10.464110616695512
62	14.025653936186798
63	12.997618051642105
64	16.5943167734721
65	11.722261608004077
66	10.328149374473032
67	14.739202677369155
68	12.297024098586796
69	12.711810023989974
70	10.43013389111969
71	14.19157554009983
72	10.135958237976224
73	13.162607620318
74	11.41197293539304
75	16.59875789621255
76	12.200663340814657
77	13.075664422246094
78	13.021688596935265
79	14.899437396566036
80	13.391569577962109
81	15.730630280803016
82	11.419101397284596
83	15.563026251344743
84	10.84643946504891
85	14.461611741045424
86	17.068566984638668
87	11.735845397543292
88	16.768131411124614
89	9.23119959472819
90	17.31575385651061
91	14.032422189663329
92	15.847946656484885
93	14.503843266883864
94	15.149410852238852
95	13.941011797859728
96	15.1164486776828
97	17.429428504677176
98	17.52447654848855
99	10.962169141556549
100	13.955358044058144
101	13.322588480417942
102	9.192453578087118
103	10.410767693967896
104	10.028445302258913
105	11.886769258396802
106	13.308942109759771
107	10.654229841683199
108	14.380222613012606
109	8.811040104050054
110	15.057631130350744
111	15.616539274473867
112	3.6329624532003764
113	11.110513676057737
114	8.4486628358339
115	11.168473230221913
116	9.382501481353811
117	12.089905023313472
118	9.702020888582421
119	11.982977375238947
120	9.803546372533672
121	10.121072538764139
122	9.708183037490613
123	12.090131765899095
124	12.075781472625495
125	10.857025176958153
126	11.930093353157575
127	13.23122197032656
128	10.738841825999808
129	11.832641730211728
130	11.672457408442412
131	10.381307965249645
132	11.101525364100288
133	12.715749438614319
134	10.638620244690838
135	13.323716590475508
136	9.585203940796209
137	11.077034699305115
138	8.241463948601425
139	10.384960369527185
140	9.227482997414317
141	8.155477783548612
142	9.164409885274136
143	10.029371873895915
144	11.367187708926686
145	12.197463684000475
146	10.216304834685578
147	11.888659278527062
148	10.321084701904141
149	9.484618840624707
