0	15.363145799551472
1	15.80151464342411
2	11.233104572748736
3	19.837124099370065
4	13.057248269384575
5	17.553267899668782
6	15.885655581015133
7	14.795559163621013
8	14.992618807118282
9	15.322256025098552
10	13.425830294457512
11	15.316810277003427
12	17.956687649000727
13	17.92624311117318
14	16.330962637419795
15	19.733711025601423
16	15.432348291413483
17	18.228079916289595
18	15.28276260364115
19	19.754690241794787
20	14.76893575237612
21	21.68587268601829
22	19.138210394322364
23	18.385385601124888
24	17.67132080066477
25	12.203030289109444
26	21.044966964611696
27	13.357134981801664
28	14.87501302908346
29	19.924427919516365
30	13.12016930944718
31	20.09177371960749
32	17.290489425805372
33	17.4802662062964
34	13.980341084271103
35	11.756684204811267
36	13.983685328333337
37	13.949781710620778
38	16.137154751167277
39	7.718896450005085
40	14.281763837931823
41	16.811041370082062
42	13.835253262024777
43	17.998512325632877
44	14.745558587668347
45	16.084957028452216
46	14.733248021290168
47	17.431453954741396
48	17.892523417644572
49	18.90149310593181
50	17.40187562353255
51	20.68634779157106
52	18.82545941866248
53	18.27120903576171
54	16.245785608260917
55	11.67932045734761
56	14.281763837931823
57	15.36418148856926
58	20.174755432762137
59	18.148262008662513
60	21.03006645153762
61	19.19236650135163
62	20.98448417986425
63	18.878451575215006
64	14.34841780661593
65	14.771480556827793
66	15.369069607281027
67	16.24001525284915
68	20.303911985712556
69	16.401710563892973
70	18.82272527982905
71	14.91186673183843
72	14.876297714021092
73	11.784650420727377
74	15.929165845850578
75	16.01228110133426
76	11.75333722299249
77	15.066079861478194
78	16.392975154017677
79	16.328597531146873
80	15.030048899020342
81	16.24625290751218
82	12.306557435730141
83	18.47088583863978
84	11.403735433151905
85	12.918786053548017
86	16.73490865001864
87	15.736232105748291
88	17.65371403184316
89	13.390303480885194
90	17.302121601014004
91	14.091777738304463
92	16.48260973234964
93	19.51236810286699
94	14.50482093305025
95	14.801946833586962
96	9.970263475354889
97	15.50672886702402
98	11.578732176826552
99	16.10342629842322
100	14.248599903683733
101	14.430745746055232
102	15.889334769868888
103	16.464268835547585
104	16.482132728735987
105	12.943791872048955
106	15.763504938063063
107	13.727824208733718
108	15.547248478144589
109	13.388512204813642
110	15.440976465237114
111	12.862693078823378
112	16.474239145789067
113	14.947778591894618
114	9.673369144966419
115	19.932746773538643
116	13.396445267681775
117	8.854536833075676
118	10.591620079820467
119	8.77658224339719
120	12.497425848969426
121	7.0597026553774995
122	10.333594168150881
123	8.053006756168976
124	10.837499232321038
125	9.968951854620602
126	10.267219376490129
127	10.964303321752919
128	10.75865959501681
129	9.96951443141425
130	10.144180147926068
131	10.38862305312566
132	10.341283707634334
133	9.894974300602723
134	9.9693266656422
135	11.754006957270642
136	12.380525048851274
137	10.38813436725642
138	11.039174252134321
139	11.574572399406213
140	10.741650089288601
141	11.006305945050551
142	11.430383480797385
143	9.522945249110833
144	13.687599164704045
145	10.713052983854414
146	13.56910462046558
147	11.727191689037278
148	11.033524812425098
149	10.3935053174903
