0	18.278671100058375
1	14.079216565996067
2	15.170594874555043
3	11.131405596328996
4	9.349330849843483
5	12.350427056617509
6	16.10125067824712
7	15.99773259582927
8	17.912641048530265
9	13.33598499270493
10	9.882077794904408
11	14.000573894345486
12	17.0900083933118
13	16.091899816586725
14	21.757496617759433
15	15.08210965014457
16	15.383225722446706
17	16.275851312506486
18	17.624808105944172
19	13.800805751634417
20	6.795754551898675
21	4.511922722047371
22	7.077360439971165
23	10.406947235896201
24	16.11675704200254
25	19.17792555533994
26	11.169296644207886
27	11.155806386583365
28	16.493749362883413
29	20.070199940655822
30	17.813007716771814
31	15.215472778645989
32	16.828428882247202
33	14.189322260621445
34	22.500117633901112
35	14.544190849396436
36	7.0784955468535875
37	10.249907964100327
38	14.792350378133325
39	16.794126760498884
40	14.08254210010751
41	12.459725543921191
42	15.72681053147235
43	20.270482380119464
44	17.442571231993547
45	11.79601667742887
46	19.197628306531847
47	20.298315961024098
48	22.065776946477097
49	18.802683745552006
50	23.83226108772519
51	19.080093262494827
52	17.143464431895424
53	21.233040336344768
54	21.27933367241709
55	15.679263838019239
56	15.845058297289981
57	17.709752821544733
58	20.611926769199258
59	13.001674116884104
60	18.627801984606208
61	17.756822560018605
62	19.485712168793313
63	26.333953845885144
64	15.253551105979405
65	10.162820322882578
66	14.360023959645044
67	5.233019915424702
68	18.110124130991657
69	25.8596006282486
70	23.357550358170908
71	30.379811321835057
72	30.644050554585498
73	39.418552579655255
74	34.38605320172688
75	26.635494859787123
76	24.64215884794475
77	37.38130032895218
78	24.62952117140398
79	13.413573580453143
80	28.127491173152684
81	19.38628117456001
82	29.206750627250944
83	19.553437909606064
84	16.076443661720383
85	33.29328000317188
86	26.107293607046422
87	15.578524001988907
88	23.413965762310482
89	8.086325005623252
90	4.784390798529251
91	17.249474344650412
92	9.819711517117028
93	13.527328233159523
94	10.600172910559643
95	9.731484329626348
96	7.690360247604443
97	14.01699997422691
98	17.447569501368392
99	7.322456819225329
100	9.88489712678776
101	15.013663945865929
102	9.248968292524122
103	10.431380129909357
104	9.787041321227196
105	11.114366506243918
106	11.154252251286731
107	7.9770802817910385
108	12.80065857177609
109	4.51744188272883
110	15.992711432724033
111	7.704243884081782
112	8.96394212507785
113	8.345633651049443
114	9.265841977016823
115	6.233735306542579
116	4.430632887866297
117	9.52896143264984
118	5.2381287792047475
119	6.5318915697211155
120	5.703069346019036
121	6.062744421550001
122	9.70705657263305
123	10.231020793948453
124	11.346118063209644
125	9.342392807988663
126	7.904962113129266
127	10.956146169868894
128	11.16514253581973
129	8.632794257440528
130	13.079558466531466
131	12.445822845646283
132	13.069236254836515
133	8.775687989902668
134	10.088413009929113
135	1.6921675042535669
136	2.609991450959979
137	4.963087610746529
138	6.258257987267802
139	5.790669464091666
140	5.97862605631811
141	5.333086727483918
142	6.779319445505055
143	6.442628667448638
144	7.610788665016962
145	5.975559759772979
146	6.0522111920422255
147	7.979454850008521
148	7.445171255882819
149	5.868900335067548
