0	5.582154760029298
1	9.649618154894807
2	3.120767091342055
3	19.375153127908415
4	10.880611453199082
5	11.741043845935938
6	12.480190721620382
7	12.234069847338064
8	13.464674218749654
9	8.191200899936897
10	18.221073365168532
11	7.926363750713778
12	10.880714663497308
13	11.126313803970511
14	11.617659527490739
15	13.342509242421766
16	7.803458118536002
17	12.726554870033207
18	11.618324546391673
19	9.894892427468221
20	10.388852106230887
21	11.279110442156188
22	7.906484305067664
23	13.8335891606093
24	7.8237698752275655
25	10.115526404571368
26	6.696411608233798
27	11.402291996120592
28	11.587952334563596
29	12.863663672872418
30	10.989989081295915
31	8.542896269209729
32	12.138489974006026
33	8.890985466511582
34	8.934261701622281
35	8.765847244469079
36	13.498227702201387
37	8.423057047791515
38	12.565020728295876
39	9.773322552511377
40	13.217792206379288
41	8.931401546613568
42	14.326372497956116
43	8.27626179646744
44	12.481622800626992
45	12.269836056605639
46	9.007666006292272
47	11.7520275401765
48	11.485311874438215
49	11.372971156095849
50	9.647069172869173
51	14.082954384877516
52	14.849669815238022
53	15.76902005812441
54	11.155710647636326
55	14.28747461605091
56	13.71079509303197
57	6.836465354039719
58	7.677480147021277
59	9.87464546356077
60	12.87860667539399
61	12.082621802352381
62	14.360224895016382
63	13.555983263737774
64	8.19012781080042
65	12.821499499568345
66	12.019048794719993
67	8.777261203153854
68	10.866055594581306
69	7.311314000328309
70	4.481104755359501
71	5.588452897030455
72	7.697215945638957
73	8.401515015232219
74	6.9422150281292145
75	6.9419590264756685
76	7.80411158475643
77	7.579092041905612
78	8.150026648036553
79	5.095927132898857
80	9.280182562190232
81	3.989330715692591
82	7.926511165986986
83	8.911353874865155
84	7.065792453932995
85	9.674180440058878
86	8.173380703273473
87	7.300097667814205
88	10.500270834206525
89	5.956742446077144
90	8.81833322101676
91	9.618581103878164
92	9.423482567554045
93	9.75122154993944
94	7.8041846201599805
95	8.561580826409603
96	10.511123466441386
97	11.714457737017812
98	10.78489453245468
99	9.011211258470105
100	12.626934894546906
101	10.368708728021716
102	10.286928394589227
103	13.312371952591104
104	10.63448566428786
105	10.879784304810595
106	11.24947866255349
107	14.441096463950007
108	11.62419684389233
109	14.117713416399628
110	13.797009093979431
111	10.141850037920038
112	8.930224586585757
113	3.6127180093624225
114	13.218553344467336
115	11.618656260609544
116	13.34186934231125
117	12.603009453046214
118	15.679458721953933
119	13.710136826379554
120	14.850530889737184
121	9.627180889682105
122	8.051591431220821
123	15.801906202849947
124	7.803167666763557
125	11.864661628508362
126	18.01860958629994
127	18.75700175252693
128	19.298404383734216
129	20.1799779334354
130	8.684775596496074
131	20.67651625472672
132	14.570955599005694
133	21.02707745903469
134	21.039285434223324
135	14.202763072878225
136	16.708538355116783
137	14.695136244409982
138	22.33570308469122
139	18.203631115433716
140	8.564958031061852
141	18.4594479961731
142	18.510690298774684
143	21.21748175864267
144	17.031777007232538
145	19.493497626379458
146	16.834060767819732
147	13.060318696664933
148	21.955629006179016
149	17.52583819741207
