0	4.970620873245379
1	3.576429329437551
2	3.8512296989912285
3	3.890901116985952
4	4.663223014500554
5	4.554916029988524
6	4.624220548544535
7	4.51474355393046
8	4.637491442529459
9	4.694122145991554
10	4.760024460017762
11	4.733113664610501
12	5.1542413000566984
13	3.538144358042028
14	6.176001275861638
15	4.9691104611614465
16	4.348396779607847
17	5.988818982232883
18	5.579878694714644
19	4.749922837846498
20	5.064893498847314
21	5.466996180915329
22	5.606627084199233
23	5.252541825020624
24	5.789217854007378
25	6.096944797390651
26	5.223595325666033
27	5.678489765472306
28	5.189695991281587
29	4.758470227389852
30	6.326188518822562
31	5.218341108201176
32	6.169401975527124
33	6.273383575699399
34	5.153451608031199
35	8.13079324351282
36	7.401941254463848
37	8.097777647585785
38	8.762803220824042
39	8.211643210077325
40	9.568639131967805
41	7.955241156067381
42	8.553001393509666
43	10.880901059637033
44	11.466140717288752
45	11.570192701947313
46	12.770951027794368
47	10.582754999950922
48	14.280126662101235
49	11.634261110584836
50	14.110501529471684
51	14.728463932558544
52	11.41328207472509
53	16.223455781230793
54	14.23747990785426
55	13.22451205374973
56	17.325203712569486
57	19.229212025557956
58	15.951704683449284
59	18.739252278857812
60	16.41089092503171
61	18.838593748648986
62	20.765004841345085
63	16.48387299516983
64	19.18655647408686
65	19.076722868171778
66	15.884286059693599
67	21.58132087549135
68	17.004597290568675
69	23.356535641416894
70	20.10071281688328
71	24.75123941188673
72	23.554479227265624
73	23.79657594869768
74	20.99259609314014
75	25.017782753560088
76	21.98307676040874
77	23.627448056998336
78	25.033805491234325
79	28.028650008835097
80	30.62413282919811
81	31.240997530042677
82	22.433906830533928
83	31.18945076090944
84	32.020662421740916
85	31.492351686561666
86	20.183587384659276
87	37.116138595202884
88	21.67407242514968
89	25.54421798061716
90	19.112532094655236
91	19.25746732248605
92	17.162254587147682
93	16.709844562758096
94	14.424079117945267
95	14.618792072207453
96	14.10049158558078
97	13.887333353216949
98	15.289015199893926
99	10.825443311119397
100	14.993796239606903
101	12.380201375321423
102	16.205832368493937
103	16.62579085031717
104	10.574718398195369
105	13.678648896373168
106	17.838367604500483
107	10.054479890744485
108	16.708238927832767
109	10.79329980611969
110	13.300840627335893
111	12.828119620133691
112	10.771338432539665
113	10.030351761291755
114	6.891485460562904
115	13.26448036706735
116	10.730053126045496
117	9.081765147777778
118	8.92812218292418
119	10.04380537099354
120	11.072940979504237
121	10.03211238326727
122	7.227956513813458
123	8.717241519968407
124	9.721978364245693
125	8.127776596239894
126	8.948134349737746
127	8.51885744360682
128	7.821181011284535
129	7.678441999407233
130	8.589795085332758
131	9.252861187135048
132	7.328181031461226
133	9.818364611030361
134	8.900484466121164
135	7.087493690189922
136	9.39865002894598
137	9.081931186613808
138	10.451621774134416
139	11.937717015095208
140	7.125664250721574
141	9.082513614056984
142	9.467958611030157
143	8.06707989887246
144	3.570170662648829
145	13.228002904555897
146	8.403468941170173
147	7.970505424448453
148	7.291069789641984
149	7.439785852412787
