0	11.366096485410335
1	8.604316947206701
2	12.227964085075987
3	8.566389624761003
4	9.59867622697835
5	11.000335254118555
6	9.55918367120233
7	8.326310194016791
8	9.366428672265508
9	12.22494933836434
10	8.61372236230307
11	10.609672277383627
12	9.748693018025806
13	11.982911517387931
14	8.939602561995617
15	10.750749344456999
16	11.08799753139888
17	10.69490667137727
18	12.596447687268633
19	9.662332702451524
20	9.561414372341757
21	10.129374611244101
22	10.750142539965099
23	14.312730356094498
24	9.460540450438335
25	12.319480342320649
26	9.747508646533666
27	12.414946685370392
28	9.897759374456026
29	10.127855710682892
30	10.18161830839331
31	14.637749946380834
32	10.55979175300358
33	10.321003050352399
34	11.27389845008317
35	10.792855465828927
36	11.131939616227326
37	11.505716476289727
38	11.224497157699773
39	11.018353347555887
40	9.662694127512122
41	13.13093684321874
42	11.176905077861974
43	10.936489829778854
44	12.976419922182524
45	9.180887863241427
46	12.79019858488427
47	11.748510524798041
48	14.835992405134988
49	13.644983056344127
50	12.695599090736119
51	11.746398944365426
52	13.216645660663863
53	9.986960659640369
54	12.680902392020243
55	11.14255575247045
56	13.741125217370136
57	12.785824181795483
58	10.605682396462964
59	18.161313543763082
60	12.078444275103793
61	12.44968088088245
62	14.651902670219727
63	17.865131628960558
64	12.98320936248694
65	14.499507752462435
66	15.263004337539149
67	12.642593261157907
68	15.732952558597619
69	15.209534030980558
70	14.356379349050167
71	16.018893679198584
72	12.131445916775883
73	14.879069817108787
74	17.81869758096862
75	12.55541718760983
76	13.009165701970582
77	10.573308871696403
78	13.312994734468218
79	9.276791826402144
80	12.266978899418229
81	10.937211205004402
82	8.986806172210272
83	14.411572020090054
84	9.848231418905089
85	10.9385498539175
86	4.806081661049836
87	12.333757197002448
88	9.658901615957372
89	10.845016649767967
90	7.470843873190449
91	9.70222326236697
92	8.943837576391756
93	11.5072381850196
94	11.59813535122463
95	9.932331751283122
96	10.350315636985801
97	10.825659538147466
98	10.420855631944153
99	8.232193065858432
100	12.07055352408563
101	11.751845971986686
102	8.612605284860468
103	10.12861510020988
104	10.038380459001933
105	12.17710330838754
106	11.69791905281006
107	10.985617785409035
108	13.264880594177084
109	11.50376050380375
110	12.032899520247497
111	10.453231734838889
112	10.093629512895825
113	13.268417793942291
114	10.692695194528381
115	8.806631818100213
116	13.979754186236324
117	1.7744683599559299
118	10.222304032249891
119	12.842440716134012
120	12.129490599697466
121	11.505390971779443
122	9.935676822291821
123	12.941132148563051
124	7.708549250526177
125	11.47016244000437
126	11.545659839965634
127	12.975432755207848
128	8.945250414303633
129	13.464937208448143
130	11.315730299229475
131	12.037280457669448
132	12.400284334903699
133	11.139294857226561
134	13.23275646993739
135	9.340814516968504
136	12.694996158038016
137	12.6447541401253
138	13.885570384172887
139	14.306576575385826
140	13.457495021179117
141	14.452441819202333
142	13.170671761801225
143	13.775732009850051
144	14.114404839823811
145	16.414362142189056
146	13.12468776223003
147	13.883052780859083
148	13.60463510548529
149	14.359123651764216
