0	11.886294766123068
1	12.588745449409469
2	13.54220572494856
3	12.346606642941728
4	10.320460874197906
5	13.124187711575571
6	9.669392736381198
7	12.03482361688786
8	12.101269091392576
9	16.01916015408656
10	8.527414484400794
11	16.82844852322093
12	12.401117077332326
13	13.431896033225136
14	13.631444249749354
15	14.214188511038662
16	16.868041257226224
17	13.962718015986955
18	15.196528033344137
19	17.899273759049823
20	13.279701334751612
21	16.91858696452435
22	10.358668379988284
23	19.09345988092595
24	15.472679401524573
25	15.729235986098619
26	12.73762593831151
27	21.434270878964234
28	17.24041655902332
29	19.30798452419355
30	15.953675490491692
31	17.996464083077033
32	14.416954256629744
33	15.390952035628237
34	20.834019477016287
35	22.915214293216433
36	22.478145467452897
37	22.89943513022751
38	18.458791122408204
39	24.365399221879642
40	19.9341337367635
41	19.82669325545453
42	22.34827334540402
43	25.290332422037814
44	24.54389345676054
45	22.065902439440862
46	20.916142470188372
47	29.56903793254335
48	27.0814663654522
49	26.597283925969037
50	17.205727133977266
51	30.18399293251492
52	32.768972129228246
53	21.528002760242828
54	28.912746897813275
55	18.842478816773497
56	14.030358299542836
57	16.998452542246717
58	12.384783053350457
59	16.367847834435512
60	15.461721080473774
61	18.182883221009533
62	13.51732653095186
63	17.937428058543098
64	19.29299159453591
65	12.319061061941724
66	19.578315845222956
67	14.848225176074045
68	19.742235118684956
69	16.970764197974756
70	17.491473582263545
71	10.854956687428185
72	16.752893834851555
73	19.05668900557014
74	20.78989290945993
75	13.424223989689695
76	18.45460505906864
77	18.60333172850254
78	20.8309910808644
79	5.772982743631895
80	23.988978303463497
81	13.233384849328113
82	10.42369465485125
83	16.314735722117604
84	13.132673861004339
85	11.359836755730296
86	6.468462427594667
87	11.61560074239185
88	11.377153056679324
89	10.467613703607489
90	10.606253982804414
91	8.916511816891555
92	11.37896845259231
93	9.626904274544541
94	12.777501203204677
95	10.895530722353657
96	13.280494145120443
97	13.30505948841887
98	7.63951080051378
99	12.816117980265789
100	10.988144122479444
101	10.568050149303438
102	12.951317895933585
103	13.247102492091226
104	9.926358717400891
105	12.106604769671662
106	14.141147036639202
107	8.659594572710235
108	12.636065321380975
109	12.811737622595135
110	9.50104205459073
111	13.261439323979001
112	11.44621982186184
113	11.47391735121705
114	13.548007865833737
115	4.530729421073163
116	1.277613840344118
117	6.857580967915242
118	7.4458009574510795
119	7.5515210660010545
120	7.674912607358042
121	7.18445891260323
122	7.174906684941192
123	7.452664142712313
124	8.205919686443599
125	6.745971923582349
126	8.294001570685674
127	7.449808030140769
128	7.642515635532895
129	7.297115574529603
130	7.359085928189533
131	7.305475907687657
132	6.80838549098366
133	8.27008282332635
134	7.311860031780046
135	7.33984434930023
136	7.461068779875853
137	7.170921056525968
138	7.240374833053659
139	7.038262576633648
140	7.69550572032499
141	6.8866819728724575
142	8.097364034906224
143	6.715128982092004
144	7.694801056822693
145	7.427292347488854
146	6.654213045636299
147	6.282658454367232
148	7.455385709322827
149	6.429736201289503
