0	13.497866510184686
1	12.911019292101788
2	12.218041786080136
3	14.163845301004706
4	14.523598051071811
5	13.499034106632656
6	13.638223245870345
7	12.271177103901952
8	13.205233913922326
9	14.117681905000651
10	13.544365899417619
11	13.956261894881258
12	15.473340169838249
13	14.388411441595437
14	15.554696250202166
15	15.889702158286354
16	14.355916771526058
17	14.557610575350346
18	14.851098852439483
19	15.560476614198192
20	15.486215096957165
21	13.700289284599114
22	14.168812789493575
23	16.75098381656657
24	18.014593064839893
25	18.264776671847383
26	9.086136197226795
27	20.531506350832554
28	13.069786182849032
29	13.769620775765773
30	13.298590369418475
31	14.262741033037779
32	15.617135276308586
33	13.537920067224047
34	14.791901037369025
35	13.265083913674625
36	15.68279595965385
37	18.946493188848713
38	13.565126066346545
39	16.599174666234152
40	14.954335912390148
41	17.328223202491504
42	13.649411038795574
43	17.068164087114912
44	11.523927939477877
45	14.257875617894449
46	15.61427478229824
47	13.726669485404274
48	13.866082202196127
49	11.554536750802212
50	11.515306062658325
51	12.646503348400694
52	12.180739779271379
53	11.984875853041624
54	12.048175426344386
55	13.004447652385993
56	12.74677659646917
57	13.992075111841615
58	12.742215514811436
59	13.061063280043955
60	12.203366754242843
61	12.454910555310963
62	13.74556503481696
63	12.699595936914038
64	12.388510455128781
65	13.334307833332911
66	13.638050848804896
67	14.152044517947193
68	13.847474174428989
69	14.42615795616352
70	14.400970451789243
71	14.130789735932899
72	14.890501696550588
73	13.438067053125124
74	12.746972596590346
75	12.13913660410899
76	14.428699726189356
77	15.651899271599753
78	15.377406991338454
79	13.46533045085356
80	13.215207231313082
81	14.524816577727595
82	12.80603084740756
83	14.051818927481667
84	17.386277070285672
85	14.62703905726672
86	14.929797266319659
87	14.85772927930026
88	11.585077440779745
89	15.3136500973768
90	14.828054484534752
91	15.984491640355202
92	18.461954594498355
93	15.411448662626842
94	15.163010314241586
95	15.149749240178316
96	15.721800365023118
97	16.732818126216234
98	15.738599893898233
99	13.738493654690119
100	13.72218216130782
101	15.036049339372374
102	12.076470795894485
103	13.40533318447407
104	17.05961399348432
105	11.841631265876714
106	17.268083065197903
107	15.942461064731951
108	16.016331592697135
109	16.141326999201183
110	15.818623136689132
111	18.575506169604033
112	3.7184651847338666
113	13.568203955665862
114	12.718385359737676
115	18.33290585426365
116	16.39831610851052
117	15.851158042519465
118	12.605250861534262
119	16.320213782134534
120	18.389718679120094
121	14.983114250494697
122	18.108049898655832
123	18.673862633327765
124	17.82344691495449
125	18.126166581272074
126	18.77760921708802
127	14.340121640462115
128	16.799619622550786
129	18.69191878227265
130	18.73414846343528
131	18.09017060144334
132	13.308421563700923
133	15.62842163994467
134	20.143141560579796
135	16.14634724214314
136	8.627461208670601
137	14.454078050926826
138	13.701715238861851
139	12.192991200681726
140	12.306933860054132
141	12.677613068014919
142	10.891268782336748
143	9.29222472468563
144	9.804044146285612
145	7.809332899819701
146	9.799514098249889
147	8.019802970076084
148	7.748193569223822
149	9.272048060700111
