0	7.508365350072741
1	7.049943706883519
2	8.389449351684384
3	7.819237771362368
4	9.029059188666784
5	9.945852821994741
6	8.37246863049355
7	9.048294967510751
8	8.618531036226079
9	10.100719035356391
10	7.457699762475623
11	7.556483115378559
12	9.758278565552754
13	7.821203185661584
14	9.107654338012487
15	9.355514656674323
16	8.57523813321955
17	9.345329486257773
18	8.564476454932691
19	10.167992193719813
20	9.735958590585803
21	9.834838252182678
22	9.989434400894137
23	8.29795151335478
24	9.82850963432352
25	9.377938672054254
26	10.040536776387379
27	8.589247880204336
28	9.557526926425165
29	10.433541892775745
30	9.278673257762085
31	10.946719440615494
32	7.734417593342986
33	10.298654000550286
34	8.813478069205706
35	10.010450640096835
36	9.416596432007495
37	8.573832696568434
38	10.518450917242086
39	10.005027403495847
40	9.304920176507126
41	9.545436904311453
42	9.677209995379707
43	12.194744178820342
44	7.414522825173191
45	9.212314254218478
46	10.154042868014075
47	10.849941607110662
48	10.61968169023961
49	8.655497860553844
50	9.594046125988346
51	10.532976983057903
52	11.678750049458497
53	10.35086201965651
54	8.79375523190832
55	12.167549488654387
56	10.539718316569237
57	11.794074553870438
58	11.358173185910253
59	9.874322578037164
60	11.565841235541777
61	12.346943552906525
62	11.208769530346451
63	12.585384994965562
64	9.633453166621319
65	10.87197034231526
66	9.9938512332803
67	11.522391554068529
68	13.11258895779885
69	11.596669363003787
70	9.971627812976244
71	11.30745461635695
72	12.362453188302387
73	11.175856232451366
74	11.680653995242665
75	11.604679822570219
76	12.183549369608176
77	12.400083124193582
78	9.670545994975095
79	12.799651935901144
80	9.726710406390449
81	13.475671480332155
82	10.151982732395592
83	12.11367906062514
84	12.718560564387426
85	9.38095423974922
86	13.566768043765821
87	9.817779587497814
88	12.097095979490952
89	12.958587258007631
90	10.2963663460349
91	14.803801828063602
92	9.469017982962146
93	13.296375266920101
94	12.698250038909332
95	9.540688390693361
96	16.964427881506374
97	11.027219193051094
98	13.332955642339531
99	14.827118272505128
100	13.010415667238044
101	15.715546907837723
102	13.513210502477234
103	15.680164123202553
104	15.22306269205754
105	14.257350549688926
106	18.368528545269406
107	11.882080717499402
108	20.459240617294732
109	12.754644066577042
110	14.485196923767486
111	19.659049160213875
112	9.737842265909388
113	8.73441719293824
114	17.170803534891533
115	24.692149301736336
116	17.654506533672787
117	25.843566214808163
118	25.391331453608366
119	19.300606214362467
120	22.641821767360824
121	16.50904572627615
122	19.39980224541503
123	14.845815319667427
124	15.472806464848915
125	15.434404055967141
126	7.537573907014205
127	17.00303328020326
128	16.79818164138446
129	11.707153484036642
130	11.799139012094152
131	12.317925883453613
132	14.199913453686873
133	17.681939726051077
134	16.986804876466074
135	13.049623656217294
136	14.393939056632586
137	13.99181483235555
138	11.997991776641925
139	16.033674256634356
140	12.118777171579879
141	8.458974260482496
142	9.589908741265939
143	11.548778036503789
144	12.765943623360126
145	5.178789363239638
146	11.550945063978887
147	11.78934406326014
148	6.416527909901512
149	11.823314616949437
