0	12.907394391921263
1	16.911384243003784
2	22.31950204114802
3	16.545664936054173
4	18.313301369959543
5	5.22392412831613
6	21.710407839227113
7	13.398385193674155
8	12.266903339151837
9	12.637457478104619
10	14.655180367293127
11	15.287788392785984
12	10.250545255554758
13	14.789760326344616
14	10.00447243678805
15	11.40065425538176
16	15.89536554204433
17	16.536162102000056
18	15.29596263415659
19	11.884194029663538
20	11.891575654318055
21	14.28023767270695
22	11.759655744485714
23	11.013966942252537
24	15.911316881968919
25	8.876352633022016
26	19.815004987683565
27	13.015599019095115
28	14.53141145995052
29	13.780869543793985
30	9.877569616041287
31	14.148998776312343
32	14.024923977311557
33	11.263366259892551
34	15.788636131721882
35	9.50136864446599
36	13.272677816216644
37	10.758832221613517
38	11.010460359290292
39	11.764078849208957
40	11.012522992262692
41	11.008708729752957
42	12.519969983143747
43	12.272457383038692
44	11.722863011848146
45	9.53103280959542
46	11.010151611525615
47	14.4117222085774
48	13.637253312198414
49	12.276046252905276
50	14.027588248702402
51	15.281518188303176
52	15.794220659428284
53	13.645658093058568
54	17.41968483021718
55	15.160746698514178
56	17.423362117670226
57	10.504860936246617
58	17.307435552360918
59	14.276979565555719
60	16.53394645336021
61	17.549256567501892
62	14.270603422280903
63	13.65627696744179
64	11.89101621285033
65	11.76441099257879
66	12.267596979878672
67	11.377139813740069
68	14.41830903021816
69	11.258931772075927
70	10.88118439678508
71	10.640873372935893
72	10.475840771721618
73	10.66340347518558
74	11.135548236780354
75	11.513423753580966
76	10.256369879318974
77	11.891687382564575
78	8.87169435296547
79	13.272804252475723
80	13.774592787423959
81	8.491201902884564
82	12.025228867911386
83	13.776553504746808
84	10.63133373688852
85	7.366430575297762
86	13.397115894577652
87	11.895381507279584
88	13.2744378503187
89	12.008933053009272
90	15.279331241541179
91	14.285807689311223
92	16.77849827011101
93	11.26231020399295
94	14.546225724563604
95	8.49330431707495
96	15.788334869186595
97	11.261993900485262
98	12.518433551471581
99	12.266787884052375
100	9.87903740076075
101	12.106756185182286
102	10.912212933039408
103	12.649397973832484
104	13.400036040470845
105	11.260515708203435
106	15.91587991364347
107	16.044991272684133
108	13.517941567195539
109	14.78510937416039
110	15.236035099376325
111	15.580341858357034
112	13.38963105923329
113	9.257912897791782
114	11.135652399438964
115	6.985989613686765
116	17.29979528645819
117	17.555492998042496
118	9.246538545844775
119	18.561138767404778
120	20.796634131414148
121	18.051294088994748
122	18.82101528323937
123	13.76349121008215
124	16.2982325217328
125	20.561521826643144
126	20.463489581924595
127	23.171880458705818
128	18.801812050779308
129	18.066575678702023
130	21.821835296350358
131	14.522980240691851
132	21.558936471067344
133	20.324653182251968
134	20.07075374828777
135	15.529924537572905
136	25.592996648855078
137	15.786977088877752
138	25.1008833193226
139	23.821926135031607
140	25.08161526187581
141	18.06570678826122
142	19.30049491309822
143	19.806786941088557
144	24.08000617115758
145	9.126103632105526
146	23.887991288523384
147	10.760039471681285
148	20.67962540742901
149	14.928497124087894
