0	10.343545604939676
1	8.184289709563126
2	9.302616024685598
3	9.85269106424263
4	10.129050478061297
5	8.329859947963524
6	12.455690931992258
7	7.48180477754597
8	11.940701570065455
9	10.379421404067449
10	11.935473605834732
11	8.744086154442623
12	10.33983267784413
13	8.817793688270486
14	11.90355158391777
15	10.751596319353293
16	9.779280095753686
17	11.684097132668587
18	8.519088056721941
19	13.087594729610892
20	8.713456909713463
21	10.669609626812532
22	11.74921412010699
23	11.422590343995147
24	11.131665271890775
25	9.998154902278733
26	9.302266702904312
27	13.090348344285818
28	9.152993465172166
29	12.855691717260406
30	8.74629309190486
31	13.267688838218525
32	12.068708969504476
33	10.472839717723385
34	12.174277162478504
35	10.484813375148706
36	8.671746020061411
37	14.351866977248187
38	10.192439224127957
39	12.430649193202091
40	11.339302151339774
41	13.452900039586025
42	10.49542515895672
43	13.79317630080974
44	15.58004921818614
45	9.920671241221017
46	11.798277014103288
47	11.722262658977773
48	14.971439490378014
49	12.45717232463201
50	11.787502526892318
51	12.31501998577166
52	12.603504684022381
53	12.97482255053933
54	13.941451897109143
55	11.649262440088512
56	13.64763953533739
57	12.077679027630255
58	13.101681216274779
59	10.442825139974456
60	14.836973947337487
61	12.411100106566025
62	15.808872486793977
63	13.089221761494075
64	17.17918127858722
65	10.696121075005804
66	17.647877152673278
67	11.228883269839027
68	15.03586847133435
69	13.266801286752573
70	11.602711177099408
71	19.171926953140712
72	11.569641784610097
73	15.76578242869744
74	16.608607532033158
75	21.566327774359728
76	13.234492302416893
77	19.786267247049746
78	14.639846539157828
79	17.447507380544046
80	22.155004870286042
81	17.507779067013853
82	23.965597914044366
83	22.27035099329864
84	14.575408946507958
85	21.776115726301022
86	25.851178498546627
87	17.310573162618383
88	26.586122268666728
89	22.179401715369735
90	23.990556070116195
91	30.226503283021547
92	19.299770535608104
93	26.764594197030107
94	21.215809677143692
95	23.64156330324923
96	29.285251960067672
97	23.142713020154243
98	30.615726393077093
99	21.449845602495333
100	26.394370711571256
101	16.87072721684452
102	17.104053170784198
103	23.07241946291769
104	20.747064430693445
105	17.428109669536582
106	21.330927959298464
107	28.611098242663605
108	9.5944772585235
109	28.010179655369353
110	29.375857079985643
111	16.588119862216423
112	10.72643123657657
113	29.09543550336767
114	11.071340624113084
115	12.028455230612979
116	5.849159205320636
117	10.041884668670304
118	10.344326981924658
119	9.152049953651451
120	8.893071470393808
121	10.007769573304481
122	9.640304689144193
123	10.336318879773794
124	9.961235219211497
125	9.823892787450582
126	10.905407081200257
127	9.814009401517419
128	11.047006878094846
129	10.32959001247153
130	10.316139712516039
131	12.526101498518322
132	10.85706129720156
133	10.338856328738206
134	10.32150745277418
135	9.510256917353708
136	11.605689827922696
137	12.968998128278233
138	10.936615471976204
139	9.708230362290074
140	11.199934373922936
141	10.454504767362021
142	10.419541344007314
143	13.021243418427607
144	8.440497616166066
145	13.360971392865983
146	11.560080322499363
147	11.94081509072105
148	10.665588918293846
149	8.565969006331228
