0	13.540282387776273
1	14.400976159978688
2	14.098833032986855
3	12.114641268698572
4	15.954371166474195
5	12.378945797804192
6	10.494852744064946
7	10.869511959250653
8	14.452114738782074
9	10.24058566499399
10	15.42640407554257
11	11.808411768780278
12	14.651893716684862
13	13.023641427567581
14	11.633004801997034
15	15.245027987642999
16	14.963913121890888
17	13.873843514426241
18	14.216347692709183
19	14.489590826764909
20	16.91228674405737
21	15.64430114789564
22	14.055813661859505
23	8.9931387692756
24	17.435542183232098
25	12.046081328854802
26	6.989149017177068
27	11.87768414415422
28	11.633778955921867
29	11.191156857347583
30	8.306392686638725
31	12.515360118234392
32	9.138801842432134
33	11.853836354792755
34	13.949634612192305
35	9.976711247345065
36	13.129516826884148
37	11.329864154916613
38	8.487460541102504
39	12.330370581383693
40	10.687051900772923
41	10.58519173812096
42	13.273246287764065
43	14.039601858949435
44	10.292341539555112
45	13.168551690702207
46	11.951509877876324
47	9.406203992962674
48	13.147744620765627
49	13.323020081388503
50	13.287107734080594
51	11.14690899143846
52	12.804989587034433
53	15.62507786321849
54	14.342733961407363
55	16.15071635171349
56	10.318812995540014
57	13.099003958062482
58	13.863600830310158
59	11.558798297532777
60	11.231016988140588
61	14.560406785306148
62	14.636548721604276
63	16.808567203126977
64	10.26952411760827
65	19.854512200212696
66	12.416153546115993
67	11.055437294818558
68	16.051957620577703
69	17.601611532975227
70	13.15454684805128
71	14.961609268816693
72	17.051214162957336
73	14.306314402648287
74	15.79044963043688
75	17.167541578879966
76	14.997803334154773
77	16.6104219484122
78	18.53769025922637
79	13.102640625429547
80	18.110361907796186
81	15.780555447116667
82	16.986526054851044
83	17.33107430376764
84	14.749911276930941
85	16.412976926605037
86	18.040512355211995
87	17.375133946818508
88	16.601438337838356
89	18.04576336936538
90	18.07177937818447
91	14.864030868996107
92	17.70473353658175
93	16.809867475215974
94	16.693385988168586
95	19.166977685112066
96	15.418974201765542
97	17.70953499412506
98	18.262331971880858
99	15.648372561967419
100	19.998349127089515
101	17.278986200356492
102	19.515507665837177
103	15.262378949083798
104	17.416827586999275
105	19.5295344806303
106	18.49619079738615
107	16.474587452159845
108	17.032153853183246
109	19.7260948669792
110	20.824734739269733
111	15.244734738686606
112	18.920044977069185
113	18.15788052781746
114	16.254679282481494
115	2.8875828666751766
116	13.045295070880146
117	10.922902233465502
118	9.538863037186387
119	12.603003687562662
120	9.315360975747168
121	11.180318323558373
122	13.835152795222939
123	14.091393333307611
124	16.763250450684243
125	12.283929551511031
126	16.68693975292536
127	16.291561836269306
128	13.369240551890593
129	16.65103005530274
130	12.226759333936643
131	17.11943172972465
132	15.807678580890732
133	13.864797226532364
134	17.758927663799316
135	16.24063389429542
136	13.51233308756365
137	17.866441812772656
138	17.362204758429105
139	10.092054733876294
140	14.976017230638982
141	15.791667304886856
142	11.85868869944981
143	11.788439371801985
144	16.289359876990666
145	16.56066531456708
146	16.46377268440335
147	6.8555168854405295
148	22.05428345510638
149	11.82191848413251
