0	4.533826930315032
1	4.038458404036469
2	6.591711259159421
3	4.219873221993868
4	5.552247107569054
5	5.08460338261321
6	5.798973508397497
7	4.462797131129083
8	5.613464011642204
9	5.649206674286665
10	5.097890071585844
11	6.867152687111291
12	5.151712252861344
13	6.238250648517628
14	6.340559269152758
15	7.419094780261172
16	6.678774854756266
17	6.653776245662129
18	7.543929898877137
19	5.097673753358883
20	7.3118356861091645
21	5.847886655216861
22	6.277315010326188
23	7.60685139611379
24	6.619907331336538
25	7.777769732043126
26	5.797210181059102
27	5.714761564563048
28	6.372196951875017
29	8.520274056587901
30	5.0979767983790865
31	6.490843994056528
32	6.604228342705607
33	8.716715923239342
34	5.7880112822265755
35	8.547630765365795
36	7.9375737545248235
37	9.447887275145462
38	8.250718731205577
39	9.922224316199998
40	7.443050516621524
41	9.793161297424525
42	6.654187014018159
43	8.290364684118952
44	8.640254530181428
45	11.088141758540157
46	10.83246775409131
47	13.031004501284793
48	12.719920949695593
49	13.560133254374579
50	11.751881028999458
51	15.247087328651283
52	11.069455663917132
53	13.931562025220636
54	14.868677518850289
55	18.0523465994064
56	14.480885106699624
57	18.0954178022544
58	15.991198366127204
59	19.471774744086296
60	18.56705328901251
61	19.890715662027954
62	21.541810308448454
63	21.781681666478836
64	20.777762565641886
65	21.718541934893896
66	20.46338153875849
67	13.56499299754681
68	19.65487036015888
69	21.27926809484131
70	19.702024589852144
71	22.658445576674602
72	19.45525331377147
73	16.392145874656777
74	22.78563936982578
75	29.041030983395963
76	9.895931148612226
77	9.896048624395013
78	10.052877756169009
79	10.42918950386981
80	15.108938527861351
81	28.53932188885914
82	30.8746598889024
83	29.06066843545443
84	39.86924782428252
85	39.56968327572115
86	34.83048261075905
87	25.725795760752153
88	32.21236126805044
89	27.595048151827307
90	25.554060983478124
91	21.89383116440288
92	29.06907326319536
93	17.075896180396395
94	12.841417323079552
95	13.412488617436992
96	18.596336893882118
97	18.29388577709395
98	34.22530900539231
99	16.334856859168035
100	17.075570637715597
101	17.257770866407927
102	18.98139520562054
103	13.222678648480036
104	19.838509002166678
105	16.968965957318847
106	19.005239582527835
107	20.165002995045064
108	23.79253307561381
109	21.845580360006988
110	20.330390692068573
111	17.5011689636409
112	11.629096254645596
113	10.994168240240809
114	1.644805155185659
115	4.665268798164527
116	11.896083113274141
117	14.287736351176145
118	8.963557021072333
119	10.45689232955805
120	23.16104520274389
121	17.954565369182625
122	16.31339379851874
123	19.047440299388935
124	17.89304900402221
125	18.770046423794636
126	19.063532262024278
127	19.667705203315638
128	19.96395628959618
129	18.19096364601641
130	20.214462585404963
131	15.194362781137025
132	17.972043453831407
133	12.687298826862529
134	10.056871327829493
135	16.066829435401452
136	8.187636726505207
137	8.530713814646312
138	15.012634243063827
139	15.356394751751886
140	23.976644105873465
141	18.07688125437754
142	19.904486105902976
143	19.033589092292587
144	19.58610869792268
145	17.24844565854994
146	21.46228859593739
147	20.476440530599543
148	13.754056291631379
149	13.251153800039253
