0	1.6555495972683676
1	1.6242016454539965
2	1.9082430768410903
3	2.193710638335143
4	1.9473943817130186
5	2.5098934873174823
6	2.5526094741492544
7	2.6516701208926325
8	2.8016354646531703
9	3.1509470643019126
10	3.3357417371075133
11	3.9596258164864517
12	3.563394871450682
13	3.918061267807955
14	4.551678861650286
15	4.200810869797035
16	4.5126158267584735
17	5.830996018618654
18	5.532777885463193
19	5.467985444386557
20	6.0676210037831995
21	7.639239721401905
22	6.446901876261588
23	8.392503761374964
24	8.012345531909272
25	8.907952959836322
26	9.503123653612583
27	10.71884103054639
28	9.287714289440403
29	11.375511508092323
30	11.21494685331618
31	11.953933747320324
32	13.406292193547587
33	15.427477235637282
34	15.747054938816948
35	14.804344355231281
36	19.352523847433506
37	15.075565860618383
38	18.849069120859248
39	19.99038969335279
40	19.18737726701709
41	20.542469718098154
42	17.484640140058403
43	22.46901335993764
44	24.6175017884398
45	27.441666155682125
46	25.21144960371693
47	26.376743295413
48	4.68071891380588
49	38.11557754935201
50	24.177751564764648
51	17.650601564859077
52	16.635288492340187
53	19.94786407543177
54	16.673255528782224
55	9.013009396022882
56	21.487299664329445
57	9.982973897817413
58	15.872825676528961
59	11.883038162050477
60	12.888232570315886
61	16.12655148999008
62	13.079376907265749
63	14.824249752566248
64	14.767222307316013
65	14.858413174618908
66	14.715829196893706
67	13.613002653883557
68	15.801321667106622
69	14.998999809965293
70	12.75968399225895
71	16.050354492947896
72	13.968488197567337
73	14.698181434132334
74	15.000859012616827
75	8.774634639047537
76	16.175335601993776
77	13.807879209697608
78	16.652436022218478
79	12.373362537232197
80	12.808447273569108
81	17.78621921477159
82	6.955088205156647
83	21.92487056622512
84	10.690752988328871
85	12.103458283575193
86	12.228816928195021
87	13.478913807687295
88	11.656484310782437
89	10.39297602749375
90	13.48874630735226
91	13.470447445380508
92	11.279240017836438
93	14.262499940698515
94	13.731459604555559
95	15.190730585053913
96	13.226312063504341
97	13.788784050548564
98	14.077217604451407
99	13.862554660702369
100	11.407373906555444
101	12.663325236878556
102	13.502206441221688
103	16.370383093030146
104	13.096916881240384
105	13.737515328094382
106	14.302227332718937
107	14.204988038330265
108	15.347327582173351
109	13.889557247180905
110	13.382145644648581
111	13.90931396728571
112	13.755955601543745
113	6.551177342610495
114	3.083169437907988
115	8.39299540568757
116	12.037356374190727
117	13.910381012669552
118	13.914597958332331
119	12.41919245680452
120	10.319347734636736
121	7.458248618327543
122	15.49892466429937
123	11.53272912801296
124	10.71303549929065
125	11.949413491715308
126	14.737085881874382
127	13.901299528402536
128	10.936990688754312
129	12.693088638678654
130	10.148025639258467
131	4.502139119509486
132	9.676201112963803
133	4.260946489968891
134	1.7310288915390986
135	2.0191397552938506
136	8.628636272100671
137	5.713285825884421
138	5.054178896182656
139	7.44086663370731
140	7.020088751024051
141	6.316241742199126
142	4.771136860034019
143	6.5889918962343375
144	5.767184002116814
145	6.392919001822911
146	6.335065738748147
147	3.430857896762576
148	4.717713279806852
149	5.661284363636169
