0	8.893858266542445
1	13.236363629222781
2	10.021529700204365
3	12.160695414514187
4	10.378968051346716
5	10.827459394144597
6	11.956764311560333
7	10.664592640723262
8	9.280669712361844
9	11.880618875931368
10	9.724892642623887
11	8.64976831614633
12	12.066808449952614
13	9.651192512521515
14	14.40270807814268
15	10.686492131209928
16	13.370009826235421
17	9.835758908419495
18	8.557658119911201
19	8.743951241807547
20	10.680677380372082
21	11.736378915884442
22	8.925248541551992
23	8.206909369486004
24	8.903234271321626
25	10.210127676021745
26	11.304169900952951
27	8.205056546209795
28	9.548491070093489
29	10.21430563558024
30	11.568173239294294
31	13.819494084174043
32	7.9826878670887025
33	12.33740998429615
34	12.589630615343312
35	9.933769945772452
36	11.553819022108325
37	12.763451729350589
38	14.276224364401756
39	9.449254884112557
40	11.291761658858942
41	14.371808007539228
42	13.374372637126116
43	12.064142165107867
44	10.57223416729597
45	9.999024617973793
46	13.31643511450626
47	14.609992809780158
48	8.186658455559542
49	11.211877496893793
50	12.49985900845868
51	12.218538672973269
52	8.920869694204502
53	14.72066891346449
54	12.651546906442343
55	8.556610951961915
56	11.310546286510514
57	12.944217158105895
58	10.938522339374876
59	13.901389528512851
60	11.482861960436757
61	15.84813849518859
62	11.669110330568676
63	11.69070222663498
64	13.507948649678529
65	11.642376464872665
66	16.388882885523003
67	11.908692112718567
68	9.74647081633301
69	13.60084900734618
70	14.592507680916556
71	12.336935417021207
72	15.02748254268419
73	16.189170308374113
74	18.177268157256943
75	13.288308618822395
76	11.031016940192904
77	12.311843857005268
78	17.92797892423011
79	8.185583493947576
80	20.612929605672573
81	10.109987710688962
82	12.712960536176546
83	12.219593202136393
84	7.988282961152651
85	13.160587025690337
86	14.93497585635016
87	16.578026881355527
88	13.364367325005588
89	15.148215545954473
90	10.68730900849748
91	12.598221315976364
92	9.714324904897854
93	13.246567756826268
94	10.648154059030059
95	14.428585325899697
96	13.853336006559479
97	10.848527288949294
98	15.60801901523331
99	13.536117147507204
100	10.177119725596961
101	10.03668848299426
102	11.113232988951278
103	11.052119777947121
104	14.324651755071887
105	14.932959872168302
106	9.306879764941229
107	9.839679069929998
108	6.909561359636347
109	14.201467425612595
110	13.865484291472574
111	11.14385842865111
112	12.405177035333502
113	8.647486943440871
114	8.816148066048061
115	17.421853711218535
116	21.25382754837689
117	8.923900525751016
118	10.364878152327805
119	15.325361635196822
120	11.669892396370782
121	12.037777144050615
122	10.228323790741287
123	14.769366449656625
124	12.566819916517126
125	12.128748214989503
126	15.881131717860342
127	14.357904911543484
128	16.02556116736501
129	15.882055314715858
130	11.213056117679184
131	18.577225055332594
132	11.279166388938881
133	14.803802252225514
134	12.20122461441019
135	11.30211717626376
136	16.195932672124847
137	12.008317365464547
138	16.08587695262821
139	16.131842679663702
140	15.00763891592791
141	13.274164542770443
142	16.66810487186884
143	12.217249576907706
144	15.334553205858741
145	14.469739752726932
146	13.674785696759725
147	15.616936753261003
148	17.894869077041694
149	14.64253997928619
