0	2.8910174627984326
1	5.78780435035788
2	7.641810701449651
3	8.626452148024821
4	7.662725619952136
5	10.714416397426751
6	9.782250354484562
7	8.33541915815155
8	9.845443794395111
9	13.364911468293695
10	11.087518687476939
11	12.795285535785503
12	14.484503882278846
13	14.528182478967476
14	16.74764384183955
15	16.542306466493173
16	11.583042265738131
17	17.174816841343173
18	22.05169951168191
19	19.167779228416844
20	25.552539271260965
21	18.299841744149347
22	21.2391421578006
23	20.962948192504683
24	19.158230627997284
25	17.068044668244806
26	21.8443930426891
27	15.40265863117368
28	19.809641107254517
29	22.31671435130343
30	21.52180100396869
31	18.055388817985342
32	26.0034634130375
33	17.995817544779616
34	19.211394356068244
35	22.959163199400464
36	22.723237756248928
37	17.926677393526525
38	23.9422934072387
39	22.036803084722184
40	19.29420093383198
41	23.049513802137728
42	23.02117114223349
43	22.93544177473134
44	21.82460875577932
45	24.22670236957615
46	21.889083553876016
47	24.387379276576898
48	26.411513003805567
49	8.888378378924376
50	30.43804520006862
51	10.416926619258955
52	12.897375747558138
53	15.937879199647542
54	12.721104311123561
55	10.008970630779697
56	14.270870364493156
57	10.349493667088359
58	11.32861639430286
59	8.637389818019834
60	11.14778551905683
61	11.778446556997382
62	13.827276671923435
63	10.798875298668232
64	11.001826697549768
65	13.18902332715709
66	14.068632712462858
67	10.132368005932454
68	12.751876895040612
69	11.22458592395644
70	11.700665335911781
71	13.454069383734183
72	10.225222935472944
73	11.018424322167624
74	14.574482340030624
75	12.594769590159641
76	10.535033331399065
77	8.615866013547821
78	7.5453742092037155
79	9.95912731381274
80	12.032046111007372
81	12.016043318204042
82	7.868375790749171
83	10.770615726704442
84	10.39202218559403
85	9.70119823841326
86	12.152185709447656
87	10.600349552080214
88	10.885448421076562
89	11.105843008466852
90	9.942508864256327
91	11.3981698273563
92	11.524466823568103
93	9.946186024418619
94	10.205895457397554
95	10.186241322723125
96	11.330514437322062
97	11.147147237305997
98	10.708785734840687
99	10.699704220225248
100	9.377274123453336
101	11.414301823849073
102	12.888575555630197
103	8.642017255206728
104	11.865166094529641
105	11.140021920739873
106	12.28184556886006
107	12.768303101168446
108	13.042008201873408
109	11.47887042745021
110	12.052431893870056
111	11.01434442191833
112	10.316588570496688
113	9.091602711583317
114	1.231277995898373
115	10.216861335729003
116	4.762134736912959
117	5.489339337094192
118	5.69642295379903
119	6.2156057764956785
120	5.489239846545653
121	6.6304797944118725
122	4.347679106851646
123	6.8384392204650535
124	7.064326774262282
125	4.854184731648624
126	5.696578771111272
127	7.461007384341789
128	6.942492781807198
129	7.254635549831374
130	7.771296255490682
131	6.423432570425243
132	3.6208543987864705
133	5.333299762809965
134	5.852537016943271
135	5.9042745465061195
136	6.5272317619674185
137	6.3192847567294494
138	6.423077722876025
139	6.734393985076107
140	7.254028697689121
141	6.940305522242838
142	5.281450428936214
143	7.567200576155037
144	7.253286244182389
145	7.059004525499735
146	8.276433900860734
147	5.281402761624063
148	7.579723109443273
149	7.654084496891379
