0	8.6846124483942
1	9.890825481984432
2	8.816668789678177
3	8.397991989669814
4	7.885654604541933
5	7.9539857654285235
6	8.750941795051299
7	7.930763778699704
8	9.353337132286985
9	8.015335638046958
10	10.570534331041776
11	9.947584395726945
12	9.877841320017634
13	11.363835477279393
14	10.107373088242396
15	10.146398710971917
16	10.439229481041343
17	11.067579129117272
18	7.765546935170884
19	11.942917367252766
20	10.829860936519168
21	9.875614176811903
22	10.904963194500631
23	11.2450546012786
24	11.191983261212918
25	11.479591338513066
26	12.096715255977163
27	12.029665962580163
28	11.02808385061801
29	9.60752330042417
30	10.53423308762996
31	13.10598321676962
32	11.985489638584639
33	10.329171250853994
34	14.118094967609913
35	12.115828440561922
36	11.302463674423032
37	12.026471918722228
38	12.1561864701641
39	10.64551641120609
40	12.457025813869228
41	11.563000055211308
42	14.063746006971838
43	12.953806409279945
44	13.368217354964777
45	13.982387990305227
46	10.870302526781474
47	12.904776641608388
48	11.763667747746608
49	12.191613944366827
50	13.407423440592812
51	13.082402582622159
52	12.72820015583807
53	13.992811134121604
54	13.901269988183756
55	14.207176791922418
56	15.243907155258364
57	13.699715296794565
58	15.54112834884604
59	15.328052348789072
60	14.617642144882296
61	14.653809026008899
62	15.20883826898025
63	13.444591181129406
64	14.843434666544633
65	11.713215888610863
66	11.69269664517267
67	15.574998068552059
68	12.583091872219299
69	13.560198040834434
70	14.039562587843905
71	14.738042524694484
72	15.121759471091266
73	15.16151164130942
74	14.706132640052735
75	15.02651341843092
76	18.089766468751918
77	16.863703163685315
78	16.0570009817292
79	15.945414087063934
80	16.66439135929265
81	16.122039958609914
82	12.779313410325203
83	10.822479199821647
84	11.929348736320451
85	14.243936513675425
86	12.784665682455879
87	13.986262039878016
88	11.314012572872684
89	14.719812883797077
90	15.142778060947544
91	15.21058907345789
92	16.423672043650807
93	11.600025901623766
94	14.913819957007307
95	13.991207128181545
96	14.33203625154166
97	14.5683302847894
98	13.160601578683103
99	12.48852145250168
100	16.964583816833915
101	15.448501366846052
102	17.578609851096672
103	14.375213250992102
104	14.702188705082799
105	15.703475574210632
106	12.444362706886743
107	15.325553365059609
108	17.15757922897592
109	11.267941624440384
110	16.873448348402224
111	6.676921579674911
112	11.160259603196915
113	12.688484789493682
114	12.32616893967027
115	10.73198274015123
116	11.4007829029549
117	10.728444980461289
118	12.655537420804771
119	13.90525381237427
120	12.31715794963445
121	13.121054806507182
122	14.283127762987807
123	13.236750682555236
124	14.575025039929297
125	13.537040324063
126	12.18444606747457
127	14.634457830284372
128	15.443315997343705
129	15.329670951395673
130	12.32570039241454
131	14.652967781299397
132	13.154207195346883
133	12.328043503887525
134	14.81759915429149
135	14.658158981611615
136	12.200643699179285
137	6.29923768385332
138	17.45903310711399
139	12.77992126229904
140	11.523508793122378
141	10.986911353149623
142	9.661633223173943
143	11.19304032976922
144	9.969858404865105
145	12.81792308115041
146	11.200123156738044
147	9.97807558098175
148	10.796350707904365
149	11.992540246878514
