0	18.426640502660828
1	19.38358733117546
2	22.019736728505418
3	18.416561681720317
4	17.204824531199588
5	21.11876612068783
6	21.622849109098862
7	14.834475597556008
8	19.737567477124344
9	18.202753273419244
10	12.415430279560413
11	13.201940258686815
12	13.404718695872873
13	11.739219583960258
14	14.672345653969892
15	8.967625313555594
16	8.755082391096405
17	14.098870263459554
18	11.51746592744608
19	9.773257329207524
20	9.30349020718818
21	10.699338986613062
22	9.642368848535646
23	10.591694521642838
24	9.072310693028298
25	9.775432401616374
26	10.24887837782137
27	11.40965465471406
28	11.43227955932038
29	10.169980643759757
30	10.025590108205483
31	10.647379416831146
32	8.318026070141308
33	8.652751330543246
34	4.442710736033885
35	12.565174222883632
36	11.987367621921475
37	12.78058028704886
38	13.454611408372923
39	12.527443337314162
40	12.053136541949316
41	12.776125753464605
42	16.49217901380331
43	12.77985797307876
44	12.746712438824567
45	16.784914479048822
46	14.965373646717955
47	13.423022045199437
48	15.2167930591444
49	15.061451530087462
50	19.063225690049084
51	12.192745118285249
52	15.68544886574349
53	15.811216560341396
54	13.235562327406841
55	15.981322905234025
56	13.959160645933801
57	15.015878455360848
58	15.600486033856573
59	15.350690906002695
60	13.403194189563672
61	17.40629131176518
62	16.87131899668031
63	17.121618065772743
64	18.03795168238225
65	13.911037581932648
66	11.992417051280219
67	7.979707724930874
68	10.589034071557192
69	11.29520403854623
70	15.054719072137676
71	12.999401423583246
72	14.165734085381688
73	10.731067868533236
74	15.054432112128401
75	14.930131205291513
76	14.709862167982491
77	13.673774280824981
78	15.221715418051721
79	15.561093466521912
80	12.190224788976563
81	16.571205104424713
82	14.802190873365513
83	11.432707471610465
84	12.982209649300732
85	17.321936595144997
86	19.09815174867455
87	16.8687430143895
88	10.842261428404786
89	10.171395698254951
90	17.073944014626086
91	17.630904972971045
92	12.324706444037949
93	19.8240723878329
94	17.03125736469635
95	11.630995366068143
96	12.60798183430404
97	18.381285578343547
98	15.262238338284162
99	14.894768186531763
100	18.582264631767764
101	18.540625749243976
102	12.865287575358487
103	13.031894263956996
104	14.549795543115863
105	14.549381818091836
106	11.54697816287605
107	14.175934440781115
108	17.12046863243519
109	16.906651292610015
110	12.612849412002253
111	14.089277092712612
112	10.61936842188005
113	10.059279157560391
114	14.886273320789064
115	8.822064224233674
116	13.995754087474353
117	11.06721432476993
118	9.327993036290353
119	5.95843958053306
120	11.601254949480923
121	11.456289891418793
122	12.871962254141815
123	12.948291927842025
124	8.716298346012847
125	12.189652257858041
126	10.08641091464617
127	13.790201070778354
128	14.16115735650164
129	11.60549328778577
130	10.983330237486259
131	10.505804530987092
132	11.011712521621785
133	11.517142229809775
134	13.23694165484103
135	8.043614519710658
136	13.829213757996035
137	7.790953090256368
138	13.707541559237175
139	9.832536857295532
140	11.180257479112763
141	11.462632063713068
142	13.614816620078173
143	11.459454621302621
144	7.83426365015705
145	10.842867493301226
146	11.517142229809775
147	9.664365231502645
148	9.496271639843735
149	7.13744876368729
