0	8.163171385094417
1	7.130528272087257
2	9.59906606369509
3	6.481881198909659
4	4.70686824516683
5	7.5589838785083225
6	10.888557121931594
7	7.6442957113884145
8	7.781863837575867
9	7.649917682424729
10	9.292189665864845
11	9.500562910660438
12	10.466901806933407
13	7.910262877396599
14	8.437811227332297
15	6.712877389293042
16	8.360152209531027
17	8.09120918402429
18	10.98902974343602
19	8.790656723198106
20	9.381968590887766
21	9.827722216434566
22	9.237858452397266
23	10.39034495377347
24	10.513759092937567
25	7.7669443200562105
26	8.075075574753619
27	12.373152197664819
28	9.721346989290863
29	8.353118682251292
30	13.065268669976396
31	9.554753435821949
32	10.438157970340264
33	9.076908731877214
34	10.534283128696584
35	13.344805254714435
36	9.675866378747854
37	8.780867161579007
38	9.49320599370289
39	10.223800411109254
40	8.645516384548047
41	8.149441733363977
42	6.854552575965621
43	10.609008030524697
44	9.936831757249031
45	12.054436117340504
46	10.610810830019258
47	12.340226157422666
48	9.936831757249031
49	8.934284387602212
50	9.38346118197199
51	6.427216060675888
52	8.720709971836008
53	8.150797462852875
54	4.479115944923669
55	10.887425335949388
56	3.4903716656768062
57	10.215358220872977
58	11.782556600560229
59	11.87037733673306
60	11.041737853232931
61	13.456639042152666
62	7.658789856779714
63	11.65589752079463
64	11.18565838777265
65	10.647578653376083
66	15.032063686179264
67	14.340619865080765
68	6.211400241625034
69	21.098082371565788
70	11.72265681094735
71	10.059364002295904
72	11.97083852883735
73	13.811393530862741
74	9.911196454858349
75	15.560182857327407
76	12.4172013373389
77	11.5905051163193
78	10.361936248183355
79	12.400712752813465
80	15.34748279274884
81	13.02468399442218
82	13.398842296607286
83	15.847834918723906
84	10.868538347934175
85	13.303819241719513
86	15.274394527543926
87	15.91946615247339
88	15.990605402446777
89	12.48158369525463
90	5.225307863532435
91	13.653309738063596
92	12.698667759979596
93	8.95553391855588
94	6.341429744079797
95	14.595366915489821
96	12.686889716771603
97	8.703736346392008
98	12.899243626193126
99	10.34347670926282
100	12.516330011579598
101	14.374078752786916
102	13.12363823294107
103	14.528719639994609
104	14.300817562374803
105	17.296541991484293
106	10.284820976438917
107	13.805722919806938
108	14.058009829878143
109	12.042478853442475
110	12.840550775234364
111	15.208744656823063
112	11.328403941350688
113	9.982924962862082
114	12.729941275886818
115	16.172377373677357
116	15.668220833908817
117	15.351531271780912
118	17.556570009457904
119	21.25774629279954
120	16.527320888090035
121	20.454080941706366
122	19.10772128048223
123	21.036470560292702
124	19.767284325947447
125	22.17840509922004
126	18.342700401873817
127	25.40990528929196
128	19.60298609025658
129	19.043073677868865
130	16.198391698531836
131	13.447492256607134
132	15.494926975955586
133	12.953613799965781
134	11.762647174030187
135	13.66177880644965
136	13.591691817357825
137	14.848600162980484
138	11.983895172311637
139	11.22561373543299
140	12.087133082525307
141	13.379417804310329
142	15.557338855611658
143	14.09661900808009
144	9.197390665007106
145	12.12393824747704
146	10.478267039364555
147	4.779099839432645
148	4.491029392132927
149	11.965267708985966
