0	6.64217163568889
1	14.229093670549895
2	12.005814072464883
3	10.094840069091388
4	13.365574394487005
5	13.325869286662616
6	13.138184965721656
7	11.175606778200633
8	14.911729569831854
9	12.233035907472843
10	13.441757420612095
11	8.606098367305059
12	12.71495379140674
13	16.766857702752635
14	7.75711595913051
15	11.704164802427638
16	14.499076199474466
17	12.260549633245393
18	15.061683650629666
19	9.592837008729143
20	17.823275854481405
21	13.818211933983338
22	15.406408880136684
23	12.254667527188365
24	14.066018053749394
25	19.844222140698324
26	9.265177245748998
27	16.509712541445655
28	10.271800043111295
29	13.260374122230148
30	13.911920185116498
31	13.51948101616519
32	8.964046727357726
33	10.679592378541694
34	9.18148467243201
35	16.842735119563887
36	13.854773818362654
37	9.419279245743171
38	12.338026021180443
39	14.626169332074348
40	12.141646673377569
41	14.345801213370363
42	10.141409005193603
43	7.09784342307454
44	14.684199095060713
45	12.638028121347629
46	15.240663996426148
47	12.668712283348766
48	13.4416306961785
49	9.81497668560106
50	7.397576566268831
51	17.950775591186396
52	11.444988733997866
53	10.37047868240508
54	14.04564349556078
55	14.347296389033918
56	9.590625760969097
57	11.820394132674235
58	14.197818126522195
59	9.28612674048632
60	12.943011965566637
61	10.724469994029489
62	13.857710027363945
63	10.7217764669598
64	10.597955441191637
65	10.199247316028266
66	16.238274744237213
67	14.866097724839477
68	17.24872200003073
69	13.365195589516945
70	12.308704336840481
71	12.535012619772266
72	15.103046213252366
73	10.139808926446776
74	18.762194374856723
75	13.21485078927562
76	22.031946229064467
77	12.911918297432193
78	19.81679072680045
79	12.865935868341717
80	19.099918523798383
81	16.475958261613613
82	12.577443725886145
83	19.257800386618776
84	14.75766635945899
85	16.94800313249372
86	8.00511468840465
87	15.934071236696433
88	16.690345469967504
89	17.352705708441555
90	22.420688672719383
91	10.45110242805861
92	16.765735872008143
93	17.77645014741964
94	16.68954853073649
95	16.355349488941496
96	17.27492614233548
97	13.948052377816527
98	15.555147846755336
99	18.25371568102064
100	13.632211403539195
101	14.007084256105905
102	17.587196717289462
103	15.071965457446069
104	14.536717303764837
105	13.743706014363442
106	16.911342591015657
107	18.53395745194961
108	16.957197182777797
109	16.394084385130526
110	15.891974434954967
111	19.485001569383154
112	6.202592870765401
113	10.69601267926956
114	5.597608079865144
115	15.516314311175934
116	19.52988699408822
117	16.997263212357105
118	17.2955847585518
119	10.721676156718743
120	15.96685707829877
121	19.761458661888636
122	16.163180067968675
123	18.50731019009733
124	16.531350978933215
125	15.996506171639286
126	10.479357888300328
127	9.158911070334993
128	18.7300552794772
129	14.423662732333497
130	8.20732008428974
131	15.886678225716159
132	18.145481752378494
133	19.482379012858033
134	19.258356118461073
135	24.331273639989426
136	16.280213520836508
137	20.636303969449912
138	17.19051376032234
139	18.055463948669363
140	19.127122928363548
141	17.792892619984396
142	15.107496418839476
143	14.729920946549948
144	12.646021237971237
145	26.35786019040443
146	19.409266789280707
147	13.18041565040376
148	14.991258172246384
149	14.872306660633692
