0	17.943084478389576
1	24.25649096955942
2	22.583540920394856
3	22.886999012783146
4	24.633580332149148
5	18.15769849804275
6	23.41474568445981
7	18.136691849777964
8	21.70369238484616
9	21.81709493216467
10	23.095442757914917
11	19.442063182322844
12	18.669164100651788
13	22.53238990706062
14	19.273245492363955
15	24.575145150906827
16	17.36109763880911
17	24.099144396964398
18	18.72766173921815
19	17.03354872264679
20	16.716847135313998
21	18.24038402928004
22	16.936952641682772
23	17.76436870129573
24	17.438108613035762
25	22.301519726868268
26	14.210114742158021
27	20.66584495823445
28	20.99681015800997
29	18.570796577647773
30	18.81357107546107
31	9.140186624611633
32	2.9882551747824317
33	5.820837280963001
34	12.882755453852953
35	13.973772574168397
36	2.7112110428503664
37	8.57529279377678
38	13.43735967983468
39	13.689153629344371
40	2.900024517172831
41	1.6183931407558774
42	1.5373542195290102
43	4.5425243067789705
44	11.833797971621122
45	2.9455544479446667
46	6.3990957629719265
47	9.566276288137233
48	8.733702514038637
49	9.912212757730403
50	13.74366478287013
51	10.400383603910042
52	15.01488977836833
53	15.93368675870687
54	20.30594128335206
55	17.807887613037604
56	19.130504095656146
57	11.637924851015045
58	11.388090053271874
59	24.33200103434638
60	9.375663358766985
61	10.91337136952188
62	12.291597921144763
63	16.494133450731976
64	14.279990387855285
65	14.019748846193753
66	16.48279795937154
67	13.165348599564085
68	18.62087479581036
69	17.458458465585302
70	13.988037629897468
71	20.401047935696756
72	19.845059036171175
73	13.835591657915913
74	19.124551697497076
75	20.308792233184235
76	16.342388548413663
77	20.9889838103634
78	25.564381181102974
79	19.36617759943368
80	16.423230714249453
81	22.624765920025933
82	19.44263102276485
83	23.000447497814896
84	10.51347645970143
85	8.180435522486178
86	9.490220026248803
87	13.824185846901951
88	16.16264737474413
89	21.0345988343582
90	17.11742713911518
91	19.812032423331658
92	22.958456597037685
93	20.706561053550093
94	23.228569556433854
95	24.28283713321043
96	24.0024824505762
97	22.861029555264494
98	17.789250692962828
99	21.352156817115148
100	16.736986208117944
101	19.75145208950995
102	19.26652289906955
103	4.953165659536262
104	18.258627071237246
105	4.488925704145055
106	1.4400032053063456
107	1.5812647028022824
108	1.529929317540561
109	7.2915555374749985
110	11.320222109261898
111	12.630851801726601
112	13.973349091108064
113	11.069409175922594
114	20.15496104561374
115	4.917927085628518
116	14.403265583560243
117	10.54402115331984
118	12.845116082693014
119	13.813001199621922
120	2.7635358284469795
121	3.809193793440329
122	1.9434909120590322
123	2.626975048320563
124	1.6678435183095368
125	7.831521624764397
126	6.9983080234053965
127	14.390020441763927
128	12.92523872674343
129	10.94642186116806
130	14.36006297238069
131	6.441464896076063
132	9.119099830091319
133	18.118207926774378
134	5.725455608400226
135	10.41933477257848
136	13.654897878040646
137	3.401183483831784
138	9.233301159906048
139	7.410680539735829
140	7.8972662485790295
141	14.563721012861672
142	9.870682265344122
143	9.18358106120231
144	8.78464463653469
145	5.495397989885483
146	4.083884050932071
147	5.270231656146333
148	4.166575446380268
149	3.272411863903569
