0	12.236541216287598
1	10.697620335974605
2	10.494577364848535
3	10.338224086029719
4	6.381096960166981
5	6.351344564054096
6	8.99311511074238
7	7.877015159173029
8	7.256516761933362
9	9.72274004304441
10	6.337680437386517
11	8.932319387007038
12	8.38772646999395
13	8.161913136102175
14	8.180743518633793
15	9.63464285581782
16	9.927711311693685
17	8.863549384441132
18	10.670205763615137
19	8.660356308417555
20	10.425306633373655
21	10.968027563851688
22	9.636352668341676
23	9.901959761779082
24	9.384370889683083
25	10.238623728214666
26	11.458432568054
27	10.150490502168754
28	8.776478426707211
29	10.244800076521539
30	8.524227159769271
31	10.833337141816049
32	9.474650002184074
33	9.973537116046579
34	7.346857958663726
35	11.965251286454546
36	11.768341302433878
37	9.63206922584239
38	11.149825120460704
39	11.99621333412238
40	10.590817020834912
41	11.130702357890957
42	13.241259350416243
43	11.04462486308423
44	8.746416454728063
45	9.97316758484715
46	9.9763085100419
47	8.27691437210129
48	10.561605836156229
49	8.270681745585554
50	8.731954100129524
51	9.453347894380258
52	10.940686189467254
53	9.610014551117118
54	10.99829352416284
55	11.57186733198921
56	12.314342704134685
57	8.051771920198975
58	12.55249402474281
59	8.86444555582872
60	11.482332664093907
61	8.524149421993393
62	10.244324796690442
63	9.112998027878252
64	9.859060142519802
65	9.860727121643386
66	10.108889570338796
67	9.991583028718033
68	10.180170209523979
69	11.084633886889815
70	9.22792752670826
71	11.829544426823972
72	11.421874207110559
73	9.4083015531466
74	13.322672468864404
75	12.78651077747233
76	11.38085892652201
77	11.331541581322067
78	13.48921178817319
79	13.242140520200206
80	10.475055006640808
81	10.561213527649524
82	14.13900291445329
83	10.721782861970599
84	10.790678401206403
85	9.135176407007386
86	11.678102256086046
87	10.779127511840208
88	10.379169540057905
89	11.627977817547759
90	13.505155750090129
91	11.964689992398835
92	13.585507548895741
93	10.624072022298503
94	12.91609608973722
95	10.425306633373655
96	13.594804817133038
97	9.701444931103108
98	12.689014323010507
99	15.858840176793926
100	11.512094853154096
101	11.150033025890462
102	12.677532659780702
103	10.895235921399298
104	13.403150790320023
105	10.891186387205341
106	11.864707458172688
107	13.409663199398008
108	15.723036292246515
109	14.100276651531505
110	13.86591029336569
111	8.821488716608425
112	2.5987501108835405
113	22.286957120827765
114	16.994241670387943
115	15.273264441612806
116	16.318269544577987
117	17.398000027493453
118	15.722571266474976
119	14.365675507119459
120	18.790071014485804
121	16.061911425209313
122	17.442392742649606
123	18.896978840760013
124	14.455103697474573
125	13.604050165476366
126	18.220738334919098
127	16.226445793263753
128	16.52625107514712
129	15.61269062208418
130	21.620994522155353
131	14.534453734769198
132	17.400902371385957
133	14.54647609154389
134	19.253944383722118
135	13.548252288047372
136	16.628322282862907
137	13.853297216200222
138	17.900758921209906
139	16.532032786809467
140	14.144502035546761
141	19.234615403755008
142	20.690080310339706
143	15.904187963955984
144	17.08121079757133
145	20.203100463950097
146	18.3426656474629
147	15.815678143265824
148	14.919169507537234
149	21.526390638000162
