0	9.878000522805658
1	7.831708315216623
2	9.856524307413888
3	9.44498431100559
4	9.492799476334602
5	8.915019870414614
6	9.638168860279029
7	10.750779056201322
8	8.545137713047916
9	9.979747131025025
10	9.734337279515787
11	8.743724170067141
12	8.62331236146016
13	10.573926078068945
14	8.526013974789722
15	10.509649465181068
16	9.925213353694716
17	8.576727646104066
18	9.832620193654389
19	9.108032047662402
20	9.953767071094049
21	8.239247792307916
22	10.339599680944
23	7.897161346035443
24	10.023016981760923
25	8.186008445620795
26	7.997886995055832
27	10.895969517023378
28	9.760148314020414
29	8.163074493174303
30	11.331874112424467
31	10.314844247274005
32	8.933815572156673
33	10.92045607817342
34	7.301078604910449
35	10.025523640279593
36	10.111095712726858
37	8.996023879802548
38	10.048380551848673
39	10.48468653743634
40	9.832346426029892
41	9.686019514899684
42	10.657145513084874
43	8.215878901374786
44	9.226503275384216
45	11.573271408733724
46	10.289785618027459
47	9.128781191246713
48	9.618901511037848
49	9.15756400001245
50	8.911108423227027
51	9.514318636202452
52	9.4208029268353
53	7.1077784024451285
54	11.651754066127591
55	9.80462323619535
56	10.609737566454283
57	8.335174694490126
58	10.435510426788191
59	10.171028931493082
60	11.197944627714847
61	11.276447438058762
62	12.72909678111487
63	9.450559367982434
64	9.223790065374994
65	10.799910047294834
66	9.373994401540196
67	9.326962115068186
68	11.693963221170163
69	11.141689525981292
70	12.024525240341708
71	8.86368501727213
72	11.773806622811664
73	11.612894159050642
74	11.76639719135356
75	12.012044174647066
76	9.003687165500878
77	11.546577141915439
78	11.379920760598552
79	11.554541353051755
80	10.848212555222469
81	10.576279118364553
82	13.980857009700774
83	11.338763944012147
84	10.380731419248276
85	12.241426018096115
86	12.105846090246015
87	12.564501807512105
88	13.572430418280634
89	11.754383409693403
90	14.32921688476869
91	12.17359349805262
92	12.870895967821193
93	15.463134809380595
94	12.66098938482147
95	13.709078997608593
96	15.598013649233723
97	12.589749997741123
98	14.374442281196686
99	14.039048965728092
100	13.040753625458114
101	14.786141689597594
102	15.53204588633345
103	16.02216822689406
104	12.996863930024805
105	15.094528649533975
106	14.512588205109527
107	16.07686966659458
108	16.79158512191753
109	14.885795749321145
110	16.319041802977218
111	15.70152955812921
112	14.674992003805233
113	7.727689734111247
114	15.437700044994607
115	20.569016427573647
116	17.06509863614792
117	15.361857205312733
118	13.972392060392904
119	15.010984600227795
120	15.445497863901595
121	16.11018620323815
122	16.796607226124646
123	15.70736506921262
124	18.803361676296028
125	17.037288087424503
126	16.11920103507504
127	16.305959682927757
128	16.75752229233613
129	17.053564880361183
130	14.104098184705217
131	17.5432601558733
132	18.38715524009996
133	20.404658911401537
134	17.012781532298412
135	16.607401176738712
136	22.37568812095165
137	18.459148507981546
138	18.87892005231484
139	20.022547750540433
140	14.05681584681567
141	13.352746920492788
142	15.03168636550025
143	13.15275667991893
144	16.739399922730897
145	14.913408773641388
146	16.167954417685475
147	13.82142302644764
148	13.230793167903053
149	16.56843619560777
