0	11.426714267808386
1	7.689054956706606
2	11.338298292487234
3	10.82074767837842
4	9.348274563299103
5	9.19410515307721
6	13.093765926228695
7	11.236311417130633
8	12.605703877632257
9	9.943747418998617
10	13.702449124726401
11	11.578700759099437
12	11.721103065121639
13	12.26083869444289
14	11.501479734363775
15	9.526402873899391
16	10.73947273964695
17	11.342966408811336
18	9.428295092751698
19	8.8094103921598
20	9.605132171981122
21	10.894855257560929
22	10.59113181625563
23	11.735846122603586
24	11.038030949954617
25	12.374154033443249
26	11.131014282852664
27	14.586057376166016
28	12.139974216504825
29	15.251074208928657
30	16.774137503593067
31	15.984025845918787
32	12.791485302966834
33	16.574799161599515
34	15.484705894296187
35	17.039144042434778
36	10.53837315455286
37	13.029010941647329
38	17.769566182105077
39	16.19502821605089
40	18.37927857367203
41	15.483510137429128
42	9.867356296897139
43	22.86391644431495
44	16.029675895966083
45	14.565428235006449
46	13.322995249498039
47	16.994798633489072
48	17.220943187787235
49	17.954076793439818
50	14.460690119912504
51	15.408252574844802
52	16.81711126435007
53	13.659773763624063
54	16.765337788073712
55	17.878797347746936
56	11.574905987638381
57	17.12528124803045
58	16.05209329339351
59	13.66528434048832
60	15.326630099787067
61	14.653755124605826
62	19.284498507125605
63	14.502315921687627
64	21.175533487942133
65	18.176445772831922
66	15.29417485912908
67	12.190288599877416
68	18.169545814992674
69	18.613156283495957
70	19.497809601825196
71	19.04301999148821
72	20.026413768660934
73	19.218778222100696
74	15.224781172210417
75	16.19975607949066
76	18.796642885885557
77	18.442826719056754
78	15.177776415743555
79	21.894958303327407
80	17.504865836373604
81	16.46198470954046
82	27.041395877380886
83	16.969695310533915
84	17.507432644560563
85	19.02694480614424
86	22.408503003922554
87	17.23412450321919
88	21.73624533074715
89	18.972903738272436
90	24.406151950650443
91	21.260712521391387
92	16.739448064613047
93	18.35999406105179
94	22.600428770075723
95	20.850091658682402
96	19.825284875400286
97	15.785395463758142
98	20.529492531989444
99	4.825093627253101
100	22.142319823927284
101	11.66197300186207
102	12.30300307877221
103	14.91979369766224
104	17.943317662026484
105	17.221505472346557
106	17.29743308447261
107	12.492918918727133
108	14.075909946320673
109	19.883141413061587
110	14.232495438720417
111	16.88825047508821
112	9.68071164289659
113	0.6164477555516354
114	2.8986878232580615
115	5.192998182600992
116	1.753889242778955
117	9.675596477799727
118	5.603963651802816
119	5.3438166791524875
120	5.0542588554211605
121	5.357361720374265
122	4.38192970059031
123	4.889968566834965
124	5.054033201832084
125	7.010752730536306
126	7.174821877653765
127	5.99509020030195
128	10.992751331797145
129	5.888397729145202
130	9.250860066499289
131	5.91096642516048
132	10.022992013639005
133	7.8221282078942584
134	7.0266179952927095
135	3.309313547840131
136	11.836296019142408
137	7.9695929805070636
138	5.811593509281878
139	10.269138899624757
140	5.7002038265464146
141	9.093226307540675
142	6.910343950251453
143	7.012508733168744
144	4.675000607975919
145	6.547585303074046
146	8.20099201165198
147	7.616797251155064
148	2.7405739588197333
149	4.4462465147245025
