0	6.506296077902064
1	12.328983844232072
2	11.682503742027496
3	9.094590899676998
4	10.387990722239588
5	15.565473320049986
6	3.2706156431302835
7	16.212095252609206
8	12.31909362589718
9	11.69428616965034
10	13.621361715696525
11	14.917957627657785
12	12.329333534391465
13	13.006452832607696
14	17.465952373839123
15	10.387893829058745
16	11.707420018368303
17	20.696544747081493
18	11.682834037979061
19	7.799987508369495
20	15.563836739332116
21	12.977735059850696
22	12.328867574736583
23	6.517558402700794
24	18.119647579096082
25	12.97675119023065
26	1.9758570780376041
27	18.16064372117125
28	14.919524363885898
29	11.682393920968645
30	11.682063651445917
31	7.1508682058556765
32	8.448900722619566
33	11.036890975154025
34	15.565026440133495
35	13.623820002706356
36	1.329486725676658
37	14.918242945269343
38	13.623690798880796
39	14.916676491043447
40	11.035752256521006
41	12.329333534391465
42	12.330381862975516
43	13.620715004002484
44	10.390514964976429
45	11.035234669813761
46	5.85966736417307
47	22.031232184921926
48	13.004846878129069
49	16.822847780522256
50	11.682284102102614
51	12.976505705412945
52	12.328052018159518
53	18.1559236938468
54	8.4475026576397
55	13.622914666019302
56	33.724145115312595
57	11.037719712428718
58	12.329333534391465
59	8.447114459857902
60	9.741498247301559
61	5.857700596782634
62	11.038445159325073
63	11.035441389743061
64	11.03554475280351
65	9.094338315376374
66	12.328983844232072
67	9.741135805236054
68	15.539620670582474
69	13.64650820866948
70	18.152952843190135
71	10.3884759403278
72	8.447269502900662
73	14.269938211660659
74	8.44765829477414
75	13.62356159763509
76	2.623630810045418
77	20.741576939939193
78	13.62304385434762
79	16.212872836356166
80	13.653394411020491
81	12.977612296570252
82	12.94756066963462
83	11.057332450477519
84	13.59566933739877
85	17.505896950967987
86	11.682393920968645
87	11.683164353766648
88	12.329333534391465
89	22.68322432276601
90	9.741316685174192
91	29.79084109561242
92	22.66102527370529
93	11.70543131976973
94	12.977243105357564
95	8.446881328430093
96	12.329100116049082
97	21.390096036776345
98	18.153301690036344
99	9.740863824000968
100	12.32979953133283
101	13.624208593938086
102	15.56338995768915
103	11.036476656257843
104	21.443871832126494
105	14.232407377596733
106	4.564002904993927
107	8.449910813672322
108	15.583951931155982
109	18.82050507591604
110	18.795298982561924
111	18.760779471805805
112	20.742179256348372
113	19.447064627634436
114	18.152952843190135
115	18.153301690036344
116	1.9759734356086025
117	5.21400997653614
118	22.69819580249975
119	12.974415817571305
120	17.497153792386758
121	16.212095252609206
122	8.446881328430093
123	16.211008848584736
124	7.800485483393165
125	11.035855625788892
126	7.7997027552470675
127	12.33003210986349
128	6.505538964131295
129	10.388864294375363
130	10.388767383751594
131	9.741407127852087
132	9.741316685174192
133	12.991523032921291
134	10.382655801101745
135	13.615930768150767
136	9.73887136787702
137	8.44835671366924
138	11.064303323718178
139	12.29808770338694
140	10.38721490798339
141	10.389738023781405
142	9.093665875792986
143	13.003241342143118
144	11.013024220557439
145	11.035855625788892
146	12.314211935298632
147	9.753744482739755
148	18.150681774306495
149	14.916676491043447
