0	7.641224917063553
1	8.418514554646523
2	10.33136353601856
3	6.958693087548263
4	8.53057707834473
5	8.54757490035653
6	6.197601783058727
7	7.956802199834919
8	9.085983782726302
9	8.418593306165375
10	9.66209852936233
11	12.280892979923832
12	10.97480748982003
13	11.64048130587912
14	12.197159293094055
15	11.897125841573954
16	10.389469769283282
17	13.008521797351152
18	8.06479007226633
19	11.220551774842047
20	12.945775384054024
21	13.007771374784927
22	8.730502245431452
23	7.86351660873455
24	10.97438960711812
25	11.339275868327936
26	14.157951669942685
27	13.195406827912487
28	12.974206780091613
29	13.640716370722863
30	14.308038981200045
31	16.567469679100725
32	12.05791707915897
33	15.308483454546039
34	13.085313526974442
35	15.08567200523109
36	11.529599442707443
37	16.797220873615682
38	11.610234825980736
39	14.33800244671229
40	11.39481045139264
41	13.752483019426455
42	15.974243133773877
43	17.64051932575917
44	11.641259431517357
45	17.30736990852187
46	15.52966195839664
47	13.788812907355398
48	15.710282195518925
49	14.229670345650247
50	16.49115784158866
51	14.417900205773197
52	20.197128531630867
53	17.01972467123508
54	13.636522415781453
55	16.37905306423595
56	16.855759258414817
57	15.969456692046172
58	14.54119024437693
59	9.41870214040677
60	13.419793853712866
61	6.751793230461861
62	14.197611087087738
63	11.086236756538955
64	12.084197574544268
65	8.995017636845429
66	8.732138071274635
67	12.75199328632596
68	12.530620235498848
69	12.00189203249673
70	12.390091533548203
71	14.307074086142425
72	14.640948859999009
73	13.419278127408447
74	10.665390179687206
75	8.067721879673966
76	7.196122549582093
77	7.86351660873455
78	17.641374751841596
79	17.086811835589334
80	14.896494778445183
81	6.624971223836113
82	11.452352009081729
83	19.36603448328406
84	15.307595996886443
85	8.864090410947039
86	18.417184670299747
87	16.679972969728098
88	20.58842101084705
89	22.754933734514918
90	15.864056098355478
91	15.861602345029686
92	18.356888814109663
93	23.580984481942096
94	9.639729092151466
95	19.36058119096293
96	17.862037176759635
97	19.641757835759744
98	13.413738354113727
99	15.382316672944619
100	14.641089739476985
101	16.197556112927405
102	12.005803618661641
103	16.41327480700316
104	15.399522589421705
105	11.850686914302834
106	20.97430076927962
107	11.640925817497692
108	32.54275860792177
109	26.938007546401607
110	18.819794044432953
111	15.599178984573316
112	11.751808499545673
113	11.766429094562067
114	13.461825061364143
115	21.20466869981201
116	6.1112607967357775
117	6.4189675050539865
118	13.823879037094544
119	19.20570884885027
120	18.084941876318755
121	10.665187322931864
122	14.16434137279142
123	5.974155219756331
124	15.97486106670542
125	14.751487729914277
126	11.226447910319173
127	14.154554642345003
128	11.089087937579173
129	16.085662752438303
130	16.96369635423303
131	14.313138745225709
132	16.131687644834823
133	3.4111042544993238
134	18.690773285371286
135	8.723147880248401
136	11.539176147564461
137	11.21905202164575
138	7.1913937916087365
139	8.963316387180296
140	12.75236026174759
141	14.30748774268554
142	8.103458464001392
143	9.73030693311729
144	13.30791067686271
145	17.19593039208235
146	4.649975573779643
147	20.60944949149666
148	7.97031116442367
149	8.418987675109491
