0	3.605388664869545
1	4.454876973822846
2	5.047987633062384
3	4.6426613867424695
4	5.349562621018489
5	5.618982858023137
6	7.054505014344348
7	6.568821770172587
8	7.5162121813104426
9	8.281270091318378
10	8.201616604468608
11	7.837985586168164
12	10.554781624575826
13	9.831998515092993
14	11.16029465474608
15	13.095330350525963
16	13.39369823520744
17	14.972828029707816
18	14.658900816823282
19	13.950607028908456
20	16.95379779539678
21	12.893471536631944
22	14.66483571481412
23	14.305797035262056
24	21.182314937891515
25	10.372787281726128
26	12.798506916799008
27	12.125825844433974
28	8.982204217487018
29	10.983244013037101
30	18.22825326906443
31	11.863581654904756
32	17.217074703965622
33	18.21758440627234
34	11.684636938705253
35	16.144420963797355
36	15.961000161812438
37	17.008784252729065
38	17.70150607647976
39	15.69870010992502
40	18.824067790008964
41	12.123043583273654
42	16.24235659837406
43	18.885919206725085
44	16.494339448515287
45	19.893730420189016
46	22.001263592997226
47	8.737946646943401
48	19.384855867653307
49	16.304059494088396
50	17.788927727755027
51	20.535194670271302
52	21.3112025275046
53	18.229613961587788
54	27.530849806416757
55	25.891940606992296
56	22.057945396626252
57	18.00938315427954
58	21.589095836464573
59	5.416269861467059
60	18.414257779661945
61	10.309260404906489
62	11.415547966228852
63	12.255079549241316
64	10.03326286653912
65	11.50284554823087
66	13.818243195166328
67	10.247035890744552
68	14.697053260747396
69	9.312326900611293
70	12.757272241677173
71	10.275281969485002
72	11.528150420293587
73	14.001494857245135
74	14.062455816029482
75	14.233714551660194
76	12.3739623169454
77	12.786854395527152
78	13.288075151318944
79	12.968517715801472
80	11.399221057140156
81	9.716772173883811
82	8.194102859916724
83	11.155088104592178
84	14.54877554611798
85	8.06298668076777
86	12.834708265800332
87	17.97190442869965
88	14.596683861712833
89	12.99006948316945
90	13.327281382783028
91	12.36934267491087
92	15.087588052699294
93	10.616596222922379
94	13.21426650830228
95	10.261722637564416
96	12.403867135901034
97	12.049638421463127
98	7.191096127964644
99	13.57008102016831
100	15.100703952437367
101	14.480664343532963
102	11.605476966244423
103	14.11395439359155
104	11.449463055790046
105	13.524899432901114
106	11.944267454314385
107	9.322902029300044
108	9.585896645392756
109	13.870275671714396
110	10.127933101534694
111	11.77936781928746
112	9.642730000681555
113	14.497907431817675
114	12.88962638799745
115	13.581170621007502
116	11.381817426351763
117	8.148205839521156
118	11.161251643856653
119	12.330864066532532
120	8.16288068163852
121	9.771120629011603
122	13.156507860710288
123	10.314639971742583
124	8.482487017205326
125	12.513905777904334
126	10.669199303614588
127	10.206010536003998
128	11.219529881716625
129	11.947007393184549
130	9.710707878271327
131	10.795262652062886
132	11.00657157438781
133	12.01270897116528
134	11.434220059996056
135	12.006851667487558
136	9.294393159620055
137	10.703940970852996
138	10.909619189157977
139	2.1642027042335705
140	16.97017346424763
141	8.104566211100096
142	7.960150131184926
143	10.195072970409983
144	9.335988523544277
145	11.357988358397622
146	11.221454484737041
147	10.556386268152224
148	6.930248838448935
149	11.463005980102118
