0	2.157044864714383
1	1.9724991401687388
2	2.2306241587809796
3	2.412313670485686
4	2.6139950629723603
5	3.078515687203772
6	3.1106967206494995
7	2.5753606003517215
8	3.2153202846733793
9	4.154104374598044
10	3.279694006095705
11	4.100971066690457
12	3.9071081609788405
13	4.2147119997172515
14	4.669369847471523
15	4.679126546271776
16	4.1007931620581575
17	3.5886507061893727
18	5.304934634541034
19	6.99927032683551
20	4.859552468009223
21	6.79487819799273
22	6.684739136572244
23	7.460209659166017
24	5.911347846896908
25	9.673750539194419
26	6.062880230509546
27	7.527910808006965
28	12.882052987427366
29	10.668799929057895
30	8.441037844920565
31	12.192057366805244
32	9.643901653788333
33	12.656893905873302
34	12.162359342223427
35	11.869122334225239
36	12.161660336363273
37	11.559725332941802
38	9.414175158774238
39	15.55014418353168
40	19.07236071094368
41	23.450174360731904
42	17.952545329509544
43	26.831462320584542
44	26.877595577313873
45	21.807633367316352
46	33.54222454234946
47	24.451828882284797
48	26.334274371116173
49	35.46913105242328
50	38.37284077259794
51	30.8127017548827
52	32.56540325519302
53	22.225557855322233
54	10.834442403649161
55	22.860347182891065
56	61.76698028743342
57	20.344024228358382
58	21.598274423184904
59	20.415736383829717
60	21.79602846702043
61	20.595558833296835
62	23.767417356371038
63	23.606518975504816
64	25.361171444804075
65	30.366730764990322
66	16.625682605625364
67	15.354357502422637
68	23.06886819688845
69	20.244213173667816
70	18.624596359070612
71	19.37520135974474
72	16.698743877331623
73	17.699942630713398
74	19.354626409043167
75	16.051514934791086
76	14.642014663826806
77	19.11395547360186
78	20.429573688346895
79	21.791356548467174
80	21.126513517869697
81	16.112356902817144
82	13.330917599359372
83	18.291576986702314
84	16.991179683865408
85	14.192528575478647
86	19.72534967451106
87	15.23467391643006
88	13.482076859067265
89	16.422262924875337
90	13.421254011203429
91	6.939620426679896
92	13.547801902049214
93	4.704673228745527
94	14.595944948914305
95	13.31959089586458
96	13.039013497099099
97	7.759260921822243
98	9.39338726433034
99	10.129383127988866
100	11.237053737926939
101	7.928520092074085
102	9.839664585088286
103	13.032643865002338
104	7.965928735831387
105	10.029571739868244
106	12.092446453112618
107	9.682149298900104
108	10.851895244230528
109	12.478231293143088
110	13.278051833690979
111	11.154498556638078
112	2.322134964210967
113	1.0512027207720678
114	3.591238459386135
115	9.743577771481787
116	11.077341833820126
117	3.7802689197916566
118	16.606490267267247
119	4.253410297518274
120	12.12875817523372
121	11.933797543778363
122	10.788909492668031
123	10.031042696246285
124	11.396487757670865
125	11.612505470152211
126	10.733597099901473
127	13.57670938969359
128	11.522049218302396
129	9.93520740493041
130	11.977695929812734
131	13.988578031349752
132	7.2708915847468525
133	17.054817517434497
134	10.447970881572221
135	10.756993889705528
136	11.205220156989952
137	12.727254636320849
138	15.233351828477796
139	15.591044829032315
140	9.55579238081347
141	12.980664543646602
142	9.970607252408714
143	15.494620923385908
144	7.86936162329027
145	13.041983602149347
146	10.030429651180903
147	9.618030929938268
148	11.651172435034294
149	10.030473767630335
