0	11.378455385964651
1	7.232647074655515
2	6.455621916105315
3	9.240219953006074
4	7.89839771540433
5	3.9213241677244617
6	10.232502966270534
7	11.385341586475368
8	9.281879038510125
9	9.951279781426209
10	8.011530382069806
11	12.057863399768253
12	8.763971005673524
13	11.538559581383145
14	10.4443216785417
15	13.581034309018836
16	7.232647074655515
17	9.131775251178173
18	8.832322587060407
19	10.082121792955846
20	8.72295879827565
21	8.852181783007588
22	8.268532663018597
23	8.788061442300624
24	4.524366308897585
25	7.858087900306608
26	7.117840097781061
27	8.657700987744043
28	11.095905540428102
29	10.62827272307871
30	10.121822373259933
31	9.629013361810259
32	4.131957664474029
33	10.254666733596384
34	11.927615009551339
35	11.641627720594222
36	11.408938310630994
37	9.888094301666722
38	7.815662651314237
39	10.731421142420245
40	10.235006821724532
41	9.603428608894982
42	10.670058236635565
43	10.601065556178089
44	12.05958301582125
45	11.476860486399726
46	12.191482851768042
47	11.47361586390143
48	11.766876841982954
49	10.108956385315203
50	9.792252101639114
51	12.163359405352528
52	11.248694230811571
53	12.67297386514154
54	9.84933337763944
55	11.219561702490939
56	6.58511022519398
57	15.005087487482026
58	8.074677004529486
59	12.480208150676308
60	7.103233341440501
61	14.004874532607102
62	8.660915115508242
63	11.698782604827938
64	12.833345739036337
65	15.880056859705189
66	12.617438024636112
67	14.616462168950031
68	14.423114743488178
69	12.833345739036337
70	12.80421655983623
71	15.580697489774964
72	13.753909287642756
73	15.840870997651388
74	13.331207945830842
75	13.40955197878196
76	15.235631072123876
77	13.455203804894987
78	5.482455922425282
79	11.376412066010337
80	6.587912715884338
81	8.503892844448353
82	4.643312236934585
83	11.247420139393505
84	8.529105225384424
85	11.765540599764005
86	14.06631757782917
87	12.063862024289591
88	17.57946806829623
89	15.788857569832299
90	15.51804208197848
91	11.956662790842135
92	13.226788428875901
93	13.644767929585418
94	10.753501594257658
95	11.442337146627949
96	12.186078108306653
97	11.72891275915592
98	25.122818688529897
99	7.686188779008308
100	8.204144413172111
101	5.4325022370957505
102	4.2431009497095875
103	8.59340666873201
104	9.629283683624587
105	8.488623439736724
106	9.107798037025375
107	12.446752601430175
108	13.450457224693071
109	12.769922675393794
110	13.35348769068642
111	13.903451206505853
112	12.322253488490714
113	12.635745284091009
114	13.615067111851564
115	5.535870554019504
116	9.305162186989682
117	12.384166640523077
118	18.3068114119416
119	7.146683467746208
120	18.295755869384752
121	14.970660419281135
122	7.422136204478843
123	26.430821804841287
124	18.96257269332622
125	10.113142600467825
126	4.30296284087355
127	6.999948700612201
128	13.6675460137059
129	17.587121168844593
130	21.61938713609783
131	44.07933967844858
132	4.242992916963699
133	16.345461352751357
134	1.9201389577829402
135	11.787646453497521
136	30.704199346074727
137	6.761820744924272
138	9.335819933073
139	29.05297831722474
140	20.309803502130368
141	33.76097087343408
142	19.265707325746735
143	28.939037954879915
144	4.708189932422327
145	20.510811353437358
146	9.560759018169776
147	11.416145298116511
148	17.71023659563737
149	20.070654282562085
