0	9.712258797996903
1	5.920892894206375
2	8.879966809377645
3	9.173620293539818
4	7.204361096276273
5	10.390236779031396
6	8.110110008574116
7	7.40913808606177
8	8.388535970834427
9	7.884829620439566
10	6.94727581025032
11	9.4314274669048
12	7.824220024075048
13	9.355804398176991
14	11.082044813525373
15	11.776008799728883
16	13.096340248711371
17	11.33161515205837
18	11.560367632110331
19	12.058129901950656
20	11.149306605389578
21	12.653076776889849
22	13.152785251166986
23	12.595069341689564
24	16.386683220371825
25	12.528373834135518
26	14.377232329578188
27	12.05785400868335
28	13.283984778112709
29	15.118722777365067
30	16.06798555680104
31	15.344335958620556
32	13.317835423584208
33	17.647552589067477
34	14.961621527567017
35	5.471030492244335
36	13.227927639627739
37	12.184794140880141
38	13.09732468014624
39	14.867324266980427
40	14.817305164354988
41	17.087320400186538
42	22.78648638037956
43	23.826058174428113
44	21.74941005265064
45	20.024547742325787
46	24.634239681339604
47	19.020552063495916
48	26.641489017249654
49	20.525203573634254
50	28.544459965933456
51	20.183737761325883
52	24.943070527445695
53	24.857395409449428
54	23.89513791258229
55	28.068158128753787
56	31.58470069144221
57	32.05680585714054
58	31.639475575726877
59	27.516549825056995
60	22.453438327403305
61	37.0004805842095
62	26.38155124612741
63	22.061142615558254
64	22.36314026018407
65	26.0939168053635
66	16.56510229459665
67	14.88013484040895
68	17.43390151797536
69	13.183895722699184
70	4.779556406873764
71	24.225810183507825
72	16.932165648935943
73	14.040996230631931
74	15.148202843987505
75	17.18164291185634
76	14.284900113016965
77	11.953942358448323
78	14.580279596710191
79	14.874480201098107
80	12.83625382223266
81	13.226932346761988
82	11.938410132296086
83	14.576320890048958
84	15.683172029759065
85	15.62693281004415
86	13.727953309462906
87	12.184680446981863
88	13.406546254929903
89	17.23158941436011
90	14.466804103198859
91	10.901035167704336
92	20.35761579970741
93	12.736628422384124
94	21.338505439411517
95	12.897810943376287
96	16.108217371010667
97	17.648058713178454
98	14.79738986764822
99	12.346489955952434
100	15.743243713929227
101	14.718723103369559
102	15.963582741472836
103	16.371450022203714
104	19.5309515914437
105	13.313703750294495
106	14.966433755712002
107	19.201043881676192
108	16.39915638670693
109	18.697018856977156
110	12.339792749330224
111	13.53837611869959
112	16.422267792120675
113	14.088733448949752
114	11.40298143051823
115	11.958256905252394
116	21.879854658427096
117	10.278490537989983
118	15.251297089472613
119	11.27865699434177
120	17.13195068934949
121	16.890790196143527
122	13.404781399317674
123	17.466290756299045
124	16.180644375694484
125	12.596721638196103
126	12.026376974010372
127	18.58354027701951
128	17.919159297563812
129	17.458288059952547
130	15.272232160082831
131	19.20309263704149
132	12.275947659086516
133	13.027051071971435
134	20.66177820022319
135	13.221960124108223
136	17.730843943931475
137	14.088202963551124
138	12.681706823109657
139	12.18775607281941
140	20.807271318613317
141	16.489724657259867
142	12.89974563172225
143	15.30091485351283
144	10.791849007902844
145	16.986925107217367
146	14.959850283129835
147	9.83139515550197
148	14.195477097991684
149	8.92680685088617
