0	2.389514586589497
1	7.3618731829127535
2	18.03700329566477
3	14.053020657783202
4	23.161790153743944
5	22.219238788327
6	21.72002412854678
7	17.16120587696438
8	25.30235604991242
9	15.865105769464407
10	19.159054567479394
11	20.284475462602416
12	24.877490357019003
13	25.308246010065204
14	20.036307548237627
15	26.34737486416052
16	15.824844382340677
17	20.160942385898824
18	25.358998760065326
19	11.704104339648692
20	15.826821072588261
21	16.732463349553708
22	18.59621261693453
23	11.942937436752594
24	19.11022408546847
25	14.608842516122072
26	13.923073761601824
27	20.232701400827544
28	13.223759513271348
29	19.989747287452712
30	18.379947242995495
31	16.083303272932962
32	21.149252125179135
33	17.375573591665667
34	17.74031165726893
35	14.212421744336968
36	12.374063725005861
37	13.97821904798673
38	13.48840530009971
39	14.501586669214404
40	14.133278496637546
41	14.65230249276223
42	11.83685010007758
43	18.16715161437774
44	11.59049814275307
45	18.20900144604774
46	13.275600273382203
47	9.973852701556606
48	17.794234967948245
49	18.281962627456522
50	6.933101100498534
51	14.482715415260268
52	8.090633366055107
53	12.532619791594724
54	14.254537421143475
55	10.835230091754902
56	12.336940963084762
57	14.08252581931196
58	8.30198174729607
59	13.357421065104615
60	12.566808282058801
61	11.985029193963177
62	12.802144405114566
63	13.35718136616816
64	12.816341563723693
65	12.210300176824008
66	12.36617959071415
67	13.477153382262411
68	12.503146806112916
69	11.74942507493416
70	9.952948955672404
71	15.614367728474749
72	9.167266489316743
73	16.097390610784014
74	13.960524297165534
75	12.909000031992028
76	14.644563608644036
77	11.208445723978993
78	15.68962261328537
79	11.331378234095816
80	9.39621965665671
81	15.844386096178354
82	12.011850254214927
83	16.126805485090504
84	9.991461923004044
85	15.86521325623828
86	11.719555924158705
87	14.691810388286344
88	9.47697977515123
89	12.54625144371863
90	12.694424822157403
91	11.065462576881442
92	14.342729862216894
93	11.698163540169153
94	11.548278745770713
95	15.013446897027679
96	15.756505368852292
97	15.96259428645715
98	15.085647005758288
99	11.77541218678678
100	16.592725706403584
101	13.029290293710575
102	13.136861997473625
103	17.165169880476647
104	16.73247889481424
105	10.798369648310771
106	17.55490357643198
107	12.183535258076635
108	15.129548582488892
109	15.389777661604699
110	15.851203405172757
111	16.044879747901955
112	12.027912078528013
113	9.517273487558978
114	5.167689307230507
115	6.707961164762229
116	8.61099202235719
117	9.429478017578978
118	7.505011859936194
119	9.929877141792108
120	10.386697169783842
121	8.39718835734661
122	8.717971435964062
123	8.689257791247353
124	8.161153220861134
125	9.170960312779538
126	8.392190366150185
127	9.666609467599473
128	10.212087926461258
129	8.56297771301812
130	10.412959150821555
131	9.473033722657645
132	11.215126393558615
133	7.2703149592404985
134	11.299417177106614
135	8.31289931877895
136	11.16818520129151
137	8.652511426584457
138	9.800386615397953
139	11.697764582636552
140	10.09429140537483
141	9.602911146678043
142	11.100916756656792
143	9.410953612377412
144	12.31267872809284
145	6.4222904479013305
146	11.187138729153478
147	10.931974155132552
148	9.124120098971144
149	9.692410200538395
