0	10.737847006744081
1	12.059427075668218
2	9.44848295262254
3	9.442806380455682
4	11.514673269211038
5	11.553040495975155
6	11.007564747545551
7	7.909631249287252
8	11.358227183890959
9	11.233660743204194
10	10.918624796292814
11	10.878399418856661
12	12.671007562035532
13	12.871973802769398
14	12.593295828481764
15	9.047554925689171
16	11.677972473126442
17	13.979432452501339
18	9.763426430002745
19	11.170001279269634
20	11.601581105402044
21	14.617682543791018
22	12.236653654937486
23	14.76405369299381
24	9.42416943411642
25	11.630332601429368
26	13.757892825226248
27	12.282969179483326
28	14.661148663972412
29	11.546969543528547
30	13.362652909565636
31	11.86993168256106
32	13.488698953170777
33	10.237525150435424
34	16.0579640055251
35	13.762600803252218
36	13.63529863583961
37	14.359190972583313
38	10.442574224264346
39	15.065712687070873
40	15.781567538084484
41	13.463450273356255
42	16.074228667353296
43	14.164368229928277
44	13.944483477840556
45	12.063523186332596
46	16.40076445797494
47	15.544637226057878
48	12.681053618205492
49	16.605571259262835
50	18.095471345665693
51	12.426152685094468
52	13.489081643294899
53	15.197482757017006
54	17.567733172991677
55	13.366967377788086
56	13.926025284843016
57	16.284195503689563
58	18.66303475918502
59	11.676114556425102
60	17.407889112560746
61	12.443850597143767
62	15.590171187876216
63	15.342485378536411
64	14.434868570683985
65	16.431734942807346
66	16.069468141953088
67	15.877349373534487
68	17.084368870927698
69	14.42542293148982
70	18.712535232938578
71	15.235236280983752
72	18.812982219730745
73	16.83605478305128
74	17.7879509946394
75	17.23905162631936
76	17.984720281687643
77	19.06621750259945
78	24.969151178463537
79	16.67521673991582
80	15.835610460992442
81	20.253250085459808
82	21.08141118098433
83	26.020007750161522
84	8.1498414811219
85	18.986096452981
86	21.276162653823402
87	29.66054434917994
88	22.66938021795518
89	30.54572837219796
90	27.964856988739218
91	22.80683785741343
92	19.95174378742901
93	21.939768073876785
94	29.525531616587266
95	12.424164172119095
96	42.52353206689311
97	19.47122863371025
98	23.58398331376527
99	22.380071596962438
100	25.864454406293365
101	25.92839726276729
102	29.43840753280678
103	16.430317340495268
104	22.057960947761114
105	26.086652781175125
106	17.657504328102885
107	20.339447045247464
108	22.128962767387314
109	17.243500624171283
110	22.946751588900124
111	16.54824196992515
112	17.682398370789358
113	24.33317997480599
114	4.429715068330288
115	15.208793548355017
116	19.999949510355936
117	8.460720391109765
118	9.123172064507326
119	9.282424872768525
120	8.088915192783382
121	9.666509728038292
122	9.710223634405983
123	9.197761297638765
124	9.750780095252567
125	9.931217467576065
126	8.796946170304944
127	10.902394298678699
128	9.444290530026018
129	9.63175839825724
130	8.87721669453304
131	9.501848919726367
132	10.255434934456503
133	9.62612709291143
134	9.832023035061116
135	10.92660571647395
136	6.7748151407801815
137	10.714844626008471
138	10.576053984306016
139	10.253240240072158
140	7.505585810194071
141	11.385479180593398
142	10.429128188858167
143	11.718909703717832
144	11.71417436869776
145	9.340323981573444
146	9.607586047440572
147	12.307334542797934
148	8.533855547099586
149	11.635686109983789
