0	12.962506164983006
1	11.308444665749306
2	12.40535745754429
3	11.015399888003067
4	11.953768629081265
5	11.724755280042686
6	12.514748173688268
7	12.431171029609498
8	7.606146665489145
9	11.891240174439188
10	12.341230776983057
11	4.874796385783354
12	9.647685331003181
13	11.070988233525048
14	11.018229331733021
15	14.492965636988636
16	12.812078142016263
17	11.278602124051183
18	11.426097999416198
19	11.010268786966158
20	11.66369863167046
21	12.851727970768387
22	14.02060781779282
23	12.491274678706954
24	14.463055416653797
25	16.860960423049708
26	11.959703712040213
27	13.65949729800765
28	13.645754714225971
29	11.04007693164635
30	15.2708429939706
31	10.829558629294258
32	9.985347735165591
33	12.608975990384845
34	13.88861396255728
35	14.264883299772249
36	14.168536647435197
37	13.318001749799274
38	15.135421122169669
39	12.84077657902979
40	14.107114538886732
41	16.86243398059276
42	13.25555048487569
43	11.516633388778837
44	13.417055350707658
45	18.22533267075828
46	17.282275875111328
47	18.06081310971605
48	9.673789375559906
49	13.170037727148511
50	15.845889011143816
51	14.265431309663313
52	10.424799161404042
53	12.30100031055933
54	8.76961685173634
55	13.800712598829506
56	12.548626217104905
57	10.533055107321658
58	11.425880685149119
59	14.974371881340804
60	11.195571018795707
61	14.081075138135356
62	9.888013394778142
63	14.20696495342246
64	12.497730971248192
65	13.487801770077658
66	19.890287186134273
67	16.729938313491477
68	12.048672229910993
69	17.932589528662106
70	15.312050284081042
71	17.450598345494296
72	15.871080180791994
73	13.680495342548205
74	21.82456680145288
75	14.167857345040835
76	10.775448846491608
77	12.882717393047702
78	14.213663538659201
79	17.270398163527673
80	13.258092426179052
81	12.845277296670918
82	26.41353641859357
83	6.336828920592411
84	13.557057348081747
85	11.732814663147554
86	12.036862230621807
87	18.208585150697335
88	9.835834276934607
89	12.278842045510718
90	11.218965243570937
91	15.228840391545196
92	13.89115719003074
93	9.418551225582863
94	12.432241098215194
95	12.182476283575351
96	14.154073156442182
97	12.553189527711082
98	21.83028067106315
99	17.87077986120039
100	12.09834042879145
101	17.63049149215035
102	13.734528418709985
103	13.84113842863435
104	14.820100085914603
105	14.430814347300538
106	15.853920920739808
107	6.458924307494561
108	15.921800379535444
109	16.57246257307174
110	7.465614677913333
111	14.37391241735763
112	15.762251846816914
113	1.0760566242790126
114	5.61570783731024
115	16.984753812516253
116	16.87624258816065
117	16.632257439026525
118	14.007380786221917
119	18.5325074309032
120	22.83661287227995
121	12.368358267934767
122	16.591721858115953
123	17.982147619868147
124	14.404623138573001
125	19.766814367259176
126	15.133518627827826
127	14.58915089330357
128	16.622929791384387
129	19.64640861629515
130	15.073477137909265
131	14.582706661829327
132	19.51222102645831
133	17.114102588082385
134	16.939950473263558
135	22.01414858323714
136	16.218183112216074
137	22.30903189386222
138	18.39609432842197
139	18.408290057325832
140	15.05088347534735
141	19.76089875186434
142	19.47586649089692
143	14.299687823906721
144	19.543944536114733
145	21.184391167804748
146	13.233465834031845
147	18.828799105437472
148	12.960395101858792
149	20.89144438414696
