0	10.396899406547305
1	11.535759156697985
2	9.546973841537074
3	11.42246904242489
4	10.792431382002647
5	11.965203371022923
6	10.55086794142212
7	8.930198067562394
8	10.671554204321914
9	7.550930966562177
10	7.28667180471652
11	10.499509043528533
12	10.599970813538
13	8.919568918517044
14	4.572737034800619
15	8.215667374790193
16	8.924308051248243
17	6.823731859044411
18	10.324779707909475
19	10.813283407342674
20	8.732371602466955
21	11.246300182047555
22	10.200765592400405
23	11.36833024353609
24	9.291473994770477
25	9.206004333698306
26	11.147706151722737
27	10.176510948547435
28	13.095561786354423
29	5.8430321569560055
30	7.544997434073481
31	10.524086941434586
32	9.573891580116197
33	8.948878278047996
34	11.288975217705094
35	11.143455039421873
36	11.970368067116269
37	11.915884146191306
38	11.446820676585812
39	11.6984341395395
40	10.553999741497108
41	11.47784600803779
42	9.168700035606967
43	11.011940517861657
44	10.12996604014996
45	10.796985999046605
46	9.295323462177706
47	9.309224730973728
48	10.266742108150154
49	9.895083455087189
50	11.72632585856525
51	12.027706054391931
52	11.50656276806453
53	12.15014647062192
54	13.08160546675358
55	12.917877034546208
56	10.010051651047142
57	9.663142153095166
58	11.29921739584039
59	11.660804641622445
60	12.044052611627055
61	10.044502681461882
62	9.330298890620291
63	12.07820173079621
64	11.182565520534528
65	11.036761678153685
66	10.221157632651515
67	11.51120313734932
68	11.528958256615098
69	12.798375244684049
70	14.16348062776941
71	15.753152137592256
72	13.48279204406164
73	13.152428999532223
74	11.93713616459356
75	11.835309401444334
76	12.005924551206206
77	14.47412881942563
78	10.663333356575642
79	7.546905889134747
80	10.729670933900074
81	14.439006341339304
82	7.513998851727812
83	8.74862688725969
84	13.565223453800883
85	13.08574223119387
86	16.03930691399389
87	13.360845851308902
88	14.197993591814981
89	9.58368340582717
90	13.396651496026905
91	14.399761808313652
92	14.119455170034804
93	13.402291944840524
94	14.311220216806213
95	9.329955303560013
96	13.540518240636501
97	8.300493466650252
98	9.916134559962249
99	12.386075351756727
100	13.321673382134389
101	11.97985305103191
102	15.989932208600553
103	15.411665576625651
104	19.420235086483512
105	16.080469929524387
106	14.878135376579845
107	11.271780260905519
108	15.674062293662704
109	16.484266086950484
110	14.716960219675908
111	17.359507969190087
112	17.512228039046118
113	12.145142881182935
114	15.450422178501533
115	16.203884250954093
116	3.4650382918502975
117	7.853079461608158
118	6.855281976604744
119	10.69161876309741
120	14.751701011430228
121	14.08059549659221
122	13.401152680940445
123	15.63712096433768
124	13.110032292416989
125	13.89317436899525
126	13.600921064573352
127	13.321044605451167
128	15.285766771449914
129	13.74139890107175
130	13.9297096213899
131	13.937188905078532
132	4.222302885303621
133	22.6738789332865
134	13.168915361465729
135	12.67886777729506
136	8.350902438808298
137	10.429020788364316
138	3.3785646671837393
139	11.747819292867774
140	7.866044537198771
141	6.729704016598226
142	7.456242737525551
143	5.177624037302208
144	7.809394821531978
145	7.755458439508795
146	7.69638383125219
147	6.045916748020663
148	4.947091214886719
149	6.61374386573554
