0	9.90621123978995
1	11.463349894146727
2	8.356291647355594
3	10.984288638879733
4	11.071736830122697
5	11.327987807259106
6	11.119036402824301
7	9.273315989461949
8	12.002185603221205
9	8.135883053300407
10	11.679763157144048
11	12.378876496657739
12	10.976321979688414
13	14.347979308826165
14	11.428934221382685
15	12.987124692770195
16	13.098708167771886
17	10.070685275672025
18	11.721878820231268
19	9.532558739974816
20	8.356373363175956
21	9.499609697260949
22	9.328489122526843
23	8.411826810589385
24	7.547897763937625
25	8.80058798619916
26	11.20070014319185
27	9.294315203067988
28	11.306605673093745
29	9.300929061008818
30	9.074984660414549
31	11.42062126829317
32	10.046213499807234
33	13.664895166642811
34	6.669354503732929
35	10.087716795233582
36	11.936703599236333
37	9.466720028212487
38	12.116446016843886
39	8.484966359352626
40	12.955235913905634
41	11.200468450715219
42	8.446561209793598
43	13.29160362399595
44	10.063323923451586
45	13.982453897875352
46	10.946967044288241
47	10.021845468418986
48	11.901069211772024
49	9.074056161729267
50	11.971359643501998
51	11.930791156106654
52	10.122089602903323
53	12.276922805269452
54	12.925167311996843
55	11.045261007515066
56	11.208623239544844
57	11.339032536828421
58	12.41809214262826
59	11.262368727920919
60	12.409688298376231
61	13.840499086665718
62	11.047172027228898
63	13.989373060674142
64	15.058440998441629
65	10.320537682995168
66	12.95560462356684
67	13.222347999884953
68	9.925470404192273
69	13.798459662404197
70	10.294258293446207
71	13.291772669514879
72	12.366082525633576
73	3.5626240161424563
74	14.849741695820136
75	9.231501513978998
76	8.82675865013254
77	10.208166662486233
78	7.625751203514488
79	9.329098074035247
80	11.09739217796242
81	10.531611149821208
82	12.171817091905694
83	9.634570534401758
84	11.030028732796179
85	11.700462861113083
86	8.27814366237255
87	11.194745140688262
88	9.377291444866435
89	12.332742290932158
90	10.900304275743853
91	11.348850771871152
92	11.823302857733415
93	9.914059754992431
94	8.39250755442452
95	11.451670880086688
96	10.583814347043369
97	13.290630128223603
98	8.974386080623383
99	13.401562594537461
100	13.027367157844289
101	13.187238882816498
102	9.821013668592526
103	13.88498135869452
104	12.889603533691037
105	12.159389007990523
106	11.67022315795877
107	10.104027593488473
108	8.998489771686794
109	13.37022391309164
110	10.942429968018947
111	15.165575912892036
112	11.340177281813858
113	7.918791342857423
114	15.343823812297485
115	16.29396949058909
116	13.845694120481415
117	10.834722775520728
118	18.166454789151967
119	17.65550748496204
120	17.46148846540871
121	14.53710350654417
122	15.68028690444416
123	13.921585980773095
124	17.508873422602676
125	15.80625435181968
126	18.78395647735587
127	13.802892413247909
128	16.153014204195788
129	17.283173240326928
130	17.909248753550404
131	11.052691253096503
132	11.632664508919609
133	13.327043937194038
134	15.376356558773832
135	13.878907715136238
136	14.716840558368048
137	14.615764677153985
138	15.664061068632586
139	12.670809834429816
140	13.761223025749333
141	14.91106326650299
142	16.41377288404761
143	14.458604281120511
144	18.363851107562542
145	13.437226114522629
146	14.36604779671985
147	16.033675328028124
148	16.40935455864495
149	15.954170869002562
