0	7.2539420618223645
1	9.978649474349774
2	12.796491943504213
3	12.030142424239255
4	12.381456589570304
5	11.074660655819494
6	11.257410174535556
7	11.740455962162702
8	14.295646416393563
9	12.85477885423148
10	12.169363457414075
11	11.35858384071296
12	13.011952335008647
13	17.177608110915465
14	14.808574917216866
15	14.928821927683467
16	13.761649673115402
17	12.031761238481678
18	14.066612554167667
19	11.385140031616318
20	12.378606051691078
21	14.65054545863785
22	11.90169369362271
23	13.240421488392228
24	16.086536024344724
25	13.658568370699525
26	17.526554014224086
27	12.670044267700307
28	16.747098047173242
29	19.527553868261563
30	17.266490294602338
31	15.28571096247788
32	16.49346527796448
33	15.460485956534393
34	17.11371172690821
35	16.46899713463039
36	16.086380415221132
37	20.175227545585933
38	13.974836282979865
39	21.270826730000675
40	19.917965854267194
41	20.16464165870226
42	16.97734733015878
43	17.29136190040185
44	14.675493124212482
45	18.19180957483658
46	18.983087171110327
47	16.194986038600764
48	15.814184278841806
49	16.50358554648048
50	16.38190588003875
51	21.326852914328136
52	17.35040485460164
53	17.192080373823345
54	20.226122058714125
55	23.17563233848699
56	22.857742292579623
57	23.422636681809706
58	16.732281139643963
59	20.548751952814136
60	18.192693954000035
61	15.448068753270709
62	22.974193132726597
63	17.07028457796485
64	21.01364774449801
65	20.356734487240267
66	23.175770641061224
67	22.60172594833666
68	23.11250600012897
69	26.927055099418354
70	14.926659436842781
71	17.13051361212686
72	20.74790573287248
73	20.11134905318151
74	17.118366150209557
75	18.55443246466756
76	24.592962640011205
77	11.073922975713275
78	18.452841064533693
79	15.55908167710774
80	14.44485930306833
81	17.84207250246496
82	16.931390778999475
83	19.739239205943097
84	24.32683087525512
85	13.466558923235834
86	16.467080740775934
87	17.001451302518763
88	16.315331163352614
89	18.391639407053212
90	13.330477172926374
91	11.783561926774732
92	11.869317508954028
93	13.568193768625585
94	10.08108372526021
95	14.902480112381465
96	12.888742968964975
97	10.973477673008478
98	13.187671691311333
99	11.98981841513329
100	9.446861091588673
101	13.114784865108808
102	10.734925285608613
103	12.906105123193106
104	13.277116708168132
105	12.503206633270507
106	12.355257753550928
107	11.64593765519187
108	14.596512549592129
109	8.666400848780459
110	14.100242015607598
111	16.19970868767645
112	6.041291566276581
113	1.9061051158209086
114	11.00508770329066
115	10.82027701158203
116	9.444624454454818
117	14.029903314675746
118	6.649220130613935
119	15.294718773795887
120	13.096681192887008
121	11.217983668196492
122	13.70160263053152
123	13.332272297129595
124	10.310274479617355
125	15.553193011400422
126	14.705920343922259
127	16.418015806576154
128	16.328113925864
129	10.04479459920303
130	14.872162609669669
131	8.908816109053603
132	13.34022885831252
133	8.293359965057256
134	8.420555193879265
135	8.674156176045294
136	8.99878545227375
137	7.526793940891159
138	7.099802819037021
139	8.65199071104315
140	8.160784607134184
141	8.63730609158289
142	9.451517949951857
143	8.932359698098784
144	9.107120028694917
145	8.044122379757106
146	11.463194821056621
147	11.070093055547217
148	10.384914537771813
149	9.453309929565753
