0	11.46687631488592
1	8.590863337573456
2	11.403811602527627
3	12.340579736418169
4	11.269338213408385
5	10.647310089522282
6	9.050340357038817
7	9.398973407198161
8	10.825859228403788
9	9.074264495571883
10	12.646896769549738
11	10.488756444502052
12	9.89632075464688
13	10.569733068790876
14	12.971929651616216
15	11.10659852365553
16	8.468254851287682
17	10.379421116103996
18	7.429867187024222
19	9.5928059985629
20	9.411782517012329
21	8.218215783344846
22	10.897549678926227
23	10.934964012017664
24	10.29796685454694
25	10.510899176139748
26	10.057653981540579
27	11.102926563897187
28	9.486074115134478
29	9.861541837224797
30	12.762820851835441
31	10.849070038940777
32	14.20691824918504
33	11.162328726707502
34	9.840895993020418
35	11.772493200174653
36	14.443354455617447
37	11.951280672323488
38	10.977836254988228
39	13.174768323497767
40	10.540677066314787
41	12.27491824980894
42	11.074376144719338
43	11.522947767766858
44	11.294295591193787
45	11.247043344917605
46	11.909364841073678
47	9.620018369926747
48	11.742239543067
49	10.517511616032973
50	11.996720492046252
51	13.455982745492413
52	15.6544382429552
53	12.502116425854163
54	11.796168071058553
55	13.750887524277092
56	13.718608659632853
57	14.03253114986466
58	10.713380146449218
59	9.905580438497092
60	13.616010870437533
61	12.751676687114893
62	9.935480574471999
63	13.539843539795337
64	12.981668647644318
65	13.54113284522024
66	12.84369810548503
67	14.934875000895264
68	17.86246506764854
69	12.587468957141354
70	13.71640089942661
71	14.233351313836407
72	7.443396842415794
73	11.468499661227122
74	19.3800702968195
75	18.31612792191978
76	14.875423481691623
77	12.569079919966697
78	16.854744784424305
79	14.504019927985304
80	13.260027390251224
81	15.379864764155654
82	12.976612149168197
83	17.46786795970738
84	16.67238489425303
85	17.077801231453083
86	19.29636262871832
87	18.488119957107504
88	19.389446479901107
89	17.798147612195333
90	21.504917531869207
91	17.976972504596493
92	19.64016686165402
93	22.062453223929968
94	23.58208305520047
95	4.174693037180263
96	35.27129819396249
97	14.264455830157306
98	16.2323261515245
99	17.456515448695583
100	17.91699285464364
101	9.985200200144831
102	11.466227273931166
103	15.826127445035452
104	18.30653425081269
105	16.35857932825124
106	20.501254690684064
107	17.96250573272261
108	17.642385402239356
109	15.712335059286769
110	19.71204927490461
111	21.902969329390867
112	16.581464365680333
113	15.930455248594393
114	23.64496182395298
115	20.224399524809012
116	17.621154133781726
117	17.51842471070625
118	28.50381453272277
119	16.972654765900714
120	18.660279122883846
121	20.580406371459137
122	25.54130811963243
123	23.309650331316167
124	19.479632335272743
125	19.264743063351233
126	19.707664147404444
127	20.767766666490918
128	28.352973852103293
129	18.978586582581023
130	18.75278824761245
131	23.372888847280034
132	22.6670722894789
133	19.757112440799602
134	23.87041494707639
135	19.715100308726726
136	19.881826757994688
137	22.16137432492062
138	22.236481966096296
139	16.10865349146565
140	15.110507629312524
141	14.0080775305524
142	20.27048630023561
143	14.232176600223102
144	14.906202840199926
145	14.345462733596708
146	19.35992503205156
147	18.088964785215847
148	15.436994242357274
149	16.227339842154045
