0	15.862387004764457
1	14.17019509768286
2	12.88048462641903
3	13.607285993314953
4	20.50080422600072
5	17.376431766700048
6	16.001964266918044
7	21.8127808499139
8	6.921690833012611
9	16.640048377404394
10	12.351781996851276
11	10.635193702515894
12	5.673208259957625
13	10.11639079657333
14	15.717377079423025
15	23.455209605989005
16	13.607672160837533
17	15.801695465192761
18	18.305388778991066
19	17.207845031451246
20	21.019238515199454
21	18.74210668495057
22	15.475013994420234
23	23.07603974456612
24	20.91584924338405
25	21.388356747052118
26	13.809673613153311
27	4.623411510794054
28	16.295875510825123
29	17.205371963934734
30	21.077750724243618
31	20.272602732146606
32	17.270304996603947
33	19.821132265597004
34	13.141327345439969
35	13.563050472871549
36	17.410066677132217
37	18.885910786667527
38	16.123572920299413
39	15.264918452042119
40	12.984798826070932
41	12.340390589005974
42	15.164360873563183
43	15.146084840999986
44	18.522918413550098
45	15.590185712908477
46	16.219358899419905
47	16.632882670469584
48	19.209082856136483
49	14.642811866541873
50	13.086511613466081
51	12.250171470145498
52	10.27071273131368
53	15.534281840454023
54	12.142796443237094
55	15.678399841546362
56	12.881209365111658
57	15.606118462616957
58	15.434914918337144
59	8.174785796839272
60	5.411941558832122
61	9.691392367106086
62	12.679390786083944
63	7.493176706874874
64	14.186348567110288
65	15.019434600827058
66	23.36844554114265
67	17.171445344431476
68	16.19706063643114
69	15.183882933892
70	11.467898857776037
71	16.693973247007946
72	15.47225308822075
73	11.8566808483452
74	20.51890928068616
75	11.35774093644889
76	16.99873083050392
77	15.493028960933868
78	16.99547543984864
79	15.337381172505646
80	12.084924411908638
81	11.422869150627873
82	8.025419506442523
83	10.677147690854413
84	9.849442872041747
85	11.836006109937557
86	7.918946148735837
87	11.210441708751528
88	13.438212694864577
89	10.584060561726023
90	11.88464830523371
91	11.526159915126877
92	14.233428751866251
93	12.252478801883607
94	14.810449600403224
95	10.830812548419585
96	13.35968411548686
97	11.19900840694157
98	9.954684185312908
99	11.621024367786987
100	11.937746695573852
101	11.575568489134225
102	16.948808604235726
103	8.126388083932524
104	10.69100555113554
105	15.26855325582907
106	13.607672160837533
107	16.432749074430316
108	16.174210729194666
109	16.778871638885697
110	14.140709147775874
111	9.216183544127125
112	15.61463461538943
113	14.328163941416786
114	11.130811988847604
115	8.263862661993054
116	8.847871950455495
117	11.771510227725466
118	11.273121928693747
119	10.816481304337811
120	8.509346748279262
121	12.777737256625352
122	10.91625782062376
123	11.766949405558078
124	9.738265009723545
125	11.154771987189621
126	11.355613150508377
127	10.535176964687215
128	12.008611379385789
129	12.181660881618727
130	10.482543421632593
131	12.920370948828566
132	11.371375762191567
133	5.146135601347206
134	14.807489109636444
135	7.17562536922571
136	8.716783631688786
137	9.871244494766808
138	11.03800742860254
139	8.385637118814246
140	9.515617362357093
141	10.22200820882884
142	8.18711034545445
143	8.89143809036896
144	9.080427486758362
145	10.218678666618771
146	11.160726646889838
147	8.071022013867296
148	9.228519941495213
149	11.332904893742663
