0	11.377231803576171
1	6.293200364963859
2	12.707757255120606
3	12.217723517503464
4	8.704416781674983
5	7.909128072479339
6	12.186264550581038
7	9.777246556616305
8	6.038484233316646
9	10.844200612171482
10	16.73232992254602
11	10.28023765902675
12	7.123572498425613
13	8.711062017817566
14	14.582092755118719
15	4.958644304480857
16	7.127245203905272
17	8.71082144937039
18	9.23154018792753
19	16.689920799195786
20	16.769804238936576
21	9.77425233274085
22	12.980847620013607
23	11.91713070955714
24	13.513372092286101
25	14.579594537218382
26	19.39272216917377
27	17.733446586951576
28	22.66082621408239
29	11.877995127539021
30	11.379153701786093
31	13.020517978190853
32	12.976796611240932
33	10.044213311899414
34	24.999455137499027
35	23.58833649990868
36	22.931758689030605
37	15.3368590028444
38	22.127783905455615
39	19.380018085628087
40	18.326528289210362
41	19.38207161874371
42	11.384923550097984
43	17.776516435138735
44	11.90625719108455
45	19.934677238386307
46	26.334825307483595
47	8.175969576238439
48	15.11456374804835
49	20.442491977817657
50	18.864469109762926
51	17.252315704543342
52	15.656347395471009
53	20.392704866747266
54	18.635933410273893
55	17.521805315591056
56	19.92890569032125
57	15.077189223420694
58	26.13011509835937
59	18.849397079678965
60	22.323603047226534
61	17.520628390037785
62	16.982255589224565
63	13.504921505659363
64	14.82052753174732
65	2.570322257229564
66	23.123342342813217
67	15.151553493604997
68	15.35350939693015
69	14.039510753886656
70	14.314592008233344
71	16.231352044269425
72	14.587508992029242
73	19.337543536111607
74	19.387115542626596
75	17.252646209603547
76	25.861929888695624
77	15.078910329222172
78	18.854661328428513
79	19.921022361644766
80	25.861929888695624
81	19.340517198516483
82	24.19298225668089
83	22.64365651440732
84	15.349270293333253
85	21.255584202874264
86	23.65905940714248
87	23.12580820906111
88	23.12805068017457
89	20.78494379855856
90	22.25721207447682
91	29.52442823081896
92	16.21921078849399
93	21.514417250930727
94	19.12974438742479
95	23.34906569719647
96	26.86442691136605
97	25.260090551826476
98	24.251858438246575
99	25.20129234710579
100	31.752671356552675
101	18.32423616261396
102	21.4639847409957
103	16.18506821379864
104	13.543421260588582
105	26.58466116455386
106	15.15329137186331
107	18.86537774865249
108	20.40252448806138
109	14.082168354634057
110	12.446679566835753
111	3.6381863608170737
112	4.6931793507702935
113	1.2343691103997587
114	2.836046794613822
115	1.7683613438089005
116	4.7160819874339674
117	4.702837003033945
118	2.2984220598322085
119	2.8401122297711545
120	2.8372648658700306
121	3.3640246869476504
122	3.375957380111371
123	3.3642373642536847
124	2.840819862662776
125	2.831380192482575
126	2.3019051159784505
127	4.983623812647475
128	2.8306574140825997
129	2.8361535650697047
130	2.573470926772882
131	4.971503192674611
132	3.1019729541601513
133	2.29834236020136
134	2.837606926962846
135	4.971930253148793
136	4.444088534312189
137	3.8986369853307616
138	3.9101727793967065
139	5.242217952017371
140	4.170112025848887
141	4.973511310842158
142	3.8950329841188878
143	10.87023303890129
144	2.830976300980423
145	4.98388143102169
146	7.616683307217603
147	6.043879880175868
148	8.976760051129784
149	6.840796617918142
