0	10.012362793139063
1	9.177981719160723
2	10.595195394269892
3	8.838248178055505
4	9.838083502751003
5	9.273458620108533
6	10.68824680312538
7	7.047281446486779
8	10.927405449210298
9	10.850129706663294
10	7.9474358880035485
11	8.161975123428501
12	8.590675895812971
13	10.545372879912868
14	10.026801472883793
15	10.276220855731502
16	9.908633489128109
17	11.236428021990886
18	11.370907346477301
19	8.603500581543969
20	13.350807579996367
21	10.401023123116312
22	9.043411745244054
23	13.504353484976836
24	12.919232692382408
25	8.896308912803429
26	12.23199153311001
27	10.692899870489523
28	11.017903005818171
29	11.35294237434979
30	8.758663328523188
31	12.030060673840945
32	8.344700586826601
33	10.659238281532863
34	11.005464312677345
35	11.522820369753981
36	12.595606965290658
37	8.948261611259129
38	14.772683931239824
39	13.424479264381693
40	13.862468272212606
41	12.563824442334449
42	9.456949936270478
43	13.021386237808066
44	11.511885835462687
45	11.696616041044235
46	10.819437753919757
47	14.734773662250392
48	13.55372556535317
49	15.418228214044847
50	10.051825184718338
51	12.404131407558339
52	14.384894994490548
53	11.472922041311307
54	11.096449329358586
55	13.783295029814246
56	13.713204353654548
57	10.954030789320504
58	12.56934528424383
59	13.424353208379063
60	14.959014233441671
61	13.578770811549418
62	14.573638457643058
63	14.425388885380423
64	15.218067828840082
65	15.068763499753809
66	13.564350024211828
67	15.51538383627407
68	14.703772080435662
69	12.30115853225327
70	15.944288972243562
71	14.393736205015387
72	10.958914844797759
73	15.843672325994461
74	13.435853464868847
75	15.2285630748395
76	13.736957797833357
77	15.30202967941895
78	13.174513639434231
79	17.41405084931312
80	16.09876752276488
81	15.734532494521789
82	12.676158126141285
83	13.989062172189382
84	16.334709182816717
85	13.66037317220395
86	16.061039483155316
87	13.027640529359575
88	14.066335069811071
89	16.789187572413187
90	16.074307047239458
91	16.97184748435143
92	14.026143713081954
93	19.15265597716742
94	12.80138804192341
95	16.462434613656363
96	13.111203639858552
97	12.149950191371301
98	11.39670209309833
99	13.046029184042906
100	14.106556963907739
101	11.790525125866036
102	17.65331141829465
103	15.568183100405806
104	13.26401036635713
105	16.844502551970606
106	12.645338740967757
107	15.816788919789362
108	11.4817957323953
109	15.974789995529925
110	15.258056903768288
111	16.609270047698658
112	14.501123251584747
113	13.03906411230808
114	7.405432614853604
115	14.826729616032702
116	11.721528361808412
117	12.277565886572178
118	13.426302906513865
119	14.30568996430234
120	12.469573376293525
121	14.192207520239654
122	13.352064309939072
123	12.587468518821105
124	13.549386211066482
125	12.642383219036976
126	13.43028997734562
127	14.301600811541107
128	14.86153602844518
129	12.761039154504331
130	13.271575289758932
131	12.38475165713708
132	10.453564715016388
133	10.501705845291594
134	11.790855423832738
135	13.634065588975966
136	10.950669654045665
137	11.378083605035876
138	11.403807458867586
139	11.832142118836462
140	11.33212215366948
141	11.760721615032372
142	11.680697263318558
143	13.620684547543316
144	12.052066420413247
145	11.972611128007573
146	12.12166318790452
147	12.022952189317621
148	11.950922489823094
149	9.947355547783623
