0	14.599042243633644
1	13.558503611652458
2	14.50609482329722
3	11.305778099952706
4	14.707133093098003
5	7.7911536887525195
6	12.346470503327048
7	9.60850046518247
8	11.658999554188977
9	10.05772572297116
10	9.83691954280337
11	13.480998246118697
12	10.063907415279353
13	13.692922150455034
14	16.864677543285612
15	14.363812568049646
16	13.926282733369368
17	8.924710726668064
18	12.228091299781708
19	9.93183053272029
20	17.090995098941296
21	14.158924491208982
22	19.127255453962416
23	15.286397668932066
24	12.89451153797323
25	15.631238304225022
26	14.127247031483824
27	13.483200606322878
28	12.65135436432678
29	15.625202119260404
30	16.873822181650905
31	13.69778878290875
32	19.543797807635226
33	16.902462143633088
34	16.392525253534934
35	19.820545607061973
36	12.668175820677032
37	17.873677587050476
38	18.459991366117762
39	16.419318559394902
40	14.590333639760528
41	17.315961739718254
42	18.681851120240534
43	20.037164653208876
44	16.18442151509167
45	16.757189854680078
46	20.84400710549072
47	20.717692209163364
48	18.667532108929272
49	24.437314547545714
50	20.177576148086533
51	16.847072863485792
52	23.68911080536204
53	18.65721506331333
54	21.879946855064414
55	18.428144947870482
56	23.566445602356303
57	21.952910876690225
58	19.128555245368545
59	17.892399396822203
60	8.697771321922817
61	11.54230043245314
62	24.127787848004353
63	22.77152617566595
64	16.7513535825245
65	26.85323505551807
66	15.701430063218854
67	22.55244317049764
68	20.723947803406144
69	21.058484795217076
70	18.422253580688228
71	18.57553603002772
72	20.590137473244774
73	23.019456427524513
74	22.5058424856092
75	20.515407825346447
76	21.84965407270479
77	9.261513567084354
78	27.159859111382985
79	15.075468068603966
80	17.314116696972167
81	17.533240505395963
82	12.789790535164189
83	14.370721232198093
84	17.5561885794029
85	10.499226518888824
86	16.41773078894807
87	13.471551666406233
88	15.959473127610439
89	12.77743186426293
90	12.350252649843462
91	13.448444297480105
92	10.069716620364463
93	14.595248561212
94	15.40945170159949
95	9.369590530471607
96	9.393613298629946
97	6.551776941867229
98	12.092601209794102
99	8.483784701095491
100	6.896805160528903
101	8.247050897530023
102	7.799196251723352
103	9.606870062121075
104	8.48164062012945
105	8.025633187609225
106	7.114744516773474
107	13.258524231826833
108	8.470146616505193
109	10.743246275204974
110	10.510165995295564
111	13.473232277181637
112	13.241485221751477
113	11.201676603600392
114	5.530387493008926
115	8.71016935408393
116	11.652108821026689
117	13.449217212774094
118	16.904921359078376
119	14.684094416985587
120	15.636978733900111
121	11.870723079480667
122	15.48895044574287
123	15.758516713991343
124	16.6476906397457
125	14.809014354336512
126	15.175351703220421
127	18.316209939272348
128	14.36961513457172
129	16.18363974555458
130	15.965178719813755
131	17.20798265114618
132	20.954340807848812
133	16.512730905939385
134	17.08851407846491
135	16.409002544507565
136	18.89496773280134
137	18.69837380819595
138	10.977360603366083
139	17.17438628650223
140	16.299475611447015
141	9.058604024848062
142	13.112294772520448
143	8.024586174329327
144	15.946382098808336
145	13.349458823686051
146	16.210895115233924
147	16.861740587258193
148	14.026860808672623
149	10.047282452767641
