0	19.464669963947415
1	23.47663681662962
2	4.080259325051877
3	2.034077452297856
4	3.7779027039862676
5	14.79706903546835
6	14.072209139208837
7	15.902976394405965
8	4.427627608659904
9	3.977466278072953
10	3.4885157401160267
11	4.269349489114918
12	3.2807397485978327
13	2.981609402232203
14	3.0812627662330967
15	9.136340118227192
16	4.1294026579018865
17	4.765060569770659
18	3.9850383775678155
19	3.2746682888219554
20	4.379432376676534
21	3.0812876568032976
22	3.187355709808431
23	4.565881613146248
24	3.6810357695414173
25	11.457949140184276
26	4.488372862470255
27	3.9696245702507813
28	4.776672254049748
29	2.988161636329842
30	3.173851403904356
31	4.178417806019478
32	9.064595900372312
33	4.17827416167324
34	10.339313876471666
35	9.111389075344182
36	3.572516696658829
37	3.8793593824867316
38	6.671425309104924
39	13.335585269694725
40	5.810697814355504
41	2.9805089027211857
42	3.8886343863131594
43	3.8813354245747402
44	2.7754601525729035
45	3.4787753701555104
46	7.3696430391432814
47	6.8733283711084106
48	5.686707375785815
49	3.97070405313788
50	5.4749570646492245
51	8.163603868667341
52	6.075702854861464
53	4.477491129429881
54	9.988517953143484
55	7.5001577739340055
56	8.01713247208352
57	3.3805215510423006
58	3.0803156222290897
59	3.1885027395884706
60	3.0752937553198922
61	3.3823098534266403
62	3.1792517244237244
63	4.976301905947428
64	9.76320821839905
65	3.7791464964740022
66	3.580127429647748
67	3.6797056626498743
68	3.488428623347318
69	5.262173481283928
70	9.438761458992076
71	9.018528025915867
72	15.498287905295637
73	5.48877727856045
74	3.670643005968696
75	4.675719099722104
76	3.481378073341719
77	2.981681271140239
78	6.079218826697388
79	10.845559356685108
80	11.16258676240356
81	8.38900029836249
82	4.366956738271767
83	4.676863570624445
84	3.9787543682036617
85	8.765590631877277
86	3.2809012514019678
87	3.879128880190148
88	3.1891287306364378
89	6.7516133378915795
90	10.408009678330279
91	8.638866772660169
92	4.268835417685146
93	3.580127429647748
94	12.356280759495172
95	10.386863555477346
96	7.550995814962525
97	3.7793699780841696
98	4.286988353061452
99	12.619135938190402
100	13.011234892709812
101	13.103379492555
102	13.952362619938347
103	3.487992468081803
104	5.4741754432254615
105	10.462200213896057
106	5.2625930175591495
107	8.839132743071659
108	22.968353309157145
109	16.705819753785875
110	18.47354431238292
111	15.789667589520125
112	19.453715299363992
113	19.767755315984964
114	12.069260940859234
115	24.430120432644394
116	33.59809864722863
117	29.202570607488752
118	15.26133909686709
119	30.68845164330606
120	23.609107114381757
121	23.07725963142977
122	15.597173387726373
123	18.977689224980537
124	26.793140831022562
125	24.60113935451283
126	25.668484001567805
127	25.631143690133683
128	26.37909605678633
129	22.178609893792057
130	27.414978516850717
131	25.1202539585682
132	23.62600484139464
133	25.00300725722437
134	25.356774575350087
135	22.112819600853747
136	29.515847411288995
137	20.799292371930598
138	22.367811967166638
139	19.810582180696734
140	29.202282368805506
141	27.11526471804474
142	24.023289357181355
143	28.865842943467314
144	19.067882208139196
145	31.46539665255959
146	28.93183196903957
147	31.153559266195806
148	26.339697045856227
149	21.977021230017534
