0	11.556744925441969
1	23.415691318464273
2	12.174550398022125
3	10.960544285255121
4	11.25776904243905
5	11.536872649302792
6	8.839121734501115
7	13.094980220592026
8	8.541919357533224
9	16.018595333374503
10	6.773479156753899
11	9.13426065777572
12	15.482227724772661
13	20.885395568227768
14	11.233099928376456
15	19.679461696070764
16	16.711045078535232
17	10.350876084205064
18	9.145923736231628
19	7.054502736208083
20	28.622222609600087
21	8.570162958248346
22	26.84269557463772
23	7.043519262062664
24	7.499877691815882
25	14.561590480937078
26	7.047491437507346
27	38.39186280578036
28	46.960642758472304
29	35.63978733427934
30	6.145100421901025
31	19.73133726154714
32	19.810528415749825
33	7.3505132304178336
34	12.158765565807496
35	8.5546466204599
36	7.047365453800868
37	28.63112748776195
38	9.145587569792726
39	8.877566399313498
40	7.031317442290232
41	19.71496473970072
42	8.84349193730199
43	9.74261506914825
44	7.348925623328295
45	5.850006881921358
46	12.17993702460417
47	10.346649902395576
48	8.548628915302793
49	11.84330446337986
50	23.55197416393516
51	10.061528423621233
52	6.462503150802112
53	6.727039106873404
54	5.551928859100627
55	7.9678149186511495
56	5.243313083881014
57	7.05014249225578
58	10.324425175794552
59	17.422715008884968
60	14.459897910167134
61	10.052112616355172
62	5.544275131330703
63	8.233037367488487
64	23.93791307731524
65	8.220196752321518
66	9.788541644881482
67	10.04011417294576
68	6.154632420881378
69	13.328337727457846
70	7.97028004732693
71	7.9542853433219864
72	7.345753678961839
73	16.780658676169498
74	8.7014039907698
75	5.249537957378344
76	7.040621862293695
77	6.7578791980499044
78	7.656464949164282
79	7.628664189550218
80	11.593765839959588
81	8.231392914045536
82	10.367723202639729
83	9.43625281887621
84	11.592349695980507
85	5.539426036690588
86	10.943083874335919
87	13.363097559278009
88	24.926548780086602
89	14.142417714125411
90	11.232261958915952
91	9.453478334859026
92	6.765124930482499
93	11.103736948607622
94	8.68907890905259
95	4.339743350237036
96	5.556368480921442
97	4.041743858148613
98	8.233187253628287
99	6.450816134125158
100	5.860723278494997
101	18.719684844004355
102	16.55304900531696
103	19.7802692564717
104	8.571576642296902
105	24.401283368558378
106	2.8452818187231026
107	5.250486538330135
108	3.140494165445423
109	6.43144315364737
110	12.793924470334153
111	7.6343024424489725
112	4.949617135954131
113	1.9402155321404158
114	4.633331934673804
115	12.766056295437233
116	10.355298764934881
117	4.945066741509833
118	2.538366225844803
119	11.866980874505575
120	6.463938932556218
121	10.022128158475555
122	4.0528483849927035
123	6.7473436353644685
124	9.43052631464787
125	10.659846193344114
126	6.146885065618024
127	5.255553616633011
128	26.213310614097967
129	25.388626469693758
130	27.482884597358677
131	27.25794068125728
132	36.15151038105136
133	40.768503252495265
134	39.066230475847014
135	38.13892267116787
136	41.982524304589525
137	40.954842158294866
138	45.97784011480782
139	49.14484312753834
140	51.219083936762004
141	53.35897524470685
142	49.85379125521317
143	53.63903411806536
144	51.953784754047184
145	56.04423291724901
146	58.65917627925221
147	41.927501454686464
148	49.57080856942592
149	8.267898637378822
