0	1.2085957042819806
1	2.9189008463204758
2	3.29983642932694
3	4.019284856608935
4	3.8870170564650026
5	4.695533990241967
6	4.314846522985608
7	4.469237195308821
8	6.334260435247485
9	5.923224202178825
10	5.547570403606419
11	8.00212365859023
12	7.845814390029412
13	9.20997254927243
14	9.60147334178783
15	10.247412778503262
16	12.257427031473156
17	13.21358754954232
18	15.151739375420016
19	14.068318924930077
20	17.685602196989645
21	19.07731576304033
22	16.277917802860056
23	11.71183007793903
24	22.251481951437526
25	14.55012000592212
26	14.975204555350587
27	14.815761163039559
28	17.70742874743038
29	17.538991897730956
30	15.575424983974733
31	15.023882081232795
32	18.9210616450498
33	14.506333639392615
34	17.216334201785855
35	19.653047627823298
36	16.430160301045213
37	18.281403742425244
38	17.248920339133278
39	18.580677802121702
40	18.787351094165974
41	12.359469540305136
42	15.741175071238464
43	14.565383373689805
44	11.923633127837435
45	11.796884357905784
46	12.521059934428834
47	14.108498336733463
48	13.062326126668516
49	10.222534255398195
50	6.6680401855734726
51	13.235502075616326
52	9.094226306950441
53	11.644116519124488
54	11.580952657882435
55	11.427159776857966
56	9.859453397193464
57	10.900346485718462
58	11.033250626998761
59	12.687293707806448
60	10.213322001738415
61	11.462933915551943
62	12.319124302378258
63	11.56928466511774
64	12.585692656166104
65	10.815544435556184
66	9.359148831583958
67	12.9852516413995
68	11.671857976653998
69	12.150308215537853
70	12.192798305810589
71	11.711627469503904
72	12.483668640849322
73	12.839997861047303
74	13.30197720294654
75	13.296936337935797
76	11.213537419647603
77	13.539291234775858
78	13.116590839916261
79	13.16596185396875
80	13.00049988569575
81	12.434139762851562
82	14.164721131600565
83	11.016619488651257
84	10.336874012606332
85	12.640544810585332
86	13.26189618461788
87	12.108983498080232
88	12.00572001084692
89	14.651920235017228
90	12.034053878428056
91	12.58592276088581
92	12.501363024964121
93	11.961521939517157
94	12.40081807887997
95	14.625727775999806
96	12.121957385158062
97	12.83542624291642
98	11.41110825104295
99	13.225391443211011
100	10.95856953192029
101	13.491614787835154
102	8.504860930882948
103	12.630388182302124
104	12.025752275608204
105	10.797090090383168
106	13.294098023337128
107	14.052824630473292
108	10.21264269193842
109	11.672751779856481
110	12.703124385162377
111	13.76769043940733
112	4.093370834870096
113	8.050113569174014
114	9.467783257352563
115	6.924414020820851
116	8.788850025972216
117	10.110777775866714
118	9.368368773404583
119	8.143403946154836
120	10.894839449565366
121	8.839526460565258
122	7.541643649820608
123	11.066221609219367
124	10.019794939913506
125	8.20714912012022
126	11.355385397277585
127	8.754757517666736
128	9.6443931499842
129	11.841908750440076
130	9.122991914481483
131	9.93158754230845
132	12.329200923755124
133	7.6549654543825785
134	7.772291117093078
135	9.217979010047543
136	8.364809784934133
137	6.1488221141516135
138	9.218597713678038
139	8.292114437664749
140	7.943041094033893
141	8.734989170871126
142	9.521074655599424
143	6.633268764373525
144	9.624481794391523
145	9.476211228344404
146	7.907252830774923
147	7.600615359867076
148	9.829582319035968
149	8.973893796874197
