0	23.302014422630045
1	20.712769285731127
2	19.89168157923967
3	19.161684015587934
4	16.584072142322665
5	12.570392792683876
6	27.17939381908249
7	15.664060194431736
8	20.961140805510535
9	10.103711568469334
10	5.463448226722975
11	19.503285027038817
12	19.113314271885926
13	17.705951560754997
14	18.870412654432737
15	16.145020011052985
16	16.932570429707074
17	19.74305846157211
18	11.901714557305661
19	19.412121184391907
20	7.356413287078961
21	23.156355529789483
22	14.795700965735001
23	12.861163857387652
24	15.082757672952367
25	13.62519969181303
26	16.289573487376224
27	10.827327664339562
28	11.730228772890918
29	10.564233443836258
30	19.65381366963116
31	12.280096291094633
32	17.850652513484558
33	12.455567476766765
34	16.58197654024669
35	13.624151112002847
36	10.249676441458359
37	13.770145394059513
38	8.960891903034879
39	9.544447822871058
40	13.217717387713881
41	8.959455080888638
42	10.687371678947082
43	10.148138776087775
44	15.089027283688333
45	8.377731858612691
46	5.886023002110161
47	10.004653302849428
48	14.46572865763199
49	13.332948202692547
50	10.56393226714133
51	6.353047339346797
52	10.258528215229433
53	6.928940877552569
54	5.160490023930349
55	8.232546222149267
56	7.961419316782028
57	9.37423608390904
58	9.106622845226374
59	10.126546678877713
60	8.399985094662407
61	9.80923598306509
62	8.378518717459066
63	8.670327561844578
64	11.600020044579688
65	8.657206991386214
66	11.29355764663961
67	8.377968134268896
68	8.669592972531408
69	13.04185972941904
70	6.353867803453493
71	3.415064918932199
72	8.98156569760879
73	14.174544658951042
74	9.252266493311275
75	12.194433888991185
76	14.17577179746871
77	8.377810420159607
78	9.277607860274632
79	13.623757327105196
80	11.118315853347909
81	10.855808135205507
82	8.101235732865616
83	11.271061914533918
84	15.666182109772967
85	11.318638517447045
86	6.921363924862478
87	9.085267251598305
88	11.729218853906405
89	12.493429303074782
90	15.63985105466346
91	9.096746580630938
92	11.147281681100646
93	9.8349975257765
94	14.499367143431193
95	13.333461319472606
96	12.778976304333147
97	16.524007067249112
98	15.642721666443165
99	12.338017718040152
100	10.831857086071905
101	15.395681322088265
102	10.405137828792329
103	14.790843599420839
104	15.2763503956449
105	14.017032317592403
106	8.9611450660538
107	19.16299043926555
108	11.32850846720576
109	7.787619921687384
110	14.321994912055292
111	6.2059053460237426
112	11.70335994271143
113	17.30433690782011
114	15.92129900438533
115	16.004788796567965
116	2.5415538786246015
117	20.04601572900578
118	17.121160012752412
119	16.297963503323064
120	17.361548518847542
121	19.16205785643959
122	20.03683343494313
123	15.660726633617301
124	20.916543154856033
125	20.037419807234496
126	20.910625476488807
127	20.525077986185536
128	19.894977811191186
129	21.727287789532443
130	24.183908878635346
131	21.434741166302704
132	22.077754999162025
133	22.368356824276567
134	14.839570682030649
135	23.77542478523225
136	24.1452732310606
137	22.605904690318027
138	25.923625315714244
139	22.967906021876804
140	25.209396607215336
141	19.891488057954774
142	19.01651169046314
143	13.376311945731032
144	17.10589136447543
145	24.642636176928452
146	16.002147418240096
147	19.10645122472673
148	21.834049577765423
149	18.153233752793042
