0	2.1420110565101944
1	2.275521671124627
2	2.715573020493853
3	3.350626895253404
4	2.6537486984363268
5	4.490032994376842
6	3.47689492100118
7	4.595853471643925
8	4.458113847668162
9	4.426834203333907
10	4.290096246932924
11	4.869813297004682
12	6.484145313107379
13	6.073015183991742
14	6.341240718605079
15	7.099674370912487
16	7.465498937634216
17	10.060716173964353
18	9.617751380828693
19	10.849950720228483
20	9.940508292084397
21	10.56354862417343
22	11.608007941773767
23	11.204959538507502
24	14.176161330813315
25	12.844424617298632
26	17.19822200247463
27	18.810097784970655
28	14.049944880939846
29	19.83642187249905
30	14.546380787486152
31	18.91629991710055
32	18.674672637531373
33	16.59986764419816
34	26.214781442101305
35	25.921200183398813
36	23.89359482374242
37	2.4582430191567983
38	26.257541701516324
39	23.829592590946955
40	24.52633849297056
41	24.827892740084557
42	21.86183548171733
43	14.840478621855029
44	26.757059063732388
45	19.548166911953963
46	17.06325957524973
47	16.19060854521249
48	19.32114101993903
49	12.62282954377764
50	21.699678939031095
51	17.112958553377442
52	17.9869753698985
53	13.580839492318443
54	15.878274285886274
55	16.207625999346714
56	12.839630836563204
57	16.902005157306473
58	16.158425954609477
59	12.852392482371284
60	14.919937891403288
61	14.928178571484779
62	11.611391212118551
63	12.938578879982874
64	13.732833624974813
65	16.083173022326978
66	16.637071418111884
67	16.59079808527595
68	13.390643240483653
69	17.109839364942342
70	15.185825374911502
71	18.019393330016804
72	15.234425907966378
73	12.201158503543757
74	18.31277761389382
75	13.192222106869808
76	11.390560805359813
77	18.82862008443234
78	10.63096923108487
79	12.244895500677313
80	13.739576524124706
81	14.799989083168175
82	12.0869717951401
83	13.73761411910733
84	13.128150014372483
85	14.082485981668189
86	14.498641885017651
87	13.348854669261083
88	11.358707898257197
89	13.010621545295892
90	15.11627300969859
91	16.09190258541752
92	15.625542603029512
93	13.159217963516634
94	15.794977842414346
95	14.175992764907152
96	17.358278946480706
97	12.464220552587824
98	15.158026123536247
99	12.244899028676592
100	10.887516733971898
101	10.115929858440001
102	10.312498234782067
103	11.619986659822795
104	10.437259292923725
105	11.107654179805095
106	11.00371442802896
107	8.207248932194751
108	10.976108130816403
109	9.582185516081335
110	11.047762037267667
111	8.349380045165807
112	9.996851845746308
113	11.295717992709507
114	13.53811523617466
115	10.568203540975786
116	7.967099779411261
117	6.855985041702723
118	6.466228710250099
119	6.251992903786346
120	6.527319333815096
121	7.447588280517459
122	7.947141814851291
123	7.450337059218297
124	8.03247105618539
125	7.0268704288201524
126	3.28837666431785
127	1.6410526308315752
128	1.324480247732613
129	2.3414136780559778
130	3.186151574276079
131	1.2310064027378156
132	0.8807167892353729
133	6.498999049266365
134	8.01182544116425
135	7.393850186726964
136	7.915024748641234
137	2.9719907148778697
138	1.3244359126914853
139	2.084185533431965
140	1.1661798370945797
141	7.408463919547136
142	7.361929936463931
143	7.3043030792819446
144	8.179535202727767
145	1.2918051701267643
146	3.6669942226859877
147	1.356141271274457
148	1.2942062968995107
149	7.08001505259764
