0	19.85501756317391
1	17.538959609410448
2	17.60994396466995
3	25.04664707770003
4	20.314816630549558
5	21.276625512521818
6	19.547831335158865
7	24.48326237694881
8	17.48989106148316
9	20.67354503245645
10	15.43602805033992
11	19.218317166320087
12	20.574940741831643
13	19.91253212458033
14	22.684523166184114
15	10.005214279751133
16	20.560848426949473
17	20.194615588625865
18	18.95918595100898
19	24.712103357481734
20	24.267375975804974
21	20.32029071009604
22	17.2417181484281
23	23.696635001746056
24	23.70846460693486
25	13.511759724217626
26	17.690795181215144
27	17.357287818584613
28	16.226462769212514
29	21.78126906787488
30	16.856750970373163
31	15.325944307340519
32	17.0007991212041
33	18.30175906192452
34	16.26426716141212
35	15.339050555625095
36	16.148142013691487
37	15.031538650574506
38	16.271881750188534
39	15.843271196676255
40	11.25377783980544
41	17.622230087277426
42	18.710031801573166
43	21.399343044165974
44	9.463350965559362
45	9.645589424624578
46	11.819317635587632
47	8.69036184266609
48	10.669986566771772
49	11.498824375600828
50	9.648961898460428
51	20.1843617114983
52	10.989715325393181
53	13.039701741822906
54	18.130788737645243
55	7.964966806485165
56	14.72481368753535
57	13.295173142190809
58	17.251273587767535
59	11.052862502791283
60	11.30788921432669
61	16.685774573230123
62	11.298835662421952
63	12.588388067582352
64	10.605434556277137
65	6.949256378876322
66	7.536727640350172
67	8.652189816535037
68	11.627621126597933
69	10.353541760975876
70	9.198924129742712
71	9.96573585352179
72	10.92747428476665
73	13.281779592689576
74	10.482862078503231
75	10.414048548349404
76	9.19934538257711
77	10.946468124287867
78	11.290628194686528
79	9.201368108138421
80	10.994111939163178
81	13.66115326349085
82	12.014053679659497
83	11.113621507705927
84	7.287280740574232
85	8.946068359601204
86	11.755564594362948
87	9.200778334086161
88	11.428893991506909
89	11.571751312213067
90	12.328948276887889
91	6.838512005421684
92	12.018328563029714
93	7.4083437269414425
94	13.4177820452189
95	9.709256469041582
96	8.562865280725369
97	6.24688963823497
98	13.585641702687353
99	10.987978897885712
100	10.860670409472196
101	8.177884032144883
102	9.96775890491615
103	12.458996642651401
104	12.083705187106421
105	9.068408600828048
106	12.144773114318992
107	13.913644296946282
108	5.94456956478032
109	17.05312876105765
110	12.404784882030722
111	12.518635494026398
112	10.149790071879844
113	10.014523922345084
114	9.58377030515883
115	2.431499722728551
116	3.1978764338719103
117	11.786187008064534
118	10.706230915474498
119	10.734349394355094
120	15.906076439805535
121	13.643773708907245
122	11.499789876950548
123	12.361975776080566
124	15.715091952202085
125	14.559209223199767
126	10.378143685251203
127	15.784510207150738
128	14.245965968383793
129	15.714494071498923
130	11.08907237769098
131	7.047943104965345
132	6.502321860773375
133	9.707380121862247
134	7.4157810506570865
135	2.3069381840644456
136	15.556021339891776
137	9.479386897570759
138	5.357397479218754
139	6.9002342916406185
140	6.903790444001874
141	5.507756608348274
142	6.760567954680489
143	7.428835682258995
144	7.159959486191626
145	10.323728174088268
146	8.820024038728791
147	8.682292275852658
148	5.511177399872478
149	10.355651172854966
