0	3.7788941713853137
1	7.720041070490352
2	8.468217073547542
3	9.215981040349066
4	10.710701668597938
5	10.25392253597255
6	12.962376585096253
7	12.67405705334984
8	15.577422444363295
9	15.963210902778343
10	16.813914912344643
11	8.556152213442255
12	16.708427417188876
13	14.448056858567133
14	16.730363861048968
15	15.011607445313533
16	15.78360513898358
17	15.018811365741385
18	14.741326128919443
19	12.868601914854857
20	19.135204404702908
21	14.646413499938436
22	15.01924312113182
23	18.78221002562886
24	15.022559477757746
25	20.083574843120505
26	15.015640581869816
27	15.400861557111448
28	17.443657496871474
29	12.212004524078969
30	16.335080263227933
31	16.908286346375647
32	18.203854712622427
33	16.901924326353548
34	17.92398752491599
35	15.576674074268238
36	15.111421324763144
37	9.969283049159557
38	15.310277054083098
39	13.234738698046732
40	15.031651555738017
41	12.397873281549312
42	15.382970385825425
43	10.627913052655552
44	13.145413181556542
45	15.314251792704791
46	9.02860184897124
47	9.402131775906508
48	13.523896163578549
49	13.336599245833794
50	13.339529206872493
51	7.903381878977391
52	12.673333380442395
53	12.68045611718061
54	9.592639302542858
55	10.905449216815358
56	13.241307326917992
57	13.337618457420492
58	8.184872220828776
59	13.669893729253417
60	13.476601167064254
61	15.113452448763294
62	16.32155957065535
63	12.600370944243405
64	15.677961247074133
65	11.835751977324135
66	16.585202827366547
67	9.983175921749329
68	16.146053012005087
69	14.550959902373073
70	10.99341322888756
71	15.769031637584568
72	14.699733777578418
73	14.595033265231875
74	12.323346751875706
75	13.982102616568332
76	18.393081790336023
77	17.0640989251091
78	13.541754997911989
79	10.896693931731182
80	19.338532967558326
81	16.13316103923933
82	13.1560825511277
83	14.080125637562965
84	15.687013137939656
85	18.856380945658614
86	15.023136531332996
87	15.77297621767985
88	18.95715892448488
89	17.277505887167653
90	14.460657504826555
91	14.707469788884335
92	21.33424548763546
93	20.069943655503405
94	15.594807663063431
95	17.632676236446134
96	18.779298491099404
97	21.102860563331298
98	17.127101859875847
99	18.244960706904447
100	24.221551654621532
101	17.253347721785783
102	24.143368817572988
103	23.230974728452907
104	14.89574418659057
105	9.710637699968858
106	27.123080623598675
107	15.769638449483116
108	17.082866711838765
109	13.145789746646612
110	15.209714277885205
111	1.3494916423153456
112	11.656344613416552
113	15.39242726391853
114	10.901739315152005
115	10.337025199270887
116	10.525755980593647
117	10.161730491074895
118	9.771996440434307
119	11.642094070336949
120	11.852514227034856
121	12.952988020280692
122	9.875316394489717
123	9.497635547179993
124	9.386758037828622
125	9.788615846688051
126	7.910617563634841
127	9.001885476562423
128	8.30585764363451
129	14.271033532204322
130	8.273214142829124
131	11.016636342431147
132	11.549176611374905
133	12.763761218360461
134	9.024810854726727
135	9.22624563910631
136	13.990933282436872
137	11.457766957306735
138	9.21486107512532
139	8.939958800445917
140	12.174507913089693
141	13.929145710452127
142	12.417840928067305
143	9.94693549082152
144	11.666640946728238
145	11.657450702508699
146	12.01638848495208
147	11.667971249290998
148	10.140054493839163
149	13.147420543737441
