0	9.717916628335185
1	7.807080998527644
2	9.285732486442317
3	9.459294655271826
4	9.895538849668693
5	8.501149977997764
6	9.459734373473443
7	7.543544606278568
8	11.667500017085745
9	6.757659825387838
10	10.56789740235337
11	7.368907952509799
12	11.376505314895578
13	6.497783680688583
14	10.35599826172651
15	11.087806064953467
16	12.190438494163455
17	12.329989376916942
18	11.81097187905801
19	8.135123904331433
20	12.180738348636998
21	12.659162299957076
22	10.439687498477113
23	10.047666213376095
24	13.040575069592348
25	9.191224657566769
26	10.417301393363703
27	12.333606140772023
28	9.02982061502932
29	6.407495638453113
30	10.941446624438484
31	8.762066159800083
32	9.295573051083753
33	9.362296046633613
34	9.372472809874324
35	9.024299257216082
36	9.973319266671952
37	10.861590906825167
38	10.41749614405027
39	11.985824078282885
40	11.462303861394663
41	9.894338709844197
42	11.11511900397409
43	11.810860589618201
44	10.969171896799326
45	9.370122063397917
46	12.651385220935271
47	12.713645344668413
48	7.635577667298534
49	12.032893649386416
50	9.63408753538646
51	11.462519478226218
52	10.08979787310978
53	13.524273329067322
54	12.628488088009213
55	12.214407782095495
56	14.027816990231857
57	14.158519434475652
58	9.72099544322786
59	13.865000605690879
60	14.597032023276718
61	10.961839225033087
62	12.569151475523494
63	15.207768318492759
64	11.98412531315406
65	13.553726265717268
66	15.468146655513332
67	16.165435163836797
68	11.82469992692718
69	14.266932958160027
70	15.083475865483262
71	11.984918119233763
72	16.11001248312404
73	12.918093462176333
74	13.726083681615917
75	15.15255588280422
76	13.378014787537845
77	13.177071780786726
78	16.557013004621272
79	15.601088145714002
80	15.156914041317565
81	13.693771324923144
82	16.567537775346427
83	14.550237477931308
84	13.72308023824874
85	16.51758794101461
86	18.776958122737305
87	17.867915925282407
88	18.293070834467752
89	11.201685255635107
90	18.690958838129486
91	18.60315405960621
92	17.9073477866192
93	14.771619188565209
94	18.389406265815104
95	15.824060846279627
96	17.773207849952232
97	18.296254785380995
98	19.30019448454582
99	15.427547422914934
100	19.475117668058516
101	18.30155772617743
102	16.946287394637057
103	20.730878209239517
104	16.164660214927014
105	14.162163091514083
106	17.4260557593976
107	11.86937246259271
108	15.598089790636168
109	14.471979526027894
110	12.769041257029384
111	13.464968704672811
112	13.355297921356831
113	22.17425620324717
114	14.91429517162696
115	13.901039414179872
116	14.25019988892451
117	14.618241606765933
118	21.704706723439774
119	15.859788039312681
120	19.2129240178122
121	23.157175395958078
122	15.72743886718209
123	23.45748133498378
124	16.644966979930306
125	17.26659679733639
126	26.178482317910227
127	18.343318104249928
128	26.172177302561707
129	20.804689180926975
130	19.17396572085058
131	26.983932041001122
132	21.627302845703948
133	32.09327090011848
134	19.38746669387475
135	24.43123748204263
136	25.382321998020547
137	21.991093850707216
138	34.546562301617236
139	22.347746236717143
140	34.12568955406167
141	30.002831212043617
142	26.96580358975557
143	41.677010126748165
144	12.943706621940272
145	46.416502162841724
146	19.129347812597132
147	28.09964844710505
148	25.390476845938007
149	22.637192204686777
