0	32.21178095086099
1	44.03949973481975
2	35.5826644709657
3	39.22934876937637
4	33.36702251678901
5	32.42742941002829
6	44.67071106141072
7	32.8631558456394
8	36.83264585657847
9	1.6719124885158454
10	2.59928432219589
11	5.388977332325673
12	3.52829884187865
13	36.2323210480477
14	4.4525067049603315
15	2.603029848633779
16	4.4585961947966695
17	6.3023869642771935
18	8.180009620198799
19	4.4584473992061735
20	5.38498139453667
21	33.58948180690397
22	7.2678210320409775
23	9.084898152471132
24	5.400071580755302
25	10.02685366694135
26	6.305217638523098
27	31.609654583153187
28	4.451728285530519
29	5.3966630800247035
30	39.12306775231433
31	31.270264370935326
32	3.5383442574652677
33	4.447546045333393
34	8.177256521003619
35	8.196197897454475
36	2.592391941768062
37	9.116397634856344
38	33.519044281145824
39	2.6049362953006696
40	11.870906888592456
41	9.095816396505919
42	7.251033577340571
43	6.3167923035542906
44	39.43149088164
45	36.66876446942219
46	3.521207090137348
47	39.001489156092454
48	8.176066877101384
49	5.37890806755453
50	7.245045050267127
51	40.26593028512376
52	42.42176000622455
53	2.595127910968861
54	5.399043774229858
55	4.44898832984885
56	5.399744359824435
57	6.301111311397628
58	2.600493881734777
59	4.454732205029808
60	44.68474585043156
61	45.05289150248188
62	7.231222640348415
63	3.537109082394189
64	2.59322300734366
65	45.02225503732216
66	39.061130486436035
67	4.4604192835664485
68	2.5963692216644167
69	39.441960252831485
70	1.6693775014164296
71	5.39353900583596
72	39.46757078969589
73	42.11675530745197
74	3.5305310454017502
75	2.5985036030594255
76	36.79504199751838
77	1.6696656687556277
78	40.02840344856952
79	5.406716085280527
80	8.176364390909276
81	5.373866538342975
82	7.257033140381983
83	5.383635616073139
84	4.457034573182122
85	8.175917852131741
86	11.888261109203562
87	11.930537504654673
88	17.47400085610396
89	4.45517773588926
90	2.5968142228764144
91	8.182764758377111
92	10.019436650143437
93	4.4584473992061735
94	8.188505166464344
95	6.318354085362456
96	10.021104411293914
97	12.84997266014006
98	14.651169600503021
99	37.385682204187376
100	9.11053110025511
101	13.74905852007724
102	44.83286458716788
103	30.48803993415501
104	39.88877783274758
105	1.6689965774428368
106	5.386049374371131
107	8.20210856581415
108	9.106177885500164
109	7.229021364093228
110	41.552534457720185
111	33.14077039308148
112	1.66705962793568
113	5.399697717178606
114	11.889709875578514
115	10.965462256874892
116	9.087812768519562
117	15.6326748222125
118	12.84148383011305
119	7.229733576891567
120	3.52785270502544
121	5.3879544130972885
122	11.927395050966792
123	8.175248698391426
124	8.176884681764257
125	11.856929792393009
126	7.244849789141464
127	9.129669606238753
128	4.462058150044622
129	3.52062479723088
130	41.03288110475243
131	37.13308823249597
132	3.522567067210013
133	4.466497489460007
134	2.59322300734366
135	7.253640873049324
136	6.315844357127535
137	8.194852401938544
138	9.08689622560053
139	6.319023866432634
140	8.167006061845099
141	9.12454071540484
142	8.168490245127906
143	10.05925384065325
144	3.529693628372877
145	10.00713268179006
146	6.3170154210568725
147	5.386792787151041
148	8.176810429201655
149	5.397176227747666
