0	15.84235597170175
1	14.397193284200592
2	14.766742298712773
3	10.12856263104529
4	13.992442000424237
5	7.8769066279553215
6	39.22811565147774
7	1.3614807992806528
8	3.2319876510399403
9	7.872301472935247
10	5.5987365291404725
11	9.33616490991422
12	7.094652076746585
13	8.135709936689535
14	10.54085635965063
15	10.922946782737021
16	12.758100979151562
17	13.104937739069609
18	10.495136906111963
19	9.063013258950537
20	10.668796074926213
21	12.130559887628436
22	6.95565068497478
23	29.65172877014006
24	2.42069741592627
25	8.545513492421414
26	7.227152472965117
27	9.862196160995136
28	7.852922420298411
29	10.826157220186722
30	8.510999953887628
31	10.009249610785806
32	8.156041121239273
33	7.740107717408907
34	10.363823865091108
35	13.110478704375229
36	7.2049190001455745
37	13.9505263806157
38	10.293071847963422
39	13.586605823234096
40	9.598400572907089
41	11.720404213225647
42	12.50306026038977
43	8.001646831972593
44	9.363087318719476
45	9.575342828737705
46	10.920359402116757
47	10.974017881060334
48	6.540443998559624
49	11.0506964763166
50	11.968546137319926
51	9.60111000195083
52	11.2167119448019
53	9.215742545337058
54	14.48254435734046
55	15.748682624768445
56	12.519646707363693
57	11.559597852606665
58	12.390848631125175
59	13.63273103201808
60	9.591903493614634
61	14.001448934747899
62	8.930333037231879
63	8.506567816467799
64	10.436909520201342
65	9.06556149656615
66	11.865728598192723
67	9.174787435012139
68	9.895861251470214
69	12.258454525974528
70	10.88879999610375
71	10.042356381859426
72	13.410331109618339
73	10.66384617695488
74	14.694712886348633
75	14.917234027375594
76	13.575417576570073
77	10.140813653086221
78	12.515346310624047
79	16.472030399194015
80	13.303686686363543
81	14.816421150808033
82	15.539406511089533
83	8.016314350376955
84	11.357413980999288
85	2.8153892285779225
86	0.8329644328859167
87	5.481586893789008
88	6.677358944265018
89	8.385286993272663
90	6.686967890234855
91	8.151783860406772
92	8.902343917397381
93	7.742260632013483
94	8.557672239467793
95	8.937694532538705
96	9.465038936227957
97	9.052413396020793
98	9.628843240637872
99	9.7103842492609
100	6.95558629575511
101	10.663442179607687
102	10.642785192311218
103	7.07546094001326
104	10.29775618836703
105	10.007075918287255
106	8.929497421836501
107	9.324602065421068
108	8.917314684841083
109	9.898669486913878
110	9.703457173707548
111	5.48252087222066
112	9.608796901154943
113	10.289463867134444
114	11.321392869756508
115	9.067685668023437
116	13.024386106159602
117	11.451671646391722
118	8.276832775559244
119	13.361058654900717
120	13.041062079703961
121	13.035207520440785
122	11.985411391040914
123	10.400575364403146
124	13.356952670313927
125	11.726427658107045
126	13.58270137025077
127	10.10063701620418
128	38.641310329088505
129	0.6990603472837212
130	1.232313462767844
131	3.488078101701543
132	3.8809243162755864
133	6.412822813366232
134	6.803662553752946
135	11.499739275448045
136	9.338270347868193
137	13.324582603455578
138	6.809212497915152
139	8.932088871583533
140	9.605358448120326
141	12.531008861235925
142	10.92025611876477
143	13.852861240388744
144	12.525384792858038
145	13.550897615792005
146	12.652221316197128
147	13.715917174426764
148	12.262899234280935
149	14.924270851637074
