0	6.708992026423023
1	5.452346103780031
2	7.913725381284971
3	5.979116434382189
4	8.418630940528521
5	5.14571094812781
6	6.543428337093705
7	7.1236966857916215
8	8.135874494914328
9	8.710695446008183
10	6.5989772843382815
11	7.247331040270704
12	7.29999216832799
13	6.884122424353575
14	7.536174741489135
15	8.039471318798437
16	9.069075220197208
17	8.946017925708555
18	11.535572588875471
19	8.076895872658845
20	14.24949409394452
21	9.222409594555769
22	10.13839133615725
23	9.943838783176414
24	10.711825113708901
25	8.896614553537688
26	12.368972150287851
27	12.60359755098075
28	13.522075997248276
29	13.01559141905725
30	13.557378724501604
31	13.91860177352939
32	11.134397174852298
33	13.283777716300087
34	13.758929928204582
35	12.772334723376233
36	11.136271765170804
37	13.483466550491912
38	15.22616620607487
39	13.71865690432762
40	15.073794029750037
41	21.058746687856672
42	17.96912927054795
43	20.672564001610272
44	16.107436089299856
45	16.623214916110555
46	18.503408844070314
47	16.26539119470337
48	20.066120488754155
49	16.46717393533721
50	9.785168710879796
51	13.879768335148627
52	6.882335008812705
53	10.309046211618583
54	5.367928577298026
55	12.609302049674179
56	15.349636091837311
57	8.513089689006593
58	2.5487602960639264
59	12.170297494154463
60	12.009571524723873
61	7.040669054044419
62	3.623099227703085
63	6.127431133940645
64	21.35361413971329
65	8.117551332684389
66	13.273484504362404
67	17.59158318296738
68	13.03955673869463
69	6.206623581333703
70	10.576618901366473
71	7.561426048870946
72	6.564976946248607
73	9.625684340935388
74	22.30388750835609
75	7.63890138665193
76	21.40950782404417
77	21.428157964680768
78	26.280621836344206
79	14.516168516056338
80	31.73070839465225
81	8.032959419497574
82	13.63778752775415
83	27.016405505586658
84	30.489297496260008
85	19.681371810384096
86	17.62443810367552
87	20.995804733980535
88	9.461757967999631
89	15.519012595331466
90	25.052194390226187
91	10.381565441258434
92	11.374920916972492
93	17.256039226120247
94	17.740698857129274
95	7.396643741930775
96	20.366771866969597
97	7.439610430968586
98	20.8785504262171
99	11.096722731457724
100	18.569759766564857
101	17.578254302561945
102	24.887601488927093
103	26.457129616998053
104	18.327358566410854
105	20.797021730795674
106	18.89161292180433
107	20.204374380322438
108	23.89965990170204
109	22.666898211532487
110	18.418705228841727
111	26.595276087948175
112	20.00169722288313
113	23.414829853392014
114	38.80089450299421
115	23.444352665549026
116	17.05262173759666
117	33.618009175990494
118	34.44172717807845
119	28.797645651264933
120	37.43406671341771
121	11.622295429467593
122	10.208956942584516
123	17.57707491407804
124	18.017000424535066
125	14.391126795777405
126	28.62601840274831
127	28.592660819258853
128	27.012197124661366
129	28.417825209976343
130	28.599050847012897
131	36.72649065223368
132	36.303874852075495
133	4.2097254072459975
134	3.346500526398118
135	2.750591192600392
136	8.539790355530952
137	12.554388111226196
138	17.863620215420276
139	25.321156546512114
140	29.38272844120788
141	28.03108508324556
142	18.03778416945676
143	15.056731954206585
144	4.257568468631678
145	6.917877843894128
146	18.439443682738094
147	43.41980952861064
148	3.7395680930397357
149	3.7015046399237415
