0	13.216067963043319
1	15.969056746691274
2	16.97643555401552
3	19.636541330331145
4	16.792613312369966
5	20.712501677256057
6	16.9176897067651
7	18.21645727474109
8	16.346453083561514
9	19.577970154101727
10	15.163537817193982
11	18.405748416018277
12	18.707698702162844
13	18.253682182536295
14	21.593188522591323
15	13.62138127966008
16	21.671369193989758
17	18.921223647466228
18	22.34821735548057
19	14.04960909294313
20	14.355439451371492
21	18.648356518655508
22	17.43687815481129
23	20.011533732655014
24	20.438323744848322
25	18.352792136070327
26	19.051300390672374
27	17.08818727469633
28	17.877141756098393
29	20.66226288468019
30	19.253920393208467
31	18.052023024462216
32	20.59520744521004
33	20.71992863083586
34	13.40462418725459
35	19.311436904696528
36	12.81474376033528
37	11.9370612820782
38	14.91826461569538
39	15.432848879629802
40	14.146424657214563
41	18.750208949710746
42	10.284086606775942
43	15.212910263449714
44	15.709732004264827
45	15.57035663603494
46	12.712921384549071
47	22.928728230525817
48	15.8383068647472
49	18.822314493614712
50	21.935432509542004
51	14.26698613725339
52	18.129928801694227
53	14.87866670123761
54	20.77736770100928
55	21.634570322198332
56	16.271958258841686
57	16.657335956298617
58	16.04967302219895
59	19.71040069486746
60	16.394776137366755
61	14.12866550062532
62	17.050883767501023
63	19.080728417124476
64	14.790805141769013
65	12.421333481675681
66	20.06044412891881
67	11.749168916067601
68	12.697433179787156
69	12.740290898483236
70	15.706887923459389
71	17.48752341521407
72	10.934307904131575
73	10.769842053517156
74	15.880952985677297
75	12.483552506453693
76	18.874470960615472
77	17.918231658739984
78	13.95815596462427
79	15.901117379783225
80	16.367434866470564
81	13.490433936096201
82	17.789348519428028
83	15.65042635156712
84	15.090406921515616
85	16.96750414433229
86	17.048922687538283
87	14.092281389931943
88	17.78260605112092
89	14.74119028172038
90	15.178522255848737
91	17.990312400382255
92	16.248098462457016
93	14.690689338233598
94	18.311432461600077
95	11.539324817543173
96	12.42850178363551
97	14.230189637487795
98	16.78534357835948
99	20.321922527958638
100	15.100218167096964
101	17.899659372106935
102	19.057909559913107
103	16.005556943491445
104	17.786534857723158
105	16.96782903699482
106	13.401458801263072
107	18.195601815412356
108	14.304612780661126
109	21.220590217063062
110	14.919117270184183
111	19.64855161472291
112	11.681848960309527
113	19.563723426375663
114	1.572149387059758
115	12.990619463903188
116	15.060456452813677
117	11.194434582059674
118	6.713204903602165
119	1.2244835040695432
120	7.487265016958505
121	17.115353662445116
122	6.780463496235791
123	7.484483291379851
124	8.198795717254448
125	7.663039902091125
126	6.262451165138412
127	8.944441311194545
128	8.875708421414291
129	8.023292427060243
130	8.615103985139816
131	9.029784849237512
132	9.136128815856614
133	7.919143597384113
134	9.418660278324186
135	8.421751118495683
136	11.092865561335495
137	8.310627242952368
138	9.831581615976795
139	9.593069290330595
140	8.682263720405523
141	9.645614897194125
142	9.497909329914838
143	11.914072111315388
144	10.302851274680275
145	8.809777994979344
146	9.985106794407118
147	9.593334372065986
148	10.266579387499004
149	9.859049197030219
