0	9.437234776982168
1	9.022404586972954
2	10.629599949423488
3	9.082590805242681
4	9.04243268641614
5	7.356023929127488
6	8.189422047012835
7	10.99681999140458
8	10.543869110797324
9	12.351536044590741
10	9.66594881983774
11	9.37456438573859
12	9.501453325079913
13	14.349861074789166
14	9.874593096469628
15	12.990664356095678
16	8.854852440638872
17	10.354047163215926
18	12.183676698791029
19	9.106322625413759
20	11.04275303016457
21	11.079668779705933
22	9.188301483178437
23	8.521677695902882
24	10.020048133770599
25	11.881056412804398
26	9.998380083863847
27	12.851102084574576
28	10.353468027731967
29	9.437584416400554
30	11.270357411421271
31	13.848555258545993
32	11.103340604290898
33	10.936033088784251
34	11.210238601454417
35	13.82099908036602
36	9.521526231585991
37	11.044411810124958
38	12.150696139079203
39	12.024689619261633
40	10.021074029166096
41	13.629372901489743
42	12.241629329738627
43	10.878144208075934
44	10.661810723289005
45	12.518845503195426
46	10.855131715910142
47	11.18543134488689
48	11.041923453443994
49	11.993045886205131
50	11.352753012256304
51	11.490743044338862
52	12.742918236677404
53	13.153801067187288
54	11.783594662720123
55	12.421529571068882
56	10.436900778385443
57	14.598898429075456
58	14.557097177772839
59	13.978237429205256
60	14.682277998354724
61	14.54820637246937
62	17.22242244493117
63	14.442314787190826
64	19.292690698215388
65	16.103687814528264
66	12.017667103341982
67	17.962876406667426
68	14.933281584402533
69	19.23455845546054
70	16.175504691053185
71	19.70806848857179
72	16.595543908609734
73	16.777930718494858
74	19.877154681423356
75	17.717595271310312
76	15.348350538438368
77	21.481312244661055
78	27.42678444626377
79	23.228714580745912
80	16.392823464213574
81	22.339997990881443
82	27.75108109624565
83	26.147089082045117
84	23.256530879788865
85	27.766650691528568
86	16.346781208235424
87	17.925223552500036
88	19.18208671236337
89	13.683648852253532
90	23.903508536789854
91	14.228999327262123
92	16.65217816502487
93	10.73463207030706
94	12.019025865200666
95	8.856565308097633
96	10.684822935808835
97	10.936750147803131
98	15.29986231215771
99	10.435440343804952
100	10.581734907079861
101	13.342459068064283
102	11.3591498195686
103	12.599949513527212
104	10.43806987696745
105	14.356827337976165
106	15.506837658422826
107	11.18585093738379
108	13.135279658074165
109	11.762764819464321
110	12.162354804398445
111	13.014260650702813
112	16.8829549364425
113	11.495158396999763
114	7.107366648621774
115	6.023692079384874
116	8.274101400669815
117	13.968543624706484
118	10.245882581769246
119	6.370907390324726
120	19.013730018821107
121	11.023090694452632
122	11.821834223054564
123	8.713871617625198
124	15.17057843039865
125	8.836297806836576
126	12.851102084574576
127	12.184480219636205
128	9.355041326759293
129	13.101695649288835
130	8.038871915663444
131	10.581537986741928
132	10.020141892762881
133	9.874685604365462
134	10.332560739904002
135	12.03126688048465
136	11.17453605101836
137	10.61975175311597
138	11.11500801524379
139	6.924385023834677
140	8.604514915129462
141	8.206692222687671
142	8.438212845618635
143	9.585570790735417
144	9.02165537228905
145	9.854953846311007
146	7.689422872308505
147	10.375823318160103
148	5.348752727424471
149	2.279179789157207
