0	17.675421289757605
1	15.546514350505843
2	11.128640523535518
3	16.01714824450028
4	14.897382842524047
5	14.462235031921576
6	13.216831713635804
7	15.893811205063859
8	13.92431861829128
9	15.389477042793027
10	14.020567631654691
11	15.952843223862155
12	13.553585230619662
13	13.588234477341762
14	15.989750564240238
15	15.86392131808632
16	12.076109562545216
17	15.1178757449262
18	11.851094396319684
19	14.575448977535043
20	15.394010888977098
21	15.22182407401401
22	16.847706058028248
23	9.461523198113339
24	15.621933307521626
25	17.107535135557292
26	15.590042202841108
27	14.885446463852468
28	13.797778193354938
29	17.3161042319958
30	10.289225863415625
31	14.53972731915454
32	11.792563289801832
33	10.998289193786569
34	12.563034008853192
35	11.082423385750054
36	11.342573668254396
37	11.91173979796807
38	12.840435284542112
39	13.521381473160597
40	11.737629472028791
41	13.810907807922689
42	13.029506308202498
43	12.15285209961718
44	13.148235201168912
45	14.993427402843269
46	12.896427643489814
47	14.165255415944698
48	14.545253689050629
49	15.098272632180766
50	12.361246892088914
51	12.408103710629629
52	13.94798694514938
53	9.842276822507356
54	10.880443875585451
55	11.644468835086451
56	9.231281461228802
57	13.171739542779202
58	11.668629050076484
59	11.462128305114824
60	11.558229833635895
61	11.80804910436323
62	11.621674751968522
63	10.79268962878966
64	12.113050987809636
65	12.689945027004727
66	11.957007437266903
67	11.287542566166163
68	13.30022370740649
69	11.078608354970255
70	10.516272642553558
71	13.594665856285737
72	13.808183672492092
73	12.937654107038579
74	10.64052429292697
75	14.225019332456526
76	13.727301424173222
77	13.096329086610096
78	12.996187531300595
79	11.01574473769014
80	13.026341228156426
81	13.470895638343528
82	13.031896826774016
83	12.726170164467643
84	12.838664634031339
85	12.796983594720489
86	12.15985056988881
87	14.615349406768264
88	11.508402808402705
89	12.6523972653538
90	12.449573819034944
91	11.284861201031983
92	12.788673624779232
93	14.890701292160314
94	15.083783102912204
95	11.968179485732756
96	15.983783587872649
97	14.23794750158008
98	14.107572560782462
99	13.369491273932772
100	14.266763270345695
101	15.114989875172403
102	15.502129635373258
103	15.066797222485551
104	13.259332998726297
105	14.399384368321739
106	15.096249258401937
107	18.677093685580072
108	15.139628401957037
109	16.96108373245866
110	14.356345951982373
111	15.34532785060077
112	16.076208912135808
113	16.443578411931757
114	15.230508843467412
115	5.5297122234298595
116	10.59218495250474
117	10.447899095034096
118	13.074157391021815
119	6.47279557768884
120	6.608936188152811
121	11.928839557805597
122	10.179424384481974
123	10.031348418245832
124	7.692915281494683
125	11.894218056793155
126	9.837631503469389
127	13.020036915306898
128	11.593502008773445
129	9.760087861202381
130	13.753443018410039
131	12.417521510646804
132	8.511019386037473
133	14.548580281511722
134	15.793068815419458
135	13.261094110238933
136	12.946226762611085
137	12.607924406165816
138	9.39315106883509
139	14.065141681716572
140	12.110994847590415
141	15.229346102262207
142	8.936683602764807
143	15.113691395307155
144	13.519217148826549
145	15.270966142685776
146	9.226186705742975
147	16.0200596777479
148	13.30022370740649
149	12.197155381069544
