0	12.453994898758717
1	12.837752083227572
2	13.022477213760071
3	12.476301691243878
4	12.442576473218484
5	12.39651182599755
6	11.28929268259781
7	13.929423383013521
8	13.953083585958005
9	11.092302073449881
10	11.462732401206205
11	13.86421571766087
12	13.760034263463695
13	14.42614516139896
14	14.505401847887383
15	11.909295133163964
16	12.005856935957675
17	18.402230962619086
18	14.609285210498184
19	13.51999324916214
20	12.882118303771794
21	14.262444400829663
22	14.26490695725426
23	13.595304852975362
24	10.948050100020208
25	15.090168422773658
26	11.274935551635037
27	12.779824873859985
28	12.095947116984396
29	12.926603756366037
30	14.589516222092994
31	19.243771073331494
32	11.10479668434667
33	16.181311195641456
34	16.64902083025949
35	15.844737516360723
36	11.52078877895316
37	9.52636301709842
38	16.473260447753496
39	17.727685099076545
40	14.733186745653747
41	17.244759814881636
42	13.930624439689648
43	14.928268006483368
44	16.288027402676356
45	15.168795949865597
46	16.95877344037636
47	15.337780469156224
48	15.904738141080141
49	16.10243761946441
50	16.866102122701072
51	18.331606711434954
52	15.741551975273198
53	16.21360370183256
54	11.07899999379165
55	12.546310364705546
56	10.09093387645041
57	13.278066040187605
58	15.2141562918271
59	9.585683457066908
60	9.79513046802528
61	9.820067200614625
62	11.058286491626202
63	10.71739708086454
64	11.057971168583657
65	10.362291850608438
66	10.860527883601643
67	11.254456408102987
68	9.346883956333453
69	11.007910122077018
70	11.15307391148621
71	11.25494515084418
72	9.190935873687568
73	11.053142761004352
74	10.659420031243174
75	9.429535499054763
76	11.308919806921066
77	10.363366712019417
78	11.734126549174961
79	11.862177944433775
80	9.375412498610315
81	10.230720472031935
82	11.114371549314582
83	11.652397993422852
84	9.14699661117879
85	10.609642387663186
86	10.629821435777417
87	8.31382206930794
88	10.559699548805574
89	11.991038634479667
90	13.052158143853497
91	12.280883342146625
92	11.390635374150133
93	9.966580410270241
94	9.223964060871314
95	7.408324604713067
96	10.11040589904038
97	10.728269514705957
98	10.302798767407024
99	12.245439325880815
100	12.835211500663537
101	13.266389360051473
102	13.204204253915604
103	13.777911640815917
104	9.578982222602148
105	10.976922516262155
106	14.104239525202994
107	10.116977750981746
108	11.358227473011931
109	12.237156704296165
110	9.470506579110356
111	13.635226914542546
112	9.568740905645976
113	6.044322607489057
114	7.860640669734809
115	12.140355301941602
116	11.461863802161181
117	11.631115503856066
118	11.948388237597793
119	9.099015703370545
120	14.703572271689781
121	13.023224374595522
122	12.52501267204576
123	13.255493327533406
124	11.950663336547604
125	14.343819647364802
126	11.110686605559332
127	9.967516538797867
128	14.49526110691869
129	16.22111042207242
130	15.175092644790503
131	10.823396407782045
132	14.257112581248254
133	12.062229814925447
134	11.900465675509084
135	15.79549372132437
136	15.711178895436417
137	17.42062074974203
138	17.27902224757075
139	11.329440437992568
140	12.576784305118203
141	16.209383901966724
142	14.564156757897656
143	16.96467026223267
144	10.524218231994757
145	12.990585239329691
146	15.665544203178861
147	17.10573747193675
148	16.352787331921768
149	13.108260149175761
