0	26.266132011217366
1	23.796551833356638
2	24.963067858929133
3	23.01865311510898
4	24.932252041944356
5	24.996669123263693
6	22.741831912646518
7	22.88767916122196
8	22.41820850736707
9	17.716090008449335
10	19.894694461054858
11	22.652068173650644
12	22.628678108974807
13	18.475473879872244
14	27.1490412843685
15	19.59491423543399
16	19.085832207188126
17	25.509245291523253
18	16.35412291528716
19	20.506106365576827
20	19.05397213461547
21	23.388127543575028
22	25.095481752944377
23	24.51942916692589
24	21.445965904060234
25	22.048711905805384
26	14.991162836394338
27	21.162880672309097
28	18.8039253320288
29	17.42984808251665
30	22.18196674656965
31	23.83666333842599
32	22.807621053481515
33	17.335777187924627
34	19.25284505053827
35	28.9178714307668
36	23.354697833481872
37	15.151121359060507
38	17.019185340263594
39	28.503062625932863
40	9.254143370051361
41	11.06266566256238
42	12.459318342369285
43	9.828251995242335
44	9.088909154584453
45	8.211321695490557
46	5.424348510066009
47	9.342443985106494
48	7.959739285858411
49	8.597779903585803
50	9.516486656622378
51	8.76635634872095
52	8.772910548897459
53	9.17898805294405
54	10.733657369842437
55	8.363525407560074
56	9.110474489350937
57	10.141508892747527
58	11.392256391022594
59	7.30814800272733
60	11.873764342470944
61	8.438999401574469
62	7.798681801268664
63	5.425650372719354
64	8.441450765753459
65	10.653307684027265
66	8.928238417806435
67	6.081184041672981
68	8.205070665031736
69	8.523713764426269
70	10.331220874118197
71	5.911059143498592
72	12.112823708707781
73	8.61194562820343
74	7.630451325488608
75	7.787171434253942
76	10.337443025765472
77	8.111007723917986
78	10.893384045028352
79	8.444133937745931
80	8.541025785552094
81	8.608262381266226
82	9.733253647909567
83	6.335298753840206
84	10.714864467532918
85	11.385035129431712
86	8.852751929255888
87	9.189505403200979
88	9.8243627934048
89	12.710913614258919
90	8.038703331392902
91	12.190630707474117
92	8.917092434860002
93	10.82655400548624
94	12.272290950506976
95	14.176246482024913
96	11.048787361960192
97	12.13018968941839
98	14.545818357449875
99	12.376211164530808
100	11.965226600388082
101	12.432588093933507
102	11.80075124129919
103	13.427974171721354
104	11.705616835908215
105	13.346462829695858
106	15.381707494301265
107	12.19645122459874
108	13.428607001938694
109	13.653302736420367
110	13.986216183183833
111	4.368507367483209
112	8.274345856385649
113	14.504636261215818
114	15.44248585424629
115	9.43105654487541
116	14.6375501545651
117	18.25609232614454
118	14.736678656867431
119	12.265745532302471
120	15.659269989751223
121	16.5997815719974
122	14.822968412850209
123	15.533997933437584
124	19.389515570384685
125	14.388958858362324
126	18.23162890030476
127	16.513801714069512
128	16.3961248261906
129	16.25846925740635
130	16.460621960687835
131	16.268681804420456
132	18.07124157683271
133	15.637374572437823
134	18.996052519682078
135	14.542931880994297
136	19.986023522420602
137	14.201362765845369
138	18.120665433648643
139	17.790069635056472
140	15.170429808698037
141	18.968726739058255
142	19.790136429575824
143	19.0600057581434
144	21.014334816848496
145	15.699176762109271
146	21.340375524403715
147	18.650769212905157
148	21.431489418463755
149	15.771741316545754
