0	15.726378839251685
1	17.57834679158498
2	13.843632764776578
3	14.214133099361728
4	13.655435910894438
5	14.644093389893687
6	10.260748211338093
7	8.744198652510505
8	6.659280607352788
9	7.4612146401532735
10	7.437906296007776
11	9.742141643495387
12	8.101879641825743
13	8.549950782242124
14	12.467640266824194
15	14.252435126248656
16	14.565235281092972
17	15.607784900235417
18	14.82368778369261
19	11.807177935156222
20	16.251685043740324
21	14.715571669335112
22	13.502070021006363
23	13.723841846438997
24	5.618381773692956
25	6.213545973552586
26	13.061959747194244
27	15.233044370419247
28	16.22192413161597
29	11.64229723623194
30	10.303116881062168
31	13.800745251551731
32	15.280559374887957
33	13.837370446495497
34	13.374467187196917
35	14.175297110426367
36	17.488295468592067
37	11.053882288406244
38	15.840574882599398
39	13.872934307732399
40	12.997055369048974
41	13.954807728500077
42	8.098444952960085
43	15.370465326817442
44	12.343527717203589
45	11.748341219944686
46	11.569804505726022
47	12.786364218986483
48	7.255516919520523
49	8.745628795160568
50	12.405659016492137
51	9.551309739899027
52	4.5055002571414935
53	7.252349822754208
54	9.681167250699339
55	9.39892057783679
56	13.928073800333216
57	11.62114622073047
58	10.90258969336232
59	14.289804745784453
60	16.256167325246945
61	9.921421460135173
62	10.012991827942908
63	4.118873861811319
64	16.502256492108543
65	10.972098259860983
66	12.100439761414098
67	12.196568372130331
68	11.84216503546087
69	10.832637906027882
70	12.40658737316934
71	5.8142790693755835
72	6.219251013549512
73	4.308676478484631
74	2.3563210155994745
75	6.410602931922711
76	5.752565025256185
77	9.132913550895678
78	14.525506168791967
79	9.522797683796961
80	12.930448352454226
81	12.673072844536911
82	12.752954911778122
83	12.47090876828716
84	12.918563178418784
85	11.244958416152832
86	10.71085087023958
87	9.532223126360174
88	13.182090084298736
89	11.234295215101941
90	13.84689606110901
91	12.214706310313153
92	11.297358585302995
93	12.945519404960285
94	13.960592839646164
95	12.28561697519871
96	14.871072995456622
97	14.715292146254718
98	12.201353717150802
99	14.575575393334843
100	13.910862483535542
101	11.610006734551089
102	13.712203595208177
103	12.885138255128599
104	13.37358688967748
105	14.429900802639274
106	13.53184565660651
107	13.432340853554182
108	16.02485443422392
109	14.811348930952285
110	15.94626587332317
111	16.84023450794771
112	12.524194042374894
113	12.14420589353394
114	0.9872209320466843
115	15.204625978386243
116	10.839463635885613
117	8.75788538529189
118	9.664991636532825
119	10.720084546663674
120	8.751911290208701
121	11.763033190975515
122	13.565467852708355
123	9.931742592232073
124	12.154884262189697
125	10.177689467029822
126	13.54371808161795
127	10.51370734362852
128	16.195996665119242
129	10.971182086045639
130	11.952370059142817
131	10.697775787136326
132	11.570775573701336
133	15.602304416047977
134	10.702229663053215
135	11.697397811573598
136	13.857220954905397
137	13.583863193718775
138	12.339600669529595
139	15.023901324116848
140	13.126365778219434
141	10.508073253478761
142	14.437268893242829
143	15.548268790940547
144	11.273358180386246
145	13.483662001660443
146	11.09036721623562
147	12.908999863702675
148	14.736803491794507
149	10.444305977376272
