0	7.711489229326552
1	7.423269458293535
2	7.484234178037409
3	10.151110598535643
4	6.128791542013184
5	7.774915503181589
6	8.240823362302342
7	10.090164606392396
8	7.085782943198983
9	8.871220624751551
10	7.721554116793446
11	8.378847571061211
12	8.753048346971203
13	8.675063229568401
14	9.70927033734032
15	8.780611278015446
16	8.320282793923713
17	9.310310039381676
18	8.425235829083714
19	11.682308051323133
20	9.992496348020337
21	9.282662517884217
22	9.693437031145763
23	8.853135778101484
24	7.557555965024114
25	10.2281136098425
26	9.612648348980104
27	10.428464773151823
28	9.935124773503475
29	11.34530568179269
30	10.071574890080282
31	9.218361947000453
32	10.575925323017124
33	10.251334660793882
34	9.358092650978367
35	8.667339805126836
36	11.173204637590873
37	12.17596997453142
38	10.454474493322687
39	10.949504986114606
40	12.988088856191293
41	13.586035751776437
42	11.786411046513527
43	11.317859188837927
44	9.247625257714876
45	10.895550090976675
46	10.962312617611058
47	11.241754311504474
48	10.85401286969937
49	10.585985404290579
50	11.987826801990106
51	11.12698620698534
52	13.647124024057568
53	13.802590809564487
54	9.586782439670197
55	12.12069904375081
56	12.60872401992445
57	11.352324105787092
58	14.730102972040116
59	15.062556128450304
60	9.517788387076711
61	12.100597963488024
62	5.338885833158455
63	14.91136469307243
64	8.484227031344556
65	11.277483389489428
66	8.456185381332197
67	10.289187622223787
68	10.039375792654624
69	10.658171225547873
70	9.745212651255759
71	12.163494284677627
72	12.689964043828214
73	8.518494973905218
74	10.753599007333742
75	12.948922622190231
76	12.645957060240075
77	11.77961100199461
78	12.158304892062393
79	14.914079004911487
80	8.83034496949743
81	12.328083081577587
82	13.62294221839148
83	9.333658036511865
84	13.336368184451732
85	11.640099284860533
86	13.496214401067434
87	10.812162320696988
88	14.384778134120873
89	11.93555782396266
90	13.55488822194381
91	14.859319164444948
92	9.33689131848981
93	13.950121073072411
94	9.35338012420708
95	13.381244230449433
96	14.809963300905563
97	9.24659119179302
98	12.532928679387712
99	12.592432645459423
100	13.486560630037983
101	10.978922440782966
102	12.916559298208977
103	11.736528873274759
104	12.144796612509072
105	13.12295928235302
106	11.948448289391317
107	13.081315629023694
108	12.75839179913357
109	11.283961104322799
110	10.939806032385071
111	14.119092249601858
112	11.041086300187034
113	14.809110645334806
114	10.116380613176583
115	14.638384541147303
116	11.099172991885286
117	4.542668311541985
118	12.634661287108845
119	14.756116427629271
120	15.443609520202408
121	13.533793357701995
122	14.171589417842787
123	10.755559212658007
124	12.454706021770539
125	16.88912131473254
126	11.324172348499825
127	16.748002722153114
128	15.91230716010335
129	14.011443302013104
130	14.009093631815794
131	12.438556757469744
132	11.668939217592236
133	16.451971723065487
134	15.062054856135454
135	13.171052876942515
136	15.485677359679418
137	17.88518795524728
138	12.89802125708458
139	13.653248381766533
140	11.687504919301842
141	16.170840367689955
142	13.470902799268385
143	17.976563588868164
144	17.874749591854414
145	11.28332382321937
146	17.919351740033395
147	16.91848342458009
148	18.08985232312283
149	16.33004278297295
