0	6.802097124726596
1	7.669203545056254
2	7.3086530801484155
3	7.51723963103173
4	7.9181634478505565
5	7.296902793734719
6	7.274323890102869
7	8.066757729892101
8	10.070654622348405
9	9.772135829804679
10	6.88799889750814
11	7.114319570831282
12	10.554930550181172
13	7.7680089015356995
14	7.916190456881932
15	9.193106971269136
16	9.97228813910129
17	10.305960969683719
18	8.338520221396198
19	10.858825672277788
20	10.83745073757028
21	10.942127685267115
22	11.027993240942358
23	7.9435405242132395
24	9.497544936573899
25	12.218331846799511
26	11.877635345379671
27	8.095615419741952
28	7.600872252647104
29	9.661023683546254
30	9.285115149068059
31	7.839695592406332
32	9.98558408213131
33	10.52950125185301
34	9.270884613438572
35	8.161664223194542
36	20.614005634676992
37	12.6120508350611
38	6.508347868381261
39	6.960019547026144
40	7.443879878166272
41	8.858973293457982
42	7.935160245095522
43	7.127599410956196
44	9.357991489756062
45	6.804140466573595
46	8.076675811063446
47	6.964592816464316
48	9.126291741691297
49	9.355102583894139
50	6.789988427500317
51	9.210487368111233
52	9.428991494242826
53	9.019027579015258
54	10.645173970132491
55	12.18705372459387
56	10.631310783828479
57	12.848501298770067
58	11.102299370671505
59	12.784589029125424
60	12.138679240844269
61	12.147106704996318
62	14.169705930530561
63	7.616289871949759
64	11.906628439484795
65	9.747485511129142
66	11.495857359245125
67	10.307027723444476
68	12.69555128637008
69	13.798901593559599
70	11.158916054378956
71	9.462901671518573
72	17.45375681452582
73	11.07372138453733
74	13.194933390233595
75	16.119968998960267
76	11.62476223568303
77	15.840755977622251
78	12.764506830742016
79	13.933607316398005
80	16.508375337126374
81	14.791170831560091
82	11.952708953431646
83	12.135450171325273
84	10.64145330105895
85	13.333880466636614
86	12.34405906723568
87	10.008707669842538
88	11.428919664816018
89	14.095364830124993
90	15.095561532477662
91	13.618230245344728
92	14.92515255350197
93	13.96399402727933
94	13.51752166652193
95	13.139671726538772
96	11.931225139975098
97	14.428211371981497
98	9.188901941376052
99	10.450015053540378
100	10.94181736205199
101	11.258777711197068
102	8.901111706006544
103	9.185300632830097
104	12.511469138842587
105	10.78077016281511
106	11.891944329397498
107	11.126075786119115
108	10.632313945695396
109	11.709015297637032
110	12.707534788758938
111	12.71201970917808
112	14.244672106603291
113	13.645424671261592
114	9.847117139316351
115	1.878551810651737
116	12.504461588866132
117	7.923942091924735
118	11.601396524454955
119	9.649189872287417
120	11.279373406641595
121	12.543762041781829
122	9.917545713946378
123	11.801498469305084
124	9.332145433647575
125	12.002521334704964
126	13.146427911549804
127	12.087625896906484
128	10.379800228080546
129	12.190751963281633
130	11.260268988349605
131	11.420478067037036
132	13.00315647696281
133	12.955407749986149
134	9.754894295490775
135	15.039057759549049
136	13.85039692434169
137	10.53197850665082
138	14.343420298119785
139	13.666843467202387
140	12.545913235648943
141	13.475211596936367
142	14.053052705886332
143	13.682698496166447
144	11.106079717704432
145	14.524613432591252
146	12.155778379833462
147	14.118153415411387
148	10.135224795577377
149	16.508056633335656
