0	10.612542096239096
1	13.435516262703848
2	14.983845073884645
3	15.59109925158665
4	11.576576198304672
5	14.630829873870079
6	15.954077178501155
7	15.062525333709596
8	13.551281759456035
9	12.518928833249301
10	12.549521103550818
11	12.12276918170085
12	12.496348211697576
13	10.526383505404274
14	16.017434167459356
15	14.92576516425711
16	13.739955576588754
17	12.017486689275625
18	13.511645038295582
19	14.588245800243985
20	9.74878114903945
21	11.727421484086777
22	16.701481709945586
23	9.366493879149173
24	16.482096834354472
25	14.470589452162587
26	15.92645442257375
27	10.120272267838157
28	10.846494874577095
29	9.851868526769197
30	15.575665417815575
31	14.06298290542643
32	14.19883510996349
33	12.03422577235401
34	15.840357957180084
35	13.09173970140425
36	15.271376190638424
37	12.385721173181965
38	14.931657151880874
39	13.436126720309627
40	17.092094014329668
41	16.52926474129701
42	16.153551054497953
43	10.118646978859182
44	16.34893267362857
45	14.9086607923656
46	11.844621860881631
47	14.75116640186075
48	11.177392234220795
49	10.686521327615853
50	10.87101193415952
51	12.286359780998614
52	10.883506114062547
53	13.242877004994401
54	13.00312095075746
55	11.989940723960812
56	14.322316385714347
57	8.966509581930746
58	12.088256135810143
59	15.055132633546611
60	11.607841233795522
61	11.981234448342267
62	14.41088348519137
63	15.184058450989703
64	11.796655983209448
65	12.623658836616196
66	11.338585860724319
67	12.257634847083485
68	10.581206216103975
69	11.493069277239533
70	12.816176181229809
71	15.763918948295203
72	11.923874316583932
73	13.11636286577745
74	12.24710609419086
75	12.058038305468509
76	14.32363317321492
77	11.391147972320377
78	13.053609649955542
79	16.17420081302564
80	14.48256555338155
81	14.627734532923867
82	14.139386720821173
83	17.07246490960951
84	16.029840181477628
85	15.299401055723607
86	15.92645442257375
87	16.8679427182328
88	16.725657402697035
89	19.904314042457393
90	16.57189600341569
91	15.582877293647371
92	22.381087648634736
93	14.712678598668466
94	18.06966570340462
95	20.62343705256037
96	21.849315979511353
97	13.969277336996614
98	24.721178521601548
99	14.816323299404411
100	13.899074439338687
101	11.26497769867619
102	10.38365881082466
103	10.714135541277635
104	10.822675958187478
105	10.622309020400499
106	12.28947443375701
107	11.073544034172372
108	8.954241936792082
109	9.71515519070045
110	8.176407416171179
111	12.068659714916143
112	11.629155402716899
113	4.448472499109961
114	9.931968045477674
115	9.200283761134193
116	13.33520332877076
117	10.119985202477043
118	11.367825623040604
119	14.965724584833527
120	13.118120807442976
121	13.201591918306299
122	14.089854656961837
123	12.203237354192492
124	9.980900155750671
125	14.65910710960471
126	11.367271029322975
127	11.721312763241391
128	12.185363376628068
129	14.144003406171967
130	7.716591907254113
131	12.448617707649015
132	13.546995658253378
133	9.934226606583808
134	10.45078892367928
135	12.057923573815515
136	13.602562620200894
137	10.846447693539664
138	14.876194831075454
139	9.9304501378355
140	14.967879168796955
141	12.17406949355951
142	13.226911152217703
143	12.421104082703133
144	14.3513690349239
145	10.985659652689872
146	12.921830148310221
147	13.883034470745843
148	14.733051170517928
149	9.353153953377836
