0	1.7306945461994196
1	2.1306857439404117
2	3.6194563260042285
3	3.9299567901536188
4	3.46539721176297
5	4.142493448848951
6	3.670440465518152
7	4.8835093201665085
8	5.225126350233001
9	5.404646930537181
10	5.936095396006209
11	6.179949283762136
12	7.545823508060089
13	6.903564124183705
14	8.727280856871817
15	8.258431438881004
16	7.967199278694835
17	9.88754629415921
18	11.569557333526063
19	9.50487085773734
20	12.554660625111
21	14.72094277156684
22	16.133864830566036
23	11.073639499611811
24	18.21018187299758
25	14.889502575050013
26	22.055445752419498
27	19.243086183268638
28	22.884075591924738
29	20.39893756131586
30	26.861369531173754
31	24.241866763390867
32	28.074483605894272
33	29.87119708380729
34	20.376917070774663
35	33.906296371476635
36	31.429574284397454
37	31.94951390901948
38	32.9169090501943
39	40.24793550841639
40	43.25629459302214
41	44.33578771663603
42	36.26581366001386
43	50.54614196613877
44	38.10513829512963
45	18.170736513591642
46	49.04686424410717
47	17.523125006781378
48	23.046480811293005
49	23.755461407854707
50	21.566761543234623
51	20.74988452328356
52	19.61874015873869
53	3.2516947670090293
54	18.761132411964937
55	16.587245332181418
56	18.67806388528626
57	17.86749575206633
58	14.19891792619308
59	14.737454401711437
60	17.46039007129743
61	18.004611937813703
62	15.715123118004804
63	17.018965541143977
64	13.075278609291601
65	16.081350125924523
66	10.610610552029138
67	14.377980083834997
68	15.348004178130731
69	12.254850298285112
70	15.414451157773083
71	13.41486753255797
72	11.52044357629775
73	16.06248354061967
74	15.57710856014735
75	14.327663958881718
76	16.561218855035026
77	9.313233207509478
78	16.024467249422255
79	14.874785674321211
80	11.84430191120002
81	14.792841617910867
82	14.100315296914314
83	13.087023586998443
84	13.322456827774387
85	16.98132999447414
86	11.132506755781767
87	14.676243434228745
88	9.35201222187924
89	10.793691677560647
90	9.769413933783573
91	10.580294220530869
92	13.361227949174081
93	11.448685272151543
94	11.26340014661404
95	11.068581822793531
96	10.652556394747199
97	13.093189954974328
98	12.00282207353395
99	11.708108375419236
100	11.154207183046363
101	14.001761890624808
102	11.044387814964088
103	12.797589399557822
104	13.276817805376439
105	11.975616734393958
106	13.53475597295959
107	8.794224297402097
108	14.297414918604364
109	12.66529818114126
110	11.144393972443378
111	7.321211992225659
112	16.250964534551095
113	9.324979595207168
114	10.347003637542613
115	2.9166682999102482
116	8.990144731732382
117	6.841033513767746
118	7.023270677796154
119	7.806825357163047
120	8.107151577223506
121	8.40551373589893
122	7.7010114917130075
123	9.540447305033183
124	7.62490806154059
125	8.097398183129076
126	6.861831560214441
127	8.358480681785824
128	6.643084439519967
129	7.992660437087372
130	7.669173132370943
131	8.491870528383247
132	7.4639951919015965
133	7.480526931685291
134	8.922127512215067
135	5.887454345544645
136	8.892634448260422
137	6.440538008381989
138	6.322049036098491
139	6.090240187288074
140	6.0846623140663985
141	5.746808507918153
142	5.348816102017924
143	4.954380783170726
144	4.954549404278915
145	5.407544173951082
146	5.143269516125342
147	6.078046892954238
148	4.996607972326583
149	4.795766044456706
