0	12.288873677474088
1	14.885977370950398
2	14.625943549492128
3	14.97210243979341
4	11.874314504016835
5	13.35419858864916
6	14.112889907519437
7	12.796505913263468
8	14.91848797531191
9	14.887835372421787
10	14.533868613474336
11	14.893697897500955
12	12.635806915106734
13	14.36295528406207
14	17.137246332279403
15	16.70302438666644
16	15.462499518456395
17	15.103185188728663
18	12.734915434264945
19	15.533136315083471
20	16.07794085367848
21	14.951958549128078
22	17.387386238222955
23	17.71321347671471
24	16.30050960296652
25	14.063790060969975
26	17.089124902985905
27	14.230315286504306
28	14.449221305650635
29	18.341185228207046
30	14.306908226114567
31	15.830293748907645
32	19.022959569061314
33	14.937030259167084
34	14.328214045282055
35	15.304578872926111
36	15.09636701664156
37	17.129706145586976
38	17.13344284973082
39	17.97792345432959
40	14.034299636227011
41	18.14443710139803
42	18.852585261377026
43	15.099122481091388
44	15.319820425266617
45	16.769697837088756
46	14.781999447279624
47	14.991816325320144
48	16.721448016290264
49	16.873824344277825
50	16.927212490909024
51	17.765730528593156
52	17.540925946302554
53	15.93772550020172
54	14.163184344165
55	17.038309970854556
56	12.692266278465754
57	14.765076101623826
58	15.67853079203404
59	12.562585982712477
60	15.567790845106952
61	14.748176240322007
62	13.451338043394669
63	16.05309305105612
64	15.926715984878463
65	15.460716453942176
66	15.734373362523128
67	15.079999556226852
68	15.425278799115876
69	17.175543508376922
70	15.939291835899102
71	14.744788910090993
72	16.0381531018641
73	15.567341305745082
74	15.818285402896256
75	16.51925444173375
76	16.81376919054812
77	16.100480271262818
78	17.806201809918825
79	17.144415004848817
80	21.796596456478202
81	18.546864649105
82	17.719669096953343
83	16.860582909313038
84	18.76521335612059
85	17.82031604179636
86	17.714583263740803
87	19.06810461513548
88	16.83622029946453
89	20.900245003072015
90	17.77890093007144
91	15.506943578086997
92	18.44690149725655
93	16.15675554364713
94	19.914054141335814
95	15.829227935183225
96	16.2030565854805
97	15.829227935183225
98	11.898213956474182
99	12.431274726880243
100	13.94526253233757
101	14.520407666966403
102	12.470931435486436
103	15.523204591285586
104	13.073167404540355
105	15.221097054100953
106	16.55554530013178
107	16.148598644039577
108	14.058554890216916
109	21.022576676630152
110	13.369164187401804
111	16.294857723826684
112	18.28583127040826
113	16.829831395915864
114	5.4128077728586454
115	11.767324582947131
116	11.98457502957541
117	17.356400947942536
118	9.729538786080955
119	14.690752394663447
120	17.66172099530232
121	10.773735855198717
122	12.912933932786125
123	12.570870278603124
124	11.493999766855845
125	10.194768574745448
126	13.578297971090967
127	9.307605570799831
128	10.333257844943127
129	15.110106343933332
130	12.2693837998577
131	13.101545383946439
132	13.147463591369888
133	7.922088850397736
134	10.152315976317576
135	12.037400482421152
136	11.9253981409257
137	13.89384360169309
138	14.609266726440762
139	11.33778746922298
140	14.244270095055404
141	9.966527693334319
142	15.05674393702143
143	14.72880565364185
144	14.560906641794187
145	14.99109665346977
146	11.949630028042218
147	14.886263759164667
148	14.268636438503819
149	16.039859531459932
