0	20.28021458192067
1	26.959662601855797
2	15.10930935163762
3	26.705805711742
4	24.74391552419724
5	28.833900320579044
6	20.35156496060863
7	25.80418347926977
8	30.44088689433107
9	28.512021113398387
10	25.901869729028846
11	26.890274649237
12	25.053304731278313
13	21.603897193509304
14	20.290233158326522
15	23.411872841147925
16	20.059637087162397
17	18.170202396238828
18	19.744331492154988
19	21.08991767070009
20	19.1817663251893
21	17.6154758489774
22	21.925956693454886
23	21.672300367895502
24	20.921925745166227
25	18.337610691786654
26	16.745576301945636
27	15.660136923424357
28	13.659439192180098
29	17.664551657346912
30	16.690979413235464
31	7.257961239221221
32	1.0091924832333423
33	15.035031892094715
34	7.270945152916873
35	5.148110217676349
36	14.390028313052415
37	8.398073489643817
38	9.027277822079888
39	9.898039726008971
40	7.5321803208010145
41	9.760797336042785
42	12.170744020960566
43	11.764431798933405
44	11.904920888220744
45	2.138115248016182
46	12.890774759837281
47	8.648306394177276
48	10.276524441864602
49	10.527390759233533
50	10.177823008993585
51	9.64755373203149
52	10.75166421670869
53	10.81135830650716
54	7.124482752140101
55	10.919055064498863
56	10.886295860029911
57	10.401759673389936
58	12.54421817260398
59	10.516025327416358
60	13.679794025073647
61	10.883839859115838
62	13.409577462419534
63	12.906586836551597
64	14.909800411419226
65	9.038629445987734
66	4.258816507365864
67	17.436520064158024
68	2.262284074247447
69	5.267115180851175
70	9.415245964070067
71	9.134190946455924
72	8.773375986701943
73	11.529857470068002
74	9.649987534486822
75	6.279046365570502
76	7.273601399218434
77	7.256242487415888
78	7.410820970152587
79	7.756505060648128
80	7.9156978372903435
81	10.650927732829206
82	8.379482880284097
83	8.648546453360915
84	6.895110675268144
85	10.165205779965955
86	7.887334880729931
87	6.7692019444400575
88	12.655873811254182
89	11.02793583101662
90	9.664617993141036
91	13.637589143045588
92	12.40540584882001
93	12.405640909117398
94	10.902187228535215
95	4.902423481440441
96	15.373434189843774
97	11.653671072280837
98	13.032444118138294
99	10.026053978813927
100	9.164080458399283
101	11.411185773899337
102	10.14482131400931
103	10.160721562875342
104	7.752030331861743
105	11.681290130670412
106	8.504341119354963
107	10.151384235663507
108	9.900170436030944
109	11.153907870300547
110	11.307012058863588
111	12.498249535107163
112	9.66995742206553
113	14.88884555785011
114	12.89812412178697
115	7.6592309544535535
116	7.383626360347502
117	9.802908696631498
118	15.027402811608365
119	12.878057194487756
120	13.693661109433584
121	13.534317742251673
122	14.494325808898232
123	15.201051581656532
124	12.623261942766554
125	13.679794025073647
126	7.634892295364411
127	13.657615631529477
128	12.187057105675269
129	10.499862074812029
130	13.805635199384689
131	13.914721728168907
132	13.629155214266998
133	7.6465845798325525
134	12.655873811254182
135	13.680577874111403
136	13.398469918488345
137	10.66346425441721
138	14.75477368713386
139	13.783242209561443
140	17.712541381062593
141	13.90741749402757
142	15.014897859567743
143	15.549978449096713
144	16.37809797710296
145	16.70675907001656
146	15.121147427840054
147	16.33381798568034
148	16.123236518470595
149	16.05708754725755
