0	13.550547982500017
1	10.573183429130845
2	11.247525447352546
3	15.502427939058768
4	12.056950627638667
5	13.151866857171278
6	13.603122275669321
7	10.673260633192747
8	14.129083025100538
9	13.36484214633018
10	12.572560638600288
11	11.28400706320376
12	12.052466106393997
13	14.574044638360531
14	12.676154971244392
15	14.283393207007569
16	14.97391088607198
17	12.83337370425077
18	11.572012304146252
19	12.00801298292749
20	13.39989592559229
21	13.539871031263655
22	12.521330660516917
23	11.283576316978479
24	13.181699996838965
25	11.046366483805793
26	17.553920915635132
27	12.267759901006743
28	11.89595806555822
29	12.252184573834707
30	14.771795485467937
31	14.002051005733751
32	13.665938788083126
33	11.362474913019597
34	11.898339939617735
35	12.302319766334179
36	12.352544277950754
37	12.38192274204666
38	11.518848842519292
39	11.785964400640534
40	14.632691974326946
41	10.476604227937932
42	11.703824892633971
43	14.730311608958363
44	11.715067442365076
45	15.404209211171468
46	16.314525392384702
47	13.759145890267384
48	16.188601953035732
49	9.949837627937205
50	14.976650986774258
51	13.104138214632025
52	12.226900240120445
53	11.78294106320222
54	15.167057052725733
55	15.38949686672908
56	12.743107519007774
57	14.012818638815716
58	14.206672027337722
59	13.348578882754977
60	13.240336238819753
61	12.494578970197399
62	15.439730474081031
63	13.10288416982033
64	17.068463388842492
65	12.815804649128578
66	14.293126648309578
67	14.811319067908856
68	15.299133556160704
69	14.48812491102696
70	13.224745619012868
71	16.840576402180872
72	17.76076253169131
73	13.219665924102545
74	14.781727487766437
75	17.289906782911338
76	19.13592578046756
77	15.494636083416758
78	13.998152518022085
79	19.04256384389808
80	17.178705615774987
81	15.926671387089854
82	14.443816886997782
83	15.98755404542495
84	15.096667653662463
85	6.468024002795708
86	19.016691910091765
87	14.690722460261574
88	15.909646689227541
89	15.173942697438978
90	14.129458764146275
91	13.057160569724301
92	15.382226761188724
93	16.188915293178642
94	11.4020633990629
95	14.341266313005022
96	15.737707850540474
97	15.62606599684289
98	19.794523126758698
99	19.866703558659665
100	8.678637162235312
101	17.735146095693743
102	18.862424484305777
103	18.12770467070684
104	15.02005852819888
105	18.376003102102377
106	15.826320998631482
107	18.81185032919511
108	19.405985500018886
109	16.950972283115522
110	22.56932791907124
111	14.406558358172576
112	17.9721775608407
113	18.32695185864668
114	1.6898143566597605
115	29.341879971296958
116	19.9163382478491
117	19.67654632175586
118	19.675208330076824
119	19.37867349885781
120	17.02701746808239
121	20.14742679663972
122	20.513374508116808
123	20.834558067079954
124	13.867452215666043
125	15.227654650947184
126	13.677739686660711
127	16.874429037203427
128	16.291011934208036
129	15.136806903688193
130	15.601983029349684
131	11.926892748126667
132	15.095651985467766
133	15.94680880872221
134	14.36089376819633
135	19.70222505730423
136	14.114659917922095
137	14.619907661107685
138	15.502277159906265
139	14.082522052545654
140	16.145416267920435
141	19.02463028715685
142	15.946962493191892
143	19.937271850690045
144	10.373091118361577
145	22.419680055949062
146	16.75906323489573
147	14.452405978902377
148	14.196955684621756
149	14.202777273034831
