0	17.766238790766035
1	14.809097011910481
2	13.282620129677914
3	17.917042616665167
4	19.666359579141233
5	14.57660699578065
6	18.838404495076567
7	18.64028208720782
8	17.633756120351883
9	14.062796239874983
10	19.503174122561717
11	13.800787738378315
12	12.633755647857495
13	12.097448729395298
14	12.519315575999027
15	11.5431490362784
16	11.5663361397526
17	14.18670495665017
18	11.57133964635563
19	12.358727821802853
20	13.191452735344324
21	12.037193416899932
22	12.886656638318719
23	13.388427403886421
24	14.122452245986473
25	12.602883502353441
26	10.059527022123888
27	15.355818806620283
28	10.960741362326559
29	10.251820568341246
30	11.540461731242598
31	10.386264821638457
32	13.027812412454372
33	11.831867374127096
34	10.596534139256507
35	8.990194522207599
36	12.387633267003388
37	10.516472494320649
38	11.438571091913449
39	12.830814017210818
40	10.361080829194313
41	12.696731777088187
42	9.511334665442766
43	14.391664563805532
44	9.72421241593185
45	12.846556766450393
46	13.114757414687569
47	10.35773107570926
48	13.124599779784626
49	11.356685019760128
50	9.883458396764432
51	12.468464636993094
52	13.116094727029392
53	10.281376020702501
54	11.552092238925688
55	12.988786751392643
56	13.262748393717986
57	11.245905359691102
58	14.179838042140709
59	10.920902315608172
60	12.302342298089172
61	10.75168496606437
62	15.115454117487056
63	13.85842817789838
64	11.83282596840427
65	14.427810217972603
66	10.43391536709564
67	13.031656135435696
68	13.28784270892362
69	11.944167550254155
70	12.046080341323838
71	11.836064253980004
72	10.57525995244195
73	10.42933085231034
74	10.99256610827915
75	12.565654733645305
76	10.991951688263995
77	13.932817611436144
78	12.597331648917814
79	12.786185604107079
80	11.045946243121731
81	13.438234321052542
82	12.786151151443724
83	12.696731777088187
84	11.780056289503984
85	11.785534436015913
86	12.044616801017789
87	15.655515731902117
88	13.774706371168866
89	10.010924331994225
90	15.061970854962183
91	10.95659897411728
92	16.11894882075088
93	10.59094648567779
94	14.219896691459875
95	13.461165667556152
96	10.935181268363467
97	10.511317223477553
98	13.519828704403931
99	13.561134339598572
100	11.710577146843256
101	12.223473466540195
102	15.369393377656092
103	11.280308619330645
104	10.331180474210749
105	12.945810263463192
106	14.810499684314394
107	13.891981101225745
108	13.812630282927772
109	14.868340428440613
110	16.42132108940498
111	15.365133847857406
112	14.715900809380472
113	13.2790040858763
114	13.502333615248869
115	3.496716923162696
116	9.350691748625307
117	13.129535901146898
118	14.478702351514247
119	12.536892953985582
120	14.391334112290549
121	11.921529509247053
122	15.471886375546356
123	12.223985466508681
124	13.468769268854697
125	14.71217672538577
126	17.05268214800232
127	16.946600379584854
128	13.305348230940941
129	16.91830793494421
130	13.606468953390841
131	15.640884394367454
132	16.31595031005427
133	17.362358520228998
134	14.064841695532307
135	12.286102457656181
136	18.91835773693702
137	15.81937820575894
138	17.790559653655222
139	17.4178812015989
140	18.746753367872504
141	11.20978059602531
142	15.14637553261205
143	15.91683259136364
144	15.612137214887715
145	15.255508047209139
146	13.834556648947595
147	14.821583661693298
148	16.488157786383212
149	15.603243395156557
