0	18.305646472129414
1	19.341742008136464
2	11.147155936782235
3	14.476463099640915
4	18.263156280900827
5	15.666212912851977
6	19.723593762412317
7	15.289754212677924
8	21.59784130043705
9	24.97509409037443
10	19.052704494491884
11	20.93909924548893
12	9.99613182396288
13	1.7268203626793825
14	3.9838111104663883
15	8.115875140841695
16	16.04591386026119
17	14.099591543971481
18	16.00807738869892
19	18.262627315867523
20	11.875073492811792
21	10.770339237581968
22	9.22390772793938
23	14.883373109463273
24	9.620546750337766
25	14.506295508651895
26	11.121640721180086
27	1.7294190166873231
28	14.880516259651355
29	8.890384427755544
30	4.723827966207901
31	12.629499970504995
32	3.983878637243269
33	1.3532098622702249
34	6.2406161466342605
35	8.115875140841695
36	6.991155319532844
37	3.992524631157044
38	6.973693535912322
39	6.239488366612919
40	7.740466248386412
41	9.995098858031023
42	5.12161635581754
43	4.735616939816844
44	8.46758430858158
45	5.488847995171155
46	7.369899339815144
47	5.486893164097416
48	30.274919561257253
49	7.74525173787536
50	7.3652978870584995
51	6.628039130378825
52	7.725224588866722
53	6.238755383490792
54	9.632376446992927
55	8.123696433048977
56	7.350182869149654
57	7.3652978870584995
58	6.239939592548889
59	6.613758349029813
60	6.61441993480198
61	4.35945661271146
62	3.608022778269654
63	5.874782516545659
64	6.601101648864928
65	9.619735109506838
66	9.24503227083869
67	3.6079925439109335
68	5.862602716440222
69	8.117453328567054
70	8.868586755742946
71	9.260272054149098
72	10.729838693777497
73	6.614359906796341
74	9.244427607193122
75	7.00441069079094
76	7.744822575375224
77	9.970649215964361
78	12.653729346767376
79	11.849092665266221
80	12.654333249324296
81	14.128338477384405
82	8.104848032542295
83	12.620363314166132
84	12.62637254435085
85	3.2391508393669906
86	12.970718629938416
87	7.364215745906827
88	9.243044733032137
89	11.101485737973741
90	13.061065486300652
91	15.632469125510191
92	6.975982391819411
93	35.76000529819546
94	2.8577542780803937
95	4.744150269928215
96	9.226488542943509
97	8.117453328567054
98	11.873608864692015
99	5.485672416018279
100	8.871811588229395
101	13.753658762285603
102	11.874848399061017
103	8.887476711696074
104	8.117152643608824
105	15.224975751931224
106	14.880231169406343
107	14.534580449115301
108	15.976253371451712
109	14.880373713105783
110	10.37277704873973
111	8.133118235606359
112	11.101066549876016
113	20.141809076552224
114	21.643820420502134
115	13.407348654877335
116	17.848066075982562
117	15.25714708197794
118	14.897814216746658
119	20.163326623430756
120	17.47382480346231
121	14.128203446789604
122	14.881801434615998
123	8.87669551989073
124	18.246922818123508
125	15.286811042932472
126	12.60177290060985
127	15.63231906750416
128	15.671951990824425
129	14.095148849049774
130	18.239697835173924
131	14.146350903534069
132	21.31612853998795
133	15.224391987659653
134	16.00761483100517
135	17.888424795150428
136	21.644030489095613
137	17.475340077138792
138	19.796947061351972
139	21.656452368595716
140	21.691479968486206
141	28.345956263837603
142	17.92688833787634
143	35.092425543321156
144	14.507824848732085
145	16.382572984635623
146	17.135187291772404
147	28.03398892804936
148	32.957321660883544
149	27.27362558468203
