0	19.80218800435532
1	25.78719275800306
2	26.60470950713142
3	18.76119777786186
4	21.396525290404593
5	28.837675189506374
6	24.649233174822132
7	25.870635695037905
8	25.11643554357124
9	24.18863024382833
10	22.16445367589421
11	17.013618204372733
12	17.09840176809133
13	19.501051687988422
14	23.582748716625048
15	17.25467226900558
16	21.89381808910817
17	19.139366546796285
18	17.85289404215056
19	12.058351261754048
20	19.08713680628074
21	19.96624640051145
22	12.793295830003206
23	17.205393554440903
24	18.038529320083136
25	22.76785973924238
26	18.286194197537775
27	17.054038092608764
28	19.95043526819508
29	16.098487994511537
30	17.234094896061112
31	17.30457091195977
32	18.686556760726234
33	15.553884774416229
34	11.461504518055753
35	20.963375023072015
36	12.691908354183587
37	20.505180753371032
38	18.29579775798794
39	17.296002030112994
40	15.49818884201473
41	15.095237479611548
42	18.498063031983307
43	14.49833105525265
44	13.696849027057603
45	22.70237513305228
46	12.293077421410603
47	17.230261722897996
48	12.742802893668609
49	15.09976129802931
50	15.498039115591048
51	18.29419644435326
52	11.096462933378206
53	13.300473207947501
54	8.099743766513395
55	16.295909737508012
56	12.495676387341257
57	16.30064956825828
58	17.09458508312348
59	16.097863951794086
60	5.502458446151547
61	15.890227689141438
62	17.293986577566695
63	17.487942825401205
64	13.096221141379157
65	15.304759313035618
66	18.09428882374834
67	13.70120422669678
68	14.297285500128872
69	15.296765861113245
70	15.497139702617016
71	17.69602091930908
72	13.695133893147103
73	18.29900125015129
74	16.295594398999327
75	21.89274715231522
76	12.396565422997819
77	18.799272040809747
78	21.0118162229987
79	17.383472124272945
80	13.695398260077079
81	13.904269114228569
82	23.385434266310043
83	17.796330331405983
84	12.2977938463793
85	9.066761037196878
86	16.55747677863102
87	18.287261630807613
88	15.70406220125308
89	19.720290032443362
90	16.996776531136994
91	8.026263061936103
92	10.366480709647108
93	15.044577792874621
94	8.001053358210747
95	15.64965655639037
96	8.998916816808752
97	15.59619808757795
98	15.99696375235375
99	12.032847943343542
100	15.408503136228834
101	14.792601271653826
102	12.242325943247511
103	12.397635900013107
104	16.137267077759194
105	12.165177929800144
106	13.631287090468112
107	16.411299400000797
108	13.398136194850775
109	10.796116959762747
110	15.159428526586533
111	5.595988205429739
112	1.2021158897517283
113	19.18809686813746
114	17.115060676625212
115	14.792774070763452
116	12.310545916731462
117	2.1015992340607452
118	2.106169278475755
119	1.6982171120391036
120	3.0095362408533846
121	2.4954163797217825
122	3.3019368293579836
123	4.414385803635518
124	4.188472670865288
125	5.898898782840124
126	3.3101650072177855
127	3.1017631745144927
128	3.8921032045802715
129	3.409275438917173
130	7.776281301060852
131	3.913330655840065
132	3.691310493857251
133	4.31098328312846
134	2.495615049258857
135	6.319573816912152
136	4.2881334316832564
137	1.9022054758592548
138	3.7013560050789764
139	10.39606467476394
140	4.400500070068249
141	8.72543529076613
142	6.7037710795106715
143	3.489473713320289
144	4.699806872719048
145	5.2997214812455535
146	3.5133460948080506
147	5.301160997950047
148	5.074191120706637
149	3.1075471898690634
