0	9.351239472188801
1	9.203372646401634
2	8.904715541388734
3	6.992996836362162
4	7.061324511428875
5	9.227338832762102
6	8.72706336761912
7	9.939630746252046
8	10.161147185310138
9	10.214360599512416
10	6.549551945027307
11	9.532856656484428
12	10.866431091815869
13	10.809505787794293
14	11.160163873542727
15	9.415652146690435
16	9.707430320009351
17	9.97723078540744
18	8.814589489099431
19	9.260905205496758
20	8.061350328230665
21	10.684222493570429
22	10.574355419150791
23	7.149862120192664
24	10.275197472768562
25	11.106158045847916
26	7.378192297995813
27	10.86554640439321
28	10.473263047930049
29	9.88839489166024
30	9.167354469244339
31	9.823018919649119
32	10.216274139608439
33	10.696670818347757
34	7.911820349262206
35	11.509458279485418
36	9.708517444264883
37	11.425629716969805
38	14.638521052565471
39	9.736948822033193
40	12.094854519063752
41	13.636766395710337
42	11.890624731891636
43	12.29508204610416
44	11.39189403629896
45	13.161845979261782
46	15.396832492360321
47	17.236067435286984
48	15.965748379408758
49	15.656389008477968
50	17.28423528142298
51	13.194643821698639
52	16.73592666307144
53	16.70758440536975
54	16.65985009767481
55	14.826431736343274
56	18.378295640131252
57	16.292090737255933
58	17.0785896586949
59	17.29422660969035
60	16.9958398139678
61	20.573686915565784
62	17.176785298939162
63	12.524435643991767
64	13.72363589841625
65	17.00515604501701
66	18.1241283770877
67	17.556613713068916
68	17.829044739583335
69	14.741879587842057
70	17.246456763263442
71	17.989760717653603
72	20.799870102933273
73	18.839174896272997
74	17.289396320936387
75	13.792649780154516
76	19.301674303963104
77	19.902795155130516
78	16.174161719725813
79	16.83677853183724
80	20.18684022319145
81	19.009792777638793
82	20.412983039547807
83	19.655781538332363
84	16.13113622574298
85	18.348501653292384
86	14.769551872730853
87	14.418036208155991
88	13.038606732782524
89	13.676446588426531
90	14.74596654897625
91	16.163302429158172
92	15.402880290768454
93	16.01396974604176
94	15.647746812920012
95	14.769695869668965
96	8.82505253711801
97	16.41315384483968
98	16.902736053973435
99	13.551153616312776
100	13.071240215937229
101	17.403109663449438
102	15.30096495993464
103	13.939523296205433
104	15.880778663511785
105	17.08893470757565
106	17.126288991456022
107	16.781469911907916
108	14.926619091344328
109	15.76640102874936
110	13.196209725173988
111	2.0238959045784384
112	11.66308520290756
113	16.345739617549242
114	9.765554983169359
115	16.056581302937982
116	9.86329559199683
117	15.586771826510303
118	8.221574693766799
119	10.478368310736307
120	9.378504184477737
121	12.690948825970567
122	11.47941050384075
123	8.103469286221737
124	12.304868006293358
125	9.771116972621982
126	11.697041020680889
127	11.04980702576524
128	12.217417722203555
129	10.942405647600062
130	12.262332964615755
131	9.995438685560815
132	10.102940217990236
133	13.085610200326304
134	10.467624349736763
135	11.770368587523938
136	10.699033788325032
137	13.89861404347898
138	11.817141531759201
139	14.00619200237374
140	12.34891410722117
141	13.294271673533624
142	11.018766058919647
143	12.58751842351536
144	14.27790021376903
145	11.559945611959899
146	12.653889178932122
147	11.268956490658685
148	13.473315816291501
149	10.82415401932585
