0	8.501238966754705
1	15.751158683158382
2	7.045742000231915
3	11.842237300105081
4	14.436676831529816
5	12.544097139804874
6	13.37090201808799
7	13.745397714144397
8	13.520131009671703
9	12.85603834545682
10	10.143307520860587
11	12.572218182355439
12	16.294535616616983
13	11.65734718158968
14	12.263846378759558
15	14.489798481465249
16	13.234120383104804
17	14.618575848957356
18	11.651820966044998
19	16.92518238399674
20	5.632461638642898
21	16.674461393236154
22	13.27635372494196
23	10.826572687754341
24	12.773014501436936
25	9.751601946185875
26	11.7031879753733
27	12.081341906334096
28	11.601803830265878
29	12.358768512971391
30	12.766022431826109
31	10.72703789242085
32	11.479041801373366
33	10.404346457252649
34	13.844767367498966
35	11.817034203508749
36	11.038213012056806
37	14.86489446333702
38	10.140223060430714
39	14.438460603667437
40	14.953661482846826
41	12.066231664696828
42	11.867830051837512
43	14.703154042902487
44	9.481431712877997
45	12.302823596500367
46	11.016100880267304
47	8.744106117284383
48	9.782794435893798
49	5.199191730240985
50	11.363775855188093
51	8.738517858534431
52	8.899833393688217
53	8.687151883919855
54	8.810650160480748
55	8.519202322517446
56	10.037958589484953
57	9.757984851021664
58	9.928258319677374
59	8.20163756831421
60	9.940613420010816
61	10.49637552185745
62	7.63466007665898
63	10.795852196940784
64	8.613811802128348
65	8.932014757530366
66	9.994167026466764
67	10.72365248649128
68	10.255659697159034
69	9.287139035466364
70	10.031282580191839
71	12.1224469558633
72	9.976080108459591
73	11.15787356274014
74	11.050783291336437
75	11.425435693706223
76	9.539592585911596
77	10.684361122970483
78	10.529674379883796
79	13.053093828097241
80	8.062292866097776
81	11.834930246808492
82	9.302586289764786
83	13.503394000314287
84	7.855106297179061
85	7.37329406193021
86	9.934377415326393
87	8.367540778883324
88	11.053110725947198
89	9.29404504448845
90	10.906947000343788
91	8.92588440152536
92	6.9933325127512465
93	11.42426244386997
94	10.454965823607507
95	10.400780836677358
96	11.516640227852266
97	9.387296466404537
98	11.106105481461308
99	11.046343227832066
100	13.00548965510123
101	10.599239263072027
102	10.641158685137775
103	11.975707010140567
104	11.241774410606983
105	11.755785376743646
106	10.069893298692937
107	11.927723153759874
108	13.197102802598732
109	11.659249801332624
110	11.563303183455783
111	12.581171955874254
112	11.981088536949114
113	12.265216605783948
114	1.3673023574406953
115	8.204010868526758
116	9.508378107989657
117	9.720891683874965
118	10.972652730977119
119	11.510847902037526
120	10.777690155932438
121	9.944652519451406
122	13.606564021196087
123	10.111550539139637
124	11.327643011945502
125	12.130485995277695
126	11.014136144682116
127	11.084070206912422
128	11.195719299707685
129	11.387610706352804
130	14.02260245815692
131	14.161243838634316
132	12.902659726888384
133	13.611576395426184
134	12.399355643168914
135	11.850565976970222
136	11.563760869376468
137	12.863338306898829
138	12.441165691474739
139	15.550045553091323
140	13.975382215282877
141	12.386821347562456
142	12.036577866220862
143	12.206698615081967
144	13.145852946452422
145	13.137558049415752
146	13.473561489570834
147	14.8541431878965
148	14.208144202658296
149	15.314482582660855
