0	9.508655414452399
1	12.901107947878597
2	13.768617901432908
3	16.034098936765094
4	15.970760729092637
5	8.486763365243174
6	9.77558852343984
7	13.417726142233851
8	13.09010097173521
9	16.08771896021973
10	9.38910337546607
11	5.398393731701702
12	14.049522080262392
13	16.30820209772683
14	12.995930612757299
15	10.805612915303744
16	4.364724155466917
17	15.742453898951197
18	15.444330627271261
19	13.240846925503897
20	13.488822026949316
21	5.652688565524372
22	12.60922042146826
23	14.027057634429124
24	13.510463790055255
25	11.579726931676515
26	13.124384725592641
27	13.660827325919602
28	6.288151696956648
29	10.419633970249567
30	18.53574104585565
31	11.07253693339617
32	12.084304731293283
33	18.066648568711
34	10.934839988401514
35	14.529154989468648
36	4.35799155123371
37	12.868196088251654
38	12.352387703084716
39	15.47302773759077
40	11.55575338703826
41	18.837691884197227
42	14.380441722477867
43	16.114439990336948
44	12.342308454723566
45	12.469623661417272
46	12.738401197442384
47	13.029186603327917
48	11.677982214166322
49	12.738760945395732
50	11.19134417365573
51	13.018859424523786
52	13.359594932647692
53	12.996298089887933
54	14.70384153899776
55	13.644563986262657
56	12.190513915029742
57	12.610761451159686
58	13.54652601259495
59	11.950000767676652
60	12.239172797779837
61	15.787835179249281
62	16.60333459928278
63	7.604266617779729
64	13.09034653647038
65	14.799193439179264
66	14.67078820712903
67	15.620726320486153
68	17.883555225896362
69	10.905613955405443
70	17.119297623345137
71	15.583837363099695
72	17.537845834356055
73	15.916752603742152
74	15.31535432346252
75	16.86082681810723
76	13.124384725592641
77	17.542722734078968
78	17.33915347531341
79	6.435191745651551
80	11.201996228755226
81	15.278035269222862
82	11.604460036686563
83	11.681141192546878
84	16.34443313509305
85	13.254454864526918
86	19.82286708610157
87	4.880109982438736
88	11.708123594169018
89	16.38255558919187
90	12.5815528831531
91	11.73799126660569
92	8.850481474211477
93	13.641341388917814
94	9.130776574991696
95	3.5984740074115185
96	3.713618966562486
97	11.321423645316914
98	14.927448462574151
99	12.77131941864069
100	11.421244434593874
101	13.897439843651203
102	11.579077838193296
103	10.82978524020584
104	12.5806090425967
105	13.797565716950318
106	14.38424798855082
107	13.67518880777719
108	11.548431136078582
109	9.131781667944075
110	14.413000272010912
111	12.738401197442384
112	8.615347385162487
113	5.1377667477545845
114	9.41290625772367
115	7.700309700134667
116	8.352324198390653
117	10.31699968047127
118	8.979514071680487
119	7.713777756319823
120	10.549048341744006
121	11.192283232528887
122	7.45560566511754
123	11.222526622784816
124	9.493644523328149
125	11.316882561924228
126	11.840943559322536
127	11.063460004193779
128	11.063254227558062
129	11.322162766864443
130	9.78669478883498
131	13.917046591849902
132	8.979104190314413
133	13.125621327133706
134	11.19155249331943
135	13.284646716022204
136	13.351800168042198
137	14.708736480600347
138	14.400858158003748
139	13.358714002453747
140	11.605438684341758
141	12.324740890642772
142	14.95143481718868
143	11.946983666905863
144	15.312734207100151
145	10.550125317302728
146	12.769994766150006
147	12.962002858604777
148	16.73232118696772
149	11.614580711058778
