0	3.1466962321232987
1	5.084544496163921
2	12.50353936436684
3	5.4109177999814495
4	11.390011073101777
5	13.126723209303025
6	10.376357496070481
7	5.382460567010017
8	9.845147890830537
9	17.370098715390625
10	16.928470419811454
11	16.61697697307529
12	15.42149023682586
13	18.95437561333031
14	18.295776067230044
15	19.832705011556683
16	5.02412586977884
17	19.983678034403127
18	18.64470693540099
19	25.176555615072935
20	13.551583125263544
21	17.49777348009479
22	11.779198123161986
23	25.159409484578337
24	24.115280409718917
25	24.113874752916864
26	26.360075215372294
27	27.923697102114907
28	31.478625629493425
29	28.488724222428377
30	11.087056692314041
31	51.27316671514451
32	16.56485197130338
33	21.342734090044097
34	16.91174836552393
35	23.47260961184184
36	18.888069314589522
37	19.148521360926143
38	29.056082395287564
39	10.117277950322999
40	14.598278510611983
41	18.952912783501453
42	18.268828438779984
43	21.3443876745582
44	21.342321504995056
45	23.091661827122344
46	22.062754867549316
47	18.513176121272522
48	26.866119436647846
49	24.860431816918474
50	13.233510623788224
51	14.59660875608951
52	10.293939924160961
53	20.04418297572036
54	18.05590998373969
55	18.214311337740618
56	17.740256214599608
57	23.37739894977643
58	15.42134202192374
59	22.318429929032103
60	14.124122677370131
61	5.326613767236003
62	23.013778902970476
63	14.608302343004672
64	14.829720789169583
65	19.614467675075172
66	13.93839220644515
67	11.595288337294027
68	21.963406087379653
69	14.373902886379975
70	18.199230044113232
71	17.158893564886192
72	17.084475604671518
73	22.854474895905284
74	24.703817473492172
75	20.585072755340676
76	9.665115508871201
77	22.234065650630566
78	11.427495083802578
79	1.5777701483888058
80	11.454137101703134
81	12.853288796346732
82	13.802287313646291
83	14.496111977067528
84	12.738432430406
85	16.135565923862902
86	16.29574506150124
87	16.550396486319038
88	18.161816183496708
89	13.929244287367702
90	19.660195476709976
91	18.73021464126294
92	19.240796529187968
93	16.85763185634271
94	19.7703008715574
95	11.498146977030288
96	18.12679792139945
97	15.438898196913534
98	10.026094306523488
99	16.1072095717021
100	5.309827041130799
101	15.69538311419655
102	15.89000868300998
103	12.56544324791278
104	17.810294315872483
105	14.380339415610015
106	13.184741867180195
107	21.873397042581786
108	15.126038493436921
109	11.903008455812989
110	11.360410043814824
111	11.19148330694383
112	12.851709142016954
113	4.641612333763352
114	14.620993109309982
115	9.084674547354151
116	11.128182733439807
117	16.073893240523176
118	4.7873470175960575
119	12.387445288333216
120	12.731196869903505
121	18.5816610281968
122	8.966583527084879
123	8.145497831235677
124	9.588890551103118
125	9.507214934861263
126	13.07887180423393
127	13.628756701183079
128	7.866789202454126
129	14.85893405643442
130	11.12319942653125
131	13.148820652523058
132	6.82261638847136
133	9.199337268147913
134	11.426246642383417
135	13.451842373233223
136	11.482534988938031
137	13.779125252942425
138	5.696435928113403
139	3.218698359507518
140	13.194255963668093
141	7.333725985539202
142	4.273120265783517
143	8.463943454730327
144	11.016207603245961
145	9.659995367964683
146	11.794788459948824
147	10.557846722791071
148	5.457221852983173
149	10.765810372616144
