0	17.219430268705786
1	10.297202704027763
2	16.454990360482025
3	10.347832807025727
4	8.996498570023837
5	14.026749742467343
6	15.017345686243786
7	13.987527176786484
8	13.229484628698605
9	16.23560818795388
10	16.89218015249643
11	12.045844931235177
12	13.457228223938309
13	6.634118720482963
14	14.899682557258894
15	7.683387817893699
16	8.539731920572603
17	12.807622730082212
18	9.378155881724805
19	10.139518467762224
20	3.287295569921708
21	11.791539862024827
22	12.607229932785957
23	12.849729276827185
24	9.914366758370189
25	11.618366205580534
26	12.503969917722705
27	14.331317543298558
28	10.112422781689126
29	7.853235475416958
30	6.481820361232256
31	8.768203961726988
32	13.188810721803563
33	5.719616410321831
34	10.901692695537745
35	13.201348916211067
36	6.932365904867847
37	12.88420579920487
38	10.292713043343705
39	9.784467154693735
40	9.145900984423838
41	9.609244740299653
42	12.421450206818337
43	11.281764527729692
44	10.751626352838041
45	13.184889618576493
46	9.15477319617235
47	11.708699482047718
48	10.603807205580319
49	10.590326817760936
50	11.664882910054034
51	13.645040400229894
52	7.5604191028064465
53	12.282593428738886
54	11.637020713465958
55	8.562362652320406
56	11.251126467939844
57	10.065312546700968
58	12.230314014715987
59	12.80725430744616
60	11.553413661387717
61	8.33128134912881
62	13.767952074179162
63	11.816298478062707
64	12.302490595701405
65	13.157133685996037
66	7.2436525235498
67	11.360670561195892
68	9.077573806167642
69	12.267449555661589
70	9.682368455208843
71	13.376030893272151
72	11.937366243816296
73	16.119658663727293
74	10.118250152618087
75	8.486174135318095
76	7.164397252794655
77	12.169888535378846
78	11.130845575214945
79	11.89250700390947
80	9.225295335192019
81	11.996445187056079
82	6.163646306527532
83	9.10053508512555
84	8.589693100214149
85	9.68273366272531
86	11.968601405825535
87	13.873928675925255
88	14.103775240423774
89	7.167445525017894
90	14.293073339024298
91	14.720164425395241
92	15.53866573448971
93	11.968144081294366
94	13.537763898951896
95	5.563379548848024
96	14.451215278013024
97	14.831763300066198
98	12.120669150005083
99	16.878252078065632
100	6.6385725087792
101	11.939071539498478
102	19.408306560400035
103	10.066265465725023
104	13.608704245245287
105	8.768698267739964
106	10.930688421321847
107	13.57274429213815
108	5.628135833583869
109	13.035010107959243
110	6.034234718853043
111	14.264854156458531
112	10.420825541030577
113	15.057712562887826
114	2.513247110856615
115	14.710005475369877
116	17.691730704261378
117	17.44053908999491
118	17.43663318070998
119	11.2114336347839
120	17.788470045173636
121	19.28585846592958
122	18.636502194927164
123	14.95310056285315
124	17.786062089943055
125	18.176883595248306
126	17.394691343002773
127	14.216533994748984
128	12.27401919994223
129	13.37191250417979
130	14.374594537171678
131	15.626422362059449
132	10.59706249557885
133	15.474905349178636
134	15.507240740973916
135	12.400579706958675
136	15.321002906769149
137	15.588594818284124
138	12.959053403742129
139	14.489176730111172
140	15.697475608535617
141	12.502055760969427
142	14.450207164717424
143	12.27401919994223
144	17.15122701749667
145	12.731532140994112
146	14.255382167716926
147	16.464540339607172
148	15.440870651958967
149	15.854430555110332
