0	13.793272574874809
1	13.90526481924242
2	22.169590756187766
3	24.496184707231333
4	24.50215507958359
5	17.299331135856598
6	22.61475717780568
7	32.078886818438455
8	20.609863885716706
9	30.482976653059964
10	18.31136201620558
11	26.663694717411083
12	22.04082038005402
13	23.21491205034707
14	16.277012242381794
15	5.978393105358716
16	28.466592119687288
17	14.538904155911812
18	20.475448631147778
19	19.669964771524953
20	23.223298686221696
21	13.208155796922078
22	23.0614647819712
23	23.016806172826687
24	22.303275635950474
25	10.30161398693603
26	12.018040512849728
27	13.461927485233927
28	15.283294872068145
29	10.274870251688863
30	11.879453064650132
31	13.467697486207866
32	15.417304048284947
33	9.712808355361455
34	14.877195484557094
35	7.303916140401816
36	18.621103347442027
37	10.553734440494106
38	15.876702930447234
39	12.422512766697626
40	16.35333170212006
41	14.937082131232785
42	12.724618408626108
43	19.08341878638643
44	15.686045845982486
45	12.389064786206333
46	17.301171454605175
47	18.815347897415098
48	16.717733492506017
49	12.326722219851455
50	18.93932903346218
51	18.32711341448441
52	19.1338487960505
53	8.664878639666544
54	14.603963675723918
55	9.180430617472675
56	12.31169764605799
57	17.22188500230468
58	8.814687325435301
59	12.39987920969497
60	10.543593556750608
61	12.959375157660967
62	11.348144040052869
63	12.423221190860106
64	12.154543397745947
65	10.676904581353137
66	8.823326545713716
67	12.387890652996758
68	12.959621716205561
69	14.302215571580282
70	12.724253703984637
71	8.775506095763589
72	15.779116395939296
73	11.885199325449925
74	10.970277014981994
75	6.383734202175141
76	11.077740610940358
77	8.268490750030491
78	9.8701020980054
79	10.247889256790524
80	12.691789999545222
81	10.03348424265516
82	13.169413055903822
83	13.78865121311512
84	4.646966553831286
85	12.962339112291826
86	13.490828440365298
87	13.469621652838217
88	8.415476316613649
89	12.688770009751842
90	13.767036789112002
91	13.198478826677814
92	13.228185174716854
93	14.33487860821969
94	11.074288166314428
95	10.547568183234544
96	10.387283589646305
97	11.482568641166148
98	8.27677603625948
99	10.390015318761874
100	12.154543397745947
101	10.84005382022099
102	10.529014873592233
103	14.551840437801253
104	11.379584065622183
105	8.125885361211928
106	9.197903723750889
107	13.870643106463788
108	14.973327111093825
109	12.9954115319227
110	15.864832999824648
111	11.619970896912832
112	17.159442524286526
113	8.53057726669326
114	5.2973247624064825
115	12.692151851705193
116	10.409083169552542
117	13.801468525784355
118	11.85473180333229
119	13.899415979363903
120	12.019979871665633
121	11.885311874655498
122	12.958634621235191
123	13.496881724164034
124	13.765326339969452
125	12.95986920464654
126	11.617549641625862
127	12.689977464522952
128	15.107259963323013
129	17.435259947618015
130	14.129196529669793
131	14.570520818447735
132	15.644588743229937
133	15.106389505841625
134	16.450248087551476
135	16.7170903091454
136	17.29381136806046
137	10.146378019872062
138	20.039191854469287
139	13.211930427335833
140	17.12055437968676
141	10.819786043231531
142	16.603666169144592
143	17.261100627647032
144	11.591307502396688
145	14.602981401622948
146	17.750859889774336
147	20.475845268806474
148	21.817816325192634
149	21.594496098998903
