0	8.758845232906154
1	8.556024902904944
2	10.163974140115588
3	9.939638147148882
4	8.23431574945191
5	7.898703044560487
6	8.052533961686924
7	8.864957865816613
8	11.479817276129866
9	8.202167059183449
10	11.858986348606315
11	10.966342155766535
12	10.346759967865706
13	10.199518095877858
14	10.173142462436061
15	12.53687980283482
16	10.519455587898337
17	7.591732274904506
18	10.654088409982267
19	9.857909512973135
20	11.516347991081409
21	10.92648102080798
22	9.722662220073035
23	12.663245941240715
24	11.727015325828267
25	11.555898123058663
26	9.408867062059427
27	9.758402307613034
28	8.353141239911524
29	8.487355882967865
30	9.370695040614759
31	10.618704107956283
32	8.072270996117929
33	10.348494896496911
34	8.70637247135619
35	9.715369146200533
36	7.304179338133074
37	10.263807988058073
38	8.853724333345824
39	11.450085430840538
40	12.405717667648709
41	7.003689404582036
42	9.190727416830708
43	9.948812924155856
44	11.74539329628528
45	9.458503210890171
46	10.136012464783981
47	10.469875152462018
48	4.636152146720265
49	9.0694663885331
50	11.105876659009
51	10.014906839735055
52	11.358245533750678
53	12.374712228896044
54	10.9529822740271
55	12.477352772441618
56	13.410947136621827
57	8.691646697280774
58	14.564178073759468
59	14.511163275271368
60	10.612764587053894
61	14.06521830505754
62	12.195494114938395
63	15.180140401126591
64	13.517407093301658
65	8.966480656231012
66	12.501804313232238
67	12.57634529863372
68	13.153322460914469
69	14.110661321544853
70	11.651290528483482
71	13.336426674328827
72	14.106164912474119
73	13.946116682791944
74	16.376863546961985
75	13.122145826667918
76	16.13179660308376
77	17.43557340435164
78	18.991467164477438
79	19.452998280288856
80	19.454687845995057
81	17.798945454394552
82	16.119623275010163
83	22.558061903381624
84	17.083602621097796
85	16.400207989049733
86	15.357838970810759
87	17.781453947693816
88	13.135680967238628
89	13.369427550432238
90	16.53975066678386
91	16.906089743657976
92	18.240571475706908
93	11.165291626700903
94	16.36185915853254
95	19.821768406731504
96	18.181966070546743
97	17.981060427415233
98	19.406003061061146
99	15.927906574253061
100	15.7902114410301
101	21.253546062133566
102	20.855956305389647
103	18.01228879764168
104	20.046260046839524
105	23.18150093299918
106	13.429558621963595
107	14.949267082031625
108	17.46904993945395
109	18.950839703894328
110	22.689065038282862
111	15.001907931824356
112	7.593769310594332
113	14.37900761424837
114	12.05289384502177
115	8.703549618093637
116	9.24514469315861
117	13.036867431916942
118	12.398473246910635
119	13.52273878477508
120	11.79778838400224
121	8.550199823019076
122	9.561069616388853
123	8.553899024191914
124	9.836935420795921
125	11.483559182778052
126	7.796529974644721
127	8.662586128742852
128	11.398569841072819
129	11.401880019645384
130	8.631584725835133
131	13.392182937031434
132	8.728114969939318
133	11.440854446226838
134	11.413641715714661
135	12.995077283888962
136	7.729562060692348
137	13.32948724444485
138	7.968179108692612
139	12.109456144519486
140	10.441207748046951
141	10.060886532652342
142	10.407321318170721
143	11.044612568024496
144	9.724253489064873
145	12.956036894789282
146	11.727126183767451
147	10.510734463276552
148	11.174520892890348
149	12.405600076524783
