0	8.715934787722496
1	6.963831897942988
2	9.001154171778325
3	7.978698430727785
4	9.634207863486436
5	7.7058770747319265
6	8.109050926125436
7	7.099824340075418
8	8.802113705252712
9	8.229655028625645
10	7.302755481491881
11	9.780489615307363
12	8.061063005163826
13	6.898785315307417
14	11.151649423431913
15	7.684109336161257
16	9.09516440211604
17	8.263348488710125
18	7.085585333629067
19	7.718247323591775
20	10.045738558756591
21	9.782209747780433
22	10.055934764492687
23	7.824313750476298
24	8.719130240903526
25	9.303052892671674
26	8.164585356267768
27	9.097010634653179
28	7.399965781199785
29	7.559447922203828
30	7.349289584408824
31	8.61718997673597
32	7.454677134868922
33	4.618669487201242
34	9.64143207395095
35	4.418153015159098
36	7.605439027222998
37	8.625481857397395
38	8.862721361099135
39	8.257174782350825
40	9.536088215327702
41	10.184871055286544
42	10.140418278878174
43	8.516594702950469
44	8.606083036919626
45	9.894740134933258
46	6.679626820066222
47	8.586815441864786
48	9.810716432870697
49	8.83991214696026
50	7.47979734538931
51	9.306342709286007
52	5.37826928454057
53	10.064126212836667
54	9.850308260363038
55	10.539158126934606
56	10.0758788179195
57	9.966700374785654
58	10.970772851091741
59	10.695758047952564
60	11.118590688374649
61	10.462154307925507
62	9.687857908252477
63	8.509124747791983
64	11.284435898364265
65	9.081261033016586
66	11.497654345033919
67	11.63091510725578
68	13.304750223992112
69	10.737742183434898
70	14.18729760696845
71	14.838755796153244
72	15.538150182001088
73	14.442655407659705
74	16.395312382639176
75	18.136951371558567
76	19.99918152635909
77	19.075714074747626
78	19.142453392984038
79	14.949576885464941
80	17.94997522557298
81	16.77056793285625
82	20.590570272056507
83	17.07518980956418
84	19.534933878920352
85	17.048425388816035
86	14.238741460176113
87	18.273321762255073
88	16.80315899979675
89	16.316576343897346
90	11.678677622685802
91	10.741645571786053
92	15.748812254940082
93	13.775627915346762
94	16.06846927655747
95	14.284324120877343
96	15.798783667235954
97	19.134212063261092
98	19.187133172343017
99	19.73223832546798
100	19.906521013964813
101	21.36319072129239
102	21.512216117636836
103	16.760300337655877
104	16.809587871097033
105	22.812002761614778
106	18.32335582854172
107	24.516739993177865
108	17.402094096934942
109	21.983265131541614
110	22.091549140525665
111	20.631639658812393
112	10.77006457811991
113	17.256788244756066
114	8.676935415943214
115	31.248996571837484
116	17.92832773366271
117	18.878072093796966
118	16.702856993624504
119	18.47947561479023
120	13.040295838480787
121	13.972879809803304
122	9.355542190189588
123	13.117085080389923
124	13.665816755741744
125	13.784244363094833
126	10.893669457904256
127	11.796481848938555
128	11.146124645297892
129	9.633049438961647
130	11.349158010637945
131	9.624594442077257
132	12.129411114982108
133	12.94645921913733
134	12.055974278072712
135	10.589730002709471
136	15.656620778017006
137	14.32606538988655
138	9.637684946151627
139	12.248464321945612
140	12.346849244171343
141	14.19973161967257
142	12.468050388694415
143	15.787339346413214
144	14.888056708952387
145	9.119285760608895
146	12.965751111201849
147	10.901299327062443
148	11.64453499527969
149	9.072990909015823
