0	6.414747109555312
1	16.09414300344551
2	16.502699106591837
3	24.89787115638604
4	11.239036191266448
5	26.14922175091616
6	10.974355462798007
7	11.034266481312404
8	13.047995206381135
9	12.856526175982088
10	12.643834761565818
11	11.581963967448814
12	11.58032709875813
13	13.45200730206379
14	14.10830800857473
15	13.576290286128845
16	12.493960522462285
17	14.726278616695108
18	13.39339699071811
19	18.463364754074785
20	16.405007821431884
21	16.188033079642324
22	16.83723080771644
23	18.568301521873867
24	14.770189448267445
25	12.490066607063456
26	19.740083816701883
27	21.49531368959529
28	21.093146400316126
29	23.203803658844027
30	28.1785026106693
31	25.227122188369457
32	23.26889603840558
33	21.039227738118726
34	20.05333427119844
35	22.26263489810831
36	21.577048680457224
37	20.701609563799604
38	21.533524906152707
39	22.561780451874668
40	17.593770891079707
41	21.11025413736318
42	17.47931859901807
43	12.343126041185027
44	15.770264584310437
45	11.893472108379726
46	17.551924653203596
47	16.56845316717523
48	12.823141707469281
49	10.33391000208852
50	18.088186152046678
51	15.287514784670643
52	15.048361591615372
53	19.99963678193224
54	21.609364792203067
55	12.920046910817549
56	19.11946309539921
57	8.83413198510026
58	14.309648016506728
59	12.321610012667094
60	16.593530364028727
61	10.801947435140633
62	17.66174085219266
63	16.223050793643832
64	14.582923147013814
65	16.92575719731815
66	12.516075760737476
67	12.82435673128053
68	16.064442495398165
69	13.794544607344168
70	13.73416533711739
71	10.751649858586633
72	14.14853719203014
73	12.645269036669141
74	12.67209910968134
75	10.43942298799181
76	12.553259983456867
77	13.770772055760485
78	10.022741933775892
79	10.95693726503491
80	15.794284558157482
81	13.95348413692154
82	12.984524985507765
83	15.63414576836882
84	14.015845160246018
85	16.597921334817723
86	15.831597154429828
87	12.951602681718306
88	15.087185732627372
89	15.908387607561073
90	15.014117862671233
91	15.638037277718675
92	10.949329034967233
93	15.948702272955813
94	12.021796746444133
95	16.115140085567468
96	11.726825572442348
97	14.425576870389362
98	13.218644887490402
99	17.22609329293205
100	14.853208859529648
101	9.86654417926393
102	17.03760413478154
103	18.092817351074483
104	14.931723446322891
105	15.400584694477224
106	18.24565735644494
107	15.585580942936808
108	12.187794361258856
109	15.627563030073427
110	14.075378480897538
111	10.501622495114706
112	5.6502427075792765
113	14.699706449496446
114	14.894462859856452
115	15.083148839445837
116	12.254989793064926
117	16.88072510230819
118	17.240578280256276
119	14.372253304199685
120	16.657591179277233
121	14.154814990387493
122	14.51084316575342
123	14.167506887228269
124	13.516214091801029
125	13.45175202744828
126	13.565562292944323
127	12.326826693121342
128	15.911597783441161
129	14.66164084991744
130	15.363486589354851
131	12.249328703333575
132	12.934784297353247
133	17.68113584768452
134	12.320900629618498
135	15.155135161427296
136	13.300519565339853
137	12.053488164610487
138	15.66759455978328
139	15.341010904025516
140	15.194471633274881
141	9.319620817842896
142	8.483730307096177
143	2.305411955779027
144	3.940041483103963
145	8.934676439667113
146	11.507146418602566
147	12.462997188062994
148	16.28508977183455
149	15.945799099360503
