0	9.49969966334351
1	12.897754785014287
2	9.391673877904207
3	9.976564190481316
4	11.631827776219442
5	9.56197696927746
6	14.038900379394553
7	9.189945483436434
8	12.112391816182921
9	9.590163724001762
10	11.838769604686574
11	11.168399569150766
12	9.778609225773947
13	13.33129412993737
14	11.978617430914696
15	13.231445714070718
16	9.932634848048778
17	12.940566435019912
18	9.11723725586594
19	11.7994447493248
20	10.904682087321705
21	11.35791455532356
22	13.416474611690946
23	9.336478908402627
24	12.7858692872973
25	11.214837548943425
26	9.104753941393575
27	10.121304613911445
28	13.882513997726093
29	8.125035810670752
30	10.85286975386714
31	11.374028234385076
32	10.902839611560763
33	10.044293702712084
34	13.470813425187716
35	9.229704993522182
36	11.931039671267559
37	9.646933540876635
38	13.308009597071045
39	10.178510220458152
40	12.870131729030998
41	9.542910865728771
42	14.782636039557719
43	8.049760811354268
44	13.998584841812026
45	8.642962267952147
46	13.791679462554702
47	12.524112794678851
48	8.723109899829502
49	14.727985663043055
50	9.557965784092655
51	11.911445712125204
52	13.179297625773323
53	9.113983928604242
54	12.294515377723737
55	12.704914726171952
56	9.447267927168923
57	13.827900212528952
58	10.102606282833706
59	14.374550768273604
60	13.945442137465108
61	15.155663534972767
62	10.118627475375433
63	14.755241158503617
64	14.465230891458182
65	10.255563096338944
66	14.341772213292368
67	16.92671956299771
68	10.08711790713755
69	12.778352843625616
70	11.438451970223127
71	13.766478995597545
72	10.760441902604374
73	16.782368529160905
74	9.255931528338111
75	17.225679805575574
76	10.51471893095411
77	16.592824521170254
78	12.022295680449503
79	13.339227178172194
80	13.855978741967647
81	13.844528829161536
82	13.005299832808486
83	8.106032978140899
84	10.881241394475662
85	12.295961292457099
86	9.001322982179035
87	11.619280313077024
88	13.13690874393632
89	10.398802178717913
90	12.21952433353194
91	11.011813399219673
92	10.374589160255114
93	15.545162103624458
94	10.096871198764932
95	11.93371574956265
96	15.0725268233359
97	10.395842690788804
98	11.755058767778454
99	14.273245445056878
100	15.37751582055255
101	15.386962473224619
102	13.81936691137083
103	15.858540547890533
104	13.205946212700756
105	15.273228082595745
106	12.820148862621304
107	15.738407527670216
108	12.991597798060033
109	11.820475542321436
110	15.416033144862341
111	15.311938649581583
112	14.002368633261716
113	16.1570087815665
114	14.509976440198258
115	14.350880836781132
116	2.3256206488218765
117	7.04684013180467
118	8.23249161993401
119	9.985618356736852
120	11.484558767640452
121	10.90522532010988
122	10.743292058353532
123	11.252857841889119
124	10.59950517455688
125	11.134390709951614
126	11.98576515549433
127	6.489371737141984
128	13.510619949157832
129	9.472620629359914
130	7.233456816334128
131	9.087052779208591
132	9.017282986752484
133	8.721125547266015
134	7.570375872613424
135	8.802861530069093
136	3.615976091579002
137	11.028707083887829
138	6.4743598217595535
139	6.135138011140994
140	5.7570137227093445
141	7.312896080324167
142	5.7873374667968935
143	7.956958048142598
144	6.726756428645389
145	6.815687633514458
146	6.166055492643378
147	7.437817959661084
148	6.518913680825925
149	7.957664941249934
