0	9.101136106656252
1	5.076926676682828
2	4.562025384722816
3	19.487900223574
4	3.8009607437054056
5	17.349412681377164
6	12.210670917981506
7	17.998092960319504
8	13.481796455915767
9	18.14634963745905
10	19.14052150296913
11	7.517901560299544
12	15.754788851667719
13	7.864681911110216
14	10.88791651777052
15	7.430331145935751
16	9.18977174036013
17	9.402688572899713
18	7.601564527318023
19	12.131987020869921
20	15.007665875016233
21	12.092977710879136
22	10.044923674673477
23	6.407921829807049
24	11.890635697769135
25	15.070958494082507
26	9.801624182889476
27	16.081307042665472
28	9.6873015272542
29	5.160196174561717
30	13.861366352734287
31	11.267731058636695
32	15.232266664622436
33	15.907177456430215
34	10.554309935690867
35	10.679660574323595
36	6.824484934145661
37	7.029046673191814
38	12.119336836927232
39	13.676201355683055
40	14.859631917910274
41	15.67229320604396
42	14.960115211859215
43	10.859126989780169
44	16.94901869285171
45	7.882336737701229
46	12.638925234731389
47	11.033062829770813
48	17.44247865550002
49	13.653003656714432
50	15.157072307098328
51	13.14644802060123
52	10.09528091755908
53	15.031750950353125
54	15.375831139057578
55	16.41953220885272
56	15.61008994410993
57	14.137841837975728
58	14.540069800980419
59	14.588714141477713
60	16.186074981521784
61	15.209402306936102
62	13.792083507718399
63	11.47963468990417
64	13.445816108995317
65	15.659178491107959
66	13.169621835546142
67	13.826527533257973
68	7.548500788622796
69	10.784388618116111
70	8.36405976191956
71	7.9314217359774695
72	8.862290466107886
73	8.98579459736921
74	9.051029923648713
75	9.37070118150471
76	9.294996083023058
77	9.423314492135958
78	9.376547194783868
79	8.747302197859948
80	8.743851116695907
81	7.464436313056019
82	8.74393120169551
83	9.297053357572072
84	9.528721612642421
85	8.536712923291018
86	9.445591241596748
87	7.084053854608669
88	9.504504197900633
89	9.850711952822852
90	10.057706438776801
91	9.456315103276125
92	9.403122646268233
93	9.653177544713131
94	9.090020842086908
95	8.346714197480486
96	11.514719018800996
97	8.37674400386646
98	8.881907289348305
99	11.054637445839084
100	10.783683930489047
101	11.787016598332535
102	11.238182200691604
103	10.396163091218199
104	9.155969841752196
105	10.620639764174193
106	10.764473091614544
107	11.873574007192051
108	12.926832923216374
109	11.441355731134557
110	13.19029098421596
111	12.251262542946154
112	12.511951983865956
113	12.37494057595024
114	6.543791096453472
115	0.9294161502690805
116	11.820262165883978
117	9.194005827330113
118	9.004428941175096
119	8.848958229381694
120	9.759326688328432
121	6.1849085916519675
122	8.501669803681331
123	10.952673324511018
124	6.6629864373528855
125	9.626599564674809
126	5.977419411175213
127	9.638970881397317
128	6.671781984777364
129	9.85025559844824
130	12.095136133849412
131	8.342569091764792
132	9.40025830544528
133	7.203784285542603
134	9.380086974548416
135	8.46709535399382
136	9.728797156986506
137	9.443202886320751
138	9.20483105630213
139	12.192483121848284
140	6.414736760131114
141	10.429861924131846
142	9.880343811475331
143	11.10555097344757
144	10.845997311969583
145	8.585421117120088
146	8.328037109048825
147	12.789262975796245
148	9.180490068308238
149	7.104078041431276
