0	6.330464920271559
1	6.645640951707522
2	6.314041313325716
3	7.345008975308732
4	5.968638059973992
5	6.7389271339305
6	7.750147220944795
7	6.90743196418174
8	7.413499606123623
9	5.9812973210636295
10	7.160419669178753
11	9.013161537014179
12	8.866765072891823
13	7.646427078502517
14	9.537995412408693
15	7.987291617593416
16	6.4870066100220525
17	9.542837089244331
18	10.273575768223218
19	9.748168310044667
20	9.796846381382117
21	8.840914832008753
22	11.09664585095157
23	12.718191178320186
24	11.034132546162093
25	10.214141399754979
26	13.029177193728925
27	12.214370227590107
28	11.91303566498299
29	10.748905341423718
30	12.467058145003424
31	9.96171378576643
32	10.588064488330055
33	12.07658298858798
34	12.016865782745466
35	12.550697929439012
36	14.610607264534101
37	9.99853703037138
38	12.887477224219081
39	14.737894611983684
40	14.275613444856564
41	13.874298877139188
42	11.866567612872933
43	12.550697929439012
44	15.07372867170608
45	15.126875247808403
46	15.87269884500793
47	12.667193401660011
48	12.467058145003424
49	13.021469566112415
50	13.057032553614732
51	16.42552268681819
52	17.098526802597473
53	14.571547586102417
54	13.422454256162064
55	17.23007964884926
56	15.455206205165062
57	12.71293251921626
58	14.073406795519949
59	14.903060371630126
60	18.11753893842589
61	14.533258118870425
62	14.236952090681196
63	16.256602106689847
64	17.31066764265749
65	15.882498252878307
66	17.43241926268069
67	14.103981501726084
68	14.993795198260777
69	12.114243611128021
70	14.046818050092062
71	12.580249916675582
72	10.870138893246907
73	10.302156700523485
74	13.21237679580095
75	12.270166082344527
76	14.780651108684918
77	10.500752991756627
78	15.794251094504093
79	11.846960298661184
80	18.50839872998222
81	10.998297955579131
82	17.060761427315164
83	11.426224537059785
84	16.481020875190882
85	13.221736020979383
86	16.225735946390035
87	18.110075165165703
88	17.0991793225617
89	14.741389002530907
90	18.109207761220844
91	16.593344403284636
92	17.4894572100617
93	17.541606085347397
94	18.962180191692667
95	14.909283127748507
96	19.50852888237016
97	17.613473423179496
98	19.272414266042258
99	16.556063788216008
100	19.170332852451605
101	14.701651041753227
102	12.466941252685434
103	15.877353190261005
104	16.762752741029836
105	17.364314453658952
106	18.636382087015637
107	14.441000553794098
108	14.661469038736065
109	12.289029440811328
110	18.069567990266467
111	13.25987564746648
112	11.704506571626899
113	15.756350072308338
114	4.799363151261605
115	4.465607696168957
116	4.792631545544165
117	17.76853627267405
118	15.212751632098774
119	16.552739288645903
120	12.428167915328768
121	15.594417105701163
122	15.032450162962856
123	13.716144418486207
124	12.578195050729947
125	16.678127867668916
126	16.86381404820004
127	14.256192874305782
128	14.53999769012162
129	0.8434586138753675
130	1.2657661921553927
131	2.4395528175965646
132	5.223471895156925
133	7.681078321989185
134	7.484347093915552
135	10.694864754913182
136	6.991717216363788
137	7.913953492521386
138	5.310206976222082
139	6.840357892457622
140	10.082717491525964
141	7.159651897650423
142	6.823997868841217
143	7.0068982829801385
144	6.901351716149554
145	8.581324049996212
146	3.7914396471461655
147	5.826676436873645
148	8.318353170240679
149	3.285887034744769
