0	6.0844657552569315
1	9.517997333561741
2	5.960096394587788
3	7.369398597195913
4	8.36230374316475
5	6.976027210082722
6	9.521292327229126
7	6.339494922996364
8	7.1851423966039905
9	9.68760324222659
10	8.376487114053191
11	8.904679775170038
12	7.023891176211226
13	7.230770234330243
14	6.219346967737122
15	6.459571313081771
16	9.457569215563725
17	8.630325015494831
18	7.866569599446365
19	10.666718808933561
20	7.739090366841375
21	9.801376913926148
22	7.657916905705127
23	8.618715861859952
24	9.979568944693044
25	9.012633841947949
26	9.393759053698192
27	14.582668295289313
28	11.879836460478014
29	13.338998477182075
30	13.431014421197002
31	10.058140897755548
32	14.762653396471038
33	12.512485446463922
34	16.434196911037674
35	13.94067594214606
36	14.422553093866789
37	18.36599709742767
38	6.4667632614685
39	22.696347548866424
40	9.20234519308173
41	14.548720156898435
42	5.976625231519788
43	10.44847010295938
44	12.274265077185078
45	15.698394640961686
46	10.769510431607111
47	14.136130668692175
48	14.612216459825412
49	12.737446762454391
50	19.245956047509587
51	14.950870934102761
52	16.143194141253986
53	16.24562451408435
54	15.37569434482957
55	15.970422623325637
56	16.182908975329962
57	15.270723971604985
58	13.911961062088524
59	14.970885173782365
60	15.715065366347398
61	17.603592307224577
62	16.698094340183694
63	18.112691112182613
64	15.393213458076945
65	14.167446042628614
66	14.018224601877785
67	17.34134738636059
68	14.700463784058288
69	15.058676288986101
70	13.760238385846172
71	9.875959113374337
72	17.387626942577246
73	12.707507641575395
74	6.339724065676586
75	14.151874929943418
76	12.619346704585444
77	13.884691540915522
78	14.485639149456745
79	10.308500317056122
80	13.776477479512309
81	7.465925784721755
82	9.732717212701628
83	8.861516978223928
84	12.71029114708404
85	12.320989937756595
86	12.189323151894762
87	11.816962893592466
88	11.048527636168375
89	15.85864381150358
90	15.402059483688355
91	13.899604473366725
92	13.03362787112713
93	13.467421207606721
94	15.608437513504006
95	14.25651786426841
96	12.066684508794536
97	14.866187931433902
98	15.351708303713913
99	16.09842989517361
100	12.162311927613066
101	15.498051949580143
102	12.388273219278553
103	15.837423168667057
104	16.0180499619344
105	9.79824464819577
106	14.388661066112567
107	11.78190683495928
108	14.569647339413024
109	13.821810190524834
110	13.97506060785176
111	4.927332118521069
112	8.236409632986105
113	13.983751300277072
114	10.516669709723608
115	12.448729675848696
116	12.95757177234243
117	14.896898532359039
118	14.366477364212383
119	10.766167168973052
120	14.102053510815525
121	11.02215936845337
122	16.78334441140768
123	15.862617848585314
124	15.145116541635211
125	19.256671479786945
126	14.358774673207524
127	14.42158690443939
128	20.201194159012303
129	5.497839107262033
130	19.306582211996037
131	10.198843133706955
132	11.366809027226155
133	12.034918373000966
134	11.680670014165047
135	7.929324833918566
136	9.564606154654852
137	15.404390217073232
138	10.646950899673817
139	8.248672474336676
140	15.667419288280152
141	17.355237863609034
142	4.111424120953276
143	20.03630519948702
144	11.836838849376436
145	12.5827059733004
146	10.385011713209643
147	9.668848287996926
148	10.39037464385915
149	13.241156722386082
