0	18.109472530716474
1	17.99580853703383
2	22.738093934971115
3	22.9397658531657
4	18.83144894054039
5	21.884326042213406
6	12.513416334570145
7	5.667680787819309
8	6.688372234059089
9	14.018002585184524
10	23.0323364750399
11	12.926893849410591
12	14.405424714828513
13	11.853229268595584
14	13.941239231958864
15	12.892125070505925
16	12.988644019311298
17	12.005199092673443
18	14.326078927857713
19	20.10668692644957
20	15.684756801720019
21	15.520206302433094
22	11.654452127997613
23	14.788305965868313
24	12.231372184034049
25	17.837201824611697
26	14.06616595847122
27	18.43926879854619
28	16.176633407106518
29	15.68324805612697
30	16.44072336834701
31	16.315232182107994
32	17.600164818539163
33	17.612598935700642
34	19.958715934739633
35	13.910140382076188
36	9.214489246465188
37	18.110524113079023
38	16.842738265219666
39	18.075875432547768
40	11.468494582546658
41	17.002015718937592
42	18.715862219302487
43	18.59707351798676
44	16.563800171725383
45	13.748883502493904
46	12.257312457627618
47	24.494720208100777
48	10.481254865357041
49	7.6796858046361045
50	8.96220795091093
51	6.9412853064513556
52	14.525842106797564
53	18.045365541186634
54	16.355731868787082
55	21.766926644796985
56	20.24613666994952
57	14.285446538076124
58	19.36176354395994
59	24.529197977514265
60	20.48992373701824
61	19.889177626988253
62	13.531449418230865
63	31.26083401946438
64	16.706624651189927
65	14.911293539126175
66	15.299983835286639
67	10.127582596304455
68	11.851994354419087
69	12.384879139283397
70	7.710417094220121
71	21.720875285326933
72	9.217333059063261
73	19.467977340547748
74	13.188944164307909
75	12.49485435145882
76	11.476849190064758
77	11.635305051876816
78	5.033683019814796
79	12.270618540085858
80	9.207860547780763
81	11.14405984832643
82	12.713517005923139
83	15.749623581397364
84	16.274627891375843
85	12.258828414937776
86	11.62459864493918
87	16.443575597815354
88	12.283603376780647
89	11.222453505011208
90	7.451219603042069
91	18.06679757902085
92	3.8923908793899775
93	24.431143538454613
94	6.934560592843893
95	11.11769310453898
96	9.851449546007695
97	6.174346788561765
98	7.695905605943641
99	7.306488150734246
100	8.857930751746776
101	10.72426684484177
102	10.107751701076014
103	8.707260699826248
104	12.28231563189449
105	6.298821235205896
106	10.472172654338927
107	6.172228008828415
108	4.909899851919263
109	8.313212526936223
110	18.33480243879883
111	12.555273040865371
112	6.812659497613964
113	7.417482419783736
114	7.972815591504748
115	8.445893872511144
116	6.674924821658621
117	7.695125002932087
118	10.485209089850837
119	10.515463201142213
120	6.535905535403477
121	11.118955978052291
122	7.821875114725364
123	8.096371797825608
124	11.491636770821057
125	7.175297738134297
126	8.975695808018829
127	11.010411495653639
128	11.83965676051303
129	7.8226696570764105
130	8.963211379714675
131	9.734730302825978
132	12.62382747674197
133	9.87139135598437
134	10.741286559043102
135	7.816316594971292
136	9.099152863241713
137	12.001549719895644
138	8.067904948389577
139	10.754902486217718
140	11.100154019783462
141	12.505556465173823
142	11.251265445421215
143	9.71155203460844
144	14.951170521560162
145	9.578594675500154
146	14.539909423742698
147	9.47033588534989
148	12.011248001436181
149	13.012794029914787
