0	9.280190809371943
1	11.098236670907125
2	11.835499137480127
3	8.641525125658054
4	12.537106746537988
5	12.239724164995005
6	9.788500157610073
7	12.579765202458598
8	9.485055749260514
9	9.624433138262557
10	12.650461399686765
11	9.794031823068808
12	11.01615215114711
13	12.780280980555649
14	13.88446428894723
15	14.817535443103859
16	12.085442117529887
17	12.48529778393026
18	12.584675495282317
19	10.770867978681407
20	16.462709747943833
21	10.156657694759064
22	15.356381129064749
23	12.98189716162439
24	13.878979539254876
25	14.576810570784533
26	11.794551785218639
27	10.498093811999158
28	12.312565105874402
29	10.660633707263443
30	14.958815173183
31	13.244559867026126
32	13.355330351165168
33	13.677474944364588
34	12.148403038177845
35	14.260862502290866
36	12.979668212490456
37	9.503821806869103
38	14.19824365531073
39	11.646797874481868
40	10.351340864942555
41	11.95663415421406
42	11.79230859291682
43	10.60707856963545
44	15.152381295789334
45	12.171439082156285
46	14.286581489684743
47	13.724601076653565
48	10.054576391314942
49	8.973299905615493
50	8.396313149294354
51	7.9659013421035265
52	10.511961162275684
53	9.95867749119993
54	9.496147345493505
55	9.827783504103325
56	12.203443955500262
57	14.009576389391945
58	10.552323094645306
59	11.682223466809118
60	10.770052927987091
61	12.523995091773825
62	12.445792177074628
63	11.603632075925931
64	12.688121484978044
65	10.52518386511247
66	12.409590919986627
67	14.817819698582474
68	13.687083605830216
69	13.423492397206234
70	12.175256325982295
71	9.362139512869554
72	15.151505933228911
73	10.570029705444062
74	13.55580729568845
75	9.583845822739324
76	14.61495546326789
77	10.1408694153117
78	14.948936200671524
79	13.555548092458967
80	13.023719928421754
81	12.253104306216747
82	13.554769577835547
83	14.576670391286909
84	13.51904414900624
85	11.546650829259177
86	13.958864937727665
87	12.769755223154766
88	16.55579178349775
89	12.13337254576367
90	13.86557714394505
91	12.538064473732799
92	12.157634253779614
93	16.415187361501694
94	12.858323580850904
95	14.087329211424732
96	16.907370449424523
97	14.864381293888538
98	14.866106913999035
99	17.328576091885807
100	14.826412297104469
101	16.383022766142673
102	13.355330351165168
103	16.337537333770612
104	15.025924594706119
105	14.627507787487163
106	11.845227845278568
107	11.098552646936366
108	14.414905977647443
109	11.492958167737381
110	15.533176190288673
111	13.02308987363697
112	0.9025560836624889
113	2.3810858636157164
114	11.144573563773447
115	6.535765808073178
116	6.651836315141148
117	5.404929530750232
118	5.778048836689338
119	8.712839975905421
120	8.382882425671674
121	7.021956888801165
122	5.556555933258803
123	8.368535188193741
124	9.690194095744271
125	7.2492624137023185
126	8.273464941696597
127	10.319959914173621
128	8.641041345937992
129	10.116378585566908
130	9.361346500652427
131	11.548867671649703
132	10.620401385219106
133	10.563634358045135
134	12.077043156830323
135	10.318011642656417
136	12.131643700668738
137	9.460375284862526
138	10.922061593217766
139	11.273975352666413
140	9.850691692902632
141	8.604673264808914
142	9.50239335631703
143	9.229592182064684
144	6.405652718181667
145	7.762090484383046
146	15.60190429093746
147	9.238520663642573
148	8.373928517755848
149	9.896125729923927
