0	3.4804563030999267
1	2.930535358893796
2	2.4491418479429634
3	2.8666067269061792
4	3.54304425744187
5	2.7243446899487753
6	3.5490372056563277
7	2.999246239644699
8	3.2743762037894997
9	2.72417962840247
10	2.793083734366309
11	3.342974479221943
12	3.549152727933935
13	2.861865660900634
14	3.551319890916845
15	4.104133090624597
16	3.131473383012084
17	3.6869006418672896
18	3.1366599232356496
19	4.317498972732182
20	2.23770917582141
21	4.51227110132808
22	3.8241644043399408
23	3.00583370087944
24	3.4042694062424017
25	3.968681012812703
26	4.378573734599738
27	2.8545623440085945
28	4.786787946298747
29	3.343242609691337
30	4.168244598935339
31	3.961637296653139
32	4.924339097982818
33	3.480681672655153
34	4.580642434391685
35	5.347975441957953
36	3.542526783595474
37	4.9345086411766825
38	3.9631559496151145
39	4.6493191642852745
40	4.364191013792495
41	4.7957588777912585
42	5.464149367546549
43	4.511039125905233
44	5.888267533120558
45	4.649398790685033
46	5.0661213937358855
47	4.233253210142754
48	5.061936928445116
49	4.924466776070932
50	3.962000229457343
51	4.786829131134047
52	4.511616722379514
53	4.9247227905031385
54	6.093336502793523
55	5.001556816586948
56	6.837805775437635
57	5.749093388461243
58	4.924765356677752
59	5.2680680253719965
60	5.818721010386408
61	4.92165518295943
62	7.288981418365635
63	6.416748074359863
64	5.680794246303197
65	7.071576187170677
66	6.6973621061697655
67	7.1248862136485
68	6.368364673787074
69	4.992964029065458
70	9.762761764446614
71	6.712331569735035
72	6.557949041222371
73	5.612086998157226
74	8.245357201831133
75	7.261546308494744
76	5.8857594767014065
77	9.190815359426406
78	10.42434717316004
79	9.10724480272093
80	12.572698216449606
81	9.461991628123362
82	9.531632752065788
83	9.23190645641432
84	12.658608194966162
85	12.729101460561143
86	10.286938799881037
87	13.31421837128691
88	12.933541212548374
89	9.575432787528298
90	14.274880933742814
91	16.063416389943455
92	15.822495916102076
93	13.505867727664365
94	13.364687626300693
95	16.36719248021278
96	14.935446107727765
97	14.955562389236437
98	18.461188851624506
99	18.48897912686255
100	13.622980037653852
101	17.25427427929165
102	19.226861204171833
103	19.4312644238703
104	22.251458708458518
105	19.600018996480063
106	22.542024360077395
107	25.079945445589523
108	26.577934035762677
109	27.00258989348841
110	24.934466198984147
111	25.55133110386259
112	24.728346660869377
113	26.25467335030282
114	26.085252570573566
115	11.886552237099451
116	8.077779708102353
117	28.095145127877934
118	15.141175611395033
119	24.38247304687569
120	20.393814900701038
121	24.188439159223503
122	32.705978072419846
123	29.871703463757463
124	21.83806502038175
125	25.758363332372554
126	29.675843464086807
127	36.59954183089862
128	21.176598590671563
129	26.648574994472014
130	32.24099681613258
131	29.87111964300799
132	33.46060917607381
133	38.304889976429905
134	38.64846916158629
135	22.386583394132735
136	27.409626038892554
137	21.96497655246548
138	19.371116862238594
139	26.71029116292553
140	24.521932924631155
141	24.103861770129125
142	27.06476372156672
143	34.21127746527849
144	18.76324757303473
145	22.089971037373733
146	18.895641037157723
147	27.75072314779381
148	25.6877764730741
149	21.20948589381109
