0	11.792673746854703
1	13.504834985002075
2	12.55978101098469
3	12.809451722922132
4	12.9105325848817
5	14.644391655624373
6	10.893802087014762
7	16.090106193705125
8	8.793661448396188
9	13.223852745900796
10	13.151898406040875
11	12.597926791538987
12	13.135893377888628
13	15.802375169316782
14	15.131617583212977
15	10.342084307951275
16	12.770782608539285
17	13.703298179411807
18	15.369404582768198
19	12.881538893468328
20	12.036451707285233
21	15.900717066739864
22	13.465970863447147
23	14.123159051582928
24	11.319095728868549
25	14.512328814799039
26	13.080415768515351
27	15.02536004035213
28	10.178443562981158
29	11.93889573361318
30	13.152522664703497
31	13.55882741797112
32	10.337586378291824
33	15.856996031060698
34	13.605198075688028
35	12.115314397710943
36	15.1696835655835
37	14.221773091860435
38	14.641169331576506
39	9.802789883768119
40	18.184805336837556
41	8.10850684845919
42	9.433240552384774
43	12.437365779859016
44	11.028537748943576
45	12.190134851833523
46	11.802440556465674
47	8.837603618557461
48	12.633332498486368
49	10.801589762062685
50	12.485452168630392
51	10.656020740825161
52	11.387843171038288
53	10.753029698458565
54	11.457880896891295
55	13.396887201984217
56	13.913483885650944
57	12.038839917395233
58	13.844833100165522
59	9.405863421663847
60	13.667573057057355
61	11.594339096787444
62	12.533196494087798
63	13.704254985952787
64	10.448680068177149
65	16.97844869148684
66	12.870809717971408
67	15.106073067742173
68	10.655619545398904
69	15.302835699666627
70	10.24025010738029
71	14.891470140286685
72	12.732751156377255
73	11.171477029279789
74	10.28019567545879
75	8.771649168508787
76	10.961803116677169
77	11.595874449518675
78	7.599541184608424
79	10.2441919143421
80	10.689601278700072
81	10.725295017785962
82	7.926605115847351
83	10.416240581224162
84	10.99588410344335
85	10.45507425363701
86	10.439396914716864
87	12.12150150023163
88	9.739039116387367
89	11.073333588268392
90	7.48189077329314
91	12.40228913873231
92	10.00016277453859
93	12.142715265507604
94	10.722570122783123
95	8.958410900638325
96	12.772288839294466
97	9.927116714681782
98	13.25901903530349
99	9.380580257236371
100	12.347627225299934
101	13.573790355761352
102	10.112192714665653
103	11.349492511429736
104	12.449549660608708
105	10.342861333386983
106	11.419091097780496
107	9.624268899556757
108	13.089706752566649
109	11.928952901912904
110	13.745837946153689
111	12.910713299278317
112	9.103923496957357
113	1.640186021440722
114	11.31390899999378
115	8.447175471962757
116	8.192748400367835
117	9.58151128424981
118	12.21696171250624
119	8.526076432881554
120	8.898491923319755
121	7.707151452581717
122	10.065765198971437
123	8.036649614458035
124	8.52066886328201
125	10.436250689182152
126	9.165222862350403
127	10.830376549948031
128	10.517467741141902
129	9.105275628044922
130	12.112209478927225
131	11.517699828794145
132	9.40700427004386
133	10.134851544934106
134	11.799370177142274
135	12.141140762691599
136	12.222178142983738
137	9.624448637323967
138	13.91557698487315
139	9.798856018526466
140	13.326201848392522
141	9.01121352019504
142	11.114702513854512
143	10.832825133985153
144	9.749948722547366
145	13.595907044422688
146	7.57271343944013
147	13.49294152321742
148	9.157137041380766
149	12.184495145809123
