0	6.344026465321033
1	9.342285367378043
2	7.667674173554338
3	27.417465103726943
4	10.865137678794728
5	4.848078437261148
6	13.686600026084788
7	17.634637671852722
8	14.99952182088738
9	22.56932966472514
10	19.343569332109382
11	14.775518929511916
12	11.241527014986948
13	17.303024896715925
14	12.338852860510634
15	21.589299150932536
16	19.135632023121012
17	9.923570485610297
18	9.01524252438641
19	13.828213934161269
20	15.190566284122996
21	22.712125933847947
22	7.4804721599505175
23	12.749359555283052
24	19.562719598229886
25	21.763703179398927
26	14.968020542484634
27	12.376548905889623
28	9.168322457475147
29	19.51558938441911
30	16.694443419097684
31	10.300930305056479
32	15.75575339879695
33	13.344992088016358
34	13.649594828949079
35	17.257897954562637
36	6.165031298026456
37	17.67433080782619
38	5.588202436531831
39	12.392678742878374
40	13.66199277917378
41	18.951821521042795
42	11.241105715134362
43	11.994036214291395
44	18.386793074056747
45	12.557825251577555
46	20.26659442239154
47	12.747552911212386
48	9.946747927290728
49	16.84392572935602
50	16.50640456854668
51	12.369083435928387
52	17.307850389757842
53	6.527491662587225
54	15.590165005476498
55	19.084563476489794
56	14.448555050308208
57	14.437977212485603
58	8.60885169281787
59	1.087700813808097
60	13.861499048618994
61	9.547906452543225
62	3.3433165422317375
63	7.292237589654359
64	5.97665027128822
65	7.481216646702782
66	8.232469314619578
67	6.352250320335782
68	7.669204826837965
69	9.171789427887795
70	9.167984291785064
71	6.9099145444176155
72	5.608869107386962
73	8.421119435148785
74	5.036250907539996
75	9.548171754664052
76	9.173396929102985
77	7.292105701467767
78	8.439203673982965
79	7.277267544349447
80	9.73790848818301
81	6.734467782509815
82	11.23132253292743
83	6.91636124014315
84	11.832568942315675
85	6.90206032023017
86	9.572626703826021
87	7.649706187562905
88	6.352588668276748
89	10.677200201465466
90	10.112613647667127
91	12.775788184179042
92	6.526389282999311
93	8.255251527095153
94	6.899158848918574
95	9.944526894799534
96	10.482419320593232
97	8.618894644728053
98	7.8370925446020046
99	5.987467139703431
100	11.968144394676898
101	12.019480751508059
102	4.463962355515577
103	8.609088832959534
104	6.728384339894321
105	8.44044302103543
106	7.650605424668082
107	7.481149051038618
108	7.497981595784662
109	7.463321784312395
110	11.61630410374987
111	8.632139187183743
112	7.836808234083552
113	1.0876178785310167
114	1.4642378644638159
115	4.088376919870237
116	4.283522098956369
117	10.302177210989573
118	11.270459817257345
119	12.712863010508013
120	13.122201810500925
121	11.992682063228134
122	13.900634602243995
123	11.247848989621438
124	15.341449742582363
125	14.249531868505564
126	14.062566981163434
127	14.813208077702818
128	14.81095279641529
129	14.818991910513224
130	15.379051187452966
131	16.878117127190713
132	11.432035419680176
133	18.949632310157195
134	15.943963145535148
135	17.80182574712059
136	17.65496969908004
137	12.747071290828458
138	20.147556617309554
139	17.6178997548169
140	20.450680438184534
141	22.15829362857298
142	23.650734084250367
143	13.875835064643896
144	23.401670651291802
145	19.943993344046532
146	20.820639620169683
147	22.09987345329041
148	23.089329905935006
149	24.468655045333783
