0	10.08312831024174
1	11.108114665798901
2	8.732333205109294
3	10.56086820599213
4	10.8095556275577
5	10.43994284669654
6	10.443156394791155
7	10.574381556534734
8	9.565445987674927
9	10.366440114351631
10	10.422257353125893
11	9.276148023378047
12	9.802811617586455
13	12.186975276364148
14	8.82136147358419
15	8.195082100973877
16	9.481838473315143
17	6.960348456887302
18	10.36624629397548
19	8.383685297609839
20	9.1921293251174
21	9.9696954743574
22	8.051365715852464
23	9.148136007804462
24	9.670806802768679
25	10.090361200959206
26	8.746383497010145
27	11.151182335376289
28	9.21435683726706
29	9.305258809650173
30	10.600831913438704
31	10.87045507278778
32	10.648593611139264
33	10.237483586358929
34	9.956829995691868
35	11.861404858043633
36	9.143161593418231
37	10.325686287283078
38	10.933232331887163
39	9.84566627050088
40	11.60703698781728
41	10.601229347331586
42	11.603328482836167
43	9.120431505695764
44	9.757433573175682
45	11.57689438639412
46	12.38354161183379
47	9.375961388194412
48	13.679055191740108
49	8.893687930604642
50	7.308378083938633
51	10.566015780211787
52	10.4847563614276
53	8.256647346288993
54	11.621927460680315
55	9.664792421677218
56	10.389997646218173
57	11.580802581788479
58	10.604906197370715
59	12.879858513788625
60	8.504129143355451
61	10.754729716825516
62	10.417990957832242
63	8.071871114114922
64	10.545456910276558
65	11.07925413538426
66	8.341583054001662
67	9.274857429562505
68	12.017318795655049
69	10.897830929990208
70	13.640074144631752
71	10.085289328722691
72	11.16482332625901
73	11.87258900997788
74	10.340398906704873
75	10.397291423247703
76	12.431602201153046
77	12.111611502885188
78	9.978840498995028
79	13.349594202358851
80	11.674831892474858
81	11.25124182882191
82	14.622073087359823
83	8.254909102315489
84	10.083222094734165
85	12.468582278591557
86	14.02132756833827
87	12.300526309928
88	12.140371401779179
89	11.321525411781495
90	11.359140094873622
91	12.483654558419758
92	10.313086232728814
93	12.480587770906432
94	13.22118856519376
95	13.177100921393423
96	14.992555799522249
97	12.602979899913752
98	14.50418275617802
99	14.12359609748693
100	12.723172200596627
101	12.607031855102047
102	14.918613369321802
103	14.321947728169482
104	15.244551795250095
105	14.95436949391225
106	15.49286730026621
107	13.30626682662123
108	15.117474769876225
109	16.069560244233497
110	14.25403364831941
111	17.43362009387588
112	14.302144420386451
113	16.402240263123733
114	1.7695810485785495
115	16.56958393190987
116	14.340122592198362
117	14.787393828523571
118	17.12048298887464
119	13.652870791757229
120	13.42547410857682
121	10.986719566569455
122	14.045470132379569
123	9.127930751002962
124	15.657721564810254
125	12.607505915728852
126	15.03614079830893
127	14.542713259982156
128	10.221773443418313
129	18.01002975787916
130	10.574480198101245
131	14.577940704660971
132	14.830090730518274
133	15.086454597417841
134	19.157107741777196
135	17.61902842000987
136	16.986145494733574
137	16.813012038459465
138	12.115141826857991
139	16.97851561585784
140	14.904937800678814
141	19.030556302048
142	15.606016962725858
143	17.516653442600965
144	17.81294058831526
145	13.798388428674203
146	19.33367966323472
147	15.329721740468283
148	15.740878108318261
149	14.612580787110444
