0	7.745924211081417
1	7.318812303275941
2	7.30394092141134
3	11.32653919992044
4	6.932418554834581
5	10.52693344770763
6	10.42739209426762
7	9.534399769211738
8	9.92028350515622
9	9.48562707377217
10	10.79014336503805
11	9.364349132100703
12	8.448560228921048
13	9.631280892763776
14	7.618536637147576
15	8.09082091917391
16	7.601530320556794
17	8.253509384315766
18	10.21045240986516
19	9.051036389044134
20	8.201347204076301
21	9.028458977527292
22	10.499765374329067
23	6.731588905688207
24	9.291420057813069
25	7.365688696577833
26	9.366241514967193
27	8.881967503001377
28	8.18096318011052
29	9.630661603022153
30	9.920374670431668
31	9.341622009415907
32	10.209604505278428
33	12.270721774391342
34	10.907970646224722
35	11.36887052126695
36	10.645394655891142
37	11.225191294551427
38	10.86281839538875
39	11.297034827705334
40	11.254180593659802
41	11.781792315534462
42	12.522106222366208
43	12.270721774391342
44	12.786278116152863
45	13.109530370197351
46	11.949937092876782
47	12.238689703625655
48	14.091342239472958
49	12.712102422835182
50	15.469088520854555
51	12.93082542118282
52	11.659168921658946
53	14.704666839295571
54	15.572778267107427
55	13.978829280105165
56	14.023960307030835
57	13.673735358778798
58	11.491009268383184
59	14.015732157527747
60	14.737945533168292
61	14.340242230485286
62	16.299187312701008
63	16.586888302787955
64	15.333510994128247
65	15.128779644000407
66	11.55805570919452
67	14.413663702570185
68	16.081293502132873
69	15.717271614487677
70	17.45883856608678
71	17.62264966303871
72	17.148310700831605
73	16.58736145611809
74	18.327348603463136
75	19.269869655962882
76	17.022508165759497
77	20.63096316531695
78	20.21106819178787
79	14.413663702570185
80	18.109929221585492
81	18.373971612896085
82	18.642593535428812
83	17.845603614314552
84	18.37606608960471
85	17.556005304569673
86	20.06670365848431
87	18.448032029201894
88	16.18406060400161
89	18.52159249955747
90	20.591635425344986
91	22.192611230442346
92	15.844894534997788
93	22.096591005430188
94	22.156422055301746
95	22.667422830242323
96	18.473709986861255
97	22.173771466955444
98	24.92993781708603
99	23.543138640423866
100	22.520033682321262
101	20.718961804117253
102	27.962390385972274
103	25.56475043646115
104	27.844903542226888
105	29.548317540049567
106	25.001491463276725
107	7.746828790743002
108	7.600849190351782
109	9.291761187260487
110	15.785690673098168
111	17.967517613388665
112	1.0063799464573462
113	23.399337139015433
114	10.645591474834326
115	12.095564410790942
116	12.166791999114384
117	10.817522053044538
118	9.100902373870698
119	9.412636716240467
120	7.332700880427565
121	10.327642209795998
122	15.278406582920033
123	11.10520768563303
124	8.542080791040771
125	14.455658976229065
126	6.1516486548655305
127	1.0787443078364927
128	10.21045240986516
129	6.15213134686819
130	5.716827288146673
131	6.882932496842636
132	8.02885212259358
133	6.73152957590577
134	10.863019555926268
135	5.366882113361776
136	9.028623673216746
137	7.904952335766819
138	9.251367492639897
139	5.499746521250151
140	6.731470247307973
141	8.056295720541673
142	7.7999555716174935
143	9.267868449684002
144	5.209580156802178
145	9.702868464525508
146	6.87696009236365
147	5.281467034266865
148	7.818956230829894
149	8.060087090762057
