0	11.671642623988046
1	12.25208239471591
2	12.333400674042961
3	15.53260393828816
4	7.170160401294099
5	12.644157740452949
6	14.591968335926591
7	14.868698260593769
8	15.200033617092288
9	16.25760994643365
10	8.629847295077148
11	16.660376924987446
12	11.184759077815846
13	12.888937466658247
14	7.6729128303888805
15	9.082487788489166
16	8.521595686690164
17	6.318277684212068
18	6.56132546609901
19	7.048486878248389
20	7.184184948433189
21	6.791360806458014
22	9.481606835164726
23	8.872693292717983
24	7.292162429021546
25	8.75103314924266
26	9.725484851620545
27	8.751916200888337
28	8.751273635934346
29	11.671751949233533
30	10.45515115780488
31	11.063092852258348
32	10.698293384511016
33	10.819962039445645
34	11.79320074115943
35	12.158317243726561
36	13.77146076331829
37	10.189085697217111
38	12.52285103953965
39	16.05186725697837
40	12.158203061861231
41	10.81320101747487
42	12.044688534994966
43	13.496672448007478
44	10.605387419380314
45	14.429993370279563
46	13.374497550031167
47	13.497439666812735
48	18.482423508283205
49	16.42787234988149
50	16.28602479471191
51	15.44234104038534
52	17.877087859729127
53	18.900996003857827
54	18.072193442223696
55	19.503702472869705
56	16.665638388217143
57	13.582715732968259
58	21.706602239370678
59	16.009519274671327
60	19.820004652173257
61	15.932326874778795
62	14.470571784036729
63	17.430169983346584
64	17.9682309698634
65	23.093283026722144
66	24.34100855745061
67	22.243041688699773
68	24.23690615483199
69	22.243041688699773
70	24.66624351718233
71	20.246633645327975
72	20.256006892593962
73	31.152625712739283
74	26.381234043602657
75	23.717759535510723
76	25.906120937269687
77	13.740139733446373
78	14.955984675191411
79	13.86588465949036
80	18.31363361396596
81	20.907411768265145
82	15.440280603046102
83	18.676355613148296
84	11.916883404271463
85	16.29536364456494
86	21.7695105664893
87	16.660695198859518
88	23.78025134205048
89	19.637647718664997
90	13.991972747908335
91	21.161797708889097
92	22.186018579958454
93	26.519762614351578
94	23.400140132096176
95	26.34311029296327
96	27.171699841471312
97	22.49797554964813
98	28.420298138522636
99	23.473275003617083
100	18.556816918886046
101	19.34533484398656
102	21.39583124197156
103	19.701773849673554
104	11.209615029774945
105	20.393622143071358
106	22.390402214548836
107	17.77758978712649
108	13.832441473298436
109	8.629847295077148
110	9.133846484100422
111	9.103106459538525
112	9.233333039549825
113	9.503473900086746
114	11.16012385284231
115	11.91509168855269
116	10.454761724470886
117	10.46177411697913
118	13.609576999252829
119	11.671971422174407
120	10.454761724470886
121	10.45437232229718
122	10.577413395127065
123	10.089669519579965
124	8.752077157377398
125	11.914308618661039
126	10.211713513318587
127	11.69567640916418
128	10.942244469424477
129	11.883280237881353
130	13.90505278127519
131	11.15689713095151
132	14.105283962029919
133	11.942921183479884
134	11.187689487325427
135	13.339924967974133
136	10.697595444847803
137	12.402705900582735
138	12.673437722205822
139	12.859319731257171
140	13.617309187257428
141	12.918455944779975
142	12.859198839736116
143	13.159279048588337
144	12.375549203634087
145	12.401771167191004
146	12.917355559804484
147	11.645534126118598
148	12.677512116958617
149	13.805678158543374
