0	14.110805404678366
1	14.581840089357666
2	15.25286161741625
3	12.549152963002724
4	15.032171311909373
5	17.28961646463048
6	18.876679334213534
7	18.382873408465333
8	11.201405618531956
9	1.6779826312414592
10	16.623362917758197
11	11.174623613236676
12	16.18467759662943
13	11.623624475240867
14	17.015773640438706
15	15.753592976423874
16	15.25590298357474
17	19.330946717521172
18	11.635343537940168
19	1.6780007062975462
20	14.803165859458804
21	14.799518484622602
22	12.992917764425497
23	14.349894555570915
24	17.067757798435604
25	12.54114407002668
26	15.70521456345053
27	17.46896528827785
28	9.371281653149392
29	3.71665067775999
30	9.391879794511913
31	14.124142777483682
32	14.352066684213595
33	9.594910793308808
34	14.364028360205099
35	15.920558624402432
36	14.771527269151802
37	19.372428105121887
38	9.36947620302609
39	39.465854617569434
40	10.290279231674347
41	9.372485494339545
42	11.151393114279264
43	7.809726119172634
44	14.574108615710156
45	14.352881285150477
46	12.5377321732379
47	16.61274405132947
48	8.920196338143796
49	37.17993625998852
50	11.643170859971384
51	10.046863384924103
52	12.526803242321657
53	6.888851431653062
54	2.5838377722064867
55	7.559445406951037
56	10.27695523231898
57	9.82573404407453
58	6.204070559479871
59	0.9990508400440119
60	10.27676546320551
61	6.430090758816036
62	8.011092842603597
63	9.375151930476088
64	10.24881151596862
65	8.945534308111382
66	11.632845608317083
67	12.08670536040931
68	12.087045059812358
69	5.977663585062838
70	13.44513429928365
71	9.577659433856404
72	11.207259538463308
73	7.562636029724312
74	9.370679538685474
75	9.8241955640538
76	9.824648083238431
77	8.466100690597784
78	7.78833245767534
79	4.167241519351646
80	9.823923804531363
81	8.467870411270827
82	8.013408883116437
83	6.882124355227136
84	9.599057447774905
85	8.466023889280947
86	12.540320720595648
87	12.061870805216998
88	9.387562322599772
89	8.923212289464255
90	10.051964801535485
91	7.786999737456043
92	11.181176327783815
93	7.787981720239189
94	10.052057455650903
95	8.918159435650429
96	9.59879307100586
97	11.181905261508934
98	8.011310093774346
99	3.036643041101482
100	9.598174938382057
101	5.751365063147914
102	12.087270975423626
103	9.823923804531363
104	9.825191031087446
105	13.659956817589723
106	12.775862089678709
107	7.544620056400464
108	11.208829281328246
109	6.2035817481085065
110	12.95005221529034
111	10.535754656021096
112	10.503634023361329
113	8.696256691306253
114	8.238632900679251
115	3.9410085194924793
116	10.729235220682614
117	9.371797360766655
118	9.145675077107233
119	12.083199135236539
120	10.959898656445962
121	12.08715801649027
122	13.671684546681446
123	15.934040564550306
124	14.761478633046778
125	18.249515824314745
126	14.123609605995057
127	13.897980809236916
128	13.21896683196069
129	16.61321847884967
130	19.96268996417593
131	18.0106157231995
132	20.463525701585258
133	20.004518003312874
134	20.233497530029176
135	18.42443476101554
136	20.006440805982127
137	19.103343883323085
138	22.270297030387276
139	24.98940261969158
140	22.938303897382944
141	25.663146210869055
142	31.03445829187318
143	28.90696404943318
144	33.35750258355317
145	26.112403765777053
146	28.155740953272154
147	36.29811335271383
148	31.55124262099891
149	30.415531891745974
