0	3.456636525217434
1	3.814645917879497
2	6.534600761647533
3	3.2388485910615
4	14.558792173162699
5	4.841870518407192
6	3.1081320223690625
7	3.195372414563162
8	2.498093381243341
9	7.161497410932885
10	5.505089024443437
11	8.076670087754596
12	11.731712936045641
13	17.713884018541638
14	4.05853263125088
15	2.585219630419571
16	2.8902268403623017
17	2.3712658218935734
18	9.62593022921591
19	3.200823021528616
20	15.582509859707631
21	16.086752535209296
22	2.7982078827600905
23	3.848944134777031
24	3.718172320579683
25	6.943899475679527
26	7.0304252984907665
27	3.1080561298457003
28	2.3238476822108765
29	7.046201400277474
30	16.841849119350183
31	6.143395184399535
32	3.8490749066999426
33	3.0213847757082384
34	4.162315041917523
35	9.536362870952939
36	14.265013962214438
37	7.859047407726673
38	2.6285971806285824
39	16.43681699023895
40	3.710691383177701
41	2.9780121535101816
42	2.240528562598087
43	2.5802600067854313
44	10.169122913230169
45	8.251154376790057
46	12.893432215880159
47	12.968719537919052
48	9.88091853800517
49	9.932960282344213
50	12.302558668629178
51	17.884006208325708
52	14.269308229247413
53	9.186464064285094
54	7.01652363218783
55	12.085710657194063
56	13.385143623016459
57	15.660978331280754
58	14.269308229247413
59	11.899613444523705
60	12.053929432144082
61	12.47900694451362
62	14.837319603758303
63	17.389311796019758
64	12.36466717423019
65	12.242685520739894
66	11.04406650271195
67	14.984434033941026
68	17.897284949811475
69	6.4365116701283815
70	16.18291024847673
71	5.839223377640887
72	16.75507071830221
73	9.791610335224808
74	10.996820351238304
75	10.647751827681711
76	15.310232892816169
77	12.086630489566591
78	15.301097948757253
79	18.965388079091575
80	7.925844389750872
81	12.95732268341402
82	20.486005892062416
83	17.36304295791619
84	16.835670421360305
85	16.22054960512772
86	16.667463948216035
87	15.488624680636661
88	20.19248568713461
89	19.24028794002575
90	14.184430210344283
91	14.866430445895567
92	20.111376021142185
93	16.179479342011724
94	16.40335425864641
95	19.67007077459261
96	15.78124514010274
97	19.75824575571134
98	18.107429583506473
99	15.659924236171273
100	17.143379092922405
101	14.87429726614505
102	15.525946309711022
103	18.83554359538738
104	18.411242066392212
105	17.053569060908153
106	18.623702871200408
107	14.79192315875911
108	19.804145632934986
109	18.194039141945392
110	14.395482526676956
111	20.66446036519836
112	17.969612647732177
113	16.88593516016503
114	17.443501363662357
115	2.6761987057816485
116	18.41655271359182
117	14.26706666573571
118	12.21459060394875
119	15.649039856701563
120	13.358108322321483
121	16.965915281239017
122	16.13886190637339
123	15.527829798341736
124	19.199388077634143
125	11.432109975027345
126	14.79178167196353
127	15.268709782778695
128	16.0087360653874
129	17.22822161189181
130	18.192373275957895
131	17.096632630093964
132	20.27827227718514
133	21.229583222347514
134	18.069334071876117
135	17.704270478908317
136	19.842287054182254
137	21.12185361611436
138	22.0376078500064
139	18.444726489888318
140	20.53196664648356
141	21.59805095511518
142	15.660827238559751
143	19.63645277637929
144	15.140476815599147
145	14.962604680189553
146	15.564816263865652
147	14.304814128393812
148	14.927741341237073
149	17.23126198258549
