0	8.770598496988528
1	11.741033679100633
2	18.89240283817307
3	6.911566264583917
4	12.658401916525557
5	14.296755639019171
6	15.148586324874493
7	8.530401124013148
8	11.741254303900295
9	16.366488861701722
10	4.630650373901932
11	22.750773049065135
12	9.429004127779894
13	11.053523452499917
14	11.742574956909536
15	16.78591673058222
16	13.117457881956097
17	11.28382661828837
18	14.4935515543955
19	14.528038981604436
20	15.146141352544658
21	11.512985510571315
22	18.160868833013843
23	16.0819569348587
24	14.969617644582033
25	13.807335095491652
26	14.949832250226663
27	15.870856553160802
28	14.262713717988111
29	12.908686271136668
30	17.021602365412633
31	20.235074987379143
32	15.83671833675851
33	14.952533376554875
34	19.997926244153092
35	13.819376330985989
36	24.317585258496063
37	10.601033714592765
38	12.428943089463925
39	14.035784347386478
40	9.69559702366868
41	12.176830975265181
42	10.146653506868635
43	12.645298575374225
44	11.283299106283518
45	7.627147543939613
46	12.863120460491578
47	7.611225942122277
48	8.303703920087735
49	8.989424162150367
50	9.677491606496107
51	9.699910448522736
52	7.382204875478705
53	8.970723728930277
54	9.236553699886535
55	5.776374765524742
56	7.601406486753173
57	8.9891768646379
58	7.383933458676977
59	9.21877997693228
60	8.071927628222598
61	10.819732031975123
62	27.237495781873708
63	25.85572353909503
64	10.140625582677853
65	9.006385787171462
66	5.767366528715308
67	8.761112163838822
68	6.695508373263531
69	6.925284117359302
70	10.827602672582081
71	7.152395089489894
72	11.282244240497022
73	6.007904298717071
74	12.00000727843851
75	6.909532441379694
76	8.072000903022714
77	11.741804674193146
78	8.989011392734232
79	11.28234956038817
80	7.842787592183355
81	12.200749912916736
82	5.778543887033787
83	7.841649838943619
84	7.155220304538246
85	6.695508373263531
86	10.136015471259237
87	7.154834597014938
88	8.301205590038213
89	8.072148003866639
90	11.998765128761264
91	7.596130534057992
92	9.677044439628629
93	8.072000903022714
94	12.200520917701132
95	7.3838670533893715
96	10.594717941564488
97	14.273410362178046
98	9.463415428967819
99	9.895851514590168
100	11.980385437130382
101	10.574443867912422
102	13.837479827161982
103	11.943359589238266
104	13.347689372349322
105	9.447961765801352
106	17.246564471198063
107	11.759778909313377
108	3.0218006891977227
109	16.102682656613514
110	12.888716649215636
111	2.1081032565883966
112	9.701708543569586
113	8.299918992828177
114	12.176944999171626
115	14.492587887642117
116	13.577183564803331
117	10.620822194226694
118	13.771083344158937
119	16.787361576110147
120	10.136203236059933
121	16.09930100127692
122	17.705115839796953
123	17.246399596288967
124	17.05556393915835
125	23.43838711011163
126	16.74940250771877
127	18.62218977566542
128	20.915725025109513
129	23.895931579132967
130	20.456427220736835
131	19.769909139362756
132	21.83229493476292
133	29.63289448330562
134	23.895467375659177
135	20.74320181271824
136	24.519729154357393
137	24.58561956732044
138	28.25393670577726
139	21.89238654180452
140	29.551331795221596
141	28.25503782333061
142	21.373606236833325
143	31.339472330148915
144	29.307223639006352
145	24.584189003049612
146	35.13736358185919
147	28.330380875507053
148	33.66960551788883
149	29.63087045923258
