0	10.077631184238868
1	6.901517005259151
2	9.195761141681109
3	5.753020709298909
4	7.62223896765909
5	9.528977488418914
6	9.486196806072755
7	10.404092239569751
8	9.195761141681109
9	7.8717669466199425
10	7.606917339988392
11	5.409965914307176
12	3.803833819205856
13	15.977867305186502
14	14.764036231868102
15	7.358596330932771
16	7.325819567178987
17	7.518906129014376
18	6.635743061880825
19	7.714223173248079
20	7.235868415041621
21	7.871695553229753
22	8.66655434601235
23	7.9596159824314086
24	6.194386104620125
25	7.42518890803165
26	7.78857274206212
27	9.035246520162735
28	9.003215349816927
29	8.409539467234103
30	4.8753314958204745
31	8.47246336153034
32	9.195591293336715
33	6.634264897837738
34	9.46313783059484
35	8.664647886335555
36	8.595436140282569
37	8.934122287729215
38	7.766222534902088
39	9.57083094602678
40	8.127580535139915
41	8.85386224485599
42	6.882045006206446
43	6.548509758973743
44	8.838580045585946
45	9.579978092034773
46	4.693413019814843
47	5.910697097423259
48	6.729312777942428
49	5.838182876263651
50	9.024015389625946
51	7.0777268060141685
52	8.688466302982942
53	7.587142516805632
54	8.490293505620421
55	8.843044958541384
56	8.489827505678827
57	8.842313978352012
58	8.15333987886686
59	6.61952159868899
60	7.168402863896616
61	9.372581384198725
62	9.019365723768045
63	6.900404937729706
64	7.784190520716407
65	9.749822432651468
66	6.002871609370558
67	7.985112660608515
68	6.703087564296952
69	9.903015356434649
70	9.548883373935817
71	9.662558049220536
72	7.165436986744652
73	6.707561808108704
74	9.476011422732057
75	9.818091341839844
76	10.05783851003982
77	5.841509680142117
78	10.106159037062433
79	8.466203294403439
80	9.72634490485602
81	9.725534389260625
82	9.90237294897169
83	7.0765191807306165
84	9.89695881778561
85	9.136514048983985
86	6.267139463763716
87	9.662019597170575
88	9.964588697004427
89	9.902280597461827
90	11.143144561660648
91	10.80457442886577
92	8.11886123584781
93	12.228715645500943
94	11.814558324583345
95	9.574913859543884
96	9.168896967294389
97	10.10418246188257
98	11.817435157525225
99	11.152432855363651
100	8.831608233073368
101	13.786611047542491
102	11.66838265353354
103	11.251592242207302
104	11.376987455660762
105	10.501191446233907
106	15.315432355469147
107	12.39136611681727
108	13.062333687718349
109	10.432271407888853
110	12.019834879857026
111	22.005020856684926
112	16.091788878618484
113	33.10573818471966
114	34.10556606433679
115	27.455609349774914
116	28.884579186725237
117	24.64270580471425
118	33.02569686388911
119	42.78443668650667
120	29.841181737892537
121	29.655728328767406
122	28.808930299619362
123	31.514728267545504
124	23.05625473265946
125	35.8513247589314
126	32.525817620419296
127	27.12446433723875
128	38.115885375063876
129	37.03897294100644
130	31.366131523438085
131	28.429838816032003
132	30.30872003637629
133	37.49303139973413
134	39.958201320866124
135	24.82045572130734
136	38.927232431650594
137	25.18261404223253
138	32.85503775569259
139	31.71469123875987
140	30.434796605286124
141	37.91818686848857
142	42.138903421622224
143	29.67048136297438
144	43.098460158402084
145	36.37497981188753
146	43.728394067417234
147	30.146795759325435
148	41.112352437774284
149	33.38397942730133
