0	4.448828481360627
1	4.785845237553622
2	4.4645134394019514
3	6.73891716141434
4	7.965856296749932
5	8.870492707550811
6	8.872133851116983
7	8.713646205024148
8	8.077787572526796
9	8.538066390028026
10	6.492022043216301
11	6.954621932178155
12	7.622068297265208
13	10.361751850731679
14	11.26208636913664
15	15.163937327827897
16	16.048658319093043
17	21.311485841922693
18	22.1381061701261
19	16.265335572492965
20	23.18474248134921
21	25.132268085000387
22	23.441158453024332
23	26.42268530479849
24	32.62461196642453
25	26.153990273266324
26	28.074455164763496
27	17.803281258310882
28	32.78592710170172
29	24.38816751953826
30	22.173815251528495
31	29.190072650940625
32	19.950677387365193
33	17.556946006593066
34	21.660679338408187
35	21.004489037115867
36	21.070609300864554
37	20.295585572455103
38	17.60590732858655
39	16.6211152418343
40	20.04870119519217
41	18.51369500990931
42	15.929850838702423
43	24.385266853788785
44	21.26811953730498
45	14.241579845425978
46	12.11328999420025
47	15.540596900616002
48	18.17310415694772
49	11.52276043891532
50	10.39380557413505
51	10.502401215810874
52	17.511792751806055
53	17.620838432488956
54	16.466722673738232
55	12.472544752093592
56	17.37046446695546
57	14.896079033517873
58	14.928360378811597
59	21.022478729388553
60	21.957805033999755
61	20.539459115872983
62	12.521358689534825
63	17.735569794390702
64	16.128544938345346
65	16.244704530588233
66	14.508055641750877
67	12.500294242660699
68	18.019803792795503
69	17.931203756195004
70	19.398339786827492
71	15.76578474334967
72	13.27482203699303
73	15.764258016513466
74	10.219049885243772
75	16.01096321565283
76	19.273686229251677
77	13.95239753249589
78	12.322547270261428
79	9.844624832013507
80	11.101000369225877
81	19.942878237393508
82	17.438983232250862
83	14.173897877942856
84	15.062918304472069
85	10.380023241403915
86	16.851463957990628
87	14.566894497182941
88	15.42759838498624
89	14.20913494794497
90	15.798901887133695
91	19.26622577456195
92	15.380333367250326
93	7.219698393022172
94	7.848478987454806
95	18.332129813302288
96	16.53638221095885
97	10.77693192135896
98	14.085640786254617
99	16.190650170185457
100	17.201858004320588
101	18.339705240653753
102	17.903846332290748
103	16.542058387716455
104	15.717293236388203
105	15.671505830732414
106	11.136185825640478
107	19.209760460537662
108	12.293588482578777
109	12.117362604645336
110	10.74808721578037
111	14.6430464297206
112	7.8175928702725805
113	9.602241281824991
114	12.56751333373025
115	1.6172215623770143
116	9.889263703093329
117	6.892163028037906
118	6.149317025675257
119	9.229379666304622
120	4.580444390498028
121	7.919159178641421
122	7.326819664137527
123	6.614782570835089
124	7.992114962590114
125	8.792166154309498
126	8.765805475247952
127	7.199984295439739
128	7.444453729603671
129	8.65353407318283
130	6.953554881694051
131	8.75357058996605
132	9.347657217478162
133	8.33770029748447
134	8.455746894317462
135	10.539064185768947
136	10.088861329339988
137	8.92525676896785
138	8.677654680956726
139	8.175454724798517
140	5.540550561843499
141	8.795979187311138
142	4.300679365001584
143	5.707938080987245
144	7.326020329481842
145	7.979510342106343
146	8.158327639460662
147	7.0869760711621455
148	8.39711407056811
149	6.196190751035989
