0	3.6388466005799955
1	6.833104334061369
2	8.594168037142119
3	8.170862930436085
4	8.172520631795232
5	9.3457600484073
6	6.2471035259830465
7	6.094397089207782
8	5.072077385337869
9	7.49553046166356
10	7.327820632373201
11	8.184597850688634
12	5.318783930446759
13	8.759679351980765
14	8.591303124105286
15	7.670428601842709
16	8.02928790353791
17	7.898568199420585
18	8.276354176550242
19	8.422184945949747
20	8.573602767336578
21	8.674401375688081
22	10.215438144451351
23	7.313879508165946
24	10.047469746414787
25	9.399361637741539
26	11.133252763134529
27	9.988721331674594
28	10.686246319604884
29	10.68514110660129
30	10.014907782708683
31	10.37841770007821
32	8.486288306064822
33	11.186971302980695
34	9.454201141195956
35	8.1524528221372
36	10.182485989344617
37	9.429157209316333
38	7.353115281250507
39	9.490235712153805
40	8.362174535809775
41	10.990296869634182
42	14.537363489154583
43	14.53986518203612
44	13.028732112897512
45	13.869792899818837
46	11.716661588506742
47	11.163391587190151
48	12.611252297877936
49	10.099122305185961
50	14.53764106532224
51	13.02960000092764
52	9.702789348097564
53	10.772838001197947
54	13.94716200165573
55	13.000421751802438
56	11.522471257691517
57	14.403742947993585
58	11.689184233032453
59	14.67312732750041
60	9.596737945752157
61	15.45884307214298
62	13.879462280117455
63	10.927419573005661
64	14.990389558669388
65	11.44369952742366
66	11.743489281118528
67	11.858229679863015
68	14.989381925520533
69	18.098365866725675
70	15.29061916459186
71	15.793067867628348
72	19.24507574745356
73	15.278466612501543
74	11.690952454128855
75	6.414198899857421
76	20.5685224206345
77	10.684939708466572
78	11.12904360489042
79	10.85743285145281
80	11.438836790144325
81	13.444464457483807
82	10.527049015680184
83	11.06984715322979
84	13.364438731324125
85	15.879095363487671
86	12.896075561257657
87	11.159192596063118
88	14.202387629802121
89	15.254678149741281
90	15.03349206175961
91	15.001471331964812
92	13.703059653928172
93	14.534583160527845
94	17.217501448800746
95	12.360371557442942
96	11.211399142517998
97	10.14795884151906
98	11.371194809758542
99	12.052901169844812
100	13.532693421517802
101	13.035054781204039
102	11.674173465015777
103	12.010598770037348
104	12.358847421715346
105	13.367238688155876
106	14.067267937678782
107	16.04367579551903
108	14.202929415790763
109	16.17727564755817
110	14.311978520597219
111	14.427415714724319
112	21.355771155095802
113	14.752563807217879
114	6.816108607823777
115	13.364819953819278
116	11.354985012588998
117	10.546292772205433
118	11.158877494008475
119	10.769188568893703
120	11.523125029756176
121	10.433320876055465
122	12.697045971727654
123	13.3639295219726
124	3.6508288837743423
125	9.01042902439782
126	8.172671112856799
127	8.257175391612519
128	9.42854141637984
129	10.099595424460002
130	10.602193873330993
131	9.415110450606836
132	12.557669518164616
133	9.58832294682884
134	10.707196148116818
135	9.495449568836253
136	10.515479572358778
137	10.686447021214715
138	8.675607008850168
139	10.434007031627264
140	8.424054055972181
141	6.497942864695537
142	6.8347780965277956
143	8.087513160010976
144	8.089003233089782
145	5.49369534501958
146	7.839718893179165
147	7.5013599717831285
148	8.005260110538522
149	10.350067541973853
