0	12.56704353545988
1	30.905563649446538
2	22.067554208196963
3	22.892816124599367
4	23.938435893919838
5	26.62649321136009
6	15.473101149518788
7	24.350956775154955
8	26.221034170386876
9	2.1566246378647254
10	23.181507702882563
11	11.972649180965584
12	14.497956426886807
13	13.837045520100466
14	16.405932007533895
15	15.939544553645153
16	17.80907894450589
17	15.470858211737
18	15.037098213260371
19	9.609626527981138
20	21.804517728475677
21	3.781902701973757
22	8.227578838522826
23	14.279081288078142
24	13.861199244261135
25	10.330281433106233
26	6.606009363025697
27	3.5573943105702606
28	10.069132987608144
29	10.097693438296652
30	8.695440564520384
31	11.265387413296526
32	13.135501930897409
33	10.09663925918781
34	13.13575389794177
35	14.335358458470427
36	15.939235457188277
37	6.574744539923189
38	18.288331654106617
39	17.3602618919799
40	10.786374069028595
41	17.14514339442425
42	16.370737668285443
43	15.695097170716458
44	19.223273404051167
45	19.20905862946535
46	22.950548682752192
47	23.60172161743086
48	10.583853486216949
49	20.672310432465856
50	21.376186614020565
51	16.051544206820676
52	22.544841741454686
53	22.186472852094496
54	1.216998341659433
55	3.321605153858478
56	11.264098340922105
57	16.175250563341958
58	19.20980645676942
59	20.199934023801937
60	16.59569486547418
61	15.238091880858159
62	18.082098495279897
63	15.661500294098124
64	17.817556831532514
65	15.239712008659229
66	18.042225274732242
67	19.19150537186844
68	25.834966054038336
69	17.76767673615751
70	20.61475781003496
71	24.8452869296729
72	16.892238450540084
73	21.966065035257053
74	18.78414029964174
75	15.877640272822507
76	21.114481473369995
77	18.551396497266786
78	10.566737121149291
79	26.39156954343204
80	14.770907780774962
81	19.95450746881823
82	13.805682155967926
83	14.100610542922952
84	13.571771641369974
85	16.40879130023643
86	19.208870637599873
87	16.90388552041812
88	21.042521933598657
89	20.611743681387185
90	11.732471190935888
91	16.427727643997944
92	17.085361939558055
93	13.398800391914149
94	14.971905826542542
95	14.077641236308125
96	17.098112489156545
97	14.769482737556224
98	5.200972138239952
99	16.995332485750097
100	1.2170751523515106
101	2.3905119675283872
102	4.248161276840852
103	4.723037513463491
104	3.0877338593381425
105	11.967265155325713
106	9.394204265095034
107	3.554871107296787
108	16.804348071831946
109	17.55022629444397
110	20.593814511672292
111	0.7511042522999588
112	3.78869318840493
113	3.561781823717426
114	5.413368252861314
115	4.966789037754584
116	3.315281023705409
117	5.423697821066522
118	2.1565918319301494
119	2.3821587648408773
120	16.639043306422995
121	0.7510925581740531
122	2.627474572381897
123	1.448730946294642
124	2.6202789502933626
125	5.658466340640286
126	5.6576435990036975
127	4.956910974472028
128	4.723163791436872
129	1.4515331966771294
130	17.013651509230286
131	5.9063298354499505
132	5.657951904751134
133	2.853778691149161
134	1.6828289176889566
135	3.328155265546387
136	3.5480520716567967
137	3.7959391471968877
138	4.713973183701161
139	2.3865036389331173
140	3.796136243416614
141	5.413319480465086
142	6.592553391397094
143	5.190434210591777
144	0.7514486286308236
145	5.414247778614974
146	4.723079500831505
147	4.966967130677774
148	3.5550836285755207
149	1.9161141022822088
