0	2.5284373540828393
1	5.855758271629715
2	7.717177417778547
3	6.760885589601375
4	9.289304005890347
5	9.727467112627117
6	10.99119896681822
7	10.50612063959904
8	14.915136333563087
9	11.554549650457817
10	12.642049442237553
11	12.240097063479139
12	16.511519305016844
13	16.32784256143598
14	17.48815690720368
15	17.65230394989849
16	19.971571577354705
17	13.89941526425613
18	17.278060645316224
19	24.472610138405912
20	14.372440870721961
21	18.7102923737261
22	18.553809706934633
23	15.298676224189524
24	20.11739382208338
25	17.480454542417032
26	14.852749295756057
27	22.90539722502116
28	17.06564431251546
29	20.629677918325736
30	16.65409750319201
31	16.480606504445337
32	17.940454793832163
33	17.115388390991278
34	10.049203314249457
35	13.697374804709222
36	12.661180358893677
37	17.56221343363474
38	11.30856453364795
39	13.980787342854295
40	17.72659207271426
41	13.422890774352373
42	19.023328976460697
43	12.361107375659167
44	16.09518962052928
45	16.98983971784988
46	14.688656816548463
47	14.458406526237502
48	15.449472133481539
49	20.447642439021706
50	16.705873009667137
51	16.90659063849154
52	18.442733883881562
53	17.387941809054066
54	19.794337569495227
55	16.870353856070654
56	19.630649328286797
57	18.95258514208054
58	19.813585748442474
59	18.529776215396986
60	19.996030583488427
61	20.716706848413956
62	17.272107008495635
63	23.015429151266485
64	17.411963740725316
65	17.806482337063102
66	22.5869042113937
67	15.32343714826299
68	24.191275931736122
69	16.75026918528721
70	16.433098051635092
71	16.779543994560054
72	22.791077636019462
73	15.626469062292145
74	20.227420789254925
75	19.37416325004741
76	18.35303925231134
77	19.02369553883594
78	19.143781272596577
79	17.716942680985003
80	21.680036329438522
81	12.957172349551211
82	20.111532312125988
83	20.73370875777658
84	18.847717175778357
85	17.29710727022116
86	15.696922843506552
87	22.122074595239646
88	17.20066299780316
89	17.904130522138498
90	22.719262442628015
91	17.805628918577725
92	12.629423273854453
93	9.880149026215998
94	16.09749074916178
95	13.43445123697468
96	8.349422910983124
97	13.999993801686069
98	16.31817944038436
99	3.1625615850745445
100	19.07857585288677
101	13.47551031028836
102	9.306006100980065
103	12.093428100085601
104	13.68596550839917
105	11.934128186812057
106	10.207051589318015
107	13.503222054217051
108	10.530793338547978
109	12.18788458994191
110	12.120972605172522
111	13.77605032954809
112	11.509510166078899
113	10.418662590325926
114	12.727648157758622
115	13.11059882673671
116	12.787679454279335
117	10.19568319680091
118	12.662252279618528
119	12.748748173897729
120	8.12506450124614
121	13.545426396193157
122	11.241288358043201
123	13.064119189084703
124	12.982623472788609
125	13.058566447630502
126	12.849517402790035
127	15.352763505559091
128	14.23112210846808
129	12.048393180606594
130	13.945684014124142
131	15.221911587178472
132	13.63361296434417
133	11.619185800081214
134	14.750910548034922
135	12.292534775956607
136	13.909695368800232
137	12.627877460448333
138	12.362851272546163
139	12.469397961458236
140	14.635377555063505
141	10.830750935653732
142	12.57524836551974
143	10.772964528199939
144	10.664799789115273
145	11.675859595161098
146	11.87728349003671
147	12.600289131764232
148	11.154102586363068
149	10.171897876109949
