0	6.631651100384542
1	6.743168527116356
2	8.61011219905219
3	8.442856795244301
4	5.971429025535541
5	5.081230538910167
6	7.131824181329864
7	7.548546863643384
8	6.568520975222903
9	7.537680411148978
10	7.478192045837096
11	9.35255414261469
12	5.8669274714437645
13	9.875815384159266
14	7.65900600319791
15	8.70118466522378
16	8.442785632575044
17	6.981025600427356
18	8.622684100739557
19	8.807774679236525
20	7.5892955507935085
21	8.086291617537805
22	11.64720313737697
23	9.987867748663707
24	7.387099322085697
25	8.44745873310085
26	10.323763852537295
27	7.4514925833195536
28	8.080935550516854
29	11.80541232010569
30	9.312986302659557
31	10.296718769906246
32	11.557003412911053
33	9.754738624405707
34	11.726414916635072
35	11.730229522611248
36	13.757573446147221
37	12.702864823153643
38	12.688314429197456
39	11.63284639484786
40	14.831326388372123
41	10.164836650114175
42	12.168435823044254
43	14.492028790920012
44	11.684733637397576
45	11.820233630313643
46	10.055234892818914
47	14.804345300641629
48	12.757828569136288
49	14.078025295609333
50	14.536756192203596
51	13.524296495034895
52	17.1314319778755
53	16.870045249962008
54	20.867480230183684
55	21.49584161172962
56	14.840034412343764
57	20.038031753185873
58	15.315149023449159
59	20.52237684805598
60	18.697599192000915
61	19.652098026867186
62	23.0897892682286
63	16.267122082148784
64	23.785454572434237
65	19.99455027255833
66	26.985650410924602
67	19.716435071917992
68	23.503097640369397
69	26.834227702481233
70	20.04995461913538
71	26.247580438141057
72	16.99511074981604
73	15.415577502210734
74	22.03741839511779
75	19.958033119607563
76	18.69777742352026
77	16.460959673542312
78	23.338246809532897
79	16.082998363616312
80	18.69833073498698
81	16.234315368144543
82	12.829875941578583
83	15.579163593860956
84	9.10387695950548
85	14.188476662631297
86	17.16403775936917
87	13.784906623839005
88	14.0958389628594
89	18.643729093400854
90	15.93255618093402
91	15.798915697167216
92	17.346642248710214
93	17.09287348165701
94	14.66038179148302
95	19.938307391869426
96	11.942581825964153
97	15.216757260092507
98	18.423916287123085
99	14.294895522837272
100	15.563322243361737
101	14.259429799233967
102	19.831118887957196
103	13.555551558001762
104	17.667336335350694
105	14.990357033302418
106	20.692948879322895
107	16.591357934636456
108	18.66066793747657
109	17.519077465108083
110	14.22009660742588
111	14.474724630758299
112	20.98809258718916
113	17.58971989110734
114	13.333377871553113
115	6.2295983561435335
116	5.64636988620896
117	27.082471685492486
118	14.613742077975518
119	15.622772002511933
120	13.735262695932523
121	15.033788176023672
122	15.829509232055717
123	13.324765811376647
124	17.231054472287344
125	7.907279243854357
126	16.846281097131282
127	7.540631165164342
128	12.38837828126779
129	7.265211568787677
130	9.036022543671935
131	7.360280911055501
132	6.970419650321758
133	6.072424325192754
134	5.309225288053877
135	6.856852716678929
136	6.364717615303629
137	5.852413580533441
138	7.007101677128
139	6.484451582185237
140	6.712199285617776
141	7.193903308180646
142	6.161562815753853
143	6.690087648469791
144	6.287234255500139
145	6.418855937863414
146	6.516394644168951
147	6.793347336442138
148	6.780124938085185
149	7.0835472521905265
