0	23.15778200324976
1	22.964445065644203
2	29.502669858022376
3	25.451431632894018
4	25.514804124488048
5	26.588249862567135
6	25.581818366237133
7	28.17741085374109
8	24.120452834419712
9	24.885567496305438
10	23.816104328302885
11	23.691810093256777
12	16.696443856215588
13	19.47053959977163
14	23.175794265283933
15	19.297082689763133
16	24.956649873825434
17	16.268757858024237
18	19.288615262745758
19	12.87316717937687
20	21.362835326901497
21	14.554696677182395
22	9.67250553346216
23	25.750002857204517
24	19.577669629859244
25	19.485950219334892
26	19.342473416413426
27	23.188233935336456
28	16.69596340618253
29	11.278912474801208
30	17.97702262642326
31	13.942031931945332
32	25.206202581780037
33	10.029290574660067
34	20.580016678959712
35	14.461181958928876
36	3.3336435870214745
37	22.033098999989146
38	20.23581611513769
39	15.778684552136871
40	14.050547638181877
41	16.066436818073246
42	14.807128270601583
43	16.82405798175782
44	25.388811540543436
45	8.759081011608894
46	20.350680916852532
47	10.548191362795404
48	9.258249866297176
49	16.663547943170258
50	29.88319109306653
51	15.019318734512078
52	14.688957547342346
53	11.555691918396095
54	14.012059904226222
55	18.208810459943187
56	21.03072007419658
57	10.499235395751192
58	18.0822844517359
59	6.49044557039996
60	6.616508619716943
61	21.86292424270398
62	15.21215466897104
63	7.492630283647104
64	5.981301549253082
65	13.925074321651488
66	15.569719200586194
67	10.15127343876574
68	6.73393742947762
69	6.743663125193382
70	5.482605759816857
71	15.835234849170664
72	12.05108579505511
73	8.354460036839928
74	9.027440093975631
75	6.994524164332912
76	6.24754513259209
77	8.130652933344715
78	7.8614376694656105
79	9.51701001596622
80	6.2383270230526975
81	7.372673558022219
82	4.725906732305724
83	11.406098191774332
84	6.112271121214866
85	8.128422356231459
86	5.734775040030589
87	4.474382793704351
88	8.128645021378544
89	7.261244673473291
90	11.380554668528077
91	8.88492959276431
92	7.120272243785059
93	7.498612823583759
94	6.112487893562318
95	8.380350952736665
96	7.136312677399345
97	8.22303058068421
98	5.869430695272905
99	6.2383270230526975
100	9.262960262242661
101	7.129023351258248
102	10.132384362146217
103	4.599722709197932
104	7.2478455586402495
105	7.49854489048754
106	8.002565616642165
107	5.748269993099219
108	8.242875491948139
109	7.993441763400626
110	8.506976926786272
111	6.490387703777087
112	4.97852712515768
113	1.1987600588764806
114	4.848281991016004
115	7.49854489048754
116	11.783386983187198
117	10.018648521260673
118	12.538752152033803
119	10.270754493880812
120	13.793826401289515
121	14.572738196827355
122	11.64674896868571
123	11.661651370274129
124	16.55806903194671
125	15.063310454911301
126	14.556221069135718
127	15.189499474600014
128	14.195586082181627
129	14.782332062505015
130	16.0995562702016
131	12.538870405942038
132	14.50621764324884
133	14.208714231989063
134	14.666588685132146
135	15.091249008159728
136	14.767160274559991
137	12.67194388391483
138	14.46339073932195
139	14.558023713089689
140	12.506387515685075
141	11.780504107893524
142	14.557608391946589
143	6.743421054787779
144	18.435744902843453
145	7.250074783133124
146	8.506508347095568
147	9.15115845390591
148	9.63142798264995
149	12.77952344894089
