0	16.257318316442127
1	12.063889112835842
2	14.294437007377804
3	17.35827632012394
4	13.236677926275958
5	11.2915532025406
6	13.006264941952848
7	13.12451274456856
8	11.115868511263269
9	11.243783138594909
10	10.458860597779493
11	14.060266606136224
12	11.678313419741459
13	13.771475813315208
14	14.204465034413502
15	14.221442790572599
16	10.39417558460087
17	15.714053980361099
18	15.0372379793205
19	13.833501609129106
20	12.73333079047092
21	13.162704046397964
22	13.911346191929809
23	15.47551028739154
24	9.54392888103095
25	12.025115242289843
26	14.154400034078694
27	15.674152043486007
28	15.32139098217277
29	12.38695390962709
30	15.355590234128682
31	17.06931896228574
32	15.047877969504954
33	16.54749369292272
34	16.102850815266383
35	12.22623639583477
36	17.894085487046187
37	13.780653614873716
38	15.94295169695577
39	17.53922191499357
40	17.09542640652034
41	16.028614822981964
42	11.75243627880102
43	15.76562363288283
44	15.591586083629702
45	13.544402337832748
46	16.270238807229514
47	15.162681223514245
48	16.450545453726217
49	17.483093347557634
50	17.277064277680413
51	16.653434407673895
52	11.995213503094611
53	16.77420460882765
54	16.098817628698
55	15.850697993247774
56	14.43364307640852
57	15.97104416009226
58	14.47408789714847
59	12.132511855813146
60	17.00978664054194
61	9.427527477162863
62	14.712654800663314
63	14.491070002733881
64	11.757387957046381
65	13.154458931091893
66	18.53537806966842
67	13.54644121616737
68	17.71698745959685
69	13.823365173318722
70	16.57997990875067
71	14.219140865537884
72	16.538072283627756
73	15.609697442115648
74	11.731805914424719
75	11.632939778794753
76	9.846702871139607
77	12.302244770934042
78	13.628189336995103
79	14.019032818658905
80	13.953478948893707
81	12.432381527753492
82	11.883091185647185
83	12.158069543420357
84	15.00509292913856
85	14.691720018053578
86	12.7326058720005
87	10.71761772668643
88	15.478028209017738
89	13.322492387031465
90	13.75696891634773
91	13.591036893301295
92	12.415487703086562
93	15.881941834823243
94	16.22275552708694
95	15.556271833625196
96	12.617783689928446
97	15.471254065640785
98	15.191235997578733
99	14.189561392699899
100	14.926676643044107
101	9.937963131862755
102	16.09513405482747
103	15.970278559015107
104	13.055027076906333
105	15.08823152997439
106	15.625968129234433
107	10.840457676506121
108	16.107175388620327
109	16.529342876609462
110	14.144774156319025
111	17.08359436677227
112	15.715261935260202
113	13.136900736356884
114	15.666751409569615
115	6.167116501460061
116	8.370615609879508
117	12.224399349298931
118	10.265705589044543
119	8.71325592836161
120	11.42941112181245
121	9.636990948454965
122	11.237437533625165
123	11.884575029946792
124	13.86068841281725
125	9.784583984460298
126	13.202894119082174
127	11.91016462352025
128	11.67379684548395
129	11.635157072897602
130	11.793927264855892
131	12.812379905330237
132	11.474395301267633
133	11.792586674809975
134	13.043408134227866
135	12.935309787978799
136	11.87774873593967
137	15.903680401207898
138	9.40061093468967
139	13.759422285729922
140	14.652127991763095
141	11.744458283649855
142	14.221174105554242
143	12.77131296264303
144	14.139023295495615
145	15.135685693622488
146	12.067800939768109
147	15.94924614015112
148	13.355088058281904
149	13.627543374188907
