0	18.98592733447003
1	9.641302684637429
2	14.268397314326897
3	14.846614160873758
4	10.408530785885775
5	15.474878069118745
6	13.202471213577052
7	14.266628978980357
8	13.574546414755726
9	15.47043445869904
10	16.523640975920138
11	13.608580945441153
12	10.980134534170315
13	10.803323464639453
14	12.594659222447326
15	9.935154462464537
16	10.238319366251526
17	12.301984430136859
18	9.33119883740785
19	12.973800229742995
20	10.361058690348376
21	14.609544860337172
22	12.780873399408463
23	13.497869322961886
24	14.59766740567676
25	11.748005816360829
26	11.849144245290132
27	8.91076611083545
28	13.977740563534715
29	12.63957005885411
30	11.876103514306479
31	12.021163247647621
32	13.244299192265613
33	9.796272229867881
34	14.078434701845989
35	14.169585119154142
36	12.138473061173505
37	12.298516779733397
38	14.014112862934248
39	13.043067457148018
40	13.719512262698482
41	16.18402851654972
42	13.230073872915261
43	9.191090390849606
44	14.205925230378346
45	18.69062711401318
46	15.777428257422685
47	14.013846918266054
48	17.39081618050223
49	17.64959072961552
50	11.852828005613711
51	12.808946504108464
52	19.975539413486214
53	11.725393991154286
54	16.602316006597583
55	18.252537155340747
56	14.128637244593113
57	13.978140552497102
58	14.720817295168729
59	12.486695998731294
60	13.899322839498792
61	14.170644034404935
62	13.859214093393112
63	14.43009844051191
64	16.81996097421408
65	12.182221892990215
66	14.578704234311724
67	16.083654169578097
68	17.866087398439248
69	14.953689375372266
70	16.13747926120307
71	9.85406756753205
72	19.267891968697803
73	12.889483628358008
74	11.953614851573025
75	12.855231134467173
76	17.362673895337515
77	15.235622351634486
78	18.770350412111693
79	14.500943010094824
80	18.02946296322419
81	21.079772649600205
82	18.328477095489006
83	10.60576763482668
84	13.378748936281198
85	13.349555822835333
86	6.510921109434546
87	12.299893805035703
88	12.181876673124192
89	10.087084294585043
90	12.65854795151464
91	11.289273693025832
92	9.636361261832326
93	11.363406681401344
94	11.800856184925074
95	11.28597653985276
96	10.08727262834921
97	11.129028673331796
98	7.244654541166726
99	9.160125081753614
100	11.171490233400332
101	9.337792197450419
102	14.124865903713724
103	7.671852913077562
104	13.402072805035848
105	11.455247534396623
106	13.932734437533494
107	9.785214875855031
108	15.7663955644297
109	12.972194246178024
110	16.21942360069409
111	15.214098986069626
112	16.003694248795494
113	12.357189901044372
114	8.440516316287628
115	7.748047293626268
116	8.21626115072856
117	9.290924321319375
118	13.886361548070676
119	9.267511566749208
120	10.291978188897309
121	12.660954117242717
122	11.544468038142725
123	13.125020411514223
124	14.72672431184386
125	13.381803655023782
126	9.68627725535188
127	13.03425250528953
128	12.154396003631094
129	9.734800883076904
130	13.573562394170992
131	10.086423780387625
132	10.109490343423673
133	13.637482148943999
134	13.570788269065087
135	13.903958522270653
136	11.705518657724438
137	13.34298248374517
138	14.717724823334267
139	10.839260555715285
140	18.47129427440752
141	15.169408472778288
142	12.480898939970666
143	13.529846705447408
144	13.535771632295791
145	14.397113731657532
146	15.507848922011268
147	9.388970481533418
148	14.240028021501574
149	13.684234856557945
