0	12.911968536226105
1	16.011017546795358
2	14.507877048451908
3	14.525775879986147
4	14.029690367639185
5	12.039743821645681
6	15.637766643291556
7	12.031314456331168
8	15.896817376180111
9	13.527554761448092
10	16.058809640574307
11	16.56440698570482
12	14.532864839540707
13	12.948587351620995
14	16.746439678007487
15	16.47594995032367
16	15.489451210918634
17	11.678691878369074
18	16.739035441568216
19	15.202027941467286
20	13.78276918102219
21	11.544609962153427
22	15.562205864724625
23	11.122190779277528
24	17.99240385681159
25	14.796512054416045
26	9.067523958620042
27	12.433792861618297
28	15.253035805236056
29	11.238399172091967
30	17.313335688080635
31	16.245525555510557
32	17.054882425868332
33	12.723719746107372
34	14.390094757029566
35	18.56901754266472
36	16.192922288135943
37	17.978183223708395
38	11.05494739271446
39	17.680649519943973
40	11.913343787591792
41	12.472516144081688
42	15.64256874193561
43	11.605585961291084
44	10.989634481700705
45	9.252755144486175
46	7.5172918318443
47	5.533125132532284
48	4.915384153598523
49	6.339720143491359
50	10.307187240975045
51	10.057593315213234
52	6.584956236198304
53	9.256633346228066
54	6.648753717476679
55	13.28172267164218
56	15.697183777998571
57	12.101245144509857
58	10.306994168332436
59	14.828505927889013
60	18.30016361455035
61	15.510983765069826
62	11.729944438790522
63	11.174201755996139
64	10.614966166513812
65	14.640379277662749
66	13.962365033012732
67	18.673959665306008
68	16.129715392088045
69	20.34591430344446
70	10.118798379102815
71	14.456731795260716
72	9.5622408720722
73	11.911991977478152
74	12.040428427347438
75	14.153136136036151
76	16.50117281425709
77	17.309000911264352
78	15.44590886932868
79	10.432508710989861
80	12.29142808071287
81	15.627572243790915
82	18.678469627103166
83	16.06096843196728
84	18.8009974714714
85	22.813888373864167
86	32.12702419850694
87	32.87147659919492
88	35.95096057927452
89	28.028130269085658
90	28.953657373948086
91	37.94531453941032
92	38.74673884390499
93	33.7823592523525
94	13.710961138421004
95	10.492914699789294
96	29.57757313814766
97	16.071611605171764
98	10.30728450063734
99	13.19902256821612
100	8.703102699727
101	22.820983783810238
102	8.685784088521189
103	12.988776496989571
104	13.158526626531472
105	14.260220789239835
106	8.88185095406416
107	14.45369252660142
108	13.282228583090435
109	12.511442897024654
110	11.81918108843079
111	14.031298538366892
112	8.320999202383915
113	5.9688484343390575
114	3.044115117993601
115	2.81667119892898
116	2.125004687733779
117	4.735605653552075
118	8.320000831311921
119	8.189172306443274
120	9.07190937357203
121	7.584674821484484
122	9.186512614329565
123	7.455326378697738
124	6.839578262564026
125	6.836539462777074
126	9.432505283078742
127	7.453350413276204
128	8.57070453533588
129	10.549535714307753
130	7.773429299202365
131	9.2539612506938
132	7.447156807091861
133	9.759357232193786
134	7.017295113103895
135	7.199395328347637
136	6.347883281452051
137	6.837097376929003
138	9.933015238460834
139	11.287601319089212
140	10.935894298102083
141	8.30337570311869
142	12.618344363670925
143	11.237550839763577
144	11.368806962525099
145	11.04287272555491
146	10.481299200126504
147	8.57840556512716
148	10.56034560866631
149	8.558666890023872
