0	11.606018663966655
1	8.225741954983517
2	11.491363358210132
3	8.77770230960873
4	8.829711174951234
5	10.327567996659035
6	9.948603950433537
7	9.163496226649771
8	9.68559070654824
9	9.374679728350635
10	10.791952656446353
11	10.23917762535023
12	10.238886754891222
13	10.814583620968268
14	10.074386453195661
15	9.351539141943427
16	10.788018673291234
17	11.319085174615896
18	9.48398139032152
19	8.886239775156612
20	12.061045682262813
21	9.9516110919676
22	9.68595705016324
23	11.292665514499639
24	11.079174372897587
25	9.855412431320904
26	11.294599036414366
27	9.785164156014485
28	10.430816513697055
29	9.472368058776857
30	10.307778235013231
31	10.218479043471556
32	10.546903880681654
33	8.608650764134246
34	11.228039382663441
35	12.077997405389553
36	9.902716083822986
37	11.902247649815541
38	10.810787785294142
39	10.694020483219129
40	12.959999963312681
41	9.995604605935856
42	11.17233775257388
43	9.616616515306188
44	10.815301675319821
45	14.786187196612692
46	11.408730654691544
47	11.663436859991222
48	8.775651598953983
49	15.748756608549327
50	7.916154623535784
51	8.772341983380326
52	11.503734393351518
53	8.707832527302116
54	9.376356118735497
55	9.781831911016985
56	11.836156744405349
57	10.533620147501797
58	11.58169950819911
59	11.677948773905989
60	10.286649972890773
61	11.247066494112714
62	13.260597037317323
63	9.732284879557318
64	11.653081183580772
65	11.993621511238219
66	11.729820518173051
67	11.168524857941359
68	9.348452881852253
69	12.068992288467232
70	13.115086507597178
71	12.7006098096044
72	13.544046759410744
73	11.86220644987944
74	11.982456086987135
75	11.506708351778418
76	13.368306472624191
77	12.794196494991537
78	14.700782917940378
79	10.108584604020281
80	11.087269166265722
81	13.003599509901697
82	14.31473197161073
83	12.321128591615176
84	13.547437402578494
85	12.881482166231473
86	12.08757711203364
87	13.742561875730688
88	12.751848032861568
89	10.335095701920613
90	14.603872040800217
91	9.556225007249804
92	9.122616746987028
93	10.451253622414285
94	9.303188927874936
95	9.162551526394736
96	9.84203381272119
97	12.509993786634128
98	9.040201668220432
99	9.292496340241813
100	11.470826041869918
101	11.390194544194838
102	9.56793112461143
103	11.294061966100942
104	10.838345644486907
105	12.165436755799107
106	9.541500127370488
107	11.29416921579195
108	13.247169796454612
109	12.446482720545974
110	11.725349196705942
111	11.983026028577104
112	11.656975965495993
113	12.881116405078409
114	11.551670473773274
115	4.97593901837228
116	16.28154414477672
117	12.939272154314462
118	11.725796251133268
119	16.3204923757538
120	15.329042050211138
121	15.60110840701299
122	13.695251417965096
123	11.507667828306827
124	14.882655850818862
125	4.817801209124475
126	20.075397274917155
127	12.013547608027476
128	9.541548073826068
129	13.374084436222704
130	12.089311447286866
131	11.870010928748448
132	9.73699074247982
133	15.022575944820984
134	8.158074741079433
135	9.47290383372777
136	10.526931855061381
137	9.593157906910525
138	7.888010629471056
139	8.444014926708657
140	7.64931869513196
141	9.376268010206605
142	11.41496339253713
143	9.185459899425009
144	10.23917762535023
145	10.407261860878865
146	10.910811010358023
147	10.718666502003531
148	4.782255070948418
149	8.129737661705622
