0	8.431223669840476
1	13.923475530148323
2	9.292089367915068
3	11.414482946934594
4	10.536631080225586
5	8.20456129967691
6	8.580748247964692
7	13.842406119048754
8	10.980099589626853
9	11.097840922011072
10	13.926280186795477
11	15.890400584907896
12	14.991952227910113
13	13.40854378113675
14	12.514876409000534
15	16.106493385561375
16	12.752625840112346
17	14.709524308625879
18	11.839241252532927
19	11.963868638243461
20	13.763345069087425
21	11.611046488488956
22	10.8267648972997
23	12.972463639761425
24	9.298811512319128
25	11.7139836119755
26	11.580015286014495
27	9.448085679099169
28	9.880378070681424
29	15.148991263545694
30	14.471090546437996
31	16.27521509961658
32	12.235153313551782
33	11.776730026327066
34	13.335895098854794
35	15.158555303351125
36	13.895687485901531
37	14.796326042787467
38	16.75137649411114
39	14.171495444837563
40	12.348034707749955
41	9.713096462790848
42	13.194053002559542
43	14.280781078667065
44	12.077475194816673
45	14.040759159984294
46	14.637583253737278
47	12.784768767483245
48	12.78904496009354
49	14.436535135454811
50	11.846003736602642
51	15.495038910236701
52	16.38667844065137
53	12.913083665261949
54	17.104612064460255
55	14.277687314091825
56	13.807771161593726
57	12.575550842012298
58	13.030759742991151
59	17.08770207279807
60	15.460974569111139
61	11.475394104147384
62	13.13975169992053
63	13.458112893051995
64	12.556189742169463
65	13.887396652785032
66	15.271467413989305
67	7.850028158450788
68	13.100848265559382
69	10.157757784946584
70	12.706583222688662
71	18.52393783571821
72	10.85505228634365
73	17.46271008501498
74	18.81796707315989
75	11.94095662388002
76	19.89276194409319
77	9.683597473171384
78	14.793479491094397
79	9.604402194774005
80	12.38575866305391
81	9.76832369859071
82	11.22197165445435
83	9.678496992175893
84	10.544501765984307
85	13.425506887716093
86	12.859632955809854
87	10.705020793564055
88	10.532949051165835
89	11.554768947050423
90	11.635838583712864
91	17.65742527862423
92	10.282048208890801
93	14.349842648726362
94	12.31793344295169
95	15.262616592947076
96	11.912894953520881
97	11.259886237462831
98	17.062935143531462
99	14.492244459176469
100	18.94009962168476
101	10.50314756905795
102	15.554840626156581
103	14.709524308625879
104	11.556590703283858
105	11.695304464719612
106	14.154909789585613
107	11.526327676449833
108	14.00901034777307
109	13.137741456516993
110	12.359463614456766
111	12.003042777031665
112	16.88241105246999
113	4.060427285369138
114	11.698645044376791
115	12.119404726923584
116	8.421090172935271
117	12.010407353393537
118	6.006891300043198
119	8.350200697749347
120	12.513785584132037
121	9.131942673864723
122	14.163333789477372
123	12.780374636450514
124	14.198803773644038
125	12.599820473451038
126	14.158441293778592
127	9.211959194858904
128	18.401620933832206
129	11.990249820095672
130	11.148230021752097
131	14.868056605210336
132	13.769493690574404
133	8.989156857907048
134	18.81791821900729
135	11.507320893469723
136	12.29376214463174
137	9.851490003410607
138	12.58791420752823
139	10.465865677971296
140	11.339994852423056
141	14.161837923897796
142	10.751531991158464
143	11.563508794178631
144	13.648817514533885
145	13.937240478867556
146	14.383578402044275
147	10.302955010207468
148	13.313435336062115
149	13.805653053231994
