0	7.577055744731695
1	12.47986423710776
2	2.9933636516031803
3	8.541824058928167
4	7.695156567177453
5	10.433922911326308
6	10.990825836877052
7	8.108967050482565
8	4.062143953608345
9	8.090109685868917
10	9.184549399767453
11	8.914669562637817
12	2.7986713454207695
13	5.190277112884431
14	11.260522111953549
15	2.4412454994979074
16	10.978811811711818
17	4.43066108848501
18	3.121676708425682
19	10.945012359291661
20	4.357191235170047
21	5.418564944447885
22	13.813468175325662
23	5.098291867939383
24	10.912739673094622
25	4.673499544089884
26	9.14632041136023
27	11.77903036226933
28	12.013340692151619
29	4.88752751775766
30	5.7234137534647225
31	4.693632507651604
32	4.990789890909505
33	4.4350513275063035
34	13.49018894695591
35	9.70120909371782
36	12.525239550308394
37	8.150363338859343
38	16.843927616311916
39	4.684909771874178
40	17.858879705361417
41	20.594929658148857
42	20.594070662899053
43	17.547824958638856
44	24.96675927274806
45	27.60450682550065
46	20.289577070240753
47	27.16944604400805
48	26.049440757931052
49	23.78739473812035
50	34.04786213940117
51	21.13260091207269
52	27.900115522948024
53	32.8031667458033
54	23.710512067044693
55	33.854483324724654
56	28.699275263292908
57	32.078307179611
58	29.01757836607743
59	25.12258483849819
60	30.35680392728487
61	18.62476736972723
62	25.906783954764432
63	25.77848854127113
64	12.943561886542641
65	27.383493858912278
66	15.939481168107816
67	16.50563847029511
68	23.209118990430124
69	16.559475117394776
70	19.445870120900896
71	20.419675378104575
72	4.011392140880472
73	30.124858645741618
74	11.936901849899261
75	13.740011722281798
76	16.385039588243366
77	11.50039797551482
78	16.244965905540482
79	13.938259605651465
80	14.867847983817148
81	17.88640071044643
82	17.5830275941582
83	16.12947227202783
84	14.948696723282968
85	13.652969054798469
86	19.21623372689093
87	12.412686276209628
88	15.42173678782428
89	17.6839238759948
90	12.846348072536687
91	21.07184101960353
92	17.7753188690887
93	16.992167501926705
94	17.84189790344983
95	14.322506696488535
96	16.98858991425423
97	16.56160932688536
98	18.232618166740423
99	19.352708565030575
100	13.264301532337862
101	17.88446494863527
102	16.087190289607406
103	13.613663105175672
104	20.12353670210605
105	13.150647853011511
106	15.185609113035952
107	18.988843390175795
108	10.133238037164707
109	13.495755022715663
110	10.951627980058763
111	17.779921803940127
112	16.832767209881542
113	17.72309258441458
114	13.57775485245223
115	5.005704540023628
116	14.711660070723337
117	11.511888226416147
118	14.791561081859594
119	12.441620186789539
120	13.226113745991848
121	11.465980044194165
122	14.823683613581544
123	12.161676345902944
124	12.648870295981686
125	4.209704890912088
126	11.77444838191984
127	14.360879026892652
128	15.108889867084264
129	11.930102614528666
130	16.51899721537313
131	13.182007112182522
132	17.72907001959568
133	12.864475733724891
134	16.178545591801544
135	13.541915447438383
136	17.38703426896407
137	14.519700428703986
138	16.55612396596927
139	17.510377367346848
140	16.90839870423113
141	14.824058908325675
142	22.738858341838206
143	11.079505124311973
144	14.203389520724063
145	13.693907677630651
146	14.990367253064681
147	12.311752990614115
148	14.759482890323019
149	14.47901949606153
