0	5.008012294839553
1	5.596892499276283
2	8.113443004661335
3	7.079603864767318
4	7.130096392722404
5	7.619901154536802
6	7.590395243199463
7	7.3089087384157665
8	8.72607239731587
9	6.20090511679247
10	7.868974823313495
11	8.455503678509684
12	8.373340008350716
13	6.219875288128913
14	5.902693218196431
15	7.26177109442898
16	5.619723097467016
17	9.435237401051854
18	5.151467743350981
19	7.00315721601217
20	6.906502873599148
21	5.921394140795247
22	7.566921054983942
23	7.8402513282297
24	6.065140485917787
25	7.648221058074304
26	6.0223631437730045
27	8.175700449138946
28	7.843421766596512
29	6.689853665831098
30	9.059079281686543
31	8.80029612393175
32	8.70085309895354
33	8.648907004306057
34	7.177074473724673
35	10.700032588885282
36	9.591228160468535
37	8.532219098414057
38	10.764434010173783
39	9.13148561266508
40	10.537498275477954
41	8.767320525139983
42	10.5162093460683
43	11.260245847706052
44	10.71017391049038
45	8.674460269010469
46	10.960236716809916
47	12.35613237781795
48	11.817257558379117
49	13.236988690594478
50	11.780190988639472
51	13.142083792449778
52	14.859168602679558
53	11.609941650899813
54	13.40483009727638
55	15.999823872391906
56	14.103144883954245
57	15.929578341723559
58	11.840909326969886
59	13.4407948367075
60	17.87173289324659
61	15.88887441579471
62	12.483950070774178
63	14.040469945744247
64	19.438530113382832
65	16.801157307254332
66	17.742875098205214
67	19.99351491315176
68	17.72331287883317
69	10.063995988437975
70	27.31434022230231
71	13.711800016875175
72	13.411228239392335
73	15.518962590816248
74	16.64040287720764
75	13.681451387227927
76	18.48589916439426
77	13.493006846841075
78	15.669644351821125
79	16.421898565700932
80	16.437506481635243
81	15.181838207231417
82	15.78410209302738
83	15.474446205873022
84	16.315068946336268
85	14.041425559808
86	18.65361155881809
87	10.230612609952043
88	15.072008781671853
89	11.15463542059709
90	11.965106350985366
91	11.874681757737799
92	9.708336892419817
93	12.93111129413992
94	14.752511996798892
95	10.753736676615219
96	13.453637075751102
97	14.303955422641744
98	12.832410852849057
99	11.494753095121453
100	15.987484245142664
101	14.690461989165717
102	10.984640895754993
103	16.278955458535577
104	10.891166580709408
105	13.984676817587625
106	13.288860743840734
107	16.425259269828537
108	12.387927466242477
109	14.043434090956463
110	16.098435204048993
111	13.068972477265495
112	14.85218960916473
113	16.197523761147153
114	12.085472667778037
115	9.182159106576655
116	12.434722246979574
117	6.1235335254015215
118	6.784289720106903
119	12.233621809310094
120	10.202920777888894
121	3.9105789455618827
122	10.782884503240906
123	8.109318447586352
124	5.68500369611572
125	7.865004421510449
126	6.979511028793645
127	7.833630608280117
128	6.322040902196907
129	7.254201061669848
130	7.596776161620289
131	7.717336763502013
132	6.51971529534489
133	7.961233954481955
134	6.503530022439568
135	5.854314573947994
136	8.679716008773546
137	7.990426716863652
138	7.6073442390932655
139	8.250511700144102
140	6.53528053850132
141	8.553133611400472
142	7.189415081457657
143	7.181509240962534
144	8.856509390530155
145	7.191574493694796
146	9.101490090254428
147	9.066181148681844
148	9.623499012983597
149	8.778454083907082
