0	6.892635431271617
1	7.3577486267443755
2	5.820302458607996
3	7.159863325179842
4	7.650963321818973
5	6.272707381878314
6	7.429292965023302
7	6.546342180573369
8	6.05180748104578
9	7.859541074232048
10	6.390334754498299
11	7.495964149965465
12	6.755543147527903
13	5.997917409771455
14	8.133137236857026
15	6.271849602586061
16	7.395571690418576
17	6.753311615571432
18	6.652017776869866
19	8.080479543395862
20	6.424039727155091
21	7.910279415711339
22	6.272878627828657
23	7.375596930993681
24	7.994906800254272
25	7.100344705239066
26	7.268159627474045
27	6.253305649937313
28	7.568114609641783
29	7.2373391869782875
30	7.238074596407198
31	8.195763902571434
32	7.174009238354145
33	7.4443537149328
34	7.673529031181141
35	7.692804136843876
36	8.50430707295858
37	7.115177425125836
38	7.741271252878429
39	7.940302054269487
40	8.201417491316953
41	8.324168875029255
42	8.631252912701123
43	8.568607151704484
44	8.112279421192778
45	8.133212895242682
46	8.602502808587797
47	8.353593388969333
48	8.772888779616556
49	8.236552089547763
50	7.599469682438236
51	9.511337740709134
52	10.401259711804995
53	7.964611794768746
54	9.153224497535222
55	9.30272845250959
56	11.003514906102131
57	9.304128382796891
58	9.674297408787385
59	9.825403840897692
60	10.376452460700511
61	11.160168323160509
62	10.443233605300554
63	10.685893596618014
64	10.642101743522385
65	11.513708226358407
66	11.991645341356637
67	8.419009381274243
68	11.15942431493234
69	11.512833759121149
70	14.429689245032222
71	10.992469698654004
72	11.267786452377068
73	10.997708531383921
74	13.182663167893422
75	10.887749698237561
76	11.918680282803601
77	13.20088012688521
78	13.059672974575346
79	10.096752849726926
80	13.466981710083735
81	16.115343961519958
82	12.577216136724452
83	10.347747232612369
84	16.22890004035187
85	16.411091825436507
86	13.64372089252741
87	15.745715215043857
88	14.810914315515182
89	18.517067489009552
90	12.540554257409234
91	13.609520499452138
92	19.98296780668684
93	19.86790163466611
94	14.406889986532425
95	14.80840270223764
96	21.33522866632357
97	16.367483080443233
98	22.18268527252002
99	16.216362113467216
100	15.092403445100238
101	22.452185978097404
102	16.243717679522184
103	23.171657545343546
104	15.675944824422055
105	18.38205688246029
106	23.221415841785756
107	18.794321294462453
108	24.692999425065228
109	23.37106973386594
110	19.840552585139147
111	24.65828313797315
112	24.703066709060266
113	1.619819568471863
114	8.144872423340253
115	7.19261408514904
116	8.244857407777163
117	29.68282753062052
118	12.472740187206025
119	20.951148048200434
120	19.435974084457055
121	16.1771881099201
122	18.823003059071013
123	22.444825750808217
124	17.51499623763094
125	27.131943948779874
126	11.319289995866693
127	22.03645449491246
128	27.721803652607544
129	14.614619520598856
130	22.076879930554433
131	18.553981643347836
132	8.477439588788064
133	8.362063424679988
134	27.25123037086295
135	7.97420853131123
136	11.125729654581052
137	7.665642428961746
138	2.963796250644234
139	31.344850257171405
140	14.249736420444398
141	11.612741519306534
142	19.37911186003488
143	12.851017235759723
144	19.53611051413442
145	7.237873923613629
146	5.446345009261675
147	7.547834093067507
148	21.3259759954342
149	14.539683420539768
