0	15.280505095064989
1	14.816338266410943
2	14.121216113022331
3	14.654498344492842
4	14.443962063805362
5	17.15694775304753
6	14.127910447675436
7	10.003609416872624
8	16.04790018764689
9	16.323378474286418
10	15.644057719030208
11	14.4825119969713
12	16.453169916754508
13	15.64895163524001
14	14.370576124026067
15	15.643264749418101
16	12.930633076006798
17	16.771376220346703
18	10.063643145034996
19	12.63830966982077
20	9.614846373663017
21	8.904508414666727
22	9.411440346226145
23	11.037652623809688
24	8.567053456252452
25	10.623505911136808
26	10.00436997043636
27	8.929451418312048
28	14.165755929937907
29	11.329488402566781
30	14.088198473197695
31	9.069878861607133
32	8.750712607260242
33	10.89027283862067
34	10.970456510562629
35	12.968385230655842
36	8.873757079307602
37	11.289610561513358
38	10.049771092543871
39	9.170286095818415
40	10.342280328282701
41	9.67268281962295
42	13.252849572095565
43	10.484524961252118
44	8.113463839779174
45	11.249946708617413
46	11.560179249847678
47	12.769078764596893
48	10.120536488159393
49	11.095808932203681
50	10.426367681209188
51	13.047726882187426
52	10.714669175000736
53	13.257590816606143
54	10.638250212971784
55	12.895150555027678
56	11.033125972072508
57	12.462339157154549
58	11.16890960776742
59	13.805084348062145
60	10.555938110802881
61	13.546634048809235
62	12.615774493040842
63	10.60259441061999
64	13.529066140693738
65	14.515718495079064
66	9.054420813716352
67	10.116107318320175
68	10.969725544630434
69	12.885083062446823
70	11.781304227260613
71	14.167037721416149
72	11.52919498446656
73	11.92550760806333
74	13.216564585818373
75	14.929743151999293
76	12.888835490941355
77	13.39830035621803
78	9.946927939910726
79	12.640129832710358
80	14.129813809847239
81	11.810100900912378
82	13.494459407531837
83	14.766377635898888
84	12.60961942282021
85	11.285524961738709
86	14.174594835997642
87	14.889322429682519
88	9.14752926408198
89	10.230299653772418
90	14.126121450907663
91	9.732471257354911
92	11.250804335269605
93	6.114275657692621
94	8.467371756885242
95	9.73725824763099
96	10.08459784708988
97	11.383635335499445
98	14.328105050266238
99	11.369473630469528
100	8.728809738832906
101	11.637812312656576
102	11.529744714252384
103	11.023786085499243
104	10.801835058694943
105	11.881678794996684
106	14.773344526136984
107	10.657328937589652
108	13.088527346472178
109	12.218533834483512
110	12.596896701655085
111	12.564217910473793
112	12.384036532974187
113	11.572844746658355
114	13.962202176684277
115	11.294238246304374
116	2.2130580389394163
117	12.64839525745632
118	11.199412137999879
119	8.050699714541485
120	12.648884214894824
121	11.766184451685426
122	11.658539288744615
123	10.477458005266612
124	8.610331630132606
125	13.809103685284267
126	12.488103411682742
127	10.821681920592143
128	8.994134288845997
129	13.928394484363562
130	10.609351168443549
131	9.58468981718637
132	10.649436541737698
133	9.921375975658526
134	11.724863884312247
135	13.761047993761977
136	9.668900225780412
137	7.306015755738012
138	13.77969623337848
139	8.031484352156713
140	11.52941454208052
141	8.427186875477314
142	11.361539914445238
143	8.566571860998048
144	10.570973861651845
145	12.292544602744119
146	8.868053054680496
147	7.746976252735489
148	13.572181733262326
149	9.133052753111688
