0	12.311263749988836
1	18.105668700421575
2	15.19113790567358
3	13.649443972109603
4	14.905080716276334
5	13.766217435437554
6	14.133734048072798
7	12.958755040402613
8	13.880205238373836
9	14.470652655327862
10	16.178996084340195
11	13.575898020786424
12	13.811905735543458
13	13.270512543629234
14	14.473993979077628
15	13.481433039034197
16	16.664773247758525
17	18.5634195773482
18	15.586522635175658
19	14.35653518726205
20	12.675045123329806
21	18.19416953067474
22	13.29575099912645
23	4.663315026143459
24	6.021545302769306
25	11.071385088195406
26	17.68970959060104
27	13.01208107840424
28	13.195055890079201
29	13.873303012510686
30	7.94641055412251
31	10.528899191962404
32	6.70108857820505
33	9.197498414884516
34	13.395101458427893
35	10.591183465805848
36	14.477616168737738
37	12.20979189821699
38	15.09806878796936
39	13.139606170733613
40	8.732636069783792
41	13.26493905595667
42	14.158072178081062
43	13.751237687684553
44	15.235789469523814
45	14.058144998677463
46	16.663991744907428
47	11.988630387798374
48	13.950247065386224
49	17.343228437687113
50	17.208500112758788
51	11.080010835173864
52	14.705098990449397
53	12.6732320124074
54	15.893785094909319
55	11.57969631095201
56	17.668772613718485
57	16.93732075171746
58	13.763725049181058
59	14.001317856513316
60	7.215271555874746
61	15.49601229469811
62	13.675190609489837
63	10.999880390136363
64	8.347945416544947
65	14.385570749234406
66	9.709236114625163
67	9.245863517425228
68	8.72905692450006
69	7.3730914514043
70	10.092007394796848
71	5.474886362515683
72	6.9742357056332605
73	10.756910207715055
74	6.563052873660719
75	8.621923275361109
76	10.45799235130958
77	8.870217164780165
78	10.623447262360171
79	9.005340406014103
80	10.529449229615109
81	10.99946561103966
82	10.632776130107654
83	11.433485146056695
84	11.193062709335491
85	8.313424244856291
86	14.148041153275987
87	12.258811544877426
88	9.71417550081171
89	11.128895784612936
90	9.819242487101366
91	7.778082126584258
92	9.680712107250947
93	8.998699911447611
94	8.763593940488654
95	8.43174512121804
96	10.23604232344177
97	11.595867504402818
98	7.988932470196068
99	12.834751461240842
100	10.721247318803325
101	9.608686878718114
102	11.848399989264296
103	11.815195934393723
104	11.468244677858047
105	10.640411750442265
106	10.08659477944835
107	9.510367536553838
108	9.308738615809403
109	10.251904117964267
110	13.86403397760344
111	1.2720288012430856
112	6.8358627597261705
113	11.589151460846727
114	2.9667574012466633
115	11.209866417692805
116	7.826032199949287
117	9.40092573012604
118	8.154887805751564
119	9.740363444534323
120	9.514987777886425
121	10.593266540099494
122	7.963211510924644
123	9.167539010761702
124	10.99314528987934
125	9.578007094219837
126	9.84901231291756
127	7.582452016429124
128	8.593121685506164
129	9.167194916553765
130	7.5809848542061635
131	8.362423857371573
132	12.11433717783776
133	7.6475217027991995
134	10.739752519186554
135	10.965912153529588
136	7.754261320783399
137	9.000716500255168
138	9.343076601662924
139	9.507822058894366
140	12.391111725758392
141	8.569132369434561
142	12.3920555538524
143	10.760769406471441
144	11.036605838000465
145	11.578268354517647
146	9.714999252500245
147	10.455045853450754
148	12.394060591243912
149	10.73293209450909
