0	5.9641580306747315
1	8.844873655703557
2	8.023716791507027
3	7.120338094625055
4	8.516520265210376
5	8.516919058835953
6	6.627587133036187
7	5.31407727246733
8	5.6543373485955435
9	7.835394031654779
10	5.072551644872682
11	7.942274529963698
12	10.732344965592159
13	5.655309161633161
14	5.641278645130094
15	5.795490862602866
16	7.136865761715476
17	7.596062667804442
18	4.657189841250696
19	6.463558018716202
20	5.150233335371617
21	9.605758138505069
22	8.742943628311147
23	8.918197229031087
24	6.3055599833442
25	6.792167986542633
26	6.628194641521915
27	8.294272175503052
28	7.591006708620316
29	4.164488059762095
30	4.501352324294107
31	3.8294873228105217
32	4.329223438658232
33	10.487137381808383
34	9.17339263740971
35	5.806816801850244
36	8.434253826628652
37	8.188084079110707
38	8.347858694210073
39	12.58124484769521
40	5.546858760067079
41	5.404043108789904
42	11.042493214257084
43	8.763422505260396
44	11.472118863004768
45	10.969374724955873
46	10.414792981303457
47	6.2174669625127
48	7.695429799961206
49	8.596698686208622
50	10.73540005247384
51	13.525432121298167
52	8.291477129314748
53	12.75166568527434
54	14.427677912968992
55	11.555215758244683
56	14.264428351178188
57	15.24916860964765
58	13.278844963655562
59	18.41874019711924
60	14.839203196640424
61	16.76413931763264
62	17.347032664925834
63	16.785995043857717
64	17.008641638706706
65	14.501274395461873
66	15.619325855948027
67	16.479664220904244
68	13.032767968044828
69	12.950037434379237
70	16.442849144425054
71	17.256252024192197
72	14.838916847628983
73	19.927933817201428
74	14.347228737277934
75	18.61466928963677
76	13.853342690234122
77	16.34689112954539
78	22.677135387026695
79	13.444868037945893
80	17.465730875669703
81	19.063317149695543
82	16.777893597092245
83	15.24887515076116
84	18.28696560878704
85	17.219245933459934
86	14.01823072301602
87	17.138302578489366
88	10.431506307208792
89	15.045964800514247
90	20.833081239428342
91	15.98705427857607
92	17.38429728990141
93	17.959757102518008
94	15.33083227253959
95	15.93140380866128
96	10.307213186187468
97	19.228798290524992
98	14.353163364390308
99	15.457036266981909
100	13.808485616872336
101	11.050982101250527
102	14.240336381854824
103	14.181908395521958
104	17.136477477341806
105	13.227665815507455
106	18.129782500911514
107	15.61782238877027
108	16.070863579773786
109	12.703838991893564
110	12.414793381584586
111	15.569789395698562
112	19.569103352167573
113	19.13832600302907
114	8.657960331448592
115	25.0564785541067
116	15.771338112307285
117	5.140825871651721
118	13.91736211840085
119	11.934027191890317
120	11.574837263845788
121	12.833420749646875
122	14.969614604760016
123	10.626672398896389
124	10.81567680448721
125	11.96498627282816
126	13.198380130123134
127	12.86632985320118
128	15.191362240187532
129	12.84776583211512
130	10.240325882232579
131	16.577310291551758
132	12.633692798325098
133	17.1537424079033
134	13.980361467163643
135	13.714003775114428
136	16.001730766132283
137	14.67441676047737
138	14.301301917667084
139	13.068566333845142
140	16.64805259525845
141	17.91495850776918
142	16.31498882032025
143	19.520650376165367
144	11.821618484253676
145	14.1567398048436
146	13.689653505715949
147	11.71799188446931
148	16.645799107547262
149	11.389795067140613
