0	9.507198387395466
1	12.323221870467421
2	8.574238787589717
3	10.439682411314028
4	7.82111085381495
5	10.677592387820292
6	12.550831629182959
7	10.349756739481982
8	10.805372366542617
9	11.478613767219166
10	9.387063761409223
11	7.684868704237022
12	13.187050313340604
13	9.13389235597404
14	11.054884082218642
15	9.570680127336955
16	12.39029014184036
17	11.586469292907886
18	9.544630486143213
19	11.284855140369887
20	10.7862576038998
21	10.593919354420166
22	8.523685191260396
23	13.024923730532445
24	11.052807006481391
25	11.90195469561772
26	10.69540956000213
27	9.442500691125916
28	9.920245298985819
29	11.846637368067404
30	10.574224530886642
31	14.79030218826382
32	11.560088005069627
33	15.611915389752518
34	11.233190625724708
35	11.781211724057481
36	11.915886683181945
37	12.875355834862503
38	12.358812063978014
39	13.332104658575057
40	16.00154004140093
41	13.735625409205612
42	11.547922037403728
43	11.78889021423949
44	15.017601922736732
45	13.270300128062594
46	11.994349641371748
47	13.498973320649396
48	15.552652971584285
49	13.87676956532695
50	10.410337513275403
51	14.169889251850028
52	16.545549127368716
53	12.183673237509337
54	16.059814999927966
55	13.58509430915896
56	11.988233765567946
57	15.25527267008875
58	9.282347443397057
59	10.846400642436691
60	15.05678103370947
61	15.535251460618278
62	12.848633557353011
63	17.640817080668548
64	17.880465578777006
65	10.644711732321946
66	16.48300012424315
67	19.340577689770665
68	16.046041394697255
69	17.26547210787822
70	15.199466299969012
71	14.986876337525175
72	22.82191435896515
73	19.372024436630877
74	16.660287927224843
75	17.604715976799667
76	20.490451149763764
77	14.30668245980209
78	19.81097114354977
79	17.303213194786352
80	13.748191436781244
81	20.466010444011275
82	16.01930940086058
83	21.392431385908385
84	21.520329836877238
85	16.69499981891595
86	22.860922867840493
87	23.629620379649708
88	22.08970837375209
89	17.21897756824924
90	12.923927093615166
91	19.54956541622808
92	16.22197714464189
93	16.88650649487037
94	18.723251360516883
95	17.145815711723465
96	17.001777983079233
97	18.37000265270054
98	16.94839790242308
99	14.939625046726558
100	20.419477627998816
101	15.641126144761005
102	17.288425393337718
103	9.865493463124357
104	16.628226721788664
105	10.704624419421673
106	14.91407257275127
107	13.930678884247426
108	13.140977937404292
109	19.181882941286528
110	11.370784906435002
111	19.236621253563367
112	6.621716287809173
113	10.359215693145847
114	11.923429192160839
115	5.612976375877563
116	14.82538488413393
117	6.449774668977128
118	7.630448042957695
119	8.171183491229229
120	6.5090145388308285
121	7.236500388846984
122	9.31753264912505
123	8.349411539347576
124	8.69250852161748
125	10.042859617732317
126	7.400914797322496
127	9.748752914593828
128	6.958046918570103
129	8.703194178696698
130	5.165209732840242
131	8.614065821549133
132	8.38500606983998
133	7.032485281294692
134	7.4205767787851995
135	6.889250091914202
136	9.135752795858924
137	6.748334381913393
138	8.4569991088485
139	7.938753530306693
140	8.922465286850615
141	9.212606060437407
142	7.332276386413193
143	7.716370428379268
144	9.462650598758842
145	6.642167412238668
146	6.955285817266811
147	8.199858196218676
148	7.1670190432160785
149	4.940908813548864
