0	10.862159866885984
1	13.99359968408117
2	11.281246466722452
3	17.952128340474527
4	12.94872431436838
5	12.038610514658004
6	17.53549038085201
7	14.57887796141621
8	10.543477988151368
9	11.653764996345489
10	13.680549938035771
11	16.047007877905283
12	12.235372318856136
13	14.639231583231249
14	13.418904918796729
15	11.944792439579729
16	18.691991160546227
17	15.251340223363279
18	10.751530311562862
19	12.268754508089605
20	12.946222122913518
21	15.250018883094487
22	14.365849722507384
23	14.86358878699151
24	13.045695040107642
25	13.98119227542389
26	14.874179319198205
27	14.305447717039973
28	13.152818117861699
29	16.571053418749656
30	11.915945452611416
31	15.538172005898122
32	14.482504723888098
33	15.282207288055439
34	12.056604042590548
35	11.5902633872486
36	10.344875989893918
37	12.608405232560894
38	14.995137875770032
39	10.198615208683428
40	11.897027215087912
41	14.645988623885248
42	12.773276400469081
43	13.574302461121778
44	15.298216233731084
45	16.94194357225826
46	14.552768364625187
47	15.938555126422383
48	17.2523740387825
49	15.104934596193045
50	16.900040010913663
51	15.848973643356102
52	15.609721623901128
53	17.24769607875344
54	16.58396699204434
55	17.69853105792204
56	16.33031371624743
57	15.835930817135399
58	17.502167916981445
59	19.155966370625762
60	16.52063537339975
61	16.523069346727883
62	19.015152085696283
63	15.58190550332327
64	19.94711370679492
65	13.590084016268419
66	9.300690031080407
67	10.84473366369317
68	11.80773263177156
69	14.367047676627575
70	12.540543215418639
71	12.940523673407045
72	15.363163858377387
73	13.207142384909707
74	13.37460432374693
75	15.226810518572083
76	11.709980167328492
77	13.164595356705204
78	14.200402707886205
79	11.984498789657927
80	15.056753977039515
81	12.378791246746783
82	13.71777870069337
83	11.332815419802905
84	9.739038242297092
85	12.363806723232544
86	13.296277984696582
87	15.13522615681362
88	18.328619556377095
89	10.874337399240114
90	15.594884269246872
91	16.3726907217172
92	15.755142181830447
93	16.206265980395827
94	12.221516352061368
95	12.565672136040686
96	14.705090137156532
97	11.294611830132645
98	11.220535148593754
99	12.070373768412239
100	6.612178346873004
101	10.879982474143034
102	8.931282737652486
103	8.512267923916777
104	8.578594253918236
105	9.562777206821623
106	8.447117696832454
107	7.3329166144407045
108	9.520412975386838
109	8.707825923298934
110	9.01894332852382
111	9.255058420730828
112	9.836678349586984
113	6.826211400220987
114	5.934022507366347
115	1.1315503768964423
116	5.922046378915496
117	4.480400037255956
118	5.17438744166248
119	4.745445825432419
120	4.303421928151859
121	5.340023103240599
122	4.593670287090674
123	6.3222065151289195
124	5.906094847459228
125	6.983467757438184
126	5.72928811799284
127	6.627352997623821
128	5.910827133436245
129	5.964264929445178
130	6.199568862435109
131	7.062802742029669
132	4.537484362893684
133	5.24907642482287
134	7.104494042043334
135	6.6088493557319055
136	5.455165587996095
137	6.733449433855288
138	6.0005341556700404
139	8.246077094611712
140	6.939121867795187
141	5.650077701436681
142	7.63088282148151
143	5.273143957690309
144	7.529759590059209
145	6.250587624182493
146	6.08706833022155
147	5.381250945249312
148	6.432003023841022
149	6.033872159428191
