0	9.94306604481375
1	10.819669204918602
2	12.050462893392002
3	10.121369973127285
4	9.024518303050783
5	6.934744451166668
6	10.962641159262517
7	9.692047617810527
8	7.063680606445338
9	12.388760214188014
10	11.522222908374665
11	12.368812948493291
12	7.874472149106387
13	12.601386763762468
14	11.729265502778794
15	8.078272261170444
16	2.1535466018648615
17	9.43069126220473
18	12.672043456947343
19	9.71141645784854
20	8.487804377955284
21	8.571052698425744
22	6.341662448483015
23	8.914722609452014
24	6.73636997852559
25	5.728267051793636
26	7.8756168154074935
27	5.830865624349158
28	8.094487545324448
29	6.844634997212415
30	5.826885143893762
31	10.939090390900056
32	8.078198287324689
33	9.325492881076833
34	11.959979648568462
35	5.8189935186418404
36	9.81509786463355
37	10.036540400401533
38	12.170918829753735
39	10.431123864872145
40	9.789893531888866
41	14.1942167976809
42	10.335765221445545
43	12.369511438864725
44	10.558791932590397
45	7.2566933689249815
46	12.44494403742764
47	14.547463942412913
48	13.156316620985628
49	12.598291671670518
50	13.160410817824769
51	15.468620515512422
52	10.01373749705026
53	15.339705480136509
54	11.5261014019061
55	7.669948884117867
56	15.781094568178021
57	14.272716734045034
58	13.69627295929418
59	14.922192475700697
60	13.221023688064653
61	14.79836936900593
62	18.681958028450993
63	12.397881786036764
64	13.766597560147876
65	8.48702805366061
66	4.605320669357888
67	16.918736297764234
68	11.23735825310684
69	9.505740070928116
70	11.832168519071985
71	12.57311741664238
72	13.594896765987162
73	15.02491381556112
74	15.842744763944513
75	9.099857830830322
76	14.454010163974962
77	12.059295498334416
78	17.73745460748743
79	13.593738390442063
80	10.866043794990935
81	19.823633486725445
82	10.298670414341176
83	15.229075502580528
84	15.429409270705522
85	8.693484479426804
86	5.421944341400262
87	20.545352757754465
88	11.782551302505059
89	11.755126943806802
90	11.144028048520555
91	14.175806322525744
92	11.984076150583869
93	11.93620862698821
94	12.164050751188007
95	12.164736932432504
96	12.573709845036563
97	10.938374963063916
98	15.475274892684627
99	9.68775505834487
100	16.249355485320084
101	9.83286156937746
102	15.54902354059485
103	13.186903695466256
104	11.113893184718675
105	10.75062084110213
106	15.4088559962474
107	12.806784156037196
108	14.723914762231578
109	12.642135640107634
110	5.831580707390007
111	17.061443346339814
112	12.98638596884273
113	11.347184543883637
114	12.398935226666083
115	8.592485161224419
116	15.289569368670252
117	15.884287484407054
118	14.800336972696574
119	16.885329081658185
120	15.401529145476308
121	12.770434374818201
122	16.86399587612431
123	15.064351404456
124	8.261767031792827
125	14.628816040667976
126	15.11483494300357
127	12.67419405923498
128	15.4347040139424
129	13.425519352662393
130	17.163555753104465
131	15.906032863665438
132	18.90001221616159
133	17.893790237060177
134	16.864318176103243
135	17.521611772980762
136	15.393916361749211
137	12.274861734114888
138	18.598668880652134
139	11.442582618591373
140	15.325095267715303
141	20.381112758786276
142	21.58337407555157
143	21.96496347369479
144	15.959071509866105
145	23.597095630814096
146	17.776912223030877
147	22.070927615683242
148	19.2217063997608
149	19.522288757641512
