0	12.65766951062581
1	11.880183881410684
2	14.60057102161852
3	16.58024330168496
4	15.88580855508265
5	17.961447085345796
6	16.742892503554977
7	18.063892190903797
8	19.18787606416101
9	16.36279458167643
10	13.71212286691129
11	20.42133623686064
12	18.343731494402288
13	14.476292851814454
14	14.098773551537054
15	12.848040860622897
16	16.26677808802258
17	12.316696116318957
18	15.177334125231889
19	14.690778277093269
20	15.310164383735446
21	13.005331412805898
22	16.22719614411148
23	15.279631008905968
24	16.346480700384888
25	15.185459099458045
26	15.046482900961434
27	16.99271714216008
28	18.31672829408729
29	14.857645130450384
30	16.468827280289485
31	20.194522288229
32	11.761073987047187
33	18.664925401726144
34	14.393908643179032
35	19.845392176436423
36	15.942324259409208
37	19.61146904285924
38	11.054597121732945
39	19.293453051310237
40	1.1787386033038305
41	0.7353700024725844
42	17.350139238876427
43	17.195030836204474
44	16.16370553484167
45	21.04452305372387
46	12.626799110554446
47	17.82597739958098
48	13.52876888122209
49	18.98115397264939
50	18.290078724921667
51	16.27988691507708
52	21.065969557051158
53	16.626067965196405
54	16.968018509563144
55	16.386646391783678
56	17.126791373147345
57	20.12793618429409
58	20.296663384774014
59	19.337487665087288
60	15.87637674466189
61	17.955401473800716
62	7.572351671773022
63	15.779128973801912
64	15.816507903039104
65	14.91755693078399
66	20.038217372198137
67	18.064763273585367
68	16.10925434915742
69	17.523181467556462
70	20.279395098988054
71	17.178043341401445
72	20.471344865484394
73	20.510960550040974
74	17.211390246514934
75	21.57948325692394
76	18.75078166033656
77	16.26880576259821
78	25.73170218816741
79	19.62151012333963
80	18.920172720324896
81	21.560892472376818
82	23.62500714243037
83	23.296881873366956
84	15.563341763403933
85	19.507265581389543
86	15.063310469987979
87	24.395851353534816
88	16.58517697901355
89	15.666232729062973
90	12.245779395016562
91	16.74623499855026
92	9.863766576921563
93	11.320918890156998
94	12.830759961644382
95	12.8402461842573
96	13.209217277072606
97	11.562371514704386
98	13.471832368139577
99	13.736138492745475
100	10.426970636283254
101	13.196325994956847
102	14.87823433422575
103	16.40159107205944
104	9.724303754247963
105	12.001282549917962
106	14.005024819667952
107	10.905791095890068
108	11.711729841479801
109	8.911245409125925
110	14.248511627564296
111	11.998566452919412
112	15.453903124464262
113	12.701821846006546
114	0.9252032029855031
115	13.601537437450544
116	10.308953244424247
117	8.65749022884627
118	11.706094873467809
119	12.565921507481871
120	12.078931512623052
121	10.1617350504385
122	9.550539721372882
123	12.587693825680416
124	12.02680331205614
125	8.58342972762843
126	11.95512222020968
127	10.178251074838784
128	8.597998243908952
129	9.663426468876041
130	10.988608969858863
131	9.03582764066288
132	9.672331399084
133	11.691205787271008
134	9.179567655638428
135	8.133532366836446
136	10.432434920881038
137	10.313970049965631
138	8.136810529206581
139	9.370035658234658
140	12.01045625737657
141	10.618195372381162
142	12.395321677983823
143	9.340157114680409
144	11.779402918376135
145	10.030066012951236
146	8.542702895122797
147	8.8984904900769
148	9.68287750235335
149	11.693629506967742
