0	6.839866963660572
1	38.93017956222905
2	2.1517376638473795
3	16.23188480779782
4	6.080474123728075
5	3.7101315803118746
6	3.7163950939999753
7	13.91381681654033
8	29.207973912645638
9	38.09629588156668
10	9.974945732484194
11	1.3629430253927026
12	5.281992020054889
13	6.073591816460925
14	5.298216773396295
15	6.054357548305436
16	3.724732874557323
17	4.490457348325764
18	8.434046055361174
19	6.861116813209292
20	9.208018746826696
21	9.185037825252182
22	6.867538705655833
23	9.971383049532356
24	9.20775962856843
25	11.560419810433253
26	3.7221795835301936
27	9.974288877971238
28	9.207069151184248
29	5.297932933057424
30	4.497884496653752
31	13.10533650714977
32	6.067769054237499
33	8.4258730776923
34	6.868294809355211
35	9.211558586850034
36	9.966324493846692
37	10.775487993871389
38	14.698951853174814
39	5.296087921943736
40	7.632951910454201
41	13.109964111065628
42	11.585624615694815
43	8.405984141306805
44	10.776202135929148
45	14.72498205606079
46	12.354496362439026
47	3.7154854206456527
48	39.43576592052115
49	13.170562660228791
50	6.839741760111797
51	10.776610153469512
52	6.073481606783557
53	9.221156410489618
54	16.268986285835815
55	3.7087571197365614
56	6.067439547530866
57	12.349431187778173
58	14.698668847820398
59	4.509826890659069
60	8.399974526587478
61	8.428150713915127
62	21.797361668766733
63	3.7135733683683654
64	13.901293132048066
65	6.069415545021153
66	6.850755987254039
67	7.6424099564228385
68	9.207673473587395
69	9.226786636665071
70	9.970446023853084
71	3.7233138677255857
72	6.854268453764213
73	1.3610883747987184
74	15.486252595001439
75	6.853766298420763
76	8.423205133646334
77	8.422107026913196
78	6.854456899643559
79	11.5857355801519
80	9.187871424694883
81	9.990824085448688
82	40.883642349976185
83	1.3611586458291383
84	2.9377068707567062
85	9.179461170540545
86	19.466583123225316
87	2.146815385875213
88	35.82310741717058
89	15.51658331154249
90	6.855272537846194
91	6.836807194917602
92	37.528214236204626
93	9.99572026435006
94	7.6393723106082625
95	9.9916712040978
96	3.7232192345083917
97	6.840304051728887
98	9.207155936962353
99	6.082348953228402
100	9.989883177099575
101	8.406843162200998
102	30.40105152143316
103	13.1263764798754
104	6.845118848541206
105	6.868106001215435
106	7.622394263346304
107	6.854268453764213
108	2.9319737481541335
109	10.012898134705281
110	38.245478812658206
111	41.15342085892822
112	1.3633275296113099
113	5.285473108291605
114	12.345664317416682
115	16.2661621336752
116	14.698668847820398
117	17.836307017891205
118	6.069745289020893
119	21.021103980892534
120	14.666408168661759
121	17.051533306494346
122	16.302797078769157
123	13.88441150460835
124	23.32673917778773
125	22.593830610206393
126	24.838570845769517
127	17.05400425307471
128	25.678998820856656
129	38.3182959200936
130	33.44959944236038
131	47.64473897282072
132	51.69317652000619
133	38.92008077395219
134	46.08041460765909
135	47.66781365758644
136	39.78076817402104
137	33.52355569620711
138	39.7772419694597
139	3.7245119516119267
140	18.584919512334338
141	20.19121076711461
142	17.094639725955286
143	5.272610413281582
144	29.163456450421158
145	15.530820380316944
146	9.20862255917386
147	13.129638304166987
148	17.7750878981907
149	21.044489242427385
