0	10.646822956313171
1	13.43294578738755
2	12.372725107599228
3	13.474683549759138
4	10.8771375638305
5	12.719699975990524
6	12.91682392711555
7	12.490547962905852
8	13.127744633706309
9	9.96004014499037
10	12.320595508909799
11	14.873651948307531
12	13.034752727418455
13	14.081634801285695
14	11.568331270964386
15	9.354947087045339
16	12.837402320742589
17	13.042933882557532
18	14.781069268808398
19	14.361868929751173
20	15.424003853713003
21	13.742904853920704
22	13.71097321202821
23	12.033051305596139
24	13.376980593893181
25	10.910383312459745
26	12.944162160349185
27	13.986636190309651
28	14.71498462881191
29	13.748985348991543
30	14.050015306235291
31	14.909039690161483
32	12.575203671778752
33	13.669659730284204
34	10.848935424419231
35	14.075552599424276
36	13.703020250254408
37	16.433106998185725
38	15.287458716450665
39	15.129819359131263
40	11.910250679446035
41	16.20192282649073
42	13.037016565547384
43	12.517149208627423
44	14.936236852919814
45	16.91153860293736
46	14.796335672258174
47	16.591161603654474
48	16.443459188384484
49	12.309729101282326
50	17.826464900089455
51	13.212365583067024
52	7.26204548291867
53	1.6112088102979083
54	3.6061793642046465
55	3.7312968127535884
56	10.412075305356666
57	11.169378519497142
58	12.180952312652035
59	8.760542636489241
60	11.191414201198802
61	11.707765749224068
62	13.23784359388973
63	12.956102754574964
64	13.495946508652445
65	13.030758170980175
66	12.435072643759641
67	12.376252510271652
68	13.48866579562922
69	14.27813337853779
70	12.895590759605549
71	15.281151781931134
72	13.677292832963028
73	11.744030359860519
74	14.571172076763839
75	15.264294771072882
76	11.173535384668467
77	9.55138389022148
78	10.12697543232348
79	9.817049652529423
80	10.499946903503611
81	10.734685146104194
82	11.422902356408189
83	10.992663379849795
84	11.370011586143843
85	12.943542670210343
86	11.858634841645177
87	11.825468946270407
88	11.541088173727463
89	11.7085283060018
90	12.58118213615354
91	9.841115181440811
92	12.879886320342692
93	13.846734876231654
94	11.823489996477377
95	10.535624446409223
96	9.065574260020599
97	11.681521744715367
98	13.006987295037808
99	12.137850830844233
100	11.920510319098366
101	12.11521473301525
102	10.65128172250247
103	13.52628383126647
104	13.121845829760096
105	13.266622582453694
106	10.853839037534522
107	12.164530191578821
108	11.59935949178217
109	13.578359004669307
110	11.971568097075341
111	10.359550962028084
112	12.753250112148319
113	12.328411426873407
114	12.72653677571289
115	12.295085863928966
116	2.9327920599174715
117	9.274662653415445
118	9.468601715369573
119	10.289780621368168
120	8.844817905147522
121	10.357635947898709
122	6.761010503223351
123	7.629710523168042
124	8.121151934927223
125	9.92535251770142
126	6.286013174848821
127	9.806379814174697
128	9.78561819452607
129	6.564625729646285
130	9.842576027152647
131	10.566886789179998
132	10.727537135014815
133	9.27087559808012
134	11.253913041796949
135	6.9954590614256675
136	10.297496694639062
137	10.992845096334982
138	8.541841760259846
139	10.933753519158206
140	9.064121033235786
141	10.6259304128056
142	9.35089590273885
143	11.536447725374648
144	11.947017971124653
145	11.683302914316009
146	8.395702263621583
147	10.595473825052787
148	7.737880136478229
149	8.317104926980678
