0	18.187909318876766
1	13.33034243721209
2	14.232742074400413
3	14.683407663838885
4	14.625702476897658
5	19.386544083434135
6	16.56340892602004
7	18.342921342660887
8	13.203952298528737
9	13.04102782497992
10	10.465256934520031
11	10.839206162569656
12	6.781283992758614
13	17.004809381255345
14	12.329693338318501
15	14.687884997223899
16	10.266092846891727
17	12.081851679569514
18	13.892237776542915
19	12.102720906642668
20	12.579063806527499
21	13.533281177162882
22	15.183329391701948
23	14.221886294195077
24	13.896858891003719
25	12.876450019094712
26	10.737955406889888
27	11.580176543671612
28	5.39760922456134
29	22.217456703103377
30	9.741737007263604
31	10.023235441774213
32	6.450429537825265
33	7.294275274802808
34	5.806353765370499
35	6.89754133525276
36	6.616816670825394
37	5.59515208657181
38	6.860590706641718
39	6.939297603491239
40	10.753370353510052
41	7.16417251539715
42	10.583523052034561
43	4.617873300906857
44	8.202908672087778
45	8.465182325321644
46	11.55417363802235
47	10.090934533364285
48	10.835799277241184
49	11.05955336062853
50	12.579063806527499
51	3.3223722657741668
52	12.400202115349266
53	12.223134725297065
54	10.463686930969864
55	11.5328528990468
56	9.988512266439384
57	8.783051445768328
58	14.079910012495377
59	11.867464444747924
60	11.6845893704854
61	11.411131695174094
62	11.504845811257447
63	13.301255406740678
64	10.937437258012025
65	15.3815943694206
66	13.776550393702193
67	14.92783894360988
68	11.257326124655979
69	14.366554178300559
70	13.694265907630626
71	18.05002981515237
72	12.760000443195882
73	13.365004370952807
74	13.639361415717271
75	14.302506856309373
76	13.184282040875091
77	9.596595040846646
78	11.22803687067769
79	12.249663302613445
80	13.124619832051215
81	10.338649602626042
82	10.740648915854141
83	10.563367559838301
84	9.027448209614345
85	8.659094959978509
86	10.109229829438904
87	8.90869067333162
88	12.513416685845531
89	12.645249142086318
90	11.900091635231353
91	8.653719490121272
92	10.091974141977337
93	8.947263837081177
94	13.542429085120508
95	6.996831806686643
96	11.306128175818692
97	10.807339228087795
98	12.073023641874524
99	12.925888208618035
100	10.956127989384639
101	10.914702095911485
102	6.554465599186869
103	8.060896323149596
104	10.608433929009536
105	9.327411049816515
106	6.810507602574786
107	10.76731468918482
108	11.578593911899487
109	7.0945829398993
110	11.714144598358487
111	12.6844697661356
112	6.484521579063274
113	7.342958279889363
114	6.897416201024808
115	8.057260438534291
116	7.522324967446751
117	9.07699399510544
118	10.761954343591047
119	11.782957720256492
120	9.870094589299413
121	8.70834744206858
122	10.613510658109043
123	8.82934668394939
124	10.909982517617836
125	7.194973416317821
126	10.938468249130226
127	10.981705377298757
128	6.760431983237892
129	5.598949028228601
130	5.856881911123879
131	9.175999854079853
132	11.257431984864175
133	12.644410254370134
134	10.168047486635365
135	11.981458557811289
136	10.289239198845396
137	8.334267827071576
138	10.19351938452692
139	8.184492128531312
140	10.193271827711643
141	10.116603872015334
142	8.878646023434538
143	12.18133787787872
144	9.523083148930784
145	11.870483791280003
146	10.860437725076782
147	9.796781778367084
148	12.809169791658395
149	12.571893104015658
