0	11.27846270530569
1	8.896045082855753
2	10.086701477426688
3	9.241814476611863
4	8.959361018808139
5	8.213583765053256
6	9.981196122946386
7	10.106688310126849
8	9.402448056207266
9	10.8667901242552
10	12.021215173237243
11	9.318659096085858
12	11.999964290697854
13	8.877833492364923
14	9.924015616121686
15	9.593157176057304
16	10.096860435814527
17	11.323059112570585
18	12.465179983595624
19	8.033531588554897
20	11.609103893129397
21	12.59271931371517
22	12.890154512891161
23	10.93561017532378
24	10.974440882563316
25	10.342218259222014
26	11.468899014316593
27	9.318226805740546
28	11.482024061190444
29	12.218998294838928
30	12.128727655951408
31	11.375678977997053
32	12.934079502766771
33	13.944482256647111
34	11.737146726173819
35	15.411463608034682
36	11.08287679699948
37	13.040420599192668
38	14.948110744924342
39	11.968436035941961
40	14.97084370741962
41	12.846840640959577
42	13.439558254892962
43	12.443801967063262
44	11.265683428964671
45	13.523827146798768
46	12.284234345689457
47	12.075364170291504
48	14.344099644646771
49	13.964338121651663
50	14.808095260289585
51	14.433525211817763
52	12.374518770279385
53	12.230866105842251
54	14.337782011593488
55	15.756945674060859
56	11.999518970749685
57	17.172677128320778
58	15.495286182171297
59	13.335160092965731
60	13.89176729344405
61	16.592052378398947
62	12.338541992823469
63	14.904931518582867
64	8.967117512769036
65	13.355165742162956
66	14.754922754337441
67	16.11658816360453
68	11.30922823799383
69	15.385404580065941
70	19.427457923418462
71	16.84083168762707
72	19.63148514273084
73	16.68467399683424
74	14.072053017009372
75	16.54401145155378
76	12.951446734394649
77	10.397371861513626
78	15.169443635041928
79	12.46424056809482
80	11.813673093676702
81	12.339357599667387
82	10.28690480950567
83	9.325062838138425
84	10.52758535905153
85	9.320043232047968
86	7.280930924411098
87	9.768861341469526
88	11.215286383282633
89	10.372498439209622
90	12.436990345806885
91	11.183724521186704
92	10.457340459770936
93	10.72642685807726
94	9.545489987295248
95	11.634937253021949
96	10.450993728237572
97	10.52366488920216
98	13.183170396611617
99	11.73416122051569
100	11.76254879293802
101	12.152648720630124
102	9.716494693531573
103	11.840871186584318
104	11.368544997437585
105	13.700384440016707
106	11.74058245090895
107	11.92419227590307
108	13.430642044751812
109	15.553515150152418
110	12.915776374341554
111	10.472606647629375
112	10.979274758628781
113	12.810261344373844
114	13.048306852081184
115	14.22321894335017
116	0.7464092153944035
117	7.178636329257375
118	9.822230857632302
119	10.344920371972602
120	10.321736656280665
121	12.358451652104385
122	10.030678200672204
123	10.665910989123583
124	9.667537126282147
125	11.03847835501143
126	11.625381116807587
127	12.184283793105617
128	12.673389708081725
129	11.642959046820593
130	14.541454277157918
131	9.715682636104583
132	14.735321703030431
133	10.919739057933588
134	8.746493318867037
135	15.548015176505112
136	11.428729707839137
137	10.518180896757972
138	11.02947641036885
139	10.527940451291776
140	10.03217202620337
141	11.254935358013093
142	11.40380300299316
143	8.372879978535801
144	10.716390092912874
145	10.95537130936426
146	11.56724399361053
147	10.688094766245783
148	10.195071504407505
149	9.080213867339555
