0	15.787115258177481
1	14.55100755218012
2	17.61684813202327
3	12.900989044469776
4	16.335305363998422
5	11.916965234823545
6	17.06240370812209
7	15.885538379771875
8	18.393303302008583
9	4.809708992753805
10	23.199148143423745
11	10.160928025029378
12	9.495781609181542
13	9.201085752820834
14	9.591372174981275
15	24.699881264665585
16	0.831860932653727
17	1.6548981567109036
18	3.301346023723275
19	5.359172537989748
20	6.456561438263699
21	8.258303325018701
22	6.580562690539544
23	6.868199343776158
24	8.51427707652857
25	8.515072690897528
26	9.338463708423035
27	11.282721607488316
28	6.854032305501607
29	10.161408151563482
30	10.436205894995082
31	7.828477779118699
32	10.436304530493546
33	6.470160253981808
34	8.22250021900912
35	9.749436643500658
36	8.652680029907955
37	8.514674863825714
38	8.92668052805151
39	8.119572721067668
40	9.318749502084204
41	6.868388831298534
42	9.612693589974816
43	9.636299229210149
44	10.958922964514453
45	10.434032733460649
46	10.710111000103986
47	7.707588129187939
48	8.496573518412823
49	10.985032824017742
50	11.53320059347215
51	7.417040352903038
52	11.669732595211853
53	12.521826825007572
54	12.60284338474918
55	13.077692019466813
56	13.007523414543355
57	9.082724772966566
58	13.97285737098151
59	14.13942854101562
60	12.767376606196706
61	14.277994398153702
62	15.375351254493257
63	11.011483376048975
64	15.062213821805267
65	14.583547604142277
66	18.67567574949383
67	15.368390031073943
68	19.215197141438473
69	16.747715578755674
70	16.436617902509727
71	14.27703347413359
72	22.011561618083093
73	15.649608534899897
74	18.076682112857526
75	18.940816612484774
76	16.23384875884114
77	16.70943229746288
78	19.215569678711095
79	20.040677152891636
80	19.80842515852315
81	15.058887218931696
82	22.797266595770306
83	18.711455640870312
84	15.065397452631867
85	22.833598642027372
86	21.365506166881836
87	22.50754435587375
88	22.510177512176792
89	21.45663454293323
90	22.514349332181368
91	18.350244912264625
92	15.276418885455477
93	13.03789085837758
94	17.255462068782357
95	18.12136250417456
96	19.216316188091618
97	20.861683017241216
98	16.508875558599986
99	17.29503597255786
100	19.72179873538341
101	20.314300100766985
102	19.9025017898827
103	13.62096343727085
104	16.710077073624625
105	19.490335127602982
106	17.021140303914628
107	23.332043593154207
108	21.733960937740175
109	21.91181202480617
110	14.002907700920241
111	15.097162412758381
112	22.574912446137827
113	19.209414991215223
114	7.546825604304295
115	16.623683032254704
116	16.475689697481872
117	18.767572363044206
118	20.48877284240535
119	18.337827478076154
120	17.907311679497713
121	19.57523249298469
122	15.137541487242176
123	16.47266530917647
124	14.545692469037805
125	13.599394766255793
126	16.189664833784953
127	18.505734169821846
128	13.031406967270254
129	17.601465586492548
130	15.490154711354096
131	17.035806919922635
132	16.607297886553756
133	15.376092124805718
134	21.385664923720494
135	16.508875558599986
136	16.43614337828929
137	15.286608970608519
138	19.88993568458046
139	17.40661905431607
140	20.87590494989281
141	16.58086265494403
142	23.120147228169127
143	15.873316371644501
144	18.55516068013102
145	19.06394206469379
146	18.9924318756131
147	17.796578916256866
148	17.336142423576135
149	17.802425539164155
