0	12.375503270882028
1	9.096052836501567
2	11.08560658361212
3	9.780437729843705
4	11.687151854646618
5	12.962254404686417
6	9.782385998260837
7	12.913041951059242
8	15.498890669152566
9	9.23484513396489
10	12.221037149162804
11	10.378539016059678
12	13.43724924681861
13	15.61772463358992
14	12.530586921336504
15	14.843339494247278
16	14.82177425000621
17	13.611438651770959
18	15.187030801000567
19	13.401387529162903
20	11.707593743564438
21	17.981540720590843
22	13.129965146816046
23	16.444313367264474
24	17.26381221535227
25	14.658603740097638
26	16.023293556594968
27	15.851422585720155
28	18.677646765021013
29	18.947506550117094
30	19.586355251491273
31	17.851507182675828
32	17.076794253092093
33	18.163500950931258
34	20.314014101338806
35	22.02517033859946
36	20.234573127761323
37	17.905902685103506
38	16.894352986993685
39	18.77225417645164
40	17.308022490250103
41	18.944409475825235
42	17.81056215585245
43	17.466608975255724
44	17.785059155415325
45	17.979447977682334
46	18.745921877902994
47	17.348454505662566
48	6.563373740063319
49	25.7351623824591
50	11.230488342570737
51	12.381589893039601
52	12.598349273547813
53	14.393718859127594
54	11.138121855241748
55	11.144945862065258
56	12.769544481433728
57	12.695696526022335
58	12.37192638780841
59	10.55024155952479
60	14.005979679193196
61	17.04467537319088
62	14.379091284756829
63	15.848829911032267
64	13.637574943262619
65	15.313433896163916
66	15.30548966860876
67	15.02067867428029
68	13.476303386950516
69	0.767447374686097
70	22.614396088527606
71	6.988254861357246
72	10.27674389265654
73	8.304792937728322
74	10.537746245243408
75	10.925771099332337
76	11.233571942485588
77	10.943036071476563
78	10.745037923824313
79	12.571851779676928
80	10.271904307351214
81	9.31787478572121
82	12.939210253105164
83	10.252236286136842
84	12.254648651208935
85	11.848008010422184
86	13.728243063862946
87	12.675106623810837
88	11.97640760228869
89	16.073756300625362
90	10.052926314791353
91	9.901675187562123
92	11.665285225620748
93	12.148087180237198
94	7.188985869604515
95	12.944149085856482
96	12.96686874448788
97	12.028191160127106
98	10.564544495704368
99	11.297949563956388
100	11.01254832660373
101	10.822405116942784
102	14.682532554199012
103	10.568699980611552
104	12.496870126929167
105	10.352006738989347
106	14.409981445345691
107	9.960789990550573
108	12.329700420432602
109	13.263981012914627
110	10.936726108021153
111	13.295410695883092
112	11.262735901908062
113	12.351349407613052
114	5.519719542401813
115	4.6299404763610355
116	10.716999414663324
117	16.459162690346744
118	8.893564843881338
119	8.93740943072321
120	10.180530717663098
121	7.363712060655416
122	9.111902676269809
123	6.6525992056570065
124	9.331601240549464
125	10.192879153391829
126	9.718762372008502
127	9.929070195687055
128	8.050776624724245
129	8.149933553359201
130	9.702802519742328
131	9.583871765104167
132	8.52388197276582
133	10.302998362850555
134	7.765499234189496
135	10.219449061355501
136	11.170030632275566
137	8.917551382231556
138	8.00690728961151
139	11.218927280736775
140	10.522556841683855
141	8.171973743822308
142	12.845716130438456
143	7.419055804831023
144	10.099182230499922
145	10.625741918584282
146	10.774683309279823
147	10.46704092892467
148	10.595949644858706
149	9.336770908657174
