0	11.117528167559662
1	15.220555763023551
2	14.51631134679663
3	7.601682890425836
4	8.069918304620348
5	14.165110418669936
6	7.835519239760296
7	9.82855975223961
8	7.718605742944479
9	16.040724484018344
10	13.027055071318198
11	10.53120868287186
12	7.700278714543318
13	16.544707883908686
14	14.833686222850964
15	16.97741161156933
16	12.792613002886235
17	13.308992112859233
18	16.317665253161866
19	17.28338759610898
20	16.509879626008928
21	11.819740909559329
22	16.20154983565448
23	15.878504279717617
24	16.276084401382167
25	9.359641024080119
26	17.84515925878129
27	12.722414008123557
28	13.932568145744465
29	11.586455048057278
30	20.963702369792095
31	18.897178060729495
32	21.900744078253545
33	21.264420564296636
34	18.267340389661246
35	19.78910259537136
36	13.255875964288666
37	19.386152370494518
38	16.870152802593285
39	12.758753272220893
40	16.508604086355888
41	23.361698147921608
42	18.69899923907067
43	14.042379639125393
44	21.899037242655943
45	15.124888048442369
46	8.773443736790572
47	19.808532832315965
48	17.75708966320819
49	14.079789213016287
50	18.342068878178598
51	10.08514837059128
52	22.190093745730984
53	23.669005779833324
54	17.797824780692856
55	21.315748439023146
56	14.281631441939385
57	13.929093666422109
58	17.21331336926408
59	11.117633481293087
60	7.249989454656077
61	27.407841155574477
62	12.757899601821347
63	12.525294541024103
64	15.687586046400277
65	13.109373005302011
66	6.898492617589784
67	21.102712853812996
68	1.505265510399767
69	3.030387736469333
70	5.623131379323177
71	3.3739436713054207
72	11.352691841036851
73	13.69615209849615
74	12.289101472101247
75	7.836391483724502
76	8.070818685486623
77	13.375399800747385
78	10.272743063854719
79	10.883016753110628
80	6.78115849145907
81	8.186584935257232
82	9.71235752555118
83	9.241653886203125
84	9.242347214236315
85	10.180087018278382
86	10.16942989694762
87	12.301537237511425
88	10.883429419432872
89	11.820528834221435
90	8.305555442710329
91	12.523261852081351
92	12.758387269098026
93	11.937957718328846
94	14.516450592174849
95	16.040259932317113
96	10.766119871277137
97	10.883016753110628
98	15.454531310603674
99	13.695102737148616
100	15.337176124667451
101	11.352368043133616
102	14.164566460288661
103	15.101018704783804
104	12.993541817866976
105	16.625003296981177
106	17.966172876837895
107	13.659107745543938
108	16.860861542464225
109	10.648308018080897
110	11.000323946021208
111	16.860535022943942
112	17.09428230173227
113	16.392509200326344
114	21.25335191089554
115	7.11510699066832
116	13.343897263971474
117	13.72799713406014
118	13.780329632649476
119	17.702553386757895
120	15.553008904588356
121	14.984690717991821
122	17.5474610480014
123	16.75871126703374
124	18.85062996558634
125	16.160271848208655
126	21.31491835056624
127	18.181837043160588
128	17.180751943388966
129	21.666330937054042
130	18.618418146119538
131	17.680964573713126
132	15.33614189079605
133	16.978231940993943
134	18.618778549520176
135	21.43609071668641
136	18.380450289019162
137	24.00015176784299
138	17.453817340471225
139	22.18552320513174
140	21.1985360084586
141	16.50876322075347
142	18.341182494538014
143	22.131921559314883
144	21.903943938996726
145	24.719979925363425
146	25.830704525051573
147	21.022209973544363
148	23.306313201950847
149	27.82731145850165
