0	11.744690343029369
1	12.599979058606413
2	9.12079445359334
3	11.177084516917484
4	12.543463617819972
5	10.951956598919212
6	11.304404944649603
7	12.342438973670449
8	11.686113964361944
9	13.001543682749007
10	13.474178095531212
11	9.973326969031856
12	11.673371862409766
13	10.407787971086112
14	10.744977375992745
15	12.540680593454184
16	12.416021703808475
17	11.6630195977037
18	12.361121768422747
19	14.098460823736126
20	11.599260609733056
21	13.946498506053272
22	13.078647219208262
23	12.508330129205902
24	13.61434919886506
25	13.030429892327554
26	16.005270407952253
27	14.447844779732561
28	13.495030096791808
29	14.514802792560708
30	13.645962977122371
31	12.972497693484849
32	9.060815480646113
33	11.767793709208362
34	14.950729510197606
35	15.070304616101271
36	15.836906496935747
37	15.24101119568403
38	13.812733674650126
39	15.728657345363459
40	13.510999812402092
41	14.091804927083272
42	15.964123513063464
43	8.61304675050524
44	13.84855570325304
45	19.240343860610427
46	18.1120477345528
47	16.00820669294966
48	17.18354294999192
49	16.263372789726215
50	17.540511077454966
51	14.851814453292153
52	17.00487024069067
53	18.624757971280044
54	19.23917143973258
55	19.44432947952045
56	16.73213827512844
57	19.241656364693018
58	18.52225482073376
59	19.136546368877024
60	20.116702813149615
61	18.727440531982616
62	18.931518440705027
63	15.64092788252902
64	16.53243409527821
65	19.130302630902847
66	18.41749507067275
67	20.435180602936605
68	24.16819981141289
69	16.315345787152403
70	14.721828288323843
71	13.421529082890954
72	14.432678696279199
73	15.025657724892396
74	15.805410634907263
75	15.862790901131618
76	14.550631180673959
77	13.713380745390888
78	17.95853909741697
79	15.944460040019132
80	15.859432031956995
81	15.390702848199666
82	17.293454445449406
83	6.130252589869576
84	21.600235976456325
85	11.900184885189551
86	8.869914704535075
87	12.389174697188647
88	14.080615521171035
89	12.047326466944382
90	12.821843084285717
91	12.671350959302746
92	13.781069364422613
93	12.890834141280704
94	14.608575705173182
95	12.673548012326515
96	14.99926524640054
97	14.343949027803202
98	14.301778586469222
99	14.85824696662469
100	16.346304563335973
101	12.516461318605392
102	14.781846211052004
103	12.974732039740891
104	13.047536341206879
105	17.382628303954466
106	12.616259698513709
107	14.106047698519996
108	14.424911994705564
109	15.129878454923892
110	12.635939233055977
111	11.826469634982393
112	17.546421416543133
113	11.945833859287514
114	16.532115784712918
115	13.59331249685369
116	1.1686425596715302
117	1.7848919260256528
118	0.8093259815574763
119	8.659803400732288
120	8.236935101429598
121	9.43582375080833
122	5.628713309464597
123	1.8376757285765284
124	11.424258106366757
125	5.942707110043293
126	5.6922547755199195
127	4.203992512916556
128	4.187860966124149
129	3.683975734733129
130	4.3565991007232165
131	4.449420597320325
132	6.764611642619196
133	1.1178505178431588
134	5.426198756798792
135	5.704581491116184
136	3.9801534488599044
137	5.789804292342013
138	2.3497876835940543
139	5.942437684751661
140	3.8977722394295915
141	4.0884571870198
142	2.5020753233716198
143	0.706674233363265
144	2.298265676748434
145	4.403300204807584
146	4.197530130482124
147	4.3002034499991915
148	3.6843826203371703
149	4.300428219022681
