0	19.86421110878083
1	20.783358613728126
2	25.342014576782255
3	16.37206823906367
4	19.227354151237005
5	20.395095316695475
6	17.96552888026039
7	22.52989057357795
8	19.13140533622773
9	19.615555316177858
10	20.145131719520926
11	19.093329621140683
12	23.304367190315542
13	15.736384632059007
14	22.130966637118288
15	14.381091988244084
16	24.73040311195537
17	16.65486320186329
18	12.898257304620353
19	15.378900352522699
20	18.92967385807768
21	16.859271162806547
22	21.19440214040223
23	15.351605129275345
24	20.00779296931802
25	20.440102899257774
26	17.68232032994205
27	20.62578269918185
28	20.10312498327107
29	16.12435217833134
30	22.045002084905462
31	20.975471600111018
32	22.43217935347609
33	20.837698182003958
34	17.43550467586619
35	22.191512510145984
36	20.733888348716757
37	19.47358425640604
38	7.176254094388645
39	14.666962418966518
40	17.4311618820476
41	12.402824244122534
42	16.845734924414284
43	12.5964080012488
44	15.676989596417192
45	17.440485974260323
46	14.028475810699048
47	21.059553956431053
48	16.41211465532059
49	19.4294708968394
50	18.640411974913032
51	15.698506492405054
52	18.646659626485604
53	20.837497450221353
54	18.38637141672379
55	13.250862449798362
56	14.965931604784142
57	16.08076336668504
58	8.940023280304453
59	16.31538037961766
60	15.64080116047163
61	14.958275156828336
62	15.831347096622933
63	16.511204070831816
64	14.18154325948837
65	15.928704564641057
66	16.50366098512399
67	11.663847915150658
68	16.70468335662464
69	15.152534685410576
70	12.82299790007355
71	19.22956751844433
72	13.440013633796168
73	13.495796446020782
74	14.573489922949793
75	12.332512319492185
76	11.63584581395219
77	13.405220273291977
78	6.999949543372917
79	11.94925251899807
80	9.425793421052516
81	9.71571192770372
82	10.100157513522078
83	11.083675293327714
84	11.585321993095626
85	12.50569330747014
86	10.590662586193545
87	10.590270393058065
88	10.978589586920881
89	12.561021323110609
90	11.862051976505315
91	8.350537891211047
92	12.601946095517238
93	13.63105719220232
94	12.406764373985474
95	12.046645848899441
96	11.489548564557623
97	8.533775854839174
98	9.313987079377755
99	14.205426403690092
100	14.803122133290108
101	13.987562802064842
102	12.337707614447464
103	12.305688335494452
104	17.28601892376233
105	14.765277509722033
106	11.173114613630684
107	11.076261791556165
108	14.084354393130193
109	16.55408811629032
110	15.352333514767901
111	11.527841396191116
112	16.607788298175258
113	15.965738224438361
114	14.440219321575684
115	0.9818916485183216
116	12.853403342176497
117	12.697000401810165
118	12.62852714021958
119	15.19128090117943
120	12.985400803339779
121	12.822155965005628
122	14.764578707125642
123	14.992793390599145
124	15.545641822828044
125	11.81811281726259
126	14.574592380079697
127	14.376199153632369
128	14.119147348749015
129	15.599172657652607
130	15.963304777070181
131	14.771290514751826
132	14.36900050668314
133	16.669903746393388
134	17.0929000527241
135	16.70532018508225
136	17.6752250968733
137	17.824580296644655
138	16.948497881912875
139	17.287668527833553
140	11.85263909103072
141	19.03307142659289
142	19.03507926920464
143	20.00625492320824
144	15.97334962401023
145	16.26030375613972
146	19.242117224306565
147	18.45324836913457
148	12.070000179952414
149	19.769608814945055
