0	2.842988826063333
1	3.069464610629016
2	3.2519907410056006
3	3.917302660886685
4	3.4632120059840794
5	4.49219404297768
6	4.674229259880834
7	5.185394873068251
8	4.200341185413205
9	6.38906952521709
10	5.4516957943949915
11	6.739343815299502
12	7.6480145150935055
13	5.646110719532654
14	10.058475018041227
15	8.106160200241234
16	10.692937417695708
17	11.494869738101308
18	8.952476001313489
19	8.643017568023074
20	13.714865715026532
21	9.049041268754737
22	15.194609429674635
23	15.82118812318412
24	13.35554786130207
25	14.847926238432953
26	17.765959287018955
27	16.573949512278762
28	20.187089865166353
29	18.70330534938951
30	21.455583831021055
31	20.101190227673296
32	18.828493873600078
33	18.836953513785573
34	16.657623001816642
35	21.008717783247473
36	13.870919304628693
37	23.570047517817237
38	18.695665714915346
39	19.457788614474165
40	17.659990830260828
41	19.645509494175506
42	26.200762726616162
43	22.25148070268388
44	20.504937483502196
45	20.353551415338355
46	23.077440628417495
47	25.625092109911794
48	22.276984031730827
49	24.55399278880823
50	25.31385829106359
51	24.894681812252454
52	21.619441643644173
53	25.18162279467615
54	21.65832011553305
55	21.95676716428537
56	19.198625182814535
57	21.49082088177008
58	23.933201932244522
59	18.25147621328775
60	20.204773730303586
61	19.732877350749106
62	17.11333848990074
63	24.663898459162496
64	22.274053628909037
65	27.20486016303959
66	25.614698661893517
67	26.534742571044546
68	19.7547290759397
69	26.46745713956001
70	26.28851958177617
71	19.508908490271946
72	17.569400646179634
73	4.991692385525937
74	12.843079904557046
75	19.79926165323852
76	12.29856557784411
77	10.984335508015867
78	7.39342515832382
79	6.862243517558946
80	9.56192254649439
81	14.195863400029781
82	3.434405628971508
83	6.676757116337663
84	10.59993572890943
85	10.18331070465375
86	17.365194290200698
87	12.185870292150312
88	9.33896221375499
89	15.109009870429324
90	14.121932635214623
91	10.866905004727192
92	11.386403003869178
93	14.49517899154782
94	12.974451072178521
95	11.508289600944087
96	12.215652677226467
97	12.516963774811531
98	13.242878669958033
99	14.793093624506472
100	8.950111986638289
101	9.879311999664255
102	11.83085725738709
103	14.085593358119091
104	9.579461016264348
105	15.466683805457542
106	13.72232982874981
107	14.376724250858196
108	16.12829702947028
109	9.769579443546153
110	15.982542311130176
111	10.476314452499638
112	10.699827372739813
113	1.3915866379821185
114	6.514295694523193
115	10.146643640992057
116	9.007307108470961
117	10.128583239726481
118	10.911183545481421
119	11.672266836732707
120	10.5311258437049
121	14.290686508926377
122	10.556016126764378
123	9.623891065160535
124	9.744476081810467
125	12.59736744447821
126	10.759596511485322
127	11.240074967833616
128	12.333942013886926
129	8.033832490590223
130	15.470661260758698
131	14.235267507940616
132	13.904518468062834
133	12.699108434868037
134	14.194885765232945
135	15.35762562311976
136	12.915124477568984
137	14.375788959774216
138	12.440674651018224
139	14.523174850315394
140	15.358352825494917
141	13.574155035568245
142	13.284162896175511
143	10.497423940476285
144	10.087153117471965
145	15.183920096825402
146	12.70086995742478
147	13.684928217651533
148	16.26878136354851
149	14.235132047719047
