0	12.23740441886796
1	13.182335904214792
2	14.177557696187252
3	13.63688653648528
4	13.647438315102171
5	14.981512744180717
6	12.413780498600511
7	15.477995581175572
8	9.747273598465185
9	11.91540665682444
10	14.390627636256028
11	13.430309588134133
12	15.46343264287479
13	15.410199384654382
14	12.970515546654347
15	14.821072654922197
16	11.372953152749703
17	12.321765875037487
18	13.611422595141349
19	13.0849341039747
20	14.916475963137918
21	14.787351524394646
22	11.91890971234834
23	16.656187691990873
24	15.845986916132603
25	13.36191525739722
26	13.08180723998225
27	13.088463008785736
28	14.465493928983685
29	8.550342590867151
30	17.439962211653267
31	12.704399210554579
32	17.51405654534129
33	14.85534802630682
34	22.761913266891533
35	18.507557842437592
36	11.361478999919335
37	17.40626871327735
38	14.975771201934304
39	11.396192008503244
40	20.0042430627522
41	15.170440400613014
42	16.082235450466836
43	20.4197400615174
44	18.205290877129837
45	21.140499682996502
46	13.705311425240494
47	15.84637131037358
48	14.663836287627499
49	2.4862321626234984
50	12.265128719943032
51	14.539245988013835
52	10.156740693223167
53	13.551832317728396
54	9.446361046937781
55	11.971851572851964
56	14.422662662889618
57	13.79090702294374
58	14.082138861750108
59	17.54703467601883
60	16.191780158406353
61	15.280223870184267
62	20.994758090300785
63	19.348406339677272
64	16.785702003250876
65	17.511342944388648
66	17.441803603487525
67	19.432072451252367
68	21.560615606459233
69	18.365996579851128
70	16.735567409738106
71	19.406105014632946
72	15.179197803688904
73	16.143007753105156
74	14.508704660745442
75	16.66077651847333
76	17.281213807920935
77	15.845004262095376
78	17.6849149430364
79	15.107176976854923
80	13.675819466555827
81	18.72001831921913
82	18.411754755292417
83	15.329750949526627
84	18.331865742248237
85	14.090623298436892
86	14.694559493025809
87	16.564560138293185
88	13.38212787111111
89	17.08433184634848
90	17.174922712497526
91	12.689471926158067
92	18.7401232546468
93	13.974880093589556
94	22.002814439740188
95	18.276609640814478
96	19.6340509400483
97	18.19441722919111
98	21.389002793421163
99	17.41316485408719
100	20.333394887460106
101	15.33952986859542
102	18.14587125993951
103	17.697214998964032
104	18.95655451086159
105	18.25095959685472
106	17.419477344549296
107	13.263711823066442
108	21.339050106999807
109	18.21637688619652
110	19.914329136405378
111	13.760279405496119
112	16.734894162795506
113	18.073309698447133
114	17.839127895946696
115	6.142511840162984
116	7.128206596106624
117	7.668531861086633
118	8.084604266220971
119	6.154836834942568
120	8.700951449969176
121	8.550025138612511
122	8.701112914987434
123	9.623418187103288
124	7.632311015044751
125	9.321660900723177
126	7.490003579233827
127	10.266611635539684
128	9.972206369804958
129	8.40210283363778
130	10.518675319629823
131	10.502821386764223
132	7.931566831245482
133	10.347555596018669
134	10.197540500604621
135	10.946881323824782
136	9.000002789943817
137	8.864877005603061
138	10.180801158155703
139	9.168462849053087
140	11.17179943017702
141	10.674096044201946
142	9.769974188630453
143	9.74855205179214
144	11.097139456702603
145	3.533351883868552
146	15.820386587299163
147	7.799448189704167
148	8.425537433658395
149	6.438378843204304
