0	8.896171211161578
1	11.930485605455337
2	9.75258803610508
3	10.101829994907327
4	11.354104782608184
5	10.303474482875197
6	11.933199768378115
7	11.734528016499372
8	9.814897314535237
9	14.160359267503475
10	9.290828138351385
11	12.102306374885481
12	9.13742927124924
13	11.232231292320293
14	12.860412947126854
15	13.502896799982578
16	11.676947782473604
17	13.702500066297741
18	11.338587626331632
19	12.428700192837052
20	12.501277301302487
21	15.278024610133503
22	11.001730305654272
23	12.35277642539959
24	11.252275725185251
25	16.632613898272897
26	9.528054481840412
27	14.733502520550152
28	8.50514711255346
29	10.439331648780307
30	9.596203255453139
31	10.720985129645664
32	9.990449623628802
33	13.390969603641677
34	11.877815487643165
35	10.912933732646922
36	10.32431607007991
37	12.441469598477157
38	12.501429721287796
39	8.951345493364533
40	11.251000491021264
41	12.549833848395922
42	14.46431639559104
43	10.724510904140764
44	12.128675752297662
45	13.107086048686611
46	12.834369634616863
47	12.460916422685663
48	12.212058507664988
49	16.345610591557424
50	10.608181875207363
51	10.88984567409218
52	15.154220638310338
53	11.586581003237178
54	13.028081757728208
55	9.989515889719925
56	13.195970859290963
57	13.170013303062335
58	11.732311982010968
59	12.549240419025384
60	16.025788469043498
61	11.046961629243143
62	14.18948298476095
63	10.188201301555583
64	12.746075922687801
65	11.508629640377405
66	7.9820578754258005
67	11.850178971115053
68	14.76580362246885
69	13.143966796951673
70	16.627340444683114
71	14.046850110133558
72	14.702830931194919
73	13.200363216890361
74	12.516320599347877
75	16.439324426038922
76	9.774362231000243
77	14.998759371686772
78	12.462333575933503
79	11.740516731549642
80	15.669104676217003
81	13.472871876179775
82	12.66088160887037
83	15.0853385440224
84	12.100850823417353
85	16.852672985567974
86	14.770884788977513
87	12.32594211753889
88	17.081134869249674
89	13.77825136103685
90	17.967889294070755
91	13.728284035671914
92	16.844414703983812
93	16.447191755738384
94	11.982726768627927
95	17.30286393233889
96	10.912933732646922
97	20.066476327776105
98	13.872977301352817
99	17.807258845436365
100	10.693571105708013
101	18.089369136567814
102	18.35579513366285
103	11.800039520079144
104	17.663070786421894
105	12.917580285879646
106	17.69680965755657
107	16.851052033296913
108	17.983454069295057
109	13.71772466118164
110	14.264077582413575
111	9.16430171652981
112	15.784317565183605
113	12.072302442716978
114	7.8919960964406775
115	10.869559389619726
116	10.292702603306006
117	10.777541689093223
118	11.140030121992329
119	8.925124422789668
120	11.726000648184419
121	12.689342674600162
122	11.341152638804182
123	12.8108405570121
124	10.88104812060166
125	12.245600288647012
126	9.066017870869336
127	12.440627448547913
128	9.684232764561429
129	10.664732607616715
130	12.013543664639064
131	12.047270553087628
132	10.748563140131317
133	12.97157892601638
134	12.214771263972157
135	11.759569752642285
136	8.63932282812442
137	8.657655211760456
138	13.05568199509447
139	11.876680312059444
140	10.637372311182427
141	11.95842773013314
142	13.407074032347822
143	7.772072365449707
144	13.06084352574105
145	11.228632965621653
146	13.364345982346116
147	7.9443383332987265
148	13.982431596878575
149	13.39978385902696
