0	11.486417689245911
1	11.017053210259338
2	13.14714975212546
3	12.606337494720558
4	11.789265877791228
5	8.226889311728677
6	11.481282743046593
7	13.181867232207692
8	10.084215539488216
9	6.991278936148274
10	2.95735280772004
11	2.95735280772004
12	10.082542835283652
13	8.537327434784018
14	7.609536058644668
15	11.171733972712168
16	8.068917541031274
17	11.175473790061842
18	11.016643931497955
19	9.46730148787683
20	9.621590227296387
21	8.071902943963716
22	8.846754321419604
23	8.69113706780901
24	7.7625579807333756
25	7.758305579449032
26	9.62291533151688
27	14.231161339133367
28	10.728142868278082
29	11.960193134168165
30	13.497315950442612
31	13.80483707035169
32	12.410127061993714
33	11.764682062455659
34	13.217652978526726
35	13.80587769270584
36	10.70796097550888
37	15.665639697519447
38	13.144316710517533
39	12.291738029489059
40	14.741340292775542
41	15.047002372139707
42	17.830760398042614
43	12.72483633308775
44	14.116771508051318
45	14.266775120409706
46	15.356699680055106
47	16.559404419469793
48	22.227547714530612
49	11.017155344516262
50	13.338678002095183
51	14.276888359327113
52	18.765423858259517
53	15.821972954374981
54	18.29767646977852
55	14.386092770937363
56	18.82241125444961
57	17.52021571603433
58	15.317178128560743
59	13.812259869731847
60	12.59673937994051
61	10.551880525643131
62	8.07175749601818
63	15.337347814040571
64	12.118204572067965
65	12.689003382285373
66	18.764704620473072
67	15.083888600456305
68	15.977119859526502
69	8.997141930693449
70	19.239409259798258
71	16.59726041176749
72	13.496680533040246
73	19.3361978834446
74	18.8139125736349
75	18.134914447008704
76	23.11853320946767
77	18.457403512873817
78	19.329171274239947
79	14.113706406321693
80	17.580481064704227
81	21.245744203985307
82	13.49236024353381
83	18.72452828035338
84	19.43345553131231
85	23.349897507207785
86	11.344563589819764
87	20.34144230008566
88	17.214949365174583
89	15.666383511478518
90	18.720770411906113
91	12.591058667229406
92	23.737230250164856
93	24.654729440772094
94	16.906448962657954
95	22.33151074421627
96	20.10905847612935
97	20.829687743928172
98	19.07886236991537
99	15.821522644143224
100	24.96420835679486
101	28.306595123376358
102	20.054213104260594
103	22.429798409966168
104	22.235717353809783
105	26.199463245708163
106	29.913622694519564
107	26.205817407069887
108	21.719705131109045
109	17.06046120112965
110	16.59647001451089
111	21.555716939515225
112	21.180080401376543
113	24.72534342426624
114	15.360925746625432
115	13.185337241439477
116	20.00719931922486
117	15.046004786770116
118	19.06862222776525
119	22.497792573506068
120	19.839435849349066
121	15.67308229494014
122	23.415553352694744
123	16.092167870261605
124	24.71574359405029
125	26.04198798633689
126	26.374622736808835
127	18.145496954837142
128	20.312311421570552
129	26.658884803874226
130	25.744342917109485
131	17.53176515794286
132	24.497613801096147
133	11.947790268249195
134	26.363364176595148
135	17.41254806143092
136	15.459401400894443
137	10.55676531698594
138	13.340937191502437
139	7.604762314120614
140	2.6480684586018683
141	7.444169456008474
142	9.942633976098909
143	6.207947245159361
144	7.125316518936456
145	9.029431511981366
146	5.744430618942073
147	11.483635183107848
148	8.226740769146
149	7.28216368235399
