0	4.111910564701867
1	3.310137520069863
2	3.4756127994950194
3	3.6247141046229636
4	4.753407935094777
5	3.4710240317055887
6	3.627965409887754
7	4.757340737546516
8	4.1118766958008885
9	4.271972633075185
10	4.112045294409234
11	4.440434328375475
12	5.38459608670079
13	3.951309642181008
14	4.192082727355739
15	4.192185986835001
16	4.913423777395641
17	4.833418902064101
18	4.820336184900651
19	4.936983706295963
20	4.263668418593541
21	5.889641266439483
22	4.742054773351501
23	4.276104026886653
24	5.721176259508048
25	5.475073823018028
26	4.824158521848796
27	4.762851059945153
28	6.023373057570448
29	5.877237737943709
30	7.556793054800725
31	5.634839163712805
32	6.837581146787797
33	6.677360095847866
34	6.997732906375048
35	6.837641976961978
36	7.158580818043028
37	8.76213613695032
38	8.44112993338016
39	9.266449471072905
40	7.939309068746522
41	9.582619040853055
42	10.184415513765634
43	11.194544368301042
44	13.493455613428743
45	11.218533838588145
46	11.88872160399579
47	11.72771692649746
48	13.572739013886856
49	11.967772372391703
50	12.610278271886504
51	13.732699755272057
52	14.613908958685215
53	15.41559850928903
54	12.322700319055814
55	15.012756294413036
56	14.336433486845596
57	18.993397861207768
58	18.175147708513848
59	20.384306132791327
60	18.22325952859684
61	21.64734307649426
62	21.769614936525848
63	21.38883994402359
64	19.541619921727108
65	25.528534595288697
66	22.941491584767704
67	17.42032183354458
68	24.635266854784916
69	24.716156366747033
70	24.943047761886696
71	24.87456979802609
72	21.453561188528028
73	36.58020264522972
74	27.598177746482335
75	30.53476246868907
76	33.061841003127455
77	31.396943963181148
78	18.519259122500586
79	17.662528741095908
80	43.498246851976205
81	21.762185600638922
82	22.065996753461462
83	6.822023184644989
84	43.102576808856114
85	13.652397920512662
86	17.494295839860953
87	18.97962089872559
88	19.153809548081885
89	18.654349043667406
90	22.551288633638528
91	20.200040832821763
92	21.13190287815882
93	20.198674565139545
94	20.948064722015037
95	22.22265636756756
96	16.73976304794334
97	18.188615095989043
98	18.312747614767986
99	20.368607866276818
100	20.555326544584613
101	23.031426738536954
102	21.674217544481664
103	24.06871410588407
104	18.733047842453885
105	20.387251805450855
106	22.85171335368347
107	15.695458893934273
108	26.640288270439964
109	16.412250471849703
110	16.104096802310654
111	18.269704955702586
112	12.737283338074825
113	13.491416329794403
114	12.796536637327323
115	20.823917672494055
116	16.298234574439036
117	12.718110426649101
118	11.091751757042685
119	15.454286543692438
120	16.296990053106
121	22.12928403762536
122	19.29361071466412
123	16.53780620821639
124	19.313657116271504
125	19.667580049175623
126	22.890359583250156
127	16.3348724339103
128	11.701967391320693
129	13.010897239713836
130	16.13634963836262
131	21.75083653869761
132	17.418988797122907
133	14.894316581513452
134	18.778366926324125
135	21.759137390953615
136	20.643892643000967
137	18.19036413895593
138	11.697597204183264
139	18.703244167706615
140	22.95259051165338
141	22.87064699243113
142	18.36140063161825
143	24.459038154289843
144	21.73781909739657
145	25.532501538683906
146	19.90620922409057
147	24.489562043832105
148	21.02742536351573
149	17.259814235961407
