0	17.720256016612886
1	23.325909769948453
2	19.307096620456253
3	20.67718112583014
4	21.576322371848782
5	19.858545430645584
6	24.88790340802126
7	16.645513000253953
8	25.477394664030825
9	16.685767967300446
10	18.973831999763576
11	23.362032489028614
12	18.57277421915018
13	20.802548799127894
14	14.891173396418832
15	20.099616857459257
16	23.381473353346077
17	19.58334232907915
18	23.581461964385703
19	21.67387526348208
20	21.091386739683628
21	21.56321555287905
22	20.55830598598063
23	22.961022354531107
24	15.752128698851193
25	23.841647821736284
26	23.519162565090397
27	18.107389910562016
28	20.648418939742903
29	8.204281936087185
30	29.859118267149462
31	14.065757999403338
32	14.453427689697815
33	18.566718668854914
34	14.324240654840306
35	18.744285448951384
36	19.20438452987842
37	17.157514562190492
38	14.242749558756037
39	11.050384484756993
40	13.115828034595395
41	10.676187242320857
42	13.557811378352683
43	10.853573839259123
44	11.831363898486874
45	14.276240947643934
46	11.160218504158589
47	14.103388628621845
48	12.528874679231814
49	13.550434392262062
50	15.729738985958006
51	14.114422718294923
52	12.340528327054043
53	13.693535566488839
54	13.887512140298378
55	14.801614731156855
56	15.774689950764284
57	12.523026185773237
58	12.646469438575812
59	4.397152622222379
60	18.316818317064854
61	13.248985112326384
62	10.874099968765956
63	9.644408681961474
64	12.901756025731796
65	11.377818267565843
66	12.93363982434952
67	10.979953259680224
68	10.416978633105256
69	11.288828496064582
70	10.232308858907489
71	12.043219813476277
72	9.117326643596238
73	10.617385792276185
74	12.126866122049947
75	9.760402268381664
76	10.501553169510316
77	10.498923821864983
78	10.95241988836229
79	7.626593216211094
80	8.900493968199369
81	9.59018499332578
82	9.985927409422
83	10.439377578495687
84	11.050084598659243
85	10.49680258277203
86	8.997387374917835
87	9.451258129817912
88	9.540320509001555
89	10.13283540104991
90	9.587699489795382
91	10.0425166263256
92	8.884024831740229
93	11.202810897933821
94	12.101815268470169
95	8.122018169346171
96	8.568271262338262
97	8.977507819220584
98	10.011828299000372
99	9.19285506400682
100	14.361377194528403
101	11.069684243142815
102	10.528315330927333
103	10.481334921597172
104	9.42426054444034
105	10.18887449680746
106	11.720660721245162
107	10.44370653366136
108	12.315008380745503
109	8.31296493450777
110	9.847808497639807
111	8.948426322682487
112	12.436647392149085
113	11.689293275370241
114	8.895187308566841
115	8.588480342887957
116	8.848168257142456
117	8.466902147872148
118	7.370544872858241
119	6.433082705823988
120	4.702748935698944
121	5.229267791252781
122	8.056858742436816
123	7.7889836601852735
124	7.970723100616959
125	8.330603167592528
126	8.228105001048762
127	7.011438222278459
128	8.890376303473321
129	7.936488766105045
130	7.687382195015047
131	6.882431258792724
132	8.132667948144421
133	6.627471435373461
134	9.06653070453576
135	10.0729619495518
136	7.479699260483266
137	8.922595732098518
138	10.045550490359139
139	9.910350603142371
140	9.442077516764382
141	8.909624653547159
142	11.18352851855252
143	7.195233846280391
144	9.108073364598216
145	9.333932603568494
146	9.977021117362534
147	8.252817483870365
148	9.648586315251055
149	12.15374035986659
