0	10.483841559188852
1	10.933798166414165
2	12.204411545807469
3	12.13574978930531
4	11.076349415731217
5	11.282775928469485
6	10.292985258448622
7	12.663181012394528
8	12.114777115561209
9	11.146426201555526
10	12.297042475146629
11	10.795761175821935
12	10.730704952362862
13	10.941396218546906
14	10.556678302683238
15	11.313090475706447
16	10.602377363576208
17	11.278813880584423
18	13.459022077213644
19	11.009818975674445
20	11.207298279347409
21	9.688961872004304
22	11.012939609705143
23	10.800241367067587
24	13.780407108508843
25	14.876826546246761
26	12.389209724198814
27	12.834701784478497
28	12.52520568216803
29	11.655559953336393
30	11.464198150548384
31	10.945115736101588
32	11.258777118979058
33	12.12964673156192
34	11.530440487299629
35	11.474704227470925
36	9.877374080605952
37	11.951528470753804
38	12.899218467257022
39	13.516943314572046
40	13.567061481602268
41	12.73338237742371
42	11.028492899755534
43	10.918139308481496
44	13.993306433866888
45	12.996468128955952
46	14.702547523750795
47	13.716594920654376
48	14.009513814216142
49	13.00787687850011
50	15.511669041752286
51	13.069128523999362
52	14.163564531821406
53	9.505886129966935
54	11.662523999835557
55	10.552621633286911
56	13.003285626922215
57	14.02584883647451
58	14.0116475705469
59	13.86943173265431
60	12.996715520533979
61	17.089244782953692
62	13.028205095214979
63	14.413580890561823
64	13.62826209298821
65	16.490040124745686
66	13.80046178965209
67	13.026312470731026
68	11.99829528897367
69	17.200138048400582
70	13.937673380610333
71	14.192580072009203
72	15.171009352763496
73	15.38523515795835
74	17.740561250605253
75	14.352296800881195
76	15.375787987475517
77	17.830003008092874
78	16.76618416811576
79	15.669275365665664
80	17.426791651130216
81	18.68775596466496
82	21.750314111138664
83	18.18379962783381
84	21.553359868696436
85	21.10598092266558
86	20.75942997227835
87	19.9928128677306
88	14.514059152039954
89	20.76715962363787
90	17.22300742032448
91	17.345373229264023
92	19.37857044165517
93	15.498216586892067
94	15.900429847068855
95	13.949118669151444
96	15.87569549618962
97	17.795959741903566
98	12.735106680262506
99	11.90657338741541
100	7.974521129116582
101	20.942063451136672
102	24.325578623318513
103	22.3039111955333
104	27.993991568530774
105	29.715778792175932
106	26.89714130265141
107	25.70842282798474
108	24.03454924826059
109	21.976739469047633
110	22.612294481003076
111	13.434102522863222
112	9.006284857476416
113	17.963011649897588
114	10.31893938428724
115	14.629051903918283
116	12.481613916550375
117	12.981124272676874
118	9.536574880946189
119	11.166094442434241
120	13.633857511550987
121	15.919962924145297
122	12.43753947309216
123	14.702688260924013
124	10.19094838785045
125	14.88557414171693
126	13.239231368971748
127	15.743027238809619
128	11.975779798780895
129	14.504655120154363
130	12.555277809744561
131	17.050262409132838
132	12.024762223805688
133	14.991784112610464
134	14.654045469241685
135	13.964195538841313
136	14.658692121718321
137	10.233048492093456
138	15.066811396268287
139	11.332609859677014
140	10.274971342803282
141	9.405012349852155
142	11.326300039819877
143	12.862889130250966
144	9.831015133008254
145	11.951415291200941
146	12.640264068805827
147	9.7881449014419
148	12.170508630995709
149	11.086087673664622
