0	12.26004466689119
1	13.025840963518664
2	13.915308411390512
3	9.074312342583802
4	10.371591163881847
5	12.392366815528643
6	8.541847786064993
7	15.446127552833095
8	13.28026245808109
9	14.587520604692406
10	16.555950096981427
11	10.243736924972602
12	16.081378951041614
13	12.006716667572686
14	6.904550362149666
15	21.20210279731568
16	14.471556412450957
17	9.81387479097997
18	13.04741611930131
19	13.001780982615632
20	12.547865795945423
21	12.511192109544423
22	9.94408071608929
23	14.542989208292544
24	12.557778452285262
25	10.981680245622801
26	15.029182320686145
27	14.044995700142831
28	12.005146329947076
29	15.615085965456933
30	12.99094263299103
31	16.338418057997043
32	14.809728942204575
33	12.76948163895462
34	16.84853538598132
35	13.065987719256317
36	15.305325507586282
37	18.335495405413134
38	10.985654776105438
39	16.11570449416463
40	15.03401315160536
41	12.414230105347166
42	17.193326712758115
43	18.30023509240582
44	9.304446810143796
45	1.8120757036702724
46	8.16132562137148
47	9.731269085862982
48	11.980191232107263
49	11.750138566707996
50	9.073732749169128
51	7.926701684509614
52	13.406835250696728
53	10.47575630828238
54	13.445560681122702
55	10.47401307649943
56	8.542620765352456
57	15.352172775987636
58	12.488620505011752
59	10.730555398121759
60	8.945877102229336
61	10.758367838783911
62	8.67003356808957
63	12.514708884797379
64	9.966693969535608
65	11.781023646497195
66	10.193774070759723
67	10.603500143816104
68	11.6539788290702
69	11.973049779313863
70	14.683246487302851
71	10.474981300783867
72	13.408601809972865
73	14.29774588094497
74	13.025840963518664
75	14.847123486729156
76	12.481387519082405
77	13.535046286167404
78	10.884350144801719
79	10.832394371334832
80	14.811130964222446
81	10.241652305896116
82	13.252593860054729
83	14.553716424951228
84	12.803720409166967
85	9.177192210586892
86	12.006267835412745
87	14.298285286313877
88	11.014386231862137
89	12.991185593022248
90	14.299366239407762
91	11.494279342168104
92	11.782566925419431
93	11.236794549003033
94	14.90316996234213
95	14.16910667673218
96	12.034269353826284
97	16.80976706619512
98	14.847123486729156
99	12.735676200732987
100	16.086120440543556
101	12.428228381550516
102	12.093034115318932
103	17.358839749077045
104	12.769960948652843
105	15.572836400460819
106	15.355530582971024
107	16.08933324219137
108	18.375846380729474
109	16.339507090601053
110	15.95561518537713
111	10.604088799735944
112	14.007586978878235
113	10.220103358773924
114	14.555506092459735
115	14.201959668799185
116	18.76031108616886
117	16.601380189593446
118	19.091238411980463
119	19.444768922968972
120	20.114932937451957
121	16.102047179591047
122	17.846487482367607
123	13.534409111733906
124	12.005258303275383
125	17.6537208492005
126	11.459073895714727
127	18.90479195152551
128	14.299906780830078
129	17.40153413155784
130	15.316499873739941
131	16.605019542129906
132	15.053229123293752
133	18.080689418183955
134	20.21667628657269
135	16.04112043648935
136	20.217846271847304
137	17.054156739130278
138	16.88281498220013
139	21.412257280499016
140	19.12799595025132
141	20.415614349168436
142	17.53351446359437
143	20.23373306332122
144	18.428049804726985
145	16.548561253841985
146	15.319987407527899
147	20.67049739910042
148	20.163636814667733
149	19.64662840167723
