0	13.46315028644436
1	9.097143020702541
2	6.925688929014729
3	7.815389182428257
4	7.187368277164541
5	6.098948558449006
6	7.402121428184104
7	9.242371519502267
8	6.523963763072613
9	7.734847216915814
10	8.91068240662405
11	7.50646845071439
12	7.931940367006886
13	7.900274936506712
14	9.572877943605416
15	10.069802963595933
16	11.724358160471072
17	7.0910918919316615
18	12.796881556049781
19	9.656980926017841
20	10.897874726246977
21	10.393906020987412
22	8.916770634062168
23	12.746981898366405
24	11.557958324267137
25	8.72721557513133
26	11.755802195200516
27	12.35531336216124
28	9.264892133446327
29	14.291560979926928
30	9.487149748423482
31	15.039836297295011
32	10.48455936747301
33	10.637827395976243
34	13.690457640362588
35	14.040711811733848
36	13.217312766688963
37	13.558811278106944
38	13.69818446817062
39	15.07639676250049
40	17.30761601864459
41	14.937664019862547
42	14.006016157446544
43	15.497801025322886
44	15.86388595002721
45	15.283010839315798
46	16.61139399214479
47	17.849981688593466
48	11.394339590071954
49	11.724576306514365
50	12.222460145702245
51	15.53234358626457
52	10.566171249077463
53	9.407587543239247
54	18.512871396287878
55	16.85574399782835
56	15.665960070838569
57	16.020608543235575
58	13.592619060068005
59	17.063727519288474
60	13.547071263249785
61	20.118163293243327
62	13.546433920468534
63	13.167429184062891
64	10.980145107092772
65	9.548117336894983
66	14.705449749906212
67	11.423452317672195
68	12.47033386238892
69	10.458282089842891
70	11.919476149257187
71	11.725887808300145
72	12.879143878695432
73	11.646903347198979
74	13.954660794122251
75	12.220975027828741
76	14.342510196979335
77	12.170384395827757
78	11.282416104318719
79	13.049649130085792
80	14.704475829402883
81	14.367689437255393
82	13.489546266328775
83	12.450757793443968
84	5.032052134794226
85	8.723657341232272
86	12.966873035143335
87	13.049772355201021
88	12.336162105020648
89	10.564901543532542
90	14.624469563217989
91	10.400622364832122
92	9.71346595256215
93	14.160345752016964
94	15.412161394805135
95	16.361315584808832
96	14.87016127131346
97	13.577486870548817
98	16.856708216166798
99	16.65327159857491
100	16.028675093267594
101	15.852595963210085
102	13.587101348003657
103	16.290310846882907
104	13.91755051266858
105	2.04299160333398
106	0.9639890387891252
107	2.3716430392940904
108	4.524978434514965
109	9.592399347767435
110	7.980987331707249
111	13.416842193338264
112	8.741241562529726
113	11.039979929294823
114	7.353896808649447
115	8.148001257131284
116	10.069617153325332
117	9.434618140025597
118	10.727550201455186
119	12.685618175066526
120	10.897369838568459
121	11.176934225268145
122	7.3186041804872985
123	12.668291725237381
124	9.301003908883057
125	12.005836766466757
126	11.941580165956992
127	11.419298409319328
128	11.480001455071406
129	9.796637678240794
130	13.214705483935683
131	13.546178431346458
132	14.075491168234178
133	11.559679421121585
134	11.894667711583221
135	8.723894653753097
136	10.068597746981139
137	8.49734936295227
138	9.159089199557894
139	12.581389378180695
140	11.202877286072555
141	11.55935712448118
142	12.719260601909038
143	11.062715430056002
144	12.4702164654886
145	11.50602793227873
146	14.953499313762276
147	12.108576013973739
148	11.845235121907226
149	10.807888910242708
