0	12.696534625567104
1	8.006109285571554
2	11.142775065973181
3	9.281589255050694
4	11.378721234068369
5	12.009701687356923
6	7.392456302541899
7	11.5893929790473
8	12.828938453653793
9	8.046069053636534
10	11.204995314255516
11	9.643338081987421
12	8.532574014738524
13	10.022491746011063
14	11.983126641520709
15	10.546595201886172
16	9.804801164746209
17	12.400249965176354
18	11.762560972588398
19	9.73993240282018
20	13.732422674137869
21	9.453285589158575
22	10.737435399197402
23	14.187694545540419
24	12.335012172533846
25	13.271804564104851
26	11.2811106628149
27	14.841392993617083
28	12.869169480624226
29	14.939887089417207
30	11.3201257606136
31	13.673067236674994
32	10.898427012962994
33	13.082159496251249
34	9.820692781004045
35	15.633842118580922
36	9.037968429156612
37	9.759494984725684
38	14.41134209692743
39	9.869411637644959
40	9.417475811903882
41	5.665563482279227
42	11.408116611202457
43	11.529748692484604
44	8.531462762422445
45	12.686911796440251
46	11.957369086833387
47	10.50990594375456
48	11.46843049998242
49	11.907188963402952
50	14.0076719397098
51	9.381779723212214
52	7.1740181327444805
53	13.25697071485736
54	16.114164543523344
55	12.182853876066359
56	15.412296248035897
57	12.827546345277682
58	13.251641852510822
59	10.510798567815486
60	15.287275227213827
61	11.608522610510516
62	16.627064887934342
63	12.707675427516921
64	15.022874150041106
65	9.965268818748136
66	17.060682479950263
67	11.59215010611084
68	13.088289629683857
69	14.186879476065634
70	11.180052236851141
71	16.200272692842553
72	9.515808593490357
73	15.411421466149516
74	10.389083317827975
75	16.15877213779182
76	16.810739272860108
77	10.711740202150523
78	14.449743216031253
79	11.438729828728745
80	11.205553571349242
81	17.59129125942559
82	11.328301090763018
83	13.270300993420612
84	16.24692239525622
85	10.241752709880487
86	14.098537196017322
87	15.107967127620896
88	11.731637236966845
89	17.03524640446884
90	13.441707050816369
91	9.565349109262321
92	17.208063573279013
93	17.7431229573068
94	9.77561295852638
95	13.824649219870865
96	15.334725403661011
97	13.572189193234403
98	16.89381111281214
99	14.889075366818123
100	14.054705715294165
101	12.706464781329132
102	13.485669389977224
103	14.657553043535916
104	11.792769837190807
105	3.9802963648045355
106	19.36592587181713
107	12.564195557109182
108	9.671920662172571
109	11.718831235016966
110	11.83212740235372
111	11.77569189561088
112	7.480052309926034
113	4.367533713687173
114	8.269947632654397
115	7.699921948721692
116	7.8897780421817965
117	6.109634316193506
118	7.08569457832433
119	7.97947488616672
120	6.107875013654137
121	7.78781043765964
122	7.9620563795444665
123	6.312360736078067
124	7.771453814388837
125	6.482627464297522
126	7.85682935259353
127	7.524230468514142
128	7.3209254251605005
129	9.650195513942972
130	9.188981893301046
131	7.2799347586251555
132	8.400522594699677
133	8.12533778660388
134	9.267019132547542
135	8.027207071985572
136	8.859213236342613
137	8.727424545187777
138	9.737379004549293
139	7.630957567491857
140	9.800107588299488
141	7.598737569256949
142	11.055220323379533
143	8.02846881940067
144	10.530775320149994
145	10.374522724356181
146	9.209219082439782
147	9.803327778273246
148	10.838619002217762
149	10.169492644410557
