0	11.138244916481725
1	11.752992097109999
2	9.835596491330994
3	11.868246621602948
4	10.348465068212532
5	10.030274112059862
6	11.240760757108658
7	10.964894244999233
8	9.570044284364357
9	12.922956001812295
10	9.598479068350196
11	12.215522841755801
12	11.781490759079475
13	9.131729893669863
14	11.308757715114213
15	11.665183940764035
16	10.686076905506527
17	12.645166769017516
18	9.570837209446466
19	11.130118056884108
20	12.166283759384898
21	11.27896144374056
22	11.799963295536642
23	13.121361798347486
24	3.284933140576981
25	15.296033902956742
26	10.486056806452424
27	8.820696074262413
28	8.243626323669211
29	10.33563731651889
30	9.868615791778812
31	8.101537468968322
32	11.315827972994777
33	11.178866865376376
34	9.066727819083576
35	9.962451399196649
36	10.884798668424736
37	11.454382670364424
38	8.141604382567982
39	10.581142962142234
40	11.912023182158757
41	9.408535770155506
42	11.59948348186959
43	11.823444985853309
44	10.879570984633514
45	12.1341100391705
46	10.389959216432036
47	10.124062659814527
48	11.148578922563372
49	14.25273670956258
50	12.12535052996656
51	10.0226789007728
52	12.59128153903989
53	11.17123330535455
54	10.919117176301777
55	12.396120850278814
56	11.13908543366401
57	13.939418106382483
58	11.895417360145874
59	11.4070361201324
60	14.163393061408131
61	12.422636144823546
62	13.449823949886381
63	11.125978222324926
64	12.400465961038394
65	10.943279872508292
66	13.602159389026452
67	13.782738406259696
68	12.574151585087687
69	9.40689997657623
70	12.41211730877967
71	14.063423344627765
72	10.721018419287857
73	13.571530772763614
74	12.219503244495654
75	10.014634236986657
76	13.785084563734662
77	12.428145176796395
78	10.874803990423374
79	14.851735054908259
80	12.68494268908311
81	11.707942151250634
82	10.609543038088058
83	15.870544885633295
84	9.675873065463703
85	9.45027319836339
86	15.577080295366153
87	11.824886853127587
88	12.992331965658298
89	12.851058921479472
90	12.574977808382872
91	12.433034993134914
92	12.126603388895747
93	15.074213972458208
94	11.73322972919138
95	9.834053359874128
96	14.155192899173267
97	11.969708343104655
98	14.419683983731932
99	11.976315774434621
100	12.635650269985453
101	7.005334863308849
102	9.513646041912017
103	8.582635038561312
104	10.374299487918622
105	9.574078840127362
106	9.355280776346305
107	9.246528957003884
108	11.414607721433164
109	9.315772821256049
110	10.665308992872431
111	10.451182437107345
112	9.960884380799447
113	7.70365115381569
114	12.888751109342426
115	12.124108085663238
116	14.060755348785108
117	16.23965130877095
118	13.46380273981175
119	14.498660265313134
120	14.030446531542966
121	13.969002175657485
122	14.72468731762163
123	12.81592724762995
124	12.651987421299436
125	12.521971003826243
126	12.751215087167353
127	7.726616739610679
128	14.003297526774647
129	10.326963051356834
130	14.030640842867323
131	11.828646679031555
132	13.513378968504437
133	12.19227967114166
134	10.294692566206752
135	13.37476297456895
136	13.671459833796005
137	13.17587811938262
138	13.831741089412969
139	13.907669099253988
140	14.924344229102111
141	11.006077601032484
142	14.399125447170563
143	12.057073368180472
144	14.233405104877995
145	13.503917800229827
146	14.031375555771326
147	13.541246064205385
148	12.81658753755927
149	13.20958093261915
