0	12.821531877540869
1	14.668107179238676
2	11.629321513271657
3	11.106871299735873
4	10.664743791127119
5	14.564539105527535
6	13.660887125322144
7	5.526917567216155
8	6.057083601058152
9	13.972508386117278
10	13.76723714796274
11	14.435564738482096
12	11.884215373377836
13	9.247927608052244
14	8.625561915426715
15	17.3117967293214
16	9.252541711167657
17	14.6297920605098
18	17.96637170264553
19	9.441599939244682
20	10.004466503399113
21	11.37628670055587
22	17.727432887282625
23	14.020207806844862
24	15.153499036814635
25	19.78382075262812
26	12.52742683555521
27	16.699846063449765
28	11.563048536515174
29	9.631636127488093
30	12.499225432961584
31	16.294969962496555
32	16.447778952802427
33	15.046876189379786
34	13.118077747267197
35	14.993653756167296
36	16.824154045725287
37	16.908813863370128
38	13.82969677720644
39	13.622076701486185
40	16.536402735460236
41	18.57129246261513
42	15.11048826999227
43	16.733717478270414
44	14.63439529456281
45	17.359807609135665
46	18.167205357615344
47	12.592618181903052
48	22.548851139955847
49	16.21193680571313
50	11.917413097135148
51	13.95720324986211
52	16.39299019109372
53	9.980982847351097
54	12.69314042873214
55	10.005027581548472
56	13.082977960287602
57	9.95567437901431
58	16.932741346542482
59	11.721654702123281
60	12.469292213468334
61	14.729462777103805
62	10.087152119202877
63	9.85159726439751
64	9.46445311400278
65	13.597880555855646
66	9.787408184378885
67	10.303661997226515
68	14.533911993480531
69	11.910117287257977
70	14.477089080260953
71	14.629373357537615
72	12.75685553433513
73	11.917974641745595
74	14.73185710663776
75	13.432418137411842
76	14.17828386369148
77	18.09878828536946
78	11.95042544179301
79	12.924273417848275
80	13.171034973091205
81	12.693260320961958
82	12.843537954048047
83	13.573132501240167
84	13.048704211717181
85	13.626592056334347
86	14.926337908697594
87	16.1364080534007
88	11.401410753605617
89	11.433333141751898
90	14.07328768453664
91	14.967012552307931
92	14.678817723531644
93	10.43316105928806
94	10.761791417226691
95	13.395670452189083
96	8.10858565866576
97	7.609960720774147
98	14.209841467825507
99	14.667966144298031
100	15.468615817187528
101	15.041791934815215
102	14.37128154883871
103	17.12083937278793
104	14.170191344557333
105	13.573004063110208
106	14.797437709477709
107	15.04064742685144
108	14.436939733356327
109	14.918203313427295
110	6.047084694184018
111	14.433227263640239
112	17.536297808399272
113	10.497227626851648
114	10.985745187250014
115	12.692779871751018
116	11.46639857520783
117	9.012738305273698
118	12.24110718385321
119	16.242678709271402
120	11.659636624658937
121	6.882271934852827
122	10.110564404882131
123	10.913393918534728
124	6.864907278278122
125	8.82020970769431
126	15.055660415221725
127	12.724470043440677
128	7.215951083200861
129	12.89536686807266
130	7.64065077725826
131	11.272192119330493
132	9.656950287082584
133	12.565802988915772
134	11.65875852463896
135	12.047202303640374
136	12.048566268613856
137	9.594097155567654
138	12.336660556350342
139	11.758408543218641
140	10.23939433386569
141	12.821046330152509
142	9.347384711183498
143	10.570183829578205
144	14.251526983068162
145	12.78848960724894
146	8.689879272009687
147	7.608156023164295
148	8.435378348874808
149	8.410722579146821
