0	11.66927575345051
1	12.704698272890758
2	12.503823233766996
3	11.691059702035384
4	13.06179461304072
5	13.808291184764979
6	11.589392152932879
7	9.09462015026315
8	12.131437660072416
9	11.114108381022346
10	13.238154023379956
11	13.312234727863139
12	12.71458118234821
13	9.750026894799673
14	15.944600717109143
15	13.660550197105579
16	11.09756776875294
17	11.872050860935442
18	14.37227161717786
19	14.678207305696619
20	10.635420529586868
21	13.632214661171847
22	15.169229009906106
23	15.827206200711197
24	15.042789561933475
25	14.579826307843728
26	14.475042861369408
27	15.937515050136344
28	13.528027915406573
29	12.861822317694335
30	15.583410160381106
31	16.920249331131085
32	15.533063042027964
33	14.480420685579658
34	14.610134496725376
35	15.380195095973125
36	16.27000750593686
37	11.813927769146035
38	11.298371155805437
39	11.699097894327473
40	10.948229716421011
41	9.879662574413372
42	13.147395934610412
43	12.484976440788547
44	11.812434634544841
45	14.49713360839181
46	14.546681245824667
47	14.705031260822068
48	12.741867491841811
49	15.065286625040077
50	11.910335369091506
51	13.722642931847549
52	15.264079572812127
53	14.03029178041542
54	12.193337674774861
55	14.474215085068723
56	13.142139138877042
57	15.915634790194714
58	12.12530397241134
59	17.061823830032914
60	16.718993675011145
61	10.794728501882632
62	16.646746575022696
63	16.792811141696564
64	16.32879076630831
65	15.427839001838583
66	18.05685803582902
67	11.690290111169134
68	15.993942777867861
69	16.140501738965128
70	14.180909934852961
71	14.30194017467416
72	15.482069503620915
73	13.234630673388576
74	16.13368885094299
75	15.57230466007421
76	10.716429286935437
77	16.348988215177965
78	15.167267796277399
79	13.000965180594239
80	17.75517930563633
81	16.52497444302625
82	17.02898694243945
83	17.261976058884358
84	16.953446798571644
85	17.72724618779789
86	13.133637108635755
87	16.891048752175838
88	16.46072731283749
89	16.37757192062836
90	18.84291705110377
91	17.911161702992764
92	15.382846251271252
93	16.77537783601636
94	17.11858828046555
95	15.502698336974127
96	18.233206966047653
97	17.2849349240382
98	17.12286881287993
99	18.407945308146243
100	21.18021432257782
101	17.69277425496303
102	20.731462546118397
103	18.96116031019238
104	21.528884380656937
105	17.777607220989324
106	18.79730872412895
107	14.266504863942998
108	13.947456745107553
109	15.213665572368587
110	13.177773558050793
111	4.641791868745942
112	10.055556323636589
113	10.506808722648309
114	10.179182658871978
115	9.464420679648079
116	9.121304941452426
117	12.133389119098375
118	11.083164078247021
119	11.919241984557198
120	10.904907074410035
121	12.216582197341939
122	13.612531154913315
123	10.900915181533113
124	11.991629119170032
125	13.54401523611787
126	12.813906753750924
127	13.819739577653312
128	13.120407358866986
129	13.768422778339188
130	12.41027246300584
131	12.15604869484498
132	14.951854803153399
133	13.778011739900142
134	13.397496946901697
135	14.141878189381405
136	14.422263783634506
137	12.427795861561473
138	17.870960886815173
139	15.629805345180575
140	15.380195095973125
141	16.196023857967038
142	14.100495493071932
143	16.318603992982137
144	15.044080702043626
145	15.909838548085208
146	15.646465622139978
147	13.477852101469658
148	15.385204123098836
149	14.47752370291616
