0	17.472885375088033
1	14.546488190639163
2	14.114477213738486
3	13.860403270374388
4	14.499600418721286
5	14.107800330405677
6	13.824452541233793
7	15.543719752482568
8	17.399886298221137
9	15.09730013924358
10	16.623461090160166
11	12.920729576145131
12	14.600639834730998
13	11.297840334770287
14	10.658280540832248
15	13.19782981848533
16	13.034010335260062
17	9.671543302252301
18	11.811429470714817
19	14.070002423378133
20	14.93266773427682
21	10.97649890629468
22	11.607675429907204
23	13.886547205468998
24	13.92266549385399
25	11.97505683860547
26	13.466508261028796
27	11.275665478011865
28	16.532576699680963
29	14.050956569449815
30	12.731785102279547
31	14.806706298827871
32	14.926094090964545
33	14.317902627586717
34	12.3669573323617
35	14.676392632302926
36	16.04038889339099
37	12.957971546467114
38	15.504545761437589
39	14.444026411827942
40	13.340759119171999
41	13.705800347458304
42	14.935371554136216
43	15.475326571279192
44	13.708904971492618
45	13.67754671560227
46	14.261079216962528
47	18.191181714226964
48	16.618704032932715
49	14.29459550058476
50	14.349875811924292
51	13.874899869569756
52	17.015544062905064
53	15.938526659479166
54	15.385843340786954
55	13.4146090339981
56	16.14770747042344
57	13.334972021124907
58	16.407800261622448
59	13.969453030143953
60	18.875906242034247
61	12.506306318297188
62	5.881162264125668
63	20.657258481553036
64	9.833263955415434
65	9.866064066333179
66	10.827090628438226
67	14.864724699934696
68	11.204828969826558
69	11.980440205891501
70	13.30273735950439
71	11.432049045628807
72	14.338293086912484
73	13.142522319665188
74	13.02580008644475
75	11.961622245589956
76	14.971968519391988
77	9.848316934722023
78	7.728262522001838
79	9.373316993024389
80	12.8379644421083
81	8.52613866620665
82	10.789956192298616
83	10.814212805341995
84	11.59270781998847
85	11.013378526442693
86	10.074985826308758
87	12.138827443667347
88	11.237300172155564
89	10.783460147776788
90	11.223134839482587
91	13.32027703629423
92	11.393123882622664
93	11.396525127845468
94	11.158445646510204
95	9.820968170079588
96	11.875720697472255
97	9.467119475908259
98	12.85887236055614
99	11.48056326130778
100	14.501661999251835
101	11.239401770995528
102	12.148136629152194
103	14.28445815538424
104	11.205977435066082
105	11.39875869989549
106	12.018378397964284
107	12.917091154388308
108	14.476549441073747
109	11.050421530379166
110	9.647249407386457
111	16.06916538357129
112	11.78171684734334
113	10.627692643001852
114	30.309194064454168
115	17.38193078762872
116	6.180327987319192
117	13.919899951035685
118	11.390574573859254
119	15.462524313200788
120	14.108334354681443
121	12.954554423668359
122	13.03781330549168
123	16.33594858513998
124	13.61831845697804
125	10.829508706497903
126	12.641415428272577
127	10.244855887466805
128	13.757596494910768
129	8.856048311319391
130	14.891965190181287
131	13.814527190435586
132	14.06162971935122
133	13.883403722114437
134	12.765215641036132
135	12.727126423241193
136	13.924641032526809
137	11.10285574139558
138	14.971400213224749
139	13.91516228354475
140	13.321783040775522
141	13.550027796724093
142	14.867542299881007
143	12.512085627351839
144	15.889532497954056
145	12.165888703567694
146	12.364636044966424
147	17.169914302971545
148	15.540619740380475
149	16.19675286946937
