0	14.398530018941937
1	16.22522344115765
2	12.826575701010691
3	14.15050399357005
4	15.675361312685768
5	12.64824440923472
6	13.724658383202689
7	17.654986643695285
8	16.895395863762822
9	14.930390686501243
10	16.285969354770597
11	20.67512941742097
12	17.50208140894214
13	16.726523928293464
14	9.390856900928794
15	16.820819882374213
16	17.266175340889447
17	17.22084555043262
18	19.205856265938014
19	21.344429038467
20	19.191400772050788
21	21.297985020756922
22	19.20678354327946
23	18.334003669905705
24	14.912348291327676
25	12.700407954480273
26	14.033104774941268
27	15.203492701123817
28	14.410118724238137
29	7.992762118807049
30	20.019612758451945
31	13.671564950849662
32	13.12372539875153
33	13.76913555689606
34	12.60841784426557
35	17.093732583544366
36	12.74199858871297
37	14.528285021121977
38	16.445494097067236
39	11.848651409300613
40	17.207228052541904
41	14.149962117331986
42	15.936676509483267
43	9.292240253218807
44	15.678826250555726
45	12.227823707597956
46	12.235960076872534
47	11.207992854358027
48	12.488020812317044
49	11.846291343777622
50	12.871293071228445
51	12.100504355087418
52	11.847190379196956
53	13.379483244203609
54	9.419826792111552
55	10.833839764319256
56	11.969088943325074
57	7.125813245638376
58	11.077380418972494
59	10.69998826531671
60	10.698979397011882
61	8.654833267842545
62	10.826785239468041
63	11.336962317165682
64	8.783176391775438
65	10.82555982251669
66	10.060365846562233
67	12.102801985257553
68	11.336855227449465
69	9.544909703838535
70	11.088063117097025
71	11.337391496663233
72	11.846179183717018
73	12.613936874469353
74	8.017865479732322
75	8.524452520641356
76	11.338357076264783
77	9.552237871247568
78	9.54571285183066
79	11.468242683385746
80	10.830157795120472
81	12.224921238556988
82	11.855060984612248
83	9.800089706871939
84	9.935181138797196
85	11.968407263019888
86	10.319168707155189
87	11.464225518868476
88	12.486357984720788
89	14.910631882312934
90	10.572670298205294
91	12.865287874395527
92	13.638512954326282
93	13.12610304525748
94	9.293976414022977
95	13.379866635882305
96	14.40197663649836
97	15.30454649108039
98	10.43718414776153
99	9.801559914750353
100	16.45500108223334
101	12.610576937987124
102	14.912205507890404
103	17.721321338318447
104	13.50511078644663
105	17.08713743275579
106	18.61355641430388
107	19.380025329930746
108	19.498643874909114
109	23.10604859382017
110	16.14085589125749
111	25.378233185924678
112	26.50027726180383
113	25.636073583218046
114	20.08867912285892
115	15.305134775720544
116	4.1816193809871365
117	22.320680734594198
118	18.34471653023308
119	20.88551535223123
120	19.1048694291856
121	23.35439639266066
122	15.806676697679093
123	18.855057263885403
124	21.77302426747322
125	19.726570890811438
126	21.115787110728014
127	23.378774397962484
128	24.09191417374361
129	15.363531416341583
130	16.37549396131527
131	17.730566180537775
132	19.333036132605958
133	16.93834299368751
134	18.160912527237127
135	15.123475941664424
136	17.012236078716054
137	18.98723196984605
138	15.66046577244694
139	17.092577528860566
140	6.616600967089417
141	12.876200402732582
142	18.09478613011157
143	17.60229311571461
144	13.247243020587845
145	19.519431641073524
146	18.04113114046095
147	19.58683343721151
148	11.947673784089977
149	18.076109201854575
