0	8.86548780554427
1	10.533284097425282
2	9.91024782252045
3	6.590956294835425
4	8.218935401122925
5	5.487940729335232
6	6.639083945192273
7	7.714141780827294
8	6.601260398113674
9	7.464678970941649
10	9.033113153250637
11	7.230102129115668
12	8.924423189300109
13	9.34430003075964
14	6.961006116021739
15	9.08185199628108
16	10.303272649657641
17	9.259871316750877
18	9.456922279827833
19	9.998091244044797
20	8.56137310140381
21	8.379369064322814
22	8.802972543310839
23	7.296236612973186
24	8.290025792515126
25	6.798532955866327
26	7.1787926349015985
27	9.979298020020416
28	8.110982990513765
29	6.898823658554926
30	9.29176978698544
31	8.678002918347767
32	10.087572006885331
33	9.009302089296623
34	9.692024604371593
35	7.536199202607072
36	11.628204108001837
37	9.343421147770666
38	10.086807189094051
39	14.14525057386188
40	13.392970862024805
41	11.784819584208813
42	11.45600847067441
43	9.75073478547226
44	10.231016063641306
45	11.852218638611319
46	12.688792646202597
47	12.11829393512895
48	12.884110639622998
49	11.858206650233232
50	11.030778160553627
51	12.476529321290377
52	12.247117606098202
53	11.237454979528804
54	9.68360254749388
55	11.490417023159958
56	10.71390905910053
57	11.955788733304388
58	12.816278225091336
59	9.344036085487605
60	10.25825753511412
61	14.074100197662332
62	14.250288401487502
63	14.582911716252077
64	16.203497296173694
65	15.451414178849923
66	14.584313862165004
67	16.03259001556659
68	16.447225304888654
69	13.393485553235315
70	12.85398478387236
71	17.453501617855473
72	13.716959611004361
73	13.644366760590238
74	18.460336427605284
75	15.864993093681926
76	16.608642228359237
77	14.928992184898105
78	24.167486297449607
79	23.882602081772678
80	21.477329350970848
81	17.933145837722346
82	17.10398759607672
83	20.95385997792326
84	25.32153746856179
85	25.647931002664578
86	27.079054915024606
87	26.839319662063396
88	26.763236326124908
89	28.22972938066021
90	16.653604133196975
91	34.93648303839054
92	21.51474356912753
93	19.518043989578786
94	21.500830708658782
95	22.84363899325593
96	23.99443776540641
97	17.585748820111633
98	25.35461866992768
99	25.46775474352804
100	14.537064572970245
101	18.75364214973795
102	21.096986363898708
103	20.708828086662344
104	23.32262345407704
105	23.14690774674735
106	28.735260983656786
107	29.528360073472996
108	12.275424778706645
109	35.801785878875066
110	12.49035460411026
111	16.38122563041882
112	16.294811320000434
113	5.560008258665166
114	15.008747054437466
115	14.045295785720468
116	14.253813539154367
117	15.733544643301137
118	18.137984781818627
119	15.358575725554713
120	15.732886516890758
121	16.986705529431795
122	17.917845987667178
123	15.413160226547873
124	19.788360721834227
125	10.919850467330974
126	12.352350219530743
127	9.83836216715084
128	15.581085135658393
129	14.829837685161477
130	16.708607548833314
131	11.664763204723027
132	16.228941712683415
133	15.982650166625538
134	13.109992687730896
135	13.353422973125639
136	11.994817325701376
137	13.099854679292548
138	10.059548565050505
139	11.699903208657414
140	11.601833383362527
141	15.38084599389619
142	12.588830310805603
143	12.610069092706153
144	17.407424536094144
145	13.04040303454217
146	12.948825468759336
147	12.931927190820554
148	15.938192170252071
149	11.914892181489972
