0	13.784802508182988
1	18.0318238672425
2	19.739575513534312
3	16.499418103290864
4	21.089265473797354
5	23.45214181001629
6	14.936515972116421
7	20.928014560074157
8	14.084316861333967
9	20.94334708609572
10	17.843770719557757
11	16.919592556841895
12	21.554454411319963
13	17.644466707359626
14	15.928615300973673
15	19.87943113922108
16	15.253557407725143
17	15.906474599815642
18	18.661382843929925
19	11.962558268295227
20	10.766800804520363
21	15.358060497980034
22	9.576019598680933
23	11.059730562472271
24	10.308814518173437
25	10.1793715483257
26	11.88027977092279
27	9.301256332957397
28	13.37229539416473
29	8.564806618733563
30	10.191285609875717
31	11.724458672605378
32	10.354235933950667
33	13.780831719217936
34	9.210214355883341
35	12.302454258854157
36	9.93098648877956
37	13.109285974246845
38	14.148428190419413
39	10.652004985088823
40	10.981192632026374
41	12.980603701664826
42	14.31190448042559
43	10.070325267824472
44	13.209535277410847
45	12.227792486313488
46	12.346987700372367
47	12.447204557812379
48	14.449269888805926
49	7.357137882284716
50	10.62232862919974
51	11.69281408155545
52	5.476164883530586
53	12.427258682952836
54	10.920013738616893
55	8.11070636817027
56	15.290260893226124
57	10.102019959888798
58	9.0917119055126
59	13.282602674300884
60	8.29576708441023
61	11.701974790582971
62	10.642496401294366
63	8.02041783165793
64	13.05397610422504
65	9.255007617914952
66	10.613929850883354
67	9.999913171586247
68	13.037823820884567
69	12.270351312301225
70	9.97477615240191
71	7.988293874741447
72	15.54545382646288
73	9.54090219699363
74	11.860508915937505
75	13.53723021264057
76	9.55116214690473
77	12.625012996216295
78	12.943787888231666
79	12.331422362582966
80	11.4126568916068
81	14.191291308500036
82	9.34169725435347
83	13.213716320150523
84	11.785480792095173
85	10.652509323960823
86	12.09433773252559
87	11.584642866993027
88	10.603630454794185
89	11.464481630539144
90	12.698562647252222
91	11.562231192450495
92	10.910790331985972
93	9.777900643190527
94	9.070087082061784
95	10.317280034088233
96	9.834571478785989
97	12.08975950643381
98	8.57415619229674
99	9.673127007580609
100	8.896035668753948
101	6.070447512778589
102	6.151319908809171
103	9.170679847077343
104	8.361981315666844
105	8.35542257631856
106	10.84742550450801
107	6.949095933008206
108	10.199000122555333
109	10.413224174923531
110	10.011652043888418
111	8.625207127888746
112	10.446094469560123
113	8.127879234174118
114	9.169600590799156
115	3.742689022553103
116	7.295521216938852
117	6.691229015791078
118	7.806555649969456
119	6.958714433441817
120	9.310473111429909
121	7.668285725181536
122	9.43695153611669
123	6.978849664536769
124	7.519797974267866
125	9.008401644921463
126	8.158968060408625
127	8.243692680340494
128	8.136204455439005
129	9.156465796944527
130	7.800621605066799
131	8.62746785753838
132	8.413981739243702
133	8.84108003653562
134	8.291851943523884
135	8.346092384630927
136	8.356202717978535
137	7.887876873997392
138	7.668133171170872
139	8.054366716784168
140	9.358873265585352
141	8.5739963834206
142	9.019600219479164
143	7.869067124753573
144	8.965106268803297
145	9.570153224542944
146	8.055342258902927
147	6.562051388295042
148	8.522279442995213
149	9.266989368529106
