0	21.747752027368016
1	25.38719384141421
2	22.208041735626924
3	27.233289731771322
4	21.08041194999869
5	24.690704096593556
6	27.60289483831508
7	26.871710081155783
8	28.190071332898114
9	29.794841357255226
10	29.8202996081064
11	20.65581352557487
12	32.20080596955766
13	19.22066240139576
14	18.59194369264475
15	16.149707530716213
16	15.075972230154207
17	11.054952025192119
18	16.711681950218978
19	16.84867839929593
20	10.85868277385487
21	16.26465979572894
22	18.060810162243353
23	18.133562052019013
24	17.669844020155498
25	2.2521478334854743
26	16.27733878628322
27	2.3506663241230914
28	3.9035324164796417
29	4.731188013549895
30	10.680431888785055
31	14.879304130216436
32	13.805311211191363
33	11.740396834176309
34	14.921034089893656
35	10.628013374854511
36	14.610266403992217
37	15.702430354016137
38	14.60764324442086
39	13.938380653653553
40	15.800517439933248
41	13.421877446385913
42	11.931974667562187
43	15.113193322397414
44	13.982144313601406
45	9.152441509529062
46	12.885489475493493
47	15.283836703869657
48	15.503658080470817
49	16.722690395434892
50	10.084380419166429
51	15.284994728361312
52	15.568469887140225
53	12.469164579963973
54	14.0936914380774
55	13.887308899196913
56	13.926031715404818
57	17.767270601608406
58	12.695885482717685
59	14.93856542331934
60	17.277339080004182
61	16.0550163958095
62	11.374198310404953
63	15.282966958224392
64	18.233907053061525
65	16.67114380288312
66	18.185477737940104
67	14.866213883716881
68	20.040865671086152
69	14.95415288270322
70	16.63541793110213
71	13.284086391447183
72	13.885738182439972
73	15.428545858495177
74	12.87102779837383
75	10.265548896691996
76	13.835971719932001
77	12.471004291632433
78	14.45523086961527
79	13.626998134218741
80	13.130063073255439
81	14.663238017369846
82	14.865510875359327
83	15.487664124183691
84	17.049254240257955
85	15.318245051543162
86	12.90688648542194
87	17.251313377578022
88	14.710097541540929
89	16.84840894282409
90	17.249174495310832
91	12.231421932897167
92	15.334983243363325
93	16.00742152729766
94	14.715244487587448
95	15.997640128578475
96	16.266670440867042
97	14.985899708945745
98	17.503018049298728
99	13.024687680564131
100	16.724925800387922
101	14.778165127482644
102	16.304346935071024
103	17.51957701197221
104	13.693933667809262
105	18.463626552099864
106	16.420135758506763
107	16.900332348788556
108	15.697362854811086
109	16.421697584224443
110	16.77631875566076
111	13.487778705519066
112	9.750452066337662
113	6.385264159976961
114	13.562220142820511
115	12.438326020261577
116	11.477467804629526
117	12.231993447094663
118	11.433685580184683
119	11.890567168991026
120	14.301137762222478
121	10.007386839645335
122	14.610404276019839
123	15.173911901534446
124	12.081545905553856
125	14.144884056806138
126	15.071072991446055
127	12.108812084023175
128	13.94324351249675
129	17.19605185885899
130	11.230905679362657
131	12.716151132476583
132	13.762456251009311
133	16.693442565394985
134	17.552166581470132
135	14.915039463589
136	14.109614964771314
137	10.834819343187398
138	13.352186410607693
139	11.9941821433797
140	7.886081846584389
141	12.95692311889604
142	7.886719630678826
143	11.661349719945363
144	10.421684299220761
145	11.455744370778433
146	13.008289141270506
147	11.588435213995346
148	12.386831355078286
149	13.834798475749022
