0	14.205291079390875
1	9.791593086372972
2	5.876349352902435
3	13.189513822963821
4	27.856706253863766
5	14.285029368577135
6	12.785846970180188
7	12.294775821391378
8	21.764650499172127
9	17.166306359623334
10	23.542778730987514
11	28.78622481501599
12	19.57281991429453
13	29.944818702540022
14	19.464910859670002
15	21.133206629989065
16	18.19768612370869
17	20.943789492532638
18	17.00387787261086
19	7.774821105368796
20	31.620501738304068
21	18.658288921958107
22	13.764780081831159
23	18.5372125266628
24	17.391295542237295
25	25.173157325329772
26	17.507797219865065
27	19.52568801584075
28	13.131808179664612
29	11.173704986093751
30	18.875105985763945
31	17.90963635758746
32	13.789331683481288
33	7.201456404151583
34	8.237456995269353
35	17.553459651489412
36	15.947023081657923
37	11.92185976037961
38	17.743433798173584
39	12.286018127198128
40	14.906596835371795
41	19.4106759455965
42	6.970876241487663
43	16.298485412078264
44	16.298013435511354
45	15.531866280203827
46	17.44431626085784
47	16.64491837096545
48	12.730579955876026
49	16.36942861912952
50	20.729846262541383
51	16.350070954330167
52	15.743734934557029
53	14.147282544426387
54	15.967353244538678
55	14.974042445181308
56	16.067088938175377
57	10.278668817752685
58	16.235426992660038
59	18.49111571215012
60	11.719170310503216
61	18.313900464112518
62	7.258169138516486
63	13.51233036666867
64	15.508018195169422
65	10.367340836104495
66	15.936441991885076
67	22.972883266350536
68	8.640339011100776
69	15.59155278872867
70	14.932990887409655
71	13.051448925771325
72	17.17294254279538
73	7.43136984741664
74	17.494877559765513
75	20.21776953937053
76	9.791039936733366
77	3.112007520943358
78	24.59943025457015
79	14.134473603188646
80	4.206803701794711
81	9.965537673581688
82	9.618868761453513
83	10.389412415727405
84	3.574984935082635
85	8.905657748321492
86	10.712586404644714
87	9.042782410958292
88	11.289929682213598
89	11.575750788158416
90	10.97197833031151
91	10.823021886569132
92	7.186194011041364
93	10.27896083970906
94	14.991984796903841
95	12.09389264824956
96	12.728270470748528
97	13.015780484869506
98	7.776763911172174
99	15.066680148759502
100	13.707203003267132
101	11.346434484388725
102	15.546824730615729
103	13.425740903721527
104	10.137232574381255
105	13.556361995283213
106	8.236231607532764
107	6.755136237676273
108	8.812656908274189
109	10.115491265062538
110	13.685799588991385
111	11.833225757162884
112	9.849538739477207
113	4.848785969282984
114	9.018194729669846
115	13.539785608804708
116	10.137806558983696
117	4.95544304747463
118	3.573487499852054
119	4.043710823542916
120	5.517825397966172
121	8.75508328717205
122	5.531307284620961
123	8.869650574795214
124	6.467269091550985
125	8.294802987159535
126	7.242312992155301
127	5.876402232065196
128	1.3280038690895566
129	4.380134227979632
130	5.2434655816362925
131	4.95544304747463
132	4.206694799364174
133	4.0344955150944966
134	4.897909982970737
135	4.734943881186724
136	5.059754265711499
137	3.9825980397451453
138	5.407413213598902
139	4.206985040202394
140	3.3431906991456337
141	4.619154037208345
142	3.9112699276072744
143	4.850797366990807
144	3.451618833829275
145	5.070326704301631
146	4.157565649229004
147	4.379564238896644
148	2.4178125146689693
149	3.9286780518161057
