0	8.992288029074126
1	9.625314630223436
2	7.354268057379882
3	10.622345526351436
4	10.10302932492592
5	9.835584572944311
6	9.507792517011703
7	10.161403061620028
8	7.6067753220835215
9	9.483711037964685
10	10.740200666056912
11	12.674335246846681
12	10.452803448548078
13	11.414509988298779
14	11.043219013415086
15	8.017571308882914
16	13.440258142401404
17	8.548841123424598
18	10.055271607387496
19	9.35792244891395
20	8.896844701956423
21	11.478956430937176
22	10.310908716132978
23	11.470544143758595
24	10.44516791367849
25	11.218014453963827
26	10.506807140776157
27	9.752190962205662
28	10.099345950022393
29	10.977418718865598
30	6.742993059247031
31	11.858687003934488
32	9.366506515174349
33	12.750839020848595
34	11.96678185610751
35	10.65552656269889
36	12.76834740628764
37	13.940908139719099
38	7.9642382539172605
39	13.580908456831121
40	8.075478135101609
41	10.093401209775356
42	8.76034537421304
43	5.624904034379608
44	8.07518256120426
45	11.772884564262508
46	5.602337535207647
47	14.37826709488933
48	11.219905961600585
49	11.271869729361478
50	10.300519697079702
51	11.365816069396475
52	9.81040369085234
53	14.520314867922515
54	10.924272492820018
55	13.43654937209024
56	15.405885787302616
57	12.161547298757876
58	16.059012404020987
59	9.968469124709998
60	11.078676717776094
61	14.83990167877881
62	14.87924693449751
63	9.541737132390839
64	12.241093643331034
65	12.33142033875572
66	16.989205924128793
67	11.857573022333733
68	15.053605524972076
69	14.880382699643544
70	13.683418243840354
71	20.79547342572474
72	16.600281038359668
73	16.871437029896317
74	13.185007595397797
75	13.993300462195238
76	17.799971142598913
77	14.231972263643298
78	11.215493761090965
79	16.80056071252398
80	15.221967557803836
81	12.384873740209203
82	12.68813667547031
83	11.241812601947291
84	13.705151744994637
85	16.174729390292676
86	12.281191789866698
87	14.817774924494165
88	15.431391287079522
89	17.0042831353162
90	15.935183689261825
91	19.39481560655746
92	18.50870441934101
93	19.744593353168593
94	15.42650188221801
95	17.456995977969306
96	19.10121997123552
97	23.790962967880702
98	19.760613122296974
99	19.978953827253648
100	24.326699443955967
101	16.24366274861908
102	26.258820834234964
103	14.142392492160628
104	22.503469081778114
105	21.449903390006362
106	14.554689869861066
107	16.004860691050705
108	17.40351035262122
109	13.126828887410628
110	14.80175959483285
111	19.334305520438832
112	3.3759378439829413
113	16.95389058315877
114	15.943422749434003
115	10.363105059349719
116	8.134266552452045
117	8.369906222925419
118	13.918783296710549
119	10.755589405342928
120	7.893578028206512
121	7.841563110553085
122	5.7887329255235125
123	16.80274052375366
124	3.8491493116476385
125	5.4369753359093655
126	7.4476115566210375
127	7.707494005335354
128	6.962013353554672
129	6.492379831836713
130	8.09659369948958
131	5.541252730737967
132	10.011521340434124
133	7.66583764674874
134	6.023567996951036
135	8.779721576388248
136	7.85697878526731
137	8.667860341017969
138	5.9504482561922964
139	6.903491773987532
140	6.785953044590604
141	6.140749104785793
142	4.440303069821812
143	8.33189947545423
144	8.816172745561117
145	7.489557256938158
146	9.014046884290414
147	7.977005250142326
148	8.11732682812289
149	7.431385262617559
