0	19.763867194456704
1	13.917967092867178
2	19.509791322582444
3	18.487837906352674
4	14.287260994080205
5	19.418686794607652
6	21.064038969407292
7	8.838312206324474
8	6.363260166101266
9	18.10223138395896
10	20.380819265306293
11	15.072356397640915
12	13.42160693087963
13	16.96364814748208
14	10.499962120072711
15	6.450451595455416
16	19.050732443470096
17	16.17134027825921
18	14.7150130148223
19	16.78104530164579
20	16.824714264995286
21	16.64534598164646
22	17.057627774115424
23	3.4815299110907447
24	9.94678565395669
25	3.9434368309913337
26	8.948545977327175
27	3.65963571395058
28	7.545514362446477
29	16.640297328258423
30	12.313663546004353
31	18.445429430971977
32	17.209210044887087
33	14.884149788670577
34	16.22643641549207
35	12.336614959254158
36	14.244708976989351
37	6.789612093402223
38	14.047534386957592
39	18.21046383202816
40	15.949524765646457
41	23.031040018195792
42	15.078527412571278
43	19.55101375787523
44	20.80727644001816
45	21.52866929543491
46	17.518391451066435
47	21.262908096488466
48	14.709148138210985
49	15.031841211076884
50	13.641542426516507
51	18.811460194596215
52	16.22721211490506
53	15.529238250322303
54	14.89460903413033
55	15.89391220702736
56	15.636041285518207
57	20.568095109972315
58	11.449877581190012
59	15.821357289502163
60	12.809316385596064
61	12.255881236826303
62	14.656269068605567
63	11.913215356444063
64	14.991553976119874
65	16.225349873113295
66	12.468703834225284
67	14.44012251933221
68	15.712512063054511
69	11.026521217670798
70	14.10281651741224
71	15.211696188353837
72	13.491071130705723
73	11.210205131796167
74	14.694722614568851
75	14.895740972951725
76	12.993042785512811
77	13.179856991692677
78	15.579061405311402
79	15.304495299301536
80	15.855503800234855
81	18.815985560374294
82	11.449446905299943
83	16.702600958291075
84	14.057437288100106
85	15.802542061967543
86	17.201276921453836
87	15.977615235871186
88	16.65950264428121
89	19.786842695569195
90	14.93176519554499
91	17.29555171893104
92	19.97339757432133
93	13.513713760901542
94	17.981518574005115
95	14.332894857505465
96	19.396252370551025
97	16.596330578498787
98	15.806174853119602
99	15.354974422813116
100	18.628013650491976
101	18.259289998290786
102	10.685359853653413
103	11.331111927525063
104	11.146098665564441
105	10.779629255799113
106	18.07057684516392
107	15.067316073512668
108	8.355731279674618
109	18.53601446374805
110	5.339703060971532
111	12.716601315062922
112	13.793949023613383
113	14.195714342459093
114	14.897155623449821
115	14.965258155122111
116	11.457526425261253
117	11.579362115038265
118	10.89441138153481
119	15.544058293307286
120	15.580846089329711
121	15.797551236281091
122	14.627045676286832
123	17.193991275103347
124	15.016241824542407
125	16.694442278150216
126	17.019791228028566
127	12.532134580809299
128	15.671710277311236
129	12.102261199888005
130	10.658104902320275
131	13.306102930254523
132	12.140089941067206
133	16.399065658089096
134	15.250810375127745
135	12.621510187872026
136	15.677995934248896
137	13.788338609344976
138	14.74918334702871
139	15.709955082371767
140	14.345666993269665
141	14.59877232732726
142	16.602051654506898
143	15.117892529882225
144	12.625083868633636
145	17.058281814969444
146	14.524409090135723
147	18.30944789853563
148	11.209262873227667
149	7.360661307359859
