0	1.1563302508085362
1	1.8888733816610825
2	2.028129486654479
3	2.2854179786374775
4	2.7022894701419133
5	2.649070158787377
6	2.859742958335108
7	2.053912041163041
8	3.318667403882788
9	3.171623029381453
10	3.268074074086674
11	4.0298144570685
12	3.738572232086204
13	3.093423206703349
14	4.988832106661474
15	4.680301892480577
16	3.6683851663915243
17	4.473627803101115
18	5.552049963169911
19	5.8553214278876595
20	6.150211697053484
21	4.21302679675991
22	7.746977202721294
23	6.534601722255502
24	7.089997384163364
25	11.116031858768928
26	9.774174179664147
27	10.940704750738103
28	8.46245803413943
29	8.710893312990331
30	10.030204418956265
31	11.60768830912607
32	10.282883994861413
33	10.211487417467325
34	14.743140163362398
35	14.843832046553798
36	14.271175645330132
37	15.733406346329996
38	17.226482893539323
39	14.665752787746781
40	17.27994695930549
41	16.608543728980255
42	20.22850757636703
43	19.674882751483945
44	19.6823089933398
45	21.199143321648474
46	24.33104082359857
47	22.472422602039053
48	22.65588360797358
49	19.34921278455033
50	22.74892430567458
51	18.06615621159344
52	16.54045458473098
53	13.662291160501205
54	15.508385623929486
55	17.4986197447711
56	13.803662327596502
57	14.013950124517452
58	14.72947357832947
59	11.183837711309822
60	18.320425035690015
61	17.379807559600863
62	18.7941210100911
63	13.227226820571046
64	14.756401373506693
65	16.864913184585937
66	16.664409711382255
67	16.85162866033628
68	11.74308596809814
69	13.879132523809886
70	18.171430898742667
71	15.618211348206382
72	17.232122985426674
73	15.288445156479568
74	16.61677603348415
75	17.313484445318284
76	16.444308952005123
77	19.677357521823666
78	17.274619681562243
79	16.94485346404544
80	15.14298364430183
81	17.411554816836805
82	18.34680183982985
83	12.459770530241503
84	20.365838044997464
85	16.471406023616897
86	19.42045452633788
87	15.921277022540101
88	20.568659774733955
89	16.108001197158455
90	17.242748729577745
91	14.594999552494178
92	13.906939147496276
93	15.633450336817091
94	13.865517103976696
95	14.87156955360358
96	16.163910454409127
97	10.286357692002666
98	12.869050621807114
99	11.11498319406726
100	18.031473958175866
101	10.960113241857384
102	14.994049369917066
103	15.967266580823187
104	5.149046686486941
105	10.17556198165901
106	18.969910715341186
107	6.145807585252898
108	20.134048957960726
109	8.924979523883001
110	12.724364305987114
111	10.092641559854906
112	2.960061305850691
113	6.88961977852197
114	15.225095345932177
115	6.621741306803071
116	7.415857949551526
117	8.356746353148894
118	7.904255960244491
119	9.000593538835565
120	6.55584927576036
121	8.159333603746719
122	8.069492995386174
123	10.238718998492056
124	7.349004419208884
125	6.8139265915545355
126	9.28713531431114
127	8.689276390918451
128	8.215335497186674
129	9.237803065346624
130	9.17049957566177
131	9.44788074902536
132	8.164146893979115
133	8.652390155162008
134	9.515231636703113
135	9.238920376131583
136	9.468577780066417
137	9.3270971042374
138	8.140729937707759
139	6.299003308090561
140	12.234551622386554
141	6.549578991205311
142	7.473051371550738
143	10.84898009853488
144	9.897837043996521
145	9.662687386361107
146	8.226371596974571
147	9.84554156067666
148	8.98712192438725
149	10.34641757925693
