0	6.612285539132294
1	9.93525041912963
2	13.014862119240375
3	14.649507901883865
4	11.765717180358228
5	13.332640734488832
6	13.689057939051022
7	12.561292695155599
8	12.321408607587655
9	13.025240794967495
10	11.97212770791637
11	12.038268146212722
12	13.009053998722292
13	13.512972903178607
14	15.689866086306823
15	15.431040245896366
16	14.196215950710211
17	12.694942747511792
18	15.576767146465707
19	14.187515423873231
20	13.733240498007184
21	13.274969186702721
22	13.079974052724971
23	15.833641215008567
24	13.940974549417236
25	13.957260680171505
26	14.936438118893214
27	13.58385324424164
28	16.147205070395522
29	11.20877507577441
30	14.600384124815196
31	15.169727330870888
32	12.849432586405184
33	15.748682778454112
34	14.717850330673484
35	16.465982146816344
36	11.79911171186771
37	11.34665728433125
38	13.053251720761516
39	12.073296251821729
40	12.757083645389637
41	15.125694107587321
42	12.559729864161726
43	15.127139937994237
44	10.305140644239
45	14.03273004234435
46	14.146662515713583
47	12.073296251821729
48	12.029022021430587
49	16.874357981462897
50	11.072734378610667
51	14.138875435273983
52	12.113113265682998
53	13.044091506536054
54	13.584435310272553
55	14.332551959852031
56	13.892716268184055
57	15.799941166677707
58	14.138805628279536
59	14.147832897353311
60	12.94104630992767
61	14.072121265514056
62	16.275721942905072
63	17.9661668229058
64	14.487414828449293
65	13.725578856550339
66	13.473380306277633
67	13.5822399751844
68	14.237663509023475
69	13.754141385993593
70	11.788386807910399
71	10.69539397794476
72	10.316815847705584
73	13.394486805304078
74	11.354524244433785
75	11.394223032281127
76	11.869402585847755
77	11.532116162887071
78	12.183922343704904
79	11.173858623606817
80	11.816006511831441
81	11.707684516440468
82	12.967366682675566
83	10.949972897632172
84	12.07010421221595
85	12.565270862401656
86	10.015719256840496
87	12.038950200682116
88	11.16328634879653
89	13.167939036199966
90	11.472198177602749
91	11.850234599578304
92	13.918857432003342
93	14.5710711853498
94	11.991670330258126
95	13.80355545439767
96	12.085937241783695
97	13.65676448300486
98	13.616783505032881
99	15.541646402480717
100	13.769404907503997
101	16.292891727131376
102	12.569238763428384
103	12.732283546240492
104	12.472378260569702
105	12.868920178082668
106	14.859110590298242
107	12.570070037488783
108	10.220474514930256
109	12.713947550964667
110	12.827855892543509
111	13.885155655528918
112	13.622272343759647
113	3.374570635223956
114	2.7013991390605723
115	11.885867396124699
116	9.49583881557087
117	8.25199815921939
118	8.708046987019268
119	8.348033615906214
120	7.441664509725184
121	11.209512553104346
122	8.650028985404134
123	8.02817698213201
124	12.947382023396434
125	7.238849118320697
126	7.424845900751987
127	10.522841490737774
128	9.789460767755026
129	8.510317648298699
130	9.294623400603708
131	10.92359431635726
132	9.657321467789018
133	9.17896468478303
134	11.706367025935613
135	7.745497826206054
136	8.837724430640984
137	11.275698966969447
138	11.4332598645527
139	11.588961742232934
140	10.839624018513707
141	10.873713123339801
142	10.030272350384507
143	7.1202086394323
144	13.747862781005459
145	3.2616986095730827
146	1.9852421228616608
147	3.989210485087012
148	8.940252562824805
149	8.714150136641223
