0	7.308694933510329
1	2.324939490838525
2	3.274049481453302
3	2.1278232110185127
4	15.05298672646376
5	28.754130288533904
6	3.137475940583161
7	2.800744119792085
8	2.595745640161376
9	8.807725645446764
10	29.704701252402415
11	2.466248958340186
12	2.393814985627427
13	5.500845571020823
14	17.668567708309013
15	26.29943163602742
16	3.0024202432917053
17	5.56953956744123
18	33.748075217859146
19	2.5254453240710713
20	3.549925939052654
21	34.78008608883001
22	2.3950152462521004
23	25.971920544059145
24	12.726401876553226
25	5.2987139346886
26	29.9718773713347
27	5.499758586613583
28	2.2588071429584655
29	2.3904995681301093
30	16.96321766843748
31	22.794248207512695
32	3.814214570279033
33	4.555734108943979
34	29.024233988138153
35	9.59692499090939
36	2.052757029245474
37	4.837810431163321
38	14.987186104524124
39	11.408676721344674
40	28.3266015744702
41	3.4750932911148107
42	12.82816252409881
43	27.46569241110862
44	2.1201216307349147
45	2.330650536767102
46	5.491222025417665
47	33.25941433889901
48	2.6003665244014074
49	2.596912361972754
50	4.0233800616204
51	33.84752937374646
52	2.9355056790066825
53	3.414034213351364
54	10.0385533859183
55	29.852300816717666
56	3.137381328202872
57	4.826509040323913
58	5.63627229032284
59	15.288642505808427
60	9.289730249128253
61	16.780880367259048
62	16.89394875749758
63	13.8564913980814
64	36.96495340705749
65	8.250524254487148
66	6.042033368434743
67	23.866670295376313
68	6.029575098870459
69	2.596657022470115
70	13.98494526968213
71	16.984952587486372
72	8.11608399502089
73	23.52691054844992
74	2.7318925401406
75	4.287002470300443
76	28.462995019475894
77	2.3941716277671032
78	5.09632200955993
79	29.555475627728626
80	2.9341434471878673
81	2.727475058227187
82	8.157249032407808
83	27.315541544081263
84	2.2590301164071094
85	9.508333611976667
86	26.04463580036844
87	3.407694928526436
88	15.094541186411314
89	20.43081516767304
90	3.2788390112477286
91	3.474877274490186
92	22.403986054918494
93	15.940088365193583
94	3.475877320902364
95	3.938618713255156
96	30.645091289511765
97	14.579083964621589
98	17.364886135211368
99	13.203297929820057
100	23.894295737376186
101	14.650768541156289
102	14.59182426526478
103	3.062404281538426
104	13.51488125176503
105	14.719805539181554
106	2.8708815651595727
107	7.650054200626334
108	24.754462132464887
109	4.826428093392909
110	27.506793560866633
111	3.206278403879774
112	28.055053697036612
113	3.2734238162036475
114	17.503812851999594
115	16.943559720817422
116	13.265469229424351
117	30.049794016400597
118	22.18934163604004
119	21.660022672446562
120	29.152831321703967
121	30.142039356633987
122	23.74457992696317
123	24.352556358549844
124	23.808707610095137
125	33.60343983078222
126	33.97665261676392
127	20.82951629247801
128	22.055587854488707
129	20.357398266408993
130	19.418822770983144
131	25.093149199670847
132	26.855673138222972
133	15.697016544599576
134	25.371947768435927
135	15.769343900509098
136	45.137991763307454
137	23.48161055046792
138	20.872916377617262
139	21.600880681824123
140	15.702538376360309
141	14.650214851519912
142	21.360886994221133
143	23.806864499460605
144	18.902766358491192
145	19.474368474896554
146	24.758933146896915
147	16.847440882322633
148	21.240226220271072
149	28.07376201827491
