0	21.432033828366645
1	23.120073734501638
2	20.46025768562706
3	20.775944045104648
4	25.92155666242021
5	22.609888910037654
6	24.112263462831123
7	26.875685541780946
8	23.130157596623892
9	25.193671328770343
10	27.890501850306734
11	29.10525175245055
12	26.799046312418774
13	30.61153342145686
14	30.863429056447547
15	29.012271868358294
16	31.143257780892032
17	9.662785920802436
18	24.107718083922805
19	33.60766449640252
20	13.005504371468994
21	6.856704878076301
22	9.946003409039221
23	8.306353538919158
24	8.313028889765045
25	8.670340554531604
26	11.552106630033364
27	13.991933460177009
28	14.827070617009948
29	17.693606096562064
30	11.650527209590985
31	13.714934103685268
32	14.60499367924195
33	21.833470518368053
34	22.210358364306202
35	25.49267618673807
36	15.39062794785942
37	19.78304644732561
38	19.99810665300402
39	29.07710993491271
40	8.238323961423786
41	6.235835558937527
42	6.144127608845193
43	8.104803364553195
44	10.144930244888275
45	12.257247590502786
46	6.699615072637507
47	8.666845674167302
48	15.44500022742813
49	9.391144026967543
50	10.456979192267928
51	14.377247607475622
52	15.956700483991684
53	19.01413281438184
54	17.970598668001404
55	12.10475363440851
56	6.139847899293029
57	6.127426177721486
58	7.781782830061756
59	11.57357234690665
60	9.570286997021785
61	10.563789869257365
62	8.586412892558823
63	8.485325661819715
64	10.30006320253455
65	8.666924934692554
66	7.752626908375998
67	9.323389809943103
68	17.970598668001404
69	17.117457770419037
70	11.228970697826673
71	6.847348795985921
72	14.74958668709963
73	13.644212459644466
74	21.04061296930341
75	13.783227814312351
76	12.666387571469603
77	6.145700242043154
78	7.925940384162815
79	13.356356022405397
80	16.67359573330377
81	5.420925580126788
82	7.404601280219153
83	13.280304248877531
84	11.64954388879076
85	15.80187059136742
86	11.832791395290565
87	7.406003779723156
88	6.861915371499294
89	7.680359859701438
90	7.569340635131687
91	8.054398332915138
92	6.415458356408168
93	15.534719472172519
94	11.450085505812499
95	11.008868465130895
96	10.498729936223151
97	10.804268536109966
98	15.949852346803285
99	13.903521924526263
100	9.479409958247004
101	6.052305517529017
102	15.447799050901855
103	22.166839986053727
104	19.003868623653574
105	5.870204280845643
106	5.40668789761687
107	6.704351600614095
108	6.848753460012977
109	7.05870457554826
110	5.60288098144646
111	13.00206557578042
112	14.27163837579891
113	6.503307695621927
114	19.79177035246402
115	24.858102716491477
116	23.17980397588873
117	22.256580034447257
118	3.5311909649525246
119	20.456422759884532
120	9.205074370746216
121	3.442500874153466
122	3.0642548105874337
123	3.9848895090571643
124	9.373675853521613
125	17.74703605487248
126	21.868910149197234
127	22.64662225769796
128	20.597486534525252
129	16.103347364323746
130	6.705732024099548
131	6.143422806144267
132	4.6949985199476565
133	11.884705728997615
134	21.21018494671987
135	7.406739107860002
136	16.35123470180094
137	21.15684096950149
138	21.00548114138248
139	21.84798218564355
140	22.765024040739448
141	18.325263437274916
142	6.042625319173048
143	6.5198246337251895
144	5.219067803136759
145	12.687242956291017
146	17.2482423618127
147	26.283829853114455
148	11.016169433696577
149	7.231078928501621
