0	9.862250596772316
1	12.696498890785362
2	15.790203683525467
3	25.458527209506517
4	16.176143489527625
5	28.29337641065449
6	23.009295160437805
7	21.075079365952355
8	8.184323039631495
9	9.344726693017844
10	9.86078626543736
11	28.037486812151567
12	7.152902423668828
13	6.895555316907158
14	2.646396407096277
15	27.19179403226752
16	22.379497518190558
17	12.180881425328677
18	16.691575612385783
19	20.486139167755603
20	13.945566634476757
21	14.374715698531762
22	23.96886531732383
23	22.826639107176828
24	5.863794257702202
25	25.461249376936493
26	9.602171874594505
27	10.63482334225986
28	11.020226599324232
29	12.825403257149533
30	16.304417445772046
31	22.554839305480893
32	9.706413894851353
33	19.786811892080298
34	16.30628949359788
35	15.788695837378606
36	8.185295073054096
37	8.055721637181962
38	8.056015606887252
39	16.61612610237258
40	21.449344131990845
41	13.563734444025911
42	19.785477187719067
43	12.56759452442119
44	11.953885937908453
45	11.763104426493387
46	16.30644522731889
47	13.469287122170844
48	18.884635708046396
49	9.731518292850122
50	8.699984215651613
51	19.321809153634817
52	19.22026907619429
53	12.30909000772511
54	17.337888692158963
55	16.820956016865953
56	21.33309143718483
57	16.434725515346326
58	21.84659534052112
59	21.132676759915643
60	21.325670430842525
61	15.88314421067296
62	22.361945090882102
63	13.599474891197689
64	19.618946148576835
65	27.70474920702483
66	17.46361475196616
67	16.43629928576177
68	16.70213051047079
69	21.705107066738915
70	19.194402790347073
71	24.1689874971966
72	18.845457729306865
73	10.36936127041575
74	8.587633320532579
75	18.873917304416008
76	23.488473459798577
77	20.430760872635634
78	25.844242353444198
79	17.457754011918468
80	24.175794310731643
81	13.473371783056415
82	25.513347586884343
83	10.482643717812008
84	19.510756563396956
85	18.540349554298672
86	26.963924452188675
87	24.236041873464245
88	12.5423881945684
89	12.816685809513809
90	15.146837216506412
91	29.06678716556301
92	24.75120545242216
93	25.003049723939007
94	8.183949333595189
95	14.540443606031712
96	17.302540264484467
97	26.543520935074614
98	26.489525408285196
99	23.20277365324597
100	10.376317539930348
101	15.274004532934898
102	20.293630835271205
103	26.49880853321037
104	8.332353580781646
105	10.996051695851033
106	18.6259208571317
107	30.90886046969207
108	23.110422756697293
109	14.887306876810538
110	8.054839869185725
111	24.8212080536358
112	22.70065807895114
113	21.34402914135031
114	7.422431148858246
115	12.290328444904222
116	10.118317615965218
117	8.184622142765551
118	13.596896415879344
119	17.984687779939318
120	14.37184641077778
121	3.8019740679123
122	17.46478814120756
123	17.209307374153873
124	6.913113866064339
125	14.333288338171435
126	8.700703511728907
127	18.368291010808893
128	17.00820876232728
129	8.050068531332576
130	7.521112378218166
131	3.673282269476535
132	8.055501038495631
133	6.251613455604962
134	5.8761951489540865
135	1.7368611859318208
136	10.250942651363784
137	1.6131209572969216
138	18.064316245582184
139	5.349043017152893
140	8.958189901260699
141	1.2240051365638958
142	3.544147108529309
143	15.146259510991506
144	4.059738797549648
145	8.205238125107691
146	16.822888982114886
147	4.564226333211771
148	9.861518713556354
149	8.18484606803937
