0	15.740828750806429
1	10.341508454213633
2	14.342678598655
3	12.68584830595274
4	16.734041398857123
5	16.979541469152643
6	10.171443871439084
7	16.979541469152643
8	13.889496220007672
9	13.353953411330357
10	15.144536536696606
11	17.472900880364072
12	11.455630150262843
13	15.873540965682668
14	16.99370011870774
15	15.996860770137213
16	19.92218807226861
17	10.561786142222566
18	14.902229434403807
19	12.40454253512503
20	14.100940064351825
21	14.09492192997314
22	12.038892171912224
23	12.78030911147091
24	14.442286660182095
25	14.2198688398598
26	10.632606748529467
27	13.527223084304634
28	11.119865333974728
29	14.524759277622342
30	13.055207167703136
31	13.765163019571506
32	14.335057353275092
33	15.47358039148687
34	12.684053960089592
35	14.629044374922948
36	16.00816730622242
37	11.465292583504066
38	13.913315985027197
39	17.32722228011228
40	13.820027595141221
41	15.059820922607654
42	14.059459498087072
43	14.462605516950196
44	14.210159545439803
45	18.45211230194516
46	11.147499652400569
47	16.43585271975526
48	14.648252078407983
49	15.894071624264708
50	14.01518709784794
51	14.646721257822415
52	17.667279405338054
53	15.36536337155789
54	17.23865971338031
55	14.128826543048843
56	16.364939424016555
57	17.234622044417467
58	11.612472942599858
59	17.579758672209103
60	2.3158662123632716
61	20.968142368075164
62	11.884937558351991
63	11.84396185149596
64	13.898298653188611
65	10.623459450863669
66	12.167831881293449
67	14.130977013203095
68	12.473769899642729
69	12.31796101159459
70	15.848958231893635
71	10.667497991217454
72	15.206698670189011
73	14.109508305536838
74	9.864948667210326
75	16.282879769208375
76	16.255935708481182
77	10.546430998056902
78	15.1719933387415
79	15.587709925654703
80	12.395585284519852
81	16.57730164288982
82	15.549564609466023
83	13.765032475354378
84	15.415170482663248
85	19.850431493331442
86	12.535503536326933
87	14.669707243896697
88	14.1354132855279
89	15.382631632947978
90	12.348031774795174
91	17.594073459758487
92	7.962997774054891
93	10.171633186410993
94	12.497255597800413
95	9.68362501705344
96	13.637617571017891
97	12.22959321275028
98	11.644264743135722
99	14.159069408759322
100	11.669655964685317
101	10.331916034307907
102	12.763794104844493
103	12.51457789409199
104	10.756313692687915
105	12.800908604248384
106	10.663619751162488
107	14.701216950420392
108	14.731283218379232
109	12.564956224130174
110	10.293924167432595
111	9.078678561023866
112	9.567459285773667
113	14.089977962891991
114	16.826119450074028
115	17.102048097795667
116	17.826262407482538
117	17.973665650022983
118	16.306881508975167
119	16.672228152202955
120	15.56141715434556
121	17.110075440591743
122	16.42674097164607
123	16.097945145508742
124	17.185707189740935
125	16.54102282938847
126	15.57848905462486
127	17.637878007819786
128	17.180126533307014
129	18.266875967920207
130	16.955696852447232
131	18.083572588149625
132	18.947365328909655
133	19.311762681310125
134	18.140205636865574
135	15.872185114559967
136	16.690618089427346
137	21.808794219736267
138	18.06848448549438
139	18.979685454702942
140	17.14918180819359
141	22.80394444762618
142	19.71208874324646
143	21.729435603492
144	20.81933790399237
145	21.417893479310795
146	22.694467356824152
147	23.54174815046625
148	22.07611636327683
149	20.53123200596053
