0	10.057724568831189
1	12.886264870325604
2	13.028103122419202
3	13.93875015450622
4	12.047351966953322
5	14.202311171477284
6	12.731060318054794
7	12.704351000849732
8	13.101493573359937
9	13.233324967977548
10	13.261535868699745
11	15.533840546066935
12	13.198936527712378
13	11.83299414281924
14	13.948637748458072
15	12.699020487181466
16	12.01628090404256
17	12.511083826772326
18	14.185496878578597
19	13.852254554551914
20	12.125268874141021
21	14.416089183492154
22	14.56366943889647
23	13.953816633153956
24	12.6069879727984
25	13.730231419491613
26	17.35557248084406
27	12.919852575755296
28	16.109979665402687
29	13.48041626960748
30	14.721995869473963
31	15.110745349259593
32	14.71983976683688
33	12.548749922903186
34	16.191315590249783
35	14.82863931217421
36	14.56366943889647
37	16.735600144089833
38	13.383817883432961
39	14.26917412210529
40	16.46132681081897
41	15.16177816347965
42	16.416772182779667
43	18.260070515486174
44	14.484783964614111
45	17.80550182776676
46	16.562067054065825
47	14.786655714745873
48	14.930306472061618
49	12.895085728825592
50	15.808736318398207
51	14.111593528375044
52	16.26512731923157
53	18.31169422583707
54	14.595858391820418
55	13.85435498917407
56	16.704350150731383
57	13.506946379863406
58	12.454777592641795
59	11.110601339568762
60	13.540546390484874
61	12.484682990545817
62	14.54196798809214
63	15.191708447727002
64	12.103576844276446
65	12.296742416324538
66	17.64918444831978
67	11.393541319124658
68	15.727215774941097
69	13.407738893550261
70	14.54798649135205
71	16.20357008948302
72	16.95859700173725
73	17.5942499165104
74	16.294804556921644
75	15.881380092529916
76	17.905874849451987
77	14.748434909117735
78	15.706768098782073
79	16.614970482140723
80	16.229660570489706
81	16.682080480048093
82	16.173255761100283
83	19.77600793500032
84	15.587818914452924
85	15.642602420633281
86	15.994366670729027
87	15.641098407856685
88	17.567319491785128
89	14.069397674066145
90	17.214333704446986
91	16.127480909221624
92	20.041924682038022
93	15.357466481601238
94	15.479946405872386
95	15.314309192674749
96	18.39754761127103
97	19.21488499682651
98	15.741224927702024
99	16.452923164257914
100	15.878789293036876
101	17.656405033596613
102	15.287460989403227
103	15.343199601991603
104	18.547920486723104
105	14.504034131426739
106	18.37987524286337
107	16.06620864255045
108	15.062445625743603
109	17.44599956883466
110	15.92504739598474
111	12.86660821943317
112	12.328139440339921
113	12.85681831674517
114	14.193196168814811
115	9.39825191433887
116	6.344761071903677
117	11.694487061167676
118	12.2699989804937
119	9.875415317312708
120	12.762839998414966
121	12.52248578556108
122	12.478984968465362
123	8.68161629997066
124	13.36633096180701
125	13.653073667759765
126	9.558517323586226
127	10.958913542844247
128	11.672327350751413
129	12.482653524520613
130	12.204123397076632
131	12.110568814552481
132	12.825686045569954
133	13.295218282370353
134	12.644530388576115
135	13.69584201952172
136	12.575077098298564
137	14.547125051420663
138	11.555493081110313
139	13.530595265195464
140	12.954350947717334
141	10.457744953110874
142	11.768755491366944
143	10.640014746773252
144	13.018066110620987
145	10.613253362248933
146	13.651384173529511
147	12.653519336947115
148	11.955309522425198
149	15.730153134738305
