0	10.13118901844035
1	14.838900915832749
2	10.022590488429856
3	11.447346884976808
4	12.84234030541581
5	12.794999123386527
6	9.241721169708512
7	9.186761924612128
8	8.965701562561618
9	9.755250283788119
10	8.05360159213979
11	8.443595708272426
12	8.76878353336331
13	10.468505028324628
14	7.448987569344601
15	9.708004427670367
16	7.971101138019639
17	10.97634862463448
18	11.337474278849694
19	11.157343944911437
20	7.606211512613969
21	14.115674480045307
22	7.967761161311188
23	9.705934079407832
24	11.947324739885088
25	9.429664284446769
26	10.835965162275691
27	10.900488304187414
28	11.220293335967442
29	10.74076555717698
30	13.595671012214957
31	8.443595708272426
32	10.457179078980362
33	12.562498394653154
34	12.336089729302348
35	8.719183833688883
36	9.885901351424268
37	13.899454089553133
38	9.834414763615312
39	9.57143001341145
40	12.854970678206895
41	10.875944164463153
42	12.240684814019797
43	10.692357184997045
44	11.30284635929029
45	10.56587009807503
46	13.66729569165829
47	10.45913032954161
48	13.543537295613637
49	12.113827994558214
50	12.540609787853322
51	11.08644397385653
52	9.799681331073408
53	11.850196562712355
54	11.679124371700448
55	12.387191519705214
56	10.311929038478308
57	12.613050742648781
58	12.282478482612888
59	10.97634862463448
60	11.581639946195544
61	8.38425866010429
62	10.557638305217191
63	11.860670688815704
64	12.807458830932594
65	14.772364406212885
66	9.58802845778424
67	10.576604423321976
68	9.929971469494324
69	12.097285904357241
70	9.757604443072012
71	11.714564694749496
72	10.835053106147525
73	15.344088373594918
74	8.898187394989378
75	9.389279544086655
76	11.841075874340728
77	14.703511916746354
78	8.058152113080506
79	12.113599025550265
80	10.253428305925784
81	14.346423036853889
82	11.82236059879099
83	13.365874181811815
84	12.228698610051584
85	12.155154331093454
86	13.340220376963195
87	10.934876133838792
88	12.322377477454339
89	14.790537838787108
90	10.215553048759771
91	15.244436094181596
92	14.956206966671198
93	14.34956090843929
94	11.204000494945431
95	12.685840158950402
96	13.83265075389241
97	16.812035829046952
98	11.422897121433815
99	13.666127132179609
100	12.63940237784919
101	16.965979529073163
102	13.005289793204852
103	14.478367417043055
104	15.111958252795137
105	12.219839636976667
106	18.690267655231732
107	11.387936373058935
108	14.317295748397354
109	15.630665719892711
110	14.13152047136958
111	14.185717715783179
112	14.17320305177456
113	17.467178218814897
114	9.855564076937586
115	2.5352935635892826
116	21.799540129202708
117	13.36157057291483
118	11.148991622340887
119	14.229467068042876
120	11.902612236877214
121	11.583162743120026
122	8.390782814685137
123	13.879530942586625
124	13.409966089079164
125	11.487347127803618
126	17.252421416861946
127	12.036359035902482
128	9.811243951111413
129	9.45791366034441
130	11.50484053514071
131	12.338883418385208
132	14.10361450554562
133	13.456206014338699
134	15.004083355366035
135	13.364228033557758
136	21.137990140030386
137	12.564869199313428
138	13.551112154833005
139	17.606789464131463
140	16.00627696851734
141	14.965190432617973
142	13.72886159404819
143	17.79153217624283
144	17.709974859999924
145	17.577159885856315
146	12.492304340112835
147	17.096890032877695
148	18.84483972004258
149	16.300612078359293
