0	15.152723721884431
1	12.638661518862763
2	14.838534117575621
3	12.889969240216464
4	10.262744318627302
5	12.141494680931288
6	15.297165260893557
7	11.84161561929947
8	12.35392159040512
9	15.665608262481848
10	10.955396375462282
11	15.11409382072619
12	13.1987686333062
13	12.924521117825407
14	12.982905693332945
15	11.753613954746005
16	16.324402587205228
17	14.542750058806213
18	8.386621438071447
19	16.26006399846803
20	10.98722436711869
21	11.228712658597082
22	10.349192245949931
23	13.01712096738301
24	9.896573862904646
25	14.302640016983927
26	9.582258043299834
27	12.803730293681511
28	12.979727507969827
29	12.027651432506712
30	14.012656989387082
31	12.816634428612721
32	14.745517679766522
33	12.662257267894496
34	13.340141191203857
35	13.578829538971899
36	13.084674483509806
37	12.379472757531925
38	13.996693643306065
39	10.88079906854298
40	16.473794631905328
41	11.071529930309804
42	12.903572403495003
43	14.794797894140151
44	14.12783311113664
45	5.494923792510323
46	17.847388076150832
47	10.799857448401283
48	10.257319104459894
49	9.734128270954427
50	13.261785185067184
51	11.173734426548268
52	11.468264996494797
53	11.793264893010475
54	11.379688399000687
55	14.178438891318383
56	10.94265859479856
57	12.745042670974048
58	14.342854640213547
59	10.434736835421097
60	10.35380565272085
61	13.077395311538524
62	14.029796578573345
63	12.230112584239247
64	12.888999459906055
65	14.587878679750018
66	11.654050373530906
67	12.3014657489082
68	14.849955581233285
69	14.362231856363238
70	11.136618828100813
71	14.938003776272753
72	12.384479657775188
73	15.20199233926606
74	11.555019077447302
75	11.964495875936487
76	16.002988453878967
77	10.963666582026343
78	14.036166335908009
79	17.04003250445332
80	10.439681299345112
81	14.623012857795358
82	14.018000682321288
83	12.053107605153288
84	15.483209152238874
85	8.032924440842702
86	16.966027380347604
87	15.377777755117505
88	15.862999331444422
89	13.313378715669995
90	13.103095926382327
91	15.813864105864317
92	11.74932316321235
93	13.29254027687983
94	12.650805094646856
95	17.132238647163884
96	13.973217030404953
97	13.265667656057175
98	17.000713596064575
99	12.154881976791478
100	15.152410542889555
101	15.128771324626163
102	14.820805148679563
103	5.16170819047808
104	24.179103208029662
105	9.19421420267514
106	12.203453823890895
107	10.974510144754563
108	12.463550254915774
109	15.220093313714601
110	12.116066806573434
111	17.02750199435727
112	14.055580170741333
113	12.760927786020346
114	4.522272793801877
115	9.402276807440433
116	7.6902334838319435
117	12.291406943465823
118	15.64068515606048
119	12.673731483927915
120	12.611605658615069
121	16.927215594604476
122	10.060942856236716
123	13.555303156103696
124	9.004621224270242
125	10.915499524837497
126	17.00768586027001
127	13.650286994900553
128	12.996372743572273
129	12.290944781672833
130	15.777934294181021
131	14.0562459369772
132	13.207013627730348
133	11.67949356410904
134	13.573070162804312
135	12.115953218120561
136	11.261842809024898
137	16.304509342060967
138	10.792815140477863
139	18.023238450818948
140	16.08200626224323
141	11.877115283242404
142	9.27384579404013
143	14.705700268048213
144	12.820499082606112
145	12.906612457178733
146	14.675248478601137
147	12.440040784805126
148	15.466106803392462
149	15.991239539783269
