0	7.459472907709021
1	7.555330856220878
2	8.383123437633037
3	8.92129905386097
4	8.508175475816644
5	8.405059292388067
6	6.807317756945096
7	9.704960806046802
8	8.200763283408735
9	6.995952761006395
10	8.903311415812523
11	9.867859668424074
12	10.543111630872861
13	11.709807851396087
14	10.58015795128084
15	9.96672361388808
16	12.902954025629379
17	12.423385375118805
18	14.287148657536314
19	13.38443017772483
20	13.539121830121992
21	13.483246766804543
22	13.875634662829597
23	5.5655154623670695
24	13.860698101145656
25	11.007487093716236
26	8.308402948274455
27	10.770411090433933
28	9.953089656583263
29	6.013341649925263
30	8.825537659345137
31	7.999679374607578
32	8.560560896209596
33	12.256319777164126
34	15.424375847546614
35	17.16619433705207
36	11.916806756634958
37	16.930711786603418
38	19.012131210920874
39	20.52401863385761
40	18.79922564224341
41	17.423422726370685
42	19.765782227530025
43	22.852765532436468
44	17.279157444971418
45	22.122931958985685
46	13.237979032531896
47	15.388114658969647
48	16.51259389905932
49	16.686054909777173
50	6.558267026865246
51	16.58500919839491
52	22.852816242885
53	16.22113157795099
54	21.201544905815567
55	11.258592569963666
56	20.579367500104514
57	15.836466633557059
58	12.888470917361051
59	15.734499998006218
60	12.880264668303612
61	18.551841233510075
62	18.048321474112452
63	17.916362367670907
64	13.17749014731006
65	19.13519363076338
66	17.22681664710079
67	17.41976497329515
68	15.731782097221751
69	21.296173709681767
70	16.12089203746534
71	16.872712451832466
72	16.62806202111087
73	18.449439626194206
74	13.579630781386362
75	18.745505677993204
76	20.556446494394102
77	13.584809362558849
78	19.470967062553026
79	18.41779211875102
80	16.07030951962202
81	20.798642196066343
82	16.288402253000914
83	17.710806405217657
84	15.719408050400608
85	16.242631113749248
86	13.899100179276665
87	13.324174773880628
88	12.7814047629411
89	11.380169487437591
90	14.238147135128733
91	12.691715892624345
92	9.942750962698389
93	12.814650633032665
94	16.62765901463138
95	17.973006028997908
96	14.03142270726635
97	17.034662745373502
98	18.962688720239125
99	13.925820394027504
100	18.975891862534397
101	18.22062612384981
102	14.541794752694933
103	18.070104576325143
104	18.314659686395203
105	18.92842505903326
106	17.017283664634853
107	18.56922352508324
108	19.765016682291016
109	16.41660313763738
110	19.23595482018169
111	8.233690683254652
112	4.16991624328021
113	6.910511845791845
114	18.096350049784913
115	7.371265013138014
116	6.897271448900483
117	8.423837892943201
118	0.7317439443651361
119	8.122962630722968
120	6.654732760835602
121	7.45033452971996
122	4.667764859998869
123	0.6823078276095926
124	3.5626070933175855
125	2.7247967491585507
126	6.021803224765307
127	3.9655819458084958
128	1.5789105517519373
129	5.475639942925385
130	4.5712752459370085
131	1.9239840629290161
132	5.614654536678743
133	6.4356082469332865
134	6.729318091073931
135	5.837241883330704
136	0.682297302437228
137	6.202431141099483
138	5.606001555460331
139	0.682306826444298
140	1.0298624362920759
141	1.0307684737734517
142	0.8321365603548264
143	0.931388097114716
144	1.3777215164860015
145	1.130543433242785
146	1.4793463199887624
147	1.6288304138154952
148	1.479287000918957
149	1.130568341314613
