0	11.96807523177258
1	11.230916100864581
2	12.67164407500272
3	11.081557213598428
4	12.928146146779595
5	11.182654835262817
6	11.764225395549234
7	11.965577006534632
8	12.909056641412672
9	12.595915056102557
10	10.220277724481484
11	12.43886803451318
12	13.82820190133156
13	12.575179032445437
14	11.663695119075221
15	10.16363942184451
16	14.349597444151179
17	13.38570128115323
18	11.132396461451599
19	13.707087562889054
20	15.55166580745076
21	11.736182276539092
22	14.492380471185863
23	14.106017726843515
24	14.8436615547327
25	14.597804412930046
26	15.820485315582273
27	14.804944941725486
28	10.52395302608533
29	14.942752947831147
30	11.70841133455217
31	14.97958319442957
32	14.329628405219967
33	14.354821776977996
34	15.213473134790936
35	13.704605896469092
36	18.048282550851866
37	11.763221392225363
38	17.038251771689595
39	15.32219575886749
40	14.438611991069243
41	13.743376402063916
42	13.833295139609742
43	16.999729523153693
44	19.623886144006278
45	16.332179836993788
46	13.116130634310819
47	11.987263690082509
48	0.6593528579185355
49	16.638354537443146
50	13.015563705703666
51	9.820590154947947
52	10.68818757289985
53	11.814147628008731
54	10.370394785715746
55	10.418470664178724
56	14.337058700245317
57	9.306019286945148
58	10.732483834933884
59	9.857264166167099
60	12.624683091619223
61	14.336645353080993
62	9.520369680707562
63	12.203080223508676
64	12.60408843102673
65	12.693336881749184
66	12.877817066433431
67	15.30209840601438
68	14.976858888573105
69	18.25006775842001
70	18.4202092966786
71	16.87858302599901
72	16.720351823505386
73	16.333049951236806
74	12.861400212811565
75	13.216951117903387
76	16.88784096500582
77	16.115726697857717
78	12.473056343631306
79	13.690962089121603
80	12.827850919049261
81	11.155318680751952
82	12.778122683635072
83	9.426321066350255
84	9.05554805407032
85	11.766010274756619
86	8.492550250895453
87	10.662477380960624
88	11.084498192638977
89	12.933445695889828
90	12.140703300396622
91	12.722449726292005
92	12.879903240122202
93	14.331691227513392
94	12.83408553548888
95	12.99498835359581
96	14.38072340444373
97	13.50839793320913
98	13.37137133744033
99	11.682398620422893
100	12.929747833986953
101	16.268416917501067
102	10.801198316232934
103	13.0973462057729
104	13.06516260263558
105	11.916346576090639
106	10.881042904915342
107	14.165895537633203
108	14.90920644772959
109	12.900003444757315
110	15.66645080600081
111	12.434033687990047
112	15.202755780244157
113	13.038613770142932
114	12.921990183991976
115	13.987976959151268
116	4.351337721892667
117	13.18641286658515
118	15.819876696760689
119	13.436403777682228
120	11.637139991457289
121	12.630933942043926
122	15.412912149475853
123	15.618411557974738
124	14.260939777910599
125	15.161016158961315
126	13.322308827289648
127	14.603679991443135
128	7.5012476376734085
129	15.729706587452279
130	13.032274025851256
131	15.150301544517717
132	13.846391884041202
133	10.010192317819174
134	13.51666386268774
135	14.7744900613516
136	13.58890003075991
137	13.113497006432244
138	12.139553205366852
139	9.400424428936164
140	10.65148215508806
141	12.165604742256212
142	10.297887001285234
143	13.081610825298442
144	12.119980207233352
145	11.377612595730726
146	13.23422496691124
147	12.675262199007747
148	10.977695858650243
149	14.40333703785845
