0	8.565455353803525
1	11.247096587999605
2	16.322996203807556
3	16.860662459709808
4	13.3487171846023
5	15.029811783453276
6	15.522882622700774
7	13.911090153555744
8	19.2706519807064
9	2.1604554102842326
10	18.744918726071756
11	10.976222664306675
12	12.31718149611702
13	11.50939563586507
14	11.25426333793463
15	13.120451520839211
16	8.039471132543616
17	11.746642908167852
18	10.205489814737929
19	10.44442621818786
20	7.775234632737549
21	8.3086814607756
22	9.37588800400052
23	3.764572179607351
24	42.07279232730905
25	48.99486686817623
26	40.04409791011924
27	1.3601681699866042
28	7.774657537827488
29	4.834368712435865
30	6.167309844699438
31	7.502997743619599
32	7.510364035759337
33	12.053031525536753
34	7.7731418259790335
35	0.8252536867586995
36	8.841305468974262
37	9.109449022639902
38	10.974764880169044
39	11.242929104375952
40	10.986856879800058
41	12.848248028617915
42	13.122713719236742
43	14.180739421746294
44	12.053836931329597
45	17.07258967396043
46	15.839472486454225
47	12.845545091132575
48	17.391809165926592
49	16.06525111243465
50	17.928300375145643
51	12.847019522906834
52	14.182917958355125
53	17.402756968732852
54	17.928300375145643
55	17.943426069082562
56	13.099878254562036
57	19.000929799846755
58	4.833598956576908
59	23.55150785030919
60	4.297653802902988
61	14.457298390271507
62	11.508739143776172
63	13.929264003131506
64	13.644421133965185
65	37.58509766568296
66	22.21771011810184
67	10.18646802340888
68	2.4281845736067385
69	14.983085488473376
70	8.309999643699532
71	8.84155416462414
72	9.108081304896958
73	10.176936860317923
74	9.1127003022096
75	7.774801668449761
76	8.838655905472418
77	8.308991615106542
78	6.701836365350641
79	15.51256400303623
80	9.117067060587862
81	15.527073854418655
82	5.903673549793022
83	15.519441500992057
84	8.040294414595818
85	14.72090995213522
86	12.273362491524294
87	9.403661560176769
88	12.852796185941532
89	16.825196998851872
90	1.8964971501661845
91	16.339407640294585
92	10.661116685951175
93	18.28292082456538
94	13.115929566933797
95	20.334801825820648
96	6.4371227694873365
97	11.51454265047721
98	15.254917916803695
99	8.568014959470908
100	12.85820963522241
101	15.522434418084217
102	9.9132986321708
103	19.269341064885392
104	10.977576852715519
105	13.90495443794342
106	13.126108544876645
107	12.583834240959833
108	13.117938402368747
109	19.794523091371495
110	13.658429893402118
111	14.991742459288
112	13.644290561740078
113	3.7641553645689685
114	18.459727249649593
115	14.449101551864631
116	10.457492296020522
117	17.607018631427064
118	20.127240218363486
119	10.146354632101557
120	22.51917625249675
121	19.274958376477052
122	23.2793685866057
123	19.53190168973576
124	17.12957747799981
125	22.204281503423662
126	22.737427167180254
127	22.999038099757346
128	21.42886495761053
129	21.90608719081943
130	24.026132704995142
131	18.511064939206367
132	27.784422181376584
133	19.542343424533126
134	26.216955854664445
135	19.793561642452964
136	20.34133063807225
137	26.21105454697228
138	25.669334608541803
139	25.68339982724082
140	28.621359478680855
141	29.675880450726883
142	20.602055836810766
143	28.618553373661054
144	30.49524578487282
145	19.797792163367138
146	32.0911399767944
147	33.158755462544526
148	21.101020733368394
149	32.129342835506336
