0	7.048349373645463
1	15.28803258272166
2	13.976750049440762
3	14.265501481410533
4	12.129753865353866
5	16.287999331293914
6	13.865270620790099
7	22.140140364511193
8	10.874189408061284
9	12.388246752055336
10	9.6001841509417
11	16.031153087241393
12	19.533774101960052
13	9.78271671872611
14	19.777197260703947
15	9.52728604191687
16	15.148159724156526
17	16.10539526881352
18	19.492349701133225
19	14.559505152965944
20	15.809660470549337
21	12.865400554618105
22	12.972903259746717
23	13.934008347931098
24	14.264827756442356
25	15.294121269777559
26	9.796603052674373
27	16.991265503926307
28	6.29693901614443
29	9.198056461897071
30	12.700031287101988
31	10.876004454150891
32	13.454462700975006
33	12.906476848217556
34	8.487580958712053
35	18.452149426081824
36	13.34667496921296
37	12.128392804527987
38	15.327410282209943
39	19.379492234576666
40	16.14732283870667
41	16.77369173028918
42	8.147385245512043
43	16.877076276554288
44	13.380955641712854
45	16.693828153890948
46	15.73319392651479
47	12.794528906896943
48	13.307698007632826
49	13.482259867833509
50	21.64041852742232
51	15.25449142035373
52	11.496679221130421
53	15.224536816215851
54	20.728753285758927
55	20.670473993847025
56	17.393108575561836
57	13.307197164385778
58	4.697125899482651
59	20.71919512253417
60	20.302504964617246
61	10.067170109555112
62	15.147873022208024
63	17.616094528999415
64	18.387506790060193
65	16.14723827881176
66	10.94840921878279
67	15.295137088545525
68	6.104952807262984
69	19.718169905403634
70	10.64055754690402
71	10.056976194182392
72	6.545588173228893
73	15.00828721295083
74	11.804251477987199
75	13.527713946565301
76	10.803082463592443
77	14.266175273751061
78	13.635770808454955
79	9.895685822566318
80	10.14042729312467
81	14.037563076365187
82	9.575824293518378
83	12.765063057035727
84	4.9961169572045225
85	9.258919431923655
86	12.836248349770292
87	11.392745188725856
88	14.338055920510357
89	9.920089822833607
90	13.306571399817171
91	9.552013463084887
92	10.877114388188351
93	12.736174414573894
94	13.229583579590724
95	10.350986355069681
96	7.049037717774003
97	7.505857421594264
98	6.443744387147978
99	10.470370323634327
100	8.07584621888193
101	8.719207920211277
102	11.54076368611273
103	11.540440861280192
104	9.137510795480283
105	13.736564619155406
106	6.4598600510818045
107	13.93676117046638
108	8.103112590856304
109	13.598398587627202
110	8.719049453024883
111	15.07438360345648
112	13.782255156145187
113	11.071481759156889
114	8.758621022118605
115	10.929958145533389
116	2.7032557210881576
117	8.32412850286531
118	14.00638593282627
119	14.671317172524388
120	12.172087303411072
121	12.970337790166779
122	12.943773900879528
123	11.728856918061036
124	15.11277032065244
125	13.160179559180756
126	10.630340126909077
127	9.476903561807854
128	15.254774479494428
129	13.564935069429714
130	8.304527771151738
131	14.081406367262646
132	12.423371647397259
133	12.103729089392433
134	13.668535701872054
135	15.442401154883026
136	16.295925574556005
137	15.490160856996418
138	16.42181516819326
139	16.941188747845214
140	15.123549298732756
141	16.485198166498304
142	16.41555563192024
143	17.293103893197877
144	18.42524548023336
145	16.4310180357681
146	14.818572322890494
147	12.391235237648685
148	15.99934701042472
149	11.393169432417471
