0	18.09533502095382
1	15.107347258233345
2	15.876807204005312
3	17.635898778349215
4	15.516965333449097
5	12.676981326459506
6	17.953168730315962
7	15.376268024392534
8	13.917808711217797
9	14.979407224217361
10	12.335227781088243
11	12.182766934176927
12	11.285679162771023
13	13.068493841548905
14	10.717957700043925
15	14.637952028133121
16	15.77969310988453
17	14.750119583914804
18	15.602467023943058
19	13.521653036551681
20	14.050171508704596
21	11.785517696031881
22	14.946906678090993
23	17.545997780129092
24	14.084328463535577
25	13.406394823346416
26	11.139440389446001
27	11.272138315552695
28	9.921960375122806
29	9.431555503326067
30	12.894320777790407
31	10.74983759440134
32	12.055897695068346
33	12.005614725898123
34	13.204095628862287
35	12.372629224772746
36	10.320642326574486
37	13.522310069330352
38	12.488680289329066
39	10.94852815603141
40	13.871877671334733
41	10.505818206571675
42	13.207796997162072
43	12.541305600925735
44	13.013266212157037
45	12.118170857674356
46	11.822885600169176
47	15.114020526338253
48	12.40756004581039
49	14.05204219799771
50	10.160703086741673
51	12.141370851240179
52	12.39090736048134
53	13.703808234404654
54	14.221894579641614
55	15.429527676949881
56	12.109662092315288
57	13.896667085751261
58	11.796913433870342
59	13.961400718203393
60	13.290075214061556
61	13.156600769658082
62	15.296594134533182
63	12.974073544896012
64	12.314607806507949
65	14.9425827023527
66	12.190577579280479
67	14.718704648470583
68	13.389724470388066
69	13.64435482600149
70	16.04720764015873
71	13.512546307432778
72	14.770757768863879
73	13.735979002977272
74	15.293411102702075
75	16.70912972229025
76	13.744173555818792
77	13.20237966465774
78	12.62780911483508
79	15.556301994146734
80	13.785551851938092
81	15.656343791083698
82	13.836214226215073
83	16.300089571843575
84	18.20438820272389
85	16.34506176190661
86	13.649147437738096
87	16.003281788578835
88	16.23407213180869
89	13.159719997335383
90	13.777053997897756
91	16.891476658137684
92	16.617889722252986
93	17.38775884683124
94	15.997617812694976
95	16.276106825035843
96	13.687617345305659
97	16.574170154444854
98	15.425499419870366
99	14.54386598947014
100	18.309936707637082
101	12.21803406398551
102	18.48291939130515
103	19.998612720167188
104	17.295619359574403
105	16.18593878867572
106	16.120082867093224
107	16.767819695953005
108	17.39594967910322
109	20.34428470994028
110	18.613019169310103
111	19.739313940426523
112	16.220054530199466
113	20.600326039949103
114	17.678221334454648
115	7.857807688393679
116	3.753525807851877
117	21.51191498026363
118	14.913264634184316
119	13.756591907496707
120	12.081379923401594
121	16.02290882780066
122	15.296157865389203
123	16.044289311136694
124	14.841234257078536
125	16.895193916867925
126	14.041703610911199
127	17.02382991231336
128	16.456442921015768
129	17.875267229738405
130	15.402920190633663
131	17.955223117477722
132	14.590302876357258
133	20.551875840166694
134	16.84601139988695
135	18.34143382025711
136	3.3471002990474417
137	13.504668915016568
138	4.366911838629035
139	6.681716438766293
140	13.908850906122963
141	1.2210403250926523
142	1.5783106727537564
143	3.3070739972548173
144	6.52238488369945
145	9.062429567506197
146	7.3442504859477795
147	14.559228575749932
148	3.3997360944153505
149	6.685253466704646
