0	11.633734964168505
1	8.3627253713089
2	18.00652772429325
3	10.793248480173187
4	7.186953549389711
5	37.58586297367345
6	19.216234976629305
7	8.389356470546428
8	10.822584181510749
9	8.76713593364612
10	10.392549043419468
11	51.60499641026784
12	16.861162889651713
13	5.973316642356842
14	3.9813260523651923
15	7.187402104831566
16	7.587448463640582
17	8.790071939452547
18	7.587993545898138
19	7.988352422897149
20	8.398350911982298
21	8.380154600836923
22	9.991664904672186
23	12.796745663941786
24	2.382287309895795
25	12.76928093033014
26	8.78814846594431
27	8.391260131592778
28	8.415254405638068
29	7.963340029596623
30	8.790712705308929
31	1.1763338168674717
32	12.399998039471068
33	8.807823078151305
34	8.772159515150724
35	4.782796933409612
36	7.597544081705427
37	5.977624897354088
38	4.7918731908837735
39	5.57340920680147
40	5.596544981397441
41	5.9704659315261885
42	8.390117820746685
43	7.988496440686967
44	11.224143193213884
45	4.372239157076451
46	4.382129501008581
47	3.180007187782453
48	5.583819074665348
49	7.587993545898138
50	8.389432485259073
51	14.800102834608307
52	8.402321873218092
53	9.17575111101775
54	11.194885650665906
55	6.80010979965461
56	6.389708866344169
57	40.283805451429295
58	7.190224810004409
59	44.739783407308465
60	7.598500608343604
61	5.991687761609395
62	7.571140501082104
63	3.1799831845778455
64	1.9803180783646317
65	1.1755265674634434
66	39.05183599116271
67	12.375630280378854
68	5.5973182283572545
69	5.171675342254945
70	1.9805595835437957
71	5.583675084233251
72	7.573513585653069
73	6.799928505660562
74	5.173737074790585
75	2.7786588183673757
76	6.387518491788166
77	4.782716925123941
78	5.985011259958531
79	6.3852178254030605
80	5.999847874470836
81	7.184582360155453
82	4.783598386687098
83	6.384713043356278
84	2.3744038774409875
85	11.219848735766774
86	5.584299821602505
87	7.972232529537106
88	4.789298715652883
89	6.792631831129134
90	3.9729176108682895
91	7.19208630587922
92	6.781449398862472
93	6.3970778763834755
94	8.774234713055856
95	4.390262127928416
96	2.778158445645304
97	4.785122449950064
98	4.773641839614271
99	7.187274076217671
100	7.187081565202883
101	10.014483785029448
102	6.372011893933365
103	10.793749303341876
104	5.999114533942842
105	5.171324886453981
106	7.204310383908574
107	6.770847033802491
108	2.3814825854435435
109	7.175498238707156
110	4.782436324302003
111	3.9808771224879576
112	12.025607792634458
113	14.766385892838118
114	16.045553099733617
115	13.163503053852333
116	17.604801623085137
117	17.205588891552456
118	15.24492746274717
119	15.95649598074235
120	19.24894583748183
121	9.571009365263487
122	22.47624541216555
123	9.966483786589018
124	15.601196584005747
125	16.805342745746323
126	12.822766646550512
127	19.202408126072257
128	20.017608834675617
129	20.814341391906062
130	21.619637168697288
131	8.767773630818942
132	15.200798270987681
133	22.014744243437608
134	17.204110216852875
135	18.407065848995334
136	15.200798270987681
137	20.057152421828498
138	20.406108027634787
139	20.366348177363392
140	27.22377567827335
141	10.388607803233553
142	17.243301612928832
143	14.374114711951167
144	20.410230984519334
145	22.408988569974454
146	20.06566007207686
147	16.79653058852733
148	19.96558309709376
149	23.216276911273724
