0	11.37373970170384
1	11.195381291252605
2	10.499878444073547
3	12.656679354203925
4	11.092730247462306
5	11.850243383954865
6	11.152668536464647
7	10.469733975695464
8	13.235351720662768
9	9.960528006287609
10	11.554173751852097
11	14.237163167627587
12	9.664796836819159
13	10.932335659634873
14	12.880900577223809
15	11.82927296212197
16	14.03989430680294
17	11.118218063387394
18	11.988053503993571
19	12.44474411200437
20	12.884064699135987
21	13.174671318083846
22	12.822528771239398
23	13.501710146432803
24	13.655915471238142
25	9.666939577425191
26	8.491380773355175
27	12.09915283478785
28	9.391174425789243
29	9.260130709224487
30	11.558500087695668
31	7.676169386011092
32	10.889039061833428
33	13.81567632157578
34	11.878459716932491
35	15.320907916462334
36	14.261680864112714
37	8.094884097049501
38	14.92093282160417
39	16.78850986069657
40	12.915936935256502
41	12.231527075929808
42	10.029448850489942
43	17.601901745172633
44	15.6006781135927
45	15.82616804671192
46	16.871736771673376
47	12.126259613774714
48	13.11022307520332
49	18.38470347120098
50	18.042998443896096
51	15.019130415484256
52	14.090618675503206
53	22.594809000832388
54	18.66506495593047
55	13.411272335247956
56	14.645965263310588
57	10.736881300266033
58	17.819277597974644
59	13.339873932473086
60	8.352538392340142
61	18.88505898412013
62	25.951582377036992
63	25.397125579870032
64	27.099445204102288
65	22.984411162754252
66	22.739476157712424
67	27.211568909291753
68	21.979871453357443
69	23.121327025411947
70	31.214556209637067
71	28.063529498137584
72	28.812619670121215
73	29.50764625708809
74	28.72055194546226
75	21.552906601840558
76	18.26646029626532
77	23.86299214312851
78	26.153097947403154
79	18.577779223340855
80	16.647528360717253
81	17.826379872634956
82	19.933934609739165
83	24.055851840563378
84	16.35842447704404
85	24.088359199188034
86	24.969125474694053
87	19.45290895124725
88	14.275419697639295
89	15.014846450651634
90	14.225672239587388
91	21.84707387374102
92	12.991381173408623
93	22.57336654298943
94	22.21511878786148
95	22.48238065484748
96	20.06747164544048
97	19.262137356030728
98	18.470238483851322
99	13.988483192628577
100	19.091713702107693
101	18.995976393150777
102	20.09814061942205
103	22.480789676958327
104	23.335210149870765
105	23.774775995397928
106	19.773397554341965
107	20.744906248771603
108	17.231797059362172
109	17.22239383699611
110	6.676748136533326
111	3.016563100031783
112	5.161747358272482
113	4.850071771173472
114	15.3796569997437
115	12.495395779727604
116	15.053347373011547
117	15.664258933301474
118	12.307516629565074
119	13.09282382163482
120	14.127685655791502
121	15.663810842676183
122	18.86460423953412
123	9.849645822180854
124	11.578328963691714
125	12.960386331148614
126	12.149017286178724
127	11.71659189606912
128	3.930948462646534
129	9.198003733686928
130	11.633658738224863
131	7.499604277431063
132	15.596229916700088
133	16.59297510374123
134	13.860644053514251
135	15.069487682081066
136	12.756246896491637
137	10.778006061611823
138	11.741068815352527
139	17.879248808408008
140	14.800262177152451
141	11.692641554688269
142	10.715748701920614
143	13.536258919507445
144	13.068277161712611
145	16.538426199842974
146	11.771652097020858
147	12.722514354331553
148	13.931772463162625
149	16.919229763128307
