0	13.278927581875527
1	12.146113570145255
2	16.488776671607106
3	12.859307185208463
4	15.012207071222404
5	13.925059986804069
6	14.36687298169211
7	16.279857798852458
8	17.893874925033376
9	12.178367266623166
10	13.24298779158317
11	13.18436771273256
12	14.425206424534842
13	13.953826238227528
14	15.902190420752275
15	13.108569207237416
16	14.972530413232802
17	16.11290719446086
18	13.531080263133482
19	15.986103665966825
20	13.973703291402494
21	13.935774658133857
22	13.242861362238216
23	15.683540486207487
24	12.021382856066383
25	16.072423718361282
26	16.450193641653353
27	13.315839607968528
28	16.953357656075475
29	15.85776942438631
30	14.87268942272728
31	14.641487735780762
32	15.77533713738325
33	12.893842795438145
34	15.441196625854198
35	14.578090265820485
36	18.285864768704172
37	13.99444842683833
38	13.36803026115065
39	17.30152311130247
40	13.57299046430766
41	16.44305268836042
42	16.495491940869677
43	18.656066213008668
44	11.55537936126789
45	19.29877507550342
46	9.127618284468111
47	12.13547919538457
48	9.039235147780968
49	9.76920998947588
50	8.706765252049212
51	9.385811338340687
52	10.104956240579304
53	7.039163115505306
54	6.315897624030927
55	5.790191567510586
56	9.428558112042683
57	8.07435428348863
58	7.059361189500365
59	7.058123666339327
60	10.867952057567578
61	8.455548718883435
62	7.863428276054988
63	7.65133209368233
64	8.07420337841879
65	6.89039945330513
66	10.021109249093238
67	9.681107527055357
68	10.747009029551206
69	12.048492477110905
70	8.370939206434803
71	10.188693539395294
72	9.472291026495718
73	12.006511920119166
74	8.413480240709506
75	11.331301273715958
76	12.433503277148246
77	10.527283522972379
78	13.871890112636455
79	14.371024943947825
80	15.772565954986288
81	13.023964955319519
82	15.22005403703773
83	11.002304624737437
84	7.182091582020701
85	12.558990119632053
86	10.776273301352354
87	17.220470881212226
88	9.76930211213275
89	8.36601137874388
90	10.573394358833374
91	12.093065086648474
92	9.724048496592411
93	17.379831503149543
94	11.54566641236791
95	17.000945174361036
96	14.759384221171612
97	16.23742685311287
98	19.209542928465698
99	14.154033870155798
100	16.365019265949844
101	20.87318414375256
102	13.27332607806696
103	17.467305012526584
104	18.242986558553167
105	16.4846850395892
106	15.352657265235846
107	13.870157391314212
108	14.927744541026726
109	12.346759694208385
110	18.875594161433902
111	9.737361116151035
112	12.81477895506114
113	9.513078082103602
114	1.2214083232422768
115	1.8528405819802611
116	15.258594741578875
117	11.119796529230086
118	13.321362024195613
119	13.609701372075902
120	13.791293012553572
121	12.981660016305081
122	12.507758781886384
123	15.59843046003361
124	14.794155189285641
125	12.813307000496561
126	14.133083035354359
127	11.587315094072677
128	6.929129607926492
129	3.759110027789558
130	4.225625199973894
131	4.6382136234282605
132	5.2082964909273555
133	4.181313516065873
134	1.475254649736863
135	8.862209950913627
136	8.201873083967978
137	6.719386404506538
138	6.298754291927702
139	5.71696392400172
140	6.216913393123992
141	6.112972290491111
142	8.9631217419943
143	4.8288646292147055
144	7.387938072467536
145	9.427847256797628
146	5.530387704899601
147	4.182477228079632
148	4.6135063976214115
149	8.482453639421726
