0	22.611345954678793
1	16.586387724289363
2	18.875344856373115
3	16.459956660499202
4	18.44287963569425
5	18.515197265837166
6	14.990851207452543
7	18.096993173782167
8	15.613256110365354
9	12.620179126018083
10	12.47335393079587
11	14.882435475288194
12	15.137962511978412
13	14.272650598271403
14	14.657207011021967
15	13.196795019730205
16	18.454213259166256
17	20.3750338366684
18	17.73806693936989
19	13.215406266563122
20	18.017645743403982
21	20.083945567838352
22	19.781162319427832
23	14.626271720332351
24	21.56412787474226
25	18.946746165336908
26	18.089257680862215
27	19.23050399166927
28	22.61847219702238
29	16.322857046875693
30	14.245484284242682
31	18.140019265863028
32	17.92181151161117
33	17.908760708424698
34	17.53924954386544
35	18.153960111506365
36	12.689386851323219
37	12.59403946153309
38	11.9896701883654
39	14.044240076665817
40	14.04261610036457
41	9.187560519780147
42	12.505974116565408
43	9.211153225055291
44	10.53684702002286
45	11.275085942783155
46	10.02498617873579
47	12.735866802904614
48	10.072909099131387
49	13.034436405658562
50	9.478032513793538
51	12.593435534726442
52	10.63312814195785
53	15.16566871291966
54	9.939441321062555
55	13.76577665538322
56	11.62726625847026
57	14.262165615379777
58	11.049943969683488
59	10.242039889613885
60	12.44552575122964
61	11.717704605084538
62	10.896436094889633
63	8.089156957754444
64	8.886128744188708
65	9.494473052561968
66	10.985687732367046
67	7.519531057177033
68	7.882425649553786
69	10.660348510694899
70	10.419748398578394
71	9.21097891404526
72	11.264539524185667
73	10.209064033556174
74	8.582059955302205
75	13.907092202696324
76	8.760971515930148
77	12.391389327279171
78	12.16947311970277
79	12.71520986216818
80	10.323146100453034
81	10.423415155612513
82	9.574278555288519
83	9.57337196289357
84	11.29396935272903
85	10.393269937182438
86	16.684666811314017
87	9.00693644299344
88	10.689347766953311
89	8.584554311209292
90	9.48459984248096
91	10.961710074567698
92	10.951169331940486
93	9.673834846975952
94	10.297668938623461
95	9.936519000681198
96	11.265507194388107
97	11.084188820687038
98	8.969975774389917
99	7.337864384156858
100	10.178327409528695
101	10.537448027019453
102	11.388491370862091
103	11.024100746813106
104	10.056372155396742
105	12.081535268907592
106	8.826391537845613
107	9.151271229098258
108	10.418856855070405
109	11.9896701883654
110	9.72040811743225
111	17.479173861329233
112	16.526284556598437
113	11.42522286207347
114	8.298690945563743
115	2.6275686660742186
116	0.8161148215422676
117	18.360016544275886
118	10.72135834524832
119	10.507035958247528
120	9.332747067827118
121	8.764919326967407
122	9.113141146410232
123	10.609339212793396
124	8.459099706900279
125	9.544671492657034
126	9.842808337931789
127	10.29943029827142
128	5.828431153437791
129	12.204424214041387
130	6.114731199834052
131	8.487070228334122
132	7.459551717987842
133	4.862653745026111
134	5.716170037608399
135	5.169797284159162
136	4.790487250426625
137	6.633964269249826
138	5.329656995815846
139	5.103995520357693
140	7.170932655849504
141	4.742352793608828
142	7.864782996059176
143	5.362131564034296
144	6.069628176264022
145	4.12728599801356
146	8.507535836218377
147	7.380542478913271
148	4.994486111471026
149	6.737240193596254
