0	18.427478409622005
1	13.536133890237084
2	20.640449000144578
3	15.31093731986505
4	21.282172023655413
5	18.46911050258238
6	8.781619832306738
7	11.197710299902308
8	17.628975105597195
9	17.53002067348386
10	17.04600516501162
11	16.889224868432255
12	20.04773459168436
13	21.622205663195217
14	13.73642728300026
15	20.83675490351091
16	16.101158810257296
17	22.019938889754066
18	19.25869702510506
19	15.348991456636304
20	24.784755225538543
21	16.45466959070174
22	18.862810461915608
23	24.440664427340803
24	17.483934110726693
25	18.625212993640208
26	28.603001996743654
27	25.37918033074188
28	24.322583738715654
29	23.06499202047993
30	21.374117621263675
31	11.758243993702504
32	21.631200479550124
33	9.412717616719986
34	10.94833301055021
35	17.283963429983825
36	13.733821700725315
37	9.202969721237464
38	12.346878959868928
39	19.295307827542246
40	23.218804054719396
41	12.72016416070905
42	18.64597011627835
43	14.13312699954725
44	16.49686383583715
45	16.142048968096493
46	19.258511853069425
47	18.037080113462274
48	10.177622754669677
49	9.808214894951876
50	15.709258899422414
51	17.245771707585103
52	10.970339328282556
53	19.25758466662208
54	10.99532567278068
55	16.89861292998556
56	17.285455006532082
57	17.48309558012573
58	25.767344324956607
59	27.53301262422257
60	19.609657337278467
61	12.35281289018872
62	17.87548324137238
63	21.674183597545806
64	24.387985124546418
65	14.295034543016023
66	11.5936245756766
67	25.306367332178045
68	22.6116136230802
69	25.636351281038525
70	26.742851958009425
71	12.131638796360544
72	23.993149228020837
73	14.158684955502672
74	15.475597961020984
75	21.26671799729009
76	22.041481475352576
77	20.235083342411667
78	11.93340133408426
79	15.939796379594284
80	14.523175421379799
81	13.3092328269481
82	25.768847072017632
83	17.48242456610907
84	7.814427050470869
85	14.341544243081467
86	21.011121029121476
87	15.344883940995619
88	15.27918342071367
89	26.816952725291348
90	24.362679183286893
91	24.620671618996113
92	24.51815358345674
93	29.163343995186857
94	18.05126818007872
95	26.383080273748856
96	18.844497135265048
97	18.075545836275744
98	23.651769078859715
99	21.03832786947332
100	24.407415805965606
101	24.57407199117163
102	23.92744887250655
103	17.69348193732919
104	28.31442279481551
105	22.019726160175825
106	22.015891406180444
107	30.31266089776658
108	24.061797579743104
109	28.31718101226303
110	3.4737807056110035
111	3.2710440322694523
112	17.087821105626944
113	8.427919083201143
114	4.458262497006635
115	5.4366243233912614
116	9.255056067482451
117	10.17277894839266
118	14.493955754020401
119	6.250515815288447
120	5.82816647911151
121	10.244856245711627
122	1.8958957777277354
123	8.803171619673131
124	3.8673113933982064
125	6.846720021657002
126	4.45904907149929
127	9.176959404102217
128	9.017137231801685
129	6.828253719884158
130	1.6978523165229575
131	10.656944583160005
132	1.8960734448514507
133	2.882313553203367
134	10.886346467072048
135	8.906306450974323
136	10.582230558418923
137	8.23165316670354
138	9.720661903217
139	0.909617346974565
140	1.105063446394116
141	4.069634088496911
142	1.1061837496382552
143	3.2806304653432656
144	3.872556101807111
145	3.8615812470724165
146	3.6713627654244076
147	1.6977636138276146
148	9.843972772649211
149	9.46487096837605
