0	10.202296884132581
1	7.485751955909949
2	10.32066255276642
3	6.895424523654555
4	7.250530127596454
5	8.902945057311824
6	9.739416037998108
7	11.282688963656364
8	10.882109437917528
9	8.570297814663617
10	6.302545874066061
11	8.785114145782357
12	10.887868967991269
13	8.33365321641405
14	10.183347031118506
15	13.9697082884371
16	7.60422814983817
17	10.320279863557694
18	11.028024188166436
19	11.382656406427145
20	9.021677844607492
21	8.784552456356703
22	11.619021616238685
23	12.590258100158534
24	12.771904896228067
25	11.385420319198403
26	13.978030791660181
27	12.593105265100627
28	12.7944853375091
29	11.596039632951472
30	10.451640679108719
31	13.960604430441984
32	15.161448827134596
33	14.688443109870594
34	13.035934971200456
35	15.192777266620956
36	13.983321099525217
37	13.97776683055771
38	15.652229851761655
39	13.463760684080174
40	12.090645390921747
41	15.161736482733408
42	13.035443666282374
43	14.098086165731944
44	17.640396397068795
45	17.563501318881706
46	16.06824457744947
47	13.035934971200456
48	12.327246377825253
49	21.301056223192564
50	18.467436165220573
51	17.993406883650326
52	18.230234562396866
53	13.998421087023386
54	17.264717975138524
55	15.43062227074186
56	14.421825737878756
57	20.237407945379115
58	15.515680702518274
59	22.057221306392712
60	20.012246356219798
61	13.61924059840206
62	16.588825858123286
63	17.237722984450162
64	19.45711495356759
65	20.360965992519514
66	20.94400517369631
67	11.973585942795342
68	10.648887991379498
69	13.271836349223358
70	10.319801723244584
71	11.051600232659007
72	10.083752069742205
73	16.9415105215308
74	16.767934076752443
75	13.272712961583691
76	12.358573458289529
77	9.941155524698784
78	12.79893929706362
79	15.429740171233226
80	15.598727470135966
81	18.236178356442842
82	17.512773087743355
83	17.765953793295292
84	18.466904370370138
85	23.427540004634682
86	13.300689016928146
87	17.245779607080827
88	18.23145841379312
89	16.816297123172276
90	21.7716758164905
91	21.820752063169653
92	19.184922267897697
93	17.759149246614886
94	15.607914792835146
95	18.726591359210477
96	21.48786505423952
97	16.335989232381962
98	15.874901750444765
99	15.195382169747115
100	18.82491707961938
101	15.712647793065802
102	18.515565493820368
103	16.569836325203255
104	18.710590156590293
105	18.185791099067487
106	21.299618959073978
107	13.74374233529553
108	23.899168419931925
109	17.520144303232303
110	16.506290532727682
111	20.65516353701232
112	21.586575602891603
113	9.707870895827465
114	6.541806526131819
115	20.75628318681436
116	14.068134493783884
117	15.750485698435188
118	19.450368368379387
119	20.316358649890947
120	22.077950028579522
121	17.233287059137425
122	14.838198781314102
123	19.723973391111944
124	25.38283659160382
125	23.652938173181074
126	22.43065344889553
127	24.391095163103884
128	24.115232997468116
129	24.842582549055376
130	25.02812809670155
131	22.420495392995882
132	25.282392069974936
133	21.16950882331046
134	23.246256434810142
135	22.48137166926239
136	1.936319986091141
137	1.5827917680817878
138	3.590044213178265
139	4.298160893030351
140	3.951103627085055
141	11.123286059392866
142	11.761420055423287
143	17.955743376653967
144	19.52974490973581
145	19.70162440732459
146	21.47897426987439
147	18.274554571744044
148	16.69996164251745
149	20.421631555320957
