0	8.446141872024564
1	11.712734845486724
2	7.766538057303721
3	9.327218603954382
4	11.803416267822575
5	9.371415053365581
6	9.763842489396186
7	8.755863041487215
8	8.018785399290218
9	11.202038482609474
10	8.762007861113364
11	9.713869369694123
12	10.806446954379311
13	10.344959854258779
14	10.085840788758423
15	10.99806824734451
16	10.196559557781567
17	9.692144301962815
18	8.25940956499354
19	10.961101528609229
20	7.730046948520428
21	11.272489823695288
22	9.306059650888203
23	10.953229649851567
24	8.12589459996741
25	12.742303905966757
26	9.798943738893287
27	9.835247693584618
28	12.320181560084173
29	9.942571167579445
30	10.495887472314596
31	9.803823347197868
32	8.58016847476685
33	10.380740895382997
34	13.548687936713293
35	9.80502105999276
36	10.97313882591849
37	10.820794762705054
38	11.27654782297046
39	9.604421520282315
40	15.0738158260691
41	11.016290291222273
42	12.323940939546036
43	9.386740257398024
44	13.07977671966831
45	10.009113164524955
46	14.790723105514918
47	9.714142547479948
48	10.08422461330802
49	13.644159343168504
50	9.397705112565276
51	12.002981653517168
52	13.460658229439302
53	10.556074395119463
54	8.803512164001685
55	10.043382545205905
56	11.765643109163465
57	10.61804944477595
58	10.686616937934073
59	13.850233122597784
60	9.51112238262166
61	9.204178700249642
62	14.63651752925799
63	9.13173885646798
64	13.326980783332765
65	11.315332558907409
66	11.952555433059482
67	10.961214806134173
68	14.793711451058808
69	10.52900810521756
70	13.949869696214234
71	9.846631732338588
72	12.634746630402649
73	12.378163372604604
74	14.592309785726748
75	12.751776276297264
76	13.042604372966258
77	11.47181832771273
78	13.835060920523778
79	13.880892862095877
80	17.46386939499845
81	11.472580644275473
82	15.949338194590442
83	16.932180285141204
84	11.123521530847981
85	6.832665820831324
86	17.56450320836333
87	12.913891727797205
88	9.491679359051309
89	11.781976435279823
90	13.347399376998672
91	13.631727939416978
92	11.781080017735414
93	14.07452759880138
94	10.317392132095863
95	13.271056145752757
96	14.083557312837307
97	12.190079132859108
98	16.033133479506002
99	9.596567484812688
100	17.718451198104724
101	12.703309643909144
102	16.599528661504287
103	8.491557339094143
104	12.61475886297257
105	14.876672110193939
106	14.237045971224823
107	16.917142746303565
108	13.048836530322724
109	17.266180461706856
110	12.792706732006371
111	10.676700878630696
112	12.709004131498013
113	8.383227305137847
114	4.240503889053882
115	12.64621476569929
116	10.112742700225535
117	10.753231769213665
118	10.893192815754489
119	11.155074923888476
120	11.474542537146444
121	10.26079899293765
122	13.00937664395261
123	12.877193965406803
124	12.414325300977273
125	8.912243147609729
126	12.55202950402355
127	11.471273649283122
128	12.760538836134897
129	11.470184455815655
130	12.408051309028004
131	10.67235625435487
132	8.605335989318899
133	11.472471851359867
134	11.425979845816023
135	10.981561164225388
136	12.633178765430777
137	13.024169031844092
138	14.100841083489605
139	13.884352982762197
140	13.031387616905343
141	13.426538789287573
142	12.788614042190158
143	14.085911194759136
144	11.118405729908945
145	13.367867032961806
146	12.317246628897585
147	10.455663384278225
148	12.878175606192887
149	14.454951141855872
