0	4.726492582995985
1	11.62873785417809
2	12.702042610246359
3	11.304170609080721
4	17.479310430798357
5	13.974612361580625
6	12.43222589168087
7	9.626505005533051
8	11.148867309942531
9	12.036325635351414
10	12.21736518399413
11	11.936671030223343
12	13.286127739773278
13	15.924133562965215
14	12.351759668483803
15	8.421906388522736
16	10.957426186316807
17	9.730860015849537
18	15.004688385565386
19	11.421205004078264
20	10.215870952271578
21	11.870846608324145
22	13.445422849854245
23	16.11893809230131
24	13.777834812288683
25	12.011753729926316
26	16.388487990161185
27	14.56381318958189
28	16.20536322363453
29	14.792841261311697
30	14.108976663823901
31	11.175604284691493
32	13.896112407290406
33	11.595602866904185
34	9.742396402936544
35	13.538205171125192
36	13.287129002244022
37	13.134592828683882
38	14.472976900301587
39	10.26549153345447
40	13.180164045960296
41	13.467799556513656
42	13.91459710785864
43	12.596704449355872
44	14.299238885239829
45	12.486531642795981
46	13.013229957119016
47	12.604042963704984
48	13.75923236140022
49	12.72200200244774
50	13.181404687932162
51	15.231294056910848
52	13.804492293310762
53	17.88618878695895
54	17.410271362858385
55	15.270752686429747
56	13.864762321483683
57	14.03694503311897
58	14.237830681109385
59	17.208019248353047
60	13.990331302836344
61	13.769770771034423
62	13.74742444501333
63	15.447627526449935
64	14.783658225531985
65	15.210621210965556
66	15.056764056258734
67	15.475206041113998
68	16.825961610058393
69	15.748970965109208
70	14.72585429625486
71	12.519543085994819
72	15.75811222267511
73	17.14322352993803
74	14.663778252945104
75	14.956857931373623
76	13.598918179886981
77	15.975059376106813
78	18.47383968354394
79	14.624052674707075
80	16.183041509242745
81	14.162858002620531
82	17.442116808559433
83	16.988097014340223
84	18.308695676229227
85	14.401341551173664
86	20.61493401695431
87	16.594333144392046
88	16.2302107549166
89	20.544336762536943
90	16.187822638820144
91	10.587977570280515
92	15.26322779928564
93	10.852334686872174
94	14.474019623598142
95	14.733250640312994
96	13.599556092002446
97	10.393599273640895
98	18.368492720757118
99	11.410668437269155
100	13.475021135305541
101	15.442417486455545
102	15.198362239969331
103	11.576554177718728
104	14.502183971618912
105	8.08032960322184
106	13.532829746718603
107	11.633733484083907
108	9.416510568124442
109	11.913183562087077
110	14.702886267416396
111	12.818436040637918
112	7.1909609351710335
113	7.4046532910720195
114	6.9763828496628335
115	9.389370802808088
116	10.233708448618113
117	9.116080019996321
118	11.928489209037249
119	7.759012519086935
120	9.06334000631458
121	12.464847867305958
122	7.4008751656133684
123	11.69007828537458
124	9.520001170171875
125	11.39234319753045
126	9.224658310757484
127	9.328313320851038
128	10.93542486195358
129	9.94653907379154
130	10.987995860876726
131	12.32952951174117
132	10.793593836294836
133	11.019041461599068
134	12.785457664035558
135	8.453965658418927
136	13.528482570249787
137	12.22595433770928
138	10.770953403638533
139	12.70442916460419
140	11.469152686722017
141	12.639169295627438
142	10.513247762657143
143	12.613017210555732
144	10.212519548834997
145	12.400480913229703
146	9.997690400070075
147	13.447702974395986
148	10.10730032875082
149	11.844098504329962
