0	2.647501815669245
1	3.1378599275260113
2	3.9421036361225044
3	3.8197950343922713
4	5.070406288774537
5	4.786514206707506
6	5.711867180630707
7	4.394861937004012
8	5.336636110950024
9	7.980841440543444
10	6.341777655342659
11	8.068907120359345
12	7.297895267064704
13	8.284665025243294
14	6.677223155226256
15	8.848627730687154
16	8.406163437907278
17	8.968521846157346
18	8.687597490328454
19	8.768275931160533
20	9.107100443960134
21	6.341143792542169
22	8.771641228051505
23	5.03957371319575
24	9.62885167968968
25	9.57235058179058
26	6.4899370046835365
27	9.977900211446471
28	10.109221714812278
29	8.365869093433135
30	9.65305558887453
31	9.974417125951067
32	6.193977159377012
33	10.054373968662185
34	8.872056798489869
35	11.261531467713322
36	8.905704055669037
37	8.52601668238769
38	9.557586764991537
39	9.35825491734396
40	10.283992542380199
41	10.92735810457814
42	8.465263060032548
43	10.778628108103119
44	7.480839260098235
45	11.447102729623778
46	10.780671140519955
47	10.141984099435309
48	10.066083158760275
49	10.93897042268533
50	10.96549208168977
51	10.920640017114819
52	10.17002025809917
53	7.078239126378099
54	6.288889507762605
55	10.145600882543189
56	11.309700560537594
57	11.623258698371604
58	8.828576877793008
59	10.066461484736786
60	13.157876064048006
61	10.767492320543539
62	10.549393056820763
63	11.450266719045336
64	11.114400743443477
65	12.913289128697567
66	10.101517141443306
67	9.87789276631987
68	13.676748023864356
69	12.667565940524439
70	12.356220524035281
71	12.298980172479675
72	13.75756577588875
73	15.845596615718058
74	11.340003839202717
75	15.793512482141569
76	14.317569809936066
77	12.227566476220858
78	14.388046822996001
79	15.001950792327323
80	16.608555015868184
81	15.173192191090557
82	16.478371309827374
83	14.674850721576542
84	19.837719196427614
85	11.27438480741038
86	13.792256209423543
87	19.17247154729658
88	15.32228570598742
89	23.106720012964896
90	22.063177780910173
91	19.069319801918894
92	25.78055830356026
93	18.982538416897675
94	22.862980816731678
95	25.329420373972745
96	24.584190383976026
97	20.48427026293606
98	25.901080452899805
99	27.9037622014725
100	18.26255786950016
101	19.33363867532002
102	32.20069942181947
103	18.891504057577574
104	21.825064616618715
105	32.53507652505339
106	19.989667919917192
107	11.020232760969149
108	21.153956172043127
109	19.814144515523303
110	11.542608187484863
111	9.638064755364638
112	9.813739227248286
113	23.768847767286285
114	22.94207577414094
115	4.464795445718108
116	1.4085009423262642
117	3.9825591092012043
118	14.316606655962984
119	35.01215209817601
120	23.965483926750217
121	14.286136650665059
122	18.47953186963079
123	23.462459011902602
124	9.145133415073927
125	23.066845311858124
126	22.219985318136708
127	16.646505579112752
128	21.469897927437444
129	20.37521541485546
130	19.706029216949855
131	20.030275508329808
132	35.01946269168476
133	12.310918291138288
134	20.443327780900848
135	30.911732575708246
136	18.722180993953263
137	24.07484079761365
138	24.14836290436429
139	27.161235102064815
140	16.45341089636564
141	23.35642789595264
142	33.1811304200954
143	25.466655450544987
144	25.013357210356517
145	19.559987790920335
146	3.01324024522539
147	40.18766261171737
148	20.62755172540327
149	22.578504956195648
