0	17.75250843364036
1	19.994144207275188
2	12.596429859031545
3	19.06467251299174
4	19.11874525455361
5	21.08497214743281
6	17.325986244011027
7	20.375009819972764
8	13.856623710442879
9	17.643767487455154
10	19.22706889376294
11	19.28740593028299
12	20.977685506432213
13	18.905286135213935
14	20.81192385382192
15	23.272353136055425
16	18.51980507163661
17	14.925110523298141
18	13.582329415280078
19	14.709771650211302
20	16.22373159034175
21	15.786083751909008
22	12.103646253969853
23	11.198739948681315
24	14.3822002681772
25	17.47163133464972
26	14.383166737456392
27	16.660288085718523
28	14.63875997285464
29	16.98887972190833
30	19.280086681255472
31	12.941103676301427
32	13.243241193230972
33	14.020830434444424
34	12.731074480628813
35	16.392489843641517
36	17.098969322192673
37	19.267319834612138
38	17.81870908474226
39	12.181236254311056
40	15.02100561477577
41	14.219587092079806
42	16.75966795839397
43	16.561455267765346
44	14.842960884396408
45	15.563366848772183
46	16.174572557319213
47	5.12114074490037
48	19.390947119582346
49	13.820016122189834
50	10.89837060032518
51	10.320379328592661
52	13.551289415034503
53	12.04036224080826
54	15.786540244155287
55	15.021873856265792
56	12.9755229934412
57	15.793097671532447
58	12.965046091538191
59	15.65938035551493
60	13.951595949057744
61	12.618158388113876
62	14.34480594317436
63	4.915823908444366
64	18.58091404392825
65	10.597154027828317
66	10.268295479081068
67	8.875269814444355
68	12.416516951585514
69	10.214153311571451
70	9.559064819144812
71	10.793949323421895
72	10.509538437802192
73	9.803513564603744
74	10.732420842978954
75	12.486870961679902
76	11.549268055150261
77	7.974542966685626
78	13.547127230186991
79	7.99540425514067
80	9.3703717864772
81	9.500134843685998
82	7.322040539894662
83	9.61324244279503
84	9.722773846930888
85	8.848446791625037
86	9.99630148063233
87	10.486598361661745
88	8.630661472188052
89	10.294910686750963
90	9.316855858400483
91	10.814653301700186
92	8.985387129199022
93	10.155104479665578
94	9.152803607958354
95	11.579418355524073
96	10.87072486149971
97	10.761048639961103
98	11.033786655764654
99	10.15981302295851
100	11.743744613911435
101	10.565370227021653
102	10.05435723539751
103	11.251555017941424
104	10.488487362125952
105	9.719196191582995
106	10.736486416354115
107	11.664844430048664
108	12.563408500304167
109	10.459633018348288
110	10.051029183075983
111	13.145108286783628
112	10.268295479081068
113	10.78710323635022
114	7.264496069539137
115	4.751327231785798
116	8.411342170509895
117	8.271564800451422
118	8.224268041359984
119	7.428180730143635
120	9.336145048137968
121	8.108762330787444
122	8.934213824509044
123	9.635331688480619
124	8.800257551741822
125	8.397051557494816
126	10.092389555831275
127	6.0625156610112345
128	8.320981400978798
129	9.166559952805056
130	7.856291195836428
131	8.137899811550287
132	8.13881066427643
133	9.83194092076932
134	8.848446791625037
135	8.302629457969328
136	8.356401931297034
137	8.526343629506005
138	10.645017939583685
139	7.373688275782425
140	8.465336121768036
141	7.865357348813498
142	9.177165626986412
143	9.066959834816462
144	11.50314796101259
145	4.466734425738892
146	10.377447647834138
147	8.849526469740486
148	7.8306178242350875
149	9.50595744338311
