0	3.349452276454703
1	7.66106486336745
2	16.59736993069498
3	15.826738758527958
4	15.684707246091516
5	18.50607995972377
6	15.446165653247101
7	20.81652008571227
8	26.50931768943337
9	22.08435900557478
10	23.422634888175033
11	30.650180810115344
12	33.08505919617896
13	20.473028459451132
14	35.844437294213975
15	27.070017426633587
16	18.605471524281985
17	22.849739864592863
18	28.402700637957434
19	24.2405274386292
20	27.550437091684323
21	23.660708859730736
22	30.287825913672055
23	21.160094993097925
24	25.498980715555238
25	18.765714310528033
26	20.032171452166256
27	15.465557730711344
28	15.492470982307124
29	15.699106574669456
30	19.275375335727098
31	17.29442518999341
32	15.073006634471872
33	17.35992127243528
34	20.69323978617681
35	15.686382147332553
36	14.905956793369485
37	15.64403149270284
38	13.295084048900652
39	13.218066147400956
40	14.105866381662205
41	12.058151438966238
42	10.237208247245356
43	14.427062183721251
44	12.084830111355707
45	15.285791786645415
46	13.134685922906286
47	11.687731992112228
48	14.95951396657643
49	11.061420812770935
50	14.488583609118193
51	14.882930650492849
52	8.649985684864442
53	14.816166126931758
54	12.932028064473723
55	13.371948579156985
56	11.885653768197722
57	13.971137954840207
58	13.95618172553629
59	15.130336250721285
60	12.05861354335486
61	13.457622183830862
62	13.044730588379482
63	16.496574954091713
64	15.647032279922058
65	14.652249629893253
66	15.248984958594225
67	14.155797299849066
68	17.073288034598235
69	10.266484908091073
70	18.19550513382177
71	10.210916614858366
72	16.039525523593525
73	16.93819258585067
74	12.054687264360602
75	15.350336384275758
76	13.454955100204959
77	15.927599452295546
78	13.252507335065435
79	10.262371284447976
80	19.73169293298671
81	10.583686361026704
82	8.79242706777619
83	11.520059906280242
84	10.096966019704727
85	13.53643913343815
86	11.691216087633505
87	13.78450739213975
88	14.314503039451788
89	15.088783128503621
90	14.334257984964186
91	8.92882149897516
92	15.27971846837929
93	12.859583472465747
94	12.649971464212385
95	15.70518543388197
96	17.675828445164942
97	10.322333681905825
98	16.14517215606059
99	17.699945495138792
100	12.722317075229089
101	14.79999958954346
102	12.20421538780338
103	16.71440779173151
104	15.87715920468764
105	14.619151752001134
106	13.444497398700832
107	10.350397337619022
108	14.50522055810042
109	13.914364436731157
110	21.275940698618847
111	16.42557858547713
112	17.973903000131898
113	17.650890827723597
114	16.81772397338081
115	8.109475626751639
116	7.152264205373646
117	0.6803127162019045
118	9.887520895759602
119	5.9734064248477905
120	4.196686770175917
121	6.255250424059599
122	5.117012733141682
123	6.652030275586369
124	5.288874534133303
125	5.856408212735858
126	5.174741453894768
127	7.0509081241881475
128	7.066316320626153
129	8.306689601029708
130	5.955586534089744
131	7.905012711964043
132	6.254905787819939
133	5.800102845062435
134	8.132505276486974
135	8.26117316534941
136	8.36109311269677
137	6.640689069331869
138	6.425634962291316
139	6.206732958583568
140	8.592975037220148
141	8.134793299606219
142	7.319063840498681
143	6.098768504557962
144	8.282812958723456
145	8.265058753373337
146	8.191625388200428
147	5.728906183015385
148	8.376042933967895
149	8.930253283002715
