0	10.982917100688224
1	13.257897173730106
2	8.240315131167739
3	13.59262722197855
4	8.861696194945496
5	15.885065085930535
6	7.94983302151065
7	15.099103654673716
8	10.416396321689232
9	12.86991212371248
10	13.919065368708504
11	11.021586121957537
12	15.023504282388766
13	14.554039407468844
14	15.236510587619758
15	12.04821513500367
16	13.629714823509108
17	9.582121668407588
18	14.581641974727253
19	11.43934164487646
20	13.046933723889147
21	17.001129067170513
22	11.335541798172553
23	13.865929965517205
24	13.938746227827268
25	16.2936993731186
26	10.996178695724344
27	15.467247829202693
28	12.87585175091013
29	10.720757504330896
30	14.580809556827557
31	12.158001765882325
32	14.066073249905369
33	13.870273000794501
34	12.874902558719635
35	16.682964167947254
36	11.951795514698558
37	12.84188572069845
38	11.707710407844482
39	14.693380556540781
40	13.768284167884854
41	11.057328763223182
42	11.1667220379341
43	16.053559786121607
44	15.269082946524529
45	11.266983542479892
46	10.284711745454388
47	12.02157214139108
48	10.275572354694985
49	9.547819631000237
50	10.515705956101064
51	10.624052731829421
52	11.914998142812768
53	8.918576562485539
54	10.470237232331396
55	11.375459806595101
56	11.537010410222072
57	11.207832965528757
58	12.496498955924324
59	10.053122427413347
60	13.301906764403329
61	11.268086242389897
62	12.226354934100817
63	11.23884853226776
64	12.117560142681969
65	12.97787289762614
66	11.405455465256448
67	12.438578523350316
68	17.40678084464483
69	11.339384981796883
70	12.97972003591547
71	14.080262504130083
72	17.228404944366314
73	14.283412815605269
74	12.743040233798613
75	15.372380071551044
76	11.209516611085851
77	15.345157922138764
78	13.358204819356827
79	14.060820235923154
80	12.229583996761049
81	15.858346248292856
82	13.073213682333405
83	15.101974107382487
84	11.880358174699975
85	14.070082437858126
86	15.750436573126438
87	11.218150992076195
88	14.610953729197297
89	16.604382284376833
90	12.80744831818082
91	15.002211817127064
92	18.163411647681606
93	17.53305057895583
94	12.089764679593971
95	16.798817729795932
96	16.950363497126748
97	13.735771847238924
98	14.27435513954936
99	14.590776858498616
100	12.733841289437045
101	13.051488248646011
102	14.75136369425808
103	15.614632275567262
104	14.277169001980603
105	15.891349605794067
106	12.538296230078434
107	14.060418342639462
108	17.28534437504589
109	9.899210454321372
110	13.080804241184769
111	14.172018574157988
112	13.837158922996027
113	15.612657353362758
114	9.793762032589765
115	12.061040412054872
116	6.817470718386479
117	10.79312386173
118	13.252152917853754
119	13.041909948197102
120	12.947531969612362
121	12.431513163087113
122	12.183300559960209
123	12.369675536335725
124	14.483227619866181
125	12.360703804158135
126	12.706148546349535
127	12.938387921648056
128	14.48778941439236
129	13.999528256060099
130	13.734856038089811
131	16.263709324110618
132	12.874765335048858
133	13.892524825427016
134	14.039606711283488
135	15.30909239703855
136	15.673553744533656
137	13.557795875665136
138	13.500852655363442
139	13.114291885868232
140	14.791497831993269
141	13.940695232973383
142	14.341760396620428
143	16.974957481424052
144	12.738514453086832
145	13.87384273849584
146	12.907059417224872
147	16.031675137793197
148	16.697759643166446
149	13.592164248097195
