0	15.46259277324659
1	5.5955727443308625
2	12.43516980394539
3	14.866271235423264
4	18.503708790121166
5	11.772231708833448
6	15.142372058726364
7	9.513898866828226
8	13.876606852694753
9	13.433108554149157
10	14.729682674145964
11	19.865000622964157
12	13.17603724534469
13	13.839952954136015
14	11.406564061718688
15	9.320108815105355
16	9.921575334191495
17	15.488407350543886
18	11.791933835621387
19	9.344276195965467
20	15.84340318696121
21	17.527586420539194
22	14.764119299917258
23	19.37932946319312
24	20.260748731504016
25	14.724328743905616
26	20.811928607904058
27	16.862652447651097
28	18.462625253655347
29	16.067941450718276
30	18.975752533105364
31	18.411579774500638
32	16.79738554500903
33	20.8595180057337
34	19.391774992601782
35	21.66839364945342
36	22.085667252818705
37	22.086096989502906
38	21.71524271006845
39	19.8415513940667
40	20.677449200668292
41	17.940202220065554
42	19.89198941588992
43	19.41085314333014
44	21.529175922601617
45	20.073001549744717
46	7.084865066721694
47	27.580163117900543
48	15.649218643008387
49	17.973936740088966
50	10.646896246962696
51	17.164273822791838
52	16.131348387101227
53	16.65006489600125
54	12.101236400242259
55	17.20461239280444
56	20.016207098516926
57	13.654336665457553
58	17.870585651099773
59	15.851222032591922
60	15.67496903589669
61	17.86937493294185
62	9.956760210795368
63	19.39554927535852
64	13.097157673707553
65	12.555051323200553
66	14.016723597688262
67	13.924974048746463
68	11.210556267926556
69	12.95551319277033
70	11.065836223432063
71	9.58687327462638
72	12.101466769947294
73	10.030625067918304
74	10.917817773138994
75	12.869971872237263
76	10.082025732866345
77	10.208924089710667
78	12.386779392069547
79	10.227761589447653
80	12.402628842840794
81	9.142950180784554
82	10.941790238554455
83	12.403694927346393
84	13.103032157632388
85	11.138841632636115
86	12.689376747464229
87	12.063847715115317
88	13.42629091987382
89	10.746079611134423
90	12.068117670684321
91	12.726108633686204
92	13.46769101511786
93	12.807872317387218
94	14.09834983976096
95	9.311507930180493
96	14.952328481348342
97	12.128179688081326
98	14.912755388110007
99	14.621964433405966
100	14.463277881250018
101	12.072695489686062
102	11.511001556966386
103	14.487635507503983
104	12.250084930506395
105	9.426548772392586
106	15.690355716488552
107	12.73581296828577
108	15.419355097720151
109	17.106653988440108
110	13.357227966891886
111	13.252576307348152
112	16.249737982664243
113	12.915505901600143
114	6.7021797488551815
115	17.1313166091621
116	12.872686345209186
117	18.563028666682662
118	18.289664880585022
119	12.138272009893186
120	15.501173340588236
121	12.778453636121776
122	17.978155541570732
123	17.831216648526837
124	13.423334769587314
125	18.25170657848244
126	18.875283156337677
127	14.779329473220875
128	18.738297681821162
129	16.985692484601405
130	14.029238836121715
131	18.55369876450158
132	15.509242712918496
133	21.698983757337153
134	19.367524742973657
135	19.493165303037312
136	16.00366962579264
137	21.944788814415016
138	23.480615580129133
139	15.389872452562273
140	20.53295020686352
141	22.36727987824112
142	24.295776344816527
143	20.603289253582965
144	14.172308471976281
145	24.310815816524723
146	20.84130653708805
147	22.28157791436836
148	21.29991582831645
149	20.059172065733406
