0	15.8415396170349
1	17.96834097840456
2	19.628260705067063
3	19.375058566778748
4	16.49664877601576
5	15.505631337368765
6	21.06119851908429
7	19.29072100520741
8	17.914812556650297
9	11.929783256886358
10	21.515000746978735
11	23.697468642756142
12	15.953942625953923
13	13.44111990040705
14	16.46530708846314
15	17.35012229923578
16	19.47012321659626
17	11.833013201343862
18	17.352794916081038
19	15.830604508849678
20	17.017370840999682
21	21.30800632524905
22	7.653327869471074
23	18.19275399487412
24	21.364531877848048
25	20.057909281734894
26	9.566939904838046
27	16.76075498310133
28	19.184500868904287
29	23.43219714457029
30	18.36283100811734
31	8.748525808789669
32	17.734087834593655
33	17.220889837859243
34	13.556670594455985
35	15.916150656249409
36	15.626137700290657
37	15.510923477042168
38	25.13596548514835
39	9.174986299351785
40	20.55478942675703
41	17.228364507710577
42	7.885403565944399
43	27.374567830043105
44	13.174400652778942
45	12.029499570214908
46	15.506374457317603
47	16.799879166497444
48	12.746012648946312
49	16.042799721169036
50	18.920000930228916
51	5.697389392102918
52	23.913570209255653
53	13.100096442877197
54	15.242372383943383
55	12.458433785730106
56	14.52426408651185
57	11.66861272333345
58	12.544073145377917
59	11.1944203463443
60	12.32151103887955
61	13.85706798952873
62	18.364248304922413
63	14.183476198501872
64	10.857883397530692
65	15.235955104287916
66	10.607337380244413
67	14.613621471679188
68	9.013998039716954
69	8.82085533311169
70	8.073825316218933
71	14.146400202551412
72	5.206712677820642
73	9.927674620135306
74	13.978921175042615
75	9.616014588823054
76	14.777324675240814
77	9.59512101265931
78	14.989075954115993
79	11.110187134014032
80	7.924567555764903
81	16.002170253563946
82	13.46771303475599
83	11.45045984943553
84	16.34801040133461
85	10.907766596013103
86	15.535567686575458
87	12.006580045933783
88	8.261219071879474
89	11.505617153597486
90	16.168524879199087
91	15.031060585106923
92	11.107259711318433
93	12.092740061448007
94	9.929344292535886
95	12.961587722710046
96	11.982926699854707
97	13.609654334790195
98	17.390460340377278
99	10.412924695540507
100	12.40842901850517
101	10.574878329516213
102	14.737196841171022
103	11.110187134014032
104	14.483065740368634
105	13.32963030575023
106	15.247481121996076
107	4.0168068922156905
108	19.832614305730786
109	8.162519117306676
110	13.694835390047105
111	12.238576589463566
112	10.576461965946054
113	18.77002940608495
114	8.434444654808114
115	8.813439320525339
116	10.435374714059252
117	11.782897502060791
118	12.628293668282721
119	11.785123452568586
120	11.784455739821958
121	12.965526821676082
122	7.061454152983345
123	12.62841323933137
124	13.977721698743776
125	10.29263145118814
126	12.628532812767657
127	10.240139050990066
128	11.447220003191278
129	13.808779503070184
130	15.832729420949267
131	12.62817320732717
132	15.495976433748824
133	13.808648151214811
134	10.266409943201808
135	14.48486308723098
136	14.344243129283448
137	16.135548084354454
138	14.014736578966378
139	14.819980493701548
140	9.567740096972114
141	10.77191929571448
142	12.966019501004356
143	15.367175237918055
144	10.266697906884795
145	14.781691655778769
146	16.67657775966589
147	15.833185240627731
148	10.940479143014345
149	14.821822623526094
