0	12.435956076505505
1	14.05739453481845
2	12.422145933863382
3	13.57916418448525
4	13.176151075735033
5	14.477588988316693
6	13.956712862387796
7	9.39869597746845
8	11.46992597217701
9	12.834126684828302
10	10.106821746740026
11	10.136858995464404
12	9.938910236265
13	12.7587984728543
14	7.725413951183503
15	10.991408342170098
16	10.527908117779713
17	12.14550358214667
18	10.39807596442247
19	8.683039768498904
20	11.392724649739334
21	7.752738873775272
22	9.308329245345021
23	9.031634541422523
24	14.9990230408224
25	10.239022725152125
26	13.950733766187852
27	12.146306981002311
28	13.079411030232464
29	11.830249246101364
30	12.958242966815595
31	12.232079057896845
32	12.48077798704847
33	12.894608372450579
34	13.370136658875563
35	14.429825269845677
36	11.971900137580272
37	12.165827080431065
38	14.13033823769743
39	13.653779516772136
40	15.56215021090155
41	13.186412162278726
42	14.688747377333799
43	13.23020958528785
44	14.085097293509005
45	12.562459786327821
46	13.184659265309508
47	13.465637854531092
48	13.1887094092983
49	13.021969577880608
50	4.368694784853461
51	15.219515041248034
52	14.167155347427572
53	9.375437254681072
54	13.132241942128365
55	13.914368424812169
56	13.205072317262184
57	13.665643413911205
58	13.306123873685658
59	13.214778287172065
60	14.30957072862191
61	14.65163428878231
62	14.26001199257061
63	14.608925450560596
64	14.865114441103806
65	15.43682177573982
66	14.863835938692464
67	12.145618224327244
68	10.773446572028993
69	8.313964867888213
70	13.098207120751345
71	13.566184906432186
72	10.006547673723063
73	12.177283310306814
74	10.480462126556526
75	11.12631756931189
76	12.259679101424545
77	11.023650082276568
78	11.005703710966598
79	12.553512576601014
80	13.09307143135684
81	11.396276754919699
82	13.401102264584267
83	13.645249472180598
84	13.305617704976672
85	12.536398853744675
86	14.080105893793787
87	13.001401876568169
88	12.182596994423074
89	16.768119872966324
90	13.874137895241383
91	13.178032943767287
92	14.001723038675099
93	14.353589108903975
94	12.26095755972612
95	14.293619198291514
96	13.744008136952758
97	13.169631074543718
98	14.094336551201781
99	13.957379075102068
100	12.707882556618745
101	11.644377441001819
102	13.270228793635757
103	13.00214382038127
104	10.658632366616413
105	17.12567844026439
106	12.53141405313536
107	13.476941985970923
108	13.5773560215624
109	13.737059372742955
110	8.53115649813635
111	10.180646966537388
112	0.7177797284481638
113	5.7965265039185105
114	7.056517394727798
115	8.052410604375083
116	5.926697863818919
117	6.337167370458685
118	6.729974875598954
119	4.894336422669712
120	6.608428659369569
121	6.66432618201511
122	5.402847747346026
123	6.321179277033398
124	5.839726566662462
125	8.096930981997964
126	6.273676916750542
127	9.424106427376321
128	8.24960717338882
129	9.420227939349719
130	7.142307401678783
131	7.300070155152467
132	7.489373044409378
133	7.226948647372064
134	7.230643263947334
135	8.097229698413598
136	9.486036256991522
137	7.334109253994681
138	7.730225000532942
139	9.746205830200395
140	7.330212828619846
141	9.121203998412598
142	6.187755224607066
143	8.530366662350987
144	8.27025245185862
145	8.161347247413211
146	7.340765588878927
147	8.096856445687687
148	7.836850558404681
149	10.918679623181651
