0	3.0432549316194972
1	4.967467778665695
2	3.1688677627608337
3	6.252088511965367
4	4.969515399087954
5	7.293874414377271
6	4.511313876875463
7	8.11065099768869
8	2.4693764363863586
9	8.496851494053049
10	3.8154323521112667
11	6.829194499449619
12	4.072208134609298
13	5.739113793575475
14	5.752173938730209
15	8.091052544254367
16	4.969951594699227
17	7.341740544958179
18	7.213328048890666
19	5.1621894136599105
20	6.315684040332359
21	8.067575203769481
22	5.479517854712561
23	7.902661463038308
24	7.533507914162644
25	4.392850869964756
26	8.171881260498697
27	7.857931370686737
28	4.712815333686056
29	7.15020367273039
30	9.226436410235642
31	8.918911049031017
32	6.907789582556368
33	6.366261865011777
34	9.09528750718605
35	7.515486872621989
36	8.815794044871268
37	9.842656232976937
38	4.905154559111601
39	9.072124591451859
40	10.162835939733515
41	10.121267719296535
42	9.011297823852724
43	6.95468665050768
44	9.563286308490794
45	7.533992259694531
46	8.646464331896167
47	11.440371963097178
48	10.203441020218756
49	6.650030433491525
50	12.250517106498123
51	11.123954770246577
52	7.277366682336616
53	9.84256405281496
54	9.865982489528077
55	9.177971433185153
56	8.709858276709248
57	10.200188584886254
58	11.799481882971893
59	10.06949567483104
60	11.8927818871225
61	12.919182719499315
62	10.73870846204334
63	13.688736967108898
64	14.108894509318048
65	10.839399769967498
66	10.830301328327263
67	13.240858315881322
68	9.432836612113817
69	8.559934525171263
70	12.368669595940348
71	13.494090610779049
72	10.205547048761485
73	10.22579144048094
74	12.180551455444228
75	14.390354125246366
76	13.880400641431942
77	14.551271078137795
78	11.572810347262502
79	11.41105469746426
80	12.911924515968078
81	14.745512966042696
82	13.687952578848192
83	9.970412739537135
84	16.63743269899559
85	10.546698904037584
86	14.648968810906402
87	13.688345248414661
88	15.483641544854775
89	13.751269633458305
90	8.752178432132801
91	12.918936025522596
92	11.828004363537328
93	16.169537709999194
94	10.678029072392443
95	13.939841819046274
96	14.738043038872519
97	9.136824981735865
98	18.03108075484989
99	14.930247424103278
100	13.623977307920239
101	12.791454573203156
102	14.585285766138783
103	11.345258516643707
104	18.51232875551419
105	19.263985629107584
106	11.060266392446097
107	23.62494857200814
108	20.537903090384066
109	18.047629287152443
110	19.784657381169076
111	20.22977173024879
112	22.789559812371653
113	13.56064915315101
114	21.30907948379835
115	22.14962306340769
116	19.82356649203848
117	22.692047893653662
118	20.108568431538117
119	20.36129756128484
120	18.419093516677503
121	20.608913098948854
122	22.015634490475225
123	17.604487355770967
124	20.035143887155975
125	21.834838868112065
126	22.788883776089417
127	14.136688932409609
128	21.254017258530755
129	19.156118814808313
130	28.49879936159862
131	15.605709974980204
132	23.37616720905172
133	12.76039409363566
134	15.610958620005754
135	17.104769310819417
136	19.570822089483865
137	19.21672813273589
138	17.910418035494384
139	17.350652995370424
140	20.1531909749317
141	18.64289631136667
142	12.786705056580443
143	19.960722861919848
144	12.339280123764844
145	15.550588522526557
146	12.565527765090543
147	14.751675527275987
148	13.523585859206769
149	13.973638664594171
