0	11.609534146162078
1	14.722322783051409
2	12.590845421987797
3	11.849593221931846
4	11.92140351282438
5	14.651637796583605
6	14.715718388650064
7	10.322467314448447
8	12.450107803104498
9	13.52346775176069
10	7.697581309128113
11	14.362655129911127
12	9.823605228311731
13	9.891963429961722
14	9.041328710946777
15	10.34017924292055
16	11.619256513829043
17	10.792044821306188
18	9.22021380113511
19	9.754913647668037
20	11.70159169895932
21	10.922894536060294
22	11.623504231699256
23	11.733457245532689
24	12.033216730373557
25	13.787589910588503
26	13.306268443518526
27	13.110864878403289
28	11.028901414939236
29	12.212111177579674
30	14.225976112795127
31	13.255085486161043
32	12.89341538523622
33	12.993266076175221
34	15.397692633984299
35	12.577897985869237
36	11.370343236119346
37	11.653764177585591
38	14.318701663149255
39	13.654018882223767
40	13.081727114839184
41	14.325917400120773
42	12.477900010519827
43	14.019674389249673
44	14.282756331018968
45	15.711101649017593
46	14.405644975412567
47	14.069509723042502
48	15.217317002603565
49	9.867181688530623
50	16.33023743864442
51	14.065461759049148
52	15.534955399518104
53	15.265524818020065
54	13.833416811472244
55	11.6810012792265
56	17.698997754612304
57	15.790129733370401
58	12.98690322368937
59	13.560225356622528
60	14.778110962939243
61	18.804562582103497
62	12.04424163733474
63	13.525795204359847
64	14.460574570536624
65	13.609748941130869
66	14.460408169930238
67	14.907976560419987
68	11.54872954903967
69	15.625565179693583
70	15.136560612258805
71	10.822861819042012
72	14.858618693365718
73	17.5051258899967
74	14.190845125012212
75	17.808548251815253
76	10.878613282370507
77	13.83773456564285
78	14.188339954936245
79	17.991020240614684
80	14.1068005389843
81	16.61064437716073
82	17.50741193843223
83	17.470370722948598
84	6.558561135060238
85	19.34609165636057
86	13.43276032989327
87	12.310723512359965
88	8.750316986272946
89	12.252193076959227
90	8.817082947303229
91	12.905034610021689
92	10.549876354491763
93	12.038064748664858
94	11.730492715135226
95	10.866277263004333
96	15.05534148508894
97	12.799024860302668
98	14.33066885902195
99	12.859886690223174
100	16.607791269433008
101	14.640659595502965
102	12.274210970640002
103	8.819905370263228
104	12.20832025988985
105	9.844180615423676
106	10.1637675664807
107	10.429943321312091
108	8.974191175572258
109	11.848703897627324
110	10.339892194748998
111	12.769841764950241
112	5.412328571892959
113	11.403136506630524
114	13.349800353323921
115	15.939228149334102
116	15.713493779803786
117	14.269184822253774
118	15.400895207617232
119	14.907269105918822
120	13.176988373083454
121	13.296372180980812
122	14.364170666276864
123	14.819610741961204
124	12.798181787439068
125	14.605755358827912
126	17.463507291012125
127	12.501058513610948
128	14.371382720813505
129	18.225789037702125
130	16.520207860957992
131	14.096791795983966
132	18.625601931597554
133	14.921880310642628
134	16.557340047350838
135	17.511156458584473
136	15.534955399518104
137	17.145875221363656
138	17.89480790713573
139	16.52777762776857
140	18.134646962291473
141	15.311179698102363
142	20.10517763648977
143	14.694968707712698
144	17.23840309492176
145	16.52036524562523
146	18.99143636817067
147	18.39442483101976
148	17.550244525190607
149	17.998776416373694
