0	8.985342857389178
1	6.85577959856301
2	7.908646860700271
3	11.071743910023256
4	8.41511984228917
5	9.116466649438038
6	10.798751209434213
7	11.594369021015167
8	8.417744475541205
9	9.248511897233918
10	8.98703312709633
11	11.814738592429766
12	8.587226982868136
13	6.596147583124459
14	8.284337027438403
15	9.356540799809444
16	8.436091141820024
17	8.785563115701224
18	11.36872010859003
19	11.553729110097004
20	14.02732352313838
21	9.684336921835008
22	7.843617036105955
23	10.281082467318011
24	11.557259267951846
25	9.117651560128053
26	9.977934016535208
27	9.52361952954969
28	10.254159297949636
29	11.82222239072893
30	10.8638690392735
31	6.860725011410859
32	10.932258214032446
33	8.306404591559545
34	11.03732915203732
35	7.913784018852505
36	11.222320308113597
37	7.836815300172675
38	7.917986392966544
39	8.873696961537462
40	8.58936880453291
41	6.463443174186622
42	6.8565823388439995
43	8.039771407859279
44	13.698486851228349
45	15.156373600366125
46	5.933840212465414
47	7.910744186923793
48	9.026333839708045
49	11.52979278269097
50	8.37487440954136
51	10.0486644423195
52	6.212249458972214
53	8.024198382786068
54	5.017372408109136
55	10.804116642965894
56	10.434419977350053
57	8.042496094375833
58	7.102985778996295
59	8.633924785957023
60	11.790122810749082
61	6.742498047098839
62	7.64336319805779
63	12.880839197538931
64	12.77157506292237
65	10.79672839274561
66	9.23478142074167
67	11.486831473953165
68	10.255019298813554
69	11.487806840603028
70	9.616352344835965
71	8.81363721258796
72	11.22411776262713
73	9.990551168706217
74	12.246050996674127
75	16.11087562995405
76	11.432921225737058
77	8.72205569462634
78	12.086862300227736
79	16.238578288111615
80	7.7799952369598415
81	9.745734865012343
82	9.486557889887717
83	8.418517307009042
84	12.679581448201066
85	12.25044811944793
86	9.22237657318608
87	5.8069709879147275
88	11.596662144924274
89	16.78278631144938
90	14.741198891469345
91	16.09671562500101
92	8.061921796922901
93	15.325528280450595
94	11.245962089758203
95	15.803192590574493
96	21.065135751345988
97	20.399061509824403
98	20.32899860618794
99	25.072087418110485
100	25.5351159147837
101	20.151993846891955
102	21.646143529535077
103	23.69642557453823
104	28.886225918923223
105	25.597887845742626
106	21.767874916151158
107	31.26876681371723
108	17.183165434779855
109	24.283617662428775
110	21.90948520941992
111	20.801358964485
112	12.966196272652262
113	20.948910413689543
114	15.426555916349825
115	6.002643126823509
116	10.936053161000306
117	16.897010529828133
118	15.168234424575019
119	17.632686250182527
120	12.933490001143365
121	15.210117555112632
122	18.085444234406054
123	16.742953586765918
124	18.284331533971432
125	15.168234424575019
126	15.844302526690273
127	14.938224495831863
128	19.235810119404093
129	20.00925108244098
130	18.820275234301768
131	15.036372138248312
132	19.065917539657747
133	12.741424136819084
134	19.62285240965656
135	16.980930591808914
136	16.901613981759212
137	17.773154431664
138	17.1977095483625
139	18.792647729911813
140	14.241448014744382
141	18.387856346348066
142	20.520550985909285
143	18.25543471398553
144	17.74854037783228
145	14.223134612939631
146	19.045663991578436
147	20.393638360223026
148	18.825434065483115
149	16.77731297902105
