0	12.599072467783767
1	8.551862551104538
2	7.823313699072834
3	9.936119813432544
4	15.579097912990305
5	10.781986344333086
6	13.263563018576876
7	13.718925150118025
8	11.759912362678376
9	12.912434379180512
10	11.72746925297126
11	15.401362192369678
12	9.937691211508382
13	15.679260064372732
14	11.930333440093179
15	10.890072727509773
16	15.959974391432699
17	14.139496797569388
18	16.801284786518373
19	10.078033166809291
20	9.960208619913294
21	13.01531843527778
22	14.529929606342842
23	12.739376872901142
24	18.664372138254542
25	12.4438517385428
26	7.269445721935958
27	10.497147501298763
28	6.016485058054447
29	6.295734034486412
30	8.536383493099555
31	8.557614011809504
32	7.120613111630591
33	8.97341487187579
34	6.159017514605679
35	8.658194166887633
36	10.077282286203587
37	6.1563392762644105
38	8.677308946877076
39	13.57977161364953
40	9.376842346258147
41	12.599192217606785
42	11.058483908786096
43	12.458657105788395
44	13.471907952485722
45	13.295103246987244
46	12.712453893584165
47	9.517951801858406
48	14.279013446764367
49	16.00268427388918
50	10.07606253619681
51	15.502485103788937
52	9.936951582491641
53	7.137196073235363
54	9.120672326787936
55	16.199155444390545
56	11.757588318614783
57	15.562401838501215
58	10.762245038272331
59	16.382342845514923
60	11.897637298316562
61	9.686166376967751
62	9.908389016648716
63	11.759248603821085
64	14.5603705902494
65	14.98171551624289
66	6.435497384262978
67	13.858849698581167
68	16.801284786518373
69	11.89853381833685
70	12.458892022846909
71	16.941188360646915
72	14.979715287991443
73	15.585070364382377
74	17.771498423198008
75	15.643830335710996
76	18.762025452889556
77	14.444643986018265
78	18.913203570813206
79	14.386071591626829
80	17.265065783068042
81	18.293957649439648
82	14.989006877260186
83	9.932517668629686
84	12.48719614393937
85	15.545593736431456
86	14.80100295421384
87	14.559400495170449
88	14.839372997683087
89	14.560509038740701
90	9.657570839104313
91	8.957848684416803
92	11.478137923393493
93	16.002224494745338
94	13.29459925689833
95	14.38743742269723
96	11.618959630354654
97	12.350536789621051
98	17.593513732635536
99	14.420578527255156
100	12.87932100102873
101	18.901724911310556
102	19.796346114108456
103	18.56993936390731
104	20.350302636184452
105	16.80676290236509
106	21.372791142218183
107	16.514191494386182
108	13.85937642516532
109	11.479108611880658
110	11.083106785517726
111	13.128982170934915
112	10.91831667310947
113	16.708303273072286
114	18.010962688508844
115	4.485543978855282
116	22.484926244426855
117	23.66381878539238
118	20.349514291782835
119	11.591387495289203
120	10.807077008558366
121	11.728239067637421
122	21.339341379925738
123	16.336971420009426
124	12.206399067230672
125	10.055563769336278
126	9.377623861324697
127	8.811933027614925
128	20.73555247438977
129	6.4350957642960855
130	28.933357309570702
131	19.407514605148737
132	17.221647173011313
133	18.901724911310556
134	17.257758885025993
135	13.549687694405113
136	18.202818053359298
137	18.798598066761148
138	22.776633759954052
139	10.077657711485516
140	18.532380272054358
141	21.50587074177241
142	17.219994697628966
143	7.716039486035247
144	8.534658536211362
145	13.163689285088305
146	24.159769295949364
147	17.500941266418195
148	21.05885631665744
149	11.867805284185787
