0	13.961061058416401
1	12.874632176384148
2	12.264792570499385
3	13.064922225580036
4	13.652474832314788
5	11.8799211067454
6	10.346324756579445
7	14.655982394054456
8	13.212807564587061
9	14.841959464716066
10	13.209735373228023
11	8.67276059173303
12	13.382598732581064
13	14.396826384225271
14	12.422178518700328
15	12.093579400884016
16	13.129370129523407
17	13.7133908339235
18	14.848232461892584
19	14.286550413731154
20	11.51941993055974
21	11.403733907188144
22	15.03552850686685
23	15.035961122168699
24	11.292516907305437
25	14.215671346355183
26	7.199568473509886
27	13.079977740060157
28	10.173737063671773
29	5.74567410996615
30	9.778726978871005
31	10.73620463297072
32	10.706093473015585
33	12.855428956278265
34	11.549879249820734
35	13.51758532585004
36	11.435614595078775
37	11.598327460864768
38	11.044332979592983
39	12.296615660612694
40	12.242664984004072
41	14.095788870849669
42	12.129544858864167
43	13.826807792498892
44	10.397385936079795
45	12.968137829025467
46	12.432460244061641
47	12.396516397918832
48	13.371277884585185
49	13.441022590875797
50	13.532067413555648
51	9.475923846185294
52	14.28134695792424
53	13.703423566788928
54	9.200809866866106
55	11.096520885002633
56	10.789914152566762
57	12.802611500157562
58	12.88862795273754
59	13.856706005453836
60	15.287114626142683
61	13.639033690028583
62	15.621017848007623
63	10.933251366097707
64	13.527150349819541
65	12.828327104698767
66	9.725638999822653
67	13.713653079502746
68	12.021405817769258
69	10.985287415308738
70	11.291981944052761
71	12.57868796028279
72	13.524693218973262
73	13.9470264033579
74	16.6912591229256
75	11.286125828844158
76	15.255511211286152
77	13.111707737027483
78	13.662658969786746
79	14.470305052002594
80	11.842452880683402
81	12.911522595933892
82	15.320991500496143
83	15.575334943609748
84	12.264598856652196
85	14.120549782102039
86	14.340247797934552
87	8.170100250814293
88	14.2528623959784
89	9.333034566601555
90	12.439172842205712
91	14.73612800046626
92	14.159555018841406
93	10.52521430586567
94	12.726462551203547
95	14.120753710018448
96	14.475107897157
97	14.141657004005012
98	12.88506199792564
99	15.007301883024194
100	11.965948177549071
101	14.522556431513417
102	11.321595999752738
103	14.02990504086963
104	12.320901315310252
105	15.316230848330475
106	14.655277342542863
107	10.951512824147544
108	16.652879736207368
109	10.397859182338273
110	12.298101102335936
111	13.923010140515913
112	11.569385827700398
113	4.159944277950162
114	12.744757464812734
115	16.05882074199626
116	10.39649573329161
117	12.878596753591157
118	15.42695269013621
119	15.091693453609736
120	15.379664318283705
121	15.398126374718503
122	14.694916098248767
123	8.984114244238054
124	14.30955885745584
125	12.158290611960059
126	15.59593273170935
127	9.279701595057285
128	14.693084527559657
129	15.49786369747825
130	15.874271299107997
131	15.546509376705936
132	14.957460789204687
133	13.700679191994375
134	9.304899177333994
135	11.150770357253826
136	13.014447734916608
137	9.986130156315344
138	12.15794418500655
139	12.694710695804574
140	12.30630125509787
141	13.637599014241994
142	12.209637106233622
143	13.346135250475443
144	14.114801108096893
145	14.210450420055132
146	14.578140477094168
147	9.136830034188401
148	14.047919382452005
149	14.111197431932673
