0	13.786523335432346
1	8.602276393504551
2	8.037375785071957
3	14.094034803716564
4	14.341501623148854
5	10.649127649105674
6	12.287411536861649
7	14.340135442398182
8	15.703736650784455
9	14.066665913211722
10	15.023424868313658
11	7.916650356172066
12	6.692546470460984
13	12.146841596463362
14	9.421114871126377
15	11.46990360947544
16	8.055106635716117
17	12.016677578801547
18	13.519376107592079
19	13.758024001052254
20	11.634417949403625
21	12.427021566008557
22	5.596025409062609
23	9.694092351931024
24	10.650323480189915
25	10.891315987538984
26	9.997805621364888
27	11.889621017544965
28	13.507189194755794
29	11.871921472177705
30	15.165533361450354
31	11.05684269192893
32	11.609981338649765
33	14.064256342762498
34	16.386316707247698
35	10.513548395439189
36	13.11060503138201
37	18.433358998963623
38	16.121039306948813
39	15.027156143228087
40	16.23527494215988
41	10.515318763062234
42	12.696961357427613
43	15.295024012328902
44	14.202587639832569
45	17.981111417292276
46	13.967410513505115
47	16.792016156030744
48	21.716987732634127
49	12.693238580899695
50	18.166001045959952
51	9.693911699686163
52	13.653758438802793
53	12.943832955240774
54	9.71523423479804
55	13.896889848056196
56	10.81070907684811
57	15.422617942935013
58	16.8052353930987
59	18.1625042528164
60	18.98290812216691
61	8.035761358395382
62	1.2265329033335266
63	17.661349565351863
64	9.963716151234765
65	13.518220554969124
66	11.335135126749318
67	12.68951721618908
68	14.485573037680144
69	16.658030686401386
70	12.971302058106671
71	11.879308467952793
72	14.338769534863971
73	9.557871534793463
74	7.9188938742176616
75	8.871687288496753
76	7.509149459073715
77	9.697157827961007
78	10.759988947191149
79	10.808272754448762
80	9.28935721061363
81	4.914058909039459
82	6.825873027667318
83	7.23185867160085
84	7.924326993469814
85	4.776618703216709
86	8.192582410280858
87	8.874718120277041
88	7.084546142891287
89	9.831491997754068
90	9.440387621850888
91	9.011378668105198
92	7.099469135010547
93	7.986024924342772
94	8.26895451232552
95	7.645382704473065
96	8.598554548354608
97	6.145794039484727
98	6.962572206903811
99	9.007381841080619
100	9.699142798954165
101	8.326344096241854
102	11.035310700882315
103	10.67641405128746
104	12.835461872962687
105	8.311010077575345
106	10.262339426152856
107	10.925939784052641
108	11.33172595914773
109	11.742179439630121
110	11.60703080255942
111	6.963514579387644
112	8.872424344470481
113	13.65752121795512
114	4.9135933420707865
115	10.37706919888194
116	9.55867065108412
117	7.508398020798856
118	9.967894138055705
119	9.287720929536468
120	5.594453079434341
121	12.394803607736666
122	8.075591428778347
123	8.328408637147984
124	7.919762323475267
125	8.737335138046774
126	6.41603868880413
127	7.372634805719878
128	5.596861221502713
129	7.099276387339693
130	7.78387485143447
131	8.599899979900677
132	4.913762713325751
133	8.175192461324418
134	9.306879950089934
135	8.323364327935383
136	11.063174975064312
137	6.686717167323483
138	11.207060481124472
139	9.553434691424183
140	9.968916380299955
141	11.058814708383666
142	10.777511786375507
143	11.889172141892391
144	8.875127814655986
145	11.196428431695992
146	12.291823058283349
147	12.694559186607183
148	12.562901188247633
149	14.74951471514082
