0	13.81265786071514
1	13.180834477679328
2	14.486647148710437
3	15.605802441252537
4	17.57009483830723
5	16.352693769447416
6	17.131107846455723
7	16.581002360819323
8	20.334836832771902
9	17.96002342298431
10	19.67679001205317
11	15.59917128220536
12	17.893310606734058
13	16.92938195504244
14	13.893979130235051
15	17.542671618903395
16	15.833228079842922
17	15.822642576917284
18	18.763128966130573
19	26.807292562956874
20	24.19155924780971
21	15.07839766551154
22	23.428029912084252
23	22.250758688971406
24	16.22834807976643
25	17.130114675309997
26	18.303187035214407
27	19.84039707719253
28	18.152115749919194
29	20.036285095046694
30	18.231160460794676
31	18.168927681673292
32	20.211851864336882
33	17.93602591699846
34	22.600544058515194
35	22.657057467884634
36	17.915204201646073
37	21.05759283640266
38	21.873517667601014
39	23.065454760932045
40	16.753579318914255
41	15.454909431219702
42	15.23264052296767
43	19.98289125704357
44	16.225994489272676
45	20.530506266147047
46	16.69161593530695
47	18.68697664759672
48	19.865276012914244
49	19.575790260843082
50	22.50020083971949
51	20.812774498019305
52	19.463612425698027
53	17.72988693118748
54	14.410401356342593
55	18.595351388852624
56	21.02316861228618
57	18.738448151682633
58	19.492269325081637
59	21.937497554387477
60	19.007573470861846
61	25.303691095001817
62	21.05164047872525
63	18.377151636430206
64	21.093268855770567
65	19.360040723942173
66	15.494064346360473
67	13.576293368342695
68	7.419616852555292
69	26.474498054158882
70	13.887805121883497
71	15.149421566268215
72	10.93600954159738
73	10.004601986411336
74	10.508197188754279
75	11.266660596380994
76	8.404567640217847
77	9.564363089235618
78	8.440694879893195
79	11.07630183346502
80	11.352563472644283
81	10.05909715718889
82	8.403465412064607
83	8.200628942632395
84	9.683451770484533
85	8.328770697130143
86	10.56334225678109
87	5.945386233002293
88	9.055097695699516
89	10.383768470149338
90	8.493256804121373
91	9.773278402627952
92	7.5448107519225545
93	10.244119740803004
94	9.881402541086672
95	11.655084060587308
96	11.98538693824652
97	11.450855206569532
98	9.252245255288216
99	9.842014710614597
100	9.817378535749407
101	10.630357512149269
102	9.261734356193923
103	11.242944912472455
104	10.502227744264715
105	12.055111299968662
106	10.674918360874914
107	10.943770905042001
108	10.912202951303176
109	10.781881275325006
110	9.113613463019563
111	11.236872396916072
112	10.241988669190915
113	11.306169358929845
114	10.316009016367444
115	5.6419258760849385
116	0.6060939785568067
117	6.2053319054047025
118	8.651632428083174
119	8.403308227449045
120	6.238834652279518
121	8.25523588652793
122	9.52190923181384
123	5.121516834737703
124	8.496641669536846
125	7.490248527535955
126	6.276942499271639
127	8.933849986963143
128	3.8167950530319508
129	5.596721755559871
130	5.6976186725636415
131	7.016050117797895
132	3.9651697215396413
133	6.575110816223385
134	7.619846770012821
135	5.756866038315867
136	7.002282022265692
137	7.6396076785641736
138	6.893251142758486
139	3.2988521750376205
140	7.02532646171948
141	8.525200683994923
142	5.996781496546812
143	8.065730933260332
144	7.775887034970074
145	8.08844819783043
146	8.021093746864828
147	6.72483370900626
148	6.704253086869934
149	7.7868679278467035
