0	11.256208434378859
1	13.03879801538358
2	9.159704893460143
3	11.435321806742584
4	13.074446828649789
5	11.944071440155321
6	15.000240751689228
7	10.239513611233939
8	13.085206742362137
9	11.933899340304722
10	11.114972651515007
11	12.614221752962504
12	10.04811727574691
13	13.357066430977248
14	9.61272129926379
15	11.436296693929789
16	9.858395413256835
17	11.856623405432458
18	10.550263316343361
19	11.757594240600188
20	10.711537683412907
21	11.966854647303178
22	14.087963732227044
23	12.534666402647813
24	12.267103895039893
25	10.898718512764887
26	16.261827417406625
27	13.505358208302374
28	12.074622174532568
29	13.982151662287196
30	7.896676788098255
31	11.64946674642696
32	11.144171681286421
33	8.19668707842258
34	11.358301340364724
35	10.443709579046555
36	11.544638591569111
37	10.682637705672226
38	9.957461197643864
39	9.376740555752004
40	11.448550996761409
41	13.492179911257233
42	12.182168507034936
43	13.256600492035044
44	12.267220071775284
45	14.011452970074524
46	13.04464220995417
47	13.50781683681212
48	12.375394056337141
49	13.439350475126309
50	12.63997624243153
51	11.114342223158543
52	9.852085363497553
53	8.519072310577208
54	12.001715006981062
55	10.444396868462992
56	10.362645954103535
57	11.221588011704538
58	12.18587331930243
59	12.615062859676367
60	7.896749594744812
61	11.542996919291765
62	14.760982775084694
63	13.724060196822018
64	13.009286856465481
65	12.614702243115827
66	14.54662610477707
67	11.328619652332907
68	11.035679948523308
69	12.47494174823622
70	8.860364117855447
71	2.213150959011527
72	8.218401281147404
73	9.719964946330606
74	10.25560359036051
75	10.041318306670913
76	12.206408709034655
77	11.524542097702328
78	13.472719805263711
79	8.754201326073533
80	12.002629492133908
81	11.83518719774279
82	12.752185019064486
83	10.874072105974255
84	11.147660873962197
85	14.073447436764699
86	12.187147908617257
87	12.185526458654136
88	13.073071368180628
89	14.294749847145045
90	11.117811690711596
91	13.795355234524195
92	15.635350337358007
93	14.635632318795077
94	14.761265472957456
95	13.508981422212656
96	12.378213518530012
97	14.103994367988685
98	14.86751653873163
99	17.763581113010307
100	10.687981197414787
101	12.71951576873253
102	11.864612202371077
103	12.937150308089128
104	13.493341675681503
105	12.167950952137394
106	11.677146959470361
107	13.977480185044378
108	13.066451613564677
109	11.094514956452702
110	15.015255300552553
111	10.87028307736933
112	1.5694863885668493
113	9.933705689995728
114	14.04425235808573
115	15.514401308193294
116	14.507138978043079
117	11.328619652332907
118	14.97979100137153
119	16.255878834188575
120	12.185642076561718
121	16.305005492134367
122	14.006493453925794
123	10.146267786017841
124	12.694615716758326
125	11.435971443018403
126	13.686933000939048
127	6.824697462799505
128	13.366376363341324
129	8.666798318021272
130	11.302728580651337
131	9.39753035986097
132	13.687717662982914
133	8.540284828595588
134	11.649798378249352
135	9.184003691063397
136	9.719509234688456
137	7.467985412594668
138	6.931376971789321
139	7.145332282990019
140	5.978691001538672
141	7.256421113838987
142	7.984287353487592
143	3.505578127596229
144	10.022481910280936
145	5.764282703967942
146	6.5951610612741245
147	5.9665979115337135
148	8.019638811864501
149	6.917425199769132
