0	3.310345103592493
1	5.986614108359728
2	8.011496948316852
3	6.869736200346537
4	7.465711639229381
5	6.564049029848814
6	5.373853908495852
7	13.087685397558328
8	11.877917496741068
9	5.0881582103571255
10	10.379411967760806
11	8.039718559131071
12	4.80384946601793
13	11.556377995028454
14	6.2695322189766545
15	7.447347157525978
16	6.271551574093271
17	11.262341477865693
18	3.3300376812980157
19	11.287785923471963
20	5.667184977564315
21	5.668883711707048
22	11.605948521642004
23	4.498342084677402
24	11.01974827231637
25	7.154836396936938
26	8.627516939231402
27	10.673598865917109
28	3.9157838996222045
29	10.69923577072203
30	10.103484414941128
31	10.37950949222321
32	10.106789520845624
33	3.6202545510916453
34	7.43347022522837
35	10.40205610410669
36	5.678647312279461
37	6.581393224662129
38	8.331631328195174
39	8.927269425671891
40	6.269363830907328
41	5.681659190304126
42	11.255576963455285
43	6.284828236212036
44	10.96386185829797
45	13.353017649827661
46	7.745647586554575
47	4.187464316053665
48	12.224432103616024
49	6.2820101474291885
50	7.139483231930348
51	13.309508829094886
52	8.36319254638449
53	10.423925267025979
54	11.850949926631728
55	14.239974592615447
56	7.754727168310105
57	13.926082332908495
58	6.545046610873005
59	7.488361035104854
60	6.551092764259802
61	12.199513298733036
62	9.173950201037623
63	6.879389788518453
64	5.6673847907053565
65	14.60446482332988
66	9.49207743750109
67	6.579078962681117
68	8.027786189758823
69	10.12164246373618
70	11.291080737688542
71	7.431646657290378
72	18.12508703207052
73	8.588294814132988
74	8.055614856494936
75	10.702249107518018
76	10.696626472293456
77	10.423436112959516
78	17.18986211499872
79	6.860236785958255
80	10.696526285531997
81	26.791900718990075
82	4.805760600998554
83	15.715759462013196
84	18.421972644347942
85	12.135338597579983
86	8.925699020603986
87	12.209815092222758
88	21.21981131969238
89	11.635643372171046
90	11.865928388591042
91	6.8499012796151355
92	39.1214606590082
93	8.906817239636093
94	8.630146067152605
95	6.284997554257946
96	16.259173957675287
97	35.275798070759514
98	9.497805382436784
99	9.240499497442567
100	10.084644280434913
101	8.333855034923866
102	51.109094206264295
103	7.174897830027973
104	11.283111744528474
105	8.025801121483969
106	15.419690139711532
107	20.480923358289008
108	12.44128484880866
109	12.324998811832378
110	11.303416070609332
111	12.119243540417338
112	12.381366444677457
113	15.173442007019514
114	11.488538979170006
115	8.928840427676597
116	23.336800041148816
117	12.848830340409096
118	14.987887235896775
119	2.1412577340244807
120	58.399079050790654
121	20.72566185159821
122	20.140403156074534
123	4.803060638789085
124	1.5448997282179766
125	5.088733742867847
126	12.932312921849283
127	11.173630049836795
128	12.028398723204674
129	15.147110992753849
130	11.485761639251466
131	49.07737332404436
132	15.183386332562295
133	47.80736846908867
134	1.5488491458461466
135	1.2503666095242378
136	3.6129166655355776
137	12.204256997782815
138	16.89000349466271
139	8.923798704951947
140	1.2504077703775462
141	3.3237256912007576
142	2.4329892168812535
143	15.150025302340984
144	15.73125329072776
145	13.73299712350125
146	14.532934547448166
147	68.14218323012334
148	1.5448644579264594
149	2.4371817631777826
