0	11.798168399485535
1	13.073998914612268
2	13.833525576665492
3	11.341774189156304
4	13.236631660598563
5	14.195290372688419
6	13.521403292320947
7	12.92387857241295
8	14.48790322688018
9	15.990034995302425
10	11.440722856286987
11	12.037813107926052
12	13.38386144728958
13	12.872079939780331
14	14.27202407056213
15	14.178034295708605
16	13.586620734012522
17	13.945834509346845
18	10.57449571550974
19	14.202700864589628
20	13.364315746819262
21	14.170901298701972
22	17.03560091991601
23	13.490183661331486
24	14.16119368826155
25	14.916535967291614
26	12.516774600637387
27	9.673707471374708
28	12.12852700668963
29	11.913054744861364
30	12.650994030096918
31	11.073200207987085
32	13.738186940564333
33	11.798279123158471
34	12.514648772192565
35	11.273244097430636
36	14.986807894744908
37	13.869353792580691
38	16.913866764501307
39	12.692108431324742
40	13.909132035631806
41	12.812328138006798
42	10.78509735523021
43	15.018365453177298
44	16.49382375667457
45	12.932174115000228
46	16.76650829401351
47	14.594711987829815
48	17.723871614407848
49	16.85001623044782
50	13.770854938711308
51	13.841544252454966
52	16.038345671036947
53	15.178285647007497
54	12.719065331841696
55	13.623817419080186
56	16.941160720965463
57	16.331456055517915
58	16.806917671208794
59	11.274196153108283
60	15.2082727080418
61	19.38851773797768
62	16.204006507289677
63	14.131579176307762
64	11.106489483658056
65	13.324825498283648
66	10.188687256152997
67	14.430993762372731
68	10.334750897136216
69	14.061360852689997
70	13.948880141260256
71	14.995311548058854
72	14.7031448465479
73	13.965456851023685
74	12.006062338444933
75	13.169487239631586
76	14.423033360014895
77	13.85773575248997
78	14.092473125129851
79	16.680155178393523
80	16.637273093713084
81	15.869547812763543
82	17.013194507357976
83	15.39493884720178
84	12.18957757686109
85	18.060320250427434
86	9.95682329388197
87	12.414274568982668
88	14.338664475563649
89	13.230617673190144
90	9.627923075014378
91	10.367676548118238
92	13.031395148435502
93	12.452197386428352
94	11.359788319743714
95	13.78629346709998
96	11.947604388727905
97	14.698645384793862
98	15.99293104579494
99	14.85843965032059
100	14.955885986931353
101	13.588295283445337
102	13.953516887157418
103	16.287091788884112
104	15.24568767699976
105	15.585496457089652
106	14.542023773534979
107	16.837563069635134
108	14.277439937511437
109	13.289874379817801
110	13.220481102360194
111	15.121090250394289
112	11.893375460693242
113	9.532393736413464
114	10.271654978838697
115	10.072890563945517
116	9.448814991374041
117	10.963274466609635
118	12.069971210859096
119	11.675293380735342
120	11.559764871922155
121	11.560416589727819
122	11.890808921817985
123	13.145181295703848
124	10.45953589842981
125	11.856235643397747
126	12.489774979786864
127	12.931710888305384
128	12.30316553854279
129	11.08356663182651
130	14.66100839553189
131	12.366297833188883
132	10.757860248698034
133	14.303630943635415
134	13.289874379817801
135	13.766153039582887
136	13.647541618392834
137	13.647023897274975
138	11.667186286052587
139	14.442538168510993
140	11.795174740709284
141	13.467624100850772
142	13.469027423790008
143	14.096968376753983
144	14.389647387313005
145	9.740093036052771
146	18.711090441201392
147	8.72340440151513
148	14.005467248394941
149	13.848354301243766
