0	2.495318139552119
1	8.134961472460027
2	14.704871982643178
3	13.231689921794688
4	13.10220807185426
5	16.126079130682278
6	13.637239654353566
7	21.320349211714248
8	17.95737869124489
9	11.79503474348287
10	17.241540287386712
11	14.713217915882174
12	14.975410728098268
13	13.17784642416783
14	13.52273081404043
15	12.17992128731543
16	11.877015161418745
17	17.746070611440725
18	16.208282643709126
19	14.894717472546677
20	15.994331804553905
21	15.901583595795033
22	17.432323884781642
23	18.166844813765806
24	15.1752313417712
25	18.711519324865186
26	20.900327244040017
27	15.24251197014983
28	20.50861952972725
29	14.717516888354014
30	19.472312986937652
31	16.226650387802337
32	18.781557123041477
33	19.694616419096725
34	18.22784802937515
35	13.126834048764609
36	17.57508655191246
37	18.477063170739687
38	20.124141849647458
39	17.50650992175976
40	18.110987356776427
41	18.60226918674839
42	16.613445941456128
43	19.59947541807101
44	19.11097642734959
45	14.96354953413704
46	22.064864092971344
47	18.303606019143626
48	18.6760842778805
49	19.71631183996306
50	17.870936102994833
51	22.21722045780413
52	12.366702084819622
53	17.955474353770274
54	20.058286363047785
55	17.430120192675282
56	14.236927072989523
57	14.900884114432444
58	15.152918441200903
59	14.276191546464267
60	15.736513884354695
61	11.511870786786444
62	11.043893016078215
63	10.92880966966206
64	12.61622185868027
65	13.830539175061284
66	16.85436611207278
67	16.89190426405074
68	16.120832737345154
69	16.336339547532766
70	17.484212626886364
71	17.248198583790682
72	10.950164417538819
73	12.474228208873376
74	15.204897459646103
75	6.387380719465988
76	18.57258285144285
77	12.313755345039857
78	12.779630620806714
79	13.49471988138133
80	14.636494830198284
81	11.696230756484375
82	12.263502964678285
83	12.67577184054237
84	13.35072155409119
85	10.993285656831564
86	8.053198293897772
87	12.903028999152772
88	13.139314994625224
89	11.207758159395578
90	12.847559571095994
91	13.351343672299043
92	13.977648953486776
93	13.861760026569227
94	15.846089550914485
95	13.400968071660028
96	14.489245467472012
97	13.94851409786405
98	14.447714408512327
99	15.122154380727475
100	15.130875008927081
101	6.44795217949671
102	13.082573780599246
103	11.054850541678793
104	10.018406014770251
105	10.496113654503135
106	10.924699819414068
107	11.986756995277217
108	8.788041208484822
109	10.264009437131577
110	11.817760507090782
111	12.125385140093188
112	10.861563546781682
113	11.96796272868939
114	12.090542962830579
115	2.6419636798310453
116	9.104662488801601
117	8.63038336577221
118	8.37865492489935
119	8.374740032478503
120	8.450963693649337
121	8.974921762812604
122	8.687658843153468
123	8.945892826150917
124	9.745472187057567
125	9.913727109608745
126	8.953503670691115
127	8.890422201241918
128	9.386834886186959
129	8.506314917651647
130	10.049179445002958
131	9.21443038322409
132	9.89893834831042
133	9.872962030007836
134	8.447762216998754
135	7.556310484119516
136	10.029467690450389
137	8.117223905712208
138	8.912896266535865
139	11.486382103924548
140	9.620077291728103
141	5.52963852887565
142	8.697141417218463
143	9.64126534116223
144	10.404368241493305
145	11.454229569946104
146	10.754458516458751
147	11.572536953662484
148	10.204066541994928
149	10.489532767835327
