0	9.32014934112156
1	6.815983041852548
2	7.38425866679274
3	8.2642281994353
4	8.720626299412737
5	8.067180356790631
6	6.689016794436132
7	9.89786150748193
8	8.094986841777333
9	9.940877259090863
10	8.209764414553574
11	8.382887936399056
12	8.582555583917069
13	6.618365131919036
14	9.083182320755693
15	9.606889629861291
16	8.846015894540798
17	8.082448540729235
18	9.654344868117994
19	10.752620012917589
20	9.816430798108623
21	10.671560459444342
22	10.257956858267201
23	11.798418828401326
24	8.980313036217789
25	11.61041827327135
26	11.726701794094808
27	8.312716425912972
28	10.689136340128506
29	10.44032755903996
30	9.964439414185168
31	11.445029828910553
32	8.450356458551179
33	11.577994098633896
34	12.123560667661886
35	10.642119698857336
36	9.845913472254306
37	10.653426278290526
38	9.761844801246772
39	11.832411751784825
40	11.654070821040113
41	13.832508078126478
42	12.903038964102667
43	11.872901926727348
44	12.260215611253027
45	15.01147853699899
46	11.510037748587239
47	13.470454546961532
48	10.681896083436659
49	12.233422096095909
50	11.868567978859915
51	14.117569941575137
52	12.589803347685724
53	11.602874229012807
54	13.53604908499937
55	13.385074863010072
56	13.217451710424635
57	10.306647475237341
58	10.689533527524569
59	9.356476124859679
60	13.902910713567664
61	16.432484162115998
62	12.439980394535251
63	11.750771163176578
64	16.580467517839974
65	15.085869482272937
66	19.06637553082711
67	15.516333058597535
68	14.828111569029856
69	18.954844485070122
70	17.8202918084343
71	19.618348866456643
72	14.51235259506018
73	18.40427362933908
74	17.724527818716382
75	21.368299389462358
76	17.79458715855535
77	23.61823577618398
78	24.760820996446114
79	23.193040849818175
80	23.756490353392458
81	20.115818354764684
82	20.278939756202593
83	25.457987105739267
84	22.30503090395373
85	5.88896595195945
86	29.734617528585385
87	15.044764680269514
88	15.270511066047085
89	14.462028226977123
90	12.299204186926953
91	11.657447949908162
92	14.577318037050896
93	10.75785755642903
94	14.334805857065316
95	12.873729426382411
96	13.10998668515296
97	14.125052981154132
98	14.368497297439504
99	6.614443718462496
100	18.550508013194477
101	10.879217175735242
102	12.078823492808276
103	10.947114168623763
104	8.01102698568964
105	10.581908117130363
106	12.256355821332766
107	10.079898658567132
108	12.297080005719435
109	12.861140207750038
110	11.948634179788126
111	9.011175830473457
112	1.8687510661479168
113	8.280701494304243
114	7.8144888733238815
115	8.976285329473116
116	7.063534923364957
117	7.687482942549431
118	8.190100552949948
119	7.689906656866103
120	8.549803369367098
121	8.34651825275467
122	10.440424195649342
123	7.261490482807715
124	8.538272440091061
125	7.9147848668253244
126	9.975303716132197
127	8.711870851682999
128	7.7067284162714
129	8.780196883334817
130	9.650078593186358
131	8.728508263411209
132	8.742597341250125
133	7.796691563143242
134	10.39471679818192
135	8.1035491864265
136	8.113013164913086
137	9.176912350461293
138	8.881710293341978
139	8.319233366605916
140	9.165364640794827
141	10.189289592260844
142	7.601168514039297
143	9.808393836138146
144	8.082960725010823
145	7.189614451277584
146	9.96084173777101
147	7.139236413086401
148	9.245468904515992
149	8.955961623826747
