0	5.54549024063809
1	5.848666495942282
2	5.263356770723359
3	7.898528060196191
4	5.262981902310686
5	6.0103822295169245
6	8.749413523177829
7	5.117858015416625
8	7.03683410545942
9	7.00635068795086
10	8.624431471614596
11	6.292259424946252
12	8.19133530316587
13	6.43466768629238
14	9.382550193695826
15	6.127700177741692
16	11.292704671352878
17	6.141796105367567
18	8.90154665552273
19	9.828971968249023
20	7.733235788535118
21	10.270158691713474
22	7.876560728682502
23	7.605299360488905
24	12.321992120082287
25	8.463719661250023
26	9.676114670702706
27	9.342057159819895
28	9.382726395618027
29	9.489097291011776
30	8.934550613988616
31	8.76221893629998
32	8.780969276456458
33	9.807404671101837
34	9.20546302871542
35	14.347860663545612
36	9.06127396162903
37	10.575281001304853
38	12.573128189916792
39	12.556014963257912
40	12.767389765705394
41	8.007784419784493
42	11.130487589266306
43	11.99840038901307
44	12.904354816903775
45	13.632681179749017
46	10.66939966542088
47	9.512005737993755
48	13.611006571889288
49	12.254906975236931
50	12.285368368795556
51	7.18726225830968
52	11.824435441824546
53	9.529196678802311
54	8.313759432101783
55	14.094381252297772
56	8.171441421350053
57	9.676205709273486
58	9.780977336821847
59	13.937412979055633
60	9.650472406321132
61	11.414815546206489
62	11.969352315508823
63	12.583924286263198
64	12.866666286007371
65	14.088145121254986
66	11.096688139231118
67	12.289934276845349
68	15.803105346869247
69	11.442962146288131
70	15.763323941728459
71	11.119092023492128
72	16.58789233373433
73	11.118880775792746
74	11.255987949450292
75	14.89312091004887
76	11.997715453333704
77	11.440456777074289
78	16.090615877604066
79	11.535061507583146
80	12.436210738804034
81	13.792332726722226
82	15.503904459004563
83	10.072839894792518
84	13.63791507743759
85	14.306926862724453
86	15.51435406644154
87	14.340700631748868
88	14.369524538811648
89	12.549445879971248
90	15.51554955708667
91	16.10225353843048
92	14.082997127818615
93	14.636327975967228
94	18.435839495155204
95	12.870228781071736
96	13.617266129610659
97	11.708472765415205
98	13.597854098275127
99	18.39895866546796
100	16.096820997352935
101	17.29309738681185
102	14.027038246993097
103	14.665495007185779
104	13.609963572843732
105	14.161420276799454
106	16.097596841850308
107	20.836947551103254
108	17.515268028265872
109	15.413326702785877
110	18.964162776888298
111	20.822738333843148
112	3.7991623468105766
113	23.562566499907646
114	16.65300756262312
115	21.074853993831695
116	15.840495364596729
117	17.80110026727112
118	21.674392859985055
119	23.17987955433273
120	15.784099921492682
121	22.274505705296466
122	21.462272717865396
123	22.965117794102053
124	21.14808300212476
125	23.063121996435004
126	20.824564224453948
127	23.932396765950276
128	24.359944356629473
129	21.321611708495922
130	21.499629209979787
131	25.0873087182171
132	15.489448196516472
133	28.980649554013002
134	21.95284892618263
135	16.11951088839352
136	19.34259236484482
137	25.757503681397544
138	22.77221845756799
139	24.296682628028034
140	23.74417293381116
141	31.85367814764568
142	17.847757125434548
143	27.89355128756526
144	31.247967712709404
145	27.879311582640867
146	24.28933148641139
147	28.078577063331792
148	24.036471304674148
149	28.095349483220346
