0	13.434539475470615
1	15.146785476288846
2	16.198832691536662
3	18.103350230409216
4	11.23060036441707
5	15.15288416664905
6	15.011045899458923
7	13.706910056590031
8	15.63887766906012
9	15.662017977901801
10	15.746517036298025
11	14.965315642458602
12	14.424237394444853
13	17.787706492622657
14	14.524533045004762
15	16.198054261179085
16	15.283387019707103
17	11.712552934150205
18	16.42550180719358
19	18.974995117253236
20	16.74442786490577
21	17.969695954174014
22	17.973953201589698
23	14.251699144114154
24	13.197465206995613
25	12.378663458635007
26	19.47195651548024
27	18.430520713713545
28	18.061475479868914
29	18.827153133692722
30	19.425181559665067
31	19.14574449977122
32	18.584547520683785
33	19.625443259455658
34	14.013918327093384
35	18.148679725740653
36	14.107534895662523
37	19.783288797153702
38	18.79368389526465
39	19.42593271025075
40	14.757935779876417
41	14.90429437324626
42	20.872926766681964
43	16.435759899414414
44	19.103108086282706
45	15.374846256006302
46	17.8325718828423
47	19.078479218937364
48	20.46108708556901
49	19.27875896554783
50	14.421881370038083
51	24.086843614159363
52	13.095440478861871
53	19.416970083303223
54	15.24504690879952
55	14.925380077453424
56	14.351273301046941
57	16.358460294064617
58	17.604386966299906
59	11.181409711036626
60	14.931425013081752
61	17.162905371083674
62	17.369607418377885
63	13.2095178689779
64	19.795835102209214
65	12.618838725280844
66	18.38038288410968
67	16.789167681069983
68	15.511446883797882
69	16.516100309885125
70	16.878806433635713
71	18.15378972480188
72	18.289465507923502
73	14.879494627011212
74	16.692476150193613
75	19.432694371515193
76	16.104176372573566
77	13.742549130993341
78	20.096683592411498
79	17.39141494863185
80	14.871626162951058
81	19.304161196436368
82	19.061526605052762
83	15.066704583855525
84	17.005016274271156
85	15.072457231390487
86	21.21526083056331
87	16.698935885205486
88	22.045644692392862
89	18.40950024056378
90	16.462816822984646
91	14.982188617927651
92	18.932530898954717
93	19.513076749716024
94	13.752371794157307
95	17.519366142952155
96	19.740897806213557
97	19.75293479242855
98	20.366764411060565
99	19.283960369943138
100	19.360085353444042
101	19.734371294362173
102	19.882250469115654
103	15.42527205221018
104	20.27818756048794
105	20.49610355478225
106	19.669772630949616
107	21.381278746114003
108	15.106344958960017
109	16.84596197881144
110	18.68342879443894
111	17.93167092093173
112	16.69797612112858
113	4.697479651266333
114	11.455022162220667
115	14.833187188343691
116	13.751979527668265
117	13.050977316307305
118	13.379545011995283
119	13.61728112147231
120	14.878925398631248
121	16.560603449666274
122	16.873269833559757
123	11.520468937858485
124	11.470662293960022
125	13.41438824407435
126	11.938875986787876
127	10.560993107745334
128	12.640820350753879
129	8.901873982739534
130	8.856787538406367
131	9.445855045702274
132	8.833321973333476
133	8.743302586854309
134	10.041431765598743
135	8.649424046685649
136	9.539886634417297
137	10.497155394641272
138	8.826455594083438
139	9.363184130114977
140	10.60585175932324
141	9.424933735072837
142	10.688137045727816
143	8.352363425165802
144	11.590569334593862
145	10.468116519507255
146	11.514491698805186
147	9.041299612212095
148	12.197539336745436
149	10.376735780555526
