0	2.76732280307494
1	3.7086695693966116
2	4.039616443179066
3	4.76928634641354
4	5.578981736073824
5	4.878319049853896
6	6.559626093372429
7	5.536840647319306
8	7.892473220895557
9	8.65268040051982
10	9.881998965224923
11	9.001036500134859
12	10.413087060218086
13	11.450117094447467
14	12.239397270848059
15	14.812170995240791
16	17.39337863110898
17	18.12671813231013
18	16.3597190581102
19	21.127941885922116
20	23.156553027762484
21	23.66842151664146
22	22.563064036064546
23	25.691503447259645
24	26.678901116844322
25	22.27335429447911
26	17.833225845015548
27	28.165513405848614
28	17.958995452202732
29	17.207400366767086
30	18.23977497827121
31	17.274921642048287
32	18.070545320034025
33	18.401026373384457
34	18.296211394941402
35	22.647322789863946
36	19.49760352538104
37	17.74772721876286
38	18.39451353833432
39	19.590318913486627
40	15.39439647512946
41	11.25486412725801
42	16.78045702127953
43	17.775623395352614
44	19.86324275279192
45	20.579842386755367
46	17.671349411878055
47	14.708294732750463
48	17.9588351427532
49	21.649831716123874
50	15.702739314992602
51	11.740308246888146
52	15.474834380033448
53	15.662594507287476
54	17.614669574315418
55	16.44595014078617
56	15.714420441672194
57	17.067641942991287
58	17.518072588412945
59	16.813430164833246
60	13.138680831597515
61	16.402113704061414
62	16.138840472843086
63	17.42299638957773
64	11.219212872070873
65	12.52548830265958
66	14.143693678990203
67	12.173025640479688
68	14.39340635393843
69	13.122336557759597
70	14.442257730844767
71	12.41513724685044
72	13.511743932607832
73	13.994263307652234
74	13.693969018987133
75	12.57623711654247
76	15.46416489978641
77	12.586067096748218
78	13.54903557489392
79	11.8631869031877
80	14.813099390968954
81	13.11995122394626
82	13.933221288567546
83	14.851362674840615
84	13.995457304484537
85	13.862883490558186
86	13.302034087104593
87	14.54835473795532
88	14.393924771319936
89	15.332277514381593
90	14.537469960241365
91	10.721167508882042
92	13.872992895293457
93	14.452050604671458
94	12.011092131354994
95	15.202254820499192
96	16.208669929600987
97	14.506704438658149
98	18.03414693711281
99	15.242709465287772
100	13.893036645538208
101	14.726175457647411
102	12.483258646159001
103	13.176371389881655
104	14.966624480692374
105	16.161630548259406
106	15.885150838052462
107	13.746193110530884
108	17.00574032194487
109	15.621237674091411
110	14.145417567373393
111	16.780617185078633
112	13.733219763261395
113	17.23442514488642
114	15.34290235982509
115	15.078276495744715
116	2.4251832852566295
117	4.368381990004536
118	8.310461158979255
119	11.247166487509082
120	10.436528786266518
121	8.120837949851886
122	10.585449781298093
123	9.697092403143927
124	10.03396618353315
125	10.19358463027831
126	9.502142238807751
127	9.801492872767943
128	12.317816712174857
129	8.919073074677272
130	10.202998844007944
131	8.656954272581157
132	11.485555219743807
133	10.693653757343315
134	10.956152162483907
135	8.746138644679679
136	9.640244311628821
137	8.057470449687594
138	6.516660687623215
139	5.385336234624335
140	7.5680323948176165
141	1.1165097986368093
142	8.680825551604576
143	11.107835083646169
144	9.996254820392556
145	6.514577800300859
146	6.298982326140133
147	6.153728887509721
148	7.1432083481127115
149	6.634171902138988
