0	6.529024668821543
1	13.342064371752496
2	8.75215581368438
3	8.986519450690261
4	10.433512844587128
5	10.47243559783431
6	11.391293986427556
7	9.472623713483946
8	10.695369850168184
9	11.770121580322161
10	10.147977619659637
11	11.49170207476199
12	11.820179402672325
13	11.515955455038394
14	11.806625334500497
15	10.311658796141886
16	10.120050575836737
17	11.368648225138838
18	12.366393635387563
19	13.158076501667061
20	13.141504407632496
21	10.09687278224464
22	12.851433868773785
23	12.948110861546306
24	12.18641779052189
25	12.461109390304633
26	13.623777978298293
27	13.002255455092984
28	11.595072521841983
29	11.33785332892115
30	11.746543430489924
31	13.014873614636048
32	11.01716883944352
33	14.101454112572757
34	7.102773087711033
35	7.145145551393219
36	15.005061296659436
37	13.6028073253644
38	13.369679029899018
39	11.987246888725787
40	12.64712029979999
41	14.489926128487626
42	14.220601751744093
43	13.451281964588146
44	13.050472102630753
45	12.935460753434946
46	15.70589471663813
47	14.448166573063263
48	15.806506418266622
49	8.891022746943912
50	12.479836219884755
51	14.541493806095
52	16.575974236082565
53	14.330362323888867
54	14.734302690491395
55	12.068068164754253
56	15.348875497590196
57	14.957705462460845
58	17.30115008887598
59	13.72229567652593
60	17.729205497761143
61	17.512869440777916
62	15.086602350592138
63	19.242594669505426
64	17.700895592351696
65	17.97687442442865
66	13.68156202262888
67	12.700362228474786
68	14.833202339281494
69	16.063009802880387
70	16.81824665434038
71	15.014337656930566
72	18.328455153544315
73	14.283067557599457
74	15.378133996649455
75	15.593957635763449
76	17.577733803214926
77	16.728988254318836
78	14.62146065755156
79	17.618368878018384
80	17.455140141570233
81	20.104111458178295
82	17.65817086388496
83	17.119275500064177
84	17.94622045195734
85	17.416900550408076
86	20.46326230500053
87	18.029284922684564
88	19.295206092211895
89	20.285436436997646
90	18.96221016510553
91	19.8787056715027
92	18.88971779075259
93	21.232140215336937
94	20.62595178140014
95	21.631833090323074
96	16.405501940367063
97	17.126008348519953
98	19.579987761380302
99	21.79798552294631
100	19.89941777374771
101	20.45260444871574
102	18.279467529330876
103	19.131424858067103
104	20.492791667887317
105	17.684558013856773
106	16.74596408267555
107	20.696014160367454
108	20.28752178201369
109	20.116253737147254
110	23.44095570513589
111	20.62313739788621
112	20.6849549624044
113	14.490329050348322
114	6.069803506618925
115	15.78529655671648
116	13.33885974851935
117	15.084855683689094
118	13.84868891472742
119	13.3505269700942
120	14.700061526380884
121	11.892574080706973
122	8.209466404799734
123	8.762301758770796
124	13.049103578234085
125	14.23306329668269
126	15.0088287226544
127	14.104461782415846
128	15.638081362139916
129	13.12397145052394
130	16.380840480058055
131	16.30913843695077
132	16.27981625136253
133	16.74126054958542
134	15.901023642604601
135	16.447507590217008
136	15.688379597134334
137	16.004498267977674
138	15.52454186471979
139	15.512249129321102
140	18.689347532650956
141	15.730942984314733
142	14.661358089544658
143	13.848822911062825
144	15.046781668813434
145	10.445076327985236
146	11.691992312535675
147	12.863992897701209
148	12.831656730695446
149	12.577458195596437
