0	8.918288465304357
1	9.832878354432419
2	9.37659784427221
3	9.070872500985056
4	9.52498897258097
5	10.136940895444628
6	13.06376166374521
7	10.43162756946538
8	8.913194122441364
9	10.581857336437919
10	12.115859486555635
11	11.202443791494684
12	11.21001289598565
13	11.49841991531555
14	10.464513505081841
15	10.037644719220525
16	13.364671190149355
17	12.250782531840692
18	10.96451145503806
19	11.532852528795786
20	11.100929861044376
21	13.105383746002763
22	12.428227074411756
23	13.40137634611938
24	14.171148030716122
25	10.82140097321606
26	15.277007905457534
27	8.212575074705295
28	11.201812937737289
29	7.929175932015225
30	8.613948546139321
31	9.089840928324909
32	8.141930345935744
33	9.906064718911034
34	9.146746326532648
35	7.009116249472719
36	8.54559304898242
37	6.0252374806000555
38	5.733701471759235
39	5.860863208283858
40	6.329999215481461
41	7.395798458974993
42	9.23465361892952
43	6.931009582516334
44	7.715104728839602
45	8.597042467825073
46	7.79409264716745
47	9.582084980764291
48	9.222445367271195
49	8.081583597501862
50	7.929031515656967
51	8.917712724396125
52	8.538371710885949
53	9.070872500985056
54	9.298050976824952
55	9.832970257386695
56	9.374688276845218
57	9.375816585423442
58	9.775721811548472
59	9.886678389956977
60	13.33376180701277
61	9.833152707248754
62	8.918452627485996
63	13.485758484292447
64	11.126003094826144
65	11.430826429763574
66	10.593423422777649
67	16.192728975940792
68	12.495785714076579
69	14.210921750968176
70	13.028888364444951
71	12.267534583335554
72	13.80664319809089
73	15.32503361181013
74	14.029562744034232
75	14.133659058711219
76	13.638265888359443
77	15.008391371094156
78	14.095290542900612
79	12.72487372951189
80	17.026676006398475
81	16.23152171495531
82	16.199575691126856
83	16.940274024816535
84	16.182726241191766
85	13.5630409581109
86	15.007961672016814
87	14.704170019119731
88	15.31362314756745
89	15.922655677419183
90	17.520357001065257
91	16.531054661152844
92	19.239039305501986
93	15.506022497760169
94	8.614344368941591
95	12.95264135550587
96	13.409379203619412
97	13.105012104774085
98	13.521281172946384
99	14.40075948554092
100	14.509786976436853
101	15.316985906623982
102	15.331184922068628
103	17.42432707915171
104	16.19257268882005
105	13.071353725388406
106	14.129678553090422
107	14.363992123474377
108	14.703610651685825
109	13.639172310341584
110	13.180261589328072
111	10.442142751425582
112	4.505314444248045
113	11.575575064922695
114	8.404222522587467
115	6.772767032005915
116	8.233016924999257
117	7.091428139405952
118	6.935059047819097
119	8.238522190358273
120	6.863543533097014
121	6.481783803424208
122	6.862248497741422
123	8.3869547516764
124	7.029296787367939
125	7.9880251184866395
126	8.767007496713314
127	8.461463944697117
128	9.854125708109958
129	8.139330594038908
130	9.857155818140502
131	7.680741913622234
132	8.770721843256318
133	11.209066063544979
134	10.58205522890506
135	7.091491982166504
136	10.319706537777876
137	9.95413056179335
138	11.049256932151534
139	9.83251348390894
140	10.136374710679396
141	10.288625231317358
142	10.137412885209306
143	11.35373971159347
144	10.821704220273585
145	10.821096990044854
146	12.64540140508294
147	13.062893178645348
148	11.101240734350972
149	13.18063638824507
