0	6.799573416960184
1	9.316524488999718
2	10.257175634202579
3	11.65461928302067
4	9.274511547152253
5	11.192067533736369
6	7.5482526624893005
7	10.401180089225702
8	8.232555683016221
9	10.234111647390872
10	11.137803585468191
11	9.690410629509987
12	11.528911999317474
13	8.71001395837008
14	9.608809722478092
15	8.96168950075593
16	11.429795335656184
17	10.470852341703692
18	8.254461954921533
19	11.271976014804183
20	7.549854430532463
21	11.692851618958775
22	10.84491740866153
23	10.819012448561601
24	10.412621492059877
25	7.02523131975536
26	11.90063491980319
27	8.650699537430944
28	10.566861769695446
29	9.608266766188956
30	10.025200642057548
31	10.691455418477249
32	12.931701449367331
33	9.902722634317698
34	10.581488904218215
35	12.85148038571565
36	9.50019294008311
37	11.5968523576317
38	10.040813967716558
39	9.881075819874509
40	8.57000308251677
41	12.274240835809742
42	13.320531847688969
43	12.573204973827744
44	11.655701326331398
45	11.065176555661223
46	8.48362877775201
47	8.422211754021959
48	9.708307166440925
49	9.048364582080817
50	9.417093136256181
51	4.191926959803293
52	8.7146943820929
53	10.373523394783454
54	7.983628898863764
55	10.858628202471168
56	7.542315468517635
57	9.712046342545596
58	10.050140962579025
59	12.442911456505108
60	13.674266375665297
61	11.426974617713514
62	10.402655380816768
63	12.898444896814004
64	12.224485918944177
65	12.117030113148274
66	13.309061127355381
67	14.268867449172335
68	8.733465652120072
69	14.027508841690913
70	12.736913744702917
71	13.432698229966903
72	11.42047153902508
73	12.19370499360279
74	9.340563172425037
75	11.442069969149271
76	11.613931016786578
77	12.642928350218737
78	13.313264811470251
79	10.19668049600334
80	12.102859854226756
81	13.195876168959751
82	12.617637115425575
83	14.317922528945493
84	14.270771973898256
85	14.77501022047532
86	14.067500909983472
87	10.646061807166719
88	12.727547353804658
89	13.536448245580594
90	10.705341966943996
91	11.885907057439288
92	11.249976507803584
93	12.56732144280996
94	10.192057792084773
95	12.057007025188195
96	12.740079917209345
97	12.69336834469562
98	13.102059300904623
99	14.561362574933808
100	13.693853005280495
101	13.276459217800145
102	16.65045404025134
103	12.450828425890451
104	14.117706828970713
105	12.267338102185368
106	14.473615236542848
107	12.987669110529684
108	12.103667428722584
109	13.277709195726867
110	14.778873033211925
111	2.3586123739519547
112	8.087870596228603
113	13.775162294935287
114	12.741571025786165
115	17.173028866611787
116	15.416480037366746
117	12.942332612001264
118	15.108918623769668
119	19.202954965658233
120	16.418658200409844
121	20.054560474859706
122	17.191960001722258
123	7.568362949577334
124	9.689590384806591
125	12.984124493583229
126	15.99334590693792
127	13.97209875477943
128	18.106522500088246
129	11.98385674803582
130	14.200770392032368
131	13.992757179283315
132	15.26434521083472
133	16.06665078336507
134	17.43605653872323
135	18.833765022615243
136	11.971311671969422
137	10.752581382887637
138	20.83447423539994
139	14.81055074845158
140	14.86397979331521
141	19.831545895274
142	16.01864980996171
143	17.397527855474383
144	20.94684992356482
145	19.61820788365968
146	20.643667462096268
147	17.072737519360413
148	20.108235770471683
149	18.26828094383692
