0	11.708817899232649
1	13.030641662979434
2	13.267647527931134
3	12.344322746227212
4	12.339178816656945
5	11.16599425445142
6	12.467094502073717
7	14.84614285662468
8	13.044447649200801
9	11.687384612277018
10	11.248518449532945
11	11.445907940504853
12	12.65894762624109
13	13.654757615171286
14	13.840712778790506
15	10.346158659904455
16	13.561607471012849
17	9.569251984452887
18	9.925028463519126
19	9.674848869421073
20	11.21004181589868
21	9.970781631112652
22	12.926651126262419
23	8.544821314492681
24	10.003521356720666
25	9.776321484894087
26	12.227330118186424
27	14.067246089310771
28	11.675870904489626
29	11.640505774726952
30	12.06151444199834
31	11.95364367465863
32	11.451957950971451
33	12.718074417487378
34	11.07747708638409
35	11.444612046546773
36	11.795735633508317
37	11.662201762608316
38	11.501892213169489
39	12.26574768044928
40	12.887795501502907
41	11.948219499149515
42	11.690798064447344
43	13.087844873896007
44	12.774688294701761
45	12.148411797042568
46	11.862651934718485
47	13.13585562770443
48	15.317852848587263
49	14.260049034141103
50	11.727051123389275
51	12.539888423870062
52	13.827616891762917
53	11.898666438651569
54	12.131304450007754
55	13.556829947612886
56	14.06576613612932
57	12.329705104765464
58	13.342332564843824
59	14.885574371164228
60	15.289812280068162
61	14.638789276510694
62	14.727407697579181
63	13.0010932525129
64	12.120885832673496
65	12.803956082303834
66	14.38855386876375
67	14.886106942782794
68	10.622447169263731
69	9.621381249768413
70	13.32215113444146
71	13.472320050004948
72	15.442040603655412
73	11.836075357494611
74	11.804282984463953
75	13.439234203154339
76	11.508157030349707
77	16.570557381525166
78	9.17198245564452
79	10.185360331764706
80	10.271326563212998
81	9.04362531230909
82	9.48005597935759
83	11.232053751851968
84	10.016882126375378
85	9.779380947398117
86	10.788922542540702
87	12.578881567842055
88	11.323217982757576
89	11.653978000017482
90	10.817588453579562
91	12.964763687272681
92	10.819215063388924
93	13.083493331890248
94	9.994170351445339
95	12.005751337793813
96	13.04910289406023
97	11.404316578812157
98	12.5795979976936
99	12.53381388804113
100	12.968531252316923
101	15.098049562435534
102	12.945641745293988
103	11.584441807616043
104	12.60111224465739
105	15.665935195872143
106	13.82772242208716
107	11.999114380497904
108	13.628825484404102
109	15.034339211178072
110	11.213844397998534
111	13.634536681719236
112	13.867500133795255
113	13.028304441679484
114	9.868578541339362
115	15.240875401922427
116	11.804950182298082
117	15.592844225360604
118	14.182098670934542
119	16.368232388848405
120	18.016595655584524
121	13.233353544211035
122	15.95405668959265
123	14.87658682668015
124	15.5711470341743
125	17.613060341456013
126	17.185838701629557
127	13.714196526970998
128	18.769595279006506
129	12.578762467498894
130	18.746593098329388
131	19.43785841032278
132	15.819626222071465
133	18.878039029611863
134	14.185617325810954
135	17.78053420056476
136	10.762705503721213
137	19.472285104298493
138	10.221337628911286
139	19.172663042193076
140	12.584371651957067
141	12.279005344532838
142	18.005251931268514
143	12.300898553686011
144	13.251909205274398
145	13.908582422602763
146	11.307986468563632
147	14.038237088898011
148	12.428797019786302
149	13.748913404081474
