0	10.836685842488812
1	13.322031771104887
2	11.606159341582615
3	13.235567051141837
4	13.346527507103817
5	9.279211438043875
6	14.396637410231271
7	11.732932912773546
8	13.040936381665931
9	15.468098004509832
10	9.583970654569628
11	14.768405888831783
12	13.656689525293684
13	15.833160630858641
14	15.343625866745118
15	12.068467965954358
16	14.356997462811977
17	15.840180793149841
18	16.864579630358342
19	11.825136475081157
20	15.406376616573477
21	15.041190289061149
22	10.380808812764595
23	17.121228907372263
24	15.404596855314251
25	14.915322519123382
26	18.16108119966409
27	12.932928996933905
28	14.845918429197981
29	14.181979991289753
30	16.38549984535596
31	16.5179813341916
32	16.26144572408231
33	13.25366422237922
34	16.46371713048059
35	16.921252707978535
36	19.44802454324432
37	12.771217097830045
38	15.303279045151532
39	18.711741404448976
40	17.915500361929745
41	13.262664857316887
42	14.791785851563096
43	13.729233593270097
44	8.76386913541734
45	8.665318072419371
46	10.748922434895178
47	13.234679047355485
48	9.376508825631554
49	11.238979917423585
50	13.015684963679782
51	13.849613192692152
52	14.934956196323753
53	15.651021058803162
54	11.85077844148745
55	15.896417785538368
56	15.099134287545214
57	13.321904538838762
58	14.17925865092633
59	10.957749524244884
60	11.580304029075311
61	13.105015041842735
62	10.787323517807234
63	12.681474286856172
64	8.564279747406983
65	13.104512735872616
66	8.48135709836356
67	10.627285739650322
68	9.277297246938186
69	9.400880721698906
70	11.97501779870666
71	12.679689338632361
72	13.471647409825096
73	11.793662822610644
74	12.342075213439518
75	12.442857114301779
76	11.230245670199887
77	11.822332354128154
78	14.730944485644509
79	7.563131260095934
80	9.359105421379587
81	9.023717511413967
82	9.51323495047674
83	10.381004548849921
84	9.057682785194622
85	10.597723740416567
86	11.636014425479226
87	10.504435448192307
88	8.642576300721025
89	8.053091129140899
90	11.852244132475619
91	10.411093775833157
92	11.737068878568017
93	10.090927571486882
94	12.710066706951556
95	12.341016475146285
96	12.22058070941704
97	9.277470934916597
98	12.954539166766619
99	11.483624288700812
100	10.281950587799036
101	10.601922500214965
102	10.871360078278649
103	12.463785164783248
104	13.445085301049094
105	10.135929549684185
106	12.135245967165853
107	9.432664714826736
108	7.787890003904548
109	14.585519208315517
110	11.668092000192592
111	10.932940970230167
112	12.298972277616134
113	9.753178114787964
114	5.050891585434019
115	3.0897972570193217
116	11.254033507182996
117	13.059605146325023
118	12.977851172775681
119	13.909794655934551
120	15.68758842807711
121	16.76282683068109
122	12.183438580267177
123	13.934458690213715
124	12.555353478895444
125	9.746496135756674
126	13.04573267799547
127	12.008057385628943
128	13.25493103816551
129	12.50553054147234
130	12.794372486957416
131	14.915608811772364
132	11.329817771617664
133	13.592458775599374
134	13.812186662985058
135	12.525649354430861
136	14.21047590328634
137	11.886938879590284
138	14.051739804131271
139	10.997964244300755
140	13.997336503364485
141	17.70298115015448
142	14.398069598434558
143	18.027012097260982
144	15.667324929809018
145	11.914536712137556
146	18.2234045221535
147	12.682081085494655
148	17.365642025073424
149	15.05613302374761
