0	11.208236193383247
1	12.938491953407993
2	11.311247919129887
3	13.128235254150164
4	10.716871087935871
5	12.59790083700048
6	13.363184789004347
7	10.130062569121034
8	13.360406847425297
9	14.093796166753659
10	11.624287042473828
11	12.319222063172587
12	10.30176624624199
13	11.867393316826334
14	12.847618160744622
15	13.634506852133324
16	16.154542729360436
17	11.6634886144653
18	13.016100711091457
19	14.119074708328236
20	15.56918304624731
21	12.84095600628466
22	11.240722120473242
23	13.95333462216181
24	14.028907405444228
25	12.317600471937961
26	15.242625079039573
27	13.184249447082685
28	12.637453776101765
29	13.154948776372393
30	10.848320673406567
31	15.692774266053606
32	15.736338392591463
33	13.050681365271656
34	13.709942802467918
35	13.258838453315434
36	12.873197402793915
37	11.557623413840586
38	15.624302532735111
39	14.154419653746078
40	11.55030248035811
41	13.507457448885475
42	14.890134655747776
43	14.872335591370623
44	15.858760383744045
45	14.413480866941345
46	12.593038633698145
47	14.128453460615935
48	15.585502344813262
49	16.713188321393417
50	14.646417236363984
51	12.563818980970519
52	11.898723770901283
53	14.27045812758927
54	13.048094944804646
55	13.61071384267419
56	18.28302164677953
57	16.894321507005955
58	16.27566201530968
59	14.965706040955448
60	16.053258514128203
61	14.514457806212393
62	14.784136567989917
63	18.025873025000415
64	16.504469354522644
65	16.382491609676283
66	19.688515594822274
67	18.48172349277632
68	16.91138289534443
69	13.195210520208192
70	15.723127818815685
71	17.102699867278425
72	19.959070190893367
73	16.29123096247294
74	16.73711350210825
75	16.503995554754855
76	14.715700003303226
77	19.171441333768495
78	17.22977106452889
79	16.737592796166695
80	18.229903350475325
81	17.433900617924635
82	17.094985422163468
83	15.43032654726112
84	9.457358687657553
85	16.434842758075913
86	20.00364493691579
87	17.677271019524103
88	19.27747271721123
89	17.354069442705704
90	19.112099075115943
91	7.029834370753252
92	21.06399442802923
93	12.693286277912762
94	16.636506937146205
95	15.337108984127447
96	15.564421672215452
97	13.467175527678473
98	12.351921179915042
99	11.457077525519153
100	6.091754652102155
101	11.692339068804865
102	17.029117714673404
103	10.995439839855429
104	15.451234685646199
105	16.80894233009256
106	15.763765030180663
107	15.306526603243116
108	15.948521662572414
109	13.397595580856937
110	18.145856724138017
111	15.318108870927489
112	13.540981375539985
113	13.285569876622727
114	2.4000490904434963
115	11.02848433939913
116	14.746558130307303
117	11.736282666791746
118	14.408086051941629
119	8.195386340164573
120	8.61533589001297
121	11.597562176146893
122	9.42412127835615
123	9.647438617395396
124	10.922159731902411
125	9.650104683889296
126	8.38898744195852
127	12.56204492669909
128	12.523117323687012
129	11.111757429891984
130	8.650764012097758
131	9.539871088410829
132	10.066883996944293
133	11.513789959030724
134	7.41405409383086
135	7.188522470254954
136	9.675426149247762
137	8.632001180374427
138	7.447905890142883
139	8.02973474281303
140	8.456647236945741
141	8.260214943928712
142	10.197202152090657
143	9.24680393155984
144	7.25688425292025
145	10.781488449982827
146	8.397341684003605
147	9.077214243447878
148	8.489029902965996
149	8.673939704897291
