0	1.7404159794008778
1	5.071907000389121
2	7.854607077325435
3	13.949229052128096
4	27.313994714500478
5	21.20912224736843
6	19.46951276443386
7	32.40875634023302
8	14.47948095788131
9	27.925662450517414
10	21.69237903684353
11	26.14083421055872
12	27.333234280529584
13	23.387545038607108
14	19.519068143986956
15	21.194296447784037
16	19.2991531437742
17	14.756636869158532
18	16.1829887054368
19	22.902334610971764
20	22.245607603543544
21	21.789925952385982
22	16.701212191978694
23	21.512744566912087
24	14.475337841135678
25	20.96235993848231
26	17.2536122182448
27	21.469082456374018
28	10.894765882265348
29	32.265447953279185
30	32.49055481190407
31	13.116322555375328
32	12.301891549687115
33	10.082875863753085
34	13.954820559665503
35	2.295714274717775
36	9.26649796485982
37	8.107607927722215
38	3.127762281455868
39	7.853811577738232
40	9.241787516549968
41	7.29743474589132
42	6.73730866237061
43	8.405153810679444
44	8.96378011375101
45	10.36142638968331
46	7.830612027554
47	10.39152861221773
48	6.169189048101184
49	9.518561817295737
50	5.072795789539393
51	8.972292302130079
52	8.422608884668367
53	8.377263155545968
54	10.633894885736042
55	10.057391792525376
56	12.312763692534451
57	7.58768897661017
58	11.715740875190136
59	33.37046192854262
60	1.1856371707770177
61	6.463728682368377
62	7.828601760831278
63	10.915727375029858
64	10.62559313300126
65	10.075972114215306
66	11.458990292626616
67	11.72415560558445
68	11.7458032358573
69	6.16537908701475
70	8.7080872784124
71	13.727596598366594
72	6.728772221249505
73	10.073704773321142
74	8.959447381364456
75	11.187519150806
76	9.794810790448041
77	10.907291156560452
78	9.513851826640675
79	3.4061280097436213
80	1.184511699298921
81	13.675367919409947
82	5.352534425370976
83	11.187836298665182
84	7.8510661073378
85	10.362400691317553
86	11.442989672300847
87	8.410522382945905
88	5.073106701403214
89	9.806098553337346
90	10.3384866104182
91	11.76195566941868
92	7.274367237012824
93	11.749029640282114
94	10.625993000177912
95	9.521585488060996
96	10.641408139160363
97	10.067757563242813
98	5.068755576849728
99	39.07698628342003
100	1.7429354528144567
101	3.6781974839294262
102	9.495151282099803
103	12.03331523819874
104	8.435282301541168
105	11.148897661798589
106	11.185935270652719
107	10.096428688940858
108	1.7381957885981123
109	6.469454174168724
110	7.270526901184903
111	6.189876015125689
112	3.4064334399820044
113	6.186593871346075
114	5.903212135663139
115	7.576410171512222
116	7.294100931543242
117	6.462211371659692
118	13.148842439794832
119	9.77715520542742
120	12.29908838960049
121	12.291505208445574
122	15.062443144823535
123	12.620138248592227
124	13.119317154517107
125	18.693257965740674
126	9.513407832902876
127	20.081281991760186
128	5.616335714954558
129	0.90652344912192
130	12.573728901323644
131	16.506149483629198
132	10.911302114711482
133	10.332090053258257
134	13.976164329289656
135	12.26718902494049
136	14.794638849469878
137	13.675367919409947
138	20.91760071247686
139	15.386763623417469
140	16.979792287101596
141	19.276329643373106
142	20.058344723182778
143	22.81006689012917
144	20.429498330225343
145	19.212833064880854
146	17.260911416431814
147	22.853104698499642
148	22.85221544704093
149	17.849517642821407
