0	10.821148641958448
1	14.236714709420617
2	12.370204767855423
3	10.945545096455579
4	13.452660065495623
5	13.614971974165451
6	13.243949866008899
7	11.981713265622483
8	9.978911881262805
9	12.399788250800942
10	11.387798511345395
11	12.328369237471883
12	15.480669625819182
13	13.02762939885209
14	10.02379448243367
15	12.523034897876048
16	11.636394224443489
17	9.781201209807614
18	10.627611872785947
19	11.674614938906132
20	11.73572197938674
21	11.08366468148381
22	12.336611399526863
23	13.025292144806789
24	17.39241132224507
25	11.507750419906813
26	13.649924218857196
27	10.392892694111342
28	15.687299815024733
29	8.532128262547861
30	6.298046655669409
31	10.044462966581763
32	9.490951066527996
33	10.43435953656241
34	10.279755663589906
35	11.245308040962717
36	9.69164500597059
37	13.696457181988645
38	11.080153814502648
39	8.44878821819899
40	8.86498175042792
41	12.50243423745724
42	8.01367850318911
43	10.005020889109998
44	10.83444418460578
45	14.02215986341848
46	9.799670070197019
47	14.064554980520489
48	11.283729299278736
49	14.613508369084013
50	14.733760110843045
51	11.237059078432672
52	12.253875432776809
53	10.904454109313544
54	14.73595443527845
55	8.740831757998409
56	15.774771604271098
57	11.466388210809168
58	15.397507721825779
59	15.099489523374903
60	14.906065783537985
61	9.771886213893264
62	13.981884558482196
63	9.63493038726986
64	12.149313138608807
65	14.822478450629239
66	13.686726693975201
67	9.671168403150677
68	14.495557018441119
69	7.598336621005275
70	11.082942000307275
71	12.99179009099343
72	12.151826466736123
73	9.441891833798643
74	13.571945842665842
75	9.281378761329224
76	11.179451180320218
77	11.157821333835475
78	11.120278616248894
79	12.254218923733198
80	10.212263513217929
81	13.19909226450263
82	8.178584185962414
83	11.830861291879101
84	12.068741684750607
85	12.998987690044583
86	13.062324438275645
87	13.825207143465645
88	10.32615427010048
89	13.862460496544687
90	11.29099097259826
91	12.50255208319896
92	13.607937009451206
93	12.297891135430637
94	14.141216655758925
95	11.999512182327376
96	14.07566024941434
97	13.816459494419703
98	13.98691193112088
99	10.723657825335478
100	13.108738525764524
101	12.37867466278268
102	13.233287332777767
103	14.730266434704067
104	8.054653992104345
105	10.933652502809887
106	9.341154353898597
107	8.096430618409427
108	12.736501758134727
109	12.532740651262843
110	10.8471622706154
111	11.65361676967181
112	9.449870861330682
113	1.6650168126685279
114	7.434674336385945
115	7.34851250566562
116	7.394306253539612
117	7.140294829770012
118	7.572604557504121
119	7.215099878419296
120	7.647816966470024
121	7.304546106064824
122	8.422866062586873
123	7.007187973711255
124	7.651960646915514
125	7.469990839007373
126	9.512090130887444
127	7.560732978625354
128	8.833950366732704
129	7.6446434973316055
130	8.547232927582565
131	7.3220742902861655
132	9.125770905547478
133	7.6336965756612525
134	8.135922902213288
135	9.137917293777752
136	8.13525870119902
137	8.81465497085369
138	7.1896163743072385
139	9.086973255301295
140	7.538778012837794
141	7.884869490609963
142	9.725114262186976
143	7.557261277215922
144	8.229483137794041
145	9.861070895851698
146	7.484655413657562
147	9.018271660274662
148	9.166620836191132
149	7.959940900644591
