0	9.49623128451354
1	6.78554165581009
2	9.092458893634271
3	2.861742379178721
4	9.8696630502789
5	9.922806149213597
6	4.412183643889962
7	8.31856217826534
8	4.8115313948409755
9	1.684502419528241
10	8.70525990482141
11	9.528858343520362
12	8.711727466158576
13	34.554978335224085
14	10.31179036297117
15	8.330668114406183
16	5.9834950607036825
17	8.333406514151235
18	4.415926984514138
19	1.2917300402901926
20	4.028254045462424
21	8.722639212979155
22	6.76420739773669
23	7.549870377172204
24	5.982126657543308
25	10.679312537885261
26	10.678498530629346
27	10.258122199094641
28	2.076577625479602
29	5.984699707415214
30	6.768775804302287
31	8.325352456220465
32	9.086126371351188
33	7.957477949009551
34	11.049273660808323
35	16.9430345379579
36	11.86640708771322
37	9.092458893634271
38	7.156666846426004
39	29.028728351780416
40	8.724857994743948
41	9.52144687626466
42	10.276823993379871
43	3.633480442397908
44	13.021729402465445
45	7.163453967072971
46	8.320044018530416
47	7.175131506338894
48	5.188367917572928
49	4.035022723741195
50	12.221549540252328
51	6.777806786296402
52	7.14757234627086
53	4.026565738307027
54	9.502522447170001
55	6.77805808390868
56	9.896159733464458
57	8.322228869677236
58	33.64890082458157
59	6.754966060659709
60	7.167653144986803
61	11.082100435808345
62	5.192804484888675
63	6.758709268017339
64	5.591922736698848
65	4.4211639958414235
66	6.773162580057155
67	8.325352456220465
68	4.4137036466406805
69	36.932745735176226
70	2.8568462631770295
71	4.8054726399890715
72	7.166186108113765
73	2.0733335252622553
74	7.9222519602092865
75	9.112201066823049
76	10.67687090697401
77	7.54796928693892
78	32.071207751831984
79	36.574522147890036
80	2.465336224704543
81	6.765145432926656
82	5.99831515823171
83	5.981141961205032
84	7.5305559057727685
85	4.42833887231209
86	13.806414456371009
87	7.54445151734107
88	2.8532579287460322
89	1.684502419528241
90	6.75222367400662
91	7.15327847552419
92	9.130133728300398
93	3.243068723163481
94	6.378146465609107
95	35.069274304543676
96	5.5848181352564
97	5.206588694853087
98	1.6824104978151628
99	30.91671272209828
100	40.23513386093981
101	1.6824808632320327
102	3.6384494981259676
103	4.021230582462575
104	5.211107286660849
105	5.593295279464767
106	4.0285353690743815
107	31.218221902426887
108	41.558645586602
109	0.9013725887121073
110	5.19439464753583
111	4.415419608081468
112	6.377794279370315
113	0.9011250828128115
114	2.462756574279033
115	5.990730493628419
116	6.371928396932388
117	5.197718170164607
118	7.938337097401137
119	8.727324918476517
120	8.329103592436073
121	9.100773825538532
122	11.839965718753664
123	11.482476010998209
124	8.720668172322064
125	12.604591130677496
126	9.894469926117658
127	15.790298906284788
128	16.547260777025787
129	12.241697216907255
130	21.614097136448997
131	14.180413948918451
132	25.170506060267762
133	13.77867699211721
134	26.366333204386702
135	23.138284983761494
136	19.27849985721112
137	24.420883916765714
138	31.323538805905084
139	30.684907753602175
140	36.01480726446172
141	26.31849490576784
142	45.98277624818109
143	39.596153014560656
144	30.999791331412748
145	56.75107245404441
146	41.19704465053359
147	69.40200411497449
148	45.077664451041244
149	49.28643470739693
