0	14.03497268701938
1	13.707378728581515
2	14.589078358749024
3	14.131775385918354
4	15.236337913487796
5	18.57058791066143
6	16.217704422056833
7	17.029088494442057
8	13.166907663855472
9	13.697549863706401
10	13.688686992503357
11	15.757853438317364
12	16.604150266756857
13	16.41939859442479
14	17.31697764195244
15	15.78399973585866
16	11.824847553726123
17	12.0870658592979
18	15.04913292733893
19	14.081071884320222
20	14.079617997091171
21	14.045182899111262
22	15.06611721772167
23	15.555201394859585
24	15.128600801672643
25	17.461578106323476
26	17.04536693735794
27	17.171581728468674
28	17.228982567268012
29	16.700921212084264
30	16.773626739192206
31	16.366188798641428
32	18.467479628597566
33	13.920185696501324
34	11.900485066769859
35	9.420502615464379
36	8.473402096262392
37	9.877349729926475
38	9.176666150912885
39	10.112545169464045
40	8.801981360611418
41	9.444446048290908
42	7.4186396131265715
43	10.215669202578757
44	9.930168158456254
45	11.798340507240525
46	9.792718103469035
47	11.915096195072525
48	10.594001470198636
49	8.966183146464479
50	9.013512710756483
51	10.539907456258055
52	9.034516598079756
53	9.533059820704878
54	9.176666150912885
55	9.767225216377778
56	11.507068568275606
57	10.644901282004758
58	9.607559856755223
59	9.524614469758879
60	9.312467343277799
61	10.113114748557281
62	12.149427054119842
63	11.364345801022115
64	13.653334169748062
65	10.00668524340628
66	10.944155510117113
67	9.90034500156762
68	11.824511823682169
69	13.599943372202723
70	11.686810870511831
71	10.113019931880263
72	12.547125316682735
73	10.327296859662832
74	11.6113876677661
75	8.293252417449242
76	7.133151297729498
77	8.195107233366528
78	11.634140123844281
79	6.782638366083653
80	7.945729187701474
81	11.500318078484685
82	10.120671944894374
83	8.267036911450619
84	12.016744779877369
85	10.326427687410142
86	10.755311966245037
87	13.617685552117027
88	12.56850975607623
89	12.586059198229966
90	11.576072782823013
91	15.782577181707373
92	12.032363425239904
93	13.213112838713178
94	13.82616442599932
95	15.268590577350707
96	11.42379739337801
97	13.405327120262049
98	14.650651582755785
99	13.375147779851106
100	14.13389587884688
101	13.636625712190142
102	13.270539580949498
103	11.878012273833624
104	12.708114200481882
105	14.507437321150185
106	13.77137054806175
107	14.807403291774664
108	15.436531754922873
109	17.174721880436955
110	11.343757173029166
111	7.472400210979924
112	8.602429743564594
113	8.370162956959495
114	7.021106270061086
115	5.29741043810627
116	6.619633073679605
117	6.491100039051591
118	7.03622153512669
119	6.435853477695398
120	7.9517952137571655
121	6.749302061311412
122	7.56399257635736
123	6.031591249474877
124	6.7955928155728955
125	7.4840633947240764
126	8.34721388023133
127	7.17901096078957
128	8.507156117053976
129	8.135307009158403
130	7.544820843884643
131	7.212950162431781
132	8.45695248954377
133	8.406195810026533
134	9.33734977971635
135	6.4908401883362705
136	9.713052559981211
137	7.758833343167035
138	8.133280434794074
139	6.448123133345894
140	8.44948080069496
141	9.631263236598638
142	9.07058732479269
143	8.298720711743316
144	7.6518270935258395
145	8.186707710685415
146	10.059656441308963
147	7.919197428108894
148	7.69048915855312
149	8.97515722843914
