0	5.102356331862367
1	7.089559248272659
2	7.356874851791762
3	5.929129553448643
4	7.3099494408127725
5	5.870427320334317
6	7.536841193126211
7	6.59333036875141
8	7.900086693640279
9	6.3834723831195355
10	8.010234538796976
11	8.340129772501216
12	7.953131101630637
13	6.0985810649242005
14	9.02176797399371
15	7.088988855632097
16	7.40213771466091
17	6.877774519829481
18	6.4395458348381585
19	9.523449264116445
20	8.768395088821594
21	8.685586665208726
22	9.105312129684465
23	7.66958469703086
24	9.355849810080498
25	8.079632189493855
26	10.39979895647878
27	9.569058635358456
28	8.057702101752401
29	9.527050805203409
30	8.592714828482556
31	10.289461588663395
32	7.68510396774472
33	7.001608311754305
34	9.028645166668028
35	10.009738521424735
36	10.738046450014881
37	9.835968437286372
38	9.964403791837709
39	9.754235431342279
40	6.931308414332262
41	10.401344392012785
42	9.280934668020915
43	9.058675656911143
44	9.416836400821683
45	11.175257289134677
46	8.682014652507842
47	13.046259363237017
48	10.778262175572936
49	9.445478402887012
50	10.981093822429017
51	12.248474442867364
52	8.206549921680756
53	11.443696209625655
54	10.142759324794316
55	9.596098752902972
56	8.906284663785032
57	10.223285383454378
58	7.089939409571189
59	9.295230821498546
60	10.989491287636923
61	8.145743933474298
62	12.401950267192529
63	10.276477538846532
64	10.315229650693851
65	12.152065807866679
66	9.204000455056722
67	11.313132557119065
68	11.321967821056429
69	12.822746493774332
70	13.669144777913852
71	8.943715826241185
72	12.943877940973325
73	11.993534302997745
74	10.180954705806224
75	9.504436933844845
76	9.757940563857495
77	12.56899184853309
78	10.329894055662288
79	13.028307450681936
80	14.157259723073274
81	9.270691373674357
82	10.779567112032215
83	11.62283927535664
84	14.040527124346516
85	8.593106746968873
86	14.133402191555898
87	17.38442739143766
88	14.56085409440605
89	14.14520517842974
90	12.831809773636095
91	21.742293755477924
92	13.663782804502734
93	19.815154574083397
94	16.420831381831466
95	18.595061911099453
96	18.525846455752674
97	16.646558579762463
98	14.858917221846822
99	17.87642656907548
100	20.323332167978524
101	19.346652246450947
102	16.81880864890242
103	27.797936797990825
104	20.249021476294004
105	27.877825438468385
106	18.689268093892306
107	30.639374552931436
108	20.483380930505536
109	30.299544624645634
110	21.677369119560307
111	21.513468791624213
112	27.737223815490992
113	24.185059974971665
114	12.205946874681347
115	15.838982541268798
116	22.097206007931803
117	22.931350556185095
118	22.191289793879946
119	20.47449948807934
120	23.79884036968791
121	16.695449036783987
122	22.110018560445624
123	22.948759941897208
124	21.392762207711232
125	14.286150221668095
126	31.410729865921724
127	13.773983907112559
128	21.219986296835028
129	20.552364944131455
130	16.16859102442563
131	21.592092076300506
132	18.81560552577581
133	15.930261446180284
134	20.82697077690659
135	23.791109729627134
136	15.048252750280051
137	20.215882068564845
138	21.99753860959554
139	24.16082592989557
140	18.02321119039168
141	24.3524451710171
142	19.048085815341825
143	24.26592550691048
144	14.207797032312573
145	22.104678791896184
146	20.722589070619453
147	19.150145071341075
148	21.684471122387595
149	22.29019339853623
