0	12.04322019201806
1	12.575060770579691
2	13.796736142507449
3	14.399826944422719
4	14.623612039754525
5	14.976584402367319
6	10.925570559687069
7	13.127747773819918
8	10.818808384286418
9	14.051481775625883
10	7.887991290728093
11	15.845397080005613
12	9.950906800728273
13	12.725361515898305
14	11.011365262157684
15	11.744247678996176
16	11.84019367773498
17	12.307816974364915
18	12.357637124198057
19	13.393353815118001
20	9.940567400183001
21	12.72377742828999
22	11.583317822307153
23	11.74312719067601
24	10.559918685885078
25	12.71793303425004
26	10.584969297362411
27	13.837939534750817
28	12.353741371980739
29	12.825181230759423
30	14.760243339044514
31	9.329534326440855
32	14.879044588333716
33	12.613296621190113
34	11.336697044861094
35	13.855525249013432
36	12.545156812318757
37	15.642770565003083
38	11.538579648565124
39	15.236417429160324
40	14.321159965695463
41	12.710269983389521
42	13.841576524696853
43	14.05931830897759
44	13.377690511430512
45	16.21179427675711
46	17.192939613335497
47	17.316866675271243
48	14.888800105190782
49	14.975285896454002
50	15.741055267305015
51	15.038077922278461
52	15.955308927034384
53	18.20666463627273
54	12.009540927453562
55	16.347382726563637
56	16.669025116800942
57	17.491360052663023
58	16.059889760780397
59	21.08780298912264
60	15.498752239061357
61	15.849834207327117
62	16.305529018223652
63	17.491360052663023
64	19.026530239049798
65	17.03494497596658
66	19.659909118207853
67	18.716020748886052
68	17.236968804947985
69	16.874233822750956
70	16.168091058030583
71	14.052022038443113
72	17.545764994008383
73	15.746220258456509
74	13.385260560623403
75	17.69022757580814
76	18.68409360766569
77	18.80425371897593
78	18.688449475948133
79	18.838230255371972
80	18.103643746897983
81	14.718845013026518
82	19.449481577956806
83	15.134134719339317
84	18.922602710237836
85	22.40064276081405
86	16.122005289049742
87	12.880624316747639
88	15.07783079520823
89	12.558950075688141
90	14.98117086854545
91	11.414169178750335
92	11.483171815669168
93	10.821993300937928
94	11.333675409696387
95	10.70938562120662
96	13.395924810793176
97	9.375241567846453
98	11.538579648565124
99	10.148378367394404
100	11.401985237571175
101	10.899776681445402
102	11.48339014021911
103	15.809318843838781
104	11.242410356384894
105	12.391153756156356
106	14.82567694581284
107	12.252246973055405
108	12.669246512588117
109	11.075278747625507
110	12.714769134023566
111	13.75409943659286
112	11.737643955018394
113	12.216658514516835
114	3.5212531369631033
115	8.048214237451392
116	6.451961186144816
117	9.994256844361622
118	9.077095881698426
119	10.001345763547707
120	9.063461406787923
121	7.408366272539111
122	9.203162379573902
123	10.510464871208331
124	9.889798420101576
125	9.274335903377208
126	11.792122816390263
127	6.659844840132571
128	13.4016487259635
129	8.781150442295102
130	10.155775693190382
131	11.742567447683511
132	7.941911835055715
133	9.997374630463508
134	11.848440265237977
135	9.995957327878672
136	13.281920616108883
137	7.504526669139191
138	9.461580881286618
139	12.156419989503
140	9.382482709237674
141	12.76281096941511
142	11.246781882227335
143	9.922222932806566
144	9.671063078288398
145	10.682474825702386
146	11.22881198058847
147	12.310876033555841
148	13.230190739265263
149	13.437772387641166
