0	6.242168149049521
1	9.456827274117796
2	8.621606269886136
3	7.425688895117694
4	7.2736892554955075
5	7.2368838933904645
6	7.084634466409665
7	8.622156020522102
8	7.254812459250214
9	8.280348497834321
10	8.621527823990352
11	9.47603865329393
12	6.400706530428104
13	7.426155456435915
14	9.817233243586024
15	7.620840825060656
16	7.573417782168664
17	6.062904730255308
18	7.080213078363133
19	8.987086085449603
20	7.236625658311928
21	8.469127361580695
22	7.410336851886999
23	7.340480530227643
24	3.4116949286082594
25	7.767592364011223
26	8.554114667355922
27	9.542138174258834
28	9.048482149022954
29	10.074014203003935
30	11.466731908895998
31	9.02815357660559
32	10.842224218627527
33	10.952593810761302
34	10.22166785447306
35	9.47551550378458
36	7.511162071881093
37	5.974675864351353
38	9.496910619803357
39	6.8982261255854285
40	7.170368258972596
41	10.010238350982943
42	8.943935246252048
43	7.6818372877109296
44	9.305556803420206
45	10.970463337030637
46	11.231381610053552
47	11.18312805783862
48	8.877506807400925
49	10.757215651330188
50	11.013143306692031
51	8.792423035173936
52	8.109596531235981
53	7.27414649268075
54	10.131791305718512
55	8.451019735443024
56	9.13414012935051
57	9.84565777014554
58	9.959175992273899
59	8.62231352449645
60	11.866347270375751
61	10.697332970843503
62	12.724078789017542
63	9.988785751630749
64	12.177599456348402
65	10.354036079644619
66	13.03217191892621
67	12.549802672734359
68	8.622156020522102
69	9.903188897749686
70	8.208111958423736
71	11.022991881753878
72	9.962568656575371
73	10.159520660888619
74	7.425488889374287
75	10.15942685563106
76	12.497954986249221
77	10.047925812661822
78	8.109082644163635
79	11.099585950265402
80	7.425822404394685
81	12.037715632354349
82	10.271079673040113
83	11.525168174176354
84	8.94099903814344
85	10.351344946953025
86	13.376979525427691
87	15.795007794851696
88	12.55086344858095
89	11.013758049962236
90	10.500882313788532
91	6.842618427562417
92	12.266790557653547
93	11.355098250413777
94	14.466646421145253
95	11.264855988297668
96	13.888708325851091
97	13.318815696639232
98	9.646151498630209
99	12.892752833758797
100	13.233783425368374
101	13.404601896035784
102	14.561003656350412
103	11.915955139831652
104	13.78164617021518
105	16.644435760200757
106	12.52146877804433
107	10.699225457328254
108	13.030214704419896
109	14.430195930998275
110	14.94111783918679
111	12.209674193922972
112	14.803862413789998
113	13.545766582210197
114	12.838856027196337
115	14.478578470072422
116	3.49704853712179
117	3.496474864233174
118	20.412874537645134
119	12.209674193922972
120	11.86257443964918
121	8.283356479632479
122	8.023675114192516
123	11.26937101269315
124	8.024255513162068
125	12.465685306747833
126	14.257884934486095
127	11.206621771784011
128	13.58349681728234
129	15.790500811267076
130	13.204299923129481
131	16.138312539529768
132	14.808788857792356
133	17.504914981563758
134	16.39314378830948
135	14.478168803194938
136	15.113791584425735
137	15.452660502803434
138	19.599082100468635
139	13.581060202417442
140	15.152298225495242
141	12.640906886387517
142	14.772270578465296
143	14.086942712101202
144	11.868124191868898
145	15.683420677822918
146	14.570754317582962
147	10.3045869994648
148	14.289125409659421
149	16.1455417973818
