0	6.9862675477696445
1	3.608642256031175
2	4.52788586029981
3	7.321642805555544
4	4.183178180969998
5	6.407406776710027
6	7.670062070121215
7	5.465026707068869
8	5.0039820813014
9	2.912642120773834
10	5.692494798314967
11	10.341210827013066
12	8.494106651867117
13	5.93859642108772
14	6.641246837523878
15	2.906339120625248
16	7.658468461124222
17	5.128660067225834
18	4.526823882446701
19	5.936452450884927
20	4.532574419480612
21	8.71576702060956
22	6.167316663894493
23	8.488728255157318
24	7.226587970414187
25	5.337173506463215
26	3.614707882218901
27	9.18300855633929
28	4.060518679262586
29	6.4007630156998685
30	5.466930313844904
31	5.925972601545729
32	8.039484736331078
33	9.189718554744736
34	7.086586208312922
35	10.336435505052137
36	8.960403725320395
37	8.495452689823283
38	10.577615902030315
39	8.034706171992841
40	8.711624769120167
41	11.995779700632701
42	14.495419003028376
43	12.809548602244085
44	9.868239587545975
45	11.976948581913247
46	8.60481115205591
47	16.17874327332392
48	6.8536054732457385
49	7.460137878199998
50	14.843911444248443
51	7.326493696052322
52	21.181119252613037
53	25.781817254131425
54	15.115051562171839
55	22.78625228249827
56	25.22608808442149
57	22.68105959840611
58	20.49587362579613
59	20.811566465541176
60	13.225389227902768
61	12.324768721780211
62	18.845370008775397
63	19.759376213529954
64	17.936739747560352
65	15.662059158717927
66	16.85745751772906
67	20.792568428021998
68	22.906511761034718
69	16.08953185373472
70	17.052550363966592
71	16.188584742215262
72	16.48092443274836
73	20.11504617528405
74	23.816162184979973
75	9.915191166500486
76	19.991803076470873
77	21.619001073851415
78	21.748969387645808
79	13.469808670252243
80	22.870624184297114
81	18.87887031187912
82	21.67322808214155
83	21.290852897580997
84	21.60345055090042
85	17.80406288362933
86	20.81095909638403
87	12.421953191388786
88	18.163143879267498
89	20.093972343282232
90	14.547501348394324
91	1.632869809434574
92	15.870385385044768
93	19.026455484803503
94	8.814331459882993
95	7.227520357309287
96	8.235276280476782
97	11.1634956556092
98	12.672290095088403
99	13.719560405593894
100	14.924001592826
101	15.881968566788368
102	15.684961427553414
103	11.050170008697268
104	14.30557574337163
105	13.160357405073997
106	10.936677428634052
107	12.87562624213601
108	14.417015293276538
109	14.29953837430552
110	14.766168568079678
111	18.719619362918667
112	17.78615551830759
113	12.092511219021985
114	17.206003853305347
115	13.603448877321176
116	7.266203796408219
117	11.84076989700908
118	11.628741959774954
119	9.908735275795737
120	10.343746689546794
121	12.436152893288384
122	9.395414939072348
123	11.751703027005775
124	10.929534280964129
125	10.920851769397588
126	10.822815785674715
127	14.764324893793406
128	8.946761803184927
129	10.729926259241577
130	10.904662482000939
131	14.184530330715653
132	9.75337875530871
133	12.719249802557949
134	12.295840099625067
135	10.728094372860799
136	11.73685876891134
137	13.364571134602869
138	9.866849647568618
139	12.82315605112756
140	11.611426704988949
141	12.104493150504009
142	15.80994663874504
143	11.749467751996168
144	10.78493588893428
145	14.915952330265995
146	13.48746287939991
147	10.118427472056172
148	11.156517284130564
149	13.6860200303785
