0	13.68809140826641
1	13.560489782839086
2	14.82745460194817
3	18.754686310466305
4	12.673138817724087
5	15.364610575670014
6	17.374507546737227
7	16.691269171977606
8	15.704469674731147
9	16.51356782856174
10	18.125036179336433
11	12.136464200160145
12	12.167170870657124
13	15.080418770001344
14	19.566368078830305
15	17.990560571761634
16	13.943874740590934
17	15.79997871491992
18	21.216889389731577
19	13.939130353496298
20	17.191483748179245
21	16.34703333561396
22	18.551815102912833
23	13.019266785772867
24	15.968027659337803
25	18.665225850657073
26	20.164034062857812
27	17.681755009081243
28	17.625738413835723
29	13.05345846519657
30	18.036494104678958
31	16.09135435354872
32	21.369721617146883
33	17.106520398655963
34	20.402297334105754
35	16.507097020362735
36	14.924131779904462
37	16.09549316973849
38	22.047665040713845
39	13.813622177899202
40	18.668276265604185
41	21.750430324818947
42	18.62531356374142
43	16.982592595141792
44	18.75594636190139
45	14.984725836915786
46	16.693176746985912
47	16.346566639981454
48	16.601205348700883
49	17.278120854898884
50	24.2079182518852
51	20.476558895686026
52	19.385549167411078
53	19.008438505008137
54	16.980970980826836
55	18.797966707305413
56	14.667528740220428
57	23.249008395841777
58	21.409272760925617
59	16.942466742477315
60	17.529996477869386
61	18.71000186043956
62	17.74011653292117
63	17.23551245327626
64	21.0351774485742
65	17.487746789295255
66	6.081090833063039
67	28.91300359069057
68	12.927372588045108
69	11.406756637827979
70	16.205675108136234
71	18.177111755753735
72	7.336719686962509
73	19.89780152020202
74	11.152114244260758
75	13.431007309052516
76	8.874666964822742
77	14.574614195224546
78	11.811264432310464
79	11.410482438336768
80	10.494184149470632
81	12.03956829759441
82	15.624338782584255
83	13.528578791361085
84	11.685161078295083
85	13.15166148599282
86	16.264673767910576
87	12.640124167967544
88	13.687445276912738
89	13.940579228571812
90	12.198731512217243
91	12.387443762475417
92	13.723083547651099
93	10.11360005165471
94	16.65029489552984
95	14.540859909417419
96	11.904968861855618
97	12.547743205463847
98	11.556874888179985
99	12.90757844307729
100	15.199028291517838
101	14.573233399781289
102	16.60041363196805
103	15.71448035153846
104	12.673853106946044
105	13.341559599253182
106	16.30553962745691
107	12.419056096867592
108	12.700950090140374
109	12.930900803565644
110	17.821603401317578
111	16.477180459034923
112	15.333366700145174
113	12.673734200684002
114	13.685119353868101
115	4.320216961716517
116	13.425103834886949
117	20.992899029794913
118	12.923846418213046
119	12.273728667879892
120	11.299866487121678
121	12.80055212819188
122	10.139310369237553
123	18.93206860598799
124	12.387443762475417
125	8.763061704267244
126	12.649012550323244
127	11.785967931184114
128	15.968484196088655
129	13.433666809975186
130	13.323299143643595
131	10.886400896497362
132	1.2707588023107084
133	10.26904329109759
134	12.547743205463847
135	7.877215846065699
136	9.609194107358157
137	6.085450873832674
138	11.787842092505018
139	6.481037228787921
140	9.84307609703306
141	9.00922823629318
142	6.849836612247179
143	10.16337114981205
144	7.2100667329247035
145	6.984527047912019
146	11.005360670256051
147	11.0258422193671
148	11.00924635853839
149	7.887642854224774
