0	23.406748079538623
1	21.395382560123092
2	21.597952817135308
3	14.730933420492862
4	21.67540969468529
5	23.131949706989015
6	21.34895469012339
7	26.34042984111687
8	22.443904788270288
9	21.220383153635105
10	20.44178628933495
11	24.841308184480855
12	27.036814187911204
13	24.837460282739585
14	27.228435880741788
15	20.910341265821845
16	21.401149185781104
17	15.209973350327257
18	14.877992502682751
19	13.771151742754343
20	12.269642289546407
21	15.11810934324151
22	12.246923682387532
23	17.727884710615083
24	17.538014937231093
25	14.62830491806346
26	15.86467455771085
27	17.401730621206113
28	15.85037945031349
29	16.8391261181212
30	18.693113753014632
31	14.443951679067997
32	17.32449034063624
33	19.3204302239252
34	16.794932776673726
35	15.32707840362286
36	20.068245807347747
37	13.76661239381796
38	18.357566006483584
39	17.151170419608906
40	15.063901133276827
41	18.44011578977044
42	17.777827458536304
43	17.774771544958313
44	13.374361809499925
45	18.378847251505736
46	17.58670306506911
47	11.768666161237004
48	15.965645136062788
49	11.100662677208714
50	11.95857239868148
51	12.628564368097141
52	9.19094431857649
53	11.291667767752754
54	8.334127238160798
55	8.812638893547428
56	5.9458362154706
57	7.2863089143747155
58	9.955248026391969
59	11.961698112006042
60	10.148835737789152
61	13.290813567840946
62	8.427464866008977
63	10.435383633410057
64	10.146404231381966
65	9.574122395983808
66	9.572280108978953
67	11.293452350019486
68	11.29355716030817
69	7.664625771912913
70	9.669606832891906
71	9.00158341379355
72	10.909765417658624
73	10.527400315039024
74	10.146964968078688
75	10.528470338177952
76	11.488240439508584
77	10.238966460773472
78	10.906733079011248
79	13.09958701097953
80	11.5795923899347
81	11.95857239868148
82	15.583470116015885
83	12.81758169691941
84	12.150038188571719
85	12.242574212455365
86	18.35510704937406
87	10.334619022392417
88	16.443876439835254
89	19.01576225058589
90	16.918475929391633
91	19.252458438569217
92	19.877448354909646
93	19.55023723392904
94	14.684671259465093
95	17.1716346757501
96	16.14477371200428
97	15.064140972477754
98	15.876733973880668
99	18.007164088376058
100	19.88451060608222
101	23.792015347652637
102	21.155618566268565
103	25.112463106742844
104	23.380455808820685
105	17.407878222553023
106	20.436681598546468
107	18.164265702218902
108	18.348611597493708
109	21.464298791647945
110	15.42046885675548
111	14.11291158881734
112	9.309042935248094
113	10.79028658893371
114	17.060047143311326
115	3.276260571997617
116	1.370141275852652
117	3.850981490946448
118	5.377986923682598
119	5.566161066745828
120	6.50752291197183
121	8.046483783116702
122	9.504149632321747
123	9.193294577336662
124	7.456834334752754
125	15.011686518140554
126	7.398168916831228
127	12.43471852055644
128	8.789377853076452
129	11.317126032245065
130	10.425945555358323
131	10.602103622361392
132	7.9747134004322655
133	9.569210477910916
134	9.196486230885593
135	7.475947824584122
136	7.759094837031869
137	8.335333011477717
138	12.97804456518827
139	13.608933392755239
140	13.362691075406675
141	8.334127238160798
142	13.714248038907389
143	10.33052131528077
144	5.7470530565327955
145	10.746231282057597
146	9.57201670815135
147	9.670051057164349
148	13.486749096466593
149	21.592753753455906
