0	16.992527837720438
1	18.259274407977575
2	16.421138216323456
3	18.980575445611628
4	19.5694941148758
5	13.053522796882056
6	18.54010782949798
7	20.460405144919207
8	16.776149528863616
9	15.979210572598527
10	17.444370833991947
11	19.784976972896207
12	15.969634471982186
13	17.01460520837742
14	14.671574440897748
15	18.190066155981466
16	19.55515155062405
17	16.34736725024113
18	16.048370782714315
19	21.037748157758163
20	20.26870754915025
21	17.026480886095623
22	20.079098019951925
23	19.19816664390373
24	21.61604348614747
25	16.602429753938942
26	20.626496865133568
27	20.408507629482585
28	22.299431735713576
29	21.90276887231577
30	23.377395587314382
31	18.25192689724742
32	21.018500618720605
33	21.241508564653493
34	21.474120449024053
35	8.21000053608126
36	21.594790393960526
37	12.397788051089782
38	15.757863034205098
39	16.624089133397813
40	17.613569560583457
41	16.931716525531897
42	9.39741525150902
43	11.962717318995965
44	10.349217154917676
45	12.180404060096611
46	8.957298769339213
47	11.007499487326589
48	6.619301565478624
49	12.471987644752682
50	9.104877517366308
51	9.983320050567556
52	8.373457256971264
53	13.496762201884891
54	9.54491274553403
55	6.472836517601788
56	11.443898895576359
57	8.961148462448
58	10.12950861859778
59	8.667966617499332
60	9.325735695899175
61	13.495616454388445
62	8.305373367799648
63	15.240789728767323
64	9.618765684962852
65	14.441913574634603
66	12.326606387532765
67	17.594864948175935
68	11.812507850821046
69	13.420441568329565
70	9.105794971478618
71	6.1798247433134526
72	6.32460246271347
73	9.108964443116335
74	11.005041972625135
75	5.594810927140586
76	7.645627461106309
77	10.710455239654493
78	8.667492754012304
79	11.450841107456526
80	10.134098182064593
81	13.048857037930006
82	14.228190588580047
83	18.461131628253565
84	1.2063806309706349
85	21.801995314890583
86	2.3028839573903688
87	2.085342242813359
88	5.079121114334229
89	4.722070290563763
90	11.810520030217827
91	11.372999345560423
92	16.05800004314916
93	18.248429321469036
94	14.378995153099128
95	14.654208182687922
96	13.161247019283548
97	18.83934607388668
98	12.658727510172051
99	18.89456121672192
100	17.22609167829587
101	18.471217940038184
102	19.57231502101871
103	17.999195390744717
104	17.472936467530463
105	19.34276970415669
106	19.864422555723877
107	20.067902498191515
108	15.107349134994134
109	20.300695626810917
110	19.120074433119875
111	18.123319584221672
112	10.748647898062366
113	10.380071780613248
114	17.368902785900897
115	15.398828080029903
116	17.7364371014264
117	19.711833031055452
118	19.56291389051788
119	14.887862445595738
120	19.85354064390673
121	17.9636005097689
122	15.244840632492371
123	20.72766454376013
124	20.236495089411974
125	13.345668312090872
126	23.00953794793805
127	18.83302222395813
128	19.275560408813515
129	14.879535266719866
130	11.080332328096869
131	15.984079119459134
132	12.86215712565344
133	10.896360018608496
134	14.747580503458336
135	16.440102357649693
136	18.238003773161346
137	14.523977609030801
138	16.557169930838732
139	16.564115499321932
140	17.81298861767549
141	14.240318302920699
142	18.68190641442156
143	11.853725338819816
144	14.079616605949115
145	17.19714016255309
146	15.096027136847379
147	14.963012465883942
148	10.42438709913638
149	14.226575878012062
