0	30.82699461566601
1	21.94497081518995
2	13.759971901252644
3	35.35990414094086
4	14.489417954073579
5	24.196371691665643
6	17.1493942810961
7	22.345940435812967
8	21.209153863706963
9	19.344121187476794
10	17.789440706653362
11	24.056770830124044
12	19.627790414345206
13	22.930767721321768
14	27.76260263439454
15	23.920705199972183
16	20.412091895438795
17	21.512503510710577
18	23.15815783517695
19	16.78460272504472
20	18.52589908597796
21	15.593840849606812
22	18.472712507892574
23	21.739721745462088
24	13.911059395682587
25	19.965397519020772
26	15.955660678240896
27	20.983047022337676
28	12.241749372705433
29	20.932468612409586
30	19.81060004115896
31	16.425186895425096
32	16.822095351245384
33	17.27951857433604
34	14.318785474354959
35	22.513753058958784
36	12.206897196018517
37	22.273594732443996
38	17.37635360618504
39	17.657522254610473
40	19.686141998487255
41	17.72852987215814
42	18.708630809481598
43	14.36261371520903
44	11.935322164662033
45	19.5286100617092
46	11.796839382594335
47	14.03988404236057
48	10.654366519056767
49	20.12311426444278
50	6.307287075279796
51	15.825618116529041
52	11.933158247814365
53	13.308796114850088
54	8.549698998538238
55	9.967763222758274
56	7.7717827951183045
57	13.077152757733055
58	8.047007017717817
59	8.641517066199565
60	6.902741991721309
61	8.04543134501175
62	6.857690200362638
63	8.412379314470858
64	7.588729774737694
65	11.203134663982546
66	6.719817307891339
67	10.791407142273446
68	15.737454527658299
69	10.836845586160484
70	10.513332963854504
71	16.417873302039133
72	15.411904885897792
73	8.274908005852593
74	8.503713548856052
75	8.594721441383578
76	15.916202890252007
77	10.882281301501859
78	15.413391661778519
79	15.773620626033326
80	13.9047757746684
81	16.972083832843612
82	18.8635633034519
83	15.74873037620191
84	14.896912551515726
85	19.88838889188432
86	19.077449538580613
87	11.036825815693236
88	17.2533710375717
89	15.855411483254242
90	14.31158559458832
91	18.609932900389058
92	14.757388328966076
93	15.054195418876434
94	15.461034386096351
95	14.626755562657323
96	15.923586401331264
97	19.133102162785775
98	18.99386311711425
99	19.48399989120091
100	19.48210623273795
101	19.443155417151214
102	12.861425621302384
103	20.270034484954387
104	15.710296718720953
105	18.395667670091076
106	19.498406624915784
107	14.094983560616853
108	18.511773506198548
109	16.64790376428601
110	5.941631778391075
111	7.516762606481982
112	6.656953714607776
113	4.295036537190763
114	1.916336765216331
115	3.380056489760695
116	3.8378196613871776
117	2.694615345234115
118	3.3339225479882053
119	3.1972685631542337
120	4.020811498022129
121	5.803456730392458
122	3.51805970928104
123	4.020811498022129
124	3.4787916005756925
125	3.188805212337825
126	12.31060533257408
127	9.302760923818612
128	5.3355228606887755
129	5.9881372125483905
130	12.163832214637113
131	7.954839470583805
132	17.96949003125027
133	10.788186350062299
134	20.54533886793479
135	6.39753951169542
136	6.203074455956641
137	5.57689647351363
138	6.3067109518732805
139	5.027176744042958
140	4.947351845841316
141	6.033721701006592
142	5.927850434938574
143	6.23201460490206
144	15.051484993122347
145	5.209558668776047
146	3.8382148326440166
147	6.138420767414825
148	11.340484963420177
149	5.008248107093754
