0	10.060012762860158
1	9.409933752940926
2	9.889939201587366
3	10.776271537591553
4	8.44976769073784
5	9.427372730406987
6	11.476047805329035
7	12.003102976080514
8	10.543149793954
9	10.264183545817325
10	10.942911255934755
11	10.104868953936691
12	11.500258054113738
13	11.945669058057556
14	11.650930237640551
15	8.230725695548088
16	11.540330825999925
17	9.763645080018012
18	8.970433156519924
19	13.626528866080223
20	11.25921459103135
21	11.825146951603537
22	11.057263333326988
23	11.128614204207885
24	8.784340434109764
25	10.265147912129757
26	11.4988436144162
27	11.073798355339664
28	11.98442403765475
29	11.92367425452623
30	11.06091647882619
31	11.91561548250781
32	13.797806355802251
33	13.26413168228237
34	12.443875275149274
35	14.250505322717363
36	11.182265578443234
37	14.128237359528567
38	13.931795165572254
39	13.425605689399728
40	12.408428154273134
41	12.089996810365257
42	14.009364027468973
43	14.131885164636943
44	11.490908501928134
45	11.348456329707746
46	14.57515255421984
47	14.103624518558274
48	6.23370999223094
49	12.341896179361964
50	9.955727293346543
51	9.780825188758104
52	11.217248185074832
53	10.043256093904944
54	12.113680827333129
55	13.080135416848652
56	13.651499773238081
57	8.2591918267544
58	11.877526124661694
59	13.293973147405325
60	10.437821075898215
61	12.337090009734872
62	14.963911320010428
63	13.735532388517706
64	13.70594861398465
65	9.18902764615686
66	12.050336811347519
67	12.743270360301175
68	13.313903521402683
69	12.94493162104477
70	12.81229311272014
71	16.08281736264375
72	12.036189974105584
73	11.696873249391789
74	13.476023698079171
75	14.186500861534372
76	12.601376805120431
77	14.503530966910231
78	13.966978945879706
79	14.771033041690632
80	13.366928423332597
81	13.417379544930146
82	14.195911873633538
83	13.962976724605552
84	15.107622884754885
85	12.728125456831478
86	15.804191778141545
87	11.43531049536087
88	14.280423640182615
89	15.435651354484339
90	14.331999169687807
91	14.178920121419553
92	16.646054470247712
93	14.061376312431083
94	14.577026198191522
95	12.235414827765027
96	15.253674803110295
97	11.524466597358689
98	15.283375758129225
99	13.433661537305587
100	13.881594514591585
101	9.120025639949597
102	9.45891660898716
103	10.182375077215879
104	11.138725393639156
105	11.262939389424286
106	11.027413324969793
107	11.792425240525153
108	11.596769889108574
109	11.900497082318081
110	11.446424719832695
111	3.249859362309955
112	10.092270951571255
113	12.792285615153222
114	9.847666398134319
115	8.353901372204376
116	10.225291605982612
117	9.742180483619851
118	10.42349422630812
119	10.516954934959376
120	9.035746470143943
121	10.168151373520063
122	9.181236185402987
123	10.509131308268529
124	11.856140852078685
125	10.710429451650253
126	11.750071668784187
127	9.099731926776679
128	10.787652047714197
129	11.369943393546857
130	9.66043174632412
131	9.851007820213502
132	9.703707054351025
133	10.884268589695003
134	10.742917467528882
135	11.322604579906226
136	11.619051836282178
137	10.4096917135231
138	11.887312260421252
139	11.781919806757818
140	11.261023543745829
141	10.80313820778076
142	12.0349361901626
143	11.056533477297963
144	12.615829777077238
145	12.927172207981835
146	10.807141282790365
147	11.95566429206663
148	13.492350071585205
149	12.003456020684881
