0	11.117826932916719
1	9.676241423661013
2	10.396935832693016
3	16.199377714652773
4	14.957731081951787
5	19.240450664971373
6	16.93332898621905
7	14.926822432789756
8	16.88482265893068
9	20.248261885701915
10	12.55929250851895
11	3.669853664521738
12	13.557159233535634
13	12.525152670403038
14	13.798235602421272
15	11.089781499921212
16	18.35175034429441
17	17.3433650632989
18	15.198802900825795
19	20.490325966160547
20	12.079114218598836
21	12.557009750618823
22	11.600565973030848
23	6.080079977100888
24	11.36988817839909
25	10.612635662465294
26	5.8324363911327834
27	11.357441964185616
28	10.637802933256769
29	14.241810148154498
30	9.436332855834163
31	9.436866103547832
32	12.08915664043582
33	12.064026314442405
34	16.40966814090231
35	14.00086362573624
36	14.234965512392412
37	17.37344706320976
38	8.473730626521423
39	19.82440168285482
40	8.692700581199968
41	14.000728300325957
42	17.88875407785858
43	14.926249578861057
44	17.846263564303783
45	14.481526454513366
46	19.289059727967516
47	19.766762886436613
48	19.780033534733978
49	15.913583802654916
50	18.848009398817513
51	18.52753888994373
52	21.00323325263689
53	20.69414619093829
54	19.286624388866304
55	19.575981360345114
56	4.137916195855998
57	15.925880343632931
58	3.6712912748136444
59	18.94734143955952
60	1.7480859770561916
61	1.7476773268796881
62	2.9486501420743525
63	10.397132525848422
64	12.080383498687755
65	13.485276078324258
66	11.164333138698574
67	13.018364222583209
68	11.145915065753128
69	12.049895092779257
70	16.404115423088932
71	14.961911037214433
72	14.962919614426745
73	11.597913270008089
74	18.36674080152202
75	14.243864567617942
76	13.01251550614222
77	19.764264420237105
78	18.085665334283053
79	23.371759523123682
80	14.240714301630524
81	18.567279477427284
82	18.565838830257654
83	21.739468509338554
84	22.550394032679286
85	21.738194492207512
86	22.388404617388282
87	6.318544743943608
88	3.909865805215216
89	11.595482400816781
90	11.842007914656064
91	8.238963665568097
92	8.230966985533957
93	8.234194246655106
94	11.599128693971467
95	12.1069761434188
96	4.380497084546948
97	9.678067519467492
98	12.593143242059847
99	12.047026694671173
100	7.754055451127987
101	9.67706321245779
102	9.676880201983655
103	12.559051753413463
104	9.455755768212006
105	8.93631935504633
106	12.586502592027596
107	9.177242596994596
108	13.540610626684195
109	8.241658749131432
110	12.05150171292436
111	12.559772257501685
112	12.559051753413463
113	10.157250406198898
114	8.253152083868121
115	12.523600818763303
116	12.56650441810632
117	7.754920142554433
118	13.520858048898498
119	11.142834187190049
120	12.05173090021106
121	7.273800404819222
122	14.480550575385315
123	13.522025923990297
124	12.560493743220816
125	10.636491028579346
126	9.676058446127394
127	14.962198880856482
128	11.118672917224027
129	14.962342806988161
130	8.734179838560664
131	12.532084850762665
132	14.001266610858382
133	11.598576120533949
134	15.00108259095962
135	13.965170150042837
136	16.447686336184027
137	13.006547279061161
138	13.549856925972358
139	19.24343409018887
140	17.846955788621347
141	13.520598979274988
142	17.845744110184146
143	21.68966508823679
144	10.157057779009657
145	25.121964354158877
146	23.54441384468036
147	15.925725627239741
148	17.88753783293645
149	27.440735784908796
