0	1.9368213918740653
1	1.9365368953618836
2	2.2756155084048157
3	1.598020499438681
4	2.6146672098725836
5	71.0219553173594
6	85.07257368783736
7	85.47858967457783
8	3.2926350371768733
9	1.5991086919624102
10	94.99142005450658
11	2.9543968406395402
12	85.74537180008835
13	1.9373228567351362
14	2.279758228283259
15	91.31142415583062
16	2.2762593243822655
17	0.921399020711984
18	65.55482506599049
19	1.9402168974402954
20	1.59558811110091
21	87.30685564456186
22	1.9372686127722454
23	0.9206388536459755
24	87.81708998816245
25	2.6156231763602027
26	78.81283932931625
27	1.937390642538387
28	1.5980306424124353
29	1.937092375121206
30	1.936834918273564
31	1.260896095537253
32	0.9197776384001229
33	1.937499154345399
34	1.598457512078705
35	0.9206016219604303
36	1.9369298125499035
37	1.259355058394239
38	1.5977259873707998
39	1.6008015609703121
40	1.5957903400976239
41	1.59821355346311
42	1.5979595701646074
43	1.598061148247937
44	79.91847750051262
45	1.2609777225977576
46	81.54670340893614
47	86.76174066679866
48	2.953423953458129
49	1.25932801073423
50	1.9403531569420873
51	1.5957296779965362
52	1.598020499438681
53	1.5978580123889317
54	3.2928791113713523
55	2.2756832753916667
56	1.259321198697705
57	2.953376593538617
58	1.597969711921893
59	73.02522786856375
60	2.276581415960682
61	1.2592670604942318
62	88.20215654178726
63	2.275497023855313
64	1.2597685103849705
65	1.2609301128770738
66	1.2578817417712531
67	1.9396045239291233
68	0.9203039873977267
69	2.9508651660944727
70	1.5988848163973142
71	1.5995976626288648
72	2.947839540204165
73	1.259402497939687
74	2.275479990698451
75	1.598091655915311
76	1.936699464583139
77	2.614484242090361
78	1.9368213918740653
79	2.952949732775633
80	92.84088851943295
81	3.963329846007039
82	2.2754461777430235
83	1.9366317478940878
84	1.2595312237929102
85	0.9206625691497659
86	86.1345700691223
87	87.56292035921143
88	6.68155941919713
89	2.9530682701646196
90	2.952546688338025
91	2.2755308388412545
92	2.953305380504089
93	4.306744624734302
94	2.953684997108541
95	3.9778392496634343
96	5.6498038835671185
97	3.6320156827137886
98	1.5972895277940595
99	5.6629300462740355
100	4.308197290388817
101	1.5981220897065
102	73.12102058419721
103	3.963194795974766
104	1.5982542177212515
105	1.597929070428095
106	2.952807538878181
107	2.275547746840627
108	2.95717757903156
109	1.5961951156949743
110	3.2922284118283414
111	1.598101800309815
112	2.955988451735913
113	2.2773278758014155
114	2.275209146466745
115	0.9197709119091808
116	5.668678449103819
117	87.27286979564006
118	66.18776651939059
119	92.57689967635312
120	0.9203715776489281
121	1.2591181115839163
122	3.2979329001595987
123	1.258070614426967
124	1.9367671880426256
125	79.44016345402287
126	1.5985694192675748
127	1.5980712920332962
128	1.259470236977176
129	1.259097789400149
130	1.937390642538387
131	0.9207201561414571
132	2.2755985990524037
133	1.598010356667435
134	2.2753275907363006
135	75.11730533279517
136	0.9208319792640621
137	2.2758357393862427
138	2.2755308388412545
139	2.6158469914350677
140	0.9204223132583076
141	4.647228728919551
142	1.259409261139436
143	2.952760026955272
144	2.275632418094884
145	3.291577822714336
146	2.6142605754076915
147	0.92062533224977
148	2.6139963880824983
149	4.3089801566978085
