0	11.043707147420502
1	13.596649597639303
2	10.673318741789803
3	13.364260660758507
4	14.42421506081201
5	12.590642877950373
6	12.462650631236862
7	12.981619549820657
8	10.85500361923684
9	15.289670771501175
10	11.709361391206123
11	13.26860101034006
12	13.696725893138979
13	12.253119100586396
14	14.682992300608248
15	12.512260625725872
16	12.149562968626352
17	10.352083881725566
18	11.560446731375034
19	9.653666284061146
20	14.463548815704172
21	15.137902944756721
22	12.253581200820506
23	14.956082760665836
24	13.414737746182631
25	18.461963002518328
26	11.122125483423215
27	12.862983569561663
28	10.440314030422712
29	13.195630575785689
30	12.10511101376359
31	14.32608016179978
32	3.9832610926307632
33	17.912879595830827
34	9.200460226888271
35	9.653306953148057
36	8.520527279067975
37	9.06386036332
38	11.49883538935969
39	11.423800372830534
40	11.845961398407653
41	11.404191748327577
42	9.616979406816395
43	11.685210967929063
44	9.767835844793698
45	10.063156398965742
46	9.224064570826627
47	11.077404510844417
48	11.589272020888771
49	8.471726115923392
50	9.631983383358229
51	10.833415661332882
52	8.706581958633336
53	13.579428074063625
54	14.330860999738068
55	9.312363000241202
56	11.878370399570315
57	10.861334079868481
58	16.14404523118395
59	15.501534525880007
60	10.172469911604438
61	17.776213440978513
62	11.34853680528645
63	10.725471751607959
64	13.596003683184996
65	14.014942431646173
66	12.071022657397648
67	10.68068195980442
68	15.87199487570632
69	11.649429724860532
70	12.468310605832276
71	14.507671255839554
72	12.315589200508274
73	14.517177118769197
74	11.242331074737791
75	12.624508460469428
76	16.610916631548168
77	13.328975258731166
78	14.235896348131789
79	12.103624561395065
80	13.363624368973515
81	13.691906607774776
82	12.785304786829599
83	12.388254210387757
84	6.813161584158009
85	13.956134388997661
86	12.700942008402581
87	12.750756292138199
88	15.778308268426361
89	12.78433546900623
90	11.135213828368183
91	13.962642492388973
92	12.25415866281191
93	10.378895970164756
94	10.745003251600156
95	10.990869580639668
96	12.428230481293735
97	14.46285931658046
98	10.698023284605139
99	14.552479609568486
100	11.032471983382397
101	11.01446027578939
102	13.964066182897405
103	13.738081608231457
104	17.410110923781705
105	14.320843251828567
106	14.73434933558277
107	14.42560874485278
108	12.772840045212309
109	13.659954546321558
110	11.83087906806756
111	15.507749437155919
112	6.795292090482602
113	11.661117762466866
114	15.322899159917188
115	8.965173511096747
116	10.811167996503123
117	9.359768141423036
118	9.201142742808848
119	10.561029842182638
120	11.953981082989273
121	14.643203368710537
122	11.439125299599208
123	13.872492908713085
124	15.365869520082406
125	15.039716825279342
126	15.472815839574622
127	13.954736325566998
128	15.235092927035708
129	13.231459812243536
130	17.648291841728895
131	19.32051189736766
132	10.60420906644422
133	13.6105690816532
134	16.865913676798677
135	16.187369447765082
136	14.059638216599613
137	17.278314266721917
138	12.74367847126311
139	15.596394705720012
140	17.094551970006634
141	16.08811402864074
142	8.427385343694656
143	20.087338615969003
144	15.28265311411451
145	14.776468660908964
146	13.14029712043597
147	14.470003967081631
148	12.148644568290514
149	13.506788514904343
