0	12.102560478507682
1	11.938851921819706
2	13.52079959465163
3	14.519162911080457
4	11.77252458661705
5	11.88392826449325
6	13.697107126599658
7	13.947504977491857
8	13.900424544495356
9	12.10587900828038
10	12.943922428352549
11	12.508368173441474
12	14.851663125375149
13	12.47927101549063
14	11.907561914427006
15	11.066284050165851
16	13.178042921950611
17	13.11659401440275
18	13.839917497038076
19	13.878651083221234
20	14.322691466259094
21	12.647468828510506
22	12.811615130096627
23	9.23698197112322
24	13.422374791232105
25	12.27306348923257
26	12.082117981065714
27	13.318555546363083
28	11.761519542819988
29	14.230107843038242
30	12.96307204609212
31	13.303131480868954
32	14.547743594774976
33	10.896699938754976
34	13.844136752833274
35	12.773899832853564
36	12.830500505189779
37	14.15213962028931
38	11.590866425396717
39	16.654460372397587
40	15.055216991520467
41	11.46851258890684
42	11.67355967694853
43	14.82590718867453
44	10.611889448623161
45	9.503322428089753
46	11.79058133178307
47	11.32532436640599
48	9.22183689565311
49	10.890352610167007
50	10.545362720367418
51	13.178293540744084
52	14.35437784672514
53	12.114700535940992
54	12.101415810483157
55	11.910256212253664
56	11.759409980871164
57	9.960741721818911
58	13.407313486195813
59	12.105306740089903
60	11.733935314400915
61	13.17440353450386
62	14.770325285578181
63	13.867787960606245
64	11.646744191318854
65	12.107253197269758
66	13.173651240834111
67	14.677447103541667
68	13.92903099369036
69	13.77759364411614
70	13.849546653895308
71	16.173730394306798
72	12.026198310673713
73	13.478148264679374
74	15.687890057466682
75	14.614719048806249
76	12.426667035474674
77	15.346109799576672
78	17.056114758102826
79	15.030783328085931
80	12.444188501345502
81	17.83166344409432
82	13.3215950541692
83	14.182895207650768
84	14.661186480175274
85	13.060262610927667
86	16.059496272661868
87	14.74745800462226
88	13.11299118339308
89	14.190605517820137
90	13.867126248701442
91	13.136262048726893
92	16.597261845758254
93	14.919832337172233
94	12.276663410972725
95	8.71888063402746
96	16.679409173669345
97	10.217548671517504
98	9.069968203911714
99	10.637984671929615
100	11.239336326707571
101	11.756190928502196
102	11.212527149121573
103	10.218697847842003
104	10.523854941000838
105	11.760964360757786
106	10.218602191570191
107	13.640893498604399
108	11.068470743773839
109	10.895470587541274
110	13.007491695871982
111	14.223759225223148
112	6.644930208074317
113	16.876164586924446
114	0.8308511926024584
115	5.946107628450861
116	11.005832213170915
117	13.640893498604399
118	11.417862970038886
119	12.101415810483157
120	17.877469854408794
121	9.741960320814748
122	18.464286397547628
123	13.845060535796195
124	15.895411842102794
125	15.242827636593566
126	13.30401498911291
127	12.975994964292095
128	13.841894660666265
129	14.837559961907642
130	16.655607393728506
131	18.4375782592394
132	16.18350608626261
133	13.348119052274251
134	14.01510359667137
135	13.639339516572443
136	19.045245255794214
137	13.165504230031726
138	10.987190304602942
139	12.687355864481678
140	11.094046066060805
141	11.93264753995446
142	6.801814238750048
143	17.77368294337775
144	9.143455885981885
145	10.020467956072189
146	8.465945074263642
147	10.540421298276716
148	10.568454874662356
149	10.11803392860776
