0	32.71496539083358
1	27.551012364416447
2	25.182269167478395
3	27.842639826819138
4	34.48910321530965
5	29.20341301482427
6	19.046079022846637
7	19.197867613644974
8	21.09343225250967
9	22.72200418360783
10	20.483333230816985
11	18.613531530681556
12	23.220425297733023
13	25.289359065525893
14	17.967999177696182
15	25.766588233936062
16	22.931722246013386
17	25.52603289522558
18	17.193573751899102
19	24.517853120961686
20	23.290806564567962
21	27.189255599891688
22	21.02471443037833
23	24.727263518466504
24	25.521806256285817
25	20.680432630948367
26	19.923654993960692
27	25.483732053032334
28	15.298612534538625
29	20.217491320533274
30	18.195419103997576
31	21.668092054031032
32	18.095567929061456
33	20.154927755302815
34	20.179121470469685
35	15.343503433479663
36	11.115108671767992
37	17.520984026162402
38	13.575613029101461
39	12.814858590371985
40	15.038685358741143
41	11.50843461862426
42	12.864898141459687
43	14.164831812875018
44	14.161861756842727
45	14.16037621303668
46	15.715411280869452
47	11.717333589828518
48	16.905553906370375
49	17.506823049424444
50	12.940462050731185
51	15.331791104540121
52	6.78787023178708
53	16.018390193257524
54	13.379775425493245
55	12.200232172646347
56	9.029016012452136
57	11.896027774696273
58	8.74791348726046
59	7.932548105664957
60	9.328917478664607
61	9.174297692839778
62	10.50511652062305
63	10.335706833037294
64	9.194204955901427
65	8.994897190866903
66	8.943306240914179
67	7.6627727387627
68	7.2765102849269105
69	8.383713276924336
70	8.41757113820865
71	7.819708238317382
72	8.948924461145067
73	6.097883386133923
74	8.910132988566387
75	8.076155367186644
76	7.719291777241834
77	8.622744899970337
78	9.070910505026038
79	6.099573547374788
80	9.08444991386197
81	7.524535765652884
82	7.510226352824288
83	8.969146346484294
84	5.9839174970913085
85	8.945866642916148
86	7.603516420852721
87	9.520569582325786
88	10.239847240346831
89	10.007448691425978
90	10.572878398383846
91	10.249725277163835
92	10.144360015101691
93	10.333679822548547
94	10.698757245343561
95	11.03958569845079
96	7.531128738537997
97	8.160982892569436
98	7.7770734659102905
99	7.787193326475539
100	6.683736671029666
101	7.740020495624262
102	9.718713341144113
103	9.776677973577186
104	9.548395547246061
105	9.543864296850765
106	9.777042686286109
107	8.8738800664351
108	9.870054717631584
109	9.778957057569176
110	9.533575123494542
111	10.353798301140012
112	9.78488869336039
113	2.5059061572197527
114	8.285359738204306
115	5.968961129072154
116	8.81866134280831
117	10.411394789150847
118	7.679668810632113
119	10.412565218479292
120	8.873221335622251
121	8.661397079627124
122	8.162032914405621
123	9.834186811838185
124	9.276396900795254
125	11.715126495369182
126	7.353183581419846
127	11.30681353654563
128	10.787299986415517
129	12.227992728560173
130	10.27274842554187
131	9.950034218343802
132	11.653841922515724
133	11.074660489851578
134	11.79536513288302
135	12.001431880936726
136	9.316694541701404
137	10.669835800485279
138	12.604932696260187
139	9.98219245726526
140	10.6647493955093
141	11.545115562271013
142	9.825298107690754
143	13.012655383478883
144	10.730067014121762
145	11.276687639594323
146	14.943031043118362
147	12.340730468985798
148	9.803738940811217
149	9.409002531682425
