0	5.546320262423264
1	9.304706541785254
2	7.400467306833519
3	9.543612197780993
4	11.665735941879804
5	9.809640253335173
6	11.401392859476584
7	14.052226411718678
8	9.16500242851402
9	14.989631585274063
10	12.721200914376592
11	14.582636424371064
12	16.924745036260088
13	14.594093497231995
14	16.973803874120804
15	17.814414315853185
16	22.669923576098007
17	18.78703258874084
18	12.992104425379658
19	22.674080406314022
20	11.931479169763657
21	19.626001153703047
22	20.74214325792072
23	15.340766507477698
24	21.213611899422226
25	17.27673394926388
26	24.943448976581905
27	17.192054306522028
28	13.788771813039606
29	24.19138553969744
30	17.99143534276063
31	6.894397122270935
32	29.160382522861934
33	19.94284580556024
34	16.663223751275353
35	11.961535272001875
36	8.988890697113025
37	15.648924125103624
38	9.544487680095566
39	8.614179934112164
40	18.414635467522984
41	3.841147085118619
42	8.61488425410652
43	8.084500986390937
44	8.614962390129525
45	9.16466715117712
46	7.951846566274636
47	7.951560506114055
48	6.082614255008004
49	9.834337046437206
50	3.6982632072953545
51	9.677776666955607
52	5.703799752160851
53	7.824891864850168
54	7.53856074653601
55	8.635206568709577
56	6.742595164007837
57	8.748489516450007
58	5.828619919929757
59	10.074317288135449
60	8.880427507088742
61	10.361452915990004
62	10.443893440604183
63	6.496015473553753
64	10.208196398952012
65	10.07283211600895
66	10.36193262252821
67	9.40949334273991
68	11.246350354123596
69	8.76972171804219
70	13.52282365976268
71	9.51977612190251
72	8.899895481813543
73	12.731227427915313
74	7.797953299968277
75	11.283215326723019
76	11.91834640314022
77	8.879861422650281
78	9.301973740218932
79	7.403105032955088
80	7.288379783918024
81	11.823212415015373
82	10.318755163324292
83	13.787211562293326
84	9.013740110562203
85	10.84911686121265
86	11.954705685566683
87	14.622889902859269
88	9.255360837863995
89	16.440946927336366
90	10.365388501715094
91	10.313527780257793
92	11.826420272842553
93	10.204523983336442
94	11.509821663916226
95	11.822990769165862
96	14.055011477684408
97	9.39057259451401
98	13.691211903003643
99	10.732915643269711
100	13.626715839402396
101	15.282771766578586
102	9.119742593142156
103	12.776918389421596
104	15.462522783801633
105	9.029069242712769
106	14.99474861275425
107	12.429154028368306
108	16.4795458489571
109	15.917012522170292
110	10.57752541987369
111	2.64559559787727
112	16.17534412504493
113	11.400861489298455
114	9.411045187553945
115	12.329904201571674
116	15.76482967189384
117	14.46435849038214
118	16.175497736120292
119	12.595460304737633
120	16.694472694106533
121	12.10237518647078
122	8.594433164541893
123	15.379764619041993
124	12.4949931155168
125	17.85365753420525
126	16.83792773262879
127	14.756892772752385
128	21.6900090068573
129	13.257275522027452
130	16.210967530549134
131	13.230402400854118
132	14.09039777274359
133	19.572277801234115
134	20.555203512429706
135	15.957226052409574
136	23.66702770290544
137	17.50196237888977
138	15.78340662955937
139	16.353435458564245
140	16.921045438797947
141	16.47923061164546
142	18.17527900483237
143	15.735260721490368
144	21.21667672089723
145	18.61053843577965
146	18.177540997685885
147	20.15799137194403
148	21.016264550963307
149	21.349737717220496
