0	13.948253905354722
1	13.642541930614446
2	14.501191243644922
3	13.210580239475274
4	14.689850877778358
5	13.769587922402074
6	13.968865370803954
7	13.747313206093931
8	15.946747989701873
9	13.32894789079997
10	15.112378035065266
11	13.849374994251896
12	9.522475732129124
13	14.31244454965902
14	14.658056602197153
15	12.787600795603787
16	14.319112735577363
17	14.721355491028916
18	15.2507507379486
19	15.451146856551535
20	12.91909758794268
21	13.149889035868235
22	14.953404245214081
23	9.98266273072479
24	15.869425729517449
25	15.351168427937978
26	13.659748684280402
27	13.385436688035327
28	15.9482800543494
29	16.424716762404067
30	15.68051408424154
31	17.2755911786681
32	14.284595444614862
33	14.293207938927502
34	12.854643519679815
35	17.070309853042357
36	11.619959771452393
37	17.08379791568547
38	10.725301233155108
39	13.482460932044148
40	12.521901483678178
41	13.55491882424856
42	11.531863582289187
43	11.965287246078248
44	10.171767660197087
45	12.666767902028436
46	13.722855730509899
47	12.999275850157012
48	13.572967326035048
49	13.782969981788739
50	11.086468526809885
51	13.788526448451602
52	13.416716318534242
53	14.750873603811659
54	13.953603118671825
55	14.620372396722747
56	14.749743090187067
57	13.75217002812019
58	12.81947944650614
59	14.529867129790478
60	15.000829077202834
61	15.731270158956285
62	11.221906496274151
63	15.168099404738339
64	15.941009981026266
65	17.17107445622162
66	11.959384718093865
67	16.39084921474093
68	13.526329770415089
69	15.946900954076543
70	16.24285030324073
71	15.891600937007919
72	17.096437345786907
73	14.376731746367142
74	17.529033986466068
75	17.83943758651886
76	17.35793328021806
77	11.374174077059326
78	15.541821102610008
79	18.75326255845304
80	13.023458638410581
81	13.737751723526504
82	14.86738347326834
83	17.953553139067665
84	9.818936883128856
85	15.917712856748125
86	14.0827550416662
87	15.050650493645993
88	18.46678311837372
89	14.724318286328053
90	13.213132549814976
91	15.748661185124778
92	15.481649686422912
93	13.366383946694999
94	14.573644991540025
95	16.396938389482962
96	16.00297655066112
97	15.988514423821801
98	11.585314283494046
99	17.016491015195
100	18.38100520405386
101	15.650051169264966
102	11.024387752750712
103	15.334616244930444
104	17.177718892219232
105	15.202844247055893
106	13.490180750521237
107	13.547807356939401
108	14.87092268390185
109	16.524668975027176
110	18.00623830866171
111	16.76939735048409
112	17.12406359236232
113	16.70310317482274
114	8.944692415555409
115	5.856253843465808
116	13.685383974412485
117	12.285828565076496
118	14.188193604241196
119	12.286991728728466
120	10.980086672949472
121	14.756951371670741
122	11.137876469165818
123	13.064956414841703
124	13.953073539951706
125	13.046942138780548
126	13.29115518418892
127	11.191033846625842
128	14.193909450153217
129	18.89623213822214
130	15.054393590756348
131	12.6587503808037
132	10.355106146225054
133	12.818503344327514
134	10.511166264609006
135	11.121309013511922
136	11.652948472878645
137	12.883684435862712
138	12.189012775624526
139	7.971802660163558
140	11.686066818316451
141	12.688576239159012
142	9.283038611557238
143	13.11977135582283
144	11.208668391396287
145	10.589484873718764
146	13.68564484839953
147	13.117029084532131
148	12.585031261160363
149	11.460356028886252
