0	9.5825655156254
1	8.138663318981031
2	8.724244416656637
3	2.3449144457101303
4	5.090199497907863
5	6.477556642764808
6	6.761313926908231
7	7.60919600222266
8	8.134222287778966
9	7.37795044298681
10	7.87099852460806
11	7.623197393893365
12	6.394065110117305
13	6.74533630386208
14	8.637369274179942
15	8.113236705957492
16	7.132280763538233
17	10.54127312225406
18	7.277985378680151
19	8.237096363120873
20	9.21997283411695
21	6.992150763294383
22	8.512242389031652
23	9.949317631962465
24	9.710810352550123
25	9.959997318081513
26	9.406757334353298
27	8.913137058991996
28	9.032699319385804
29	8.667610698545538
30	10.454257301200093
31	10.198214833483746
32	8.424456657586832
33	12.109289676785245
34	11.918750979507633
35	10.513192645369932
36	12.715296479418349
37	10.816495219503796
38	8.483243564369028
39	13.029700486000161
40	5.7818477414924345
41	6.886361051207343
42	5.413470211482153
43	7.975962523019373
44	12.811497148601534
45	9.343039137193836
46	11.36693469743444
47	11.61704663277396
48	12.168024834297968
49	12.782812794015491
50	12.168958490054328
51	8.584142464780639
52	7.498722400038973
53	11.46295368608726
54	13.398963413799752
55	9.217619450789696
56	13.399350780827879
57	13.02819662832353
58	8.974454439134242
59	14.318582874268674
60	12.78674356113533
61	12.839162533536753
62	10.507987672948065
63	12.092594342245517
64	12.311740216567438
65	16.34293386500348
66	14.202612083153058
67	13.475213248001086
68	15.582402724588102
69	16.779588492438172
70	14.92807755743046
71	15.234446982315852
72	16.84199854939292
73	15.602025608822501
74	13.092374522720311
75	16.589992200142202
76	12.720304230073799
77	13.709226623101776
78	11.727972899553025
79	14.625356730184864
80	18.193504178712804
81	12.163593312101938
82	12.043483616442614
83	18.998775134311327
84	16.19828166215924
85	15.793827782435935
86	11.799256186307
87	14.868266714294993
88	12.016081835847634
89	13.369723164573303
90	12.045561383385122
91	15.296723237223594
92	20.698282830105768
93	23.726249949565485
94	17.079101634694155
95	22.129483934574367
96	24.132554922053966
97	29.555821713158192
98	19.580291594183123
99	24.032833849484458
100	31.098928064862843
101	23.602762274110628
102	16.27065072957917
103	15.368223863072854
104	28.07193071892794
105	24.387389721650802
106	22.546138858414864
107	16.88801945539129
108	22.25912239096122
109	29.71788779796976
110	18.062908868755407
111	21.920075303146774
112	27.354673559017996
113	1.2985429274420897
114	12.193586840449708
115	12.066647148340376
116	22.7923302102581
117	5.663891710967638
118	15.664928465433695
119	17.824045318596564
120	12.901165800331308
121	14.565775510271516
122	8.174011926612437
123	9.961984949022469
124	9.707772600678554
125	16.468294304064912
126	16.670926865296725
127	14.418968113948742
128	12.536575246293717
129	20.07831227949764
130	7.5636354166040185
131	25.503419672562917
132	11.615157534842742
133	5.903306231490859
134	12.226381871852531
135	13.650819149102743
136	12.653311176295475
137	12.717738416623451
138	14.625638785931665
139	15.920054266643636
140	17.38272666302648
141	10.32371243785721
142	9.957821682517343
143	10.946609191689436
144	13.603095084481346
145	11.088886165640417
146	8.486517446229438
147	15.415184886945744
148	8.431437173595311
149	7.616083110686329
