0	13.954673203769728
1	15.847486474062267
2	14.230047775066613
3	13.66525669301619
4	16.651222524946
5	19.9575346732902
6	17.699911678596212
7	15.094198839010444
8	21.378049601094514
9	11.124474331184556
10	12.45112629390565
11	13.47514099818695
12	15.29207939272038
13	6.400771202517572
14	12.696794226382892
15	11.014724261106556
16	10.00790716604214
17	10.768930801413616
18	10.008837348865816
19	14.16750901039847
20	13.493773394857378
21	8.529851274864768
22	10.96562899614593
23	10.140558131079802
24	15.762215512881
25	11.656466840631879
26	10.224352623917143
27	16.127823771564994
28	10.15039787028851
29	12.426313269766888
30	8.430077873995403
31	13.836042750079407
32	12.99155599617353
33	9.930549621907772
34	10.501905935626457
35	11.788633522479104
36	13.085931618630417
37	11.819300310911833
38	11.240917515522263
39	12.37566263141921
40	14.314726401679497
41	11.23654822003585
42	13.271067275133879
43	13.83643680370965
44	12.436008389834914
45	11.18628894043008
46	13.351726507058027
47	12.971044810476787
48	16.14510320112361
49	12.393341383192492
50	11.66974103065137
51	13.33820805792704
52	14.121663473478856
53	13.707207103348773
54	11.699424433752283
55	13.261974179502138
56	13.544126230070038
57	13.685680335303795
58	16.62145181218971
59	13.884535843485466
60	15.97725356157068
61	14.228504737058337
62	15.481426145246935
63	11.240072724158185
64	9.79362896141337
65	17.500184691321472
66	9.786003836697265
67	12.250562933112999
68	15.204293957116406
69	12.529543408811046
70	13.010745474663894
71	13.206162427522857
72	13.270311900537786
73	15.034214465807628
74	11.934908177289111
75	18.635480732971494
76	19.187467142908844
77	14.603837169041753
78	16.844289685601023
79	20.520721569832986
80	13.407934495355082
81	21.062278477944364
82	21.349166883224278
83	19.8342240601063
84	16.1920846458346
85	19.30363845143803
86	15.487338270678627
87	20.327119104447732
88	15.049752043607178
89	18.592118206262167
90	14.772976061743618
91	17.77411951001005
92	11.540087177076023
93	12.95498281897853
94	20.13554048951638
95	13.397812614803035
96	20.728986584378916
97	13.94660117578427
98	12.748749060506855
99	14.80808562829325
100	17.233864650336365
101	15.963367490049826
102	14.93597472700051
103	17.500519907718683
104	12.082300122325385
105	13.842607855137244
106	17.77411951001005
107	15.758698076294321
108	19.887521697644114
109	16.25098144558982
110	10.46678426693435
111	11.737889153964165
112	11.620118290035546
113	19.46864739451356
114	18.10180790237024
115	18.921805295311277
116	3.9282972008116896
117	12.616649554662283
118	15.030635599428207
119	13.36567600490399
120	12.091513425663747
121	13.035381395022865
122	18.180331679388235
123	18.37566988596993
124	17.445666991964103
125	17.44633651445825
126	20.835955047237487
127	20.997895125513605
128	24.458852184768112
129	19.14275427314946
130	19.787024909995978
131	24.60940307534121
132	25.66364093678499
133	28.855477333562014
134	22.81963784623453
135	14.219774376443883
136	20.02843160268366
137	20.222911349693973
138	22.969995618490895
139	22.90784522436966
140	19.246751645259266
141	26.008035090930914
142	13.987225473647783
143	16.527210889229995
144	22.593543153212597
145	20.990008239244936
146	20.842060227462188
147	25.039090269177112
148	25.729266540965344
149	26.672946199113806
