0	12.378946410217038
1	15.426714196359049
2	15.149151826956487
3	14.184171173550736
4	13.9043681414825
5	11.725318859893019
6	16.080343113675823
7	15.644586881754629
8	17.714840880141026
9	13.358601814973508
10	7.696723431371293
11	20.982490082238932
12	10.96380866091539
13	11.181331373635732
14	13.359612372039416
15	12.92229388122981
16	16.022399670196812
17	9.085770004134464
18	10.663833566181427
19	12.890922799653756
20	9.766467107803019
21	13.249988272827315
22	10.52090551813191
23	14.893312723466043
24	11.29040574833138
25	10.202317592833166
26	11.180495184377191
27	12.530289741854464
28	14.399532818248657
29	12.923269454843329
30	11.398417800180633
31	11.183526033557376
32	12.684979023964623
33	17.678509806843138
34	12.99864258910682
35	11.83440164869691
36	9.875060404936104
37	19.28324205779924
38	10.504497253382219
39	12.923512918410001
40	14.011516772396972
41	14.446276459481735
42	11.39575203601677
43	15.107174851769479
44	15.317999576063965
45	11.399912164256229
46	12.080727670439593
47	13.476004140744147
48	12.992772249294616
49	18.150686379260108
50	11.833957414251048
51	11.834845091338968
52	12.705540236992814
53	14.44819672425439
54	18.149467605194307
55	14.882973709907256
56	12.922659930123867
57	14.44778585071037
58	12.923391185411324
59	12.270197010579347
60	14.012579557053876
61	17.494744933214914
62	14.230454446968043
63	18.081374361124244
64	15.391675270766145
65	12.923391185411324
66	12.92363556232193
67	17.930869741782836
68	16.842879161035068
69	11.508353151675522
70	14.11863754669719
71	16.409602721455887
72	14.229509991508618
73	13.394186078031005
74	20.054035126971364
75	14.883115007137866
76	15.572085024084735
77	14.632156031383388
78	17.71280234275933
79	13.032871921893125
80	15.206096881281036
81	20.331746727103763
82	9.681498965201186
83	18.969167188946102
84	15.9717828342089
85	19.064421867977007
86	17.455277147645496
87	12.923147726705952
88	16.624666158302112
89	14.665381441723657
90	13.358727890544365
91	12.27089003438209
92	16.842879161035068
93	12.487811019142299
94	14.664406597968073
95	18.36720553456906
96	15.318728872646622
97	13.358601814973508
98	15.356757413100329
99	15.714640703364477
100	13.792618502803181
101	16.40913188001689
102	19.237601542120437
103	14.348041356759685
104	19.115866373396347
105	16.18889905790573
106	15.572233560784131
107	13.98051277625047
108	17.360941078947768
109	16.322395589566845
110	20.979654838735655
111	14.229375223761764
112	7.152738924253651
113	17.823885958884574
114	12.052578656753175
115	15.318728872646622
116	11.397244858708028
117	9.659206495248846
118	16.761745211794622
119	5.510724499634445
120	22.837022958881185
121	12.269735327520573
122	10.528835733100111
123	10.112679675641765
124	11.158702673068138
125	12.298886777866798
126	12.458841946050184
127	12.48851622867725
128	9.983925013861363
129	12.161674547388722
130	15.130513191766292
131	12.463289162902164
132	8.786253462250734
133	2.9121105998068115
134	14.964652668560857
135	10.445808846244232
136	10.308794695086227
137	7.028394952550779
138	11.94404857561986
139	10.637013763301287
140	10.528443698853726
141	9.874328724725961
142	9.440821380104676
143	4.322893617811692
144	10.960637106886963
145	8.898055643368426
146	7.697698667495293
147	6.173555016725441
148	9.136376727025086
149	9.306809348027535
