0	7.077813297604381
1	8.964108260484911
2	8.492942124665298
3	7.388867355126558
4	8.617125874538587
5	7.748859366101419
6	9.374651893377546
7	10.511013016711177
8	10.07004759036631
9	8.184378697579591
10	9.183405169498045
11	10.961579910594429
12	8.341374909199928
13	10.325207539907018
14	9.171068421735058
15	9.637520137540822
16	7.874407449296295
17	10.568378318022024
18	10.186889640673071
19	11.798020946270045
20	9.205590265153893
21	9.692513935165666
22	9.056792653363459
23	10.16892857570743
24	8.412520157766311
25	9.510114653904779
26	9.962046932280387
27	8.847253173745731
28	7.048495701817385
29	10.178619976632415
30	10.489935448527232
31	9.61617017789241
32	12.189178623642013
33	10.893564195697476
34	8.165618058072573
35	10.00945403946137
36	8.271656519879047
37	12.804444242451698
38	8.199567023062164
39	11.292899108628841
40	9.818901442501655
41	11.076564826277068
42	8.514024933805988
43	12.042339893804233
44	8.051932093303797
45	12.156498239081476
46	9.499387655786526
47	10.821753321731498
48	12.808445945771098
49	9.381758576309895
50	11.695716406979225
51	9.56621012561251
52	12.775971730473879
53	10.71067617905686
54	9.167165239916486
55	11.914954442082163
56	9.783112002238921
57	10.125374908822522
58	12.631876205699001
59	10.934525670293874
60	10.112806460417058
61	11.535629045642892
62	12.659480217526538
63	9.437381185558307
64	12.912358725242838
65	10.609984847854914
66	13.634026752145006
67	14.382942288129575
68	12.696529759660557
69	13.98967970551627
70	10.890261190016355
71	15.927255607891261
72	11.339473015491608
73	10.307230843718424
74	14.502844228286188
75	14.743502748529172
76	14.429396190134355
77	16.57477609968959
78	15.71202113110473
79	14.708205677499851
80	16.127568340471704
81	16.491881950181707
82	14.057168662487218
83	17.550191629953446
84	18.02857544332442
85	16.256305905798666
86	14.677621066208095
87	13.272073667879969
88	15.680664060336795
89	12.122015523934563
90	16.434729472545747
91	12.662623041921364
92	13.12072424719949
93	10.352875755190983
94	12.270942934959528
95	12.333902122424794
96	11.258833170428744
97	11.221803725611617
98	8.955080742825375
99	13.085145317616607
100	11.045260876811614
101	12.376129798642896
102	13.800863908213135
103	10.015877277710917
104	12.982825206854665
105	11.834217666114329
106	12.945225026184959
107	13.848407288542663
108	14.285806127571727
109	12.041999835210662
110	15.249340142393894
111	12.44367067623021
112	12.98442454285234
113	13.947970587850978
114	9.679465126189939
115	13.0979277141024
116	6.221660792192187
117	7.445029714969301
118	10.753464990293255
119	11.502390309493594
120	8.967767918200716
121	10.608957008426714
122	8.78317255911547
123	9.951846850781164
124	9.936781886857895
125	9.56700975871751
126	10.285959492773486
127	8.954832348091749
128	10.560566290049954
129	11.98684363201848
130	9.278979664270922
131	10.745572508687696
132	13.055379017847061
133	9.75706454235606
134	11.247267586284948
135	12.129139728202919
136	10.601093275503397
137	9.793116257054058
138	11.108779332457804
139	10.002769261746979
140	12.731416731291983
141	11.145279953476209
142	9.379932802777935
143	11.330891196879458
144	10.327137658009962
145	13.052904326371774
146	9.573678527969625
147	12.65146163735081
148	12.299913633063746
149	9.85129744665885
