0	10.593674771600858
1	10.3749797758042
2	10.653233368837684
3	10.967191757960917
4	4.5232961165617
5	9.590383258722476
6	8.11478551671839
7	9.986410401551122
8	9.239539086895702
9	9.612699667399522
10	10.454040299466314
11	7.13402033814214
12	9.116960634071853
13	10.782999391070113
14	7.679195400938114
15	11.249913685282486
16	10.7934704551327
17	11.035305294887277
18	11.512061399680974
19	11.96439026758586
20	9.92140426278906
21	10.922054685558793
22	10.87751716852312
23	6.667344353907657
24	12.789946936027613
25	12.081699186360352
26	8.465852978499644
27	10.951783324861687
28	14.08531158375954
29	9.090837131175952
30	11.945923486674344
31	9.109140641553216
32	13.327406760982608
33	11.310272296498871
34	9.33262093622086
35	12.771087107626
36	8.70629262163993
37	11.770987691079243
38	12.886563989886566
39	12.125296663291854
40	12.162360189208378
41	9.583904395147446
42	12.92314959211545
43	12.992627607312437
44	12.047221331126146
45	14.567614189375826
46	9.687628646308806
47	13.684192147247105
48	13.542897543270715
49	13.768043257234247
50	14.192445414607494
51	14.2150461652272
52	13.068370879234806
53	7.698527169965122
54	8.741492075633138
55	15.06988652844042
56	8.430165780974493
57	13.715995962409542
58	11.635718338346
59	16.453110221347828
60	12.924800692019044
61	12.171620470660736
62	13.993153767719987
63	11.855977021660541
64	14.297196373702956
65	11.264056494562025
66	16.205698426457012
67	13.141398282995887
68	14.432801556299856
69	11.045636698011737
70	6.834990667810482
71	15.269332746159078
72	13.180575764455188
73	16.059828346802888
74	14.72611715016731
75	10.971742092609354
76	9.378720829143187
77	13.077329295049099
78	10.545738430214305
79	13.874027802103326
80	9.285908516243534
81	12.823225432025358
82	12.393972873609554
83	16.72715648620117
84	15.501622647904856
85	18.74833633313296
86	17.44411935358313
87	19.80285342631713
88	14.493670853058596
89	16.19025041269245
90	20.644208110693985
91	16.458874332917766
92	14.986327313812504
93	20.033989688575573
94	22.169688988670746
95	19.613416539454512
96	24.570847528396023
97	24.882185843623834
98	17.092650443092587
99	19.584963730742103
100	20.3704026175668
101	11.531216475859656
102	8.209053696356149
103	12.539511881369293
104	12.020815631896758
105	14.246161466995682
106	13.075461276364416
107	7.613754168553958
108	11.79735730509008
109	14.89377342026719
110	12.27994122761954
111	4.097599292907133
112	12.164202533688396
113	9.822316325567114
114	13.45598140373235
115	13.029162128788109
116	10.24121187884055
117	9.966604084895804
118	11.081626012566337
119	11.344035287919688
120	15.73512470653556
121	13.091348485427984
122	9.659495435050786
123	11.485073143525854
124	13.249166433506328
125	12.530006988314339
126	8.934102736052138
127	9.308834445907939
128	10.425863361486819
129	9.876272492467182
130	10.549210053994997
131	9.893937499492397
132	10.502510068332521
133	11.056589368979038
134	10.250970951064634
135	9.9646577724604
136	10.485284091035263
137	10.681562180147427
138	11.626896681098268
139	11.178750716519328
140	9.144315605220177
141	11.985081736718982
142	9.494901606480896
143	13.866149541172426
144	12.088749437023672
145	10.408814330754828
146	10.614444477231412
147	13.439411715167784
148	9.172739638093537
149	12.414552483210922
