0	26.479772426831207
1	4.687246254502178
2	10.03575839535064
3	24.311916601602846
4	15.227963547904745
5	8.219903941353923
6	12.510288676244402
7	13.778241436115435
8	13.370195575613728
9	17.50085489091675
10	23.90755224369978
11	17.499515459154054
12	23.698372789885987
13	14.43758031878358
14	7.768066447051767
15	10.06042620488912
16	16.879929863792892
17	7.994466925983394
18	10.265822695106763
19	22.875152703103435
20	6.340936866715817
21	8.222072723400732
22	19.97204234615792
23	18.694323416433562
24	9.849068470611025
25	26.873607688021927
26	17.254945528903797
27	16.467119558521357
28	14.400108457895842
29	10.473690374517686
30	10.472330987743463
31	20.999784357517274
32	9.03330379002171
33	6.564042071804258
34	9.004927847623048
35	20.637418179094116
36	7.355155176058799
37	12.99940949451521
38	19.720568181820582
39	11.30000751424422
40	7.993309600698989
41	12.988119137957122
42	22.187657880020662
43	11.124466304353613
44	19.30990376921502
45	7.596423073614186
46	6.119308994502873
47	16.887993167155706
48	22.314417074165124
49	20.664538574241234
50	8.3848061052489
51	11.095446677646366
52	6.961378639670702
53	8.82047219048002
54	8.406069887394976
55	6.962184784589474
56	9.853703352164858
57	18.371670191190205
58	8.181965306981967
59	11.712825280035108
60	6.959581391179526
61	10.918744461544005
62	17.040988043469618
63	7.373878557766299
64	9.028092266108285
65	12.573081671645847
66	12.713180588982004
67	11.093792925843704
68	16.67344837126783
69	5.31667863496595
70	8.187075577362833
71	12.358078003051318
72	10.269910234315125
73	7.770862350270238
74	8.40683412638361
75	19.980879746832194
76	12.351342504808457
77	9.025365245505649
78	10.041681573999961
79	14.617138894703395
80	11.093483483608292
81	21.275791556831244
82	5.295511777001665
83	12.747362142315351
84	19.97799746591844
85	7.3742751166469755
86	7.78796480652728
87	22.25150466659918
88	20.1704537966943
89	5.738869598680957
90	13.948064454408907
91	7.375399533462365
92	11.094619735573762
93	21.630153132784557
94	12.953031063420356
95	6.9611929557642584
96	2.211189425044105
97	22.005574037730078
98	15.020023279243544
99	11.713810898722459
100	8.405000095624311
101	9.649827983484556
102	16.925349616677543
103	13.744492225150449
104	8.198208844192633
105	11.74159033211042
106	18.542832378218122
107	9.622706985393195
108	7.993816019628326
109	11.09368977637232
110	14.807485986437815
111	11.921677254210772
112	21.686168545890954
113	22.682245762495373
114	18.505549268962085
115	5.731438967552732
116	5.297592430539691
117	8.218558281289566
118	16.0553556868498
119	15.19346888645241
120	18.15717133076127
121	18.06302267427112
122	19.78545001088672
123	21.226743444507196
124	13.159783702680679
125	18.592607203348408
126	16.00215947654722
127	19.976460030338803
128	15.021877264182232
129	20.599256671372878
130	19.56493754310817
131	9.02734829874713
132	30.933885949819565
133	20.557487651281576
134	18.982957242958705
135	23.89806537515755
136	17.755944237825055
137	22.605133782238553
138	21.42932370939007
139	25.558824658317945
140	26.455015573525312
141	20.54406520978348
142	26.38487252148778
143	26.006944020196656
144	24.286047286329186
145	16.468376434983973
146	31.756173935298882
147	28.03496298233713
148	32.17162952356147
149	29.69134071780587
