0	16.715317557483765
1	20.411988587359662
2	15.635315146542935
3	20.001589055267228
4	20.237436069081074
5	15.304377547096513
6	18.738587632736934
7	20.192250438454572
8	18.550224580046905
9	23.171553104441884
10	22.378350869180288
11	23.763613214740886
12	25.079453659047427
13	19.910598699768745
14	13.056336055327348
15	14.948717723073615
16	16.433444906144192
17	14.915169050749109
18	25.957774425986607
19	23.97243068234105
20	22.2275262619942
21	17.338269296686402
22	23.856881100269558
23	25.68484417938358
24	24.77640112392864
25	21.574487869983287
26	25.958284376620252
27	15.762275069540657
28	24.241191529997558
29	19.642071005823162
30	27.569588010379668
31	23.685697115998693
32	26.322940484475478
33	20.78309296809892
34	24.724610288035016
35	25.43538566424837
36	25.01188148398187
37	13.412714977166036
38	19.016075737546405
39	22.984057423919285
40	23.5086849895384
41	20.912095398709198
42	30.285434796742653
43	21.441043730052616
44	14.857074899481438
45	17.21095345087013
46	5.027670257804254
47	14.41191037118516
48	19.27668562597725
49	13.687240427221752
50	11.792193230660391
51	11.251223008608108
52	11.340574773686154
53	6.10941279950975
54	6.9881928214619675
55	11.74487354858746
56	10.616667015868739
57	13.687240427221752
58	16.658653380796235
59	0.6956344247196289
60	19.382729607822732
61	9.894576397894177
62	10.983919007802998
63	10.805278110149436
64	10.435094822983254
65	12.061453282510302
66	13.687504428361734
67	11.341657988280417
68	8.454941898782325
69	14.228143089579314
70	4.213590465988358
71	17.658587315408482
72	12.691545727790915
73	12.067921624897476
74	12.061683801370283
75	4.484357221120953
76	16.398255698451486
77	8.092077962637035
78	7.373564002781693
79	8.093668782709917
80	7.099812686545504
81	7.462414455174577
82	9.176469142406107
83	7.190278256143549
84	9.538254170457353
85	7.371095209900873
86	11.84637608028725
87	11.467912153954575
88	11.036907464619855
89	11.014270859499842
90	14.184947605891576
91	13.15161363887339
92	12.604492960108544
93	7.206535284713989
94	10.891803697384464
95	7.535366982264293
96	7.642360827584676
97	9.356645076507494
98	11.701977935962079
99	10.258727767770347
100	13.535969486413606
101	14.229377374882544
102	10.776634419440649
103	12.60473525768648
104	14.409131356837996
105	13.326493697347088
106	12.062839114755333
107	12.063184979508371
108	12.27572748129172
109	10.951764397903554
110	12.63795144501909
111	13.325596503097982
112	7.713573632397272
113	12.42322387559747
114	11.161644343808808
115	10.280993629532839
116	5.826140742377489
117	9.085734389711012
118	14.950304992111521
119	14.627250538751483
120	13.144538181860828
121	11.878317817853915
122	9.157110716359016
123	3.402315152013734
124	2.3239821761935717
125	5.375292242605042
126	5.578831651080791
127	2.315590631477546
128	3.221875542098582
129	1.600327877166194
130	2.8556600895435205
131	1.5976268039631358
132	3.763908892987039
133	5.026181231706094
134	10.168317926090763
135	4.755908910656477
136	5.928144632786838
137	6.844719215508165
138	7.716734090033382
139	5.565115877879568
140	10.276199656173674
141	7.72320653408617
142	6.830478117518832
143	8.815337095907319
144	3.943599498072106
145	4.48487325110592
146	9.91986592749638
147	7.715943447852201
148	5.400487581012938
149	10.951868307678577
