0	9.662029020595826
1	7.989984009988362
2	10.938041484284868
3	5.808624887286266
4	11.53504639237286
5	3.9561551992082977
6	6.494115518803738
7	7.716565138958318
8	8.256993872927861
9	8.986042138531234
10	6.719302048904193
11	9.076645531507424
12	8.672615684843732
13	5.70305945419425
14	7.519075071751439
15	7.50053826431032
16	8.086479428249353
17	8.28469192646344
18	6.117128137922343
19	7.279673330064715
20	8.697521493315884
21	8.876364893991845
22	7.889940382203728
23	8.27794023987674
24	10.0627272811061
25	7.395875858262243
26	10.350419322302724
27	10.448346449123923
28	10.020893460757668
29	8.874793580016576
30	9.79131694235436
31	8.97062737245694
32	9.820362747365406
33	7.718919888368743
34	7.302304912946403
35	7.788935484197903
36	2.0836384279976397
37	11.53079399787726
38	5.41455720785062
39	7.293607701156254
40	7.493991000607176
41	7.426008867382121
42	8.97079497153021
43	3.757375420759235
44	6.6088107638080755
45	4.83835408167558
46	5.329342071633793
47	7.301835806461381
48	6.512958448422324
49	7.493784274690208
50	3.7565563598958374
51	7.493095961721365
52	8.382580769211504
53	4.937062698229296
54	9.073256374336633
55	9.363075268238932
56	7.596220741162886
57	10.121515492228527
58	8.28384753025506
59	10.186440623671283
60	9.756702216804257
61	8.377684437774546
62	8.187017606160095
63	10.842924669317533
64	11.001412007921815
65	11.671251498713954
66	10.645376115016576
67	9.856473775966837
68	10.84630382801387
69	9.854901649599624
70	11.235022904090489
71	11.878122417875007
72	10.790638236832152
73	11.036954404361305
74	13.968010584439575
75	14.005998024235831
76	14.098982726993592
77	9.26962812378636
78	11.82031507622989
79	15.013166030759555
80	13.043181638392653
81	15.782747645589069
82	15.175144184159372
83	9.458716293413746
84	13.997418604348011
85	15.66927139316724
86	9.066655659645672
87	14.030608811447955
88	15.830766610585242
89	13.49300291984585
90	18.82594581883143
91	12.371221041895705
92	15.82129077732017
93	9.265816948443279
94	16.7584871516905
95	15.943440236227818
96	17.078580986317412
97	14.9309887665762
98	11.733851365330008
99	11.424591838428379
100	13.21075138869377
101	12.810166309758026
102	15.372601828815718
103	12.76481800629101
104	13.239696202301936
105	16.49014949618953
106	15.140524903125067
107	15.45589033761048
108	17.938054049880062
109	15.75665504194762
110	16.886545149286963
111	16.017642052905305
112	13.597212966084022
113	6.3162046140063115
114	13.59682294510822
115	15.953559111467893
116	14.587616156120802
117	16.104919194659324
118	14.431088942674592
119	15.166988040387379
120	12.41568626682808
121	11.634059489339794
122	6.706714382669695
123	15.762261340512909
124	10.451201793081342
125	14.580068276027152
126	9.661937932660521
127	12.6140599471938
128	13.597992110362775
129	11.825921755281604
130	12.412263268308028
131	12.3761449820044
132	6.7275796982043765
133	17.54619910367501
134	10.350224762649756
135	12.121388483158169
136	12.113449000059763
137	13.306296373438823
138	13.2098682587427
139	13.391058146553819
140	14.78155001354436
141	13.209364742172523
142	15.303072340189166
143	13.043805208719622
144	15.1207062259727
145	15.246893644918579
146	13.598251523233397
147	15.320650842523596
148	14.678470709523747
149	16.699134363087186
