0	7.7079688348304884
1	7.978148367467967
2	6.660865300267135
3	6.322577517466535
4	6.299738125460948
5	7.592569666708216
6	5.75241267874646
7	6.029238835689248
8	5.857852474579832
9	6.477375276275306
10	7.324285712514582
11	7.325007851618138
12	5.104747971772076
13	7.41550116537935
14	7.140792193409253
15	9.174152559320165
16	8.545769706512937
17	7.411909302851675
18	9.622033148823027
19	7.6012486851468495
20	6.214789629752236
21	5.295835004041616
22	5.792262180819301
23	7.278240622379203
24	8.156982246796627
25	9.636570104915524
26	7.80621178255047
27	6.937185344068344
28	8.826325520494201
29	7.2145021645290965
30	8.341800977248523
31	7.416633006047838
32	9.637724561333023
33	9.848353056634002
34	7.119794505979341
35	10.403735450372867
36	9.356884330932328
37	7.557867074702904
38	8.36643511789428
39	6.677156907123055
40	8.665968136725434
41	7.184022070603677
42	6.863224732671851
43	7.509516799290954
44	7.139706970208069
45	9.081835873960621
46	8.619173021930447
47	7.6017962534726635
48	7.848527658905189
49	6.7106608933127685
50	8.084351276072999
51	7.398307143664143
52	7.324942285008423
53	10.588636138252635
54	8.413309732852442
55	9.081003062129305
56	9.35929196210982
57	13.612718353683013
58	8.873345482418696
59	10.626455214607573
60	9.287618832436085
61	8.738027340149236
62	13.926629561656487
63	14.261691287322252
64	10.787599161125002
65	13.537726298589789
66	14.493327669670798
67	10.653492796477078
68	12.96306183671689
69	14.245369954151256
70	11.091609319613502
71	17.404887988351238
72	11.994675221573068
73	14.634704506284058
74	17.074477010318343
75	13.893307069675275
76	17.53669581430797
77	12.151952090376495
78	17.67852509891687
79	15.062160359370674
80	15.270227378852535
81	21.38197576303759
82	22.997545770719046
83	21.012041726561307
84	22.502867507884638
85	15.83683607626722
86	22.347614693554085
87	19.949241108760102
88	20.733791981544115
89	17.220053500724063
90	20.79108496244182
91	18.60729228762626
92	18.2015865241266
93	18.999295171157183
94	2.9362421064961994
95	32.455626303996375
96	17.596150876346385
97	21.02172729529161
98	21.975905173446872
99	13.856751223070184
100	23.181367877133376
101	17.137013980602816
102	27.009439295419206
103	20.316459835870504
104	20.446508604104768
105	19.754775929063324
106	22.467679497519235
107	26.742640980365582
108	16.058360222084872
109	17.783564674834086
110	16.986259433874302
111	18.836291591528166
112	6.110221856186644
113	12.677678971731495
114	29.215044832632035
115	17.395545502573263
116	18.69668552893591
117	19.723945763475516
118	17.58964776344868
119	16.245667714596085
120	20.334819461630573
121	20.598445424083337
122	16.48130850296876
123	8.08200121113294
124	19.899097982856564
125	13.790009584668553
126	17.08132962203385
127	13.566351042981115
128	12.887108304018955
129	13.151315566541712
130	15.64740248449194
131	18.32914152874859
132	11.209521726304168
133	15.83296521589331
134	9.960262386832273
135	9.986193053515679
136	10.119018956206771
137	8.176269398357956
138	8.413920098684674
139	9.430598561938
140	6.475778501939145
141	8.15668622839061
142	8.063547071581237
143	7.510462107712837
144	8.71141680669352
145	9.45168988101605
146	7.972011521363827
147	9.660338851709113
148	8.504304239337868
149	9.938071988465362
