0	10.965446953707229
1	13.146939125188226
2	8.106172311077298
3	11.090734609190337
4	9.598069353450638
5	5.6464120197347425
6	7.359833544004435
7	7.362714697341892
8	8.926231261200794
9	11.564734506937139
10	9.66392915360232
11	12.190757664309796
12	12.839131530598111
13	10.093641581891445
14	12.357308198080501
15	8.202214572235928
16	8.607008322343237
17	10.41837704344139
18	5.652748687416039
19	6.905104657981996
20	8.03319565045285
21	7.817522144427638
22	10.209632695692614
23	7.955415513970994
24	8.83201462540497
25	6.53875435993616
26	9.826051961223515
27	9.300251536411713
28	8.40495963676635
29	7.808888468380296
30	6.913750033259868
31	7.957428116357718
32	9.897172703805897
33	8.330552283775067
34	9.224549204614203
35	8.92774792210642
36	11.31294320155748
37	10.642579549866504
38	12.165920391987004
39	9.572940694070146
40	11.49725630812861
41	10.237798073204093
42	14.67014988363458
43	8.47968262375123
44	10.567104654823696
45	10.79212909790347
46	11.685761607299936
47	7.8086690491835595
48	8.18126859332088
49	8.94785245396349
50	11.882138607274388
51	9.771299536417343
52	10.690350135186982
53	11.984705058868263
54	8.944720086714279
55	9.365511801479201
56	8.843832011505977
57	11.53674441803286
58	9.449208501482314
59	13.015269037680834
60	10.898414677426722
61	12.812711485078621
62	10.911912638870762
63	9.75450802615326
64	10.782977881257434
65	12.729775227006538
66	10.045646482088829
67	14.104445935194564
68	9.651132003853498
69	9.374908285511486
70	13.063205850214748
71	10.539600582328912
72	9.769441340780034
73	10.023174916177567
74	12.356715495164979
75	9.300075183708048
76	10.965866643694271
77	10.022605194305063
78	10.04497879091083
79	13.40175757364632
80	10.716841702563574
81	8.125383383578868
82	9.53108968119931
83	13.210928718753031
84	10.940541679224975
85	10.269149183498332
86	9.922801071723216
87	10.390686757162161
88	10.344303958253558
89	11.461850896583458
90	13.997910448599987
91	12.688725915375796
92	13.06828938751886
93	12.781131201970197
94	16.11577753427745
95	12.580766973095797
96	12.730264497048873
97	16.883896815480647
98	15.143108147592095
99	14.25958646118507
100	17.670650208618007
101	12.511125885074946
102	14.819153663730155
103	19.79226594198979
104	13.291118964179809
105	13.326162592566725
106	13.437463329348143
107	15.893870085883174
108	15.115690940130497
109	13.656778497351734
110	19.46847878255626
111	8.331178825675973
112	17.656001702903644
113	15.78309564583594
114	17.464822724597063
115	9.649762466297998
116	4.3798394330469055
117	11.03248517506465
118	15.092636525007968
119	11.53663424500295
120	14.707659211119376
121	13.440096486705029
122	14.183714757154037
123	13.513938700048183
124	15.26673684989177
125	13.026654593235433
126	18.77186906650647
127	15.309983260066746
128	12.173392196780096
129	18.844607521261068
130	16.501836563550924
131	18.347417144140145
132	13.774473261802433
133	15.754909510794443
134	16.561674689448694
135	16.047453116241297
136	14.041199143823563
137	18.596466175952493
138	17.287605138886846
139	15.853497294726896
140	16.562956285591163
141	18.02332333615506
142	16.31187145850243
143	20.013253922631577
144	14.704807345962598
145	21.89015799321728
146	20.331379725810542
147	19.09063759441723
148	18.099822066779403
149	15.86055876426803
