0	9.257108295486333
1	9.267497735169169
2	11.53046220750525
3	9.601287068131652
4	8.947585830690528
5	11.327984459062856
6	8.630795104835457
7	8.542223271539706
8	9.981101822458546
9	10.291980890148599
10	10.709454482337515
11	10.719534392887988
12	10.707115625018073
13	11.096178013478868
14	10.738934805831207
15	10.922365433528185
16	10.919249936334353
17	10.915824738287453
18	11.645610916389131
19	11.193862040173027
20	11.11897167154216
21	11.174889902305397
22	11.74517701883191
23	11.337483849829438
24	11.91339861508498
25	12.204408008449514
26	9.885257036561631
27	13.197924034234898
28	10.092341723633135
29	12.784136559450308
30	11.337051586783858
31	11.330141688214137
32	11.336187164479455
33	10.711591230021986
34	9.671835619767297
35	8.218995269110502
36	11.126590651171908
37	11.292080799542992
38	11.380656754436448
39	11.120874797375215
40	11.712665981082901
41	11.37597595899479
42	12.162876232972382
43	11.74629743211038
44	11.5278263516075
45	12.603689818997342
46	12.787443483008225
47	7.69660169909207
48	9.983651770850718
49	10.604942648714786
50	14.882411819980748
51	10.389362829195584
52	12.586182985550806
53	9.880956404772519
54	12.159158392784951
55	11.547511218297403
56	12.155557974625161
57	12.331106132005983
58	12.627556201887828
59	11.439378040131484
60	11.644166769741416
61	10.089474950108615
62	11.334891595032376
63	14.453762741733868
64	11.956058712357823
65	12.990108096900235
66	11.088182053186134
67	9.05662672868863
68	11.989499028058953
69	13.000324327868231
70	12.785727747914686
71	12.785727747914686
72	12.945824935642301
73	13.438119507962842
74	13.641617141760577
75	13.410382238717999
76	13.832721092257852
77	14.241377718953052
78	14.220988006032147
79	14.03521073478642
80	14.463514847863692
81	16.508624348146043
82	12.286304525637199
83	13.721059874200705
84	12.580157949469777
85	16.30985804615341
86	15.910284603436262
87	16.110405447884787
88	16.52443635779492
89	16.054230975897216
90	11.790400365805388
91	19.198536557763127
92	18.212405568528432
93	16.93594060647888
94	20.207237331354577
95	16.474324275312426
96	18.07593220882947
97	20.241426955330947
98	22.165697573435274
99	16.51293361185726
100	21.937359678118412
101	22.268543058578793
102	22.619246486103588
103	22.950453690752642
104	15.288491310770096
105	20.056233014078483
106	23.965431772359473
107	25.17911132755279
108	23.282221926129985
109	17.5604128880387
110	27.940137953728666
111	27.52465912561107
112	22.966819134686226
113	6.342861088973546
114	10.936410667843855
115	4.894358200438659
116	29.33751005230768
117	22.7389209600592
118	21.164664999552834
119	29.060289235899457
120	23.577071144204883
121	26.815653589844032
122	33.54348623204384
123	34.37750917776543
124	22.9261258428383
125	23.70091638442236
126	24.22180782176221
127	26.69426850679497
128	31.168425033414223
129	27.219390770136485
130	11.653392593579646
131	23.809709433056113
132	22.715400485749424
133	27.947537529725903
134	20.888699670291548
135	20.4963360504198
136	9.704930292501002
137	7.908272297002774
138	21.62738267773252
139	15.47922310541135
140	14.967006635174856
141	15.470118714695348
142	5.943877049272791
143	16.701846529878736
144	13.22163613225225
145	11.127120121495317
146	12.167179739405015
147	14.445692173238854
148	10.688949836137995
149	12.091416462937374
