0	17.497310496951066
1	13.428345877609798
2	9.221362302638946
3	19.67621396109049
4	21.391476352687892
5	15.441486625961014
6	16.610871111754772
7	11.643824095547705
8	14.472861697907225
9	13.50674934987877
10	11.22441956267552
11	14.110311088990574
12	13.883623868857123
13	17.367416495969003
14	16.587011575271667
15	9.978190211872255
16	13.556025073332634
17	13.567844944536565
18	14.221298726522978
19	19.71103715277626
20	14.103245615083406
21	15.942560366953005
22	20.55035657812081
23	16.604702129291653
24	19.332248336804568
25	18.75811267455377
26	15.737214500881832
27	18.09255441823866
28	19.701578366643936
29	17.370402396115495
30	17.953918998134114
31	17.945509954965356
32	21.073419783100807
33	18.372204248345454
34	18.61153829240091
35	14.522545736076593
36	22.333416166359502
37	11.277694705105947
38	18.797669150133682
39	20.83027168428795
40	19.681138957131935
41	17.36459719153662
42	17.038384735376187
43	18.71029058855649
44	20.058877316388514
45	15.743351160437587
46	18.958705071083664
47	19.545780984364104
48	15.349272295690714
49	17.291909697599657
50	15.354807525029951
51	16.524920279198046
52	16.84027917013948
53	15.299943832658112
54	14.352271539757634
55	17.53795571894155
56	13.473899026868027
57	11.706476514721736
58	13.263473769622527
59	17.321273350548687
60	16.736890432764593
61	12.588283852789884
62	14.658185029929912
63	14.017218500166978
64	17.61785958868488
65	16.069422657602033
66	14.398861157819738
67	13.76553888972717
68	17.491446998013643
69	17.12070629844795
70	15.724695904897757
71	15.571394445370782
72	13.148792798847664
73	17.32998757834772
74	7.047263555355913
75	9.09113833672664
76	7.404556295202076
77	15.859708036002363
78	15.235222624022581
79	16.317976544717173
80	16.445569977630882
81	11.668254231932073
82	20.812457794013305
83	10.388404952166573
84	15.576291627030939
85	13.216348093214624
86	9.770368055444854
87	12.006451192570584
88	13.259730090065629
89	9.491650902445235
90	9.89550351736518
91	10.916963808398235
92	9.348404312877864
93	11.142434745328538
94	9.516536299055588
95	10.506454364925965
96	11.795760207969819
97	10.195169974257505
98	10.160732245037684
99	10.333354288218604
100	8.134527956222712
101	9.494002465693079
102	10.858093514806415
103	10.837633094077278
104	11.000923466917609
105	12.810732464854299
106	9.436807539851063
107	9.238315210978877
108	8.971359700030407
109	5.388773579313929
110	3.8821739728699414
111	7.483081154684049
112	3.4689038686776033
113	2.541669456463576
114	5.556985893389486
115	4.96167574804681
116	5.305567854961016
117	5.99204287054442
118	5.6259747114443055
119	2.4578717838284403
120	5.316994056373554
121	4.384479572787771
122	4.040821161665989
123	3.295470869613673
124	4.970870061943101
125	4.981620004951152
126	4.959841913544329
127	5.567704449303699
128	5.22305286357861
129	4.291766767208905
130	6.494633129377878
131	4.789156525113395
132	4.638663883812125
133	6.156692319343483
134	4.213040541774586
135	6.386244214831224
136	6.8974024586844
137	6.558072161716305
138	5.057841431204912
139	5.389280094938879
140	6.666291898561761
141	6.05617529740865
142	6.895629776709555
143	7.884248961281138
144	4.476222073430968
145	6.732313744956162
146	8.820439674408098
147	5.7970358708974175
148	7.148503600639536
149	7.248948215686214
