0	12.465904616249732
1	10.640377728577219
2	11.454814344068287
3	11.986062970206156
4	11.002020203629987
5	9.819125992098394
6	8.40812275246261
7	8.02865048747714
8	7.672213586944493
9	13.220738235245289
10	9.821451737749635
11	11.375839851606285
12	8.576965653063862
13	6.975196156786833
14	6.830500017478507
15	10.272135890069444
16	7.124171470416344
17	11.472487531317348
18	11.053037182426161
19	12.108733222270859
20	11.892750673490177
21	13.403537574783277
22	7.068092880191097
23	7.765959127595851
24	10.29697236005909
25	10.617627817325191
26	12.097949815937382
27	10.825168187388103
28	9.368535776624665
29	11.517923262852385
30	11.873745197496111
31	11.339880311952925
32	13.711110263247582
33	13.297711011481725
34	11.049032422691312
35	13.414499427786566
36	12.422546639528539
37	12.80356622795568
38	7.179699108121069
39	8.984923756607456
40	8.315205897388948
41	8.702160873825456
42	9.67639586671261
43	10.30108523375639
44	10.064488351916959
45	9.413657289125894
46	9.251712680943593
47	7.853618185908779
48	10.14793748176199
49	10.155653096019126
50	12.444634171502384
51	10.243770291320427
52	11.22362926868353
53	10.388221613337226
54	10.496302894227586
55	9.457957320757345
56	11.80337283670403
57	8.928940388763065
58	11.198251325739795
59	9.603739319937345
60	11.555431750576895
61	12.79189526417503
62	9.136690604307715
63	11.603369833292396
64	13.212982140865435
65	10.300253310442844
66	11.725152404429286
67	11.108008204086545
68	13.036646695849404
69	10.327282337732544
70	12.017610018161557
71	11.019599676417165
72	14.207940159857204
73	9.136315061024398
74	11.866759561360812
75	9.91411561354117
76	13.771920678170712
77	9.365356225407822
78	12.084143607792182
79	13.49670264206824
80	14.847035510934317
81	9.732668720801842
82	11.293612627570074
83	12.895555131593092
84	13.705168862659418
85	11.372797581219517
86	15.221776082353061
87	10.587789903366232
88	11.701247179552086
89	15.101003834399652
90	13.314676859621684
91	10.646659322853674
92	12.282903479974348
93	13.056369990133168
94	11.844716943782833
95	13.558858620967344
96	13.330690684474716
97	9.921218342549777
98	11.488941345933172
99	12.246009221300879
100	14.615019005540796
101	10.760626289758212
102	14.610927647505857
103	11.252960707490228
104	14.858521901976355
105	9.80102908593892
106	12.1867080634288
107	8.657830004821932
108	8.789802427991601
109	8.704539748994325
110	8.771688616975526
111	9.95295908099778
112	8.311148447093828
113	11.962544045064801
114	1.0617669517066364
115	7.1247441605968564
116	10.11487815226027
117	10.066018048698474
118	9.918254471441635
119	10.85679550943787
120	11.05229882149888
121	9.77222309876878
122	10.438958774292056
123	10.09896980667394
124	11.547568533639513
125	7.909912698089686
126	10.908758131761646
127	9.326761816032988
128	11.792077300049206
129	12.006225653350203
130	9.892406333086084
131	8.810900767879371
132	10.31688402497357
133	13.515165808791004
134	10.469673020199298
135	11.98629214765548
136	7.443964041162106
137	9.823964515573621
138	12.657621190867076
139	13.100413940106948
140	10.789751445278657
141	9.340279350754399
142	9.618298381510554
143	11.053986206621317
144	9.648844268330542
145	11.063168659643042
146	11.257473009549388
147	12.544600960859158
148	7.530541854550502
149	13.143961796013821
