0	11.092705178602062
1	13.865016509523102
2	14.338186045041775
3	10.871771703821587
4	10.765170075588122
5	13.881221552499245
6	10.749739466392889
7	12.486337273681873
8	12.422628916027783
9	16.516520618350853
10	13.08902724919944
11	12.026864529709956
12	13.314448333856053
13	16.615074983126014
14	12.383860556333818
15	13.19907390084105
16	9.526161957223207
17	13.63559948915782
18	15.309511744235262
19	11.30369455659758
20	15.509262146237388
21	10.997553443975406
22	12.209840589407111
23	15.29792034000736
24	12.635793482960585
25	11.329749431905658
26	15.965090073194348
27	13.308291187613921
28	11.758905432224664
29	18.083515049578978
30	11.338332003041355
31	16.60987967440489
32	12.599369376425924
33	14.723796357861097
34	16.70758304603379
35	15.591443269969204
36	13.291811861964018
37	13.445796323102627
38	14.46564872172682
39	14.37214334877416
40	13.947025345642288
41	15.96319241308849
42	10.798786087692973
43	14.258653706856343
44	16.70805844400062
45	14.285423199207724
46	11.663048119372412
47	15.438995800683722
48	9.772184471922396
49	12.315250026620422
50	14.346604515172778
51	11.774585568696063
52	14.378738876081826
53	14.831341025711417
54	9.95588927573863
55	13.89672026602834
56	13.442641308750256
57	5.126541012741311
58	19.007271996014644
59	11.907632608587662
60	9.83095708068148
61	11.03006755079446
62	14.318235228686868
63	9.172566423357425
64	12.185115328184303
65	11.866400223176592
66	10.645948651204357
67	12.0705762431248
68	13.073429237475315
69	11.628985499831767
70	14.304156763050623
71	12.020819413321963
72	10.609225174737242
73	12.36379983992024
74	13.925239347987914
75	12.330241573264296
76	12.182399738381008
77	14.741509860698478
78	12.176099053634497
79	13.340564328991153
80	12.470029052988432
81	11.07047357071872
82	16.040868143779868
83	11.001837037816982
84	9.517292183934641
85	16.742891545614004
86	12.669927605921814
87	15.158722597604934
88	16.931130239058444
89	12.572087721727023
90	13.045886228655068
91	15.664885868337452
92	12.47530575080351
93	12.580377027602287
94	15.976390744668771
95	15.474486212558501
96	13.232958506683628
97	12.614410497329464
98	17.78238294973212
99	13.887310087658369
100	14.09534240530957
101	15.218719662393545
102	10.80090043729925
103	16.700718405717545
104	10.010858203212145
105	12.898311145853452
106	18.266535537870762
107	11.046360931705264
108	12.931282085333807
109	14.547544356803737
110	9.943218704982714
111	13.957529300639722
112	17.38812909587566
113	13.114210858479987
114	3.040093943438797
115	11.11946547915843
116	15.583146760602478
117	11.172517640548325
118	14.733479858256832
119	13.025839127666288
120	11.964086716706415
121	16.490446066398796
122	9.167681261748452
123	14.929390279656252
124	13.780230180180762
125	9.118990182724808
126	13.605403136928423
127	11.515867097888465
128	13.903579828186743
129	14.689294269043668
130	12.866817117651946
131	15.368384574701185
132	10.40430798652319
133	13.239082664384918
134	16.40336398714685
135	10.541796608633163
136	9.887983331652858
137	16.712535387444895
138	11.052925503865906
139	17.784286948958833
140	10.776009123231145
141	12.393060546204417
142	14.211091592073776
143	13.85664313920282
144	11.816354163032841
145	13.937642430623656
146	16.46058409329531
147	10.45089888777298
148	10.651451755592635
149	16.343310670615537
