0	5.981700668303855
1	7.7552273689941815
2	10.562277693156279
3	11.265162760082454
4	11.60660855386073
5	13.729794355144474
6	11.439543809781261
7	14.109155006374264
8	15.257268042195307
9	11.616173673489198
10	16.176714752432527
11	13.369313487077072
12	13.031477056492315
13	13.706045516474315
14	15.124368768894449
15	14.772220848846196
16	13.370198173443082
17	13.01783237332965
18	17.229841960225702
19	15.474369649163991
20	15.474663896573228
21	14.070914804590357
22	18.63250034988016
23	13.545131632325994
24	16.043519593051503
25	15.959719372250177
26	10.035331003188844
27	13.573755201361713
28	13.168026145419656
29	14.41999973068297
30	15.826288923707843
31	11.967192433221802
32	4.772380831059346
33	32.98615685256347
34	1.2634594511121333
35	8.303071682622457
36	9.310680482086937
37	11.089711610433428
38	12.490617490686947
39	11.966181760262073
40	12.344334578109923
41	14.39024196667298
42	12.667698160300395
43	11.965283351142038
44	15.124657116818389
45	12.315900995996714
46	12.66805636744056
47	17.931446815285398
48	13.3920902729127
49	15.09737217396935
50	14.071047915184641
51	14.970702822514784
52	8.97104160899266
53	21.790336803187106
54	14.246481522211534
55	16.000665215879103
56	14.071448256347297
57	17.26902271075207
58	13.72031031140271
59	11.954179720381937
60	13.351402689863878
61	17.229182125106295
62	15.134446360293722
63	18.45033470105858
64	13.891405258520066
65	13.719402126728708
66	17.09939380669507
67	12.496378533867944
68	17.87848125461072
69	14.9482159503191
70	14.596239829099181
71	16.915354370171556
72	14.391604978851673
73	15.124368768894449
74	20.616956349656668
75	14.428349247093598
76	4.410082047613026
77	24.24807835492935
78	15.123793179539124
79	8.652391388809775
80	13.711488215320411
81	11.595109151328252
82	18.500404863497447
83	4.769156686761493
84	13.176341847291358
85	20.386853935050684
86	14.103659444224464
87	17.936778941846146
88	13.334422297503092
89	16.56526094793998
90	12.665670206958934
91	13.373230576072226
92	13.893772578777508
93	23.719206281360496
94	15.440114330718238
95	13.018323671160134
96	16.211065049680688
97	19.994005996712403
98	15.685824289274654
99	19.4643605405273
100	2.491062547194969
101	25.31920074888763
102	14.635984975821072
103	14.585855282829167
104	10.192788529755042
105	10.56267076287192
106	13.047495819377705
107	14.417401191500629
108	7.391264414696385
109	12.49167520034408
110	10.38790701183732
111	12.157150343038923
112	11.436548349280226
113	6.34552074564497
114	14.101784018304802
115	14.391467954899129
116	11.264005115443098
117	15.475106387746377
118	21.087374876767996
119	15.475253524693324
120	14.275857927573671
121	14.917163762055615
122	11.96651807328373
123	8.472563742714957
124	19.647294868038184
125	9.159243842058293
126	12.667459960016727
127	12.667459960016727
128	12.316943043925104
129	15.825383985453556
130	15.8252333603074
131	17.931275155513955
132	19.033867274329015
133	12.809454195420049
134	22.142706602052765
135	14.596101486280057
136	13.370576555870773
137	16.916651950437345
138	18.27864734852038
139	12.466226640489516
140	21.261978610271075
141	14.59568544205789
142	11.441255912919582
143	22.554035780205886
144	18.058390376358652
145	16.746575052764864
146	18.581468657717565
147	14.109691522594021
148	12.984157604167724
149	16.17717718283731
