0	12.164076651463901
1	13.61837546307587
2	14.511193747162636
3	19.352938345025912
4	15.939140733709454
5	14.032261322790868
6	19.10855860500092
7	14.468980166257591
8	18.07289840580698
9	13.408147059734217
10	11.063851692860657
11	14.140460219235221
12	13.211271565070472
13	10.74143975665181
14	12.933170379171639
15	11.35086209251721
16	8.772642111094212
17	10.36675609999738
18	9.838194704210071
19	10.635601887127144
20	10.989541922456013
21	9.08084801452652
22	9.747819525481361
23	9.632882623746404
24	9.084672663721499
25	9.522712201710762
26	10.908423345742436
27	9.280768876973381
28	10.842578400367268
29	12.046484099872346
30	10.230336418515918
31	10.90761032855707
32	9.755071288109882
33	9.743957841530584
34	11.604720798748437
35	11.436946941934057
36	9.92642902647935
37	11.127539961994518
38	12.41850574598262
39	12.129413715349894
40	12.4884347855139
41	12.560820119337084
42	10.598757579738146
43	10.548980316557337
44	13.553895867918232
45	12.38631886549891
46	12.96562411017679
47	13.33532776315814
48	10.939862957759285
49	14.292275942610612
50	12.818652188000382
51	13.77340829839602
52	12.971063384184292
53	12.522703952252655
54	13.1904225661011
55	12.638583386378174
56	13.591797525687051
57	14.907628135368375
58	12.823944237566506
59	16.925721791124257
60	12.416991063747128
61	12.229499535433657
62	17.733695292010232
63	12.563178250726043
64	13.483500086103303
65	16.851474647823462
66	14.177498233006002
67	14.434520250551438
68	16.814835649923026
69	15.386206639621971
70	17.830783361275223
71	10.403011017347865
72	10.513122616259615
73	13.61837546307587
74	12.972478357379902
75	11.832817408496807
76	13.004991683194325
77	12.999853791802211
78	11.762392021077327
79	12.345225549904333
80	12.67293112007118
81	11.79029019584744
82	11.804558947458991
83	13.549280923843051
84	12.165900436864009
85	15.272311736586625
86	13.552870779819697
87	11.026284449418466
88	12.933916626532945
89	12.854667228283398
90	13.769378434439822
91	13.631487908800214
92	14.397343211095693
93	13.303008052113206
94	13.989930510301074
95	13.845917917091981
96	13.66375307300033
97	12.784305926138831
98	12.929520601073595
99	16.49484220630602
100	14.873533154374805
101	13.293107387639258
102	13.121285995379504
103	17.410856956625633
104	13.518515404046362
105	13.516305655756403
106	17.853810389680355
107	14.358876146721899
108	16.375833481799063
109	14.841256117555801
110	13.848005334937543
111	14.42904101521986
112	12.93572571116319
113	5.6632137945738785
114	6.738275272205512
115	13.331415757301102
116	9.196200036360638
117	8.293138755985346
118	10.499842591327731
119	12.312972791237192
120	12.198550173212011
121	11.143365761626404
122	11.751404577991462
123	11.207920783635824
124	7.606751359314769
125	11.967846922148912
126	11.49461361837718
127	10.125295107238255
128	10.165805740423929
129	10.92760071399036
130	12.002981832566427
131	8.243702694918397
132	11.365767534315557
133	11.532647868956811
134	14.249836579383214
135	8.367193814493048
136	12.597244976807223
137	11.242774843936909
138	12.96981560751392
139	12.96981560751392
140	12.862662373560864
141	12.63771095048683
142	13.670080507724206
143	13.292047105388964
144	13.150440406298536
145	13.380860478050677
146	13.873886039439448
147	13.736966020703893
148	13.905114953151658
149	14.227761224525327
