0	6.0291823048727196
1	4.84220280929806
2	5.3314313929158175
3	6.349479684481407
4	5.73511588029444
5	6.868398674747716
6	5.942186164419567
7	6.519544377600434
8	6.126002745507817
9	5.413296081482795
10	5.582445816262689
11	6.153750887666607
12	5.902329291195478
13	6.461542255585501
14	6.457654385915381
15	7.022601592868467
16	6.699075309197523
17	5.0646821060463125
18	7.840672092574218
19	5.623216389611322
20	6.535606047285535
21	6.22045876563042
22	7.772314679873491
23	6.953563295746651
24	6.5284323290266855
25	6.879038043618282
26	7.187097824869108
27	7.344937122705934
28	5.442870528678132
29	7.242993930346032
30	7.232312283637812
31	5.165000951603666
32	8.052090495012061
33	8.271133762117273
34	6.100703225803457
35	7.288688290722424
36	8.471418812299158
37	7.196173585873181
38	9.609451919754406
39	10.06591133014729
40	9.51962876833882
41	12.55664109050411
42	11.013976190336834
43	7.912740796576475
44	14.373101448622014
45	11.36956989203527
46	9.101276480658228
47	12.607199527200926
48	14.062724611657284
49	12.04395262754947
50	14.611907883256693
51	10.619836206141647
52	14.662552702529148
53	14.168666055843138
54	13.632719248385495
55	13.944635219732353
56	16.487139638250834
57	13.032764951807856
58	14.16488240388561
59	14.083694767993329
60	13.436716935415564
61	17.016456196507235
62	20.508829777732558
63	16.226393033092403
64	16.61691366036883
65	20.6982265069178
66	14.434484091812438
67	20.688836495854638
68	20.929072919753654
69	21.226862863814294
70	20.66978937120886
71	14.899171169952565
72	25.000955808900954
73	15.158214458119383
74	14.621144465439702
75	16.706727513764253
76	18.460902191655993
77	18.33225552629627
78	13.096103276613105
79	19.608393373106114
80	15.436509655600208
81	17.018222524969726
82	12.958334820688632
83	14.875320622890507
84	12.102986209894679
85	13.379628632171368
86	14.823460001025001
87	15.326735485766026
88	10.728565197263237
89	15.017594991378632
90	12.776351180028488
91	13.830058343110235
92	15.268980359882555
93	16.778180292666846
94	13.493430263547893
95	15.939638112695198
96	16.782250112941632
97	13.298568742347205
98	11.737466158275758
99	13.84153056077936
100	10.534964634046858
101	12.959457221960848
102	9.529151453129916
103	9.534026950663241
104	11.995479351761709
105	12.542342250757603
106	11.87492123445387
107	11.57356212714012
108	11.010820606306453
109	9.061436769709454
110	5.777524623593337
111	14.307450926401925
112	18.851713310329128
113	13.591458044579426
114	14.45077116853496
115	15.394969261676813
116	16.44069806710037
117	15.029752752277275
118	15.78080861878559
119	16.889141939992253
120	16.077925392237663
121	14.164476778807796
122	14.6307375285766
123	13.948886288861951
124	14.630876971316217
125	17.546150110383575
126	12.691982551153863
127	15.061231487359034
128	17.675618754426523
129	15.086875855389325
130	16.871304436493123
131	16.365449996888707
132	14.896172948708372
133	17.942986269624676
134	17.65271814620256
135	14.970778959568714
136	14.811834763866399
137	16.329685468169853
138	16.31480733485051
139	14.22274318736882
140	12.428519249863653
141	18.092912248668856
142	16.11909881497443
143	18.10462396609691
144	15.676935008858909
145	15.635932245204806
146	15.437618346710302
147	15.852475416977445
148	15.075708834716213
149	15.51453392690095
