0	9.114598150359445
1	6.452703718353912
2	9.438976539775005
3	6.198499456325862
4	9.823429458119948
5	8.089563588621154
6	8.956386190268658
7	9.23691318533131
8	9.581920207600328
9	9.554163533222688
10	11.059076236927623
11	9.746929421797711
12	9.747111856627757
13	10.711710235381338
14	10.272134061791851
15	7.570533210387985
16	8.860122806179008
17	11.213794346318029
18	8.10927361438412
19	6.044049827361562
20	10.64563350346447
21	10.402833713205283
22	11.442330610123312
23	11.098068309085079
24	10.230872650324358
25	8.920054389929419
26	9.346927254487836
27	8.722834864849432
28	7.3711273746935
29	10.137292118664444
30	13.65054489133092
31	11.13859082590496
32	10.905294032525163
33	11.547585573266867
34	11.10005496361283
35	10.684400646403473
36	9.130046593585243
37	8.921624480456481
38	10.403419034907484
39	12.297399785223702
40	12.332713036266629
41	11.098172687039265
42	12.62923491073327
43	10.01748999031437
44	10.458973859807763
45	8.027472597247304
46	7.243239586974892
47	7.490090409855134
48	6.083708256821461
49	8.80509367344295
50	7.66373905481095
51	7.684708640889405
52	9.206763041754074
53	10.034862962261304
54	10.808523775281527
55	10.155657578259403
56	7.271685417071246
57	9.158571739490554
58	5.942749062065362
59	10.900063177682616
60	11.110997569506502
61	11.668869951013633
62	10.831708789812554
63	11.44284930139243
64	8.949430093913849
65	10.40263813688324
66	10.047298555590435
67	12.770159012266513
68	10.429760876521266
69	10.336836304375101
70	11.57463634728155
71	11.703085066687331
72	11.930837759560564
73	9.972945978411083
74	11.326519419528044
75	9.991690325970163
76	11.29009309789329
77	9.733535378615226
78	9.207533725896058
79	10.055968738863687
80	9.64548511435553
81	11.702022913920148
82	11.367559592075176
83	11.957016634391438
84	9.849477247262199
85	13.1297000820011
86	12.31124345049234
87	13.060112381789287
88	12.82129342792139
89	12.888333324063634
90	12.71248545710451
91	11.866319993145416
92	11.532443167557195
93	11.829433868940047
94	12.282681001389141
95	12.32185175731497
96	13.007176655598128
97	10.54627475801759
98	11.058659543860285
99	12.942920084504568
100	13.382651635380627
101	13.295344401771999
102	11.358451193957082
103	13.063920106844009
104	11.646439975729374
105	13.949329051035457
106	10.953371469344145
107	7.741586986448453
108	12.17061050666884
109	13.180760530647937
110	13.451420147287651
111	12.483205679441893
112	12.02308171899496
113	14.568596096168383
114	3.028262883738434
115	10.108739034054791
116	11.726245425773776
117	13.493618890140883
118	12.336805909950064
119	11.873505254503144
120	14.717523814934948
121	10.83725780380198
122	11.74558251131664
123	10.349412586449128
124	9.295669314971834
125	10.829670319250575
126	13.869409172532318
127	12.612117352531321
128	14.174206191800613
129	13.722630168369019
130	10.303184669542976
131	14.365704823366785
132	14.500735468542166
133	12.564527429266471
134	10.682899102080595
135	13.0306245338949
136	12.55392590392134
137	13.378458101465595
138	10.119272206700483
139	11.530380155368533
140	13.185833363843914
141	11.483696999351533
142	13.292059830107684
143	12.09610206990756
144	15.61537237435217
145	14.448738698943409
146	8.803539260156693
147	15.392025952909986
148	10.448212598519747
149	15.18574607882958
