0	11.340284911875463
1	12.232990628308379
2	11.019497773189627
3	10.372355443779538
4	9.828110504601195
5	12.197787740973288
6	10.167081368485318
7	8.232563140240067
8	10.254095130556795
9	9.999228181192965
10	10.792769116299606
11	8.813801274085124
12	13.801130273005814
13	10.648509547816587
14	10.104522757956147
15	12.076691608801163
16	10.164980458976647
17	12.57357794689966
18	11.815200670920419
19	7.298761514921091
20	13.95680796267048
21	13.563656667095172
22	9.745537798705449
23	14.14347659488574
24	10.510242733850985
25	8.41233651118968
26	11.438594938251276
27	10.614342273927512
28	10.216516158669839
29	11.649580891505352
30	9.40041505906693
31	12.619944768817176
32	9.551854760966336
33	8.745575520981983
34	11.63364653336895
35	9.048392365528661
36	12.461807312156289
37	10.390647563009091
38	12.085292655651989
39	11.164550413066406
40	10.429812773867516
41	11.583004990814047
42	11.766267528684471
43	14.393294564369729
44	14.628582394424994
45	15.390867067816364
46	9.560168976912212
47	8.142316745158602
48	10.826180433788839
49	12.261537842399894
50	11.589061393163785
51	13.410413955060426
52	7.54855630546737
53	12.533395789792884
54	14.942825394049999
55	13.606396179570925
56	11.237697960402361
57	13.108439879211518
58	9.261198860022493
59	13.54070757514401
60	11.070490293279049
61	10.397882546039426
62	14.678337205274344
63	9.404983778040231
64	13.875597618582995
65	11.497313132737037
66	10.127829402569605
67	12.152291041695745
68	14.986061164814187
69	14.29414456639407
70	14.869121379244213
71	12.113285811124015
72	16.844684687924897
73	14.647842225534477
74	13.37999750437752
75	15.326100767623723
76	15.210850980961593
77	11.246882236326718
78	10.73089280559774
79	13.264546325441712
80	13.215368243668989
81	13.067496088647003
82	16.440611791955487
83	12.614541873476366
84	12.729909096221434
85	17.04858960098441
86	12.646257399743764
87	12.84431048004712
88	20.99963497799047
89	11.777535012861039
90	16.671245212346882
91	16.3916544369243
92	19.608700390214448
93	15.543812031677492
94	7.198602456239336
95	23.78763206039526
96	14.718807550376395
97	13.716781412716625
98	11.959492581565925
99	14.647280424202929
100	8.22755562919518
101	6.746447061206102
102	11.631465165098746
103	8.711045953969172
104	10.579276392793393
105	12.132860259861275
106	8.979685826593634
107	9.63508415233682
108	9.518737644347583
109	8.940828337471611
110	8.719225966184702
111	10.852536333173337
112	11.503309817349134
113	10.588742978059729
114	4.205301645464655
115	7.412582496248707
116	8.415691349307975
117	9.415810137267425
118	7.9836688294178835
119	9.321936638766568
120	9.944655603750611
121	9.745172597117762
122	10.455313945816599
123	9.688457865799133
124	8.656145207968242
125	8.390916904064193
126	10.316509752043267
127	10.060302177967689
128	9.924720234365834
129	10.536740236680457
130	7.508034318363472
131	9.367119245148784
132	10.977874434031763
133	9.887486341973675
134	9.636528238865552
135	9.379476521150755
136	10.382135942305828
137	9.173641173790532
138	10.323982392243911
139	9.179978367160887
140	10.196568935558133
141	10.94564848558596
142	9.195432464283156
143	10.471152530624165
144	10.899781401560839
145	11.311869353167681
146	10.89063132573398
147	9.635445130622553
148	8.935339603722515
149	9.18838520438675
