0	10.81480113261683
1	9.687195942953144
2	8.548345538173036
3	9.110108440550679
4	10.710511308203266
5	9.613141159337875
6	9.861448342193125
7	9.682732883728006
8	12.71598487625621
9	6.817485978161116
10	4.569813891439932
11	15.09941021522525
12	7.878186994275097
13	5.3153401875398885
14	6.076256748846227
15	7.025791307959965
16	7.492630964039843
17	8.460469165703893
18	7.399879631983584
19	8.355378444501104
20	8.156872740309785
21	8.172865995529863
22	2.0889238286265135
23	12.058500094094388
24	6.268333957157819
25	10.139832387546965
26	7.036585998565243
27	8.732610363142115
28	8.734682796840357
29	9.492566849750908
30	9.3013903835753
31	9.114032619498904
32	8.73380593500929
33	8.826216166691076
34	9.398525547119986
35	10.069442137022445
36	8.726955117678168
37	11.202942738781577
38	10.727525788999476
39	9.966078358842255
40	9.489336965448764
41	9.11737555798822
42	6.3636746303974325
43	9.107104967801098
44	9.399475556794298
45	4.085514670688077
46	4.554592109214174
47	9.783867162933177
48	10.059578440274208
49	9.016308673178216
50	9.769084552494245
51	10.45169290803886
52	7.684181725574706
53	9.783054610651686
54	10.06683465129359
55	9.873734971986668
56	8.919466369075613
57	10.442971040525778
58	9.966998676505725
59	7.024976879842055
60	10.73201315606151
61	10.626887436584388
62	7.6922849082799845
63	8.828716510773493
64	10.726828529622516
65	9.017712107126258
66	9.775298342784907
67	9.77610949845125
68	10.256838010784406
69	6.831405943554755
70	8.353708248150728
71	6.17154488925854
72	10.163199694559413
73	6.734948942068092
74	4.843125290421828
75	3.608948008681958
76	11.94935354541104
77	8.741626672058384
78	9.465497475556067
79	6.378680436233075
80	7.873707330312416
81	12.1567405816796
82	12.902222013158509
83	3.8009486006540847
84	10.980083032048723
85	11.040029779290204
86	6.455098136763275
87	11.395342890474621
88	13.677163459192478
89	11.190633813603025
90	11.678216940702859
91	8.734682796840357
92	4.462422725000835
93	14.903841613761996
94	9.39584849397647
95	12.627631035976302
96	11.869854262367756
97	11.291757618457229
98	11.301239978295694
99	8.633070153126225
100	12.246990565670629
101	14.143708753568896
102	14.333122388030022
103	14.150001391171378
104	13.75847688673644
105	13.285254747943831
106	7.116068141174964
107	16.621851552729225
108	16.52719449420417
109	10.72095211324314
110	14.24522697610527
111	3.8902375042297805
112	13.412245380514817
113	6.647185820092101
114	24.50225649568464
115	14.420244943287438
116	26.94040398407548
117	21.088239230725993
118	18.6121814344386
119	24.477576395771706
120	21.254419346072854
121	24.685959323281594
122	29.05853590022568
123	30.274080170975278
124	19.450103918203965
125	25.054781318857113
126	30.107174545782442
127	23.170521968700545
128	30.05031470188158
129	16.70948360682454
130	12.435785494831213
131	17.18807445805661
132	15.176480903636826
133	20.496204893562282
134	21.655434193695637
135	12.628937322554265
136	25.628136693290106
137	26.818989473408305
138	17.867802777796232
139	11.49533641662785
140	27.756031150240027
141	26.42207153170384
142	24.103717256894125
143	20.315438537262594
144	18.415214751955233
145	31.69845180975145
146	22.210463645573714
147	17.560489481080225
148	25.90457400353431
149	28.09775089705504
