0	1.4240524382354667
1	1.4240750086079472
2	1.123338555222846
3	1.2749450144957524
4	32.607250719302066
5	0.8231597287616655
6	2.3217181440239534
7	1.4258003522376477
8	0.9725142531583042
9	1.123207835642087
10	1.123361099584853
11	1.8750743878833018
12	1.425717314301966
13	2.0223211322336785
14	1.4258457045293411
15	2.770243260630523
16	1.7281887539315053
17	3.222481996117149
18	3.3784018383904924
19	2.3260061619668173
20	3.8292177076566274
21	3.680636326922831
22	2.7810676414584483
23	2.4724129579224647
24	3.8295018363681654
25	4.2803404077197955
26	3.528565468945673
27	4.289056417212694
28	4.272348862747602
29	4.438845679473969
30	5.172523421592898
31	4.280520784250529
32	5.03248086536006
33	5.0320884500120275
34	4.881837354612513
35	7.135035557690827
36	4.732433018597594
37	7.73889818189982
38	8.038864924221345
39	5.0320884500120275
40	8.49018765124848
41	8.788275788423181
42	10.318318582059286
43	5.484393153554526
44	10.446499304568786
45	9.841254255056187
46	6.371256709580345
47	10.013043261358378
48	9.673396301884797
49	6.699214409425934
50	8.772404126291393
51	8.059326420153823
52	5.46865718542818
53	7.739604875714513
54	9.693019014125246
55	6.3852758743682285
56	9.542852640464345
57	5.182333209351841
58	11.196144651780111
59	7.738121087210904
60	7.5878549819950365
61	10.293914635352897
62	9.41339775197828
63	8.771030866871925
64	10.618757480274029
65	8.325914904527885
66	11.639706394232968
67	13.180831161056535
68	9.52099507647381
69	9.392417749538355
70	12.998248727087567
71	11.522756604877646
72	13.421788220045059
73	10.317255248852458
74	12.22034496317702
75	15.7406906479347
76	10.872718767434522
77	13.630346678693062
78	12.999728143941857
79	13.874270185718824
80	14.384816150229378
81	9.841804107372724
82	15.671985627350312
83	12.998864878045223
84	13.903184974549063
85	17.059719413810814
86	9.866164704831112
87	17.167503566056503
88	16.905805034263317
89	10.596771432096642
90	16.94811440661929
91	13.599123064554087
92	18.822991223476787
93	11.947054102700298
94	18.11072260573009
95	16.3086317209681
96	17.51057928731742
97	16.908239630568424
98	14.50403224768985
99	16.60821292485644
100	19.614028933707548
101	17.209565518202282
102	20.517798789645603
103	16.30769272778024
104	14.988996928188175
105	22.621957998133336
106	8.470924513007205
107	20.216720194016208
108	9.84336317767414
109	16.609488200917635
110	11.043938038971916
111	16.343423505804424
112	13.90212625480015
113	14.02189385260756
114	9.842996249715712
115	15.556589999231738
116	11.828518043928286
117	11.316467960005728
118	12.398861846133082
119	18.586255529722617
120	18.883135247745198
121	14.484970143822562
122	16.14080203253034
123	14.083041092312627
124	20.32147380671869
125	18.41227070489397
126	17.81040480452732
127	15.70543248096616
128	21.7197099682961
129	15.124196701028302
130	16.888132886273976
131	17.82790265811851
132	20.346795449168987
133	15.584477351736064
134	22.333192311302856
135	15.220110046994545
136	21.268489896193106
137	12.997878698816296
138	21.87322782533501
139	19.176729422909453
140	19.90334427067966
141	19.013806415074423
142	19.915652188258576
143	21.116927054244936
144	19.01490792631403
145	21.47311621859117
146	18.665086261819724
147	15.891221572014336
148	25.721978153712122
149	18.712586782517455
