0	10.584853907079886
1	17.290217276487752
2	13.612586235941365
3	18.28063688814269
4	7.643020438794165
5	16.283393891325975
6	9.120029175184285
7	12.32242879457434
8	15.10317599322229
9	18.225996844167057
10	21.767365598542234
11	13.104367200653941
12	19.997764876526986
13	8.61797828886604
14	16.048537662249977
15	9.12414628399042
16	10.219302347570189
17	0.9626287828791454
18	1.2106354727138975
19	2.6926825633975477
20	5.404653129137184
21	5.921581949791449
22	10.361980689902799
23	11.357865020094598
24	12.328805795427638
25	16.533823939264916
26	7.161213769679673
27	17.543999039085033
28	13.066632541936508
29	13.587290436999405
30	13.08936966869569
31	12.550363633672774
32	15.55881738747868
33	13.600571184864057
34	13.09642986659128
35	16.245074042178945
36	14.36240165726414
37	13.302594733713061
38	14.852558854336944
39	19.52251651716851
40	15.016265856139517
41	22.027412820657414
42	15.036251248698163
43	21.050213083088444
44	16.762387505210295
45	12.606664357474541
46	17.042015627388825
47	13.543514759712362
48	15.32165242649786
49	15.595277083314583
50	10.114914660686361
51	15.751169815879448
52	9.146823002603318
53	14.790463189430348
54	3.4435408560053222
55	14.81749238308891
56	4.916580587807552
57	15.307924702960234
58	11.103817999288342
59	10.841994777929784
60	10.853636259482005
61	14.864475471687843
62	9.09849900584087
63	12.091939374083996
64	9.376051991678631
65	9.62020332040771
66	9.616909864369083
67	7.3962735405705295
68	14.32186587147145
69	8.895313345906416
70	11.820086439115943
71	11.62993570087263
72	5.400539558159922
73	12.364763255913095
74	11.582639377098156
75	6.897251063739546
76	8.406034980220605
77	9.86829138334854
78	9.348588988486128
79	7.16463976264453
80	10.359473112447418
81	5.665383299904811
82	6.881286722545886
83	8.383501524812655
84	7.406916649057733
85	11.108182550935965
86	10.119334258449307
87	9.35134471347848
88	8.381585250603985
89	11.367137270171451
90	11.582205264529158
91	9.638584813890397
92	13.797646664304006
93	14.350229430396496
94	13.306866823389889
95	10.141306699715297
96	16.54584481587912
97	12.332054866673662
98	16.260876353350458
99	17.576894170736267
100	12.102528135204363
101	13.579566513460858
102	18.021988400359255
103	12.097288549362606
104	15.545765275754906
105	12.815619491656324
106	18.323961023181614
107	10.582491946357512
108	17.779186209917516
109	21.288505188570433
110	15.286943493663221
111	21.234223419654043
112	12.872784573788776
113	22.225877403173744
114	16.508732164243845
115	21.98692341289408
116	18.083615668075435
117	21.499718885251408
118	23.96915721068583
119	25.37280383482478
120	25.919213812873192
121	22.567481774885724
122	24.954073358917235
123	28.365316870226827
124	20.03309493281178
125	19.525716001298683
126	22.187673937233846
127	27.248521631421713
128	21.989262748089807
129	24.463443791171194
130	28.38990002951954
131	21.45304562654182
132	27.18960403211742
133	17.072441859908302
134	19.72813327460568
135	26.75701403498433
136	29.13856195360746
137	22.929870816284748
138	25.662896986900396
139	29.70994029600102
140	17.822971419924684
141	17.763505754507854
142	29.963323937394183
143	24.94971151637319
144	25.939118876322013
145	26.440645719900104
146	30.80223036037065
147	25.21022423124075
148	31.136191614287746
149	24.749274266685624
