0	13.26219946841778
1	15.092776506413218
2	13.198742986757104
3	12.651973156231392
4	15.241636676190456
5	11.96881126383204
6	13.142651334160695
7	13.97747195224881
8	12.466685059163103
9	11.04452393985346
10	13.942712407519533
11	10.992865085166882
12	14.066408554461857
13	12.187224301284196
14	12.569886389790412
15	13.659058600858192
16	13.809756494053815
17	13.794047248415449
18	15.47595833355296
19	14.34792090154712
20	14.758126903520749
21	13.877910994432513
22	15.510617828786275
23	12.026816799735474
24	8.553157657553118
25	10.824567119872945
26	10.413621658555648
27	11.082494738453459
28	11.850875879280165
29	9.866965009477166
30	10.111724219503545
31	14.26904682993183
32	10.078330665079454
33	13.536844278599553
34	13.258947683072636
35	11.283628768124936
36	12.765977036650478
37	13.77047942053372
38	7.467841603487527
39	14.804117967641988
40	8.520050463172954
41	7.448102282717108
42	7.008123317782269
43	8.556041855736577
44	7.580899100075594
45	7.925260364195333
46	7.369943698062139
47	6.545822635907761
48	9.225122378373564
49	8.039351106956042
50	8.097710660738574
51	8.576996726132677
52	8.420295782435463
53	7.829963722165323
54	7.104395739383441
55	10.245387615035217
56	9.47335111151335
57	8.079844423016468
58	9.720622781973491
59	9.109121055014127
60	10.043189175890987
61	9.245616894131684
62	8.32737405984031
63	9.358677722823126
64	10.160826787227796
65	7.638852191305067
66	10.10340023897543
67	7.369612258333605
68	9.564071467785318
69	9.325243155068517
70	10.99206959854854
71	4.42775864619999
72	13.054910387938168
73	5.568827130186676
74	8.547084361974182
75	8.556587456568572
76	9.20991046030793
77	7.333350755449085
78	8.462632212825781
79	10.706801575869934
80	7.0251704691356816
81	10.21541776881606
82	7.392842046412746
83	9.415927333279734
84	9.644827525364729
85	10.047089708392114
86	10.299345669205097
87	9.590673953389992
88	9.355754104311092
89	7.610618272905383
90	7.534610285744647
91	10.505313568261485
92	9.816555979540714
93	9.702697888893798
94	9.702071486365409
95	8.578251640269922
96	10.937028803334572
97	10.962880280709504
98	10.53170251490176
99	10.845295917827041
100	11.197732303568719
101	9.104957584673153
102	11.309074962496902
103	11.76648834480211
104	9.673623724416801
105	10.668006929322022
106	10.449334191846038
107	9.395026385235717
108	11.793193079729956
109	8.880327973261856
110	11.995378644136961
111	10.161485326111919
112	11.87415505755385
113	11.085491326953733
114	12.798517854840771
115	8.211645619380484
116	4.035377670970233
117	11.449664097143385
118	12.455327225479163
119	7.309034361152692
120	9.13134040506601
121	13.683306282914513
122	13.769439467218726
123	13.641014788309235
124	8.328963793768079
125	11.475954988974962
126	14.63379213644322
127	12.367337753770455
128	13.29103622721469
129	15.492524962601388
130	12.478908214454037
131	11.107757997830568
132	11.965121220387296
133	13.887488122905498
134	12.684205994839614
135	17.087353180851345
136	16.36676165714205
137	17.53656156198325
138	14.317681037690694
139	14.607478479907781
140	14.086966592453845
141	15.550891919755902
142	16.510644878134322
143	15.452997784719887
144	17.023820889144204
145	14.982509712947753
146	14.852570434870849
147	15.388540391910968
148	14.748886765562064
149	17.66303047666475
