0	10.15565622929078
1	7.67408428110322
2	9.454563002681365
3	9.87971019546751
4	8.377473497268891
5	10.956391819201023
6	10.989372801895264
7	10.4332044825587
8	15.170446375985136
9	15.094378903263301
10	13.763124257294795
11	8.718883985091106
12	12.859308771540714
13	7.800378890501799
14	11.962240104658164
15	10.709906043041595
16	10.81965390385535
17	9.184082794916868
18	11.568576893381163
19	10.687145873018341
20	14.72179964923344
21	13.441637764787878
22	14.33855648703592
23	11.703119427565468
24	15.1726967379755
25	16.07426712356441
26	18.876771701612817
27	12.199472355416688
28	12.78408447795307
29	10.72627021241264
30	19.671105502291123
31	19.685420679214968
32	19.344742075792013
33	19.426752531891236
34	22.195165257113853
35	18.345436634156638
36	15.758508396409525
37	17.882777678190063
38	17.23540330411713
39	15.689189384369286
40	20.311082248664047
41	10.754665871274582
42	16.51228438648531
43	12.854343136784042
44	14.066016390225673
45	16.89226377979933
46	17.48825737157718
47	10.709308606986767
48	17.41875258185317
49	13.684318666221749
50	15.870168941402383
51	16.657716511155048
52	18.408981717295024
53	18.248799190128477
54	15.205439288836857
55	14.583312475824485
56	18.707820684875955
57	18.600899218344555
58	16.545266432855485
59	20.808710373212396
60	17.07257267313891
61	22.11514021869786
62	19.277278237245255
63	10.409630836598122
64	20.520184502723225
65	14.889866623298605
66	14.722218184627401
67	14.336785858872606
68	13.58561812771844
69	12.982539447649991
70	15.812888570759416
71	15.303030281295054
72	15.481828976487822
73	11.669951574888838
74	15.518605558851235
75	10.485923074795615
76	9.414900430877694
77	11.479849671544734
78	14.677643874434175
79	17.765965739254547
80	15.315103889678614
81	12.958139331451648
82	10.2252991399161
83	18.801441332001982
84	17.766306825234086
85	16.216992773414884
86	19.58004782749336
87	17.143053639634697
88	19.425257924415494
89	13.447240726045777
90	11.912749865536608
91	19.574898829183283
92	20.09501647911948
93	14.016923267347718
94	19.05194077521302
95	10.571260318876007
96	10.04101257226317
97	11.335131719642675
98	15.405624547659716
99	14.169749538168542
100	14.2746978190205
101	13.298763967384652
102	13.927673616967166
103	18.25142418083948
104	22.5289668349082
105	15.758959075511076
106	16.614563216476384
107	16.31202377081942
108	8.011847735995083
109	8.305620358529485
110	11.23876128114279
111	13.961678048067242
112	8.91077484703122
113	9.068166537820797
114	14.137612425220976
115	6.282404413068847
116	12.951464216996406
117	16.596628678939478
118	14.3380142620248
119	17.348917880686898
120	14.583727889802145
121	20.11659741824235
122	14.825038476886064
123	19.79477347679563
124	19.909083694464652
125	15.482860852396481
126	17.211240929784342
127	18.111151441417107
128	14.236502278170764
129	20.186962969859565
130	13.91427836806701
131	20.66956810001969
132	15.551738858536186
133	16.243007907725342
134	22.196986775178
135	15.334738033094549
136	16.062094362095422
137	19.010222189776425
138	17.489764107244756
139	18.713763305846992
140	16.987003580121605
141	20.899242504673534
142	15.992203169946656
143	18.639197787416677
144	15.971346122227231
145	15.40430617996422
146	14.177136117071832
147	18.26996233610067
148	18.733531700017043
149	14.212569704022073
