0	8.89119949404691
1	10.29769908238025
2	9.053872574634434
3	8.797816536514258
4	9.804023160180142
5	8.159368586627812
6	7.708809969197717
7	9.04864385104585
8	8.507419937885459
9	8.560540632387072
10	6.500242662333585
11	9.69051929008483
12	9.543576180508389
13	7.800597987064379
14	9.631635499458282
15	8.47471803478281
16	8.969921492124175
17	10.70426997563943
18	7.509131480372126
19	10.186460098777356
20	11.8851893749283
21	6.92034713159908
22	7.545492400049692
23	9.893269427195749
24	9.792531016685246
25	9.441247010015143
26	9.118585833386135
27	9.053872574634434
28	9.653999581386035
29	10.407634266686623
30	8.391790838440977
31	9.084532234543426
32	10.535311528046998
33	9.453364558851042
34	7.172399470513538
35	9.690069946933654
36	9.275748028471074
37	10.100718991425266
38	8.270208809026421
39	9.008704481535863
40	8.758646428003061
41	8.602809578356569
42	10.833815552694707
43	10.675564711651623
44	9.673594205734855
45	10.172126320313929
46	9.194252107183514
47	5.331252344295063
48	9.919134211125087
49	10.509015813861398
50	9.119800589794446
51	9.34499896115369
52	7.052417877042502
53	11.043737921624416
54	10.241225555446032
55	9.64807420423209
56	12.190759356148513
57	8.031355010286449
58	11.726786524840369
59	9.57513988777169
60	7.343683180899822
61	12.073107967881842
62	10.92040654697819
63	11.650327976873896
64	10.990288097278789
65	10.620847666690828
66	11.676108252346141
67	10.202968283472236
68	13.591106161006245
69	9.859477737677262
70	14.833092775389446
71	9.14293061438153
72	14.570299252481814
73	10.131542599985025
74	9.804820389960895
75	15.033588678182253
76	15.520911837843576
77	11.2149751695403
78	14.759835163651738
79	13.511053738869894
80	8.030695709145515
81	10.270623594567809
82	9.126096595788459
83	9.882336575234099
84	11.789373400635082
85	10.980256534039345
86	11.524495577194992
87	10.247986987221317
88	13.4396503903124
89	10.772457350413756
90	11.51494585744374
91	10.867799418440264
92	11.485508220105089
93	14.392516807901
94	9.133242670080605
95	12.619843882862233
96	11.207468119740051
97	14.865746880286787
98	9.584297806084718
99	12.373071614311282
100	10.511768337318127
101	13.443153035309399
102	11.890115191535777
103	11.210724869749452
104	14.54406436712447
105	12.505109546214243
106	15.327158004420404
107	14.421904748135285
108	10.321857113370328
109	16.447125702941314
110	10.473378134644395
111	9.493043726834635
112	2.661985142234416
113	11.984687036109461
114	13.818220233229408
115	15.125500694540026
116	14.927947109494735
117	17.531705973795596
118	11.688953047823
119	11.781394111821305
120	11.72117875792645
121	11.52620293820294
122	12.214419582904364
123	12.37377946165103
124	14.242843705890383
125	13.473911499458996
126	15.841514802886774
127	10.186270264082744
128	13.174298321918718
129	18.28994200286064
130	14.313583577357567
131	16.894463589700145
132	14.822381748964483
133	18.070336794880042
134	16.087975844960834
135	16.921130002256913
136	13.340401235003473
137	17.96965561753069
138	16.16916192862919
139	11.447794428299531
140	14.892026867847816
141	12.255859924655043
142	18.31268390495042
143	15.712979905657178
144	16.68253623587674
145	17.090735674070658
146	15.00229237369249
147	15.395588189130281
148	12.226648890025492
149	17.02429487513048
