0	11.166220326424128
1	17.10258837125319
2	10.410940911346454
3	12.116610965109915
4	16.288567602289547
5	14.796211694185038
6	17.92995142043897
7	11.664287464176942
8	14.302943731889048
9	19.001539228309596
10	16.17244562431355
11	14.398672437961913
12	13.117578386412552
13	18.022415761543616
14	12.83749862517342
15	16.32226080169416
16	16.550498631190607
17	17.135324464781228
18	17.457051182386106
19	19.386137376732954
20	14.928856589965479
21	16.390102187247088
22	20.115589031950087
23	16.189239202496445
24	22.726881648531414
25	15.892137400381584
26	23.744856554477895
27	13.940089407536833
28	23.135625288128768
29	17.58545797827249
30	19.022608506870448
31	21.2730487496311
32	21.424398361052305
33	17.024402231248523
34	25.76718275785632
35	22.339500524862416
36	17.63874886364231
37	19.59892881774648
38	14.010092449841332
39	19.097075334846213
40	16.471097617130958
41	13.99688781536864
42	18.92991362122692
43	13.058863380220254
44	18.71980119197963
45	14.957258821026773
46	18.543374909989485
47	20.798022399963745
48	17.24465183500557
49	15.614560782314186
50	20.838028973865242
51	13.419973962917593
52	15.340178614003783
53	16.990059338043327
54	12.890406065864644
55	17.789334731703153
56	11.83212359375522
57	16.324235470355205
58	8.178620898186304
59	12.916228034485675
60	12.32234026765105
61	10.413628332227978
62	13.491150277821566
63	12.819270142852055
64	10.510875675731306
65	11.933127451031456
66	15.017296871408513
67	15.285965683715936
68	13.032974178530576
69	11.271555139498986
70	11.262650848141659
71	14.111755198689465
72	7.940728442671736
73	9.487991466950625
74	10.511070291100683
75	9.787493318874109
76	7.361349280792952
77	9.602175166528552
78	11.441065119693352
79	12.08997834331123
80	7.928945897518679
81	10.103608422628177
82	11.508213672250312
83	11.638892903087132
84	13.115229764516931
85	9.211247289786034
86	11.268201278605375
87	13.539948789343283
88	8.786713081823537
89	8.904961098658262
90	12.160409849498391
91	11.621910147640978
92	10.39678455424198
93	10.231490669132203
94	13.101866273543253
95	11.374284866806166
96	11.586076591099033
97	9.98237279462284
98	12.41699821029205
99	12.488283731646984
100	10.560289819412022
101	11.7857988145896
102	10.684158151905642
103	11.107269354625272
104	11.586293437191149
105	13.023798474343812
106	13.732991368667452
107	9.251075690420246
108	14.23704134466454
109	12.276486358220424
110	10.626416070996692
111	12.0586600201265
112	14.30551106799808
113	11.185443465601407
114	6.169385734498359
115	14.863619703289995
116	14.196266819428342
117	16.50610687845192
118	16.128559435786116
119	18.076128059200265
120	17.734565187143357
121	16.160605383712035
122	17.350384116059995
123	18.811833191329775
124	16.707471216636048
125	17.675284962027405
126	18.52882077352138
127	17.52611319845699
128	17.727768610208564
129	16.719314156292963
130	21.9018665930112
131	20.47578263970775
132	18.07479701573498
133	19.521161917022813
134	17.26824924109332
135	19.142937413591493
136	18.287113651166997
137	20.423473104567293
138	20.731008656290324
139	19.53969906365186
140	22.3235641941982
141	18.780528208933593
142	20.08675302511487
143	19.840498800072844
144	17.679009540349625
145	21.403678386244856
146	19.243929568064758
147	20.438946998047815
148	18.47201230216907
149	19.669131606431552
