0	4.064552195486157
1	4.333537655049749
2	4.056618292306903
3	3.8665388163903014
4	4.72266372117139
5	4.436820635260661
6	3.5812921411681624
7	3.8665055880317682
8	4.246797451308678
9	4.1601101561352145
10	4.246389402908253
11	4.247761708418706
12	4.996902773879934
13	4.532145935483305
14	4.246945829691867
15	4.341962979068581
16	4.437054457275943
17	4.72203619400556
18	4.437210451036553
19	4.545972356938798
20	4.044696801683993
21	4.722119728737984
22	4.72232889189803
23	4.540831346368229
24	4.997792418644378
25	5.7688581385128
26	5.6729357132686005
27	5.1031512291642365
28	5.48276416280584
29	5.401050183001726
30	5.481478889523374
31	5.5660856151274904
32	6.243507320724857
33	6.433739625501925
34	6.6248890218737015
35	6.813713954347056
36	7.10014092026077
37	7.479981759911541
38	7.669951113980302
39	7.499333667110162
40	6.701868864538084
41	7.165917922842147
42	7.796326452000749
43	8.712410896854562
44	8.071019490788977
45	9.737339694193269
46	8.43073894934771
47	9.263254910906149
48	9.0249742635708
49	8.050981778076906
50	10.444361171751789
51	10.126626636179662
52	10.073483108516614
53	10.780325368474404
54	9.761900977854124
55	11.85407678328704
56	12.900567205064778
57	12.7102570123504
58	12.600426367036782
59	13.801443436330784
60	12.521867577329871
61	13.94526431431132
62	15.27262085149537
63	1.1559537823055162
64	17.42971063118111
65	11.827209304930383
66	10.642249818962924
67	11.381985849198994
68	11.728660694187395
69	10.522310250068978
70	10.642959205628667
71	11.65100533309404
72	10.74807956718404
73	12.472046078135406
74	9.78770552107802
75	11.443072721279625
76	13.221108962615162
77	11.016260058752149
78	13.376552541376585
79	13.945398158398655
80	11.07478241241067
81	12.155642931380791
82	13.23352412236042
83	14.983810115969767
84	12.377311085608918
85	14.193651715674388
86	12.458233467166076
87	12.772195888919686
88	13.849912714908896
89	14.659106406655807
90	13.411182464083687
91	14.27531333503847
92	14.663343274112728
93	13.29303204904415
94	14.93671281803684
95	14.477999343138448
96	15.314127017627674
97	13.058952751978126
98	15.695438583223897
99	16.614230198048652
100	12.044718203613886
101	12.817286539735361
102	14.185432772839663
103	15.174216831106303
104	12.582042571486308
105	16.129103507910365
106	14.004665475898578
107	15.514163943023126
108	16.795132275182183
109	12.608042201496636
110	16.81215446703552
111	15.1861128628748
112	12.288990067101425
113	11.98740717274319
114	12.810923397952665
115	2.2010080836885626
116	15.544774535528466
117	17.73146510436038
118	20.690845971240684
119	22.096022891171557
120	17.209187238371456
121	20.663484444867102
122	15.942045659944528
123	20.13506200631347
124	21.564455195497786
125	14.464052939103125
126	26.009829729954077
127	17.756231967858383
128	18.652324867867783
129	10.115440294265348
130	27.73582631456494
131	16.08669424462233
132	8.630223606778069
133	20.205769573677273
134	15.094670285626245
135	12.424976860125955
136	15.78954304804026
137	20.182552225562283
138	13.42203957284742
139	17.99859045054859
140	18.045391973417132
141	16.68383468600966
142	18.89536441009929
143	16.943687049577925
144	18.610911554925444
145	15.275272719595304
146	16.703208394382678
147	21.30581206197663
148	15.18283120893383
149	20.13466814012252
