0	9.701562172008257
1	9.895308849455539
2	7.620280034883436
3	10.661611334496572
4	9.285184021480053
5	13.32564752631672
6	9.773396673412869
7	7.585110765277534
8	8.188095126104237
9	10.193871615986327
10	5.514693325301547
11	11.220192264533265
12	8.696393770206674
13	9.084225955001205
14	6.204374317674251
15	8.617235916841992
16	10.177146006189268
17	7.838974462011777
18	8.999344932848187
19	7.2705170085724085
20	10.638341227256989
21	14.058401582865503
22	10.743671455702154
23	8.107720516421788
24	9.98694977684531
25	10.750614932782673
26	9.886876387029968
27	14.621529906111245
28	8.818257809111248
29	11.137736547697752
30	9.646812923234403
31	10.4647609495719
32	10.370284087543128
33	10.388185363929702
34	14.478379901049655
35	6.459557572829771
36	15.35157092978696
37	11.250408434771657
38	11.468439311492178
39	9.939385262433506
40	17.17546825963208
41	11.395180705339538
42	15.496669624282209
43	17.43004107274544
44	11.798665060774512
45	12.70566065288654
46	13.531701988485082
47	12.120262149015979
48	19.05478025635674
49	15.145701875201492
50	15.53073790931145
51	10.846019201622056
52	18.65674152122864
53	14.808576156586666
54	17.909712392053432
55	14.05325631975813
56	19.309826665834514
57	14.517448031916919
58	15.16685964388835
59	17.203935510424177
60	15.608102611693415
61	20.161103817376297
62	14.65529584734257
63	25.19111548384007
64	19.020145702533704
65	17.783731102233066
66	23.26022451914194
67	16.545737462584224
68	22.495193338151065
69	16.830527400067407
70	15.034992056834247
71	14.947290508678044
72	16.832969261153277
73	18.091288094743284
74	10.169238084229981
75	11.685137751453153
76	10.16221777224234
77	17.663827621962735
78	10.598251025350006
79	12.2628962334828
80	16.579086670523182
81	13.29047972243197
82	10.061604064710771
83	15.904804357255149
84	8.68644272807652
85	10.989453306381552
86	15.347130075379592
87	11.24621900128043
88	15.582138792427465
89	11.68849288195169
90	13.130284083907476
91	15.759177146502763
92	17.493841366748565
93	13.573707017286237
94	12.802391787167288
95	14.089706774789592
96	17.302446513575845
97	15.206590846222422
98	13.684355520347465
99	13.682114851808553
100	19.191949319581177
101	8.888471312011898
102	22.046964517921836
103	12.00865822331878
104	12.161622091994326
105	9.912596621731844
106	7.72521598306583
107	11.389354811454028
108	14.419396151953181
109	12.475458886358053
110	11.064146743470216
111	11.407061704908346
112	13.326013124799363
113	13.45890282342047
114	9.532919533281841
115	6.840065896149682
116	5.347079755450812
117	11.790311364746497
118	15.636279208980143
119	11.50175979426601
120	13.611739134140176
121	18.068333085255993
122	16.900924364282893
123	15.06736040931625
124	18.04151528007213
125	13.434733863699467
126	19.288313388637523
127	12.090260609924506
128	16.950149915685202
129	17.64542298334782
130	11.680668484064263
131	14.63836549922973
132	13.247894828290054
133	12.121424350578215
134	16.73249682250036
135	7.85426256790228
136	13.834826644229302
137	4.6898748034923905
138	9.816473814512605
139	7.12542026126097
140	7.981509370551182
141	10.719912619953952
142	8.368029026162395
143	10.088169850521071
144	8.686687703641395
145	8.25788797681501
146	11.911516006531647
147	10.372262756799026
148	9.578066913327751
149	9.508183030197335
