0	9.52813145617376
1	11.61927113261997
2	21.55260371163957
3	10.572906533862133
4	15.839090543111542
5	10.028854535027474
6	8.497804089219114
7	15.747618794636654
8	9.018164352132711
9	9.531065125081309
10	7.451362121402703
11	10.539155980536501
12	10.585137267389882
13	9.52724292805308
14	9.528487049617357
15	10.051104977440358
16	5.0841931408369945
17	88.00468122209587
18	87.66083676902525
19	29.147675551014025
20	11.607755703308168
21	3.7807316222908534
22	6.145221681036707
23	8.196688347265214
24	6.387686522630695
25	9.00501188765946
26	17.960931805865425
27	5.332808470811745
28	12.173887326011227
29	11.58916299955431
30	7.959483880611698
31	15.27847328760114
32	9.025721984285191
33	6.914457867752654
34	23.849017422002245
35	25.472823571547693
36	8.743548992966597
37	12.954308585754895
38	12.147463989505924
39	8.983072719641854
40	14.755275016155382
41	9.00576473065701
42	5.868271302679135
43	7.437331562023326
44	10.050258079800553
45	7.959923389404137
46	10.573502962354212
47	11.094813946061455
48	7.96109439812261
49	7.960655294124736
50	23.169200674998763
51	13.681460841501345
52	24.164933139407392
53	13.739621643942234
54	7.439507277551138
55	5.855287801022477
56	9.528575786868238
57	5.34477019006901
58	21.29492395658451
59	8.743143948925812
60	9.528309580431301
61	23.120989902666736
62	12.135504414934735
63	9.556126038464932
64	10.047435954734238
65	7.702621305799822
66	12.37130746260156
67	7.436719877087816
68	17.624164867094787
69	14.238499350866409
70	12.404036596029991
71	9.028496554720174
72	10.300042050998512
73	12.902568214257833
74	14.761205142769048
75	8.482639909259742
76	11.619820011713148
77	10.073649943401902
78	12.635813625662848
79	12.664720926566158
80	5.868898393389642
81	10.33615976649946
82	11.330726470583008
83	3.254241989341818
84	77.09556854257384
85	64.26157218380472
86	78.26057459331696
87	1.1640646513947992
88	36.454062989495604
89	85.07016062528027
90	19.7798555531012
91	19.41448614333905
92	4.300172661602581
93	7.958606111626228
94	7.456758021319253
95	8.980577774639961
96	7.438895200944344
97	8.482247884135576
98	8.486406164552504
99	10.568737235739837
100	15.315011139255194
101	8.463396427296418
102	16.356553151324107
103	10.032227639762455
104	14.232380542871528
105	10.051104977440358
106	7.420990695093545
107	5.877749380351643
108	7.9641706937451
109	7.437331562023326
110	10.050445954529375
111	15.278619425541978
112	13.188127904227944
113	9.005263028000002
114	12.18048366522927
115	10.018937058259127
116	7.960142618234553
117	6.914457867752654
118	9.024461536453556
119	8.985736012388575
120	12.13527417296336
121	5.871671079524361
122	6.928858190536799
123	11.594297654518309
124	7.959630559439251
125	7.436788230452766
126	6.907188671779512
127	5.8746559555471105
128	7.453410467811752
129	14.227353871619828
130	10.32315352752899
131	17.62127901785895
132	9.004761385520201
133	6.898999363876504
134	11.12531877065063
135	5.332901901128199
136	6.914018968977736
137	9.53800725835165
138	5.852896359287179
139	8.498040468395976
140	12.693889418992052
141	6.377710711835864
142	9.021185394192221
143	7.423967974876986
144	6.929425508733608
145	9.506322611556847
146	6.653054949566183
147	7.175076451398921
148	10.051763391434122
149	5.345428671434078
