0	11.058368295776834
1	9.000254945317808
2	16.005576221844873
3	10.858135888237745
4	10.094797376222902
5	11.154102919742936
6	11.764237303490878
7	13.560494268601305
8	11.565247343973871
9	12.956145149840152
10	11.509676463520103
11	11.65919546089227
12	11.307542209059136
13	11.479713065554716
14	13.757286320776451
15	13.794406731274725
16	10.045566720373714
17	13.602673565906196
18	12.281418943387976
19	12.405108968305157
20	13.099448436769098
21	9.548104749561368
22	12.60350857227626
23	10.018867459153162
24	13.307167556691166
25	13.150845945748873
26	13.077835143493438
27	16.557776603192323
28	16.823830142990037
29	15.979250293347087
30	13.473998371059784
31	8.444802133382453
32	15.811590688892613
33	11.639656709584608
34	14.770160215240363
35	14.904473129788558
36	11.489790913275266
37	13.903855190118954
38	16.340944116077683
39	14.993474415730999
40	14.19536728663392
41	15.00698363332671
42	15.226405814922463
43	14.212966001732452
44	14.380034740843781
45	14.123211811196347
46	16.2235981295657
47	14.960906874065223
48	15.73707127700264
49	19.348951405354885
50	18.835633466036246
51	15.795100617346078
52	12.869346957302142
53	10.806331454528584
54	11.30057200805867
55	9.093742160082076
56	12.001283282122513
57	12.410672775502944
58	13.026305800291343
59	11.383085678202798
60	12.1890342189769
61	17.51313511001234
62	14.57871263180665
63	15.873362422085663
64	13.809429353411415
65	12.914842887789858
66	14.706286710378594
67	13.801631014607064
68	14.281133036098195
69	17.86696930559621
70	14.880223356536565
71	13.59551611724187
72	13.599940356949698
73	18.062018035587247
74	21.46643198450843
75	16.33404187909223
76	18.192039059125
77	18.835709998527335
78	17.939811745840913
79	21.661567432685462
80	20.390872282212094
81	18.829062383885883
82	22.95948908759707
83	17.67860051129528
84	18.259482081555355
85	21.37705596627801
86	13.956769459507555
87	15.68014125577375
88	15.386102309252271
89	17.20311963198784
90	20.973284610602192
91	18.609675049639662
92	16.94770171890852
93	21.697396267472772
94	19.78831539384301
95	18.92096579254764
96	14.960188107708053
97	13.621706808355334
98	16.199885570511224
99	15.386547009237733
100	14.220943484735056
101	17.427214032726024
102	18.144407540984055
103	16.12045810003769
104	18.747575147452718
105	21.015990183209762
106	19.864214396070594
107	23.112721163981924
108	19.297199030300487
109	19.035960345883954
110	13.967457516164501
111	9.817250470982273
112	19.02637150609286
113	20.017080194587034
114	20.772643125642198
115	18.045063636108935
116	12.466562443664026
117	6.454450326876001
118	14.300216659694675
119	16.04019878609136
120	16.649186962249246
121	9.104890154726386
122	13.025807982175293
123	11.221336859493562
124	10.38688102646188
125	13.1844019225248
126	14.57470985874783
127	11.952876326090358
128	13.026057349771605
129	14.437416491633584
130	13.053366445515266
131	16.752861089756685
132	11.115690451578713
133	14.600975803678798
134	14.906477788553428
135	12.053860194395263
136	13.771792686376276
137	18.756430728846304
138	14.594107055685596
139	17.672634556273866
140	12.835775351625653
141	14.906907812413207
142	17.887535110057232
143	15.743587635809815
144	18.20154802089357
145	16.2522879762322
146	16.79669807205098
147	16.222078147643124
148	15.221134413749349
149	12.084598896301674
