0	16.387908751545353
1	15.669852210867345
2	16.99795689675008
3	14.960858284695359
4	15.81203337395532
5	12.183845148054283
6	17.65410665118569
7	16.362703353948024
8	13.771279577468915
9	16.753551053031334
10	19.74088315232177
11	13.250280401178957
12	16.769572249885517
13	14.88974249094206
14	19.50880258212944
15	12.503376164812822
16	16.651292114506894
17	18.859562461061454
18	14.93169954161093
19	14.172304063115188
20	18.0962290889564
21	15.27403847499867
22	14.43127225011372
23	13.998484339869803
24	17.52885349281709
25	13.92568478770225
26	18.025837679302896
27	14.778104168389792
28	18.78835905752737
29	11.783736029744906
30	16.115938845241047
31	14.789747599324834
32	17.82886881405378
33	14.165174344708591
34	20.461434893211145
35	12.011120811906622
36	15.161337476118897
37	13.278686741620335
38	21.883090187392117
39	12.415539248848297
40	20.248894488023996
41	15.774229139785799
42	21.8788547348289
43	15.040142997296709
44	19.415171841796493
45	18.82373590005254
46	17.148588420409926
47	21.173481948649858
48	19.73612556755192
49	18.38144055289113
50	17.923424365784122
51	16.78640755226303
52	12.884989113004227
53	4.493855237646002
54	4.762148664562234
55	6.835804926031275
56	9.342147518965795
57	14.028638681100654
58	12.85261440417572
59	14.862567222507895
60	11.341244708222638
61	16.06398818914032
62	15.919007272201185
63	17.747774767481225
64	17.10139817659284
65	14.282477392173552
66	16.774933747819002
67	12.267949801971566
68	12.651092466222371
69	11.98627403300813
70	15.917110516501499
71	14.550887232490782
72	14.955017352562297
73	13.098475404834623
74	15.687522943329311
75	12.133141631079894
76	15.487919517141439
77	15.571500884169366
78	13.072285917648934
79	15.006180228954252
80	12.640380371322982
81	13.397233133260377
82	15.544574374914335
83	13.839894698975895
84	15.9884810471658
85	17.09730094824567
86	10.353171150004703
87	16.291395602837337
88	14.964565083770548
89	15.871146078051558
90	11.969918931643214
91	15.814449069964214
92	15.281302722854555
93	12.387963742149546
94	16.748253421076438
95	15.552310863177745
96	13.42113958281991
97	16.342127393451133
98	18.498341068038158
99	15.228034460669988
100	15.31481402196634
101	15.672994367505732
102	16.243354885976267
103	16.93058137786902
104	15.04602724741182
105	15.514299464480652
106	15.17883054882498
107	15.6312134484039
108	14.857675155740193
109	16.384773637921146
110	9.469404221566721
111	10.92431574674778
112	14.171183364521717
113	11.086027188699013
114	11.857036567467128
115	13.673669572288015
116	18.94333097956223
117	9.428773399801388
118	7.674250031976362
119	10.694539248178607
120	12.811729367624691
121	11.70584451469113
122	10.760933847809758
123	12.890101086702455
124	7.819373427308579
125	12.997942780844081
126	13.64573612068087
127	7.707335384407302
128	14.501860738237689
129	13.5368442779031
130	11.209678188598858
131	11.726685351747824
132	13.82597050243667
133	13.317376244117883
134	14.00072344284441
135	9.295380376387378
136	13.874438429770654
137	11.355564375530495
138	16.267159402163557
139	10.682560137852061
140	13.139215114669177
141	11.828156704819397
142	11.936791685551793
143	13.678077112090898
144	12.985387170919319
145	15.11908238480654
146	17.456746248985034
147	12.671616980068219
148	15.85435275108993
149	19.43149216511912
