0	15.248024724261127
1	12.639554251535829
2	12.723665647298812
3	13.01684398314437
4	13.417081870445477
5	13.689661990904554
6	13.097085400720388
7	14.195593320870987
8	8.961443056075803
9	13.739190581276135
10	11.449899597100748
11	14.00408379314434
12	12.514131399062826
13	14.08180402099149
14	14.873885867517728
15	14.665213765083337
16	13.367089123518307
17	14.61887875682396
18	15.017236336122593
19	15.468978256183197
20	13.647975755479372
21	14.234840679394615
22	13.741015942216755
23	12.732977881544992
24	12.571225704871
25	17.281586428490666
26	11.436543762454772
27	14.247394238925754
28	11.022109715516805
29	17.2791074806869
30	12.610831914969086
31	16.231098635932273
32	12.946302896733998
33	17.067455924446342
34	14.818004482890137
35	17.50627775823932
36	17.93817525403623
37	14.401093867097094
38	14.972191034124311
39	16.111522703829333
40	18.65643866304415
41	17.974052746675106
42	14.887315264219511
43	17.54098584465371
44	19.41902165396258
45	14.765505129398267
46	19.793801635964524
47	15.140615302486486
48	19.579290131014986
49	14.755843101578428
50	11.881241339061694
51	10.745280478909132
52	11.728637562526757
53	16.74794751724027
54	13.781288723456088
55	15.641835680323299
56	14.337942124278458
57	17.71511970251288
58	14.428871289241139
59	14.765645029840309
60	18.683493659835854
61	15.933557733302276
62	16.424575167702628
63	12.42187627167104
64	19.843659583703086
65	11.0919645420762
66	17.01593701368118
67	16.897131707359623
68	14.665770682326258
69	18.402445118025184
70	18.46549462764916
71	15.346244370627248
72	18.769065652138064
73	17.497829844723636
74	14.444598659813538
75	14.225540665113053
76	17.053108868520656
77	19.377859969967208
78	19.759626390886382
79	18.721374250825896
80	23.85115547025095
81	12.627197394659033
82	17.121110728125366
83	16.52497004318066
84	18.10483061435333
85	18.056258022007363
86	18.84465898281581
87	21.63190254575833
88	12.894461225407449
89	20.61630807994354
90	19.732911891109243
91	15.410395521390107
92	18.024197137024075
93	18.420818862253608
94	18.072565743532508
95	16.681827190712905
96	18.133632270056
97	13.91682425113052
98	21.49251150168916
99	9.094572639945813
100	19.729657284734593
101	12.343006217931359
102	14.289018605370398
103	13.207731325562996
104	13.873409923055593
105	15.350857882257147
106	13.32142601626699
107	15.707979613233118
108	17.419422415129514
109	15.457713997083744
110	17.3127154013288
111	7.834272036434427
112	10.198926483578562
113	12.768905500265461
114	15.501013131088685
115	13.234302144543879
116	14.866546361103556
117	14.764903135236034
118	16.051485916463022
119	15.095303370648564
120	16.4190410728777
121	14.388627162064182
122	12.563431965550851
123	15.259485643733578
124	11.623838903783989
125	14.763860802574168
126	13.847365672477556
127	17.484508851178475
128	13.230428629893389
129	15.18342337060784
130	16.34197736139796
131	17.046597140492793
132	13.88779374372772
133	12.518100931960428
134	12.173584540812445
135	7.652078386936789
136	17.7622573011283
137	11.634029781453096
138	11.583300062331661
139	11.765422238202431
140	11.26211432422411
141	12.707107851399272
142	9.075267777295696
143	12.63361292626469
144	9.51798480596811
145	13.056130061086611
146	12.300372348332935
147	13.695039697094366
148	8.984825396530347
149	14.126490051413528
