0	8.695340903942743
1	9.756070189923038
2	10.168249412234438
3	10.816820054960498
4	11.329136180444818
5	12.273941657091084
6	12.80470052890848
7	10.418288039469328
8	9.623218491598385
9	10.683632637061699
10	8.296833106697127
11	11.490723980842
12	13.883339642588115
13	8.41075184305802
14	11.214142624111094
15	11.889775982327222
16	15.745376082280679
17	12.668630192860155
18	10.261679020959141
19	12.270676317055134
20	13.205946959569175
21	13.733631001894063
22	10.15094977079365
23	14.000134765613977
24	8.429634349503567
25	5.911274371481321
26	10.418483929262523
27	6.70579231348095
28	8.561807101909938
29	9.49188523247227
30	9.755520831854618
31	6.963606220358519
32	9.367963151844284
33	7.237163718094163
34	10.152285618466008
35	10.419366992306013
36	7.501158909931551
37	8.297294266869116
38	2.7347435675322767
39	15.57616121724303
40	10.027260218200459
41	9.336330368512682
42	9.623669229958574
43	10.161647034173553
44	9.614661676916517
45	9.357977108879904
46	10.414267449082784
47	7.51857209837814
48	8.678714274934242
49	8.164266703834986
50	1.9356504610050371
51	11.066191587891712
52	10.021043505465972
53	8.95983250094657
54	6.043421717042058
55	6.7109186422424205
56	12.000262615504143
57	10.418680557854742
58	9.09291044742748
59	9.378851661977349
60	9.072425682929683
61	6.9714236642235985
62	6.72070596086572
63	7.627543434764732
64	12.124790692368357
65	14.397232000462244
66	4.982760710349643
67	8.965096879372386
68	10.147611431849954
69	8.56236355909441
70	9.113067724968733
71	8.550529424470007
72	11.07099764246891
73	11.612423823178917
74	14.130295828195495
75	5.391421331442514
76	11.193077909140639
77	9.090196036722656
78	12.936904291543497
79	12.540031865053098
80	10.41779761836494
81	13.335628948430285
82	16.64899810791465
83	12.274524883856756
84	16.516745377495795
85	15.758273765834677
86	8.93983618684146
87	9.489930732456385
88	12.805066756623805
89	17.84282110227324
90	10.948574866430208
91	9.092231523869966
92	8.845137381813428
93	14.763711042484676
94	8.163888977263303
95	5.6464119519074405
96	13.068351913969012
97	15.588883731346447
98	7.634703636631302
99	17.087246750496224
100	11.981738441126106
101	7.236766110531569
102	9.379907079083269
103	8.813560145040618
104	16.80764936940964
105	13.336774635410151
106	15.31770389716792
107	17.29199633094623
108	20.078304543999696
109	14.13151297459135
110	16.647072992650372
111	15.226684571970052
112	12.130658483791866
113	16.797595218665567
114	22.084598232608716
115	21.50457772308978
116	22.087176329930003
117	14.39419845303178
118	22.08266546568224
119	17.844199074607737
120	17.313520323743894
121	14.396266215741724
122	17.575123677211405
123	27.993061800994358
124	22.08395340497128
125	25.20065765060771
126	23.147650561966106
127	20.491749657445258
128	22.34908885761669
129	25.532708667134067
130	22.399862344604106
131	18.115675259871956
132	26.309930440376995
133	19.131344943900007
134	24.26891937716117
135	22.2927118003024
136	21.55012357237822
137	19.170434013459285
138	28.046209886465025
139	26.799514475883306
140	23.80060879726787
141	21.65111017330816
142	37.029872538014146
143	33.62956295348216
144	32.82226324452812
145	25.66328201568432
146	19.30059239106409
147	31.2357221734939
148	26.58969785240837
149	25.592673852330126
