0	5.9903802627713105
1	7.273840783579069
2	6.386565959506052
3	4.276432623080398
4	5.963534044385328
5	9.389878045572509
6	7.255204576544572
7	8.9631153418123
8	7.682263779572665
9	8.322817322333517
10	7.468967667093069
11	9.99764653558406
12	11.13239060703597
13	8.535326245845797
14	6.846553378362857
15	5.734076847258951
16	5.561709214019708
17	8.53619439744033
18	14.084132566414327
19	8.343382782542925
20	7.23713293333129
21	6.4023661262935665
22	7.041978763108995
23	7.043195007974175
24	6.401559678385824
25	11.950793024593205
26	5.988235365519196
27	5.974816282441407
28	6.176149611076382
29	7.468626346408801
30	7.682827230531677
31	9.150117278791386
32	13.054229195897161
33	7.480936960331444
34	9.160564424578633
35	8.98121401285896
36	8.944514753885166
37	18.778112920838335
38	6.84275980917416
39	13.414360323784603
40	9.176240407829463
41	14.507563127156518
42	19.420115450634885
43	15.191480789149926
44	5.747483783095462
45	16.645644171916707
46	9.815264061707555
47	13.050993467553917
48	8.93938079049355
49	10.052988050772333
50	7.25745373240166
51	6.5785724028151975
52	8.152330091482128
53	21.931471896740142
54	4.704997775058875
55	16.435095452756517
56	9.152832753329438
57	13.230742379414382
58	23.106944285650705
59	22.436324916409454
60	25.039916570557583
61	18.143938656663174
62	14.15177470280377
63	7.682967845016513
64	7.468899501964048
65	6.829177796585825
66	6.615382748232595
67	11.84791026146985
68	7.359328324846034
69	26.352151444080125
70	21.495559407735225
71	10.751175536279058
72	8.322049312398871
73	37.55806220172991
74	9.70967776966329
75	8.108842671678735
76	10.474288123259184
77	12.814326958838368
78	9.791110910987298
79	10.671269230817908
80	8.534378908037874
81	7.681911799644981
82	8.9631153418123
83	4.277088527145252
84	3.6291790890467865
85	18.567247627758285
86	15.641723160190145
87	8.855438666142664
88	5.561018639909472
89	12.696806632245714
90	20.117332707090053
91	25.879048384474338
92	5.549651539478682
93	6.387310994481998
94	3.6283425050089075
95	13.692353511754371
96	30.856785903228435
97	11.125026814922128
98	8.958706535926058
99	26.444502913068245
100	6.095667311207872
101	10.883239965697708
102	8.321818710485806
103	8.748436449125473
104	7.896861108531358
105	6.828435125260439
106	11.522929414702185
107	21.164849029182232
108	17.678355609557002
109	21.765573054062745
110	7.484227598743916
111	7.8598246022652996
112	4.072190985274589
113	1.7080640065313375
114	8.96661211725811
115	20.217118829884857
116	25.07316165083009
117	13.153707464813793
118	24.169762151832558
119	23.78339753380836
120	20.589805298432335
121	17.64399765057895
122	27.701500138290363
123	16.4077079519088
124	18.52200172855833
125	9.195744849086843
126	17.25856446499441
127	11.089301237480903
128	17.28398858028216
129	11.095673951866596
130	20.747749328905698
131	13.62530267755612
132	19.41354376011655
133	23.26260547174853
134	19.660712919991507
135	13.211005901285915
136	23.470306958722606
137	20.805981703523873
138	24.50557489375909
139	19.57179009521492
140	23.675370633929237
141	11.31383223139086
142	21.28270343990761
143	20.859494607364624
144	12.69801217409435
145	20.910848991307034
146	22.391566250414396
147	18.187645089242295
148	20.840510922860723
149	39.051419963738006
