0	11.329301665603557
1	14.135756819509705
2	10.928076146321201
3	11.210550189146502
4	12.579197006213072
5	10.950878142792133
6	10.676993913173323
7	14.687219623968018
8	12.650354315675916
9	14.908403400068492
10	3.0741577102551534
11	18.38713161579904
12	9.796480631854969
13	7.732889682626638
14	12.98568419315485
15	8.976707004087297
16	11.514716386271255
17	11.035840238406406
18	7.740120758406399
19	10.380932743870442
20	9.870470678468099
21	6.734816265491734
22	8.250381307372628
23	7.9718774167831645
24	9.090020486683256
25	6.313839218977351
26	7.526983393919859
27	9.073304731637263
28	10.1079592399032
29	9.710269129556547
30	9.264693855214622
31	8.866642792366669
32	10.022491997025956
33	10.505022266276761
34	10.76679154691326
35	10.752192076127924
36	7.875647302909975
37	10.31883538931814
38	9.819199219156923
39	7.710792500392405
40	9.356654947312506
41	11.33429844554999
42	10.865799941360251
43	8.900574644262612
44	10.664820705076194
45	8.248353529110128
46	10.423224173670251
47	11.368480248210258
48	10.139719756031731
49	9.364652627511976
50	11.021555108920074
51	12.017137767076097
52	11.338544848558833
53	10.285259245372787
54	11.673140829535624
55	9.512152012499957
56	11.304387237305574
57	8.452097473177467
58	10.16753942845428
59	11.247328887844377
60	12.721807787524373
61	7.846661168123902
62	12.08837931733815
63	11.683238655765024
64	11.88554452685376
65	10.141446208924998
66	9.932304139300713
67	9.800417968550773
68	12.397236094644514
69	9.214685051650989
70	10.48274939741867
71	10.907343970270672
72	8.892924602258738
73	9.906250406968327
74	12.02800120640514
75	10.871474170596722
76	11.129788582788315
77	11.741789050544915
78	8.054851225886727
79	11.061811604530675
80	9.44160395150677
81	9.914317923131819
82	13.595179725096752
83	11.827652090735329
84	10.51973243284554
85	10.759133956105664
86	11.442265035612268
87	14.079368668337104
88	9.298211394892029
89	11.679505006570862
90	13.34058126946638
91	10.170538968331197
92	11.821784394276552
93	11.037183508768262
94	11.335274278527166
95	14.51492973559998
96	12.146835637451689
97	12.001662658770755
98	13.198768468417912
99	11.96888610662664
100	10.403114329674729
101	10.696976514880358
102	13.886177153813701
103	8.427904898249395
104	10.55184463652691
105	9.561811118551203
106	10.108881806784964
107	11.561889847922776
108	10.268071783931822
109	11.123475071262249
110	10.025196296333409
111	11.973845167712124
112	2.320921822774842
113	8.398691944114084
114	9.760918792863043
115	8.918941790179383
116	12.266766158088474
117	11.275226273513296
118	9.039833122277862
119	10.78629355701431
120	12.350584788767359
121	13.158077889919593
122	12.212820914416753
123	12.149382715107057
124	15.053126487887655
125	9.826400015751561
126	12.095445611801493
127	12.880029697194189
128	12.698904849167839
129	12.310495661096398
130	12.468361671181079
131	14.006494217478007
132	13.539305461240684
133	14.60542977196719
134	9.739973479329336
135	15.23840431588958
136	12.390460896693119
137	13.818838252076034
138	13.40124732642862
139	14.664481749644438
140	16.136742534620982
141	12.090096911008901
142	11.423201090389036
143	8.55026933858698
144	11.056597563491968
145	12.221889282287055
146	8.912557410153205
147	11.86072827167202
148	12.640688220125702
149	9.654496778794496
