0	3.047769182684223
1	7.745191133787591
2	9.059844497743583
3	5.151168527349004
4	9.796858486318204
5	8.127648377640034
6	10.806562434559204
7	12.505943612063302
8	10.057331354602509
9	15.06359102408049
10	16.062570198543646
11	11.301195138283296
12	18.07731331623312
13	19.384609596395563
14	19.590419823723906
15	18.793009623244
16	20.99420063632484
17	23.729776491043467
18	24.49408459398485
19	19.363021445155642
20	14.40604928005562
21	18.98954540757456
22	21.423647645350243
23	9.967052915102174
24	21.281400456077648
25	16.927811422622526
26	14.908903844527028
27	15.355103221966308
28	13.113597967413495
29	15.541632934629284
30	17.933728235602644
31	14.116675483496033
32	18.410907031037503
33	16.115940942850763
34	14.809767091094129
35	15.02816713108124
36	12.623811878488201
37	14.679789215644861
38	19.51681175777436
39	12.399828073497053
40	13.61164496802264
41	20.044179302616495
42	17.78975042190371
43	14.23935028590437
44	18.500831628553964
45	18.282291137166556
46	18.878281433341133
47	13.148466505592753
48	16.69107909138525
49	19.864770931183674
50	18.54130966146538
51	16.210201383357873
52	18.507287122838257
53	20.092219820464475
54	16.01934611499772
55	17.31140926049756
56	17.693267803365448
57	20.33264727915119
58	18.030701690404317
59	6.245262223549379
60	22.52614869674946
61	15.109534694661342
62	15.207825116454345
63	13.616614444265993
64	15.834334179466296
65	13.00585520507914
66	14.64702165066846
67	16.213486878670718
68	10.793883885666196
69	12.23659626257879
70	17.125920263713557
71	12.097416385168879
72	17.263625689073205
73	16.44363583051562
74	17.793283983628154
75	15.645481829748823
76	16.0202727684171
77	16.251916044684716
78	17.707817024348476
79	15.133916605826467
80	14.318443720042902
81	16.98237063076847
82	16.403578992430862
83	19.036587497148293
84	15.976515933215385
85	19.510456356545703
86	14.864447063861506
87	13.305901514687214
88	16.067486776813745
89	16.306018046224448
90	13.724762925594591
91	15.540434976879126
92	17.557589681665604
93	13.083718061553117
94	14.73045216087259
95	14.925285181219005
96	19.13214547204381
97	11.82684831557795
98	20.092024368271527
99	21.425316399370246
100	17.16831911807776
101	19.033265861715634
102	15.391059652363213
103	16.072841547936378
104	18.411782696741323
105	12.018444259495135
106	19.94092439652672
107	18.65340647957921
108	15.15911353684589
109	18.418939223967367
110	19.115377641713994
111	17.25578219651448
112	18.563756892577278
113	17.742299908223014
114	5.974141611178852
115	12.481384576630374
116	11.667593261985427
117	10.37545814300966
118	11.714647730963415
119	11.762255944309302
120	13.197304234070788
121	12.704773583437348
122	14.020604802000674
123	11.554407211422719
124	13.097006898861897
125	11.830891141977064
126	14.155422582403302
127	16.928793764598
128	14.142743644553905
129	10.253647423585324
130	11.074206141203279
131	10.737272819966954
132	15.243775351621814
133	14.240446168803997
134	16.497499283394454
135	13.543757292321164
136	15.157800539064471
137	15.00878705220552
138	16.93114105669204
139	16.01950035766916
140	12.80070173352475
141	15.63760007068246
142	16.167465689967536
143	16.39848394003865
144	14.974701560145471
145	12.653901545163032
146	16.887020685224904
147	16.737784076669566
148	16.494414978478996
149	13.146580435704461
