0	16.41830006643547
1	17.61772831369952
2	13.884444441299577
3	16.315541708637348
4	15.739666446631366
5	15.283587939113875
6	17.811065184971813
7	15.996027296765003
8	16.794355297986822
9	12.161520288767138
10	12.997703872191703
11	12.417684335831472
12	17.222323647734736
13	17.35407956169934
14	16.26239642921092
15	19.22725903087091
16	16.687422581497163
17	15.804887943778665
18	14.392454162818034
19	17.39944826476129
20	20.467767109843674
21	12.739324973639233
22	16.9686517251381
23	17.199620789462095
24	18.93353406464836
25	14.667732717733193
26	23.33729440057981
27	15.190045657145554
28	18.17359515288828
29	19.17032382697363
30	20.437162557717393
31	16.72655186580964
32	17.786542406753764
33	19.852810151657515
34	15.88008073896657
35	19.413925110831002
36	18.50604922137017
37	17.50353985012079
38	18.491521403998178
39	19.153112396151187
40	24.778176353204753
41	21.84285433477493
42	21.292537862467277
43	23.53399708692397
44	17.253523028477744
45	15.608204814237938
46	16.042411611139393
47	15.761746126763052
48	22.234551912580848
49	19.156969438841465
50	18.00767355999745
51	16.770234257470037
52	9.66487316986978
53	12.631693145778236
54	17.648438253482333
55	19.35001403089674
56	16.32145453776345
57	16.908520282965416
58	18.566409591840078
59	14.837500507803359
60	18.970465150344143
61	17.99879915492653
62	20.143020390892588
63	19.670855093216318
64	16.877510248628088
65	22.456833245193238
66	13.131322117159746
67	17.30565970829871
68	20.43538875526404
69	20.447978652300325
70	22.177730122725485
71	20.163323302946782
72	18.793734100808447
73	17.633003460858433
74	21.73604983007943
75	13.420497951167397
76	22.42731115149585
77	17.48521304176394
78	14.603449289266653
79	14.946874386352091
80	16.659886787863513
81	16.775032187306675
82	12.678271533431554
83	11.994435292095794
84	17.029076298154717
85	18.387357184245296
86	16.410086251652537
87	13.708925656123261
88	14.775127762802434
89	13.610215373011423
90	12.488399072706354
91	12.322845553918803
92	13.90479483379411
93	12.099442325469282
94	12.16471620459221
95	10.705807513849576
96	13.030803397338083
97	13.672485943600382
98	9.919596687868182
99	12.3891733191266
100	15.257628064174858
101	13.543586205853982
102	9.790455230041223
103	11.358422112313017
104	13.570431974322306
105	14.522421085595342
106	13.062606552072205
107	13.580046733294596
108	12.872860600257887
109	12.801185261626356
110	10.58565408971615
111	15.306946980081596
112	14.103929751995107
113	14.866622144719996
114	3.36104812249377
115	4.209626431616732
116	9.405777813284748
117	8.916856350290974
118	10.970377943481067
119	10.750916407869088
120	13.356143979286509
121	8.923541040003668
122	10.303579995416683
123	10.452119241717613
124	9.315227990428673
125	12.388825642415817
126	12.776422205368215
127	5.164139553405901
128	13.068977571778444
129	11.482901496873554
130	8.5434173029081
131	12.160906387787312
132	8.774056037973834
133	13.03631718780072
134	9.896182329259357
135	9.721206343282718
136	10.47372766037467
137	8.889094917379776
138	8.47565658144736
139	12.806031236708058
140	8.132295076912905
141	12.609351035727125
142	11.67628202689608
143	11.645328614761851
144	12.266527594655928
145	11.901011579394742
146	12.036263827279829
147	12.029732681133714
148	12.357799588946095
149	8.281636129523712
