0	19.812437287663823
1	26.234259547038516
2	21.693776002720472
3	28.327005318156864
4	21.990836777881825
5	20.604926358206082
6	21.32502958559539
7	34.2055661720192
8	25.16105518517619
9	22.42107744256194
10	29.484593545399076
11	22.27305440734627
12	26.472885102631903
13	26.43035185598649
14	33.100769559682426
15	19.331182666538798
16	32.21403175192464
17	31.904787290568663
18	22.29766975061624
19	7.5807045269805045
20	37.01467887358244
21	15.00502191519933
22	22.369022627787036
23	19.57341374386239
24	22.057546963717066
25	16.992483843645633
26	19.704014816922268
27	19.436486641842652
28	3.585525271883833
29	29.209328976988495
30	17.620867707698086
31	18.049836211512638
32	16.4714942914841
33	14.198980067118418
34	18.53286662836275
35	21.68495309840864
36	14.367766319025954
37	17.62615054522637
38	15.32400216097418
39	18.89667634359554
40	14.28367159968254
41	10.88168283565931
42	16.349547151439534
43	9.56842301439195
44	13.313578940611182
45	16.66887294690791
46	8.956182979324469
47	11.102809897001896
48	13.83042090837285
49	13.920727436873612
50	18.257093473289473
51	12.840907401328282
52	16.11601612274044
53	17.270564308945307
54	12.244063524336596
55	17.162115626980647
56	19.263066934302525
57	17.679641096806687
58	11.613479433597858
59	19.504860295784077
60	17.13384940943844
61	11.596444540883308
62	13.759867888096151
63	14.448651057642543
64	17.035043630112977
65	13.468447477437296
66	17.757532040332315
67	18.152959903863433
68	18.432005864661246
69	20.591182994812783
70	12.09921004276789
71	12.599109591513152
72	16.977455095297195
73	8.548682410007315
74	4.081753090720152
75	13.840976579529787
76	5.880304897839383
77	8.45972309968374
78	9.058503837542288
79	9.085145007494093
80	6.73516664571195
81	6.749997811635057
82	5.7972711698843495
83	4.555009782296644
84	6.38815801223097
85	8.089235134544122
86	5.051626124800706
87	6.995094979264192
88	7.739927408195169
89	4.920548175364193
90	8.352362876084635
91	6.994273989144294
92	9.038112506614057
93	7.856122145206913
94	7.956699581868045
95	8.696438817515133
96	10.179642394160062
97	8.308756064415006
98	10.061607134936223
99	8.450855632561234
100	9.036862339237576
101	6.630310604748078
102	10.398094583141297
103	6.63025119860881
104	8.326750354079895
105	12.466738107161015
106	9.690371650594852
107	12.069589228754136
108	12.460019338589296
109	9.083459392444144
110	12.669828040139981
111	14.770524698339878
112	8.938388907461752
113	7.480034318107539
114	32.95693169192095
115	8.085975646338754
116	8.592378577608038
117	10.625145690337755
118	10.636481037999125
119	12.341251555474045
120	9.905238108023703
121	9.670900354992085
122	11.37028534084369
123	9.6589528480026
124	14.190037545033308
125	10.748948935781248
126	12.582183854125537
127	13.310167868298265
128	8.573626059919711
129	16.10351303734203
130	11.36793315309746
131	11.845290323034012
132	14.050900407524768
133	12.58349292897841
134	15.538908059147476
135	13.277038948600321
136	11.851541879182344
137	16.709960628593407
138	16.35205451396828
139	19.008777916751068
140	17.374939143132085
141	14.87964411136792
142	16.472285127215784
143	17.449019387326942
144	16.67078720745131
145	15.005594837638787
146	21.147014261447282
147	19.07867743123776
148	21.14660280133217
149	19.34067282384366
