0	13.210997529597309
1	14.696779972286626
2	13.564294967104122
3	15.629405859191968
4	11.346847387092318
5	13.743558097319767
6	15.086197634621232
7	9.108150913578525
8	12.749838806428272
9	10.755930732571636
10	13.797782667641417
11	9.973185965162472
12	10.795348173519788
13	10.085986187497134
14	7.949012945275865
15	9.476560582445734
16	8.450106521945667
17	7.089824273016174
18	11.880226100472942
19	7.217245025561302
20	11.764670216734798
21	9.826968333037229
22	12.239987279172464
23	9.4755923555407
24	9.13385040697774
25	11.641798775123128
26	10.60654591370429
27	8.064998026705158
28	11.122342288627756
29	9.688339556636604
30	9.20715385201516
31	10.050262293218877
32	11.267618430175368
33	10.075429353012797
34	10.676374469068104
35	10.776207210524698
36	10.940045264950523
37	10.01102227419526
38	10.29526899739657
39	12.851909929657344
40	10.01697023883425
41	12.490294365644646
42	9.033449498080893
43	9.682845237124525
44	11.40586410645465
45	11.917248307768881
46	10.55058912810165
47	11.81282044438195
48	10.82343330699314
49	11.811543443520854
50	12.562886902084042
51	13.248260174339503
52	10.482603323635932
53	9.537573557149091
54	13.17371279676123
55	10.83306935627001
56	13.543541350005876
57	9.103601752076868
58	12.005582245226387
59	12.328196990123446
60	10.404073414379912
61	12.078850333503766
62	12.368822137761873
63	8.365733380628855
64	13.02718278560013
65	13.17824082374708
66	8.212017200231013
67	14.639374345995137
68	9.656440869420912
69	14.16644041412227
70	13.75605773017258
71	11.851588162611986
72	12.055453550217662
73	12.166933963927562
74	15.08938071559713
75	10.111828530510122
76	13.180490351461888
77	11.776468176847759
78	12.580139318088268
79	13.799426122900256
80	9.826968333037229
81	13.901988561149652
82	14.829646637319739
83	15.046066878115738
84	14.22389352695549
85	13.35081598312172
86	12.998655282981916
87	14.395360615017053
88	13.786178083186337
89	14.614738839057958
90	14.728124229358551
91	14.884396773324848
92	11.13780227722999
93	12.642796620279665
94	14.146563594925986
95	14.44492442574943
96	14.902119880254283
97	16.844547521002102
98	14.292815638355608
99	12.490756709811588
100	15.152842300154285
101	8.747284103226972
102	13.787129924714042
103	10.03890103201978
104	10.727979933979057
105	13.929928064422578
106	14.513996957200954
107	18.00599532632625
108	9.740686831656884
109	13.010371421676966
110	15.228359400022532
111	16.91719558204792
112	12.602117587962171
113	15.992939156228157
114	17.001108485815376
115	9.47501611781578
116	8.335517037594355
117	12.10465410892368
118	15.523315266901442
119	14.862728960105901
120	14.503832504542274
121	16.092974023282338
122	13.426842151899086
123	14.32145949304046
124	16.638601693143798
125	13.182869681973092
126	11.973932139982724
127	8.603002907319926
128	10.04638987021218
129	10.592489189005807
130	13.638030883332936
131	10.658751521621717
132	10.591995026928492
133	7.4689519462826315
134	6.950316374838108
135	4.458406613549489
136	10.584727748986277
137	4.9240682107040845
138	6.4500915366180775
139	6.64208253293663
140	8.333214778632243
141	6.661945944509626
142	7.806940122971267
143	7.809790424931239
144	8.44003085771263
145	7.521205476145823
146	6.363862939611391
147	7.963858756885861
148	6.442360608105644
149	7.251651391558757
