0	14.86441938158323
1	13.283499425020485
2	12.896903397843491
3	13.397704255735077
4	15.338500864923104
5	12.065816971198775
6	12.387878747948658
7	15.159792089613399
8	15.455764544651645
9	12.21119151844375
10	13.105538589624762
11	15.736400555910196
12	15.158919956582325
13	12.480532742828554
14	14.712823908768822
15	12.714779955014302
16	15.463220453924881
17	10.370617677042395
18	15.238238328009668
19	12.781633923695942
20	14.74780418493414
21	12.503144865761442
22	15.386109087751471
23	11.663510998119003
24	11.206107316262317
25	10.927238694423643
26	8.560965909330688
27	7.77887232772438
28	12.86800142935458
29	13.318245307007196
30	9.243661929549864
31	13.354587611254704
32	9.06096694810004
33	13.25958047775085
34	12.450892444430394
35	11.046931760589757
36	14.149021126887465
37	10.819492675842497
38	13.080782410292297
39	14.756071400417852
40	8.675255047841635
41	14.060581261150737
42	9.839811936034309
43	14.865440444903767
44	12.837753517594956
45	13.04554452933711
46	14.177023184701248
47	10.9074805905841
48	15.161662702557837
49	16.832322058288312
50	14.041769453601338
51	14.228385869024583
52	11.291938454301622
53	14.81189083557389
54	13.30894852979612
55	10.310212427536396
56	11.706687859858627
57	9.267764197514753
58	11.349290756855757
59	10.933206695861733
60	7.380997983049298
61	11.319807068957264
62	11.70681832109234
63	7.356939648987774
64	12.17141788109953
65	12.524989345171633
66	10.817705548645266
67	10.933516696195056
68	11.351139383844059
69	9.320167079360624
70	9.65395007471537
71	11.027990041494341
72	10.056268188230998
73	10.076344546213559
74	7.36393064188576
75	8.356910418669793
76	10.421819876607872
77	10.403090919797252
78	9.679179632256119
79	8.425933554247349
80	10.721871750511468
81	10.768811002561453
82	10.8390660737799
83	9.120735104339678
84	8.856769013036333
85	10.928267113706193
86	10.551897962822057
87	9.797540673897558
88	8.323229524318798
89	10.752614612812904
90	7.106450982150671
91	11.85636817858086
92	11.409881986716446
93	10.635321784420547
94	10.96399782826836
95	9.093579653172664
96	10.130200615248079
97	11.82585130905176
98	8.333003087086041
99	10.462852936760687
100	11.260869678944694
101	11.644401878046924
102	10.281605102837794
103	11.733025768443072
104	7.128267654985361
105	11.554595569789287
106	10.424763923257325
107	11.913647864482238
108	9.737679039767446
109	9.509268482302222
110	8.594058395732366
111	9.03983600416665
112	10.03791197460367
113	10.790007631028349
114	7.391805067271991
115	6.618457128667228
116	8.964146387965112
117	11.71246679402822
118	11.41363998660628
119	7.786752278014296
120	10.483755370243465
121	11.40535906104373
122	11.675183313682693
123	11.890593307510505
124	9.230500197413667
125	10.8147837274883
126	7.540456455014471
127	12.447816689811408
128	10.842339875262422
129	10.519366405305178
130	12.183527529755485
131	10.663093690937272
132	12.80836043631183
133	12.487999204900504
134	10.597993477808489
135	12.03575484171185
136	9.706848036640658
137	14.150508457606374
138	9.27130483680367
139	14.111442631290469
140	9.925131750584587
141	11.85004592813647
142	13.496942918506354
143	12.415009488171787
144	11.295297560355017
145	12.331975030596293
146	12.031880335808385
147	11.174163598270642
148	10.899138059580405
149	12.790774095884876
