0	6.273696960257217
1	12.325737486005703
2	22.26113167448765
3	28.64652274428621
4	20.48551202760364
5	29.000748059857422
6	3.100179194261684
7	10.228570814169283
8	21.18848537968164
9	7.165888253142001
10	26.766815707320973
11	14.103420395552329
12	18.30414127502467
13	18.3575531108674
14	17.64831032514878
15	23.678050862291595
16	16.938874939922425
17	16.58247592470099
18	15.201613837570763
19	20.789659915307972
20	20.841300919368805
21	22.448141247755075
22	17.816250527803813
23	17.324585813346356
24	12.3037685282675
25	23.67828108000197
26	14.81133618043681
27	17.694931322994783
28	19.546136829669347
29	22.78115064201535
30	23.72657702884746
31	19.266913443057764
32	18.838905237184427
33	25.80743182759207
34	22.614618562680818
35	18.40700780883892
36	24.323117978495098
37	20.131513392491335
38	21.54963516135207
39	21.7285007491277
40	19.597617063768325
41	16.9398539207271
42	18.71162258715939
43	19.10948344986529
44	18.825831468524477
45	22.463003483122446
46	24.802579525556986
47	18.12483581911978
48	12.512048304203462
49	24.743569257488552
50	18.71107934204404
51	8.777678187801321
52	2.7461706424623964
53	6.308907790058158
54	8.582771010232179
55	12.35872825400723
56	16.53885485681232
57	19.599895262524768
58	18.889376355994468
59	12.680277166977493
60	21.751537471936476
61	14.972387126981602
62	18.889376355994468
63	21.419048616875305
64	11.061236156102668
65	20.542093660063376
66	12.82409864884428
67	19.54827932474692
68	22.40102413843622
69	24.976593130058927
70	22.46977006903884
71	20.948627343415325
72	19.180659308828588
73	18.113925935046346
74	20.127710220676196
75	20.873919425677528
76	0.795436853684889
77	17.36604164733427
78	19.661745119842976
79	18.578521415193283
80	1.15047388355461
81	2.391378612725891
82	2.037530274770475
83	1.6846947126235092
84	2.0341021261351395
85	2.923822058638647
86	4.343080652265393
87	4.176404132726633
88	3.2769763332386352
89	3.9813108944573568
90	4.8746462336309735
91	5.40826586275371
92	5.584343798985523
93	7.555195512702151
94	6.810524768184512
95	7.0202774769869185
96	6.280466945332616
97	10.757000997967111
98	6.645919277435612
99	11.62420912112171
100	6.100450804065939
101	12.327610572268522
102	9.133811763064749
103	9.512746872692201
104	12.820935299505903
105	12.859255787506637
106	16.58311464650666
107	11.618044029674564
108	19.773848302352306
109	14.670741910973238
110	13.532860598776393
111	15.738042540062745
112	14.241614136452242
113	9.307401492475705
114	6.827494616897182
115	21.607143785412838
116	19.91186425254691
117	13.916269596709338
118	18.890107410707582
119	17.469056304612412
120	19.819157689502692
121	17.299349051441386
122	21.497439200244106
123	20.131318573412283
124	17.11726591666296
125	20.175911245409925
126	13.182536894277476
127	18.356844699070546
128	15.914698568770923
129	17.957850770460258
130	16.936264493270237
131	17.294677912598818
132	17.664846158469174
133	13.014845808061747
134	12.333938303403178
135	10.55183033579697
136	17.64592639809078
137	9.310703471784784
138	15.342998930989248
139	13.034927523369971
140	14.129911053984285
141	9.66550972391363
142	13.184542243285984
143	11.290100253332387
144	12.50027669928035
145	14.984442494815537
146	16.196864416773455
147	17.144207036885334
148	16.773590403036383
149	17.247943185385147
