0	12.009168950591928
1	8.172717986034428
2	10.10009460944149
3	8.804409506437722
4	8.394933269298946
5	10.988974732030952
6	8.174091289889214
7	12.487192213875188
8	7.824929719143059
9	11.309376231216575
10	9.518016511938841
11	8.520729090595875
12	11.220995683755707
13	8.347804316751951
14	11.24184425137773
15	9.92932239728563
16	9.614330574737359
17	11.216958394106785
18	8.41387050345477
19	11.631298463568962
20	9.69413242525765
21	10.306994428155107
22	10.608874819216886
23	10.9269062370531
24	8.843149636640433
25	11.250197560321682
26	9.746792991016722
27	9.906062269405542
28	11.978733548882907
29	9.589859917197511
30	9.13604996635634
31	10.27593225946826
32	11.665031921727099
33	9.020849361052239
34	12.828961237586899
35	8.86622463140323
36	11.198563042020728
37	11.270729589521912
38	7.299704352568479
39	12.366053570726253
40	7.212325291846766
41	12.395277111135675
42	8.424363226708744
43	11.573136686687171
44	10.252214489846647
45	10.340456513469842
46	11.841019779399424
47	11.953962985412822
48	12.977336551246474
49	11.43131474580845
50	10.547763701060703
51	12.89369312824942
52	10.809258793952749
53	10.164625563142708
54	13.980415398365354
55	8.995333074598593
56	13.306145935756051
57	10.809055858250586
58	10.402181144176723
59	13.090147111746683
60	11.957318502320735
61	9.55232441181545
62	10.31073048617712
63	11.920898936521946
64	6.731561292306687
65	8.521587925490763
66	9.960859771695338
67	7.499233019627466
68	10.751229541986401
69	10.720544943035389
70	8.046936884237862
71	11.903079185581618
72	8.667028435399091
73	9.192000011462097
74	8.552750036011467
75	10.868035737387654
76	9.547722651531698
77	13.411651601620976
78	7.9231613090051685
79	10.340661196002726
80	12.2514351352141
81	9.776675877067559
82	11.13116187301856
83	12.576267959965593
84	9.553380980527391
85	12.442284894853913
86	12.967038959679437
87	10.301141690354317
88	11.282527086156627
89	11.955298506452653
90	13.458115946048446
91	10.167976401554032
92	12.863611406096338
93	9.3385984622599
94	13.067834425960054
95	9.839983076334732
96	12.307562036284116
97	12.281330631306975
98	10.718409879339744
99	13.963316052012345
100	13.18166245337621
101	11.191209379807855
102	10.138607759950778
103	13.774281486002508
104	12.229993660992038
105	11.243266766706649
106	13.431230280730002
107	10.365768206684914
108	11.954859363877992
109	12.649570941476586
110	12.492786106977206
111	14.584762315904507
112	11.303355560640403
113	7.169094303810086
114	9.897435592751163
115	13.740108469538853
116	14.503830659726622
117	13.354087429590761
118	15.260371375226686
119	17.14825812373248
120	15.903340421200244
121	18.697046394115386
122	14.21538652020376
123	15.565405393219617
124	14.500370010260946
125	15.476310124520928
126	15.241783694800121
127	15.301656376340318
128	15.174845134597486
129	15.121779408235513
130	17.14329889063024
131	14.20695517895504
132	15.460076067976079
133	14.94811505170195
134	17.565420571675503
135	16.744027514587277
136	15.671303116822756
137	17.51745587090456
138	15.28257869594588
139	15.875803446755366
140	16.210886555236634
141	16.370577656996854
142	18.32879016695643
143	17.17335550696565
144	20.531405104031897
145	16.03124205835922
146	15.378450045950142
147	17.992164337094334
148	15.08094015405466
149	16.72607030148197
