0	1.4685279121838097
1	4.170804451765974
2	2.9188592651801804
3	4.825611320784791
4	5.671589274253538
5	5.255081235354153
6	5.567396845211671
7	5.897588956445915
8	9.283132425230011
9	8.548707226721826
10	8.377273268648379
11	10.606837441414413
12	10.457697021455454
13	9.812086069402746
14	14.695645468927454
15	14.345042938601885
16	14.492304671762911
17	18.517237206288275
18	14.992914774559052
19	18.43164439777552
20	18.914360327372737
21	22.503635677736014
22	25.816007214948723
23	31.195886481349255
24	29.34269669173958
25	33.24254547789603
26	29.384254819689335
27	34.520008471464436
28	32.57799364924143
29	27.363214514884792
30	26.514572138821343
31	26.201005402313662
32	25.794815163055027
33	15.132080470063883
34	16.380505771983806
35	16.67665918192477
36	17.398477891000006
37	14.485333546541158
38	15.924426281100292
39	10.651962406745524
40	12.569288677392763
41	12.842691562909888
42	11.471884083426632
43	12.221913470868428
44	12.608226504796168
45	14.915915272712915
46	11.977966086601992
47	11.100811292289137
48	14.150024079575179
49	5.546269363009646
50	13.17578875300549
51	13.894014152501963
52	12.678889310871021
53	12.816362591319447
54	12.638954504634027
55	13.269126435758333
56	11.700610720742855
57	10.569272348237355
58	12.960179736195197
59	13.0762201938726
60	13.28590361856305
61	11.678488495063801
62	13.294248869590492
63	13.346025906524712
64	13.904557075159444
65	12.085400436734123
66	12.261922353975775
67	14.5127160605489
68	13.21187551624266
69	13.37538677731531
70	13.585213968847421
71	13.501633806805026
72	13.236288742715775
73	13.632033711578869
74	13.42431510745242
75	11.865967899412684
76	9.962860845397612
77	11.07786392383891
78	10.830787987531
79	10.296728465230434
80	8.935771326621259
81	10.221682524807285
82	10.673553457123708
83	10.804772294482703
84	10.439209629026248
85	12.373328462521457
86	10.596013059198304
87	13.706953228592374
88	9.007789033339028
89	10.652568763533683
90	10.28532847959812
91	11.957532617153973
92	11.720044079669659
93	12.666810495859663
94	9.759088221889767
95	11.704962140146675
96	11.8068211463768
97	12.639921515731377
98	12.818325498972806
99	12.667053315260029
100	12.84505235972849
101	12.563283016615806
102	12.746208332467273
103	13.021083168597535
104	12.449928785405973
105	10.39261136013264
106	12.273734266080345
107	14.746976467201083
108	12.714733583773622
109	11.210224598365718
110	13.43650976575765
111	12.364366966468188
112	3.252613209406593
113	10.929182455698697
114	12.657573875533496
115	11.358376839091257
116	11.516036831990432
117	12.56021753118454
118	10.171094446838444
119	14.431197941288403
120	10.912938251846631
121	10.050133552732735
122	13.689063046181982
123	11.151265836537863
124	10.05563546452549
125	12.373100014301695
126	10.603625329723416
127	13.218968859611572
128	12.157975184894172
129	9.338720268331066
130	12.888732501215724
131	9.584691014457542
132	13.600568910707652
133	11.415093985148852
134	13.07446738221186
135	12.186161717361944
136	13.156710521196652
137	10.205555651324701
138	14.310340600351509
139	12.591290225205285
140	11.430958980452058
141	8.834416542034733
142	12.416745309135216
143	9.832892267635502
144	13.38315338942516
145	8.753614520843051
146	12.957449673052409
147	14.265321589321129
148	7.312694195938949
149	12.591591844678941
