0	10.020533436408735
1	12.915022000910996
2	10.152900812520878
3	22.314426721823526
4	17.867766408437628
5	4.680072581352039
6	12.348686536152458
7	15.377057131940612
8	10.480208711576537
9	9.119469463155593
10	11.850210877406239
11	9.25123884078832
12	7.722171812941577
13	12.57146708586461
14	6.548112202313279
15	10.274729496810869
16	6.346849957905906
17	14.117198463170842
18	8.4277326433561
19	10.890691020787134
20	15.68775305145544
21	9.118752458221042
22	7.199184730947579
23	12.345215543132046
24	13.992149450963412
25	11.815904452789301
26	12.88085772214237
27	16.393370123285425
28	9.253285288781258
29	12.599216798224509
30	13.45447281133644
31	9.491418372214929
32	13.069692446250455
33	14.525451249317651
34	10.119207262320108
35	14.541708232408649
36	12.018741802171656
37	10.875952673328497
38	5.458850861966333
39	15.764962846245144
40	11.033908344485615
41	15.635948696806087
42	2.746668525186913
43	8.672218455342636
44	6.703099810735596
45	12.119598322344903
46	9.262491883345815
47	9.198137195086492
48	11.172403909790834
49	8.237562843026426
50	14.714759421497998
51	3.7509634866775
52	14.065835828275999
53	13.997842079977875
54	11.90414593642081
55	13.50672490493061
56	11.336229515262097
57	14.128826776120606
58	16.141847001713415
59	9.005347338605096
60	11.86413064514438
61	7.50833525359679
62	10.831547100413287
63	3.4646322975629986
64	14.162612952814676
65	9.976757638987598
66	8.924999194646466
67	14.560541433434022
68	11.486951387699733
69	10.847416522180334
70	12.720443895872638
71	14.524918147538262
72	15.630226834794067
73	21.88708374332088
74	14.803429336891075
75	16.875997894699722
76	23.32253621715789
77	13.372222755728098
78	21.140471242532474
79	5.285315894404265
80	21.809521135056986
81	13.729009155116659
82	22.282781207017027
83	17.89793748129056
84	10.82523098630526
85	14.7829656485566
86	10.734881836340522
87	11.549797866743043
88	9.376785266343902
89	9.279654383877492
90	11.176309637816017
91	14.184540990850799
92	11.674079077060757
93	14.023056615954674
94	11.062264568907013
95	12.203465350091731
96	11.309175928119025
97	11.96484255327244
98	11.945931352556888
99	12.584905266704373
100	14.123435777883849
101	13.433228010320892
102	12.941206103159425
103	16.005486999983173
104	11.109324199886506
105	13.253619163744817
106	12.545042694793057
107	15.65681709196246
108	15.914568130927236
109	14.434635714517265
110	2.743165506590643
111	8.119695141017795
112	8.687902240468583
113	8.842024111369803
114	6.255913665797124
115	8.399680059799739
116	9.398890489918218
117	5.639101480361248
118	5.380351182375961
119	3.860160480150441
120	10.113492182357191
121	6.671640484487087
122	9.930892922033687
123	6.56242922284258
124	6.735427274563058
125	6.884856450202035
126	9.02803559394015
127	8.19642282747702
128	9.95249086481759
129	6.90240894241359
130	7.085509555856714
131	10.000496696308927
132	6.625362488546859
133	5.3907685738768585
134	8.128517981466034
135	3.298801845710865
136	9.607808771887315
137	4.9015321586186875
138	4.683606093327295
139	4.601625712986888
140	6.027493049857327
141	4.533725380626086
142	4.083342592892819
143	5.187660852350293
144	3.30041272944388
145	3.112720721273581
146	5.469848896856531
147	4.915173333209037
148	5.6545083323881205
149	3.350458261001678
