0	28.34826881662751
1	28.973811718554774
2	19.218705454698632
3	28.835545871225637
4	10.89012285512299
5	29.1879171044123
6	16.711901856616645
7	15.67768958662629
8	17.763644584761646
9	11.585350017385199
10	17.02099942222678
11	20.66314703474187
12	18.87609612432421
13	11.268687584166976
14	15.010819408317378
15	12.782180253896648
16	17.193700835974862
17	19.390142414618364
18	20.51830381596488
19	10.37977716248852
20	37.20834773477302
21	5.128478517516623
22	8.885629212632196
23	34.87990850017801
24	2.7390462054807867
25	4.953432275603033
26	10.413521878451213
27	6.149068032616471
28	40.97731240316329
29	33.7871989742925
30	36.32844308370261
31	0.8647992993879641
32	1.0356244128537866
33	36.013440778453756
34	40.42050504649972
35	1.2065584868942711
36	1.3745840196375758
37	34.89776493079356
38	40.03014283752353
39	36.04885421928125
40	1.206855995803775
41	2.3963983030964298
42	2.3974360342805507
43	3.0755860197196
44	2.402010396159403
45	37.20119666009934
46	37.942514911097014
47	36.821816949878034
48	29.76359569256446
49	0.8651444867499996
50	2.2278468633739408
51	2.2271572286308032
52	2.572336159962802
53	2.055997153361611
54	0.8649266653455479
55	30.275710904650488
56	29.524665949352936
57	2.062762700845651
58	32.36563353878187
59	29.635208344082738
60	36.54560655865394
61	38.27915915548636
62	29.347458666939275
63	1.888925774546567
64	2.0570451934718674
65	2.7387191442981127
66	2.7362893462590736
67	33.413933948358796
68	0.8653850791702152
69	2.3956504817868063
70	2.4000957666780325
71	3.930163347820234
72	1.8865501604751658
73	31.83193225114042
74	2.914484755064795
75	2.394072163925959
76	2.738412590922512
77	3.07925295218411
78	3.0840559733730952
79	3.929031618473092
80	4.774802359959177
81	5.130743849470151
82	5.294169057617552
83	2.7368808982748103
84	2.3976913830423987
85	36.283635040808534
86	4.447200968397602
87	41.062689601848525
88	0.8651853871993065
89	1.547875475848733
90	3.9248020629352114
91	3.427212625544384
92	4.431072433594032
93	4.1076119085262395
94	4.433981000213116
95	4.44089785419978
96	5.47369387531688
97	5.626279687807656
98	5.642484440361611
99	3.7514759873209518
100	8.718524792773827
101	7.3307653852408965
102	37.019387188340914
103	0.8651836852677988
104	1.544428085047628
105	4.963766163261059
106	7.162486335242815
107	4.093750225467138
108	7.179856386973377
109	6.8198779730519785
110	7.158158111232396
111	5.638571775089304
112	5.287920469614185
113	8.204489841644161
114	8.853337765417404
115	8.719087563931062
116	5.800255897157162
117	10.052931592392572
118	11.414114233577799
119	10.083794478792818
120	10.907037677566933
121	12.614319212561597
122	11.245125608539709
123	12.770350186854788
124	12.614796074563511
125	13.808631349308328
126	14.660457658417968
127	15.682185335514117
128	13.660753888418235
129	15.820729218667164
130	17.25340441386204
131	13.297198639154914
132	15.320938131930156
133	16.53374126740446
134	15.870708924546612
135	10.899592194603262
136	18.42880210775702
137	18.02287154193432
138	18.753926742418173
139	19.301519017776915
140	16.86272141619465
141	21.085241651275293
142	18.600754699853674
143	23.705220186457403
144	20.74680072221899
145	16.740800901459682
146	19.762025895107623
147	20.771242084730574
148	23.877524434131768
149	15.14956752463086
