0	20.5666712291345
1	14.020182390892726
2	13.348112507128882
3	20.344266960836872
4	12.393279237640293
5	12.628730463034666
6	11.791126467400046
7	14.171696162927903
8	10.936911899526201
9	21.999125406209018
10	10.576667167392026
11	12.997146382589092
12	14.311326669481005
13	13.901841320518061
14	12.393161744726342
15	16.96806532873098
16	14.159938311512157
17	15.770723985066967
18	10.697882126967427
19	7.477405732359905
20	20.842941391013316
21	12.31101905799761
22	12.0091262900607
23	8.308841282425758
24	10.220406084302583
25	9.877958101177656
26	14.646473628104273
27	11.436039298144012
28	16.110220678361948
29	10.924983860791764
30	13.732618055052058
31	12.86498059243342
32	9.985011780681173
33	2.544538395024178
34	12.866693295387222
35	8.1898076440058
36	5.20145243745635
37	8.670510982476449
38	5.654335259543506
39	8.564189861632798
40	6.145340572726768
41	9.286712037873814
42	5.530816388158204
43	5.327755754516476
44	5.667687994184272
45	9.964206293206809
46	5.799759572320882
47	10.461867768201452
48	9.514461720936195
49	8.398104374813345
50	9.29235337385182
51	10.452150815371931
52	10.468060569868058
53	7.826633681700024
54	12.7811368311905
55	10.580443382114579
56	12.136230195771809
57	10.226349889520032
58	12.244687857447714
59	14.937172178739889
60	13.347730627302981
61	11.661873438220749
62	13.561902745421955
63	9.978657640790491
64	11.665182387042734
65	15.0628741151368
66	9.96672046316763
67	15.652535850127778
68	14.916555714680467
69	10.687032268506256
70	15.045098414113095
71	12.129567070842958
72	14.932299378387446
73	11.063398378459542
74	15.990547569414867
75	9.5908239891246
76	16.873653670223
77	17.560832424843003
78	11.418873759584612
79	4.340060024867695
80	16.73880837205855
81	12.597372980925838
82	10.143997081940615
83	10.810689288973906
84	10.950726164332355
85	14.304076581890724
86	14.545039159907198
87	14.784057810952648
88	9.02655201774171
89	13.55609722371347
90	12.626090956064328
91	11.571844403490006
92	13.704976265911046
93	12.141059685977696
94	15.941076882214931
95	17.21742771123249
96	15.750882668140886
97	9.022944195719415
98	14.784907685387555
99	13.11731466049386
100	16.90337023512746
101	18.65488487676622
102	0.7522950561446446
103	13.508509879222158
104	17.413559851602713
105	18.382048153502524
106	18.581518941028364
107	18.42332262669722
108	17.90233508670641
109	20.012785285964977
110	18.643517972796168
111	22.71470262777917
112	21.398943925193215
113	23.504426360019288
114	20.80017618569231
115	22.647948873206868
116	22.218240901886283
117	22.4886783703268
118	24.404611241790658
119	24.386300017645684
120	18.558088248084747
121	20.315071045133116
122	21.54116351507956
123	21.98950565596004
124	25.817095930805756
125	26.0439880793895
126	24.319006960480145
127	22.713597942588347
128	23.938134071484477
129	20.790288663505724
130	25.084092421741875
131	19.78670823052798
132	21.68262996003412
133	29.6903823383265
134	25.633998303566216
135	26.61396707073032
136	28.007242151062016
137	26.18888449914531
138	29.4690521035224
139	23.569239241558027
140	28.601401188165795
141	20.61392805119748
142	16.251297296273968
143	18.152878797410562
144	22.20874883196926
145	26.29500402150409
146	21.459776501004562
147	24.675058520146496
148	26.888288965309023
149	25.387263964627184
