0	15.34781592718027
1	18.82873697015522
2	27.63059521361044
3	17.10219027182483
4	21.032166605544877
5	18.252868402383832
6	25.178303521774875
7	25.983233500099658
8	25.153102209431538
9	31.80518396348457
10	22.21806189268344
11	30.081401785879113
12	24.702034818447654
13	18.53895123423514
14	28.579973272600967
15	24.98823385793324
16	21.09050500284971
17	26.954148629630865
18	22.869040276871296
19	24.138219999757062
20	20.314486854132042
21	21.290991843129408
22	27.84530950130414
23	21.079682557917604
24	23.59539688686156
25	26.12281826716697
26	17.917550301156766
27	17.386856879813617
28	19.599000632120198
29	15.640743646695029
30	9.08535064369053
31	8.82280924823014
32	12.560973329352706
33	12.997779920453901
34	12.74782347892637
35	15.558888891391835
36	10.072246653144909
37	14.6723862911509
38	12.90450277685549
39	10.306314503591734
40	17.787567956405532
41	11.146493286150442
42	7.0962418849849636
43	15.934217866060226
44	9.622485486483201
45	8.485641909795092
46	9.927488077033066
47	9.11202994551958
48	11.209608554538189
49	12.974378307102928
50	13.184709548246891
51	9.353613325646345
52	13.072091113666918
53	14.05868157970211
54	11.975050132358596
55	13.199090092629458
56	8.487829415841487
57	8.210446745215433
58	12.787064570874874
59	10.902829840581541
60	12.56012877862287
61	9.61767636923335
62	14.932647957605697
63	14.610141278351087
64	12.879236385730128
65	11.233002234679688
66	15.306237614409763
67	12.498348763362074
68	13.744445966707966
69	10.246180463031944
70	11.185693312845695
71	14.664052491942293
72	15.236539490887385
73	12.953806566979951
74	12.253889323755539
75	11.30370769268544
76	12.270817349626068
77	14.815012707584273
78	10.729651154044225
79	12.186299338113933
80	15.149433608381004
81	14.381632931655538
82	13.952032427218622
83	12.206069414982839
84	17.62891894057136
85	6.473869240586498
86	6.117206576452166
87	10.536958973479027
88	15.556033312490824
89	9.47145475254822
90	14.413062862958617
91	13.671700545299057
92	14.552174508157083
93	13.11542757622163
94	13.75950782798179
95	14.808012124937358
96	13.83376173636318
97	11.328376395756502
98	16.263984517976468
99	14.1354688227103
100	5.537356071581619
101	13.75752876473582
102	12.899788641888572
103	11.275841413069045
104	10.9126611873764
105	14.538540758903267
106	16.03810271229944
107	5.306853898594521
108	19.501011148951957
109	10.497002537663953
110	11.004558516454619
111	11.04592645536321
112	10.438257190889287
113	11.948602094028178
114	2.4119216817634666
115	3.810430969178066
116	7.187079513749276
117	10.841875273980634
118	13.48644158157397
119	13.46608930842189
120	10.767434343618117
121	12.45853254614741
122	14.675357097680646
123	12.788956633543858
124	12.832322139595176
125	11.443010895495949
126	12.615281577891931
127	9.384645084324012
128	8.669050720339092
129	9.047148584860789
130	10.102415893570015
131	7.832262142760484
132	9.842168795201868
133	12.585903687453936
134	10.21498620265084
135	12.110526667442013
136	9.490046819012944
137	12.820186619927524
138	7.580888514316808
139	12.025561708180229
140	12.661168007540171
141	11.789665239305515
142	9.902862404714675
143	9.012816959532243
144	4.005116381387992
145	10.634084549728582
146	1.2845210645776972
147	1.7875918712874843
148	2.2941010974951883
149	5.054573002498976
