0	11.14729257340156
1	11.73325873502011
2	13.292077324295832
3	11.819379812047693
4	10.655391406854976
5	11.107313969599717
6	12.181457402352825
7	11.477874396263887
8	14.113085698172293
9	13.839233101033312
10	10.539330079106497
11	9.451623611888783
12	13.733777404703222
13	9.42060212764284
14	9.911259192589721
15	9.920231635095044
16	10.26455658745395
17	10.8857184483354
18	8.241975265765463
19	11.315943090316445
20	11.438206014839611
21	11.110575480349494
22	9.277505876331224
23	11.101429325521307
24	12.493140868282467
25	9.466370841760577
26	11.278219624679936
27	12.084862734528983
28	11.441935450429453
29	12.771906966144329
30	11.180302247335396
31	10.661824115475303
32	12.073482625310604
33	11.706372159971151
34	10.468048915498336
35	10.783103182231887
36	10.803202437431679
37	12.086602593616902
38	13.648146478023564
39	11.995990391015896
40	11.516421526038055
41	11.070918972952523
42	13.114467678534833
43	12.108098235890779
44	12.22779025490229
45	10.713516628933228
46	11.254128073557839
47	10.89756854792724
48	11.368632921566563
49	9.698965894650385
50	13.365487859836088
51	9.589712864973777
52	10.061851911135784
53	11.409697029092085
54	12.531886341569427
55	12.270214546488216
56	13.106829636568785
57	13.290626614954535
58	13.405462278624459
59	10.043533796237476
60	13.705202054605904
61	13.145854338392558
62	11.912312514368868
63	11.662776098592216
64	12.144085632093086
65	10.229466468024452
66	11.76937664395205
67	13.259703571257566
68	8.86225649914623
69	11.725739956626654
70	12.712469706299801
71	11.917073625627863
72	12.663264337931347
73	12.255973900482111
74	11.65539985380191
75	12.07662934048403
76	13.476040517137212
77	13.364352969750806
78	10.045230413197574
79	12.65712416151108
80	11.670443817536988
81	11.256261008561262
82	12.965661621817619
83	15.990951772421017
84	12.642656910620433
85	11.871947937664293
86	13.471987999876383
87	14.410137622667548
88	13.400471374608383
89	14.039337520490422
90	13.133415897456992
91	15.776367147274906
92	14.218683765432202
93	11.288366305608516
94	14.669306299643583
95	11.54929406027924
96	13.7610185426873
97	14.858596639819783
98	12.440512684607368
99	13.032781276755195
100	15.173049733787645
101	11.426629184331341
102	13.620192137761242
103	14.96119993614143
104	15.698069802781939
105	13.512730749674592
106	13.43940500317318
107	15.959842840224443
108	13.483030269754664
109	14.613595294516777
110	16.587818217500924
111	14.811878762774224
112	17.130023024277598
113	15.852686532297808
114	11.927682301720838
115	0.8522700214963232
116	3.7341831089076614
117	13.477071435636732
118	6.5538478132421
119	3.9617224045664594
120	7.62774371588537
121	6.183084323134089
122	6.294380533718585
123	6.961070569836927
124	7.848888436941648
125	7.996382397299232
126	7.9249112530816745
127	7.495791115453128
128	9.255448761503244
129	9.074502267813543
130	3.546586073423894
131	11.959080059458156
132	6.072399988165668
133	3.8951405169314355
134	6.90920051534564
135	5.338538418943547
136	5.214255385493249
137	3.30298382474516
138	5.023197125832341
139	4.86252135562254
140	3.287767813003045
141	5.369110557166413
142	6.034884864919035
143	4.787884187396833
144	4.406071213907898
145	4.886002088725487
146	5.098927118234297
147	5.33203646384513
148	5.7758346380633565
149	6.886263802615464
