0	2.0874887791732926
1	4.230784306544961
2	5.594640563314149
3	4.345739224955529
4	6.336922264694048
5	7.654981869819204
6	7.587283571083313
7	7.9671400542654975
8	9.107191043954291
9	8.816825479572785
10	9.68338767143092
11	9.616490646119125
12	13.064314970433955
13	10.424130251881362
14	11.930899719331647
15	13.625191272977839
16	12.062709765236677
17	15.878524814532112
18	14.314785013948022
19	19.297870801685868
20	17.3224422331158
21	10.53637065333967
22	27.265933796560546
23	14.859892125493074
24	18.291073815855754
25	13.610664404224392
26	12.684688027462549
27	19.926447986116266
28	12.756847104210012
29	17.23349880101265
30	15.766086712138687
31	15.566305657663897
32	12.050380113645561
33	14.956656610019822
34	12.634597995867102
35	16.893899590737888
36	13.114429981322369
37	13.18550826273415
38	11.791022688940938
39	15.205623453171304
40	15.215749984368053
41	13.739192727730275
42	17.7770052196742
43	14.035938144975283
44	15.272066606706513
45	14.785725286120979
46	17.679758763606927
47	19.512882585201844
48	20.67024885514723
49	20.00219865604982
50	19.584128066217055
51	14.982334790288348
52	18.205933456478242
53	19.696606264039936
54	15.630917762134159
55	19.434517748433784
56	18.354707410701536
57	16.667090478744143
58	20.238804122151215
59	13.029265016914227
60	18.522055901488287
61	19.504304765270206
62	19.888276501454413
63	18.90925923982779
64	21.80138463015411
65	21.715420776398375
66	12.171430378301928
67	21.68324740289013
68	14.321264473281857
69	20.07715081343354
70	18.996730929399895
71	17.584405135316054
72	20.513635776719994
73	15.680581509565478
74	22.61681080371155
75	17.548703399395443
76	14.001948678384068
77	16.502398942751398
78	16.149159281611027
79	15.138724945868614
80	12.403586783546817
81	17.38249108418261
82	11.996033717143941
83	18.12930261068513
84	15.110562515454212
85	16.874118748558175
86	15.990897715911078
87	17.262692577111743
88	14.28393460702091
89	21.41516689705808
90	19.302563066718164
91	15.252639420849876
92	17.07512239245205
93	13.582695379782145
94	15.75664326033539
95	16.545356501183697
96	18.036212347542516
97	16.434193878599043
98	15.0611102733895
99	17.16145244442302
100	14.665352090984797
101	14.209326260500468
102	16.12420953825938
103	14.992314318708305
104	14.124860869881374
105	16.80556374048868
106	14.907739028112523
107	14.974967558851398
108	15.256762385893987
109	9.292537687737967
110	10.345841744376175
111	9.490455274248166
112	11.046980975514195
113	6.2948449581067765
114	1.310203564098762
115	4.738114425337827
116	4.970801653099114
117	5.125147750704532
118	5.668940304446137
119	7.039111553801657
120	5.476905391256117
121	4.971778535949491
122	7.271506422167952
123	6.565933786260019
124	5.087948100571455
125	7.468529028413422
126	6.953206648682287
127	6.728231139822561
128	8.39372784154062
129	6.723769200403897
130	6.839597965318591
131	6.028404252957422
132	8.898132997409556
133	5.907678671414848
134	8.24296999163839
135	6.602014345546842
136	7.236369653227518
137	7.886704907551594
138	6.881013451536059
139	6.917285703572705
140	8.519117623453624
141	6.1770582111754475
142	6.605716612543817
143	6.9573166192433495
144	8.51193134949391
145	6.219519609443076
146	6.454227734533354
147	7.924587794035763
148	7.474643830800659
149	7.962831233785342
