0	19.401587445063264
1	17.54138237250377
2	20.000587894537365
3	24.381428416076744
4	19.5791301613031
5	17.263453421760474
6	20.51017542927114
7	18.016942919844634
8	25.76689401688928
9	16.000017841760013
10	20.719305347932906
11	19.757430458979503
12	19.89569638450206
13	18.922220398219306
14	24.07131530149484
15	23.427877413933334
16	20.03638141452159
17	21.1894194062884
18	19.09753262702909
19	18.259135020217055
20	18.012351946334725
21	19.735307603008078
22	19.09112015480619
23	17.315180655966856
24	18.681603183356188
25	21.708051558803362
26	22.720499352189233
27	20.396014774370514
28	22.67954980497512
29	19.496469123970893
30	23.987308081989614
31	16.930505306794004
32	17.571887582282827
33	19.95329841008548
34	20.26638855145253
35	26.30334147686303
36	19.623717866428358
37	16.799240639401482
38	19.734453022955183
39	20.458837798235415
40	22.18035471297633
41	20.801969491409945
42	22.07346928523558
43	17.336834870039844
44	19.795195488245128
45	20.51626832579717
46	19.18310480336179
47	20.27786130643518
48	19.554156597682304
49	23.663165652145295
50	19.065052090249463
51	13.997925820485031
52	10.437044452865145
53	11.303313955634673
54	12.053219788201519
55	11.855903483680374
56	13.414510179090902
57	11.410198591115694
58	12.748166627810303
59	11.819748741533758
60	12.648450629301257
61	15.919855756670424
62	9.71283426247793
63	12.693321345604248
64	12.806507211217374
65	12.25644849350246
66	11.302135789970048
67	14.768794637690636
68	12.55495274991929
69	14.502168651698385
70	13.345497936508005
71	13.76583918338171
72	13.40717558813707
73	14.164474915878362
74	12.993901163956057
75	14.13536561698674
76	15.1136007349291
77	12.244491376771164
78	16.72691478309607
79	13.732694487251146
80	13.54521233925514
81	14.00830013628362
82	13.639863844829149
83	14.792730316967072
84	12.96059059950864
85	13.981921711959336
86	16.173499015448254
87	15.23821581223075
88	15.612346565307059
89	13.785463200476197
90	10.134746697810748
91	10.22790858060897
92	15.466578649830465
93	12.804431023920792
94	15.310394971340452
95	14.404700918216463
96	11.77678767112056
97	15.884488336071481
98	12.963311209581647
99	14.432987387603214
100	8.952042477967614
101	8.176037820555921
102	8.129827829957607
103	11.62130464036119
104	9.388831333572956
105	11.141535395542142
106	13.020842638507684
107	11.659813984488
108	16.040086367071073
109	12.996619020764362
110	12.89297106079433
111	13.759910749843462
112	14.69227719801281
113	11.970431345305542
114	3.8437224493018025
115	1.4631815403056279
116	9.90212604751416
117	11.614565597413055
118	9.391923135683367
119	10.549296591314278
120	12.72922099638835
121	13.24345262543403
122	10.426683501438045
123	14.874218850375119
124	13.008307432688282
125	12.011881825951178
126	15.217838049110815
127	16.064220664974243
128	10.66167960930443
129	17.040387060212904
130	9.989835377685239
131	12.29215659598814
132	8.484857497661782
133	10.986017122377639
134	9.505859033777796
135	12.439237561115194
136	7.646906032244159
137	8.67581514495303
138	9.298069070935023
139	10.773359184728136
140	9.872795966638183
141	7.269458085064354
142	8.686627629966427
143	8.918189497576977
144	7.97042478291413
145	8.999543866189672
146	8.80175650614572
147	8.79445473588636
148	8.618824958034212
149	8.447148136888792
