0	31.859271941772295
1	32.60874492564226
2	28.231796570049795
3	38.10258749030563
4	25.17401645743699
5	37.230064322130886
6	25.798285193249324
7	31.37895637610136
8	22.84204534669812
9	32.87552711227103
10	32.91923513308317
11	38.540622594429436
12	22.958950926300798
13	36.17582529272361
14	29.199171353425402
15	31.71994544389852
16	28.024681047355816
17	32.90147528855319
18	19.322706871738156
19	26.061209603607086
20	10.408586280564778
21	23.898458281449724
22	18.013419972995656
23	18.09041530781535
24	14.427276478345506
25	22.312865247084446
26	14.693615255639678
27	20.591632212312394
28	12.91344292566265
29	14.087889373571235
30	15.829251413874198
31	16.440513028933015
32	13.327032582859824
33	16.264251424149254
34	13.561255656050141
35	14.216147336403013
36	17.10641835920365
37	12.12817736207643
38	9.016197492436328
39	13.566726426879086
40	8.944393476173316
41	8.379474304076082
42	12.46592520667131
43	10.124281173574124
44	12.942006442248498
45	9.631610619089017
46	9.88899188686522
47	9.889832995786616
48	8.579473049112993
49	9.627793097548588
50	10.851058351839985
51	9.285575035346021
52	10.31786737748255
53	0.7188340248924444
54	11.955796595834183
55	7.812631576082888
56	2.37403257259254
57	9.102601168036035
58	3.4258939927076013
59	4.999090114375452
60	4.8341541282234815
61	4.735501564492694
62	4.037748397006466
63	4.72659368019249
64	5.867735127610976
65	4.738269282488595
66	5.957610560372004
67	5.436867474638417
68	4.650185122668496
69	5.522202761580589
70	4.474695566612125
71	4.383117323649114
72	5.09004193882175
73	4.470768375030882
74	5.876154091769951
75	4.562130606423446
76	5.9589637942554035
77	5.085904578322857
78	4.736297947867646
79	6.302804339491855
80	6.663331705471142
81	6.1343193301626044
82	7.531404147694179
83	8.404311821812612
84	5.260603089336673
85	4.649158300788315
86	8.072644807902472
87	7.951391779829672
88	4.920528870821952
89	3.8551335326454295
90	5.536130920978662
91	6.396026550458988
92	6.380674792417116
93	5.085495790561557
94	7.793803884927508
95	7.195190916423613
96	5.261216444965916
97	6.296081031083052
98	7.372008055609619
99	6.8339592078942655
100	5.785065715474325
101	8.728463286173126
102	7.73081926445191
103	6.7274214365580765
104	9.540356643716708
105	5.784698622378121
106	9.453545931625621
107	9.27125049443631
108	5.001586842273895
109	7.269097786745348
110	5.785222722050847
111	6.3962018429103775
112	25.23973377459553
113	19.26490425210994
114	5.787163037112533
115	3.7753103542348803
116	4.387148907510748
117	4.658870271210985
118	5.418337251117366
119	2.816983653357584
120	5.522003593248668
121	4.394388501589871
122	5.789524922397927
123	4.734244519351675
124	4.377870054162029
125	6.308679039138161
126	3.6883478865021826
127	6.570239327836433
128	4.037713512239959
129	6.383354013768368
130	7.4591342147888415
131	5.7073154514568305
132	4.466770254302636
133	7.4437134340643265
134	6.846441119283261
135	6.295621766766132
136	4.646655510260588
137	7.468433481704805
138	5.595198677688673
139	8.229401768946152
140	7.703947891463905
141	5.621323737617422
142	8.91403704375762
143	6.744362331432713
144	8.51236808520913
145	6.120376810396868
146	9.820669544612427
147	8.215134691974088
148	8.578589461337724
149	7.880934242913034
