0	14.693607401160891
1	14.241315773024942
2	15.941916320054025
3	11.055011796061187
4	14.14748151510328
5	17.280015473001693
6	14.243785233231186
7	16.32437647379944
8	11.381565785412423
9	14.929480100914407
10	15.080339129867019
11	14.107526275267515
12	16.92057282262675
13	14.592439943502608
14	17.70759683454557
15	16.046688932642542
16	17.761540393711183
17	18.15712128973959
18	13.923589738780217
19	17.20130771721507
20	17.771950116008256
21	15.881136796706286
22	16.753417753862827
23	13.333717066285962
24	18.488668981489777
25	15.964418524855938
26	14.150470905680129
27	16.61261341989088
28	13.868987036560663
29	14.927181982180677
30	8.802361665595326
31	15.038963521821554
32	12.619520470022465
33	15.875161535237766
34	10.612389556921842
35	16.7804602795254
36	14.690219716718019
37	11.697565619437
38	16.43004694282227
39	16.48524238616089
40	18.81903642128463
41	16.206419401369775
42	15.442699955104144
43	17.490021857641963
44	14.518217695000393
45	11.528908251147099
46	16.601234200226592
47	14.651632117634719
48	20.264739621058432
49	15.475714387137995
50	17.782080039344525
51	14.409078318916972
52	14.927181982180677
53	18.93530168056262
54	15.532853192229796
55	13.447846787666297
56	17.989395347323647
57	19.380492433394554
58	17.313769152276464
59	19.598522706766204
60	19.83511780351745
61	18.162400704883982
62	14.382865027004943
63	18.767557707064395
64	18.26758858180408
65	15.408049183897795
66	14.835114151512686
67	19.54940609489684
68	18.544877289899087
69	11.976375538148396
70	14.815407155208907
71	11.839657741330528
72	10.718545059413524
73	14.239532714850885
74	9.61331685610516
75	15.205841580691866
76	15.260781328690433
77	15.301310626937692
78	9.557347683342085
79	13.398745596126428
80	12.704979149439126
81	14.830560112557064
82	14.631547966126524
83	17.385887724864006
84	10.80673279340445
85	8.801784723516649
86	11.960821716604617
87	10.577843254609146
88	10.556970705422202
89	12.42140258541762
90	11.391260553134519
91	11.836845192667193
92	12.72871190146884
93	12.004360563781836
94	12.844505073806248
95	12.832908983916035
96	12.977990801235249
97	11.197273617436313
98	13.5348269029404
99	11.870456863140275
100	12.218414620005907
101	15.715246517896725
102	7.725468526629258
103	10.106113540375487
104	9.949623759965187
105	11.19706127926788
106	10.170489896710832
107	10.964589712290241
108	12.36939140014597
109	12.16692417950422
110	10.113293572505045
111	11.385555959972864
112	10.973950972638011
113	14.08775238742451
114	12.453505648030921
115	11.726890535097048
116	2.0705200005776634
117	10.225297930654165
118	9.971586601997199
119	11.1967419956715
120	9.207079811991
121	9.178343565716746
122	9.526409876387795
123	8.487526405624948
124	9.640201957088877
125	14.166832540545796
126	1.3429007797593946
127	13.033536965057582
128	10.831889493792474
129	10.893385185977179
130	11.141282225879005
131	6.869288868187998
132	1.787294715108939
133	11.902106607317704
134	2.79012629296341
135	4.961767694275814
136	9.272615719714674
137	9.889804239874675
138	7.96763139419862
139	8.097581812734484
140	6.894883428506471
141	11.252628000848258
142	9.693604160171347
143	11.029831174804178
144	10.164228235413345
145	7.948283498706839
146	10.027256146365227
147	7.521500427885014
148	7.690489296637084
149	5.071765186472128
