0	8.769884833810702
1	11.681438640026887
2	7.630679253058479
3	9.770340009907082
4	11.502615763907192
5	11.090538427584246
6	10.69791606515774
7	12.672961808932355
8	12.63502257051135
9	10.939950166936391
10	11.805085687110209
11	11.339761660157185
12	11.447947716564551
13	11.737355751892592
14	9.08882868320465
15	7.729280932916452
16	9.771914647930133
17	11.898811838197007
18	12.452472918487345
19	11.00186342858248
20	9.435107373081411
21	9.268638649211592
22	11.990598011753262
23	9.855543195935908
24	10.359544664698207
25	11.682834671571007
26	11.776002518319075
27	9.669822032988119
28	9.271954641865007
29	10.30048069771358
30	11.713483338396953
31	10.046915960573479
32	10.59892751275464
33	10.236690398415835
34	11.682614003479031
35	10.135173626635973
36	11.122689766335487
37	9.980482514472074
38	9.809711255748917
39	10.972308808762834
40	12.30204192315038
41	11.373813405422672
42	12.35763489615859
43	12.60869405101674
44	10.855065876722824
45	11.251080247141198
46	11.311648047539864
47	12.386542543120456
48	9.775115616875711
49	11.467490735803276
50	10.567773479480662
51	11.186957826338693
52	10.47589712706025
53	9.931054004426851
54	13.375329623737965
55	13.289844295173687
56	12.766438417458211
57	12.73229220218067
58	12.294752066589105
59	12.120414540649824
60	12.207740283184325
61	12.361622260830519
62	13.44203819643285
63	10.509282687603111
64	12.920928456118318
65	10.020437637311478
66	12.547551104477893
67	12.40072944779082
68	12.878924214252935
69	12.361387172242004
70	13.570615088374705
71	13.350193938783603
72	12.856626974528577
73	10.20385353940091
74	9.986668499534996
75	10.941027932605094
76	9.830637593016482
77	13.229477656154096
78	10.728290043313399
79	15.107372661392922
80	12.512284169865838
81	13.657337905100245
82	13.47285685229217
83	11.342430525798004
84	13.598069128204727
85	12.984685182473957
86	8.070976092494272
87	6.03352571349899
88	2.915791477112546
89	8.83894170696636
90	14.436942658880072
91	12.367254968149632
92	9.343021542624356
93	8.68893326827872
94	13.868645178060927
95	9.705234049132638
96	9.343282391460976
97	13.073724379695198
98	13.440628631199639
99	11.404083918814683
100	12.66622023282428
101	13.693692902063948
102	15.880691308220973
103	14.805093909631324
104	12.754917672343781
105	12.001767967619912
106	12.876855384013151
107	14.721180599205827
108	15.99894186881374
109	14.884697838467781
110	14.15270177393604
111	16.392901717421978
112	4.144629330380608
113	2.792202401447758
114	14.273454903539132
115	10.77411609434222
116	10.630684941906127
117	10.729269798187811
118	10.817661688224383
119	11.203293044931488
120	12.942286196572036
121	11.218091894570659
122	13.35383731028288
123	10.266864464194912
124	13.004241883214455
125	9.786659605354687
126	12.020354033744095
127	9.179794113653527
128	9.880446156855042
129	9.682177433904467
130	10.234881887167308
131	11.126965974956402
132	11.899037665042407
133	9.860308344293221
134	7.580119460143876
135	8.974705524427968
136	10.425589962982897
137	13.796405093488312
138	8.555654305419605
139	9.980126183564321
140	12.891913024173332
141	10.236978034701734
142	11.12916461794693
143	10.601551081864088
144	9.244883766076635
145	10.55324761290223
146	10.735161718378436
147	10.200981467119183
148	10.547092368806947
149	11.866567294322289
