0	25.1368261197314
1	25.135533451117325
2	28.00308432166136
3	30.164729219312715
4	26.32921251851001
5	25.994993914363103
6	29.88307504543645
7	24.424747977490203
8	23.33130877798512
9	28.78038993190939
10	31.044159537902768
11	34.15531998105898
12	25.075195204000856
13	28.106721394492364
14	24.272935345847493
15	34.12568494096554
16	36.634218575011374
17	37.567400202232875
18	30.92206312163316
19	27.042767553422536
20	27.994895525666603
21	24.496218166916805
22	30.767817223971914
23	28.420931271812744
24	32.14781535370655
25	16.118044401488255
26	36.53151165987313
27	27.796342954017412
28	21.006887891908264
29	21.11568341933967
30	28.929167837472853
31	24.25291757251132
32	25.057176464883273
33	24.666786420154573
34	20.497451985677355
35	21.426822206513126
36	17.16230864997886
37	17.16691774240397
38	24.89968934967705
39	18.353126179270564
40	6.017941647969196
41	19.35372658104008
42	6.95233460288635
43	7.788120712002116
44	18.414575762515867
45	22.1470933630161
46	15.091844922054547
47	12.785997151505562
48	7.163424407314389
49	16.745392410658802
50	15.707673260057383
51	10.700673262854396
52	9.767549396001773
53	11.326991363868673
54	7.2673670385561735
55	24.19390439363979
56	14.455672441609337
57	6.953958283222748
58	18.21640692466767
59	9.245704606418295
60	9.454321310587487
61	10.388363728640641
62	4.8713118505356405
63	12.481255893009465
64	8.309796292680073
65	8.933221754602936
66	7.788545444261035
67	10.912348721547119
68	7.579982874366009
69	6.121324286035092
70	3.414127506382447
71	10.085992538864971
72	6.951460770319113
73	9.872979620405598
74	5.912968187112099
75	8.411789796460067
76	10.082333850541218
77	9.870321189973184
78	9.659552131702874
79	8.622012407455955
80	10.500494979131028
81	10.18328407246859
82	10.393108566281981
83	8.828440197806875
84	9.658120767465363
85	8.524509707308573
86	6.847014506494859
87	10.599932990316521
88	9.76936178413041
89	13.724611131136665
90	16.42776248440657
91	13.4147242064213
92	12.788051053507264
93	12.161897283288715
94	12.364576301004837
95	12.343756686569584
96	11.247637488178949
97	18.93612314296052
98	8.413331202182734
99	13.827834916523443
100	14.006316092831948
101	13.441217416679352
102	10.49589214372735
103	9.97686271612004
104	11.222660810586094
105	12.682943662030269
106	13.412309751868753
107	15.586531918635703
108	13.213152217914036
109	13.622534486006385
110	15.077173393621038
111	18.27719696776561
112	15.6237941869214
113	12.370288800623237
114	5.069202622605054
115	23.600734706488527
116	24.799658650539005
117	19.72344097752671
118	22.217557967393844
119	24.855186159418484
120	22.9887325376333
121	21.928726528757867
122	22.625289592886244
123	18.35947219515026
124	10.092567731772677
125	3.7268170541385257
126	11.224869461067682
127	6.538644930317718
128	9.454583311469436
129	9.001358741510497
130	8.661630140141922
131	7.576136165409642
132	9.245533483930531
133	4.664034096935179
134	4.445363723452132
135	2.1688165010347804
136	6.122894616086548
137	3.8309878621054088
138	4.455344438665884
139	6.118131966246244
140	5.709221452239234
141	3.2061688767486203
142	4.039202634473984
143	3.4148313920504147
144	4.87306119395905
145	7.161423363776421
146	2.789539709551596
147	2.9977709482035135
148	3.6235525656840957
149	2.16440210363096
