0	5.963120914659938
1	10.243276761801242
2	7.7605861941117675
3	10.099285199346916
4	9.397865327978
5	12.047209531640982
6	11.716919224817964
7	14.210172190808192
8	11.859608178939656
9	11.881654093744906
10	17.30133041745236
11	17.13614093119817
12	19.926317708170306
13	15.00375867285273
14	18.44872643205136
15	22.088394207350387
16	12.853186140420442
17	19.97486721803916
18	14.148725818517997
19	15.658324986087605
20	8.270073025039128
21	11.061715760478144
22	14.181218803871346
23	13.717610533222384
24	12.020719078258695
25	11.718369798984885
26	14.67407161395466
27	13.367573819330548
28	13.352334226896888
29	12.046865271444881
30	12.375011508642016
31	9.10947033177326
32	9.40192562634803
33	14.671812065752126
34	15.03460682416941
35	16.45761240285931
36	12.201271876989267
37	9.419001966879987
38	14.179584274046645
39	13.232595771404604
40	12.99803986396267
41	19.599678188856533
42	15.00159147843885
43	12.37453855158652
44	12.868069094935459
45	18.120898946721358
46	14.673506659101957
47	15.877673462621003
48	18.714247201040553
49	16.64036779105389
50	14.676896013962484
51	9.43836941893942
52	6.9587195956507175
53	10.216888514903635
54	14.01716429337836
55	13.196332593790757
56	12.210240451904024
57	17.95758727803058
58	17.505704223766323
59	15.459113433780814
60	15.987153985954048
61	14.345133348661596
62	19.59891617194548
63	12.374657447843838
64	14.345685165029348
65	16.644229655956323
66	16.971462960501132
67	18.30602827867089
68	17.77445399182713
69	16.172428601398927
70	17.606186492446685
71	13.20151852468846
72	17.457411625172956
73	16.31505849373636
74	14.344857970790098
75	18.005406549249578
76	14.143981055110158
77	18.50076981653688
78	12.341415864803606
79	6.475010305942204
80	15.96019231239599
81	14.344581576447553
82	15.330992051889295
83	17.50944255260071
84	12.340593568874443
85	13.19860886613905
86	11.068760696353035
87	10.23456175463947
88	13.360781556952375
89	18.448905083757783
90	16.34854289179417
91	18.75378507827848
92	22.702483960226154
93	12.046175100435956
94	15.658626590423053
95	15.009830924064941
96	17.16870533727614
97	17.91574435305493
98	17.668916299536395
99	17.452006425455235
100	13.995790169466959
101	19.92786648193975
102	18.941992524331376
103	16.330993341785398
104	18.267721830138306
105	15.988389077617441
106	16.643263416543828
107	14.489530887217354
108	26.697563935342096
109	16.806958347474744
110	22.78133409788518
111	15.943907022676367
112	16.972612826278567
113	22.554685762885015
114	18.28632255213308
115	39.16048210053574
116	5.313677424857385
117	8.933510115317368
118	13.196206367572739
119	13.19595298075839
120	13.688912267178722
121	13.708118861330036
122	13.668845421806198
123	13.358988738509387
124	14.674212596701604
125	11.06192559316931
126	9.753979034437075
127	15.012145043201013
128	14.326127297653027
129	12.374657447843838
130	15.0017357225505
131	14.016625626251573
132	14.375818344375189
133	13.98787613144876
134	13.06667681330037
135	13.979704052402566
136	14.707760063269228
137	15.346228749451925
138	7.75218393239793
139	15.989624366974649
140	11.08583472001477
141	12.019117546036142
142	15.035042626569595
143	14.968437020889112
144	14.018240753650906
145	16.64261972094854
146	8.434492442483435
147	13.360397952733862
148	12.375011508642016
149	15.658626590423053
