0	8.965584963033576
1	10.047176000726042
2	10.611562389556381
3	18.67010282887034
4	5.5118353703303775
5	26.634175892534913
6	9.811722746304122
7	10.228819422428
8	10.435097772554826
9	9.99635971473763
10	15.595394305816997
11	11.456529649981594
12	9.608864305204376
13	10.231904321112102
14	13.088426671185328
15	10.203828262361629
16	9.42463582152102
17	9.211325485971972
18	9.583163378884283
19	11.05917708656793
20	8.181338012637918
21	31.129854622604896
22	20.720989984818118
23	14.10973326291392
24	34.51087330549863
25	17.604345188211223
26	9.002360259124842
27	8.366417648714133
28	8.811089670340598
29	8.977445310736856
30	9.201330020983784
31	9.018884199054677
32	8.792599476927919
33	8.770112978913378
34	10.043764720172554
35	11.039201841853165
36	10.006310062093299
37	7.579279168012488
38	8.771662535676002
39	8.17693773379708
40	9.01559144836188
41	10.409763815906501
42	7.562444112197559
43	13.50647172883462
44	13.338215840282892
45	11.219271658024525
46	11.456529649981594
47	9.221863490693657
48	9.182178991706373
49	1.4136593426879032
50	16.19984676152613
51	8.981545333762467
52	8.184831795156049
53	9.009265449834446
54	8.158253994636182
55	9.00522234790623
56	9.627015244764413
57	9.401865353966299
58	10.019107074226927
59	9.612019897069715
60	9.184150233228564
61	9.624030377323242
62	9.003875092372327
63	8.979954976631014
64	8.605498645445094
65	9.611479031119892
66	6.93273799455066
67	9.012469048814573
68	9.611298309009523
69	8.163388580665883
70	6.967649054025356
71	8.766282322724352
72	8.586832398130314
73	10.840637729633476
74	9.830648139156839
75	11.667353792226123
76	16.381461499432113
77	15.54293280075596
78	12.872186398584724
79	6.537477753085002
80	9.433050232118424
81	10.810196234888654
82	12.482377332394716
83	12.101892474897259
84	11.859905980106035
85	9.612470780257484
86	10.614361081755748
87	9.20167439463017
88	12.292261354712732
89	10.239045586086625
90	9.79058181680748
91	3.667973435543507
92	20.328031114516868
93	9.180894053237411
94	8.384611405060996
95	7.776379961438672
96	9.59491700211172
97	11.480480718038852
98	9.999924228866023
99	13.711171466814017
100	12.499403976069345
101	12.700548366211432
102	11.222239349860294
103	14.735959359250094
104	12.105932804222135
105	10.404183902822737
106	8.601806482708117
107	17.21373274251336
108	8.561416162815839
109	12.273898554880944
110	14.160158958734232
111	12.039348280758137
112	16.804988897063634
113	11.883940018811078
114	14.320004099746862
115	14.90599448003856
116	34.62809206600729
117	21.102154281183974
118	23.589378377377226
119	21.465746444247994
120	26.00608521556735
121	24.369916846587927
122	28.67251192594413
123	25.870654612417173
124	25.527895999722094
125	23.20116646048634
126	21.690381304094206
127	25.74983249599468
128	28.92562981144264
129	23.968634452883457
130	26.769820192199766
131	35.04536460898668
132	28.47118289206992
133	30.16899991443418
134	24.30257915237239
135	32.45119627372079
136	29.00174152140282
137	34.90414850008267
138	32.34135566050474
139	31.36675904722725
140	30.29995991788601
141	22.53114850643251
142	30.846830575332504
143	37.072687906571346
144	28.05710313513876
145	33.79834269603587
146	33.387426414835566
147	37.91669395791763
148	28.44778294352042
149	30.178486981588822
