0	17.644393643746753
1	13.26886022829796
2	18.42791630722374
3	8.16872146744101
4	14.035990525323328
5	13.922206146431833
6	14.207915577703886
7	7.74220806424265
8	7.190078549160053
9	17.091572040226566
10	9.822374361700552
11	13.752451591913365
12	16.556336603050905
13	9.66456803107155
14	12.585021135756266
15	13.37323464603796
16	18.009854652894408
17	15.295246813547616
18	15.634062701784009
19	17.7446675553011
20	15.73339120857129
21	17.098938829833706
22	23.293682420422382
23	18.279303775765584
24	14.883606881969298
25	22.88018848351812
26	22.182712301669234
27	15.752496911286027
28	21.088866592219205
29	15.125849100812207
30	19.45653322249606
31	22.67791629413274
32	15.175126385652536
33	15.711638006021474
34	10.931554489538215
35	8.682104583893555
36	12.857536191807887
37	12.558326578385246
38	12.652603337529772
39	11.045050579758657
40	11.725197660706348
41	14.227769655862804
42	10.615454334427545
43	15.023492443390234
44	11.445814671441719
45	12.2830324345149
46	10.634256551898584
47	20.10480377105538
48	14.06727186989254
49	15.90465975250362
50	15.539055507048953
51	14.751197455611576
52	14.756949217741116
53	10.511815220656736
54	25.907769356877683
55	13.882099404780348
56	13.939243087346432
57	14.740968202710533
58	17.559708198038265
59	13.762460343893158
60	14.10419918063428
61	14.32848136433769
62	15.17194609638821
63	18.289462021739183
64	12.553001905166306
65	14.095751823290144
66	10.206787113986815
67	12.811621062243884
68	12.96301500223436
69	12.281644825697898
70	10.242156363899356
71	12.1080945728638
72	12.823943890706815
73	15.722582169742774
74	12.820558687260794
75	16.192746440605905
76	14.704377989887421
77	17.656415477088142
78	17.079469488440814
79	20.57584295547672
80	16.097358781755904
81	20.307603545070283
82	16.362335466290272
83	16.122249201493883
84	16.406907113920152
85	18.052021224116466
86	16.686007230240385
87	10.213612470167932
88	18.7583260804454
89	21.073599864326226
90	14.881343747148186
91	19.902553135307464
92	23.28104464212914
93	22.18013850993158
94	19.388317536366014
95	20.0230953187427
96	26.78835672280897
97	20.57763379557648
98	25.473158312166014
99	23.012665641140114
100	18.548959860802768
101	29.349096516127762
102	22.17670561738193
103	18.37327245301509
104	21.910587740571746
105	26.18731525295197
106	19.784211045581518
107	24.446778354553462
108	25.025233977972174
109	28.12895133092237
110	17.194023496809006
111	1.2769867762722442
112	21.630231916439925
113	21.846786822769477
114	19.425261267066386
115	14.760318011709332
116	3.071043147915089
117	21.571446988188484
118	8.290559229195239
119	14.922626871039489
120	11.868930440603945
121	10.594951684078552
122	13.110790613141468
123	11.180654713905053
124	15.27039070626442
125	13.412674629569254
126	13.373360863782764
127	16.409730796282943
128	9.826022554742844
129	8.955480686868807
130	8.424715073932921
131	8.42972140967257
132	6.792683837890557
133	11.147089682144124
134	16.40753464086856
135	14.795508059417694
136	16.90711730916449
137	9.82730001172007
138	13.198483141016839
139	13.526190155845782
140	12.164440335568074
141	10.74001060750888
142	14.620777004503243
143	12.038185926480063
144	14.483752038244857
145	14.561541186216184
146	15.868196852829971
147	20.567092057112166
148	14.20683649908325
149	15.726333310253196
