0	14.007646472947647
1	11.682925704493059
2	9.1121810610434
3	11.023151505904256
4	8.15410804476771
5	11.055735929892638
6	6.725818599434684
7	12.518253579220913
8	8.277862035696364
9	11.46229917502238
10	7.384802938334731
11	12.635448123402577
12	9.608253481259105
13	10.50614200098878
14	12.127446110340928
15	8.192423620222938
16	12.955086314030833
17	13.225185649249962
18	7.417397667847367
19	13.536467858222279
20	9.718953403855453
21	11.396461075615601
22	13.674302251982862
23	11.83518614297016
24	12.064335315144827
25	15.03395392075203
26	10.250324289927095
27	15.408316676150354
28	14.517906381409347
29	12.010642360735956
30	11.592842359304017
31	14.71549501985852
32	9.318206148657058
33	14.16351355969406
34	11.160604549571538
35	13.90906149912806
36	13.593903182578586
37	10.909660576628692
38	12.585094948098204
39	10.583776789251134
40	13.561637127025211
41	15.281394545238244
42	13.436930837632428
43	13.861688468972119
44	15.089601216568864
45	11.990317699071015
46	11.155003227175968
47	10.042894296909914
48	12.528062914661923
49	12.802265489922778
50	15.097571059772314
51	13.334095219820723
52	14.011475665674677
53	12.688163539469304
54	10.156679296330328
55	14.16239698617338
56	15.010611413621444
57	14.268553214278596
58	13.12415015513304
59	13.074393710438263
60	13.33635858428122
61	15.79565051069419
62	9.460974939938877
63	15.431787104147684
64	10.927618088301907
65	13.833417237941779
66	10.240400158285858
67	15.066427811298096
68	10.739747412191551
69	13.1562723719631
70	10.211396266824867
71	12.720834526650947
72	11.712714977624644
73	10.96734000455266
74	10.616026193606142
75	11.718950140304457
76	8.349910059379443
77	10.96048491672887
78	10.735030145801375
79	11.713908405397268
80	11.304146162882283
81	11.778885836345077
82	10.49386786024611
83	12.013126596372558
84	13.385222753662564
85	6.87564051538256
86	13.715357913708353
87	12.830961118663176
88	13.652366848708276
89	12.350794302883868
90	14.714674090389519
91	8.991270398347755
92	14.055790506266991
93	10.73904856116432
94	13.824264129659381
95	13.29402660050731
96	14.468180701675342
97	10.909176186235198
98	14.185733706805282
99	12.264526158672657
100	10.384658647691143
101	16.991724852045582
102	9.585059093552665
103	14.346400537167069
104	10.5596725086971
105	8.677064726963195
106	10.80984499479924
107	11.225017810858269
108	14.517769014610959
109	15.292878013163053
110	9.288604585032212
111	10.125792326404492
112	5.7304171219352575
113	5.036645851345092
114	10.529397689005188
115	10.498267416031291
116	8.02112422046021
117	10.729276688773526
118	7.926492195919895
119	11.17175278187189
120	9.451758218751545
121	10.593313729891483
122	12.583252769968901
123	10.235471994475317
124	9.836393496071715
125	10.008476212558195
126	11.860484849763823
127	12.20986142263391
128	11.109134576977386
129	11.82160510638075
130	9.030171231838297
131	12.430285410025816
132	9.568598617212508
133	10.595662249041496
134	12.871165461825846
135	12.610861543276378
136	7.8470077305733
137	12.369137272075555
138	12.266459806286818
139	9.256541616284032
140	12.241786923488538
141	11.243634441385032
142	10.750948320956136
143	10.420831204924871
144	12.756254492700338
145	9.987136351221709
146	11.333778985343463
147	11.571463772485975
148	10.859420013055498
149	12.050519211195493
