0	1.508257767487095
1	8.478943619594942
2	2.0007591189954366
3	4.487411694802423
4	3.4945159751528823
5	1.507811070072544
6	4.985543510447393
7	4.983085126281994
8	4.48780892773868
9	2.0079648038433233
10	2.4968039945873532
11	6.490112135815479
12	2.9906159804107224
13	5.976705649947719
14	9.451830690518666
15	8.976251478337138
16	6.9541181151360085
17	8.955099631836235
18	8.95518389021867
19	2.5062204345295718
20	1.5057121057083633
21	8.955943549200438
22	8.458796086007778
23	8.953918305268958
24	11.437304310002062
25	10.447865229634708
26	4.983174329449123
27	7.466545718460254
28	8.477187474634228
29	4.486577527487131
30	9.432569647667481
31	9.452455934647991
32	7.481803221375092
33	11.908811387564269
34	9.451919910634032
35	8.955521569423189
36	7.465363958814202
37	5.975777217343462
38	24.41699918265937
39	25.957935982674336
40	22.818350670412215
41	18.78632826038046
42	23.473404464577847
43	26.628129033768886
44	22.73981569373186
45	26.593075736312343
46	24.913808148153837
47	21.967322775653738
48	1.0118745278387475
49	8.481339124603256
50	6.953475917155307
51	4.983442293217875
52	21.687591597561486
53	2.9931115271396553
54	8.45966971405949
55	8.9556058362306
56	6.969313091718272
57	24.731843045187407
58	27.320024147833063
59	2.0089228708170546
60	4.974034578688486
61	6.472964792543104
62	5.479810866323837
63	5.977142309557015
64	3.9906806364431784
65	3.494009456089955
66	4.486895292377467
67	4.4962102356131055
68	5.469111142223147
69	5.976596190776881
70	6.472369169511998
71	2.5009847000840457
72	24.04728245706666
73	27.178628632097897
74	22.061531790059345
75	27.272544287412362
76	1.010670238606929
77	2.5016401215086748
78	3.991063138246366
79	2.0082341429032082
80	3.487352191318394
81	2.5013025158315325
82	6.984774659620268
83	2.49597393915511
84	6.473977447480791
85	4.487093847277338
86	1.5104473559129956
87	3.4872335543935247
88	4.4880869196411854
89	1.5100286102991887
90	1.0103540290984032
91	2.5029324007677634
92	21.26269287035725
93	19.752283193421988
94	21.972638086156294
95	1.013229490106903
96	22.578744308868778
97	1.5083074171310797
98	2.5014414812106334
99	27.5060105122721
100	21.252135135147398
101	3.4960363442001694
102	2.5012030765069517
103	4.995403826057209
104	5.467134662004251
105	4.993428418346004
106	3.487589493585039
107	3.4942180802405662
108	5.976705649947719
109	1.510626936876348
110	18.829554776859606
111	4.985946061206151
112	4.983442293217875
113	8.459590393012865
114	6.969119796935651
115	6.96970067783058
116	8.955353040856073
117	10.941159551450214
118	7.962844419289898
119	10.96655479545113
120	10.421407430549477
121	16.40219938459516
122	12.419863425634693
123	5.981679885014689
124	9.948685761479164
125	15.402714399045621
126	13.926566398297274
127	12.431292300859669
128	9.948119289468869
129	14.91409217457111
130	19.429424342951112
131	13.886700969663117
132	21.394227511952764
133	20.34796191838679
134	21.426470941982576
135	19.861609677140827
136	11.91301905358967
137	29.391209149907308
138	23.78452973907728
139	19.88018419710437
140	23.352519186076435
141	12.43141127290865
142	5.975941155101997
143	14.41827488413934
144	2.9976460282703297
145	30.800974346162782
146	20.870816632758313
147	26.333877039864902
148	25.315060348888757
149	22.932270513083097
