0	13.295433617365731
1	20.443583516065473
2	15.961676638950157
3	14.836281832871546
4	20.176239817551874
5	16.226342011835037
6	15.476616247082632
7	18.146383446494944
8	19.001299771383493
9	14.132143551529584
10	12.969009550605625
11	14.63295599938057
12	20.59118405742157
13	12.706519810170622
14	16.00078474972994
15	21.208129233692816
16	11.101048462089016
17	17.022645900791424
18	16.439597762926823
19	15.363366314449115
20	17.129730964507942
21	13.77434514477213
22	15.054872352271795
23	14.088341086151349
24	18.308309723702912
25	17.296531417738954
26	17.448828629652255
27	16.178855814319682
28	19.443054368618213
29	12.117964918314923
30	16.061535926488787
31	20.898877545010507
32	16.01154018679881
33	13.982374997712075
34	14.570048958516912
35	17.66454295906445
36	17.79843236737834
37	20.739689998756766
38	17.02838273643892
39	13.66322570691663
40	17.401990104158074
41	11.621374101657164
42	15.701906570718483
43	21.142379393720788
44	13.71243257670806
45	15.222965980454136
46	16.850677370534363
47	17.880313380775227
48	17.28803686772649
49	5.281368200263637
50	20.64414036451329
51	10.520129404277098
52	11.688835457090631
53	14.088610689969105
54	9.923107754651664
55	14.306387941081951
56	15.051122798567809
57	7.412389936977147
58	11.638629501185159
59	9.549473743042363
60	10.614406071710103
61	8.26981674274824
62	8.86298524254063
63	13.713086199570535
64	10.348564676477624
65	11.160127591001645
66	10.355851832258269
67	9.220633401901452
68	11.216197982514116
69	11.633128130372373
70	10.829485613663635
71	12.109929530095735
72	12.44218147629922
73	13.021285974874534
74	11.577663444443285
75	9.869547129156464
76	11.528861676151706
77	14.40974574743837
78	12.221532229465398
79	15.326009764610056
80	10.45323895444888
81	12.756777650839302
82	9.709512033502802
83	11.63103919904159
84	10.782708034641024
85	9.81690640946287
86	13.560190247651832
87	13.39397011711522
88	10.776723456152231
89	16.28677873328192
90	11.348844165956573
91	9.829775819400531
92	7.951476637159664
93	12.89379724906358
94	11.967154645039846
95	10.30186407285434
96	10.560944608326377
97	14.31295423713361
98	10.873542906570245
99	17.742213897290334
100	10.72566939904456
101	12.540808086910122
102	10.880501006082511
103	12.18222819903321
104	15.950341162960816
105	15.687145839316193
106	11.415596168670673
107	11.798867303360788
108	14.616167907551636
109	10.834073597030418
110	12.491570560377603
111	14.034020038045883
112	14.933903027187382
113	13.29885464886189
114	4.9030062032493005
115	15.593855764078432
116	10.517261726676304
117	4.852866532502293
118	13.286952265443599
119	14.570467367769854
120	15.10031886893525
121	14.517909853647119
122	14.618683657763075
123	12.961489667110298
124	14.957805481924662
125	15.530745688758158
126	12.060786450026196
127	15.634071087280022
128	17.83311442276314
129	15.841642478062326
130	16.01800182618603
131	17.022809475635903
132	16.817223736774892
133	13.65281067189101
134	18.205743009413702
135	15.317195696830325
136	15.425893594169207
137	13.288977023882365
138	16.064312598649153
139	13.405972471633824
140	14.550290899466123
141	15.593855764078432
142	13.37244707625984
143	17.321900259593193
144	19.428597310312426
145	18.945165113052518
146	17.088854886148233
147	19.360976032586557
148	21.253311042647915
149	21.24032341909883
