0	15.906923739615369
1	15.965895358730743
2	13.194880673146402
3	17.078130629707747
4	13.549773454347044
5	17.538627083756477
6	15.750914294082031
7	15.622077404665768
8	15.202317825964421
9	15.290343893311672
10	17.239729056850777
11	19.168929137971038
12	13.22666984890643
13	17.059253871493517
14	15.304695992663284
15	17.396144816193942
16	15.943841607817419
17	16.198916212942557
18	17.31878139101897
19	20.191835211672846
20	13.913566024748526
21	14.081765047134924
22	17.882947837902247
23	19.61313862954008
24	16.641303601355492
25	16.99643473375257
26	20.700103989801224
27	12.728513962967492
28	21.643988380886682
29	15.869870266812125
30	21.506332702167473
31	19.11905700558142
32	22.072059532908717
33	21.967464481526115
34	21.02450255101803
35	12.389044022679771
36	18.823703928626347
37	16.030509677046386
38	15.868652059702297
39	15.788258991923113
40	13.791459340562078
41	16.93478460688265
42	15.787805468357995
43	16.267468421504248
44	10.45130236487642
45	14.043734054546395
46	13.54215454620501
47	9.159131954161708
48	15.467560775416228
49	12.645922015110022
50	13.003908406873485
51	12.211546257004851
52	14.662170733234461
53	12.887168804909237
54	14.822427136695833
55	14.338038000631649
56	17.240061673527723
57	11.598821261779145
58	15.17994330042919
59	17.036168003490516
60	17.044318955815946
61	13.41402069300865
62	16.273249013568627
63	16.514592677090352
64	14.77720897233129
65	19.89933004433027
66	15.90737957737351
67	16.560111412962613
68	19.0955876317607
69	11.108276460252638
70	16.79674389938104
71	13.241045784485284
72	16.026203099501913
73	11.897006868003187
74	17.963495305862875
75	16.7995463202327
76	19.815128699843598
77	17.39363342355585
78	19.528746103220985
79	20.86178827324218
80	16.93396935981081
81	15.771318834014933
82	24.390859264319115
83	14.699014010064964
84	19.463971359497428
85	17.84133297731984
86	19.14128414564276
87	20.966586044521343
88	17.879156113880263
89	15.550350602041835
90	23.016947525777105
91	21.208364499456525
92	21.097687598906905
93	15.955013439733044
94	19.787223327279882
95	15.144043343624402
96	20.96699067223542
97	20.86381123374059
98	15.385976331122693
99	12.760377641599339
100	15.618185526683945
101	14.470230549548265
102	16.593709486476083
103	18.415099880454278
104	15.118282863714557
105	12.473374794001822
106	12.969675334934728
107	11.438826321337073
108	13.693957436077293
109	11.600135967929452
110	11.760895548410623
111	13.853989027269359
112	11.760895548410623
113	13.856631593067384
114	14.821009731084185
115	1.5341215336667768
116	10.285938471674129
117	8.538731144632235
118	9.854169177361355
119	7.312096406262008
120	9.828017005548785
121	7.572941100158913
122	7.591905043466609
123	9.180492340800722
124	9.404180114477283
125	8.29779915058719
126	10.79436460457729
127	2.8200276632582417
128	13.972371076621368
129	7.073132514450864
130	8.70021422627173
131	7.170069460222687
132	7.812650721971996
133	8.379119872626896
134	8.861795484790868
135	8.63925356713938
136	7.074094199693457
137	8.134756835574008
138	7.0100577473254875
139	6.767458378550582
140	5.639532904132835
141	7.975609278744666
142	6.12323667278743
143	8.05504547178478
144	5.880799007484165
145	6.203731870500654
146	8.05608276176404
147	8.545761475387234
148	6.600704298952467
149	8.539836216505549
