0	24.350524971969776
1	0.9963511950455588
2	23.45699083435368
3	18.590851770214567
4	2.282993724501207
5	6.964068015125222
6	7.405172640670207
7	9.113789439461552
8	10.851835503961652
9	11.008645051966617
10	11.677428758737229
11	12.564790778053862
12	12.285286229059572
13	12.96160152038565
14	8.687263869078546
15	10.182821686971604
16	14.241305823260433
17	8.046132642625286
18	12.959165245643266
19	13.38678917543665
20	12.960261221810033
21	11.676992898431699
22	9.11470566335505
23	23.66877955365256
24	21.6391871540272
25	0.9963854061628687
26	2.7056194792860557
27	3.773028397183643
28	11.465835622503278
29	12.318989749923738
30	1.6367838525551055
31	0.9963939606539165
32	1.850825093946128
33	3.3462697518446065
34	25.012282938606727
35	23.914334939273044
36	1.424506005036251
37	5.268970600701116
38	11.678083020485527
39	11.677319993309816
40	12.746021127830165
41	15.31061413651188
42	13.599649618781747
43	4.626455952380273
44	3.988580750510601
45	4.412694582228934
46	1.2111523866412375
47	2.2745370166897585
48	4.2004276057981755
49	10.202604538102946
50	7.390833188529957
51	11.465088158171103
52	9.32834763882477
53	11.250183263101885
54	10.39636554454722
55	12.105127243484045
56	12.959896479361948
57	14.45425150319593
58	14.883180835079841
59	12.746021127830165
60	16.593282163694063
61	15.309306603761542
62	17.44624358542943
63	15.7347660148614
64	13.387797818154766
65	11.67655788455977
66	13.601444075750003
67	14.027941134380765
68	13.173036312037187
69	16.591701279511817
70	14.880783697928116
71	5.90961456766007
72	15.310904250184322
73	8.062439453215777
74	7.177283417494739
75	9.114372298414136
76	11.891829510582312
77	11.272420523354182
78	11.868548235805584
79	14.881769976002317
80	11.27063440216929
81	10.804298653026212
82	6.764464761459236
83	4.4132026051815885
84	0.9963682992350019
85	6.12339766893454
86	3.986401185136002
87	23.09045247267114
88	5.272248061774995
89	3.771384860624424
90	4.2033005756466455
91	4.637592137285581
92	6.9619719535878515
93	5.4827920803697925
94	6.978038021906901
95	19.41537843935437
96	2.0650462809636108
97	6.337415856265348
98	6.122917035289439
99	6.124038781060367
100	9.968630874450653
101	4.627993535242929
102	10.204586981679515
103	5.471538319630671
104	10.39636554454722
105	11.250288545179998
106	8.900008278448468
107	10.397230910098308
108	13.814177601740369
109	11.250706574921367
110	16.16381472045128
111	8.046278220335658
112	12.959652422612209
113	15.306401216866767
114	16.20050865411223
115	13.995965317066684
116	16.16827609739849
117	15.309741700285105
118	21.717697906167842
119	15.309451633040151
120	12.746140568476427
121	17.70065172222871
122	19.53702522227313
123	20.275943212331775
124	23.153777238978247
125	19.79490336947467
126	25.137853823584134
127	20.009485150419522
128	17.445076602690108
129	22.572843139542258
130	23.426453827232635
131	22.146439563394356
132	23.428039726852735
133	26.910483570283574
134	22.307340793981453
135	22.786911668060412
136	20.864010329547682
137	23.90966011210708
138	28.487968146068162
139	20.43714165614108
140	18.299733941085076
141	14.88303900103752
142	25.557458589440802
143	28.98735813465257
144	26.846989627341905
145	21.346384671492537
146	23.79272095021274
147	28.3405553832801
148	33.98849571519392
149	20.382651922578603
