0	11.157634160371913
1	11.860218163310844
2	12.254790742290268
3	12.476389037438661
4	16.235886280918614
5	13.700415379712961
6	11.038440126869784
7	17.7220204636673
8	12.920035097501334
9	13.96800862487174
10	15.15157310954704
11	11.576331584373477
12	17.10345676425271
13	10.908795601446037
14	12.31502995431244
15	11.184691043124591
16	9.639301774001773
17	14.390556961303457
18	14.23487213909566
19	16.036185949391847
20	16.125623667401136
21	14.405026018567632
22	14.216970864079723
23	15.542392284261663
24	14.068126487048293
25	12.884698508235658
26	14.30263805508455
27	12.768308979844004
28	14.476856194625249
29	15.386704027658471
30	13.607977452124615
31	18.32373448921977
32	14.731057470259909
33	5.962724568373535
34	13.703276936092017
35	13.476855276155597
36	10.994000800304136
37	11.732905961775892
38	9.546087695382614
39	11.540780226301713
40	16.491218802507703
41	17.04742446907184
42	14.069601417276562
43	14.27398134387305
44	17.263226303668468
45	13.032494039917399
46	20.42767154892939
47	16.189495147759406
48	18.868933151645955
49	13.902771596885298
50	18.297557970665604
51	14.561599178369931
52	9.951913891083635
53	13.124195445833863
54	16.28764021049052
55	14.972012640584495
56	17.50558974437751
57	18.503593252094376
58	14.922867212387548
59	10.435206644719553
60	14.715855867991053
61	9.371384963091707
62	7.31751606198181
63	10.802755312404404
64	14.273028734192383
65	14.021391250240594
66	10.185682991952525
67	14.475608945485664
68	14.92628994477911
69	13.134682970082814
70	12.62539772620477
71	15.303776747669033
72	6.1372702885795185
73	14.109806647111224
74	10.95103154012125
75	6.891416291613305
76	9.350944541022336
77	4.2713117806977685
78	8.85016194948998
79	7.812846531886231
80	8.200791320398281
81	7.530867809610909
82	9.540082832488078
83	8.182364250919248
84	7.875973416029543
85	8.043770627017622
86	9.182165237043211
87	9.252257954002314
88	8.572548932652484
89	7.916182871118621
90	9.327972195110291
91	11.554529731936828
92	4.635176955288095
93	10.704998023764876
94	5.566636790908391
95	7.301334922038405
96	7.317249004209663
97	5.403840932670053
98	8.630854044003575
99	5.158893014847883
100	9.126526922283155
101	5.730995855459074
102	5.74306791460422
103	9.679677566449719
104	5.578758314137856
105	6.662315787614703
106	8.182664444137856
107	7.629300167068431
108	7.73572372790654
109	9.345992708905516
110	5.565070711211944
111	7.629927598638071
112	8.695482986335097
113	5.716580223323433
114	9.367996861820217
115	10.498887189062721
116	10.236109409269304
117	7.285166234525237
118	7.525102453872919
119	11.156374683495095
120	8.14199702549083
121	10.45857240366858
122	8.20343072834803
123	9.925706151737995
124	11.513413127058627
125	11.453338357374061
126	10.034436961326591
127	4.4286548882532815
128	10.182687485490469
129	6.354817075391478
130	7.420899281429669
131	8.536034680177703
132	6.972921370001414
133	8.100362257232714
134	7.19689059945869
135	6.751219042170776
136	7.564487580745939
137	7.461678571880076
138	9.194961890118456
139	8.363518713981088
140	12.073617414624291
141	8.735760375052628
142	9.469543776526478
143	11.109372408640485
144	10.595262625064851
145	12.713307105633245
146	8.94142642172357
147	7.793815659935983
148	10.85288942740424
149	8.082496293227381
