0	2.8621724961329784
1	5.071864347312374
2	5.827889227526837
3	5.427501469190309
4	4.800168126277065
5	8.025333085951404
6	4.86353898183366
7	7.667363847660548
8	9.267738951727386
9	8.853970918593935
10	9.763701651859469
11	12.205014396506758
12	9.747640471882509
13	14.188619438983814
14	10.16487987219578
15	14.566551972036343
16	15.335517498694387
17	17.5794372415963
18	14.826286470365128
19	13.598335739399179
20	15.143461738959067
21	17.72678398607277
22	8.524094803153682
23	19.81625193125997
24	8.169379683258281
25	13.04957325995366
26	11.811399515714776
27	11.361496363782951
28	12.258925344370724
29	13.912471082752855
30	9.584847284134844
31	12.913385888118555
32	16.463834264795338
33	9.24247769311722
34	15.799349481559483
35	14.69507362175271
36	14.745369362255767
37	13.393319451348214
38	15.038098474648574
39	16.93136989515188
40	7.202704795506678
41	15.149217561448255
42	10.479437511097098
43	12.982416999232186
44	13.493718842266313
45	15.213814140511296
46	10.710208392561729
47	18.19065629214254
48	15.244780240098649
49	15.763710972300672
50	17.077897095261395
51	17.272438333769525
52	17.499354483507904
53	14.085941157134531
54	16.55244865148048
55	13.460542912728611
56	19.99506276968202
57	14.656810239795266
58	18.006959295843664
59	19.17054099506735
60	13.35634827162314
61	17.81663206541771
62	9.782046238095493
63	16.133679718681513
64	16.620078447744998
65	14.699888410702723
66	16.150380271066513
67	17.12992781235349
68	16.049879009704753
69	16.51187286338948
70	16.325900964807833
71	21.36238202308423
72	16.357891060090267
73	15.00309447524642
74	16.662969283766078
75	20.15595695229544
76	12.212127905179493
77	19.185781250086016
78	16.839043610289597
79	11.467094307081153
80	14.334310460922984
81	18.353958604259407
82	20.740375019273312
83	15.455800338961039
84	17.061343557410865
85	19.23819398988162
86	13.563053502085044
87	14.77364669667171
88	18.208222870428145
89	14.660753971084606
90	16.052368544279105
91	19.389823177048356
92	21.97794087993468
93	12.811078449390786
94	20.209839740449144
95	11.943355079862169
96	16.114469977641384
97	23.722803773690053
98	15.285335564351982
99	21.388182561934634
100	21.565889162568702
101	16.008287627931775
102	18.772312533490194
103	23.55793226422897
104	21.31420256260146
105	14.248841836621883
106	7.957482074713413
107	11.089516736816536
108	19.85693821188664
109	16.30644443657043
110	12.942428565049413
111	17.13588870708109
112	14.49189226682618
113	12.854157196209428
114	11.953743341159363
115	10.115923124832277
116	10.685741731680281
117	4.109799774203386
118	15.641385390670598
119	15.202107973221022
120	16.553249357034883
121	10.94869611124492
122	12.739074406675755
123	12.533577168318775
124	12.637408065769627
125	14.011613672245907
126	14.593011368546899
127	13.635675896760608
128	15.31116586157197
129	14.87336872243643
130	14.012826878188466
131	8.43975611062274
132	12.775453264943547
133	13.568149500394703
134	6.704136096312894
135	20.757825182426807
136	13.805567296855306
137	12.155383280054183
138	9.980021898912929
139	13.220877935906657
140	11.912719825992212
141	13.76784686291025
142	5.4846296234038086
143	14.049866183435705
144	8.07665537792734
145	6.806238338808567
146	11.16659703188497
147	7.840364749122394
148	9.999808743787902
149	10.161411939729073
