0	0.6045400239321699
1	0.6832308131138299
2	1.3127681846645682
3	0.8406187001372745
4	0.6045392325011628
5	1.0767044417906568
6	0.8406061067086401
7	1.0766603647936677
8	0.6835999393256433
9	1.075390993481152
10	0.8406123915712682
11	0.8406375804422443
12	0.8406123915712682
13	0.9201857085595124
14	1.0753526400503994
15	1.1554416892257575
16	0.6045439578736277
17	1.312783898078476
18	0.7618987864354337
19	0.7618681044779119
20	0.8405777810398438
21	0.9993228443855093
22	0.9183760505533914
23	1.234062409636505
24	1.1553598362982016
25	1.312713075411805
26	1.5488735683912647
27	1.6274573547288957
28	1.5488633543662949
29	1.8636092499464105
30	3.201178751314348
31	1.6275675061814328
32	2.9653157360584825
33	2.414393609056093
34	2.728996184403632
35	3.2801679048468912
36	2.7290623323387124
37	3.6736415516651495
38	3.437411579162105
39	2.414299200130577
40	3.8307995330088542
41	3.98869732194458
42	3.830535097467641
43	3.9095225324801155
44	3.988420469119757
45	4.617568856987453
46	6.033877265168163
47	3.8307995330088542
48	4.775240163658686
49	5.40482780706734
50	5.325654718939972
51	5.32570263670471
52	5.573824883267462
53	6.178587814216509
54	5.8918510061386264
55	6.175825933432313
56	5.640907263355159
57	5.640293358315363
58	6.506651808756614
59	6.191305964629136
60	5.247347222392015
61	5.257852354404283
62	7.057449213703036
63	7.356172993679308
64	8.709531048846141
65	5.404437410808295
66	7.76540498760444
67	8.709858484528691
68	8.080546396029652
69	5.876719200940619
70	6.978239415792552
71	8.574931508706818
72	7.117225205608179
73	8.395167586713049
74	7.922269100580782
75	6.821304544794256
76	8.259048494325366
77	6.803162357529971
78	6.900125455574872
79	9.575293140225783
80	9.678880945921744
81	5.2449404758727
82	9.02828387594803
83	8.216477576687403
84	11.227051040850906
85	8.867243217363495
86	9.654440983302687
87	12.013329620227005
88	11.228549290106711
89	11.384964460756912
90	10.755552846815236
91	8.395010452573972
92	13.116756712469435
93	12.171972911850089
94	12.515027930608515
95	13.557377771427676
96	13.588523391690496
97	14.846860056658391
98	9.968369994690017
99	18.074600504326582
100	14.49295148676717
101	14.807872171021092
102	9.81108740001114
103	13.116378656224056
104	19.46391264306666
105	15.633124198498871
106	18.383304954031644
107	17.6852502669678
108	22.009513493396014
109	15.592898554355909
110	25.380212401672594
111	10.916985789776072
112	29.327833608320628
113	31.51983196492271
114	33.816509483819765
115	35.24527934347309
116	35.779325958613015
117	34.36510558751598
118	38.75161032877481
119	41.47406912877592
120	30.209793963087787
121	35.12800192126529
122	33.948195045122745
123	36.31262757158038
124	42.93335657453482
125	28.933512357117685
126	38.397035500038704
127	50.657401910951116
128	48.83716643173853
129	43.25794372823882
130	42.70411541212075
131	57.33378778481718
132	53.905968118820304
133	43.196669868170495
134	9.59879270123224
135	58.82869486537582
136	36.91183036189868
137	37.38667016962987
138	27.53056743244502
139	45.77177759182487
140	37.17010958712925
141	26.500553578630253
142	29.864545804883626
143	30.51885005343904
144	29.801523392257167
145	36.24861481901828
146	41.28809120797542
147	38.62019547717816
148	21.91285147338852
149	41.06579910713028
