0	29.8317212261186
1	29.608094326579256
2	27.932628684473734
3	0.8953384214888549
4	16.328906388646075
5	8.106145284164706
6	4.170519548150839
7	28.422344550020206
8	17.27828396340849
9	18.86840410165064
10	9.760958855858515
11	7.758116400805078
12	28.404491603120753
13	1.5516481211631348
14	25.1419879978131
15	21.331643409950523
16	4.824834460143936
17	10.376602820982775
18	7.466947553890416
19	14.327904522842218
20	11.376228492493832
21	14.327216600016074
22	5.810524585459148
23	1.2232094146891144
24	15.635655004433138
25	7.433144196380018
26	6.805467675664837
27	23.192003645945505
28	9.39301630203228
29	13.04439260654
30	6.792555594576882
31	13.32349866527599
32	8.74649532085955
33	26.872769177584264
34	8.425085043856017
35	3.1858539057981394
36	26.086454006068656
37	1.2235568034727269
38	3.509965250864683
39	2.8645459759559575
40	30.66369587595672
41	0.8960396878118937
42	27.28998749232364
43	21.615325531058563
44	2.2065482342225247
45	4.50049420882882
46	3.185435681587302
47	2.207171281232439
48	25.74546947314654
49	3.186455471313554
50	27.61415464781642
51	21.474889453684643
52	24.356871069995254
53	23.64637057201011
54	31.18560315845205
55	22.97280976050309
56	0.8946954929589399
57	1.224496002988781
58	2.859817945082874
59	26.791753453247953
60	30.00862350386104
61	23.07059338720942
62	1.5516382194711205
63	1.877040251503735
64	21.944795194666412
65	1.5509889571790012
66	2.5315778194440224
67	2.535607268859163
68	1.5507235768938907
69	28.616978573660194
70	21.298597046810897
71	31.36762319263653
72	0.8958427655960259
73	2.529813965987258
74	2.5388031514976124
75	1.8778907528934101
76	25.4404775756061
77	1.8790308729633436
78	1.2226660922349968
79	26.592312820949132
80	3.188969367118742
81	2.85599937321206
82	2.2103101990685854
83	21.15780324671976
84	2.5289136964797843
85	25.242250826924565
86	1.881830546588284
87	2.2035868217024026
88	1.5528407142651652
89	1.5506449569494478
90	30.666359347578254
91	23.904924981813167
92	0.8960167140028624
93	1.2215430007890613
94	21.391562540017144
95	1.8766219382303448
96	3.843152720065218
97	2.5378946146044568
98	4.488376220291076
99	4.507390449803505
100	5.812780131842161
101	5.7978136653403975
102	7.133885033894025
103	3.8374652629933976
104	4.168647844299356
105	4.833446791736337
106	8.441608953383057
107	2.2038808500683595
108	5.480117906836849
109	5.805286206196799
110	1.8807644244164932
111	24.06239883169831
112	1.5538681145280209
113	4.165664225046149
114	5.806699560048731
115	7.1303336785574745
116	6.455353112542048
117	5.818717288933397
118	7.777536509415351
119	6.4639476464374095
120	8.101020903291152
121	6.140241759184138
122	1.8785457597026716
123	4.8264943697816225
124	6.449539422101693
125	7.441718345207861
126	7.792206588319862
127	8.092820468149183
128	8.43569924938117
129	10.715504978953968
130	9.104150579182491
131	13.637904349310084
132	16.286524842652852
133	14.675130404800973
134	14.309489691343181
135	6.483169163375369
136	17.224805462111465
137	12.684736535727254
138	11.066235752289781
139	11.389211064971231
140	13.679229271503397
141	16.631335724681254
142	11.697517385163225
143	16.29265576882181
144	14.307431648424155
145	10.402416693749007
146	13.032399869505303
147	13.633473925508929
148	19.618529879540155
149	17.90134209409389
