0	20.73467302202905
1	17.060551042050275
2	22.648750146848847
3	23.31688080561337
4	21.148508674829795
5	19.39545261692817
6	29.31159158969946
7	17.956599914861336
8	17.25498010884812
9	20.973993140774272
10	17.943855092896992
11	17.15102228319834
12	18.264382108377262
13	19.781681146794583
14	18.81852470464411
15	21.135029322124463
16	17.21992981286495
17	30.347949471898833
18	22.31535179598347
19	17.055321869779426
20	21.140133528876085
21	16.529138694865363
22	15.476934340667425
23	20.225364763377392
24	18.234320829349482
25	17.777426833257415
26	19.38014678702308
27	19.609943932046825
28	25.899471464653562
29	14.97591266346789
30	19.53191744604134
31	18.76345565904526
32	14.848113015381916
33	12.973943821800614
34	17.228181955472795
35	17.478067707955933
36	15.762560219244039
37	16.774156433012735
38	18.768317315907904
39	18.528275390779726
40	19.677288136120204
41	12.922281309869911
42	9.224274868297481
43	14.8874048161551
44	7.721695189343789
45	9.969288988235924
46	7.9712574005378825
47	8.807329453454509
48	7.216825893831476
49	6.714720228400945
50	7.22346330172416
51	1.297144155671813
52	30.642432116912282
53	8.60673163968109
54	6.243863983013378
55	11.221629445981096
56	17.896468492645358
57	6.134368723725467
58	9.637713951424677
59	5.468246357174345
60	5.549919761636429
61	7.4680289049465225
62	0.8804258993510936
63	10.224576003435843
64	3.9678624179715856
65	5.800174276209637
66	5.967366554632784
67	6.386541734225568
68	6.383082690761548
69	6.7219251553879555
70	6.215398982145884
71	7.055973275498445
72	6.885364426646262
73	5.802361768980942
74	4.883970588064512
75	4.216926300545705
76	7.635773075615931
77	5.38338450784098
78	5.050827880404714
79	6.4682403703277584
80	6.802997871773522
81	4.466748787168644
82	6.120366707537762
83	4.47709794779668
84	6.051612964175442
85	6.63344241119088
86	4.384667688546661
87	6.5507064448198795
88	5.719490893962857
89	6.635040702514476
90	6.468642968416801
91	4.883345206998454
92	8.22129498737909
93	7.53430076901533
94	8.407832276281125
95	5.5380546012041085
96	10.582182260566775
97	10.362961386844189
98	9.077228972309635
99	9.197963746341955
100	11.722010423890383
101	8.220319435783745
102	9.411685895870013
103	9.554753267624402
104	11.361062176265406
105	8.241020246530105
106	7.200873122890321
107	8.386827772901343
108	8.656659804474433
109	6.136646059302592
110	6.536211640787158
111	6.385180344058939
112	3.215909050604777
113	10.555537009982123
114	13.402761640511832
115	16.423177417409835
116	16.01794047778532
117	14.058856511481961
118	16.528286137980267
119	12.506219357159784
120	12.688586780588977
121	8.553165675893386
122	7.873585679338526
123	11.694123283178033
124	10.899245110914281
125	13.092998188945733
126	11.360956159836684
127	11.536170637734022
128	11.560205628658997
129	12.157072883360373
130	7.472962186075693
131	12.397479283329334
132	7.7064468192079065
133	11.839894472789352
134	13.38196657468314
135	11.472250335929253
136	8.047123790931083
137	14.436951099811582
138	7.882817176912259
139	13.140377715016736
140	7.1034310691367635
141	10.104875031326616
142	7.367279452872482
143	9.89306277253039
144	8.715483765293746
145	9.576467873155675
146	12.557281030340649
147	6.03638997491447
148	9.47625408009456
149	9.49012859624619
