0	14.082929283937796
1	23.180365661015465
2	21.581143930509658
3	25.99933909616952
4	17.051153489796874
5	24.995609652605122
6	22.804392601091404
7	25.207752438312014
8	21.372936744897807
9	21.93901127233644
10	23.63595966557065
11	26.809690047970804
12	18.84931004549556
13	19.02812399327838
14	24.17784775277827
15	17.048208600087197
16	20.035199704058407
17	21.594933241884647
18	22.692232551282448
19	17.75985721529039
20	26.286192976825145
21	19.89292391208873
22	16.777132699893336
23	16.261526919112296
24	14.515228127164981
25	17.974089656106123
26	17.490089911216756
27	16.035598029618033
28	15.58444342566939
29	16.48782672220162
30	15.20048332011774
31	12.177521561382834
32	14.549437635081377
33	12.04156184297409
34	16.159257242579272
35	18.023746789912252
36	17.100555036386393
37	6.475209919481461
38	24.061520007452184
39	9.76019831177976
40	13.522004747975895
41	15.415215366436376
42	13.348366871498204
43	13.786426381869413
44	12.598165141497661
45	15.890967824486511
46	14.624005670605436
47	16.106054829758143
48	16.000985442505076
49	14.424514767792171
50	15.181603311088427
51	13.49524795554979
52	14.035829240272127
53	17.16641136640546
54	15.879563693671228
55	15.018856602218744
56	13.530092546906104
57	13.843133077913201
58	17.673715590256556
59	15.222036331288594
60	18.376209644452445
61	16.044660063284468
62	18.407727909018778
63	16.200618667951037
64	12.825403506902376
65	19.8430971302568
66	18.6972546960344
67	19.41258282383154
68	19.712694458494152
69	18.23367791499394
70	18.441358520041824
71	21.133628177495925
72	17.59627009238883
73	18.695274315839345
74	22.128564023212554
75	17.487887719596056
76	21.44100020491679
77	21.35234037072588
78	18.985996875578227
79	14.414467886661813
80	18.340740823973405
81	14.315122863402575
82	12.46014350426179
83	8.204087600832162
84	15.159735752723897
85	12.495557907469513
86	18.35816043188759
87	15.907348815459109
88	16.324986738924384
89	13.846686873602113
90	14.074892474228417
91	15.525899551869081
92	17.168355804074505
93	18.07959973684352
94	15.564629241061155
95	19.803040866669857
96	16.618351820260234
97	13.020299079991057
98	18.928553782329264
99	17.16624726587196
100	17.580804128673904
101	20.332650045737424
102	19.249733552104537
103	16.568439673939153
104	17.669810772279906
105	20.09955984318164
106	20.159316796735943
107	19.39741845941865
108	15.08652786486038
109	15.171893031701106
110	14.693492426357137
111	17.833211087140263
112	5.693053376741117
113	3.974408635954342
114	15.802600072346609
115	14.194391504622843
116	10.448340456356283
117	11.023252715025622
118	10.816958210951702
119	9.511291267191854
120	13.96208482756213
121	10.937036599350423
122	13.34520840582609
123	6.8076655437413915
124	4.904546804331249
125	12.310011663619177
126	9.120143118932242
127	5.384019414068878
128	3.034268500861141
129	8.596199063381505
130	11.127995920114905
131	8.498097443894704
132	9.957706061209189
133	8.023141994112589
134	4.6112761777460065
135	7.949127677765035
136	7.593150868686479
137	9.672264914180987
138	6.721723240741094
139	7.429177090072864
140	9.828480027066501
141	6.166972192906562
142	8.752298170265183
143	8.30000662847617
144	10.558648526449334
145	7.08963380486848
146	9.794046993132307
147	8.048684349024091
148	6.699206283889336
149	8.750282010580918
