0	15.813422793511188
1	14.175500525206303
2	16.549724615108886
3	13.058892026526623
4	13.256183108739945
5	14.11025912437258
6	14.60414876703255
7	14.49594879683905
8	12.714156282525524
9	13.840417282508156
10	11.627284176933413
11	15.39682995697596
12	11.188116945129638
13	11.620656563203092
14	14.542395008849974
15	12.293121240886046
16	11.389714751913903
17	12.864638870972088
18	14.931567832542584
19	12.333025522594312
20	15.723385756214949
21	15.625609291386276
22	16.175496817842404
23	13.910198061460902
24	13.352242086279734
25	17.483600701224777
26	11.52148011644324
27	18.093518569186912
28	13.911578365497487
29	14.404789049846032
30	14.248833292436913
31	17.4311602680874
32	18.386550212163037
33	13.742674249217968
34	14.247257037283909
35	17.6819987943218
36	13.544593371115958
37	16.013012193408862
38	8.997088874977868
39	11.76431742308179
40	12.538975022770462
41	11.387308726453192
42	12.967460270965848
43	12.725988715554536
44	13.681267163877232
45	13.879821523558832
46	10.497539207143287
47	12.692155752321739
48	12.280061786355548
49	13.379234852650477
50	10.262196241609503
51	12.556125822580734
52	12.576461066556293
53	13.832851513430533
54	12.551344063214945
55	11.778920444918931
56	11.452543659186409
57	12.185662646871327
58	11.464075233775288
59	11.42307561252428
60	15.326984423867243
61	12.336196848265544
62	12.174643904657296
63	15.698388523077577
64	12.947605400480745
65	12.928569368749697
66	15.492623291738933
67	11.206178922411537
68	12.742563663532307
69	13.526271955356671
70	13.157587445333428
71	15.095000587391652
72	12.677821096520223
73	12.685849138718918
74	16.581389268522397
75	14.659835169127696
76	14.045703041490349
77	13.553164561588117
78	13.66561887273848
79	14.225966582201615
80	13.277032801551412
81	14.112152708418616
82	14.606835492288004
83	14.887612143791728
84	16.59917625011341
85	14.993189207094064
86	17.14499685235155
87	17.120793715540366
88	15.188947604481733
89	17.97042571677339
90	14.401951185464663
91	19.24116591082129
92	15.956674906657138
93	19.288990679150622
94	14.961352187716306
95	21.012578196670297
96	15.645802136254726
97	15.971628854765791
98	15.45562598951918
99	15.319910570128684
100	20.323724621584375
101	16.655835296323286
102	15.27424654295754
103	17.760111788450075
104	20.016350261568363
105	15.576278767912866
106	16.928491900773217
107	19.300493387262627
108	17.12533573382709
109	16.863085584521617
110	18.046779149246866
111	14.994850753142407
112	8.312480440753184
113	14.369548048997054
114	10.421007152435337
115	10.832090714818698
116	10.433299665647377
117	10.385880706494984
118	12.671530867738877
119	11.43566587929148
120	12.375080051719667
121	11.032361604911461
122	14.102013757819945
123	12.396650109340134
124	13.490895023511944
125	12.692138090904269
126	13.423417800139502
127	7.051716470053048
128	15.589921171555737
129	14.371616118875215
130	10.893127539788678
131	13.454279661895988
132	13.323484231002848
133	13.674768090660555
134	11.459598940663815
135	13.212879560135754
136	14.587103730486044
137	12.464865497329376
138	11.520058830327885
139	10.668862171544378
140	10.227062453671785
141	13.355290669391293
142	10.054450351926253
143	13.054972790079665
144	12.698553936549933
145	14.542255291835447
146	14.946182066097057
147	12.359835071560289
148	11.507059492600549
149	13.028684117349188
