0	10.125339791707939
1	4.6538751264073195
2	19.5163476411771
3	3.133913029052523
4	5.745172059972338
5	9.458502507783471
6	12.772149271293994
7	12.193087579787592
8	10.972342195671827
9	11.245905056173916
10	8.768029807766494
11	11.798100238330939
12	13.171847275982463
13	11.82263214726284
14	12.317812260021366
15	9.321425331584033
16	15.644508772542952
17	14.546219414301154
18	11.520710769006659
19	13.170582271984044
20	5.74527639621487
21	6.295317765052183
22	10.007433246695824
23	8.770916421974004
24	2.856157456485851
25	11.690280576828071
26	7.517166951323859
27	9.456447000578555
28	9.340214926212115
29	9.989347543673542
30	6.569793939297646
31	6.5703384494708414
32	11.796070030393885
33	12.070983645705725
34	6.294913738438483
35	11.383635081343867
36	8.907594936852519
37	10.145511246783197
38	10.16924876380202
39	9.573836662378573
40	7.670278411234633
41	10.446237897017493
42	10.373724218485172
43	11.018859750095604
44	11.494372204524854
45	10.168958330652552
46	11.239258510471306
47	7.931877835909154
48	12.647960606097582
49	12.076993186011386
50	7.376408088300685
51	12.482325938977588
52	14.408566616930512
53	11.521921489100716
54	13.994549640148492
55	15.097146127853215
56	16.746753003802795
57	14.543834982755364
58	18.375337629140148
59	14.563492582831143
60	15.964286088218682
61	15.045576110453695
62	17.856415263266765
63	16.74724026330848
64	11.533486337797687
65	18.102218947088424
66	19.817452437711335
67	18.118215087161687
68	19.453332287273966
69	17.570655132865358
70	12.208846851021342
71	6.707910571568864
72	21.421455408078295
73	13.444434239739772
74	14.303170557718925
75	13.9934716017247
76	17.27453175422744
77	17.283572786607856
78	16.7448054671182
79	18.67179359023138
80	7.124408440053303
81	2.5811575619959872
82	16.883777488653898
83	16.78677168148148
84	14.237173653096296
85	10.696157462240512
86	15.406579513036833
87	14.512356627897578
88	14.546078332026255
89	15.128557495367929
90	11.522251060952398
91	13.689664453947058
92	18.11979886329259
93	16.47235959347518
94	16.044269662587222
95	8.365112165428672
96	19.997086980698544
97	9.988118986001544
98	10.31053152987681
99	8.74992907581423
100	8.217614427622868
101	10.146569888395623
102	13.995627851096456
103	14.304138208605194
104	15.335148172466303
105	11.269985148778138
106	14.820958982030536
107	15.337068841820745
108	16.608111566863464
109	14.407733654617845
110	12.347546737401395
111	7.66992096371898
112	4.370250143408839
113	12.070290010496564
114	15.095834143394926
115	12.621641058804729
116	12.896062235237537
117	12.070521499834163
118	15.369367344683514
119	13.17222720362677
120	16.195749395396223
121	8.789192435735583
122	12.072369444387002
123	12.866306274878394
124	14.010467246984993
125	17.829569086085
126	15.094522395078133
127	15.136320932258988
128	16.29004720404869
129	17.983348150139783
130	18.67124856389173
131	12.345890890494356
132	17.021289203749646
133	19.2209165188084
134	19.77075471229826
135	15.921811714392463
136	18.396049407802746
137	19.22016834250509
138	14.580245448909492
139	18.66816295262735
140	21.101772403900245
141	17.613387061342852
142	17.51897840581939
143	12.90262472175743
144	21.284568542969627
145	19.14393621528431
146	20.119770984484752
147	21.00605639083057
148	23.075639686611265
149	20.65761176412106
