0	14.472768326938208
1	12.185005308171828
2	16.517372187258406
3	12.995048500963044
4	15.304670326603514
5	11.567037547573872
6	16.487488071739833
7	17.069179559301617
8	10.725056328055496
9	16.648238197254155
10	17.60783981681267
11	15.555327119926961
12	14.808165498591169
13	14.609592768589073
14	18.77179795977617
15	11.157028272811328
16	16.07811432630584
17	9.997022912212746
18	12.045675645035262
19	12.191991918024444
20	12.537123408062179
21	12.9263797376827
22	11.849043052306106
23	14.19152308405543
24	13.580304454663294
25	12.439534941349331
26	13.420573617154583
27	13.154379657949674
28	13.090709555504164
29	15.039690500175595
30	9.423667530366101
31	13.399676250366683
32	14.678199164216952
33	11.014528144491234
34	18.21702248609765
35	16.459146197838788
36	16.200865145837437
37	10.124620655635265
38	17.30763903964258
39	16.972607677248604
40	16.695550354427084
41	15.200770940533415
42	12.789600048976904
43	13.83037464392919
44	15.288943963619921
45	13.048268116916734
46	14.038967037523298
47	15.852830987355645
48	14.353443896666906
49	15.648258925751472
50	16.323142326550386
51	17.208020973613912
52	13.930755182077183
53	16.603260014711598
54	17.27474883691509
55	10.275567816813464
56	8.944835517044998
57	17.88943871063563
58	12.353439878949972
59	12.67894631588138
60	11.332919260322326
61	11.43139855067715
62	10.235140607821723
63	11.965976697020741
64	9.62391853264512
65	15.804667143327297
66	11.964260215659284
67	13.64557722643957
68	14.13052858264783
69	11.70841464212822
70	9.44942679143752
71	13.422724844620049
72	13.393887986845492
73	9.62391853264512
74	13.269461024757847
75	13.075038426505898
76	13.506326677472305
77	14.490229343257457
78	11.049558053775279
79	17.438339139415607
80	11.585961916718142
81	13.589822241271493
82	13.982608639203498
83	16.253304716110996
84	12.500914860763059
85	15.36272340226218
86	12.818118886560073
87	14.623768619567642
88	13.004802255688698
89	12.794004552624308
90	10.336882353938279
91	11.389599252277607
92	13.595209024395933
93	13.213078180066022
94	13.901433965367783
95	16.771026152517194
96	11.800933733397214
97	14.65619073508919
98	11.935694036760111
99	10.142289905995918
100	8.190202396337584
101	10.278581036993446
102	8.774686820898477
103	10.819765125729948
104	11.341503673155486
105	10.079967834034804
106	14.67240817777426
107	8.93168234211906
108	14.408425455311711
109	12.187912676818694
110	8.112283765297187
111	11.9643789003355
112	9.164713883643952
113	13.114485169466082
114	7.113564131614798
115	0.8971011015694006
116	8.594377873751338
117	12.012476264809672
118	14.02862106078057
119	13.18861056431376
120	11.987070935023462
121	11.596777977652415
122	6.473619686332468
123	14.451365967078926
124	8.658906796541396
125	9.990295439935466
126	8.577914747981254
127	10.103131125764811
128	8.97470257031278
129	9.595399979793395
130	10.559227942081042
131	8.020533673537564
132	7.940659171182821
133	10.14390767638293
134	7.198512495398318
135	5.46079829766676
136	7.199243528016591
137	5.374895124552323
138	5.916506661920706
139	5.402784788285908
140	4.70115475930294
141	5.98463286580314
142	5.870206457967955
143	6.32037860245933
144	5.561966525692988
145	6.349035775292392
146	6.33630663760914
147	6.152379578033115
148	6.881835045934181
149	5.971106397748279
