0	25.803380644518654
1	23.072711273087876
2	26.85255031373657
3	32.759584865307275
4	31.56439312943663
5	31.47329427128756
6	28.511927507966718
7	27.819745939997812
8	34.46125169964421
9	36.87188506207504
10	28.50608848142063
11	32.564949198670554
12	27.047163623235097
13	22.07541186578409
14	28.04737498683212
15	27.243322593542743
16	24.131557371282053
17	25.060354174939366
18	31.207516804395194
19	28.053845920452147
20	30.347050169032002
21	22.074770205460602
22	27.385328714331212
23	32.735944051507545
24	23.93003847243745
25	30.542504379616204
26	31.873819822249654
27	37.423691598380195
28	28.9092685390735
29	28.95729525028305
30	26.48478445644149
31	26.653458363777414
32	33.71316450466451
33	24.766874000772425
34	39.587416147430915
35	34.19483955362035
36	30.7788520117835
37	21.815931713472217
38	23.451609485913018
39	19.752476066395186
40	21.282090478999002
41	21.60937667586482
42	18.431059785301535
43	19.609801302875166
44	23.46730372503266
45	20.412878481844235
46	18.89014453011185
47	8.735423380320338
48	24.66349740971952
49	8.201122832131047
50	13.450211466284042
51	9.536496000495355
52	10.787122660954829
53	7.74465054958021
54	4.2229595942789775
55	11.058646610284615
56	7.870086798161454
57	4.155619421562638
58	10.194716093877494
59	5.218884825948579
60	7.20894111350002
61	6.8771761914981395
62	5.682539019236209
63	6.876312241053892
64	5.815627551395626
65	7.209071465676741
66	7.075892001130175
67	6.346361486082266
68	7.009782244022512
69	5.883188539461534
70	7.4722368601165465
71	6.611712307380682
72	7.474538019958762
73	6.47742221171315
74	8.33928886366618
75	6.343429623157821
76	6.67957214896634
77	7.853151727002789
78	6.95892683383578
79	8.536090917494112
80	4.753586677755105
81	7.938742850383566
82	7.590401733322789
83	8.95448509583877
84	7.278001330512185
85	10.962632293483026
86	9.744200491792018
87	10.805900123451076
88	10.79226418765561
89	9.731003731355925
90	10.23572711426672
91	11.052955008815802
92	11.062790101529929
93	11.191698746606887
94	9.562106511464261
95	12.675366109531248
96	11.257752489602261
97	15.073958579079452
98	11.89458296315124
99	14.34248618220981
100	10.967237313124064
101	14.37680492888362
102	13.477551098386401
103	12.290570192512478
104	11.5524079506471
105	12.38800558528205
106	13.18206893702218
107	9.581050341899022
108	6.865164235944809
109	5.3602090182245625
110	2.097267120446397
111	1.5011345898694612
112	2.43527575038391
113	4.5456875425960135
114	4.16197903388855
115	4.292885980562241
116	7.190910928379921
117	6.553475923714156
118	8.403670959945828
119	5.490621436126933
120	4.675466213316994
121	4.0235059447760895
122	4.288437709838486
123	6.029860750402118
124	4.80813744885357
125	6.413185554341663
126	9.597203128803878
127	5.603975690515388
128	9.354947372159701
129	2.9657662206515076
130	9.067587817108203
131	5.2170345548376895
132	9.449883756453666
133	4.819748930102268
134	5.216177347790218
135	4.965771277624912
136	3.2201817373130965
137	10.925500424289359
138	9.067838926690001
139	5.362308750465856
140	9.997213152722173
141	4.2793959519387075
142	9.995355169536861
143	11.223572165665828
144	5.071976125881331
145	12.120316688757622
146	6.8107492628225055
147	5.633175386915435
148	6.921907953810737
149	10.152160344645674
