0	14.976133006427402
1	14.362249132187255
2	11.763392003791076
3	15.87027116834841
4	13.381046693147159
5	15.210548426296208
6	14.803993064753952
7	11.29242547399856
8	16.080771696703742
9	15.62044980905296
10	14.36976723492341
11	13.27092516085125
12	15.540340285049904
13	15.792786140754716
14	15.558015563513584
15	15.156910868482498
16	12.675758363995813
17	12.03951379446558
18	17.261646109576436
19	15.117354973322348
20	11.016184431639783
21	12.43381633470923
22	14.298324444356545
23	14.456993072391102
24	12.281000911243662
25	18.03068567975112
26	13.230491505211022
27	15.03635173363965
28	9.42293837993679
29	15.638671024335528
30	12.950703017090126
31	14.602919399919625
32	15.718442989724679
33	12.62738941727601
34	15.676906577643313
35	10.303193301897952
36	14.460023877407341
37	9.561219540036094
38	12.718063087433297
39	12.986551949135412
40	13.741213660509782
41	11.291577617810301
42	13.978140763350607
43	12.66163498437012
44	14.89892512504426
45	14.96027973311628
46	16.13927391509981
47	13.941633681068634
48	13.03014910255729
49	18.038141570127497
50	15.944996557640307
51	16.4443100861558
52	16.42281068354163
53	14.687937487526671
54	16.140045954270555
55	15.950641295025818
56	14.651395601280488
57	16.732424848040324
58	15.386917004045804
59	16.679428219159302
60	14.479064374137483
61	17.22722514170572
62	17.484686013275034
63	14.966110034128477
64	17.56053019423592
65	14.769266430345544
66	17.349820655771317
67	17.40472616949973
68	17.649694925401903
69	12.56320879678143
70	15.86590429627462
71	12.882642200938978
72	11.598781378388518
73	12.718634862344453
74	13.391883445474837
75	13.530754092264699
76	12.245840538886121
77	15.745079561859571
78	11.370485914706274
79	13.739517177786732
80	14.414670221668374
81	14.091717568917915
82	11.94867764427764
83	14.514688184328953
84	13.340928537531703
85	15.20343265033415
86	13.645918740997539
87	13.353585289532125
88	14.838644896084599
89	10.78834774191164
90	14.211972060260223
91	13.5050702733956
92	15.7485413479967
93	14.647207142153047
94	15.94377631594128
95	14.363751684202951
96	13.902995085915318
97	12.162867912045828
98	11.927587928420973
99	11.208906463318648
100	13.862771245489542
101	15.264291773073893
102	13.696836908721686
103	15.997874912733018
104	14.04803586805172
105	12.564866464312486
106	15.833877332354644
107	13.735501086247014
108	17.440397488304495
109	15.363895928806729
110	14.882478347181648
111	4.711030462101734
112	12.524713192684754
113	15.898439427139614
114	15.708301744442377
115	11.56744294953228
116	20.991901135901152
117	14.875213278267099
118	14.535558568764927
119	15.23150337990142
120	16.308912799041163
121	13.621268482856166
122	17.947737148335545
123	14.06391083508312
124	14.881623905777364
125	19.449618923601246
126	18.62605430162236
127	17.999759673993843
128	23.340998052492875
129	18.642927343289443
130	12.752544343290623
131	18.116287077190186
132	21.543931043204203
133	19.375665246825335
134	18.549011867851213
135	14.879324957601959
136	17.75417237409479
137	16.458607543406956
138	18.194602379944115
139	19.299253414611773
140	20.71919527157392
141	18.543299361298992
142	15.715193102062274
143	16.218568176772205
144	17.288306003087914
145	17.40305539251338
146	16.911467379723252
147	13.448169665932813
148	22.107752098004
149	19.729832649431756
