0	11.918835848904957
1	12.30194825618776
2	13.284693543730308
3	13.008091339476632
4	10.193174888353566
5	10.627896381722865
6	11.780395471058608
7	15.432988431223375
8	8.90823376515442
9	13.969066238378769
10	11.086242659263803
11	15.051605212159695
12	13.062473366931053
13	10.754534873890819
14	10.6387632000659
15	13.250127543476173
16	11.260674166514406
17	14.440608575367609
18	13.270670124033352
19	11.288862603244139
20	9.90578611259124
21	12.007897932022827
22	15.012287597642574
23	7.128537793783539
24	10.352535179364175
25	7.603200763176961
26	7.214922056680495
27	12.633439945154725
28	8.47643141346545
29	12.01716925375736
30	11.673951470820784
31	9.834750427236365
32	12.410628456989853
33	9.166921346363726
34	11.985567590492165
35	10.625695521987037
36	13.322100986844152
37	14.033139702344558
38	12.981831565562528
39	10.856610660889459
40	11.811648654519999
41	9.49854897134784
42	7.780466217730103
43	12.633679881616468
44	11.392125337000142
45	12.446260916085816
46	14.49851126642219
47	7.9047606911291375
48	14.233496044792028
49	10.959604062610715
50	14.107844536820313
51	11.039155150243438
52	13.873227430964254
53	13.37455134548678
54	9.681535831186732
55	16.1915960388801
56	11.129040499590127
57	12.483416030107076
58	14.806684232703587
59	8.092134749113834
60	8.984650321474561
61	14.229326136117917
62	10.521918675806692
63	9.496892660641974
64	8.032460866111279
65	16.967844886375712
66	8.782871342371848
67	10.344772833937572
68	8.036004291396178
69	10.983474366008462
70	8.529236273181402
71	10.808062878717202
72	13.320200241897929
73	9.41469332861552
74	11.816351650906068
75	11.240142247656049
76	10.95136322183414
77	12.384752779608837
78	13.783187723009979
79	8.833696154446592
80	9.754349490850068
81	13.53917519999487
82	8.571511413420932
83	10.345160042154312
84	13.846985577033038
85	9.64624037869998
86	12.62304285996436
87	14.909983206993529
88	10.182685540580074
89	14.252526802651143
90	11.569654314801001
91	9.015089261782274
92	9.031778189792657
93	9.552272010018655
94	11.058234147969417
95	10.217292278937965
96	10.197185887607741
97	8.882546806921205
98	9.598599027187912
99	10.983203627280096
100	7.0102071950410805
101	11.44996492056069
102	10.370113542488681
103	8.361499315833145
104	10.502503586011155
105	9.981500407674794
106	9.676839831015142
107	10.474784969842927
108	12.230568266218189
109	11.732759662414525
110	13.088593624876069
111	9.357519520271254
112	6.856202641387784
113	1.3179335927168272
114	11.553416578013245
115	9.239537970996638
116	6.788030124460164
117	9.186817885414117
118	9.347010735725643
119	8.770184988989707
120	10.499941149451017
121	8.736155221034068
122	9.266434180636987
123	7.856126660163684
124	8.522482495900407
125	10.008348608809097
126	8.319831956779224
127	6.192725601453803
128	10.829750642656434
129	8.530022225652258
130	9.370059022669118
131	11.039988823814163
132	8.544829368249209
133	9.883938302872243
134	9.52856343778627
135	10.237098715322253
136	7.093334995337912
137	9.706907404459576
138	11.801467507642101
139	9.470445233021941
140	12.34637305249468
141	10.731268658511969
142	11.596195142888241
143	12.036405046961063
144	10.62879697946054
145	9.132471360601684
146	11.265872973082924
147	12.030064280293468
148	10.774946538704771
149	9.680000464109245
