0	13.758587942043059
1	9.473549998618484
2	14.300333162664309
3	7.647998610340268
4	14.673077981260926
5	10.562746882748531
6	10.255092073106939
7	11.520627693406967
8	9.807177450422143
9	9.98470020197763
10	9.981826534114974
11	10.470498346996568
12	10.474588185916533
13	11.991086132430903
14	11.149347828805775
15	11.444907701872388
16	11.677357484081885
17	11.313087018008087
18	11.127603641710666
19	12.790854084154502
20	11.043967194727875
21	10.925999989907487
22	10.779308151954146
23	10.42498061071528
24	12.156309510000703
25	12.912197001834885
26	12.538503885844205
27	13.605182560114955
28	11.821092400765062
29	11.204418055352264
30	12.412485825878619
31	13.400332431333439
32	11.923394877017955
33	11.799594695847622
34	10.527901032376123
35	11.210082111954835
36	12.542874842263082
37	14.626701198087966
38	13.10953779007202
39	10.66203526359314
40	13.270095497319616
41	12.805296276372239
42	12.733431271222516
43	14.417429885457706
44	14.259378585191017
45	13.998216649491589
46	18.029214172763954
47	18.309472424171176
48	15.28736497658817
49	16.670765350845475
50	15.133653823892914
51	14.575028465697272
52	18.529703448914088
53	18.49460759250844
54	16.59621385554229
55	13.676629826067083
56	16.268013632339624
57	13.325756660553678
58	18.193039090207936
59	17.706367459313316
60	17.594044618342732
61	19.73321086702859
62	19.856257783373167
63	20.52027168641012
64	17.197007042146307
65	19.633039448663443
66	19.313135007343565
67	15.949676201802246
68	18.786828268528364
69	15.902664977938679
70	18.255960237958046
71	14.574890251957205
72	16.861802490512265
73	17.97272093209954
74	18.094611538698103
75	17.22629350940779
76	20.224245530250194
77	15.242395817774302
78	21.635710318668387
79	19.646297263221502
80	17.172945591342426
81	20.16246185151333
82	21.191490556194754
83	24.23998129037864
84	21.642865564171625
85	22.01201057705917
86	19.231508589999937
87	14.220014409219988
88	21.457097408345277
89	20.55883516690174
90	21.98245454057545
91	17.85155182409765
92	16.730799547722146
93	18.33325658734117
94	14.165118558916351
95	15.964715729340819
96	16.005142156698824
97	15.281983039297792
98	15.452138720308113
99	16.042337675221944
100	20.550432739718783
101	17.083863555198963
102	19.704753731613383
103	20.770130947151433
104	18.96513128432274
105	22.729274464854896
106	19.59203167296339
107	17.087912971090418
108	21.95487283409785
109	20.24467852192155
110	16.83171980073902
111	19.28205078808046
112	13.691635822881034
113	9.609546779992742
114	5.279873120025978
115	6.796985155414778
116	7.2332722423290505
117	7.209648780732714
118	6.25457859601384
119	6.679421750898015
120	7.085183186705012
121	7.621154412810941
122	6.577124639923283
123	7.19617492516779
124	6.967893557244391
125	7.0021895109984245
126	7.697946014669097
127	7.7963768572646694
128	7.3988582153133375
129	7.601601709172112
130	7.617842072659026
131	7.2945164817733685
132	5.742604207233218
133	7.811071164488203
134	7.294909871978906
135	8.082040608501577
136	7.12502105002267
137	8.31382174506899
138	8.03491403091034
139	7.085119368644435
140	7.689609386984665
141	8.020518320041836
142	8.002983488938101
143	8.031474366687997
144	7.3763407545114354
145	7.826253691774014
146	7.593030330728285
147	8.022487566051367
148	7.803575049334926
149	7.582227391217406
