0	14.587916967478563
1	15.57867753782272
2	17.6596480847972
3	9.893274075609241
4	20.048318097476486
5	17.099643277081764
6	15.865793421487185
7	13.059723261072126
8	20.35703166820142
9	8.193502046579885
10	19.372106164005597
11	16.80545961960036
12	10.301829446927721
13	13.342824252529836
14	15.52949020499623
15	12.430408285966204
16	12.23509978185886
17	11.489806602531404
18	18.217368421070947
19	13.452104648455492
20	14.371173921629298
21	12.258104516823087
22	13.090290028455675
23	12.594985561935681
24	12.458746335896194
25	15.05857289809545
26	13.783374887128266
27	13.515175312828912
28	7.937195328356223
29	13.651007635352386
30	15.242410022636747
31	11.085877212657834
32	11.270887578943206
33	13.823849535442971
34	12.371330634253493
35	8.620280228977961
36	15.243709936987639
37	10.283436394990158
38	18.004149877498026
39	11.068688493578794
40	10.06902744145579
41	21.16128189852508
42	15.489358665313512
43	9.642860895923457
44	12.799693722827987
45	7.139412260913856
46	11.714005827922458
47	9.72854566922843
48	10.49622172445869
49	12.575242370425457
50	9.981310737684066
51	15.266133567060727
52	8.455287478988197
53	12.672588065827219
54	8.642488023975748
55	6.217821620485379
56	10.089812497008905
57	9.62373433815912
58	15.17855214358053
59	11.037758958393294
60	5.720228003989023
61	9.980850340403403
62	13.62222064104181
63	9.837455000362102
64	9.723978433608671
65	12.972906112014556
66	11.514988955472367
67	14.09088569777075
68	8.36023399034645
69	7.081115487171182
70	11.156193868485344
71	1.7952018619750538
72	13.397471146223477
73	4.779021349684324
74	6.983514482357421
75	8.874924207032118
76	8.89458869478182
77	5.024983710631792
78	7.933756003489357
79	6.414236606223069
80	9.281975540439284
81	5.876297025450876
82	7.269521179276246
83	7.611314865949057
84	7.426574578265452
85	8.591643745489149
86	9.981586586415776
87	4.689426957573665
88	10.802572888678107
89	8.596870519513939
90	10.523535204013545
91	9.363590229640888
92	10.176456169734685
93	9.025760360827338
94	9.749381694118979
95	12.510959768492969
96	8.471709875417401
97	9.194323532147651
98	3.6691789684035037
99	15.232026513725117
100	6.378807202812146
101	8.475265627983832
102	7.3233855324464
103	5.644763455641341
104	6.726812581465264
105	6.912235333271655
106	8.442001216710983
107	7.681116684459683
108	5.4764188079842455
109	10.302305587166382
110	7.441994463286505
111	7.591823050437606
112	2.645747816536247
113	19.293076615927284
114	19.434191063412644
115	20.276451801894936
116	18.244978808649865
117	1.5372159292664258
118	4.179829066633642
119	8.453210742025808
120	9.068067700605898
121	7.740653656024387
122	11.700202418709111
123	11.861012437728938
124	14.458507127768174
125	14.042661565391919
126	10.242229283032486
127	16.418381410819347
128	15.706405834765139
129	15.188782383530528
130	15.340052123583872
131	14.477808590922606
132	18.914353230157875
133	23.04087200401446
134	23.22209180582537
135	31.221641583300137
136	28.833412471440866
137	31.483263120323365
138	32.51291602619812
139	41.129074049117484
140	26.10217702431844
141	13.696504818141428
142	11.179983913528945
143	36.42971048303237
144	48.0003490681775
145	43.48099735430435
146	41.01193221285967
147	27.5542997061849
148	41.836844387501884
149	41.79569564541518
