0	9.154204445500053
1	22.13566236938813
2	24.55773245691896
3	15.82151160270504
4	4.895518087753553
5	22.376403660768958
6	6.323203816316404
7	6.7390174269541365
8	31.736894800194456
9	9.090366875852386
10	10.46358921916517
11	25.273056281432993
12	14.572883474755555
13	27.891761852495133
14	28.729911317579635
15	6.832958944102023
16	16.23341337137024
17	33.949547304099546
18	17.132414846589164
19	24.290753010525673
20	26.79371378194234
21	23.499657127004767
22	26.037611893511684
23	24.33897586976053
24	23.7747568305247
25	27.32778997078736
26	27.859503346097377
27	25.599504219892246
28	25.811909113655755
29	26.877420722687425
30	24.32218199713899
31	27.556686446924587
32	23.190338283011442
33	17.667521176871258
34	20.326399909297425
35	19.66725756956619
36	21.652867028836223
37	23.242777666441157
38	21.622901178165375
39	26.11090988286354
40	19.59389535660948
41	21.383161648925885
42	24.556785750280774
43	22.51135016864898
44	20.812091407008566
45	19.659571252420776
46	14.304908194783046
47	16.47625659240116
48	16.600086367844984
49	16.180127014005834
50	18.238870083623052
51	16.645940949179007
52	20.33991263701969
53	18.51695611060984
54	19.140599991544715
55	16.605676317124853
56	13.851584872546635
57	16.96832489533524
58	12.146948463044374
59	12.45273405350064
60	12.187939381522224
61	13.780328750631059
62	15.413329890115982
63	12.464785626018047
64	16.60504036535584
65	13.121058597313395
66	15.536304202352763
67	15.454352873581264
68	18.157504333180164
69	14.47083556784745
70	15.696040893143941
71	17.14177415776422
72	17.278137034947378
73	14.841593824982896
74	17.667032187212115
75	15.538965224373761
76	14.504214350590127
77	11.652199794999811
78	12.09689440337181
79	13.990144189789824
80	13.437195906538888
81	13.235268273459301
82	13.451212679276209
83	13.24676321574802
84	15.07963317666186
85	13.93848565248098
86	15.016154741736546
87	13.734369325354914
88	12.031020993694838
89	9.628672059610153
90	9.026173731760618
91	9.68141486773763
92	10.38128340218643
93	11.878603938238575
94	9.904836865152555
95	9.554980525133821
96	11.321006619205653
97	9.929086570122664
98	10.562579902552168
99	12.277408906402451
100	11.71377390278801
101	11.334025107454599
102	11.233972040796736
103	12.536470437711403
104	13.339038327869467
105	11.681794140079814
106	11.15003505146516
107	11.576552870843633
108	11.398435395314484
109	10.82568293996162
110	12.87394072189384
111	12.778291537538292
112	15.225113451762395
113	13.479981243101511
114	12.878213325332107
115	10.109051877033387
116	6.364195087489454
117	12.63115645667687
118	8.657937504099246
119	12.301488345174196
120	12.123835114500034
121	11.741676223626287
122	11.719598847331792
123	9.108975150529128
124	11.47826363879956
125	12.888070350164329
126	12.337218213260313
127	10.57133500013637
128	13.000308799099306
129	13.734178386970385
130	12.58417447647387
131	11.89530405793074
132	10.537974238148212
133	13.122418579746514
134	13.984716383488779
135	12.71572660622731
136	10.90450676677444
137	13.250137622074075
138	13.606266620366204
139	14.14746752529025
140	14.09757462521543
141	14.027929393191778
142	13.862424218026389
143	11.319315795535683
144	14.01057159927994
145	12.227520569000085
146	15.126003958003256
147	8.94060778191535
148	15.04935955072162
149	16.157221103308302
