0	5.210571030967907
1	8.225259397029136
2	6.085509825852872
3	6.571764782699219
4	8.614833596313376
5	7.641735928732571
6	7.561648890046733
7	7.527674991409119
8	7.738989840115332
9	10.268072898594324
10	7.519177186518869
11	6.600184571155374
12	8.882303126712772
13	6.892945728820511
14	8.39814035491186
15	8.829890326724394
16	9.889212979966334
17	9.819116830657464
18	8.97868064699241
19	10.337690631132377
20	11.418456361274883
21	9.608892140597932
22	11.073481296952755
23	10.386473655106188
24	11.276722567328456
25	10.817020452338015
26	9.371709708615604
27	11.399882897304769
28	9.87913005463325
29	10.364553446100723
30	12.147868914665455
31	10.774920025224075
32	10.244899174952417
33	8.36998084987649
34	9.670521373310343
35	10.208629628313686
36	9.198483390973546
37	11.756861882703324
38	9.68072286953078
39	9.75970692581288
40	12.728194057370729
41	12.572330437266356
42	10.29491649635165
43	12.602402905926564
44	10.799744705837519
45	12.814140165882417
46	11.580628572897105
47	10.977314663169926
48	13.194122173557705
49	13.384247429760677
50	9.878114023182338
51	9.149681969465398
52	11.374312184375746
53	13.286950412376715
54	11.952811039996107
55	14.412186000231141
56	11.122974608774008
57	12.326295352941742
58	14.251976502449713
59	11.20515857196431
60	12.440455726669482
61	13.038831921076758
62	10.726122937807968
63	9.781047497885108
64	12.358198769170745
65	12.16496506137005
66	13.276675764722551
67	12.642990532729536
68	14.741130673075547
69	11.259870537953754
70	12.825927815999771
71	12.912129186677582
72	16.200390841180436
73	14.838241858806093
74	12.829838270945173
75	12.860328908281017
76	18.047207976080696
77	11.823654118191287
78	15.167624175964553
79	16.54884551960575
80	17.464548954721643
81	14.060226102661858
82	15.41138541534024
83	18.343148535348014
84	15.461177266449912
85	18.100896142602274
86	17.366624824688113
87	14.9937025804881
88	20.23805412524523
89	19.21602243794408
90	16.15160804307484
91	18.24135656765806
92	20.292520474269363
93	19.79751708453889
94	20.432406683115808
95	19.938944589871372
96	18.875719646865093
97	15.478643400464932
98	15.959794044328003
99	20.954348670209754
100	17.508284829899694
101	16.3545143893942
102	21.562978856710185
103	23.540917900525983
104	23.29372503755509
105	27.051022540494884
106	21.263057925493698
107	25.800606730169626
108	23.36346919733425
109	26.582494754191682
110	26.449835582729765
111	29.36046608294482
112	25.639209816881316
113	29.811543777055444
114	9.899423436274551
115	9.78315045855381
116	19.466504638023896
117	29.030783059109876
118	19.745170076158928
119	18.874744748712644
120	24.584250401974618
121	29.052170925304523
122	27.947832212303094
123	17.56439571825483
124	26.392517971435073
125	32.823096831668224
126	19.259697288422906
127	12.79534189738121
128	21.649030650844033
129	12.01224841986785
130	13.385579844729776
131	10.024832259240435
132	10.836443300035429
133	11.039649541821053
134	10.312959740442805
135	11.823765778757624
136	10.775425377235589
137	11.09404103236196
138	12.553416176695718
139	11.823654118191287
140	10.946101314830436
141	10.025958244988287
142	10.55925423412537
143	12.505262516869271
144	10.459349886080513
145	9.708372287706496
146	14.708490650397225
147	12.2124386818193
148	6.182261967795208
149	14.353901927106934
