0	12.169021083743345
1	13.918873298180548
2	14.213430001881948
3	16.308474609103495
4	13.7217413519166
5	16.65475980790669
6	11.478111757086191
7	14.066226296095513
8	17.730597643115427
9	16.58542729031078
10	15.646734946547072
11	17.56633918633393
12	17.433097000065647
13	15.312818973075261
14	14.672383670587049
15	13.20382826914281
16	15.219352872031202
17	16.10189392534578
18	17.90994050914064
19	16.438085412949526
20	16.605612530223446
21	12.657758233237624
22	16.438724796282745
23	15.23325624182885
24	16.825815436821802
25	18.222542851011593
26	17.15675175463335
27	14.618057489509518
28	19.07458809698603
29	17.345489776049536
30	15.577312723322393
31	18.687131137696202
32	13.427342520669642
33	17.515983749930445
34	13.893588935334906
35	14.58513777642951
36	14.238867104002237
37	15.790666466018727
38	12.341178793820848
39	17.34498852134359
40	14.066226296095513
41	17.911849744161138
42	14.716749152464034
43	17.08291787035146
44	15.016011283917088
45	13.72095502161717
46	16.25962334682714
47	13.517864638244548
48	15.188528116319047
49	12.769279203753173
50	13.637960617165477
51	13.290335628296125
52	14.152749067018231
53	15.371377669393548
54	13.366512662680964
55	13.325428463685922
56	10.933167609930198
57	10.270831745100425
58	9.58119234713482
59	10.443134997206853
60	11.479306895147479
61	9.6053879271997
62	12.342117511031518
63	9.383770688672646
64	13.753283876554494
65	10.964764916734818
66	12.996889112120797
67	12.513326165952476
68	13.240453970563586
69	13.383743370114429
70	14.966767209733279
71	13.290208093217904
72	14.71088244212405
73	12.90964777030961
74	11.8505270579291
75	15.06641775026995
76	17.688313290995666
77	14.100625346337317
78	12.684256105064383
79	13.518765525769908
80	15.790666466018727
81	17.603592841912544
82	13.634964420526847
83	18.19772238893634
84	15.667400836558716
85	17.431582826519556
86	16.350811802893226
87	13.980107395287382
88	13.97984044934128
89	19.73612408310959
90	15.068495629582475
91	18.59318596931543
92	18.94935714618057
93	16.221286551690373
94	14.324846505366779
95	11.87971696701157
96	13.930349912350234
97	9.370493807349494
98	21.860601161431603
99	12.255158924657515
100	16.13612829950066
101	17.600364847063446
102	13.378249597708692
103	17.131316296527714
104	19.877250037899476
105	14.721071584212826
106	24.393679853065787
107	21.863125435069698
108	15.961935994463705
109	19.81457307502272
110	18.15528698627783
111	10.098996653958272
112	3.8883149040991127
113	18.12183877594267
114	9.66644973456242
115	12.170870306542222
116	12.541601255234394
117	16.495270755265903
118	10.326382276080862
119	14.670133285193664
120	16.48113435552616
121	15.754540555013417
122	13.592902568306094
123	15.790514923250102
124	17.517335293366557
125	19.413308999343396
126	18.982795097107935
127	11.91025618884655
128	20.79471909554952
129	19.639467960483834
130	18.157736334523992
131	15.446412411338233
132	15.999479209942775
133	19.421585977937898
134	15.187507172574046
135	16.351909965225087
136	16.4341237660736
137	10.678422960772506
138	17.170483936422556
139	16.174413235193562
140	10.505637197472181
141	11.250113237402578
142	15.491743069767603
143	18.946047168460993
144	12.567652700119636
145	12.605933499579432
146	13.973292656248862
147	14.238594991360404
148	15.791122243475158
149	12.026191101860379
