0	11.183419187849715
1	10.29301297390693
2	9.91786835082853
3	6.638319770335292
4	10.121828473121061
5	10.122488840900152
6	10.532369035827436
7	11.557415916289155
8	11.172483265962867
9	10.91658097587594
10	13.608344275214112
11	8.294534119525965
12	11.96390081125251
13	12.746850794900265
14	11.802399937969984
15	16.4412586473176
16	10.97091742171468
17	16.20253667162106
18	22.457557266846297
19	17.501441285985386
20	15.489356941669756
21	10.712507847195436
22	14.426583463245741
23	18.52706171103576
24	19.959868516447983
25	19.963144580298465
26	19.183263880794595
27	14.845033049414207
28	18.11533920666372
29	15.039082380852085
30	23.593175115422603
31	11.788480337249618
32	17.28600615003804
33	20.133151604759057
34	21.395672604734443
35	21.396915861813774
36	21.236711826665474
37	21.145497231216922
38	21.80795065703433
39	23.9215987344231
40	19.928901528836732
41	11.339650160726107
42	23.857717679535572
43	26.311285063864055
44	17.140491307698053
45	23.17773930806252
46	20.221462874744226
47	15.206878407008196
48	17.926396905141708
49	16.463445231371615
50	21.806261069160602
51	8.072445116018526
52	14.22228048486874
53	14.622648001722792
54	14.641744169836505
55	16.47637680704773
56	12.5815311896468
57	15.247810741216517
58	15.860527993751049
59	14.838097633350042
60	18.35510003601821
61	8.263123081961377
62	19.960639339224013
63	12.172499274270976
64	12.172499274270976
65	12.172039987206757
66	12.99185090822093
67	15.28838786982078
68	14.631701954680734
69	14.592921596307322
70	18.566741836560674
71	7.237842590517236
72	17.544073624215603
73	10.506950853303774
74	11.352852840548373
75	17.092134635646755
76	13.028857544551771
77	13.365065454947223
78	9.116072192785817
79	18.89372196848598
80	17.087707819033092
81	9.305458559078543
82	15.041521466386339
83	15.452512695995738
84	10.960415484206544
85	14.197431836205908
86	12.171351553088412
87	19.14332128775568
88	18.52545670117406
89	15.86250004700194
90	14.458518056245024
91	9.509107084248996
92	19.56182116966474
93	13.568426837884347
94	17.911404047600342
95	17.092134635646755
96	14.879810273933877
97	17.641848664412787
98	22.908487823099385
99	17.864013029360017
100	17.298451765340314
101	14.631562797625941
102	12.58260123895231
103	8.2773548689701
104	14.460864277763902
105	15.03951199306368
106	15.664243940700425
107	16.675921388938544
108	19.14978227603658
109	21.540612161511625
110	10.94306195366924
111	7.676650941054781
112	24.639609695309144
113	11.35701167681491
114	7.45816512500377
115	8.687001888481044
116	7.867244763079367
117	10.737457587495442
118	10.55940359048036
119	9.687324948604006
120	9.097624841816
121	10.737155996277465
122	8.911289101854623
123	9.282601850860965
124	8.481637299551156
125	9.297539522360706
126	11.183735272429834
127	11.960859260780898
128	7.851281963202034
129	10.121828473121061
130	11.557198170356976
131	11.38224943217803
132	12.139874656134076
133	7.047454305316419
134	12.814870295472174
135	6.8289717592317105
136	8.91458550868269
137	7.234970824864997
138	9.315895837375308
139	10.128622031729687
140	11.556981242568602
141	5.411739308016603
142	11.753003873409074
143	8.873490185232589
144	10.122677132915086
145	9.097204672878892
146	12.000526220435189
147	9.277035108256484
148	9.93802346155944
149	12.590929931763265
