0	11.707788368239948
1	9.368001226731336
2	13.98257825621949
3	12.410961643750397
4	5.932232882578957
5	11.615531580635691
6	12.701575836058915
7	13.399237903639294
8	9.197330734957262
9	13.855097215878235
10	11.166031033479333
11	16.68068458471162
12	11.22150024916621
13	11.842591640819574
14	16.207277803408065
15	9.163932029477225
16	11.94661242809516
17	13.4061524967196
18	12.868936094833183
19	12.68494437403073
20	13.203657630983216
21	12.624205088017057
22	14.588859063816233
23	11.396782640719225
24	12.519348900033558
25	13.249298693369319
26	8.717568308552867
27	19.544827851221747
28	7.821257745335699
29	9.962168313306716
30	14.128313100403489
31	7.82905581535744
32	10.853309602844726
33	11.08511687625181
34	9.812144107208912
35	11.269422382229891
36	10.854335268451042
37	15.413169949869667
38	11.129973537877353
39	12.311081092055957
40	16.70359155814769
41	11.172130820720335
42	13.605860473787628
43	11.759379106693897
44	14.507631603079677
45	13.275800969531213
46	15.167915186848997
47	13.83253806928762
48	17.102305578659234
49	10.412087793197738
50	13.473981196178146
51	15.789737309791995
52	14.192425149060506
53	11.910520988333436
54	15.07120867147069
55	15.633854875004287
56	10.401470769775703
57	12.662698162903252
58	16.546528031276498
59	16.102045051245668
60	11.425834789980883
61	10.362142734173196
62	14.479422942248457
63	17.559834796808797
64	13.723059008685246
65	12.748575024842074
66	13.040267818441663
67	15.894928451075266
68	10.46958399468422
69	13.430411541628942
70	13.301242960658183
71	13.109990952079755
72	11.598316492307687
73	18.942664231920933
74	14.724321529877217
75	16.949061956219307
76	15.165731132260284
77	10.070402191722055
78	12.074463322144675
79	15.573379535308652
80	14.155256029746177
81	15.68697723570438
82	17.32272304882585
83	12.114681693751653
84	11.137680750427826
85	16.68792408602824
86	17.114161930892713
87	11.530842607012149
88	18.348664597396034
89	14.303723708903883
90	18.61190306324952
91	14.173068243399555
92	14.334411714294037
93	14.154173573569762
94	12.261814492598855
95	11.216507205548806
96	9.347903442809889
97	16.884721299999807
98	12.255283295728624
99	10.150349473810067
100	12.415687877636568
101	9.603780115268904
102	12.155689790651923
103	13.403846802655233
104	9.682106436707091
105	11.63376911755561
106	14.92765845415897
107	12.571775419843494
108	12.657979291630232
109	15.481806314568134
110	14.412943996795564
111	13.918383859377508
112	16.7804237969018
113	12.359502166497503
114	8.25261519385514
115	16.897374205253755
116	18.81252846541985
117	19.084036915079007
118	18.452481686490117
119	14.814133654207406
120	17.574203629866048
121	18.977490147788256
122	21.01217494273466
123	16.484653431869717
124	20.537460424194073
125	22.629963274965355
126	21.215560682855006
127	22.361744434148413
128	19.80987595757869
129	17.78360151881969
130	18.98223442809204
131	22.395036636196245
132	21.47611847805675
133	23.952155377839695
134	19.01114576371559
135	20.280575941512563
136	22.473544505108737
137	17.62974537733197
138	18.86384505936453
139	21.05812474614911
140	21.52291724617329
141	18.048682735342165
142	21.25110664499571
143	24.081736244156083
144	18.09341423343027
145	22.20489142943902
146	25.19843428693702
147	21.456427150500573
148	22.736166102164788
149	21.795534639363336
