0	12.994386036113523
1	10.268612756902845
2	9.488845111132205
3	15.506623773456575
4	16.135503433018616
5	6.512294156798836
6	10.220789766924975
7	15.363314224346771
8	15.177234147769083
9	11.826568377485275
10	15.451505219397037
11	12.727578374215001
12	15.878160839058674
13	16.344222847877045
14	17.962374733955357
15	15.451802453191727
16	16.129751295035913
17	18.059551239602616
18	12.76078686169811
19	16.302006266889308
20	18.370312335511215
21	12.168276958909871
22	23.454465006505554
23	13.46234134629747
24	13.61881173248577
25	20.138200203849838
26	13.080649035221743
27	13.574720862301442
28	22.34385889271636
29	14.553359142909013
30	15.852386829531556
31	21.778170993048935
32	14.480303613737012
33	18.167261620736745
34	18.83685135476802
35	13.523847148050846
36	16.522313993183197
37	23.33217078764509
38	13.540251298543673
39	13.663821774596546
40	15.335420574575869
41	19.597617262756863
42	21.964136892844824
43	15.12540179831404
44	14.320721964747232
45	18.527024954261417
46	19.357712411677095
47	17.078976912494024
48	17.669478767592402
49	11.748656091708812
50	11.938930153151453
51	17.021741287610837
52	19.58686049129858
53	21.177894113650083
54	18.967813354550447
55	15.63750756772831
56	23.459252362299857
57	12.719335373953697
58	18.084855952332283
59	16.345796389601997
60	24.045106061700064
61	7.133101940638424
62	21.41123656279075
63	12.683724991360874
64	14.786668972633557
65	14.00730867052109
66	13.186425982313951
67	13.609969394979595
68	14.012134367436271
69	16.618224000624686
70	16.500510955528355
71	12.762124384466654
72	19.071857908024043
73	22.635298232588465
74	23.59408264649767
75	18.55665348745986
76	25.999029478137416
77	16.456610211050375
78	15.061154999835999
79	23.371985835868998
80	24.590066171818172
81	19.462538536620556
82	18.32230632235643
83	21.38131039944225
84	14.83143638214522
85	26.395908346371098
86	19.773621526684884
87	22.79530649577765
88	21.041527205078072
89	20.76319223515146
90	26.704944948216966
91	22.753070825407512
92	23.255212985936563
93	26.184939196589085
94	19.9315726715706
95	22.017876813286485
96	26.07382086118665
97	18.223656635114246
98	23.11282307069361
99	23.775414360184044
100	17.417761088474656
101	18.84505792725423
102	27.024201176234378
103	26.634327910088288
104	18.957875832431387
105	24.321832026249265
106	21.849899373286643
107	24.07124549283744
108	26.707293800495023
109	23.801657061707793
110	22.40781598427568
111	26.96949597574941
112	25.004808040053184
113	15.721276157652683
114	8.320438509507918
115	17.670161436547687
116	17.280596089267465
117	13.039597867529046
118	13.715339778740177
119	15.03857902326445
120	1.0745748104101467
121	22.972722763014605
122	11.98171073118375
123	11.20284694867676
124	9.333288112435596
125	14.39836430968874
126	7.073983990525708
127	5.762814971576516
128	2.782868987998684
129	4.424901228720934
130	3.574275026333477
131	3.6393501826158667
132	2.3247906570991086
133	3.5693770086297683
134	4.181977089002425
135	4.658273473524888
136	4.269186612510778
137	4.736509145302287
138	2.793597187506646
139	3.099420485785056
140	2.70959065084374
141	2.319095465949119
142	2.243373684250985
143	1.8565694895783957
144	2.478048351751349
145	2.4718729408342064
146	2.5548701078186307
147	3.1005669964146385
148	2.8728408711178806
149	2.8604140979277357
