0	10.354306422811415
1	11.312850298674656
2	11.075356187014329
3	10.349198600356175
4	11.799372017035372
5	16.34438252815957
6	5.080670504594053
7	6.998074934340202
8	8.676613946883325
9	3.8817140233336516
10	17.070516302812898
11	9.633516195902155
12	10.594829061688552
13	10.594627249741983
14	7.702994166463599
15	10.373706463086178
16	10.115548310325615
17	10.115261070677244
18	9.153909587077965
19	9.395882098799632
20	7.956542436606004
21	10.117274968868214
22	9.394108622792157
23	9.6356110234202
24	7.454285265834775
25	11.34921501541449
26	10.115452561864181
27	9.874311858052932
28	11.075461529284906
29	8.436412951998635
30	11.311988043242112
31	7.9573601572817605
32	11.794523957689035
33	10.084384869344866
34	12.543243936812377
35	10.357648884945727
36	11.075673006313265
37	12.028184086711724
38	8.439736573524447
39	11.548922745092009
40	11.317166861766628
41	7.238187744109833
42	11.070188352682214
43	10.83456518487546
44	11.793171345005334
45	14.429355593219507
46	7.717636019557784
47	5.799789870542088
48	11.073246640052005
49	12.961224395687315
50	6.9994345259691295
51	8.695322544137705
52	9.870574052223484
53	7.4809023999042985
54	11.792495580130009
55	10.354797797281911
56	8.675146991422723
57	13.233197066391199
58	11.314145146117388
59	12.512358118867047
60	8.412202672236146
61	9.180994585252307
62	11.073457242443578
63	13.467391730941767
64	7.2403364193524045
65	15.388362160236554
66	11.075144722687359
67	8.195549967836083
68	12.032325001953126
69	6.039291417404661
70	9.401030119103453
71	9.84189434743935
72	11.345416076788375
73	12.751719938651336
74	11.315440304460422
75	12.2711021100839
76	17.306601528516808
77	9.395704983625613
78	12.281210998536828
79	12.73962874354009
80	10.115068872661341
81	13.950463600381147
82	11.792495580130009
83	13.951134786305232
84	10.59331829432392
85	1.005130114326736
86	17.991016812194932
87	7.975537538179088
88	7.237784676803226
89	10.116220032392151
90	6.756434155220125
91	6.519974184114877
92	13.231291187209218
93	13.233705586812457
94	7.476035248107991
95	11.79294636086537
96	8.180091297509334
97	10.136597834150127
98	12.270632250606726
99	7.238321777214496
100	7.717276491620444
101	11.554214823519587
102	12.03174979179606
103	11.548041088960762
104	7.958698130400274
105	12.035893275265785
106	12.27286463681596
107	12.98708078862144
108	13.712848939646502
109	11.311556565484837
110	13.233705586812457
111	3.881982552051394
112	17.010170281493203
113	16.39435913264556
114	16.833675627592232
115	17.493892642800834
116	17.601822518285086
117	9.393930917835704
118	18.505401723966767
119	12.030024506332943
120	21.570075743941246
121	11.079366966625999
122	12.026459870348482
123	14.706221762089568
124	22.344516517604255
125	16.824055495593733
126	18.74458120785127
127	14.91194977666772
128	20.659920711258565
129	12.271689268526757
130	16.585822107708086
131	21.142599405207587
132	24.74143995283644
133	20.914084461917934
134	25.43878652233958
135	17.997294353589982
136	22.37883345355161
137	25.931841629339292
138	22.57590126525574
139	20.143074657511825
140	18.497314079468673
141	16.63317365311853
142	23.05817778308871
143	20.661732778427904
144	14.389291148613339
145	19.519200207584333
146	21.378992454952137
147	28.3319644152047
148	23.06358612183762
149	24.617349425309403
