0	11.394260024660902
1	8.684094962446618
2	10.81613356553071
3	5.921068553512286
4	10.781006004434204
5	12.970303811408677
6	9.651850093363283
7	9.240377976219904
8	12.833778168515927
9	10.09790421521291
10	6.534300721630266
11	8.591547838094602
12	7.665782084152667
13	10.063025116447758
14	10.956558589644448
15	10.626017589736556
16	11.856922336186063
17	10.233313109004232
18	9.487105177830962
19	10.70670131806423
20	11.808194306950362
21	13.11064136846612
22	11.059016870695448
23	11.018993562687008
24	6.741335198647774
25	12.114175182572101
26	12.349455169059528
27	8.265909478122625
28	10.430279323284786
29	8.453712013851876
30	10.06395275808196
31	9.038093478329731
32	9.030753954815786
33	12.251591188825891
34	10.778453885598019
35	13.484012489026636
36	10.918209848189367
37	11.46368896422345
38	11.777925049027274
39	11.767379588004651
40	11.707918331945123
41	11.531375592809535
42	10.853986109764616
43	9.57926525559293
44	11.800128166637755
45	13.428112873739856
46	13.520272098587174
47	9.785783636826729
48	10.749869758153181
49	13.105343790352617
50	9.277487146749731
51	10.230007839193402
52	11.361877732515655
53	11.604675132485074
54	10.883983908869741
55	9.81720028315031
56	10.620702101835104
57	13.827616703557759
58	11.707044291395839
59	12.350032950429988
60	14.172217228009401
61	14.205241717186052
62	14.678894969607878
63	12.974325109949636
64	12.108001337026021
65	15.352440833641559
66	12.115664454903854
67	9.8201792705737
68	12.218566423068854
69	14.958712201068892
70	11.703441369048921
71	12.286787304531092
72	12.008389122280391
73	17.5787270494573
74	16.848319479488133
75	17.446722980741352
76	15.198037111762137
77	18.351684485746542
78	17.110766648029294
79	16.348928802266077
80	11.428790195800623
81	16.856173110136822
82	20.77807917312449
83	19.541082674897464
84	17.2485269761939
85	18.286235789984108
86	19.351408346880373
87	20.13408070690722
88	21.96937512403472
89	21.903257417484284
90	15.16308859285376
91	18.446503340257756
92	19.162984989206212
93	21.297898552052384
94	9.482459296963345
95	17.082955276988574
96	15.006453655608496
97	18.64952028038143
98	17.800005507665052
99	15.058691435292246
100	16.04767420124012
101	16.3704192255469
102	17.034416365821166
103	22.726816069734017
104	19.8148600597926
105	16.38843052155055
106	20.403894686261598
107	20.808503833304094
108	18.75109928153975
109	17.148475514271816
110	14.471549063736436
111	16.940682512060484
112	14.542281151602094
113	4.941049014443746
114	17.10608660378843
115	18.835456202809088
116	18.439839210963413
117	22.415313379958622
118	22.900384543911674
119	18.789455590366142
120	26.01134351658901
121	18.104617110803826
122	21.492988346935658
123	18.611558434371073
124	16.67956201109201
125	19.718333916166078
126	13.99514092294974
127	15.446599769861805
128	17.228659039316458
129	9.575361598381875
130	8.308238176461927
131	11.61561433053372
132	12.59244679586946
133	11.909538070945562
134	13.487695186820716
135	13.41607108608314
136	13.24208534299163
137	10.201535817549498
138	14.438975456239135
139	9.590793376764776
140	9.26747727733941
141	8.009943555001001
142	11.054805297443888
143	8.417426845753258
144	9.073240519969257
145	9.70478459591688
146	10.073240774877622
147	11.43628429817015
148	10.160645752162665
149	8.48716702055384
