0	16.406175022971226
1	18.78616475196309
2	22.497800836621824
3	15.837735292724421
4	22.225878139665433
5	16.438958406161614
6	21.077089087807565
7	15.994017060447366
8	17.48750292748899
9	9.25971706687233
10	13.442434589479713
11	15.426104651078976
12	17.084129398040986
13	14.56303527121651
14	13.702799720943851
15	9.1645262928729
16	18.91442698844113
17	12.464140651498177
18	13.957481206989176
19	12.884434243213637
20	13.33659765363188
21	12.183677805498565
22	11.781718247909616
23	13.48700474209603
24	15.36374968067388
25	12.050712457114443
26	15.684909328917698
27	15.966225613022019
28	15.714516481271197
29	13.13942463072907
30	17.834957647000326
31	13.438435692554602
32	16.84384918025113
33	16.49814217263906
34	15.098037330344368
35	15.467341564890784
36	14.862499622056845
37	13.320175144061647
38	14.604964520309533
39	16.406016218467098
40	15.048829974904123
41	19.4591886743858
42	15.861477325454295
43	15.690210104913543
44	18.26350306125813
45	13.178088490498101
46	14.369537498313512
47	12.165284453785642
48	16.70900571840726
49	16.048082539038987
50	17.754530978550317
51	17.309354160096557
52	16.513459659344516
53	17.107159265108177
54	12.085107623165698
55	22.754128892610638
56	18.620090666888512
57	21.89887072934424
58	16.093624215455037
59	19.11268365788418
60	19.36264479461978
61	16.54427356091849
62	16.767437926993544
63	14.463563135287782
64	17.449552691793855
65	15.601970637323689
66	14.766904927539947
67	14.93559959662701
68	17.79189024822638
69	16.55766126504162
70	19.21100745732971
71	14.375603882622237
72	17.15265335987658
73	18.41910487291549
74	17.15931622625679
75	20.568710153350366
76	15.002898216022658
77	16.100760345459022
78	18.296555050076865
79	17.356874179202435
80	19.865461684341987
81	19.436867392798856
82	17.96285977763147
83	14.939629735973853
84	15.75500234321316
85	12.92104901297089
86	5.413613307225831
87	12.810166984094987
88	10.782118607654375
89	10.439701824615668
90	12.08984012832548
91	10.665031217537088
92	10.511885479490626
93	11.973259492604516
94	9.092463662623118
95	13.000660591586307
96	11.137676374526961
97	11.93908420786019
98	12.089378144759849
99	15.04855775403896
100	13.21782559979157
101	12.056105283852393
102	17.161482902079772
103	11.264638790888771
104	12.20748716147682
105	15.087703202920771
106	12.989467518346164
107	13.535886066432791
108	13.86855475467835
109	12.61143655189285
110	13.755901374385864
111	14.62266315569968
112	15.385663796235097
113	14.507612141449783
114	13.948503345814213
115	1.2926852900977932
116	11.745528122754664
117	13.59112270922235
118	12.279215943632217
119	13.024040674387724
120	11.690752278537001
121	14.628712784380877
122	12.690281873451081
123	10.440196607836718
124	9.61497893844476
125	9.315079707109884
126	10.00717212661008
127	11.91849472751571
128	10.140186564286669
129	10.466792838352
130	11.759301622757498
131	12.490305211433316
132	11.12018683844699
133	10.861176232801345
134	13.589165714217987
135	13.17365465439595
136	11.60953009648301
137	10.889860566887808
138	14.076385282563518
139	10.412167287267646
140	14.226892925563764
141	10.064732724752389
142	13.509519719505981
143	11.906697914565314
144	14.083445603271436
145	12.089147596957492
146	12.056909340118434
147	15.275065490078859
148	12.060928738551084
149	13.732657955317258
