0	15.538236618259953
1	12.521256782082704
2	11.530901195426592
3	13.078104103696132
4	14.644908533224996
5	10.943267057823348
6	12.947763192841732
7	11.38457570880218
8	14.310847620153167
9	14.114342104195508
10	12.401992437423582
11	14.734894392814132
12	11.651607501634464
13	14.935776572020643
14	10.234203534412197
15	12.837622796021114
16	11.231945458480002
17	14.719142884904809
18	13.325066700710854
19	13.277682103874264
20	11.912422062373128
21	12.484467756873283
22	12.818750346986555
23	12.65262132636374
24	14.856826097041033
25	13.20014931015307
26	13.137863518831615
27	16.501260618758334
28	8.9861599785157
29	16.15201443867283
30	12.05882915292943
31	15.067251362678803
32	13.854512384876584
33	12.04157033833776
34	15.851445858108292
35	10.824322772431398
36	16.728756822036086
37	12.531221799371057
38	11.944165801526893
39	14.869374817309339
40	13.429100154010115
41	15.155916336779262
42	13.46060139107339
43	16.13590301549089
44	13.688234427083728
45	17.322526654725692
46	16.56729277784198
47	12.46533780305801
48	18.61468641585997
49	9.370589251220517
50	13.828414814941015
51	14.365504549077261
52	12.481275128316597
53	17.663506156748696
54	10.574785371394093
55	16.161629190668677
56	18.14027147131433
57	11.874914133939996
58	18.402280555355585
59	14.224614248224096
60	19.412547576254326
61	12.500297663090832
62	20.52481327194104
63	14.750962986313299
64	19.637487427488004
65	16.77095480886385
66	13.730972194534766
67	19.52815966353768
68	19.385757481899233
69	19.483674212619068
70	15.200836285499143
71	18.69679059963498
72	18.769217550017817
73	12.443880099845797
74	16.442836965661193
75	15.857539562292036
76	14.11171849486464
77	12.235502382131928
78	11.94326259977641
79	18.742902850444914
80	12.170707004276048
81	17.890383840420938
82	11.705185244511378
83	17.779178126230843
84	11.199684742862946
85	18.733984096426465
86	9.265930207928573
87	13.150763406597239
88	11.441097900395798
89	11.9327762041643
90	14.080631982753282
91	11.81296004433815
92	12.486016136442231
93	14.158714198872532
94	9.862084678358654
95	12.121439156759626
96	13.71641273150022
97	14.49937497249516
98	13.896467921195214
99	11.768553637064885
100	15.539965485978174
101	15.356547482886738
102	12.785273774798265
103	10.346263407243868
104	11.396773688087347
105	15.408713597798556
106	13.36616561141999
107	14.028607977155726
108	12.963451940722518
109	10.710298519440082
110	11.146254964229627
111	13.653744739855531
112	9.280464925257943
113	10.779555747638446
114	12.611397416105909
115	2.1930314357475056
116	11.03112723134317
117	7.321053130378153
118	8.257831139997426
119	7.147358181995861
120	7.308877849621525
121	9.486746698503314
122	10.38383559377467
123	9.949112669943734
124	10.108423722197713
125	12.044524505618183
126	11.643038340600945
127	10.682310434826327
128	10.862829224382214
129	11.350974756629387
130	10.218429111908884
131	10.735734580206913
132	8.82029739595613
133	12.677804630067012
134	9.605942182168581
135	10.110691961248646
136	11.027910710643676
137	9.420203010519693
138	10.902643798836527
139	11.683031777574476
140	10.360587957411525
141	11.213371939089853
142	11.382193734270631
143	9.85686691326434
144	10.646938650110812
145	9.679131490646315
146	10.664642936485915
147	11.759234674565455
148	11.761556156361411
149	9.07215160435203
