0	13.066770494717863
1	16.793350448565644
2	13.6004223057541
3	14.311320273222439
4	14.889863172169433
5	16.67224595235064
6	16.38045980442354
7	15.140299267431827
8	18.005461506924885
9	10.841188831651834
10	12.154799028726435
11	12.639885715918775
12	16.344734360991332
13	11.812797598753708
14	12.026140744618058
15	10.473148933611792
16	11.15866813429255
17	12.528705742224727
18	13.683042068052938
19	11.171882264346443
20	16.54852717896552
21	10.662382757971121
22	11.57488810658711
23	10.773254334440292
24	9.146384989091965
25	12.029081940868641
26	9.735491613949423
27	10.468866633636225
28	9.253413310909133
29	11.035355220230048
30	9.484809678229816
31	8.75547207939959
32	10.633812623567023
33	12.763824245114474
34	10.88729352364217
35	11.439101124479942
36	10.00108805137247
37	12.230795255710108
38	10.265809463054474
39	17.213086165715218
40	12.030100338772394
41	12.061532938456738
42	14.562318222851685
43	12.15628672404806
44	13.347960393364875
45	11.792595069357235
46	11.823173041093188
47	11.356385525838213
48	10.633713868792702
49	12.237475421758834
50	10.869748326647606
51	14.472979348268531
52	12.040065288197598
53	12.279390576635866
54	10.744586656963651
55	14.601096322381618
56	13.593833999728085
57	3.4426034988302616
58	14.101947940983115
59	11.280371148834835
60	6.2137294960781775
61	8.092307013134933
62	9.087258643118904
63	10.100347410823842
64	8.242909343197693
65	11.741148960821688
66	12.477440804447278
67	11.863734894330486
68	13.401442302447094
69	10.01287861341973
70	11.022561503325813
71	13.06232571722251
72	10.14194392225645
73	11.325522165426653
74	9.542802974997462
75	11.325628111477233
76	14.891280671841363
77	14.39368520231614
78	10.537631202560059
79	13.30513810057841
80	11.63017792665404
81	12.601667790413536
82	9.47795227547689
83	12.237245327071872
84	13.433376051719717
85	8.678620783947444
86	11.908686265476538
87	10.648250021150407
88	10.908143616225534
89	7.991352769562503
90	10.165043102926957
91	12.099103881112697
92	14.804003433033028
93	13.376236922734787
94	11.807902875981014
95	13.65234063860053
96	15.263807570410894
97	13.764428992236697
98	11.786702859344967
99	13.065658770342882
100	13.528839434234351
101	14.393959393837436
102	12.103443012663217
103	13.232208538839778
104	13.198126221876807
105	15.636871898875526
106	10.827587494115875
107	10.33085609674358
108	11.035871255340764
109	11.159503907417182
110	11.770673620825564
111	13.440104796690276
112	5.426083871277611
113	10.188161630999538
114	15.765747827895973
115	16.339901739273497
116	17.004829097862668
117	15.594824365226867
118	12.395476111905174
119	17.87466198372717
120	17.95144086561329
121	16.672884441192636
122	13.813060725269303
123	17.915597090935268
124	15.548561321720138
125	19.296838095091008
126	13.267508993556566
127	17.21114967260491
128	16.2187688497601
129	15.179439768798602
130	16.166647774135093
131	16.18195349907676
132	16.013317323153846
133	17.74577331344211
134	18.37566547845762
135	13.898473078262406
136	18.16552005457903
137	17.455057485544017
138	16.71673271407919
139	15.508222046302764
140	18.785399866653535
141	14.356208081483208
142	15.490347690449166
143	16.142642870190905
144	16.01515436137208
145	18.661703364284676
146	10.841390490169108
147	19.37884808207119
148	16.7927397334619
149	14.175911775932624
