0	8.923535404430869
1	16.39546093561179
2	13.016181227430806
3	13.553304227912097
4	8.60722948907215
5	17.461014863120777
6	15.410912434831985
7	21.168927735027104
8	13.545601265837842
9	15.536535314873639
10	17.85429407774966
11	20.527983440402796
12	0.9780460653353303
13	25.824226117391383
14	14.42706195486926
15	15.920974054632513
16	10.104440284722607
17	11.89352710739388
18	9.628947267907698
19	13.597322614821696
20	11.86208044978937
21	6.7354504127586985
22	14.269632232534278
23	8.998247536056542
24	13.158652899545544
25	12.066508660839553
26	11.941055187607088
27	13.870412224551963
28	9.628770326154854
29	13.470395281867493
30	12.385595467083217
31	13.391212861636397
32	7.524076470729885
33	11.915914535471785
34	11.971373879272317
35	11.123661861381596
36	10.8645973806114
37	12.224704054610086
38	10.521508221148476
39	10.836963102583724
40	13.359971352883356
41	12.600900736431338
42	10.970245792841894
43	15.411058883394794
44	13.236108369086296
45	14.903323712309259
46	11.62244531820527
47	12.413771407864502
48	14.814767933974
49	9.556633990149926
50	15.720822215673717
51	16.242321420974733
52	13.641230620180647
53	11.467658706253172
54	15.925692622589182
55	8.781281144135061
56	15.410912434831985
57	16.84058742202445
58	15.685718606774426
59	17.187009161827156
60	14.14816762705044
61	11.520116004330504
62	16.479407461079326
63	12.729453036794034
64	15.292183826365505
65	12.965550435358821
66	13.233979771160968
67	17.104991027788987
68	14.30778143001768
69	14.622005963155033
70	13.239116331681643
71	15.724416316396233
72	9.707320793301275
73	10.600766374634247
74	11.703477487310401
75	13.203373276820546
76	11.309511633340996
77	12.446893574539128
78	13.876922176133238
79	14.54355795944787
80	12.0189039791278
81	12.493454068696106
82	9.496105064783073
83	14.228238723688737
84	10.994588186778952
85	11.94094338279032
86	14.497708054779277
87	8.294217826909712
88	16.595759289528363
89	10.469101938856706
90	18.20144259167881
91	8.392723570230979
92	17.066545098143635
93	6.972516403701347
94	9.338552415766301
95	14.186345907805254
96	7.741750035651533
97	13.790673696303454
98	9.654096934402723
99	8.056545716280429
100	14.966040579716946
101	14.122612809307444
102	8.865370093613432
103	13.790673696303454
104	11.752719206984391
105	14.464420241287723
106	12.28814600422282
107	12.854354282751956
108	14.936599028438732
109	11.940495351557761
110	10.364069681816328
111	15.411645799887712
112	9.81164419176475
113	9.89069047522786
114	18.060668801062263
115	13.507224038318629
116	1.8473940601745875
117	8.22854633346969
118	13.415261035072305
119	7.208715013669703
120	10.697852742483782
121	10.109579113175595
122	13.203248864322699
123	9.994814263678691
124	10.49449489382246
125	10.704639965245558
126	9.788486053133095
127	10.915115123497706
128	11.941839552817385
129	13.629282710227589
130	9.178547746589526
131	9.711972210306755
132	9.812007062995644
133	11.310357230361806
134	10.915522121533087
135	7.701482523134565
136	8.449318015086654
137	10.07473692254522
138	12.256510069042335
139	8.055087383810044
140	8.708997163994646
141	11.309723413560977
142	7.918790504902578
143	11.231911623034474
144	10.914606611197875
145	12.256970766934622
146	7.701692057734952
147	11.360128829167504
148	11.704135704856906
149	7.61998813193338
