0	13.85547976605071
1	16.64329292868825
2	18.027355169985757
3	11.542096041567705
4	17.262351929335843
5	16.16089178705941
6	13.103298069448417
7	11.689579110364848
8	12.4193079956558
9	14.794654115668674
10	17.463337119145994
11	5.659147788069337
12	17.935805523694956
13	8.77997801550008
14	12.645500032473036
15	16.251620553711493
16	19.521623216696547
17	16.38845562695958
18	21.661362927585618
19	15.639209166474577
20	13.405457144276664
21	10.92876788012889
22	0.7124259554491165
23	6.480901369642992
24	10.091651812728564
25	9.688005141599305
26	9.70084969719164
27	11.059493836387926
28	8.714555068679081
29	8.930618388212869
30	9.378522126094682
31	10.539772916543999
32	10.057079197682219
33	9.732611135624111
34	9.720268275376794
35	7.1458409348253005
36	9.129889827640135
37	11.041691351689872
38	8.413765653147998
39	9.000476613109969
40	7.261851875940902
41	11.202006024183895
42	7.158317650540941
43	9.617239989028466
44	10.032144212828644
45	8.547934408785572
46	8.895822953451841
47	10.567285813313601
48	12.055603737788157
49	11.188992832749149
50	11.183113078578147
51	12.798228705090235
52	13.596330501717993
53	9.934351508300507
54	10.465305014819231
55	8.872106950893611
56	9.908445438053317
57	7.6492133675632985
58	7.1707571219277915
59	10.314208557569845
60	13.765959682339492
61	13.031389111143444
62	13.00089466602572
63	8.204686764615108
64	13.132620269566681
65	10.307052122451038
66	10.53816857740353
67	10.102858683459086
68	12.575056830299063
69	13.175750963407767
70	12.16506457659199
71	12.617522363714492
72	12.999769385071405
73	10.855454630342964
74	12.100028482164742
75	12.721713597330057
76	6.466473329649391
77	14.506677275671226
78	9.144983693027886
79	10.49341457260166
80	10.077495055951294
81	6.9109344828339
82	11.443334938041582
83	9.999868939786914
84	11.086412838654429
85	5.466598783619242
86	12.47707472883833
87	7.895883709460376
88	11.52507261331911
89	9.716498239843837
90	11.015928174347716
91	11.857464538610191
92	10.797306574124503
93	10.746022033194025
94	9.59459775255469
95	11.707979579225409
96	9.45290674405264
97	8.45697825496564
98	6.821091191931932
99	10.884271512045899
100	9.789508629323475
101	11.408687356933857
102	9.491374831779554
103	11.949581607194236
104	11.51824290951049
105	10.596204143979373
106	10.825916043719626
107	11.813075308404004
108	14.056197173900772
109	7.194842054785398
110	12.150119029443628
111	12.210433882675158
112	8.664963932219658
113	12.497897203650673
114	10.769312026936436
115	6.842562573969218
116	2.3259482396876074
117	5.1186832294612765
118	6.170302817812822
119	12.375141236246462
120	10.817818441768425
121	11.893317810618006
122	11.8820595714263
123	11.531909974860865
124	12.469798803988402
125	6.215708823529302
126	9.213328125277709
127	13.349612423223391
128	13.643019280107412
129	10.471842663626102
130	12.295709511679263
131	14.567210250197164
132	10.349431649527608
133	8.184233226138227
134	8.292386683514135
135	5.669654504395167
136	6.561436731421634
137	12.815618699072722
138	7.802251143446481
139	7.890194323383136
140	11.85032408743948
141	3.1881022401826304
142	4.174445208971404
143	8.646576568981715
144	10.67773255518365
145	10.18106128662824
146	13.493631239438423
147	15.660481250930948
148	16.27574345559287
149	15.296507665343247
