0	12.01974189064721
1	12.42585944480936
2	12.0128630593371
3	13.442522820299164
4	14.842511268075429
5	12.040073700659235
6	14.78732076097394
7	14.505887365280005
8	14.28148162188214
9	15.403744696710078
10	7.670078315954994
11	12.208743386472156
12	13.875048126833345
13	14.052553082480806
14	12.791569678332447
15	16.187201049118624
16	10.616789201449887
17	15.227795025484479
18	11.339132273111906
19	14.506162600113075
20	10.833156206318273
21	15.351217218904942
22	14.858680430272527
23	13.645925444220552
24	15.849631808737218
25	11.898727915896618
26	18.1471921791523
27	15.515969488031185
28	11.221434516459567
29	16.658364883997713
30	17.355631801889217
31	11.816722621026521
32	16.35061570524039
33	12.012525715716398
34	14.394503905076123
35	20.78103664943695
36	13.553317931136869
37	17.02853550218552
38	15.796164983670652
39	16.005397801039564
40	8.061594547830934
41	14.022373229446139
42	15.162399341843301
43	20.05397549731726
44	19.60959423793802
45	18.748055274927893
46	14.588280232645548
47	18.258284331045967
48	13.715181178631058
49	15.644091114074719
50	15.794657776179543
51	13.665643375610298
52	17.579740215228142
53	9.326625931641717
54	14.059352420740211
55	15.330675920612336
56	11.760908138927492
57	11.086600045478045
58	8.769787633280762
59	14.88216074322475
60	11.003228305547614
61	19.436835024373888
62	16.18797425559181
63	14.113652892397537
64	14.952305224448198
65	14.041810840443409
66	16.255620461103057
67	15.563465889021746
68	16.212254235582922
69	18.450569293517106
70	11.764110290860518
71	12.847570575153034
72	12.82427654640616
73	12.881037370637273
74	18.872739190853473
75	13.238354607130232
76	18.927839444830287
77	11.059621845314767
78	16.244322790895716
79	11.199386511146814
80	12.854241856607121
81	8.827455674096234
82	14.674824700726052
83	20.55163970229205
84	5.422537849948391
85	22.10100202474386
86	3.9805515993047673
87	13.407253918653478
88	15.54769880399638
89	12.271592533543854
90	12.482565416378513
91	12.965312392167915
92	16.955586666053815
93	14.999766003497367
94	13.397384934498833
95	13.66797376910097
96	9.070638241051524
97	8.8804281218446
98	9.096515635267508
99	11.89449380939713
100	8.968467057692001
101	17.216773147216628
102	16.76395743957664
103	10.024416423353527
104	11.22933175695294
105	14.562473579790103
106	16.198661968164934
107	18.42069165932242
108	3.9720124272735067
109	13.68654347742659
110	12.880793681143878
111	13.16195376785446
112	16.1660702433188
113	13.021833061695046
114	9.686916525918303
115	16.105985314495484
116	13.25207510377549
117	11.232610430797648
118	11.67874784819602
119	10.141868455531407
120	11.80530668984608
121	12.349058029674286
122	13.273526384763445
123	9.487416154817932
124	13.293354766561594
125	12.098039638211617
126	13.863184192927413
127	14.194463399025045
128	11.161206635788766
129	18.456599847825817
130	10.360468606855683
131	14.211909494243258
132	16.08385138763687
133	11.899249868853708
134	13.970055455226676
135	10.498262287612151
136	10.612968956936305
137	12.824639919840905
138	16.288534436471224
139	15.615833436067742
140	17.369587707003937
141	18.833575541804954
142	21.84876172595664
143	13.800266036417145
144	19.54664254174173
145	2.4021312362908267
146	0.8337434491206027
147	2.5689054563744502
148	4.087224470860452
149	7.278287380853671
