0	22.59641171319663
1	28.582688187830684
2	25.34190116515667
3	26.090609337727987
4	24.369038630979443
5	20.51965362970971
6	16.489710189544624
7	14.767463350710933
8	12.945140636341803
9	12.515978277753078
10	14.241243046649656
11	17.162571594734743
12	13.501806369828786
13	11.240741820739908
14	15.72634449451024
15	12.559658330280842
16	12.174078463643793
17	12.708229161081485
18	13.645290396793863
19	9.972696241566593
20	7.942922058042114
21	8.67904213369181
22	7.906067758808555
23	8.109378489232117
24	6.66541083894111
25	8.31341328761266
26	9.061927539770608
27	8.180088991690528
28	10.789029902384176
29	10.213015008386767
30	9.273745053821097
31	9.377100817565221
32	8.988717526839164
33	10.135520026939504
34	10.910789718171815
35	8.371244603454471
36	13.028889051870808
37	10.69165842970255
38	9.731690911155479
39	6.221663819529401
40	10.352387262785053
41	9.061677137948422
42	6.281912658923118
43	10.213204536828933
44	10.286295708127833
45	10.352868552445308
46	10.856121455998899
47	10.978936097522862
48	11.798275858321844
49	11.487186762939878
50	11.320376469567268
51	12.987308608696827
52	11.170339896202053
53	11.42921432348057
54	13.119440604567675
55	12.100000649721224
56	12.41740208020619
57	12.89696292028148
58	12.656940899246026
59	13.650992708517467
60	13.088817313535282
61	12.36213665962885
62	14.007254454429422
63	15.243923591976774
64	13.329870855972231
65	14.856409466657833
66	10.933150552135341
67	11.142934815483285
68	11.103758374447006
69	13.327601417472739
70	14.909428289794572
71	8.05326466583063
72	9.232882729861158
73	8.295042195505168
74	15.613810431160063
75	10.1914230719942
76	14.563772690865042
77	15.013916916313336
78	14.957928190184937
79	13.183811850971725
80	14.909854286291255
81	14.618511401610387
82	14.72064707593213
83	16.197821394360048
84	14.324692613168287
85	13.189047751352962
86	15.252350894841419
87	15.05414127750893
88	16.706507142838657
89	11.634560951049664
90	14.275811529109422
91	16.576891803450614
92	14.20193055487751
93	15.581493643597415
94	6.808654033710416
95	18.93956534319373
96	11.314123710082576
97	12.603900681931501
98	12.833769204076567
99	11.844556100800956
100	13.924278405069655
101	13.757927016858732
102	13.292655389479961
103	12.973934142503065
104	11.518891952874771
105	12.667453707363716
106	15.198024115269327
107	13.886423444479938
108	14.062728743496567
109	16.67512181239788
110	11.4124382217604
111	13.806769340147607
112	14.335489519979259
113	12.9583210787492
114	7.190057195707152
115	7.5021941970678805
116	9.03839228748158
117	10.978730538645804
118	10.3051453153723
119	11.785966917396788
120	11.932927254118258
121	7.5573584513361745
122	9.567412598250483
123	10.53119046260924
124	9.354602798517005
125	8.398118029130064
126	9.994479078717116
127	12.402409233868854
128	12.800614181568019
129	10.042832570077032
130	12.129126413190521
131	12.27279778247557
132	12.945628815662682
133	13.514843089431839
134	12.564749811781024
135	12.497008628987828
136	13.424731203490488
137	12.144958373152317
138	12.890892777484497
139	9.797955131765047
140	12.737434203853653
141	12.704872190323785
142	12.993074327382814
143	13.656901272023203
144	11.941898836783446
145	12.026147930038656
146	13.477640463221684
147	13.138861762300571
148	12.62480383948594
149	13.280047683256898
