0	14.505199317797953
1	12.056995643421473
2	14.678378298291234
3	11.965067202602599
4	14.576964211089958
5	17.375616959726596
6	14.85504291884138
7	14.31961334648154
8	14.97863615119071
9	9.353391282909525
10	14.942945674654807
11	10.588500353235107
12	13.546886197300886
13	11.490660934454018
14	15.92975332075198
15	12.877924149549791
16	12.277544374801819
17	16.29376214110224
18	11.173063595690131
19	13.648400355354172
20	12.878659847927704
21	13.23577404521491
22	15.298743843084523
23	11.172746958460255
24	13.51146670253894
25	15.708397020990713
26	15.109869876879356
27	14.832453521014372
28	16.858157324356004
29	10.566389253866854
30	9.000418603567196
31	8.232493140620218
32	7.757544092162139
33	7.970969588939964
34	10.793389220847416
35	6.894450290024901
36	9.064049551814831
37	9.512620926039338
38	8.94756355197434
39	10.266899023335602
40	10.038309594260213
41	9.983159204418
42	7.227611495713756
43	8.636468622714732
44	6.999167998387017
45	10.432062527756733
46	8.731286155238763
47	9.08969081457467
48	8.118156499098216
49	9.13050013929152
50	10.949104411799294
51	7.987125925237033
52	10.520921538459444
53	10.925520351581383
54	11.60756879553471
55	11.770216513492391
56	9.762294318283578
57	11.082792025324414
58	10.113536360956198
59	12.053443570741988
60	11.996685277264573
61	14.214161162349106
62	9.803797398722256
63	11.925060506594646
64	10.918024879854539
65	11.786784988555755
66	10.246908402304728
67	13.148915596493117
68	12.462212178636138
69	8.593155863178021
70	12.562500070923488
71	10.308491060356339
72	9.639672083264108
73	11.189314848911208
74	11.353097542689147
75	13.12866693419321
76	11.041876981727661
77	15.704928440040336
78	9.983592504304951
79	13.228452352332601
80	13.63296340425512
81	12.883439474402318
82	14.942372910563472
83	12.154422305255116
84	10.924184627202802
85	12.957691823298457
86	14.860737575288374
87	14.08061877722036
88	11.394205290116624
89	14.773093048366617
90	13.181435222909537
91	13.774859811126904
92	14.214605989264017
93	14.645513001739548
94	14.617517061919628
95	12.802735104822956
96	10.634570419268035
97	15.026556436303661
98	15.25458905893087
99	14.738041339403006
100	14.603926690089471
101	14.325449984307255
102	16.871954194319976
103	17.923946990660692
104	13.931158160212831
105	12.844327958186293
106	17.546378673440916
107	17.084146139615587
108	14.593435963245243
109	16.062987339287336
110	16.703550880547695
111	13.631663946533816
112	9.57472116745755
113	12.477621821929091
114	20.86634490224302
115	13.586787753794
116	13.673637311525836
117	13.079254217550803
118	16.333466394201885
119	17.051284930020696
120	17.59018550605957
121	15.887329386459172
122	17.045816488764125
123	14.673269242433756
124	18.13367697083804
125	17.68002639715006
126	17.13950675077858
127	19.29582658968233
128	15.979079463546071
129	21.98737344819636
130	18.756298150411087
131	24.434583398225644
132	21.08826706750068
133	22.812565296721367
134	20.309338005949392
135	23.63040743328431
136	27.237311021882725
137	23.28734679292917
138	24.583091693973323
139	14.325860289858905
140	21.90957774762192
141	26.296259523210708
142	30.38378319744822
143	27.11430253805667
144	18.672747257967718
145	24.745910699074535
146	29.246701543827875
147	36.12218164913874
148	21.56974646347556
149	21.588947093509358
