0	3.910242530697406
1	8.68826765571685
2	6.4256138782406165
3	7.942103143035379
4	9.412849620531434
5	11.588178614529907
6	11.48492544172288
7	10.03424543638058
8	10.345086052491054
9	13.452282298948528
10	3.715913320192699
11	15.214020367732328
12	12.44298637645684
13	5.155855752174006
14	16.18691149684104
15	15.421789148508285
16	18.479697753555772
17	12.405536412995895
18	14.226921459466256
19	20.777658382487893
20	14.073760844304697
21	14.075117654909405
22	6.529004180073304
23	15.173825691235432
24	13.659178181359415
25	16.39143616561444
26	15.109850038062453
27	14.451122945711086
28	16.77187627103375
29	16.812003729273535
30	11.593833929291335
31	20.12180042923947
32	14.72638297241388
33	11.771009374242011
34	16.08477553923595
35	12.168967861520187
36	15.742768971512895
37	18.265970350165006
38	10.834897801432168
39	16.926738985195048
40	21.667556883880753
41	16.144886403213388
42	19.503984268831886
43	19.72778093552928
44	11.41144259824912
45	20.131779061306723
46	15.109411527099292
47	16.34776221555335
48	17.18682478469885
49	19.200768126277456
50	13.934459212814552
51	10.863202011010038
52	13.889755922156457
53	18.806585404356237
54	12.548123899811868
55	17.086195476637247
56	15.48298763239835
57	9.121059761520227
58	22.003824289222177
59	14.178024151657475
60	9.723503061412574
61	15.10269678597505
62	15.84197782623869
63	11.3017230920419
64	9.392674656336874
65	15.353690295491294
66	12.595353174789409
67	13.553773783287413
68	18.42859088025104
69	15.315384978813679
70	12.126547756341477
71	15.851036350722593
72	11.454811938003287
73	8.791109865345213
74	15.627305105931596
75	11.066251183716334
76	15.364414842802326
77	14.362466713577454
78	19.440026662927423
79	13.97031551930866
80	14.580680765875545
81	16.721633126142063
82	6.599076539828898
83	20.91145246839003
84	8.480453936099192
85	11.795231613317132
86	10.241991016464908
87	4.440607047299526
88	11.485913803585271
89	14.797675477529872
90	16.606690408335282
91	10.76033637440074
92	12.278291984193
93	15.04756940770368
94	9.698404672830314
95	13.068617917470313
96	12.628371841045245
97	11.895737817051618
98	11.250673014325667
99	9.10236228928001
100	17.18215380090398
101	13.658389306453664
102	16.08602458494611
103	18.534541143293563
104	14.903694808737274
105	11.962979478213724
106	14.181717113485169
107	17.38898733740848
108	13.696377123449253
109	17.857278609585247
110	16.501203262218795
111	4.635569557788921
112	12.807848531930901
113	12.39247235344273
114	12.417675816633862
115	15.7505499370078
116	11.574231504634058
117	14.177886621244168
118	12.96865724412132
119	7.2187653515316725
120	15.52567921439845
121	11.193621247850324
122	12.829201475378845
123	13.947865429260688
124	12.72759007355343
125	10.25964767703093
126	7.121478096354965
127	4.855510226445038
128	6.00196052091443
129	6.607901415965193
130	8.377188553334442
131	6.512858858510496
132	9.82754991905201
133	8.894437310716926
134	11.06635658777384
135	6.010063934444567
136	9.908191045244639
137	8.48029409579602
138	10.864134390484562
139	9.619101972638026
140	12.65852390285223
141	8.252067381272829
142	12.227494167034246
143	11.468151285297724
144	13.762357814047744
145	7.442297377665106
146	15.996287020756432
147	12.68362510533995
148	9.113812515530379
149	14.370911063112537
