0	15.343809005463271
1	17.71840678753013
2	16.80853919544851
3	15.141602477184573
4	18.402107344910092
5	15.314049918902233
6	21.18397935517768
7	19.023481819166076
8	20.466874698260476
9	21.171250593413955
10	22.16915569293783
11	16.199167347701895
12	14.249732160799905
13	16.79952396505487
14	15.575751503051762
15	17.442601442478406
16	12.576343433133799
17	20.58141150560387
18	13.267480986734402
19	15.673611401479423
20	16.619857896457034
21	16.59028868565685
22	14.661600393794323
23	18.80218539316409
24	17.555138789239162
25	14.621754934719378
26	16.138784520978678
27	15.042325671003978
28	15.688144330499247
29	14.307396392193732
30	16.799845249923134
31	15.58464880748167
32	15.801400879870672
33	16.41311195126586
34	15.825924457586448
35	17.458653286683795
36	11.043294580656239
37	17.902046995699433
38	13.060180983549989
39	22.651801964409078
40	15.912699620387123
41	17.185891045735918
42	14.839186333235128
43	20.062498265845942
44	14.610521703442009
45	22.487486388021615
46	20.199973439210925
47	16.218391713779308
48	19.487676748062082
49	19.744329277906843
50	17.589513587475782
51	17.061821727548956
52	10.722553075315112
53	21.13351622426949
54	12.464912865357746
55	13.010019117097574
56	15.51748229773916
57	16.530604167517343
58	16.606312624217054
59	12.173260610274081
60	19.64709788937621
61	11.573417374465949
62	16.667122804010443
63	17.056936276254298
64	12.873919051446583
65	14.972735969057489
66	16.256225103401622
67	18.110170487847633
68	17.977949125762496
69	12.559097470243259
70	19.47695169030426
71	15.143741419664774
72	18.371205794624707
73	19.026046051139133
74	19.087238304813233
75	18.82142805865438
76	16.360889406060846
77	18.232723624469948
78	18.846475200311993
79	20.381465326282797
80	14.623150762908722
81	19.09385624950596
82	19.22100846711378
83	14.458595590385132
84	19.819628042358737
85	19.219044988545875
86	18.163719442718634
87	10.062146498819484
88	15.195550883079003
89	19.06680421103893
90	15.0400318634359
91	9.176171691941382
92	14.712128366450022
93	15.744075429863491
94	12.160758704839914
95	19.796765398627972
96	15.433887935984922
97	17.44898282818872
98	18.774681393907866
99	12.487140722070325
100	15.222995127665422
101	20.013132375163234
102	19.410564511178872
103	13.42734081094149
104	19.85333536144836
105	22.428086432467826
106	17.382831558808753
107	20.660938992819467
108	19.548500707867298
109	21.25750857364842
110	21.197956077295135
111	20.319838630402323
112	19.876884707062587
113	18.889608016531167
114	25.696854020359098
115	13.21919230363693
116	3.466698468091349
117	13.942012399387746
118	11.831104164147302
119	9.411006149706052
120	11.627397945719354
121	9.211307591166863
122	10.942355061095316
123	10.882971142498299
124	12.52330566815998
125	13.904307683531814
126	9.715822618391147
127	11.079070335111343
128	10.657101975380433
129	10.389873127684492
130	10.292352845758364
131	11.241735565322193
132	7.861097085908606
133	10.385132077169684
134	15.952845297456546
135	10.749625845406978
136	11.691901909621766
137	11.637228468518508
138	11.295300639021244
139	10.856095375673107
140	9.70097826432526
141	12.907489371754256
142	8.164439779051255
143	6.205657171243782
144	8.128489331881422
145	12.76127395001449
146	14.027759106883956
147	12.186356080583819
148	9.569079703985937
149	13.227173088249113
