0	8.478624412532469
1	7.384684813948781
2	6.6774111750551794
3	8.443280691211942
4	7.295416717880943
5	7.1111598246641154
6	9.903246142976212
7	6.811545190952229
8	6.115296945062889
9	6.8379628436960225
10	9.87259651448953
11	7.250604776139732
12	7.229761864966143
13	10.893180200878804
14	6.961083234016351
15	7.6584999099093665
16	10.24199885767185
17	7.310553996648654
18	8.826967650282546
19	9.632435332727276
20	6.876248879805882
21	10.129039560660559
22	8.96484362996173
23	8.636511731251321
24	8.07793875633724
25	8.651928169663472
26	11.237271299541453
27	7.539891514383953
28	11.429654282359877
29	7.798547724779133
30	7.9380196651596515
31	7.239865535900873
32	9.195788639564784
33	11.699431862228444
34	7.47140541000523
35	11.008870952781374
36	9.891822083080433
37	8.409758230096502
38	11.034057813962482
39	10.963525961789262
40	7.95321985463177
41	12.021374010995642
42	10.575295154879319
43	8.767413252579631
44	13.676260518211928
45	9.323828053939547
46	12.439338035353344
47	10.922972438808918
48	8.697756947085582
49	13.796782237051318
50	10.137248379410346
51	12.104384930452028
52	11.192395779578714
53	8.955744226548042
54	11.847987263680444
55	12.936848088173015
56	12.057310143965816
57	10.660357737681034
58	5.565076250720311
59	12.047297162890015
60	12.65300050258052
61	13.494215484234676
62	12.296966907799026
63	10.37856985646571
64	13.633396009938714
65	14.042031355920074
66	14.7849732215439
67	14.774576880896811
68	15.478108556680311
69	15.862349359588958
70	14.16980665306047
71	15.78464868202349
72	13.552314745401121
73	17.983672917990617
74	22.03901852321273
75	10.238701043701825
76	8.076657067095972
77	11.125189945038551
78	14.851086851375433
79	15.965560703334102
80	21.912161102213712
81	26.84108374583674
82	17.785361846467968
83	19.31102316733188
84	20.923054094146902
85	33.759274830141834
86	21.927354808300503
87	23.49917614563285
88	28.95309226114412
89	21.97999098475655
90	33.647543281586245
91	33.55815293044702
92	24.620859994970882
93	31.1203255748036
94	31.2370690587723
95	28.96335137454763
96	29.44099664332154
97	36.453242865324235
98	21.90973519163948
99	15.404580226743116
100	38.10553087011006
101	27.266432337616052
102	23.87288290423564
103	10.737813996190237
104	31.303047851309426
105	16.804540594263482
106	16.38455868850086
107	20.864828662237215
108	17.456307731274624
109	20.22474936553236
110	16.518101709390287
111	17.406220943798655
112	22.962142932669348
113	20.174872435847064
114	15.508198626742839
115	19.415685386765674
116	3.1160625891454776
117	16.735862990449654
118	16.525291744245973
119	17.647934420500025
120	11.677838190561909
121	13.342098713089648
122	14.330770333592092
123	16.03645152501948
124	11.598820653962292
125	13.453425450973493
126	10.632800968427281
127	13.629048174195631
128	12.755555154903782
129	15.05996235831067
130	12.16438117207585
131	12.502745355640883
132	14.05119015612116
133	16.734404981803745
134	11.42856532292904
135	13.350060079921446
136	13.695961375724416
137	11.722229792487761
138	7.231833754663256
139	13.942642362380466
140	7.937723628700185
141	7.954929111791275
142	8.897454265184166
143	7.7983297404973175
144	5.9277406836024324
145	8.362270313429596
146	7.5664870907545625
147	10.334536354378054
148	8.89636997360802
149	11.179867635610355
