0	15.324760441956988
1	19.128889787922137
2	16.1116571686747
3	19.208128894317575
4	14.463805369357221
5	14.248928525711948
6	18.523914566849232
7	16.263848396847425
8	17.93817562548562
9	14.678665019065292
10	17.982376875282526
11	15.108477530523318
12	13.530823976512199
13	18.557016762428837
14	18.451772252106082
15	20.163816261691156
16	16.4024511776917
17	18.456422896576683
18	20.89604994059898
19	21.552017248827855
20	16.68887451721721
21	17.167060800003224
22	16.795083682522275
23	20.10789897275925
24	16.14615710020825
25	17.83858836739852
26	19.057829752824713
27	19.061151749343352
28	21.21248051211422
29	15.899038549854241
30	15.759069729865788
31	16.972977960773182
32	16.259151204475284
33	13.746255341272123
34	19.38898588926857
35	21.238274143568127
36	23.854358150478816
37	19.711873224341566
38	22.129565837393812
39	26.404245412834698
40	19.151544526005647
41	25.372633749076133
42	23.9449729287205
43	21.011737178243315
44	21.140472228385526
45	24.74400420549709
46	25.073464896521546
47	25.01146409156336
48	21.80676808760418
49	22.69714697717133
50	23.245159708403644
51	25.948791673143525
52	21.269720719248667
53	19.150804555461175
54	18.770806626865067
55	21.143552458980714
56	22.198177054618725
57	19.659645092723846
58	19.174193605040934
59	22.525888914006746
60	22.649869689265078
61	24.438555893527592
62	21.300831444301306
63	23.726058330017935
64	23.65425362120085
65	24.158064059940607
66	22.361332828278535
67	28.75464041954685
68	25.879188401801365
69	21.344218008813016
70	27.241977423448
71	22.792152446840152
72	21.21392381381262
73	17.55085337174867
74	14.670506764967614
75	16.76568771913961
76	18.207304093173924
77	7.585705255266275
78	19.514678790664995
79	14.607420532864378
80	12.30981163906886
81	12.769009387396855
82	15.522122442610094
83	14.520027106704514
84	14.244971982463774
85	13.317426273226847
86	12.596328463369845
87	12.191917432141508
88	13.601724141202919
89	13.787611309631906
90	13.270561190371032
91	11.519039094477773
92	12.641772754979181
93	13.493814811966114
94	13.279773424358988
95	10.514586248247982
96	15.253835022870609
97	16.73338713226721
98	5.616937415398089
99	18.415181007148533
100	9.673101165983145
101	9.148591679980536
102	9.57290774508571
103	8.923723456449416
104	11.807036685940288
105	9.149873058128026
106	12.022347589735581
107	9.240158825590044
108	9.633285937058274
109	10.514388372910451
110	9.221162424172862
111	12.98655316616116
112	13.509766705182953
113	8.939288782249132
114	10.104346511709542
115	5.76363519376157
116	7.802831145949755
117	7.994250403542382
118	7.4159684175591005
119	8.216469196362857
120	7.857870453808438
121	9.149275288453895
122	7.211701836703088
123	10.369601145099901
124	5.9351737760646825
125	7.620476854422856
126	5.200305478322344
127	5.988895316319719
128	7.733210676996394
129	7.065750446620278
130	5.912492973842844
131	6.068382776496196
132	7.770151049426261
133	7.646732583420976
134	5.628107071447084
135	9.437009451055967
136	7.297704296475306
137	7.785771959521578
138	7.7693648640941815
139	8.503854946382061
140	8.93478790432561
141	3.9081897902378975
142	9.886405059768773
143	6.40916697674039
144	7.517340939575336
145	8.625654683432526
146	8.072407595450844
147	9.93918078527754
148	6.941307702187118
149	10.916361283676094
