0	6.354624391775625
1	4.800054461413376
2	5.850017019375121
3	5.203263510693024
4	5.525766678364768
5	5.640705757632258
6	6.1347452164054275
7	6.321573233031996
8	5.09637914526995
9	6.069376366649692
10	5.954909715207101
11	4.660056669413834
12	6.6907388210949215
13	5.34440637651338
14	6.03315591444256
15	4.504597456180596
16	6.321573233031996
17	5.495267195712779
18	5.384450679525493
19	5.6551240415378
20	7.235351915312705
21	7.105971428472573
22	5.881584289049879
23	6.698966069920493
24	6.734044838574587
25	7.283816186755679
26	6.3051007998806
27	6.375735941189527
28	7.118909692532084
29	6.525964224280429
30	5.825883971293905
31	7.60351012482243
32	6.567264752576019
33	7.658263349533739
34	7.520412698495507
35	7.235351915312705
36	6.134337605049698
37	7.234357526798016
38	6.625875004937145
39	7.338690720387795
40	8.004123630957533
41	7.26092118657677
42	6.8315641910452705
43	8.6303936265481
44	7.398254519281084
45	6.655579800109994
46	7.752892497019465
47	7.952232804077635
48	6.885058543304853
49	7.075197449456002
50	7.338757953810672
51	7.629971955447388
52	7.487192051748178
53	7.520412698495507
54	8.301301795650428
55	8.341808659236717
56	5.875004112649963
57	8.109558629356142
58	7.812861496317753
59	8.780744539401098
60	10.967315620775025
61	8.220087056656435
62	9.383287741226498
63	9.722131945492338
64	8.430912131090203
65	9.753606776526686
66	8.941442669443598
67	8.78779681980198
68	10.46882549591709
69	7.597491008062256
70	8.656933182951766
71	8.920603781099313
72	8.994787068962868
73	11.27167962630475
74	9.357841883856965
75	13.968551797872832
76	13.73624410001778
77	14.087950270550525
78	14.856010662815775
79	10.659451868997824
80	15.430248912170974
81	16.731859695826486
82	13.69203314828284
83	13.286288112867371
84	12.678890046079475
85	17.6709811801219
86	17.442111781638577
87	15.135480870973225
88	19.672154904080095
89	15.427440553597531
90	16.578121361671446
91	16.324931803933453
92	16.38702280772497
93	15.360178513017688
94	14.588880581909624
95	20.518554672998643
96	22.067498812173856
97	19.834715126813993
98	17.987663333591478
99	22.919313608544176
100	19.881586887026497
101	25.56901764817062
102	19.04777546967605
103	18.00579102304085
104	22.734521659640375
105	24.45255048138903
106	24.041209148471975
107	24.149868658165694
108	21.117215760376972
109	27.25471313594192
110	18.45094482613567
111	24.407229101798134
112	26.822391743581978
113	23.14873594682932
114	1.7661944305024564
115	6.434953246553183
116	19.357472715037023
117	21.55311747095028
118	22.434470156817067
119	16.050906625899284
120	20.80670341169913
121	14.583489073296299
122	18.032851196778836
123	17.903540761882123
124	18.76776340342593
125	19.175088716914686
126	8.136049236900918
127	19.443135481173957
128	14.01433667571785
129	14.940928057321383
130	10.446813819803173
131	13.209586487722078
132	12.481345885477252
133	11.734328305970136
134	8.789393924920011
135	9.746874403326519
136	9.5763173449404
137	10.982373052610507
138	11.29345809856142
139	11.856925881894497
140	10.556315671216652
141	8.368753143955256
142	12.233635428619015
143	11.905952888929027
144	9.231986174743938
145	10.779558507219464
146	12.616854412278169
147	12.736355968456039
148	11.120556243888043
149	11.844394793508444
