0	11.134429000382244
1	9.83095422334807
2	10.809575298381487
3	7.762956268563894
4	4.733226570704151
5	9.345574553854629
6	9.711046022301662
7	7.899257458076854
8	8.980549448539476
9	10.302739848481975
10	8.760774802183377
11	5.812137991586597
12	9.363965580822185
13	7.889220573422832
14	9.225079074639044
15	9.142524461446792
16	9.159763467892226
17	8.755624047725574
18	9.469628404109832
19	11.022273719113043
20	6.791572388010535
21	9.803219193877945
22	9.386422719461263
23	8.873306224128953
24	10.899463736394846
25	16.125411989683936
26	7.910331122898983
27	5.8133545088858165
28	5.838321569105471
29	7.992043040144959
30	9.225673529196026
31	8.253169283712399
32	9.588707287780897
33	8.488788738956584
34	8.642826946001321
35	9.082086498827364
36	10.069814488358029
37	8.741173134415568
38	9.100121932957636
39	10.410891057870762
40	6.474322296106032
41	10.920510297756246
42	11.411963233261146
43	8.881470775210252
44	8.35293602923938
45	10.095748081208983
46	10.048854585270206
47	10.577636606297643
48	10.113764803050618
49	12.681244536452697
50	9.591277108748427
51	10.194610280710162
52	10.828475377306942
53	9.802102960050153
54	12.62664560414315
55	12.760918621555296
56	8.120005023197571
57	12.532647105576729
58	10.167336026367506
59	10.43758116360525
60	9.946031787371119
61	10.675395607127319
62	10.410307667383128
63	11.347128080990771
64	7.627844539841714
65	11.653421556478047
66	12.98518609149024
67	13.141026573887588
68	11.01498625535459
69	12.228918717899287
70	11.710812084805891
71	12.701687885627113
72	12.877210343478373
73	12.494306590407698
74	10.433796882270403
75	13.344531690233454
76	12.318640734012064
77	11.408010903833762
78	11.472870311688805
79	13.469899706551105
80	11.16627008609121
81	11.832589447554042
82	14.539329518117867
83	9.650095966328571
84	8.286785755809994
85	14.364211176189345
86	14.033323930290512
87	13.893902111768787
88	11.7212528207041
89	13.227861352304975
90	12.166930708175656
91	12.589390573163143
92	10.098283715701259
93	10.313937388386593
94	11.284031864230506
95	11.379257394304261
96	9.105816013596339
97	11.8896877329356
98	12.288831568001626
99	10.533239346062086
100	12.96010722342578
101	11.499196821308143
102	12.408511532315256
103	10.531284389458364
104	10.854488499491653
105	10.081592963568818
106	14.231370610729261
107	9.887779635842996
108	13.539788322565437
109	15.290164975430915
110	10.554307415990268
111	12.71554354030599
112	7.825286054475964
113	5.888018042861775
114	12.866761059309132
115	11.277283158577605
116	12.505841113816983
117	13.631610883471755
118	12.86421279844228
119	10.531186807738516
120	11.407477094074956
121	12.982858189613072
122	11.440034211724358
123	13.891401845855468
124	11.681899737253776
125	12.169568958747819
126	14.683494993969047
127	12.980898873192926
128	12.229561784421929
129	10.615247447324656
130	15.095475175048534
131	10.953161420859285
132	14.114433723184959
133	11.524061545454163
134	12.622243530320421
135	15.47747394968536
136	11.463743365835587
137	15.171140958425823
138	12.952918250596621
139	14.201121755095157
140	15.168975129488317
141	11.16293118264608
142	12.876723825954308
143	14.666631598395847
144	12.99009035909454
145	13.71373134463786
146	10.702308183411018
147	10.534119476720916
148	10.556959646926625
149	10.44068873563914
