0	11.512565336669452
1	11.609316242623013
2	10.434681760703025
3	10.736895882148145
4	9.534682238739858
5	9.236020086830033
6	8.808671602850493
7	8.912050731999809
8	8.485116108273886
9	10.886292951621623
10	7.885378972806666
11	11.93589946998636
12	8.035522676181825
13	10.735467762162413
14	14.073305667766949
15	13.715373897838385
16	11.197826377792914
17	12.357652979907556
18	14.52371870561285
19	9.360080991129008
20	14.487205349699915
21	14.484694140839357
22	22.33876322751108
23	0.6858328280636432
24	1.2856974570142494
25	2.6356115391322006
26	6.099136995246047
27	7.734737100719042
28	11.16091478549152
29	12.835670649650405
30	12.274645266202555
31	11.923486156437045
32	8.16865098465945
33	13.135040646955133
34	15.285672958683643
35	10.4016337296666
36	14.18594373081433
37	14.519651534375543
38	9.363954515692777
39	15.085379289575584
40	9.257301837782032
41	16.432649020348244
42	9.664857512387009
43	4.284886640826835
44	11.1871624469249
45	13.461911720280874
46	10.894062031357002
47	11.604788576249382
48	14.216178430130684
49	12.237075392004545
50	8.790295282703063
51	12.94917455322347
52	13.285543189500503
53	7.7527052346277445
54	15.050399664323093
55	12.984799632697985
56	12.23590537143009
57	11.213969263753537
58	16.13847805131799
59	14.895462027590128
60	12.985173416912566
61	15.98520674175171
62	9.079862449106106
63	0.8358792488999534
64	14.66945000106511
65	8.915476868900466
66	10.010876052539647
67	11.330490006348626
68	14.603735610769151
69	8.655566537911211
70	12.533991023126172
71	12.508492573119964
72	12.235437254373853
73	8.935000608746671
74	7.285267884153179
75	10.884533292282143
76	10.31148035761606
77	9.385760947771658
78	10.29377084433608
79	13.429224439587944
80	9.659577382210118
81	9.85655089181915
82	11.319065046435883
83	11.927469384258309
84	11.785221783005296
85	9.556510685931684
86	9.393289736382721
87	14.143214134078727
88	10.134616040314208
89	13.919263751305483
90	14.494045076389332
91	15.939304708755627
92	8.352792161682554
93	15.50244346497987
94	15.727447523381406
95	9.062224353679934
96	16.584706672592503
97	12.568762191961682
98	15.085816165408724
99	14.147692997048312
100	11.784771724439857
101	17.33751795783895
102	13.435412848143
103	3.8355751528508075
104	13.13491486397791
105	12.23625670175919
106	12.568641725009211
107	13.400164172533964
108	13.285543189500503
109	10.735161517082657
110	10.436167242276953
111	28.748198270253962
112	2.642310468097784
113	7.7172157759258635
114	7.003589454278575
115	10.109344423327075
116	8.78509500990216
117	10.885878814933305
118	7.4357420575274
119	9.556781508413271
120	10.43963337787586
121	16.391273153888612
122	10.435771119441645
123	9.85664416015629
124	9.814516238571638
125	6.985027964516618
126	9.386557569810774
127	9.393201227807861
128	6.695405678435557
129	10.560308972180382
130	9.536122512535835
131	3.540301377202789
132	9.242812004143847
133	5.173614936206427
134	11.638113829606983
135	10.153368339198876
136	10.591202098417856
137	1.134041455901294
138	15.540471266637619
139	10.885464711383557
140	8.958075959493536
141	8.76362125294943
142	7.885378972806666
143	11.635671095062524
144	4.585349958478118
145	10.436067655341121
146	9.985577360838514
147	10.296115883087596
148	5.030818913594556
149	10.285379576588323
