0	6.524971055488601
1	6.615704294300099
2	7.27444005899438
3	7.162597558587646
4	7.398251448789542
5	7.156253945987421
6	9.07565580636545
7	6.948411169028378
8	8.138888037808014
9	6.724786307420898
10	8.665006548948954
11	8.902257175945001
12	6.469499089908747
13	8.797508497644412
14	7.269978914454604
15	6.625722492087472
16	7.865944550042683
17	8.283500489816431
18	9.199864719584745
19	7.915262179786764
20	8.469302528089852
21	8.431620281803195
22	8.234299511716392
23	8.02215376239743
24	8.02059897593881
25	10.276082789905622
26	8.235137190856273
27	8.842925701064628
28	8.000809750610664
29	10.872860234391199
30	8.986784196224697
31	10.512418274197001
32	10.38927725232826
33	10.253047972192308
34	12.626410952048538
35	11.991769313320427
36	12.00885830936607
37	12.831599745399396
38	11.99279322415321
39	11.883666115875068
40	11.583347342356044
41	13.362136848561473
42	14.928200261026408
43	11.6043005405413
44	12.036062518961085
45	13.699127040976421
46	14.941640514129968
47	14.246745654676698
48	14.932650674886478
49	18.73865530630113
50	18.544972741922347
51	16.12323921984588
52	16.535461758194252
53	21.680544316205072
54	20.72429421363489
55	19.716548086737575
56	18.061792800988265
57	20.093657454999626
58	19.171817047995525
59	19.886161478579787
60	21.219705618887673
61	23.912969988105562
62	20.20097024010856
63	25.730340413799162
64	12.934445652650412
65	16.63578683367775
66	24.17272092673495
67	26.324081725660463
68	27.008307119894724
69	24.645392453826446
70	25.419446488915217
71	17.632665567414595
72	18.47298565470326
73	18.73539763365717
74	17.052829357763994
75	21.49561338063414
76	15.724676458269021
77	20.661426859348687
78	21.649692839079204
79	17.449046669242254
80	21.494777717334173
81	20.362729445601264
82	19.825950832794174
83	18.104729847088173
84	19.98518156448421
85	18.488652585524505
86	16.590832628903563
87	21.705127669054
88	20.678368794109314
89	17.981136221519
90	19.746847073161703
91	19.340863835130424
92	12.472789891593097
93	16.153901116067992
94	13.423615050905447
95	17.447866467478093
96	9.93182593837682
97	10.730793583526038
98	11.268657036433353
99	12.13005638136253
100	11.76933259595203
101	13.89754021891258
102	13.923305161898307
103	8.740192279512526
104	14.20895507242969
105	12.635899776433329
106	13.709070563817766
107	13.045690938091695
108	12.342044167267474
109	14.397672690084788
110	15.050534048048307
111	13.493405976485462
112	16.121679372295272
113	6.027457980284039
114	6.020530136764703
115	7.058375048470116
116	16.219179287541955
117	11.863647188688228
118	11.285260658151342
119	10.8902365762045
120	11.32122487091355
121	8.879802020587803
122	10.221073003251739
123	11.545025876787463
124	10.212628425327956
125	10.465525913504893
126	11.078650791055187
127	12.099888493476428
128	13.530337399170826
129	17.60100521697484
130	11.1980181760517
131	11.161914925914784
132	7.967386126967087
133	5.87460804457935
134	10.113568439868532
135	15.246622657394338
136	10.953670535406488
137	16.372372569091485
138	8.536387156508544
139	10.38185040264087
140	8.181938307907675
141	10.00578625618383
142	8.55840642674172
143	10.678506676685458
144	2.27818971202888
145	10.016125279816857
146	6.020120046907804
147	7.69903077491746
148	8.39687516626481
149	9.040524691819558
