0	11.759525943203897
1	10.639475714580403
2	11.635562804405618
3	8.270254485360407
4	12.259817539863219
5	11.040325224303798
6	10.798409229199285
7	9.76695601301003
8	11.635671048283049
9	12.477851707053256
10	11.481655856516273
11	11.635562804405618
12	14.253290451619273
13	10.140289571376085
14	14.86939159304053
15	11.640552346015182
16	14.190842748479746
17	13.629123894106959
18	14.72822726609321
19	11.108915174491326
20	14.039667435752019
21	9.36904807053857
22	15.540419217540748
23	8.374476685918397
24	14.780756455220216
25	10.74221975012176
26	14.290813637205783
27	9.511502237272603
28	16.400721651877376
29	13.478347040926353
30	14.180534274980552
31	12.048441349077116
32	13.132133160558967
33	15.123249198155422
34	16.16683102229142
35	9.989640712745157
36	11.760623242084062
37	15.188143311334859
38	12.852509020549414
39	14.340392573479713
40	15.539679934888532
41	10.238938613037307
42	14.065685080590562
43	12.63170696675767
44	16.228550428072452
45	12.227456467789352
46	10.45184993032312
47	12.20103732046289
48	11.036730089844035
49	9.887858671739195
50	7.50666839072149
51	13.132379555503427
52	13.068343283328916
53	7.95929551682466
54	11.420857974938338
55	11.104082659368844
56	12.00953974639746
57	12.383524155794722
58	14.68893208288408
59	14.564997661621879
60	15.125828746363558
61	10.854598157024645
62	9.074442513434253
63	12.919111745422372
64	11.353046996895596
65	7.504258357803177
66	10.791705555847935
67	10.237996875777153
68	11.513084744393176
69	11.910596888552544
70	12.5423805288379
71	10.20260164316549
72	11.511048148911575
73	9.041271441144973
74	10.984429878246337
75	11.59951018250755
76	9.808445530072635
77	11.883585727517005
78	7.39802992151801
79	12.009651725058283
80	10.416096215572878
81	11.731527381415406
82	9.725094254329049
83	10.055470795826514
84	11.137593310727103
85	14.315469389833371
86	7.709219637938476
87	13.506667397431565
88	9.516645662594945
89	11.387590278364824
90	8.207948021340444
91	11.88547136785608
92	10.102740193021278
93	13.222583485928935
94	8.022185396302918
95	11.006020540296749
96	14.260697669337853
97	11.761062059686685
98	12.753808961467161
99	10.349491487757989
100	13.291833648997828
101	14.457723170961156
102	15.292762679437336
103	10.764009036348359
104	12.978084785771763
105	14.403212917420824
106	10.513579017981211
107	14.564446668423955
108	12.44560356313393
109	12.819949693589871
110	13.504760728159209
111	13.692336183065244
112	13.442323300788138
113	14.41592636429162
114	4.77894047259825
115	12.669432481058754
116	9.766058151174544
117	4.972775917905709
118	11.586310765043422
119	11.891353857601338
120	9.865277265278008
121	11.294460300314046
122	12.224493116253466
123	12.508148299373534
124	10.513870863407654
125	9.792153167777618
126	12.226772611760046
127	12.881779356295333
128	14.789732976846098
129	9.432137279168504
130	12.568458362683492
131	13.165911862651447
132	11.357796238916068
133	14.914699531970035
134	9.760947173032108
135	13.134354748167098
136	13.412795233626984
137	13.700983819359017
138	14.865734170119758
139	14.414696946615091
140	12.103400154360266
141	14.59066196539017
142	13.730197796435162
143	13.317955149456731
144	11.262221196362791
145	12.298362034807436
146	14.990693375778356
147	10.983718171590562
148	15.001484385536248
149	11.885027581479468
