0	23.844351790109638
1	12.552568336485468
2	23.847651527854854
3	21.14671109457488
4	20.72017722419795
5	22.93861279546771
6	23.464309302359894
7	18.31976441989323
8	20.154782674579018
9	25.377814231253925
10	16.883140479470544
11	16.948961055011996
12	23.326492746627217
13	16.736239066683083
14	24.313981052894786
15	20.899219146015454
16	19.45838758782843
17	21.385207111298072
18	16.057914256120178
19	23.044248522804484
20	22.968553131069303
21	20.28392462749508
22	18.781766532157455
23	20.536392308820904
24	21.750075957814946
25	23.153614496108574
26	15.194115982265057
27	24.260124988394246
28	17.337261290946756
29	21.864785607821112
30	20.035065423482205
31	25.696234220112174
32	22.869012289051113
33	23.14094949701938
34	17.59037883324301
35	22.02878102648682
36	22.159337124247273
37	13.065354248873298
38	27.04079767355985
39	14.270043319177818
40	14.065247471400038
41	17.82227341090555
42	18.319388414815332
43	19.340658466460955
44	12.68213259502472
45	15.075658985683605
46	18.60042697945507
47	18.677059735251046
48	20.375571550053532
49	15.700435408978926
50	19.911715959114932
51	13.93868988112734
52	13.797106703717667
53	20.00544791517425
54	11.663258436572868
55	17.70218744451376
56	17.573354854516936
57	21.41180967570703
58	20.175663865262184
59	11.966831071307793
60	20.900130373732768
61	23.311609152249694
62	17.64571745267117
63	18.335725873915912
64	18.77550468963253
65	19.176855335579617
66	14.94438199525657
67	19.413360902109776
68	17.805253083497437
69	22.004053815841722
70	17.993073399230195
71	22.28822636979597
72	15.940114064084932
73	17.450627228893786
74	10.883721033853934
75	11.560957641539925
76	11.014478092390206
77	13.09775375458736
78	9.032691046465597
79	11.517881723907973
80	8.991495539938589
81	9.779754315204956
82	10.9355046243328
83	10.037027684387667
84	13.498369367232655
85	9.94629809069495
86	13.710793815571943
87	12.38924654610675
88	10.949944152670462
89	15.192587146022365
90	11.564380546563985
91	10.96194752850417
92	12.07534223075401
93	9.638806014469116
94	13.688067207341431
95	16.095178613973513
96	16.824705460181853
97	14.941075766077097
98	10.356487083707913
99	10.721489917900499
100	13.234189760891878
101	13.997611290670145
102	12.436205279221637
103	9.672621285905715
104	12.23045357321527
105	10.923368737470415
106	12.801570039446457
107	12.837920555299341
108	7.459015683022712
109	12.467564483781716
110	15.069357688747896
111	14.674980369599256
112	12.907994738709386
113	10.298731037013672
114	9.473325545550379
115	2.236749067598911
116	3.3064462631182856
117	4.200308284575734
118	4.335215062215118
119	5.547548337884046
120	5.384675657487678
121	7.4570046367537195
122	4.8270993794675405
123	9.447911979192009
124	10.39110996532814
125	8.868659352755452
126	7.334682744675587
127	3.074897498689027
128	12.310910151347526
129	8.333084622849741
130	9.541996119673652
131	10.03140020879391
132	5.610030190418259
133	9.410295472821455
134	8.150200738387422
135	9.349792550449303
136	15.225681153426482
137	8.891189761905183
138	6.642641937334879
139	7.63123143381048
140	5.056399988306446
141	7.332436916664984
142	7.978170567565985
143	7.537812892906568
144	5.141162229389654
145	9.85561767307015
146	4.8234023460973825
147	4.7907998461097385
148	10.947540515721645
149	4.588745984309884
