0	15.428678875348004
1	16.593841354369438
2	13.229629446675059
3	20.70152531051508
4	17.80286893105193
5	16.674677066433443
6	19.186628445864805
7	14.228856070218134
8	16.792619214354062
9	13.332567620006424
10	19.793541934111847
11	7.391727724629768
12	17.87632435316076
13	13.156510722886868
14	12.51178628438583
15	11.475050745176672
16	13.78750683837054
17	11.604125082910684
18	13.100939829903208
19	14.221733964438716
20	15.347855929961154
21	13.123694195191192
22	12.988513033076094
23	16.08212582531506
24	13.729795834592064
25	15.11895568993044
26	14.81034998298165
27	14.929316934392489
28	15.585272994077403
29	14.336539765927462
30	14.467994710754558
31	11.843369552236428
32	12.990508142079491
33	14.231598099187982
34	16.156063601658484
35	15.455119811076308
36	16.71437406770625
37	14.642727392860559
38	15.67582536383118
39	16.928701034344073
40	16.946463172460074
41	12.191521840880178
42	15.210846898328839
43	14.504343890046838
44	16.862618821303354
45	12.106849258085605
46	16.565597523937313
47	16.336441269212827
48	14.484568780473735
49	14.768663381759822
50	15.969623701050699
51	12.001548010339155
52	11.943564181546005
53	12.68350393226207
54	12.622163219144937
55	11.462789898614194
56	11.894193601762273
57	13.315835339855282
58	13.797063926395493
59	9.962144947288746
60	12.543278765845182
61	13.156131275211187
62	13.054786044844443
63	14.510080372450963
64	12.684233508878613
65	16.318400947056872
66	10.732299683270666
67	11.944369429157312
68	13.901642880408996
69	9.078636000431883
70	11.100323203830136
71	11.4952553442352
72	6.046175358891554
73	10.839204499962312
74	9.078465092436025
75	6.517564588173808
76	7.899269449382582
77	8.804989903474876
78	7.7340224910491395
79	9.155635692363097
80	8.08387541374701
81	8.757556360775036
82	9.099830347664923
83	8.406405150672175
84	9.212299664863252
85	8.636986513779057
86	9.454768578513606
87	9.207521681157298
88	8.309106071078821
89	7.797663752209261
90	8.543636191200658
91	10.556343628804855
92	8.87644615209572
93	10.084611442150106
94	8.575901021401204
95	8.874023443741867
96	9.34875269568685
97	11.339994173207591
98	6.991930132798556
99	8.907020521784608
100	10.70817805738333
101	10.989404620280466
102	11.645048296684918
103	9.585171601003086
104	9.819783093998945
105	12.81300207712184
106	9.482747226200491
107	10.267825604448776
108	9.54283263587403
109	9.01132480071132
110	9.046131434854994
111	11.333827301215342
112	10.093031947708571
113	10.261681471540888
114	9.104607804547063
115	3.2155619141002494
116	6.387172623071318
117	5.2670238957428
118	7.310229541256552
119	4.528963492059331
120	8.562305631527108
121	6.162016937073225
122	8.360562301699527
123	6.905277022767496
124	8.862438310598693
125	7.2452065181896135
126	6.225921758061375
127	6.9927074512763445
128	7.524521008806636
129	6.701208569833671
130	8.15815318497491
131	10.329986363653394
132	7.3900793063696995
133	7.499562271902448
134	8.82994959158819
135	7.6813920271875045
136	6.804814002559444
137	7.126446856450924
138	9.857152099194593
139	8.265616057541882
140	6.772144113624952
141	9.644272296032959
142	11.566456171413448
143	8.408220022994831
144	8.976949362769762
145	8.775847054445398
146	9.612625940467947
147	10.631185639507619
148	10.191550709753628
149	4.057022180895548
