0	15.393677229830725
1	8.473333197231787
2	15.730933185008118
3	15.310160128106771
4	14.143140190307841
5	17.139938260842474
6	12.780937662344291
7	14.869368510325279
8	13.388067854260992
9	14.709599591482746
10	16.92529763084346
11	16.174994259606276
12	15.53529116211978
13	13.792007234529713
14	17.311255554101407
15	14.629317781918177
16	17.42098634944299
17	16.446812764771334
18	15.459532693641291
19	6.757206992049853
20	18.721256800237565
21	12.525655651193489
22	12.001783968717909
23	10.564392601961414
24	13.812081191566278
25	12.38972250944092
26	11.022481941296954
27	13.509563750604464
28	13.980484636666743
29	12.138766675811146
30	13.359326780153166
31	4.959442534572357
32	20.284453993957197
33	7.7885675082049755
34	10.093055297121934
35	10.385543133922216
36	11.049900325414217
37	9.131174167062658
38	11.64465812603302
39	9.063684845752359
40	11.865793817670673
41	10.53843695994368
42	10.85042039988591
43	10.984020520231237
44	11.454302259420064
45	11.720841199896615
46	6.08089170956052
47	12.58812038746035
48	8.403426102559513
49	9.307608004523
50	8.667731612751847
51	8.819687195659204
52	9.47214923748558
53	7.405318543780546
54	10.189258853836892
55	10.25947077706076
56	8.407583392803208
57	8.910974257244954
58	8.402041145623837
59	9.888595451075984
60	12.085423626127776
61	10.514282907540435
62	11.096931264831529
63	9.307951105790579
64	11.812833988323288
65	11.362401206860074
66	10.419408282866073
67	12.249706514091779
68	10.9205848635564
69	9.177848902456315
70	10.685758692751406
71	11.19012863584058
72	11.714346877253547
73	9.472851181487318
74	10.519770736094296
75	11.84783771152589
76	10.634102534366422
77	11.61794892022069
78	8.871118030495868
79	12.107930825765
80	9.773707887536293
81	12.548169956194688
82	11.293166280866828
83	7.359024094691116
84	11.654611425499045
85	10.564884714671896
86	10.41668263589312
87	11.586096188991782
88	10.65832101766553
89	9.707718144094047
90	11.350905572552577
91	12.582298874576372
92	7.0785715402747575
93	11.848060053498415
94	12.813738022802658
95	12.913845824258436
96	11.588598417490722
97	10.678660668414086
98	11.957059848800261
99	12.519154208660524
100	12.38364815738031
101	15.076448387173773
102	10.364412636949888
103	11.351759590680098
104	15.170038595967444
105	11.315911288414483
106	11.429964756678915
107	13.348627798283536
108	13.406288857811601
109	14.005226591981646
110	12.752394020272924
111	11.684359718647169
112	14.5703710493431
113	12.059347791398576
114	12.707047407789696
115	14.333252247334611
116	8.55697379610562
117	12.219319724565963
118	14.074925014094292
119	16.124085675098442
120	17.07215412005516
121	15.494182754360315
122	19.833112273710736
123	14.040841971376283
124	19.066978337210088
125	18.152066906059957
126	16.71841814465879
127	14.47185166169824
128	15.200288243779864
129	11.98450610974999
130	15.764813958250313
131	23.24731684088383
132	18.35510065126867
133	20.752576400173044
134	21.39910234818731
135	21.005062459052965
136	14.768781990303726
137	21.275518663754358
138	14.88102051636304
139	16.739362585150086
140	17.000570314111812
141	12.123099463555784
142	15.492852681695469
143	18.377087677469852
144	16.82733777016614
145	12.050835231008909
146	20.186864406804286
147	2.3742121199035537
148	4.082837710238089
149	5.285173140494091
