0	11.51123285105571
1	18.459971299422328
2	15.033676024131621
3	16.13919434837868
4	11.944381858057026
5	20.589185800723232
6	12.590858137758499
7	15.118589365279057
8	16.22988392993313
9	16.856128692662487
10	15.019790726736561
11	14.492204400371378
12	12.18795398643205
13	12.376563277959754
14	12.079408752597105
15	12.682683282393961
16	13.472257458684807
17	13.12398413882779
18	13.400715339158126
19	14.681146165969139
20	13.264206688330486
21	16.406417905512868
22	12.878461934928486
23	16.056848180018186
24	13.556804015020681
25	17.884716458009272
26	12.449642249503096
27	14.085226251391889
28	15.826863587107217
29	16.712137971528808
30	14.293202474827881
31	14.225782043164429
32	14.994379906247088
33	16.159894752312965
34	14.058211546186714
35	14.417412190982404
36	15.21321538679259
37	15.605492395345108
38	11.65475463776617
39	12.858776837395217
40	14.308956371735313
41	14.062750530450161
42	15.216493116413075
43	16.575612098012208
44	15.45808198559343
45	14.777490722625188
46	16.902431997472323
47	11.37618224581614
48	17.685151708102197
49	15.788696602627835
50	15.41617250610104
51	17.110420532379674
52	17.252104319474206
53	18.286311274216132
54	15.67785522351751
55	16.633752712812
56	13.55637645622719
57	11.749701627384898
58	16.07191578304258
59	17.330215210081636
60	18.163951098320318
61	15.852766899047198
62	16.76566983166269
63	18.031374253365843
64	18.857833394050203
65	17.58042658110891
66	13.905327422053881
67	18.954967058549382
68	19.259204568028228
69	15.887434075168347
70	17.164232812151777
71	17.031134213832576
72	19.891133256467086
73	17.113340033655817
74	17.772958219865988
75	15.604744703897445
76	16.644367331832374
77	16.073119989965
78	13.547561169092786
79	12.23499075147538
80	13.114407129671266
81	13.41276971423661
82	14.97386985040525
83	15.853525050124588
84	13.72801045373701
85	14.062883871850484
86	14.483663091618853
87	16.22615616949927
88	15.561417072624716
89	14.919449725704894
90	14.842320505434618
91	17.52274486464728
92	12.817214427063286
93	15.555375693178357
94	17.54504026528855
95	15.101867948295078
96	17.062727908689563
97	16.10377634837712
98	15.9234635186453
99	20.190055825065713
100	16.34555643905815
101	16.857581812345067
102	16.603909816107276
103	16.866628791319474
104	18.73275476095591
105	17.719060806125608
106	14.165848587679402
107	19.154505909628327
108	13.592041557235715
109	15.97568190187898
110	16.33045904779773
111	16.84329052634712
112	19.454602003692926
113	18.21562569885219
114	16.154946239119383
115	6.263692650667246
116	4.9419381415100805
117	8.482143963311685
118	10.86518205899946
119	12.767892887904958
120	10.505307705789386
121	11.640655594008688
122	13.034355520614337
123	10.76075871351247
124	12.440840222056018
125	11.942023301916949
126	11.800445441298741
127	12.551168865409922
128	12.145189990637236
129	11.773680454156079
130	12.19250282698012
131	12.193420741037325
132	13.091806801352808
133	12.974482537786201
134	12.843085751261414
135	13.16136049614438
136	11.904463320745952
137	13.52143504333068
138	15.02751662546204
139	12.054430969438586
140	14.510839955563693
141	12.583016638564544
142	13.127097184452312
143	13.10013165005553
144	15.240183978082706
145	11.29563315048833
146	13.37853653712072
147	15.55815142948309
148	14.808710002879042
149	8.943141389274432
