0	11.54182281805895
1	8.393897603236192
2	8.042748401458208
3	12.278456053282271
4	13.049193159597207
5	12.13229669497594
6	11.360765571880867
7	6.537344489861819
8	15.130651325769787
9	10.234205392769711
10	8.026094469919014
11	10.443500224305598
12	7.8493320939787035
13	9.709090136670708
14	8.00872245126707
15	8.025514455619922
16	7.467785519181296
17	8.025731747410683
18	9.141976228338768
19	8.769359278809299
20	8.3984719057389
21	10.092161103642516
22	6.710061830798285
23	9.700687675055544
24	11.188396433976914
25	9.327748604912912
26	7.8398466106608575
27	15.839008512970437
28	8.787074364200445
29	13.204517535737216
30	13.26546969857073
31	10.607482614255524
32	15.653873607728675
33	10.280782659832335
34	4.111118259674327
35	8.583656193403025
36	8.601588684357548
37	8.565727999735143
38	8.956520858180014
39	9.142060430839324
40	8.769439131795567
41	6.537921119931237
42	11.001649343678276
43	8.042019658872588
44	10.793782914128768
45	11.187770857998375
46	8.584046802043224
47	12.516804138215722
48	12.306309858112902
49	7.822428341714413
50	9.700062252058071
51	12.333486917791843
52	15.244159825575503
53	5.806553619290968
54	10.233639258242823
55	10.630008756379222
56	4.677210034066746
57	8.398090551560472
58	4.6770147453738895
59	6.351881273241493
60	8.397785382018965
61	7.653540679015662
62	6.177575098276844
63	7.823835338159786
64	10.427085339873866
65	5.808119404373397
66	11.175494211901666
67	7.6540914728639855
68	10.816134006972796
69	9.51394628584381
70	11.56024127618936
71	12.67580700259031
72	10.81673728922484
73	4.313805205490389
74	7.637061836301324
75	7.094902183230315
76	5.805140319489448
77	6.153352569988853
78	7.2959801739828
79	5.03999572302601
80	5.979593158878543
81	7.484503151830632
82	5.224106823241198
83	6.363739310856117
84	6.911228845679497
85	5.958633207970706
86	5.812468138948668
87	8.936757195895835
88	9.700687675055544
89	9.32800490291187
90	9.32800490291187
91	12.304463696081498
92	9.14172550203544
93	10.443887222177748
94	6.924709943821346
95	8.379069077676485
96	12.49061025415538
97	13.45564744376071
98	7.078063399931927
99	15.280632758185844
100	12.519159697929698
101	11.188083636596014
102	15.801282068038219
103	14.94117455437551
104	9.679838555474468
105	13.049193159597207
106	8.582875093275689
107	13.793735197507239
108	13.420889282206197
109	9.719391629685136
110	13.578615423979661
111	9.160686395230037
112	14.504807715686349
113	9.328604266617777
114	7.839704930106541
115	10.071376052628485
116	13.793084105007482
117	15.653278119204492
118	19.798318724707773
119	19.13646799502638
120	16.582807478691702
121	16.7683521002033
122	18.672583338209847
123	17.47318051435685
124	18.66971185644566
125	6.153298951816543
126	20.535581108685037
127	16.19779924523419
128	16.007819739493705
129	11.556358304156566
130	13.978589901143195
131	16.599427654791647
132	14.33680630361372
133	16.582965343401167
134	16.02427460124264
135	11.941119386263434
136	13.78241391942369
137	23.334761624437906
138	13.232239477202672
139	9.875347787827318
140	12.84914265013722
141	17.924606983524
142	18.455790653906185
143	18.80969472180759
144	20.808682547863096
145	20.117281720064728
146	24.210534635761576
147	13.985197268588523
148	20.526867467782797
149	15.059600672422407
