0	1.8724418621581669
1	2.7277927162861477
2	2.940452633185368
3	3.2237086754581594
4	4.082079216724109
5	4.287643594127456
6	3.5712112601567325
7	4.070501367771645
8	4.787591286989116
9	5.34969297544262
10	5.988597333661836
11	6.076894959804263
12	6.535016620869456
13	6.201136548979696
14	7.688745390387833
15	9.271276659189583
16	9.260792504619426
17	10.231997087767962
18	8.820415154553496
19	10.533406154918195
20	14.658102476004254
21	18.647969226694478
22	11.874208828106582
23	16.680219095922915
24	20.24717156643807
25	13.717031873896794
26	21.256417255003896
27	19.46218106983322
28	21.343593593963156
29	24.82044664366458
30	18.754118494673612
31	19.648198575913483
32	17.506033890194118
33	22.087575496640007
34	14.105682586894327
35	24.719035280911896
36	22.763701450776068
37	20.800890746649053
38	18.130474677974135
39	25.468217600298857
40	20.58252726829899
41	24.760244215113154
42	25.79810329105203
43	29.937116175076554
44	20.11450106293549
45	20.14203503352011
46	21.68008698046137
47	16.366296447366363
48	21.225523363701072
49	23.919870043233644
50	20.447308209269337
51	13.040044179894105
52	15.869865865250038
53	13.758006568375702
54	18.98750322228974
55	18.958499199939816
56	16.291031283055787
57	17.51830145340501
58	18.745506724403448
59	21.372510158632736
60	17.666108597276967
61	22.104128171976917
62	21.13892895186823
63	12.786618778990462
64	21.40187413683781
65	12.898806852464665
66	21.902865497372332
67	16.766133787725273
68	18.69971861949295
69	22.17174337825997
70	13.472461022210094
71	22.723458330011844
72	16.05255342029628
73	20.543172627365287
74	21.869814515014447
75	17.808813743285434
76	21.436857715885438
77	21.283027107143354
78	21.934469759974448
79	15.308796728453546
80	20.02922774893495
81	16.678134819283315
82	22.470178694939925
83	19.515541596601302
84	21.65343073652759
85	17.978923706152486
86	9.738038030482185
87	24.649733666881424
88	10.913887802825656
89	15.917481315913665
90	15.81148155538782
91	13.6310185538777
92	16.236625281149344
93	13.075232766526845
94	17.359918375698783
95	14.495627787780826
96	13.141466105050712
97	15.309809777692788
98	9.09395649282759
99	12.39850910091077
100	14.068140536354944
101	13.505765871487364
102	10.738218073827893
103	13.5077775744835
104	12.781267584066082
105	12.296086924659523
106	15.131592262731688
107	9.571549472868403
108	13.489649677069036
109	15.88070983878969
110	9.436280012725529
111	13.260145262636806
112	15.79536849449075
113	9.956593853621014
114	9.331306699603168
115	5.704296263409974
116	15.064325598761245
117	10.8397355005175
118	11.292800870545937
119	15.358396191223967
120	8.73200539599229
121	11.34054013544397
122	11.58163796279104
123	9.294835814216933
124	12.292918188781876
125	8.94202772200854
126	11.905247541780177
127	10.13491927943648
128	12.68615112469048
129	10.444825107518806
130	10.531801776414168
131	9.977313443982931
132	15.600854374061292
133	7.7041533069236525
134	13.104237940769499
135	9.040061823239627
136	11.411729743915494
137	12.26849564799169
138	9.56437528201392
139	13.692937050517056
140	14.048507194076741
141	7.405524876419367
142	13.182549374731762
143	11.515679355909558
144	9.814940883578394
145	13.785949083829848
146	10.445121487754184
147	13.286758464523812
148	13.74748287221471
149	12.789205536303543
