0	9.26614870174209
1	6.928279271918647
2	8.002257890988977
3	7.5094112262485835
4	10.188583520058678
5	8.268701602857263
6	9.213481894292249
7	7.639719413031521
8	8.936738107646518
9	8.429683871945974
10	8.335118358120202
11	6.939688370226471
12	9.41015602540665
13	9.467666724495428
14	9.03015529206853
15	8.239955124734553
16	11.202331536919777
17	9.73386225367554
18	10.088994958462425
19	10.104763926987971
20	9.84240292884464
21	9.514305239052252
22	11.725644230969264
23	7.292238826842974
24	9.261774314989475
25	10.446729837027252
26	9.700666759909415
27	9.284898123881828
28	12.038569972738413
29	10.523843312740045
30	11.248985336849358
31	9.815657733228349
32	10.395557782557379
33	11.510050308187553
34	10.539585029005039
35	8.428680327986488
36	11.841952046949705
37	10.767638023251001
38	8.429452084815974
39	10.217837810778807
40	10.297132721520272
41	8.20190883697212
42	12.886704364342634
43	9.353969806733632
44	10.797457826876666
45	10.62278219244228
46	12.18979577897451
47	9.652373887194754
48	11.592973331791915
49	11.14717267867671
50	8.5891835038178
51	11.920285568513433
52	10.860702057593544
53	11.463377264174145
54	10.7671341826276
55	11.110702707067274
56	10.451918692305034
57	11.404699645902959
58	9.64334476809551
59	10.115857576303371
60	11.687979571002227
61	11.94903192048046
62	11.08032861354951
63	12.222553408246359
64	11.606589849139965
65	12.332645289560883
66	12.90009592584324
67	9.874097600902067
68	12.255166934106853
69	12.522647859595825
70	12.503716570121519
71	9.701655221309723
72	14.351029664695176
73	11.13727112864534
74	12.770897519257392
75	11.923430326132998
76	14.0098065963872
77	10.2812214781112
78	10.21544912711736
79	13.08436634360206
80	13.285827930956113
81	12.942332532700146
82	11.08596918409886
83	11.983598924122521
84	14.571735350704477
85	13.024099596344035
86	14.120672485419473
87	13.088706491578503
88	15.4257687755954
89	13.00015882188964
90	15.69646550138701
91	14.204583953135485
92	12.563413554436574
93	16.734333726012295
94	14.861036330113688
95	16.747295570217673
96	16.140566906506617
97	16.039219882348196
98	16.90942773201086
99	13.847500728095591
100	19.208717547854338
101	16.335109580191858
102	18.178290338662244
103	17.840934440845345
104	9.815657733228349
105	13.76493393873953
106	19.737541043583917
107	21.99581240332267
108	16.10269528331417
109	7.389194067299032
110	15.084087291727554
111	25.227133896948963
112	13.223292087045534
113	20.84668812636938
114	24.388309395370907
115	18.712185444771336
116	9.608792770292006
117	25.191552157258833
118	17.83510310935824
119	11.637051633749353
120	17.18567919261758
121	17.601703802131503
122	12.034713932779342
123	12.018409493944121
124	18.463429338553016
125	14.300891666930966
126	11.838210277053609
127	14.879987336315072
128	17.244596830288547
129	18.421579448394123
130	16.264227412135057
131	18.99612535845542
132	18.419635099172105
133	15.518329773449606
134	16.27170470856283
135	14.4160520731186
136	14.218596907312183
137	19.0576261557882
138	21.832040441192202
139	18.514365902397234
140	20.219977708675437
141	17.8842601132363
142	18.76274465985084
143	17.139488317951898
144	12.64685751107809
145	15.326140864539875
146	18.565985364570608
147	20.53827547125793
148	14.655799298397328
149	14.249883672256786
