0	8.554289102396028
1	10.690125042751063
2	8.550011926702988
3	9.40688331854725
4	11.166787438727503
5	8.555533969680653
6	10.107030335083431
7	11.152652872288597
8	10.158914956889301
9	11.203640976201745
10	8.502547758609845
11	10.747303910336433
12	11.266912792413972
13	11.374867324715433
14	10.033063502878013
15	11.161378870305342
16	11.02446845932599
17	11.027951107406597
18	12.541609854180917
19	12.65293665173229
20	12.577118858396034
21	11.564270773575364
22	11.706228610861478
23	12.709391143986101
24	11.255589611496946
25	10.677436404578545
26	13.068777271814216
27	12.338686446122471
28	12.800958292368302
29	12.09196739380703
30	12.057673309512106
31	14.836676879696082
32	12.464265817947906
33	8.84803030242115
34	11.181586446514302
35	10.796137530927108
36	8.627432749999828
37	9.566984753413672
38	11.991248128994375
39	9.507564074661756
40	12.62609762363136
41	10.289932470214202
42	9.086345890860464
43	10.85363030519818
44	8.810488096464315
45	10.158820456528149
46	11.802075757982141
47	9.507564074661756
48	12.9227174157288
49	12.821067367450382
50	10.04085044716187
51	14.121453698515424
52	11.333826628121495
53	14.111171891317372
54	12.228727790559153
55	12.161088872208033
56	13.593682622102309
57	13.213942347965855
58	8.098058947768209
59	16.311793310112236
60	14.35023135473911
61	15.060290496417663
62	13.275189272009591
63	13.927041566133967
64	14.543130649635577
65	10.924903524006007
66	15.357390543959458
67	11.679346936473904
68	14.24382838738165
69	12.870475154835706
70	11.586866296926154
71	14.047604500894051
72	14.52412278306643
73	13.355831267827481
74	14.282652178758262
75	10.914349127691958
76	16.658033320519525
77	14.17894033286045
78	15.42218390782913
79	16.903232531251238
80	14.04534893828238
81	12.81624436624905
82	17.287260234203497
83	14.353628833930117
84	16.233022441395757
85	15.97142725094958
86	12.201614227599046
87	18.089650411761383
88	11.10231093898435
89	16.831097083429313
90	16.544450425811362
91	14.708243001089807
92	18.588431811924785
93	15.408851809259472
94	13.92980435071949
95	18.657637752027288
96	17.2116348890824
97	17.89820710707332
98	13.928094012085454
99	19.861359961282734
100	20.266420061541684
101	14.78993034161752
102	20.470465681167152
103	18.449015624326417
104	18.92852097345926
105	18.721893464498436
106	20.34073870248564
107	17.332441567282206
108	20.064810474687818
109	19.50701123785944
110	17.769504700378135
111	21.565653942852677
112	19.65922422086819
113	17.754220689790667
114	19.334107754217005
115	4.716218135039347
116	12.883558351786267
117	20.62873465485298
118	15.63789924624471
119	16.662962988302706
120	20.570211340231047
121	14.390493940817745
122	15.709459267652841
123	19.602818608067345
124	20.455916312524376
125	20.056907183516323
126	18.511001689819988
127	19.792526899511106
128	21.142840506848934
129	11.277937249247808
130	16.236888977770757
131	16.304950231010434
132	18.52639802993294
133	19.13444648583119
134	20.443112209123775
135	13.804179618101182
136	21.652747566300192
137	16.224370065815208
138	22.70551417297879
139	24.141595983834513
140	21.56544619278861
141	19.723764038673366
142	24.590745641462142
143	19.309228806332168
144	24.73395420906689
145	25.95795279466127
146	27.02335652513217
147	24.33352755488626
148	23.91889449179034
149	27.224416117394615
