0	2.0587172932275206
1	17.791085372013274
2	5.4807179501869
3	47.62095672014457
4	29.177856642226924
5	41.454944898005266
6	3.7703506013450863
7	20.53180179469584
8	14.735199565449207
9	33.856607214510184
10	27.77317539740673
11	42.20615999918524
12	24.26331052146551
13	2.0607241735361432
14	37.39503495173056
15	20.189075826630454
16	10.295418963484845
17	1.7146095877400822
18	33.774844404036
19	31.95323859609218
20	2.059184102302967
21	23.99909921615907
22	12.662083677063865
23	36.5962374750716
24	33.563956889760924
25	16.8324619332813
26	8.219171414213625
27	10.589433016810467
28	2.057414509355179
29	4.806080907829974
30	8.192158846997582
31	7.905480187059377
32	4.110340995777674
33	10.270832186847082
34	7.532569815363344
35	15.389991897388711
36	15.092237936206518
37	13.701338414762278
38	3.427387776321744
39	5.1349748426265585
40	11.65993245740133
41	6.169555398208871
42	2.051711691744496
43	16.14637813832881
44	4.448213269405156
45	7.197220268265014
46	8.907144284262133
47	6.1508586410119355
48	8.587739435591965
49	9.591034608343971
50	12.292936457909535
51	4.117163358010022
52	10.608428471997156
53	12.322630524007277
54	4.799404031030676
55	8.898602351848895
56	2.7417915764072176
57	13.048800215313891
58	6.847214163080896
59	16.4027124133577
60	9.611652654487248
61	5.81656773983567
62	8.900900849897942
63	2.0592664892911747
64	10.599020417301482
65	5.136619583988334
66	4.119569622380604
67	26.860257715872407
68	17.447843605190744
69	5.4878216523572965
70	6.151566674331262
71	10.641047639029772
72	10.6203375008029
73	9.911424989625681
74	6.852143327456774
75	15.099166697816306
76	19.176724521767106
77	9.225115042669414
78	18.164758093367517
79	21.56510864380953
80	19.5364561531298
81	6.501761168323446
82	21.902484842119467
83	23.980907693142044
84	12.687143157216124
85	22.631791519132058
86	9.90700988841558
87	16.776772994179336
88	18.49443626585218
89	24.656891897016685
90	26.070734626667385
91	20.531008440013757
92	28.804431555913464
93	11.64358392888189
94	28.414616230696787
95	29.041405586674376
96	8.90246081911412
97	25.705413798596837
98	17.833910687087474
99	12.669625960755088
100	18.83923508266033
101	12.643565829566024
102	24.653536454627808
103	11.64314562055019
104	25.407488756405915
105	13.320711575955562
106	23.68207059167648
107	11.301104502515098
108	21.186381023102708
109	16.437285359390582
110	17.51964452922415
111	10.94826928595118
112	10.937518303988512
113	12.670704333073713
114	11.641174890809692
115	7.194095353802991
116	8.908624511945671
117	10.635762687816325
118	8.212776158237505
119	12.31798059723647
120	13.00494903746766
121	8.584332611693624
122	14.348966708474865
123	8.90870662627163
124	15.745891824539926
125	15.791788715393356
126	14.689382437143594
127	13.383889963217548
128	17.120409811207452
129	12.985408902418891
130	17.842501754416027
131	19.185789165319406
132	17.117780644658705
133	15.730405215976544
134	21.212185300615413
135	15.788306550264517
136	17.42978079084819
137	11.301635105991343
138	15.408515267727175
139	15.412195480627865
140	18.48873901414709
141	12.672622315682942
142	18.877992244718417
143	19.133009370544926
144	21.229630877594637
145	15.760204681155768
146	16.467424947425616
147	18.450378046238303
148	20.542712790683012
149	16.44138169108946
