0	13.103275385878037
1	9.989284609927417
2	12.47512582585248
3	13.464771853364464
4	12.756622586325514
5	10.504464210057039
6	11.588177669151042
7	11.861480015550908
8	13.494453563497592
9	11.281688302806552
10	11.584971320368721
11	11.461770511045172
12	13.12318141933228
13	12.694199970258524
14	14.553792091997442
15	14.375159081319907
16	12.928584556171892
17	14.306078443162125
18	13.159197719718833
19	11.708424611789507
20	10.87658943401368
21	14.324258151783077
22	14.669080132905295
23	14.349345766954427
24	15.616375357661592
25	14.493577357026206
26	13.725781398544761
27	17.881815856383827
28	14.592406136560863
29	10.38384843636459
30	17.320003604435904
31	13.062528584367003
32	10.534953893120148
33	14.408804625967898
34	13.092718611062654
35	16.108197592732107
36	10.446294229835491
37	11.030030158943198
38	19.068521850395488
39	13.834452702887727
40	14.670922815167438
41	12.751708965754956
42	14.487837601766934
43	16.85291244513467
44	16.716704198251964
45	15.253958794225886
46	18.749513989089355
47	16.34613627755626
48	19.12448990765108
49	17.15576468830258
50	17.776512773978705
51	15.569319789718376
52	11.315456175386739
53	16.69773185374772
54	16.041527839230582
55	14.513125420648253
56	12.44488104682473
57	17.761807306518044
58	14.376818194683727
59	17.54567226787321
60	16.338367817971044
61	15.144434903788387
62	7.750960104778716
63	16.940086884389014
64	8.414441642815447
65	12.81428382303649
66	9.930893175598648
67	10.277594485089566
68	14.23967568112646
69	12.785181830559926
70	17.34026942404615
71	17.204606679941115
72	16.469867969572793
73	15.929387108462505
74	17.110349243592317
75	16.461829767112437
76	19.07332746852105
77	13.856838334302784
78	17.492552366525253
79	14.201004446448392
80	19.15577142395194
81	15.258525342864663
82	14.14652556906049
83	17.531058795585025
84	14.831246070827696
85	18.20135907578788
86	16.66394995801458
87	15.30859705093121
88	12.88490083755271
89	16.42223308658619
90	15.192227791756075
91	18.80650647751337
92	18.3867365619031
93	20.97233000069757
94	12.751221539600232
95	19.91701499153902
96	15.023545816907655
97	15.61546978252943
98	19.434338622458963
99	15.062809516989194
100	15.471009559003274
101	16.793799969379084
102	12.566700731815416
103	16.64637626741985
104	16.066266086359796
105	16.89312649002599
106	17.217489989835688
107	17.84512115858088
108	16.010004011060214
109	17.314764662733502
110	18.213379987160387
111	16.5126651339858
112	10.501674516334063
113	9.310629841310528
114	20.914021324321766
115	10.262102467968738
116	11.952850609165282
117	12.169956125829005
118	15.677325202004772
119	18.38762906352592
120	17.010468319996132
121	16.870330366441962
122	15.30918813920524
123	14.262287853124459
124	14.323844129022447
125	12.785059529845306
126	16.23256000241352
127	16.601586738500064
128	13.338175838324084
129	16.356467223640546
130	15.67702174765048
131	16.293802286189198
132	13.831793158071994
133	5.767626256156232
134	8.680541009992806
135	7.903644405577092
136	8.168903585231993
137	8.660991851449644
138	8.537313927973694
139	6.38314292177926
140	8.599513626985296
141	7.119191883253356
142	5.659114418479746
143	6.2454682762074665
144	4.290509139960779
145	4.289870717840298
146	4.5365164017753195
147	2.6282354475819694
148	4.351651229871729
149	4.598196219435215
