0	4.158760404260727
1	10.970284941318381
2	10.908375867524565
3	10.78735835589221
4	13.112031422104979
5	13.927124656909417
6	13.730409322920933
7	11.03959969189092
8	22.66457686151949
9	12.270355182322316
10	14.067041143758358
11	15.295925187215122
12	10.43732328495028
13	16.408689901698168
14	12.855398401434135
15	16.074334240106097
16	15.281082248708408
17	10.601967950416936
18	12.259856562296562
19	11.68098029962059
20	11.058377106169543
21	10.536626126958648
22	13.524977994494147
23	11.859034770029538
24	14.227494933483364
25	15.142777148932783
26	11.955223186383638
27	11.57973692174686
28	13.836763426718537
29	11.484851049239662
30	11.616391046215156
31	14.578268386047284
32	8.420995459125297
33	8.110810745257941
34	12.157503931175796
35	8.923705499349282
36	13.311816887813249
37	8.994402705723312
38	6.601031854492481
39	5.990622094907456
40	10.745826986564856
41	13.152949099164342
42	7.409275465157086
43	10.647781492769083
44	10.635100734000863
45	12.063103364291802
46	14.078106801283354
47	15.095126027604662
48	12.446234902503
49	14.288679413188843
50	7.001951215311893
51	14.674437987142099
52	10.323410916419766
53	16.44672678613327
54	16.34301317377171
55	12.965201071672803
56	14.73697069055649
57	16.159797555310917
58	14.431766171372743
59	14.735154554443287
60	13.226958752696417
61	16.492786533230934
62	16.158558539480175
63	13.642661964141645
64	14.26782520576628
65	14.080909901676721
66	19.73674139368402
67	15.335358787005674
68	10.641040705434666
69	18.0639488537639
70	20.62308190752183
71	16.242568516244862
72	16.31848134979194
73	16.44656948615511
74	16.599187701949795
75	16.17324358058428
76	18.19741990830704
77	16.55951888637134
78	17.72699976389339
79	12.043528377481781
80	18.266322155691583
81	15.492255419516564
82	13.91838998596516
83	10.243176985803615
84	11.207216885039207
85	12.296278548670033
86	14.485606917460736
87	15.242229596308698
88	13.567808728096024
89	13.377596971652878
90	18.724389989751828
91	13.823938175756938
92	18.22046814394885
93	12.455483429437995
94	22.17622043902333
95	16.7107745476257
96	18.052901859325296
97	16.507601739418593
98	18.78792479883074
99	18.030083302682797
100	17.90128882995002
101	18.565032874151758
102	22.670936188315647
103	15.135753682980093
104	18.43039698528119
105	21.969695823302654
106	19.057203345819705
107	21.22120853419513
108	24.424412697830515
109	19.320183906526715
110	16.961367530437833
111	21.471989463144126
112	13.850493943866844
113	12.545189419284549
114	12.15898921264218
115	10.846542037493801
116	10.272668031357977
117	9.993163165154705
118	12.659467879624684
119	10.070768846637069
120	12.874806953991278
121	13.056543257832852
122	12.162075065993468
123	15.271477976299677
124	2.1457223695978747
125	6.095336959459943
126	8.847681127541746
127	9.395489277566387
128	9.83684205673245
129	9.42787901267841
130	7.200555887979135
131	12.39968329362249
132	10.506247878880933
133	10.64084291136167
134	11.488950707061786
135	8.094553286028644
136	11.678017727250138
137	10.03966419360355
138	12.36025471370506
139	8.991605042382693
140	11.898459349229782
141	12.455951302245442
142	8.792953153684087
143	11.049702110837163
144	13.468290562736982
145	14.272829602857307
146	13.078743699382414
147	15.084502819330954
148	13.106233433510358
149	14.030375984629398
