0	1.4345016768427419
1	2.8971587931684963
2	2.5191951092845564
3	2.4085787354417816
4	2.7632983365358417
5	1.977933095108108
6	3.284862206734439
7	3.0301860944403227
8	3.2680822244316294
9	3.2284218964634714
10	4.076511110699584
11	3.3833961199492064
12	3.004963739359553
13	4.033207586107088
14	4.770205906013957
15	4.967803404030683
16	4.19406316824207
17	5.283957416892516
18	5.466657112159214
19	5.952977383522714
20	4.992806483624796
21	6.697724275450003
22	7.521719429874768
23	5.815199025974549
24	8.247228136169383
25	9.086723870605335
26	8.080474586020888
27	12.764989380330395
28	7.247687908691428
29	9.524124590029462
30	12.185367892868527
31	13.735718737800743
32	10.061922751481745
33	15.637784352616054
34	15.528666187177654
35	16.454146722131973
36	18.54981125544536
37	17.21299379667829
38	16.59837156830927
39	14.923553941968605
40	16.624277127125698
41	24.652458062423975
42	20.333694796448558
43	25.375960861742794
44	24.29308045944931
45	28.71380870915276
46	26.02882704746527
47	32.872148127731016
48	28.739217036478177
49	31.449637904236475
50	36.77499122559801
51	33.67700171940418
52	40.17618379497329
53	38.21885571273346
54	39.57195325014625
55	34.39888015346177
56	11.53962117723106
57	47.82749611501323
58	26.570232475849235
59	22.56157599442702
60	24.948035521149777
61	21.829505238365904
62	21.28881285029907
63	24.553002497397863
64	27.690644929346018
65	27.095077029297702
66	27.5512242193491
67	24.557309822945435
68	30.252074757424076
69	29.031729838144315
70	27.107014429584186
71	15.449006669318221
72	27.332096871134386
73	19.915467651054943
74	15.334901199393647
75	18.465574186818603
76	21.55723827847247
77	18.653512384942484
78	13.287740819119255
79	3.627048316941247
80	27.860403862692046
81	12.603144751118599
82	12.545856879493613
83	17.464677857157046
84	15.539635711270128
85	15.993512740752674
86	13.97657436473268
87	13.64536291744743
88	18.478676779387946
89	13.979031879977281
90	17.68474512944458
91	14.086419790786692
92	14.197264209034492
93	18.092111685566604
94	18.600897488557692
95	15.704897882002326
96	17.480581394622412
97	18.82604537723219
98	17.001778120983406
99	15.977264011753272
100	14.806800066478257
101	13.11660270064803
102	17.91157164110139
103	15.761361996546292
104	12.240391259237981
105	20.517205402340814
106	16.38769039545725
107	14.891678184875241
108	20.43707072208014
109	10.788565801633565
110	20.216142389037113
111	11.496134953902605
112	12.288557022208366
113	9.965307519300444
114	7.928695342750562
115	3.8225839618688324
116	1.462833913154673
117	6.318060960511501
118	6.852540764498735
119	7.996057364189052
120	5.7642863039702394
121	4.112290955245625
122	5.908819885647932
123	8.733744911893234
124	7.705187770722454
125	9.870269114943719
126	7.9173366536799
127	9.380299337192557
128	9.602371831727984
129	8.004512132818085
130	9.573295141004287
131	11.92601318637438
132	8.847128218804874
133	7.900961769059413
134	11.627694298318982
135	7.653401807371416
136	9.48599431599608
137	9.139465185959347
138	10.549102267903008
139	9.761392885104483
140	7.653471959753522
141	0.8153269789329604
142	14.075672927136731
143	8.900683226182759
144	4.8550937673494685
145	6.365812901621476
146	7.330167779908064
147	5.383257569812726
148	7.490836964017787
149	8.681096726490896
