0	11.182754636585527
1	11.359428245939535
2	11.492108462718916
3	11.758074050454615
4	8.90283216476626
5	11.4866911437386
6	11.454221732016418
7	12.86873265893871
8	11.696179379026859
9	12.563079260703311
10	11.48956945402228
11	11.321259081661742
12	13.034478025066688
13	12.328059746724348
14	10.269958638146422
15	12.500304928141377
16	10.42140227679217
17	12.56934014123105
18	11.75454238952831
19	14.010526501830181
20	13.408418543135248
21	11.389315982395969
22	13.434350438612569
23	13.537503748401587
24	10.246469193744021
25	12.187515385978275
26	13.632531847347915
27	13.144396612928867
28	12.12398194069097
29	12.296227117989375
30	12.832280610070487
31	9.608369913440686
32	14.246750283079765
33	13.913194974942087
34	11.716659216985859
35	15.253389571560632
36	10.749769924775988
37	14.77460848894196
38	16.396670624139862
39	15.962328693158819
40	16.148249854482827
41	15.939272433900824
42	15.11515317429212
43	14.220685559754045
44	14.643005550959321
45	15.520875870317042
46	14.439658112019657
47	12.573309227505899
48	12.250511646820273
49	11.050508353004622
50	10.652302555110232
51	10.049298159881774
52	9.903520393859328
53	11.053484858890853
54	10.923240684005254
55	11.657344347237977
56	14.246342746226441
57	10.853745654470899
58	12.355505615983892
59	12.16279105751008
60	14.076063144085534
61	11.08560593426748
62	13.638751018749357
63	11.589972502895035
64	10.427332914763392
65	14.607619398522749
66	9.316372439973856
67	11.052447448850623
68	10.548527740597285
69	9.374572534899478
70	10.642778706447451
71	12.497349457523432
72	10.515543869662212
73	9.583435624309988
74	10.74569296092472
75	11.354407474525772
76	9.684593709152237
77	8.03100161657
78	12.260230006154503
79	10.152970376842037
80	12.390329067325029
81	11.028124815371603
82	12.755104379611309
83	11.095117165654756
84	12.39914101723769
85	6.046943193490259
86	8.803498344505606
87	11.364898519652293
88	10.515052067458036
89	12.225865606243335
90	11.958743367614543
91	12.096128862483324
92	11.417407292774463
93	13.13496207416142
94	11.121789974535378
95	12.490406962242474
96	12.366426168890836
97	12.32363474662712
98	11.647361600052673
99	8.903392499689067
100	12.967322202629498
101	10.146209026988426
102	9.952453545956047
103	12.46236700215713
104	11.625267157644805
105	13.201741423289903
106	12.69857889175582
107	12.731003426794617
108	13.039051954565025
109	11.652405464206197
110	11.355368448798954
111	11.65907439835787
112	13.97505783748658
113	14.208080780709771
114	10.117636615756917
115	6.154456463685048
116	7.345274665192203
117	7.634068956233089
118	7.896696686525326
119	8.82533520618936
120	7.695168707426045
121	8.579750554882022
122	7.792766085933012
123	8.16860223893629
124	6.534243713834817
125	7.54418013894628
126	6.502337866781937
127	5.700128260803668
128	8.131730314103503
129	6.922798428824718
130	6.922923127289952
131	8.149438100303891
132	7.242336338218489
133	7.863479697403238
134	7.473797641719523
135	8.71953611622834
136	6.5679013978417755
137	8.548701125603722
138	7.4606802096708895
139	8.051057137459729
140	7.206694726833554
141	8.601876682999881
142	6.990201431533634
143	7.291662697057907
144	7.829901786184645
145	8.198506786259458
146	6.923173004499981
147	8.265731648090764
148	7.815597372841737
149	8.713441196530901
