0	2.5522847433984115
1	3.1622469230335013
2	6.485215151815668
3	12.399965839566143
4	13.25874401598286
5	11.53581340414107
6	13.642232060552297
7	11.286680919078284
8	14.011640712544777
9	13.409741930922724
10	16.004601922086348
11	19.246986626922602
12	16.723302412919157
13	8.443529379251089
14	20.46853317458619
15	13.711325157013839
16	17.760956977835225
17	9.975545310873558
18	12.711046660802847
19	13.162617099955009
20	8.269695894206475
21	19.826233759115905
22	13.41360842432469
23	5.09664475349161
24	13.683545407441738
25	7.480269852364772
26	7.4189951788097215
27	6.947373525424933
28	10.436483583378337
29	9.875673577955471
30	8.737585145228469
31	8.149806502905609
32	7.800136513986585
33	10.316596445108388
34	10.681706847184465
35	8.426455101624734
36	10.69254207658192
37	10.679423572713468
38	8.462293381190998
39	12.59179168205849
40	10.202061102487292
41	10.591644864203934
42	10.826734914440935
43	10.106283285911573
44	10.576762002828422
45	9.844332056966264
46	9.60662495670097
47	10.732105245395811
48	8.256302326365354
49	10.703600066852498
50	9.003404710065922
51	9.720662300043397
52	8.634877513408433
53	11.215874347305284
54	11.649805986517594
55	9.547770909954906
56	8.696315639631369
57	9.501874898935167
58	10.139562900664371
59	12.588826641380583
60	9.973511296354387
61	8.148174428273672
62	10.582571887803212
63	10.338260255179785
64	11.158050103729254
65	9.776434924047308
66	10.21617230251428
67	12.121346978986972
68	12.310249617383363
69	10.528911096952884
70	12.459346616957621
71	13.017449085330048
72	10.093815450750151
73	11.916890338272905
74	10.098030309022734
75	11.163786760954602
76	11.817137761066226
77	11.097071883046988
78	11.042678825949615
79	13.135625018601404
80	12.16269555573557
81	11.689161415067986
82	11.19751154626034
83	11.18067445281946
84	11.906833659730113
85	13.135376399821656
86	11.31159355305887
87	11.64106228797209
88	13.269403803850356
89	12.183989363192055
90	11.31191127328771
91	13.408904586490568
92	12.318351382510325
93	11.869236281549055
94	13.250730061519777
95	12.165897372182762
96	10.937143702864013
97	12.00733535582992
98	14.957224726638621
99	10.659968765308038
100	12.619739266314712
101	13.833612310408702
102	13.620799931521201
103	11.869682377703977
104	13.579655797695587
105	11.16420316991022
106	13.775273582428328
107	13.134880116298806
108	12.893487355631388
109	13.97263632239944
110	14.972970811751393
111	11.650133064446923
112	2.3152071841930733
113	15.571362070735818
114	17.351801400003694
115	13.885844469863432
116	13.6622069773616
117	14.083532148280296
118	13.223260235237412
119	16.278661677026456
120	13.435599819221666
121	18.80675627534685
122	12.58858897205849
123	20.12632207931221
124	15.070011703180713
125	16.382635806258534
126	12.101546040499974
127	14.291927525938318
128	10.276117068785204
129	13.258618923253323
130	13.835703580564157
131	13.833481809089038
132	11.007238452919976
133	12.040852691048748
134	14.63952741665488
135	14.183085834205677
136	9.021318537486934
137	15.209181023812423
138	18.074885040059918
139	12.587759412921159
140	18.22485757632291
141	17.412295938401765
142	18.09946584873009
143	17.233772264217066
144	16.5404034317351
145	20.91805147078115
146	14.32878143716791
147	15.567651308205894
148	17.725937997636464
149	23.57492862901355
