0	24.34603925693605
1	21.26512568886649
2	26.961570741009044
3	21.728665917348206
4	25.730452874253118
5	26.039380136100462
6	24.190191232829427
7	19.926443048740666
8	21.519150491102245
9	24.197260234989297
10	22.18990812161383
11	25.11438672484426
12	29.272287835645606
13	24.710061483727543
14	26.439075959510234
15	23.792945300291674
16	25.200052275132315
17	31.20325865621776
18	29.347289224457747
19	24.49880934977555
20	22.80574218043072
21	17.15304887643599
22	15.527548368388876
23	17.28321393004628
24	4.787406362242368
25	14.61028675322126
26	5.09284679733535
27	5.100156077436398
28	11.412812092318228
29	14.645940901106908
30	19.72676391143795
31	14.1837948322759
32	13.722452100668788
33	11.56622414835781
34	16.646762182967585
35	12.68447280225916
36	16.830646313048394
37	0.7897485203446304
38	1.405493265821111
39	2.176379772542559
40	2.481870656175235
41	4.4846789306282
42	9.719087056044707
43	6.493872578912404
44	6.169645225008655
45	13.265474740453367
46	9.416269087974051
47	7.255667824153716
48	9.873319860642944
49	8.025577209888048
50	10.797080240404975
51	8.33325696818825
52	9.12210467595265
53	6.473180467584544
54	8.179306150084935
55	10.18143059563712
56	9.871472228268534
57	9.413370276693929
58	12.181219718674127
59	10.182003177858865
60	8.33325696818825
61	3.8692007044197814
62	12.642079230552879
63	6.640338381526322
64	6.178333678966886
65	5.408430018853538
66	10.181143974684446
67	9.11496651307647
68	7.400690560942399
69	10.488371696055369
70	12.029102000696305
71	10.488667521450294
72	8.33364179823377
73	11.104790540952365
74	8.948894253394002
75	11.733047971019015
76	12.501794861718896
77	8.47098946017682
78	11.721394841993463
79	12.5113049772304
80	9.395846167357044
81	11.720064307218061
82	8.025946668917719
83	12.951905386057208
84	2.9447937433692353
85	14.061927679635176
86	11.695402894819864
87	8.641879154360888
88	7.871621769328353
89	8.641558827642218
90	11.412489310365483
91	7.7234074936593
92	11.40387448902956
93	10.951246283751193
94	6.793564358765757
95	8.510437737372701
96	8.311535621097148
97	13.414656485716224
98	12.951535604313557
99	7.101521322200364
100	13.876678098697441
101	8.333872944163348
102	10.180571495524251
103	9.873319860642944
104	8.487365143229567
105	12.490759297125619
106	8.48712940266106
107	6.640938854496885
108	12.026368298884655
109	7.1026853458169334
110	9.41047403252042
111	7.1153218731003856
112	4.477264674051928
113	17.28119824957903
114	10.632223566360835
115	6.020225787347984
116	6.332523213327087
117	8.179759164412554
118	5.561354349231202
119	4.022498562845354
120	4.7936771457382354
121	4.792512958134428
122	4.946295935765297
123	5.870253301987498
124	6.177779529191445
125	6.332693857360384
126	6.803184952846531
127	5.70878826219725
128	7.410161755693463
129	4.022498562845354
130	7.417961708449741
131	6.1713031286489475
132	4.023006801041497
133	4.484602077015036
134	5.8704627421983195
135	6.030144170497569
136	5.403090643037605
137	6.639797969051814
138	5.870043878535251
139	5.254564076309509
140	14.730476077969316
141	3.8707212831526308
142	3.0989539276295464
143	5.254471504149316
144	6.793933685410479
145	5.71573767150929
146	6.793748787155125
147	6.332352155066762
148	6.794980886998772
149	6.024156482611999
