0	1.981845802404604
1	4.70593692708181
2	5.833605380841339
3	4.822945598630563
4	6.601502950416158
5	5.903304676186766
6	7.161020470940205
7	7.0938804857247515
8	7.348532706515817
9	10.128514638784518
10	11.868709672917934
11	10.122197656639923
12	10.942610546163614
13	10.84662004064168
14	12.676117470863105
15	12.439750890894803
16	19.055357301444744
17	20.46844873365043
18	22.039789030581645
19	18.512957768599613
20	26.534658725512532
21	25.658118212528418
22	26.796864019107346
23	19.870526101964444
24	30.10024575525013
25	26.422813541118277
26	24.24081114091372
27	23.101945626027753
28	30.646804693428045
29	22.889831927633466
30	21.268639824718836
31	26.236147871824812
32	27.419282622848584
33	32.7318007060676
34	25.76033281131905
35	30.923425583536126
36	31.209249450744462
37	30.82994757338134
38	26.889520327132605
39	20.89180095919937
40	25.264679642837137
41	23.414507758761566
42	22.84150509787991
43	26.654882888991434
44	18.29755822255592
45	29.00654633501728
46	21.24968074023193
47	27.552500971563045
48	26.2342025284485
49	22.720826181056722
50	23.95898083068552
51	28.333489246208593
52	14.597587848405333
53	27.52274985014846
54	26.86108696857461
55	25.469751641263816
56	22.298472288212448
57	32.04040111891727
58	16.57361509126517
59	20.380138539106746
60	29.44041581720055
61	18.682629882005138
62	12.108138624938965
63	17.167449842342812
64	29.726182848851373
65	20.414074319586202
66	25.02398300007086
67	22.007776187775285
68	16.181058397069823
69	17.32309135816793
70	22.51503810245185
71	20.101835477391894
72	17.25822886270879
73	18.467116723148763
74	24.686034403885195
75	20.29658567076868
76	18.879690372836993
77	20.555774588353
78	23.504866701040367
79	9.383295313957682
80	27.54951859606188
81	14.26641651123679
82	18.573497090962427
83	19.078773921879097
84	16.80995193459229
85	17.43475564465696
86	13.901705342509597
87	17.846744486286862
88	16.341936864712352
89	16.52500960471018
90	17.84811122288293
91	15.261662689004767
92	18.342931991454158
93	12.913289257922706
94	11.762626192049877
95	14.99359042045312
96	14.263034074835115
97	14.269661326559666
98	12.745473631391642
99	8.056151365458291
100	14.511409896200437
101	9.170188275796303
102	9.83418737081511
103	10.945683830515547
104	9.441355047265956
105	11.120523461230245
106	10.89441343926452
107	8.609257412780446
108	7.901499669788045
109	8.841240153334466
110	8.251602485654805
111	6.653226845182422
112	7.077758999393232
113	9.003300268517686
114	8.837089050805867
115	5.004688445988869
116	3.439766449359807
117	6.058863656928988
118	4.3623035105785135
119	5.663731064411927
120	5.707405629180714
121	5.661989079895626
122	5.573555946421566
123	6.737713098255915
124	5.515977304330207
125	5.222973971839137
126	6.415890475148402
127	5.8015351823154155
128	6.8058263473221565
129	5.366841033907665
130	5.448442564960647
131	6.669903882977291
132	6.004689624156335
133	6.263132129691558
134	5.408240492879836
135	6.355607343825358
136	5.970985953891713
137	6.687664150928134
138	5.48252237351265
139	6.465833708797685
140	6.27495793595382
141	7.492560474118749
142	4.991811965204576
143	6.466583747376118
144	6.889799028822827
145	5.841066710978332
146	7.280663861153608
147	6.137174938874775
148	7.538661470334354
149	5.24428004691516
