0	1.1191141714731279
1	3.2703249158623517
2	4.049189397121624
3	4.012515118914249
4	4.4362293164298
5	4.926130344408374
6	5.397473042770937
7	6.407038884059965
8	6.567111102795605
9	7.319282116143426
10	8.400585334960395
11	5.740208525458834
12	8.482852147755807
13	10.120644363783244
14	11.265259115278807
15	10.735956238530196
16	10.473752813509755
17	13.586242441565203
18	14.33289041893271
19	13.338759291180727
20	16.28657370371863
21	14.642460639851727
22	20.633004133958313
23	19.233688713921264
24	21.23453714889489
25	23.153611191837573
26	17.432825087953752
27	23.418780835248548
28	19.150179868676627
29	18.118225684527832
30	19.522329826124274
31	18.12886371437415
32	17.36149109763423
33	19.99666894364816
34	17.35627443634346
35	17.628564894046637
36	15.202091724180315
37	21.4173671922528
38	16.936336552765436
39	11.042561745453435
40	18.09768141340906
41	17.38869859623772
42	16.868495543825848
43	10.218278335344735
44	25.508109031310667
45	15.406298820127908
46	14.644854867163774
47	13.124463999196145
48	17.531445538246594
49	16.14387426799304
50	7.881265368425196
51	12.280112925816365
52	12.223594228220744
53	13.378250777335058
54	9.218780868017323
55	11.939482827304795
56	13.479859099816094
57	12.409892685016231
58	8.10267984870032
59	13.289199706205554
60	11.48458257822818
61	9.286454593477965
62	9.326731438841968
63	9.94819823993642
64	7.9418428121639595
65	10.390920246291943
66	11.400496042561542
67	9.356490887039412
68	10.831107746568893
69	10.872081837437904
70	8.438392275610436
71	10.554755950039985
72	11.322360802705719
73	9.45919090917892
74	9.27513749524963
75	11.322771499400915
76	10.794102125201036
77	12.414416941180052
78	8.12468704318574
79	12.025400872185186
80	10.60867888511713
81	9.664751661243189
82	7.4989312004639785
83	7.821547074976637
84	7.442992499234805
85	7.739440507810415
86	9.789794777674226
87	6.47295647889257
88	8.481817106003511
89	6.110613678624516
90	7.744470145389306
91	9.16226163160327
92	8.833550234090024
93	10.215992365712241
94	7.554661938769659
95	9.208301505862918
96	9.544100466091912
97	6.009957525798673
98	9.48796340462542
99	9.793308964866057
100	5.46868560412242
101	9.791930432075853
102	9.589609455305617
103	6.78768781744707
104	8.795980628436663
105	9.926555872716921
106	8.495606820919566
107	9.571623041375455
108	7.078269176882397
109	9.840580155653726
110	10.678256713608274
111	9.971367312012914
112	4.92438930541119
113	4.829447031268761
114	8.722292209620402
115	9.599608475286152
116	10.090406791199603
117	9.054468348966417
118	10.131395040119155
119	10.553652620978834
120	9.613420647661293
121	10.2513489006734
122	10.355783504805228
123	8.68333629591033
124	9.056602451878067
125	10.633110008439308
126	10.914432982449851
127	10.83044257122387
128	9.302632139956811
129	8.541945478053464
130	9.94108884820354
131	10.331444728171167
132	8.99189194770299
133	10.554483146348158
134	11.149462296972677
135	9.98156688283868
136	9.273568389007243
137	9.886226437108101
138	10.186112358923172
139	7.786879368994103
140	10.007578999607174
141	11.127087993138396
142	9.806075885071063
143	10.49950764176623
144	9.353903709954738
145	10.09356540548349
146	9.652447810030997
147	9.927872676682282
148	10.55335141544596
149	7.437726415256673
