0	17.998091605867717
1	21.864199833559436
2	20.965439551034592
3	24.798717783370066
4	24.131253274401825
5	21.057710585771346
6	22.509820884160582
7	25.558617916685996
8	23.32261828715211
9	23.834276273307605
10	19.993686568044225
11	16.271689223184822
12	18.460213072991486
13	19.038339120196685
14	15.347605314642934
15	18.98531960841747
16	18.17051645974372
17	14.751231324278374
18	16.469841757496734
19	17.259242772282093
20	19.47334660312055
21	18.0688213322814
22	19.568499830217956
23	21.064695354795017
24	16.292067431214264
25	17.64743069140397
26	19.753997105806498
27	18.007507823413572
28	22.34820292127654
29	19.47703151503718
30	21.29611594397388
31	21.37927928796885
32	19.219836526682894
33	24.17184586021043
34	19.1951128259813
35	22.795912785432105
36	20.359328876430293
37	21.22668272585255
38	24.39770757357413
39	18.63847582116868
40	18.356954074019598
41	16.742247810015353
42	21.941119627785266
43	20.12345460621086
44	19.67122866559335
45	20.538672698911757
46	20.80595375993246
47	23.554393452001893
48	22.07163461171178
49	29.422375813893527
50	15.30628402935764
51	25.09904259942568
52	19.19921268540557
53	16.182317258455452
54	18.035287665548335
55	19.451737544296716
56	16.836053345817433
57	19.82174918517948
58	16.172328245725705
59	18.709633179153556
60	15.86966243030882
61	21.99064359296736
62	15.649564129988242
63	15.59754927311741
64	16.192475187142836
65	13.768461110406275
66	13.62199162043441
67	15.681371456712888
68	12.03800158972101
69	10.606274885979953
70	12.930984318140528
71	13.77077619350603
72	12.315822940082702
73	11.055193641057473
74	11.942254719009076
75	12.55267866707191
76	12.081060517029627
77	12.217203178312928
78	11.606296778712325
79	15.825336989061352
80	11.614789078381937
81	11.214907172307854
82	15.639791679919218
83	14.660342511147181
84	8.435039218763624
85	15.130371145102359
86	13.0322199883598
87	15.288538216718498
88	14.274054205670785
89	13.518784906717745
90	13.532010535257047
91	15.132701369160587
92	15.456925723093791
93	14.813336923776268
94	14.70669886730304
95	16.407523268546505
96	12.410999070991013
97	14.414949705320959
98	17.539393432685852
99	15.169509421534764
100	16.134061902104527
101	17.70923244509951
102	14.800210365748505
103	15.763220094303419
104	11.057394932769226
105	20.22862112595329
106	12.847211029190673
107	11.676094817609394
108	9.409651853891697
109	11.07135583224849
110	9.252552887190305
111	9.736978961504345
112	11.000657931617582
113	5.187894343696977
114	11.064527552683511
115	7.420668636545477
116	10.078179812151758
117	9.61725420829304
118	7.901571891775152
119	8.147875276795595
120	8.604714384147382
121	7.79328215373749
122	9.600317772985958
123	9.879310932109744
124	9.512338510129261
125	8.001255103443583
126	11.075035432702302
127	9.894125568854188
128	10.98940682275523
129	10.500351285671814
130	10.093031540524505
131	9.667295368106947
132	10.943465286301773
133	11.77262588357016
134	10.19812146366444
135	11.740677572725385
136	11.275032248547062
137	12.447692787089897
138	12.038116890882115
139	11.504476353915528
140	12.924481462417988
141	12.468130432233748
142	11.889888241533562
143	12.853492688976239
144	12.305736201115332
145	9.056799978870147
146	11.900187237973086
147	9.655475574885832
148	10.931939523955277
149	9.827871444421984
