0	15.82259155759289
1	15.595066590226658
2	11.13513653707167
3	19.283233128685723
4	15.694685409823611
5	16.129865381901528
6	17.71614169534343
7	14.18752961386919
8	12.687830579026702
9	14.226368138997756
10	9.800197018445134
11	17.42041189019076
12	12.202095689150704
13	8.99744783276751
14	12.311081787352007
15	15.193934461543632
16	17.29148654644971
17	19.04605463139989
18	16.270308778675734
19	18.797431329035852
20	15.753883759698054
21	17.506259644128004
22	14.030812842769166
23	13.370970498723901
24	17.027963291657162
25	14.730782040274379
26	16.158756362599718
27	14.295670337805044
28	14.381086959758385
29	16.142453532587187
30	17.868941298456807
31	18.21042971735851
32	14.527980684018406
33	19.72274012867062
34	14.67436020758966
35	15.506388095980519
36	16.652098949097823
37	9.87094677104145
38	20.241441854784195
39	15.047592009225838
40	15.011314384870513
41	16.733662130038088
42	10.25288830652653
43	12.591576436277407
44	10.204670342833023
45	14.631920139964492
46	13.676899912070086
47	11.7614179886676
48	15.568598175422048
49	13.986155182717168
50	12.395818239858245
51	16.714064466283965
52	11.406382091392649
53	11.375398595962578
54	16.2035476673048
55	17.20257625515661
56	15.664324162802469
57	18.23206807666292
58	17.71303695835567
59	17.415769817946522
60	15.418831933575564
61	19.009690247607793
62	18.313091735129607
63	18.20834888859141
64	18.603479277451605
65	13.842198411811413
66	19.503633514132705
67	14.209830822030957
68	19.43480555741486
69	14.053853475794195
70	19.29814592275209
71	10.493774796273255
72	14.107943052813994
73	20.1365357972766
74	17.313492643806075
75	14.010223746666767
76	15.171338507570702
77	20.197267571183307
78	18.277588439097823
79	13.83450958432468
80	18.32242782378991
81	12.599822885894236
82	10.477011039634126
83	8.863821612558203
84	11.432302630949351
85	12.160031609323912
86	10.499700252985242
87	11.055664080459335
88	12.048743283985052
89	12.76430870271626
90	14.114716173235154
91	8.186980157578057
92	13.061898110069482
93	9.678171348687414
94	13.386477561370247
95	13.062143124837323
96	14.145748624936436
97	13.264675803788409
98	16.921052532815956
99	15.415218676202082
100	14.486226647323024
101	13.97795918024737
102	14.246823418882084
103	15.603366472261792
104	18.81482426363086
105	12.893735789093647
106	14.187261390731244
107	13.1025122877703
108	17.47331612462872
109	16.13723207899443
110	13.608338737237892
111	17.563594344805228
112	9.850421909839897
113	0.8408202281743055
114	14.079152571223668
115	8.274240944296
116	10.934123489067769
117	12.563582038837323
118	13.52566772906214
119	12.765865428854527
120	11.001835658592304
121	13.24620219886415
122	12.459523021492537
123	14.904594598164834
124	10.816622685038205
125	14.883157212214293
126	15.199410855688717
127	16.01232575775174
128	15.140110263637533
129	11.46047768281467
130	17.015460671545775
131	14.306955777049971
132	9.243017408716199
133	15.719848848123693
134	15.112997136247916
135	15.822167534441425
136	6.485369868276965
137	11.222434619701067
138	11.28130474300123
139	10.63765295393174
140	11.781833519054565
141	12.444036553522501
142	14.572433548042895
143	12.618011123123207
144	12.601003693893306
145	14.49279773676618
146	13.974392801770678
147	12.819076329550512
148	9.294566791005778
149	13.147140311464437
