0	14.004197020671985
1	15.74760334610024
2	15.603348685511412
3	14.381988612305504
4	11.220004666824376
5	16.23896428448117
6	8.884993319690002
7	12.740485549802852
8	12.001987811655933
9	10.479098033124764
10	10.961993941434212
11	11.439098573681562
12	12.385985915403444
13	13.08735519613077
14	12.470235076892285
15	11.883333366478215
16	12.482650570947726
17	11.987577284448335
18	12.129767355301151
19	11.839912694938606
20	14.781545137182695
21	12.209340926155535
22	12.46567332647235
23	12.185021977173005
24	11.68013250231549
25	11.151496498519114
26	11.263740292445318
27	11.264483528057246
28	14.072666575444428
29	9.852521172941628
30	10.267930336512999
31	11.695874450273225
32	12.780659223303786
33	10.984129125570721
34	10.589716260461767
35	11.115915931179853
36	10.357956129046473
37	10.457145980744654
38	11.55326786106062
39	9.679833890060348
40	10.917340280686014
41	11.770533878353184
42	7.389160528435399
43	13.468727696121983
44	11.740181225272174
45	11.695432654988052
46	10.265046031237482
47	12.011303972445704
48	13.873957938621283
49	11.72401621652659
50	11.568130406903816
51	13.12606667562202
52	13.426306824714457
53	13.429764552436582
54	12.779324588654276
55	11.43936488376367
56	12.701553266321952
57	13.131931861920432
58	12.843360398709343
59	12.744258862450756
60	12.740607179559763
61	13.479748867735314
62	13.292995766346024
63	13.476156284434477
64	11.006141448031352
65	12.589984633521675
66	12.836705962417296
67	13.245685925281158
68	13.096325608204108
69	12.98170370709802
70	14.956802549157464
71	12.619233968348622
72	14.722855752257088
73	12.785391093419499
74	13.851004779537243
75	13.043283337167926
76	11.968260162436241
77	13.726948805466732
78	12.95847796292037
79	9.35806347866216
80	8.078122293514605
81	12.918226825321238
82	14.12055544077777
83	12.572940405175562
84	13.646594588928718
85	15.811434214437188
86	13.343008675922752
87	14.028831574370596
88	11.710655291318568
89	14.727921039015
90	13.942769985458067
91	13.523793905259435
92	17.462067465851607
93	16.541230169381947
94	14.286730239209811
95	14.348917530009675
96	16.2065335659074
97	16.324286656212912
98	10.228925636039257
99	16.417608089295623
100	14.116504216195702
101	14.858845530246311
102	15.683923963210399
103	17.503475659020353
104	13.169628994720469
105	14.776689537430096
106	15.426769905836341
107	17.100278900736665
108	18.529615651877887
109	15.725812888380332
110	17.158574791852672
111	17.458312610365965
112	0.8679724532823786
113	8.77474646749366
114	11.555372689205306
115	12.847025385075135
116	10.823899132711858
117	14.130251783787582
118	12.639883270727516
119	13.09160928823738
120	11.090489044144645
121	10.484404895312121
122	14.252868481686559
123	11.04707245202318
124	13.161216417406417
125	11.740514160850493
126	10.413659659206406
127	10.787299359618462
128	9.642577078278162
129	11.18490878008209
130	12.900930987800463
131	9.525815084222037
132	8.085922351184538
133	8.903815164109362
134	6.849986192467571
135	10.88255675375379
136	6.340242956092944
137	11.49304632819747
138	11.224656689356829
139	6.81737860133876
140	9.986013942785435
141	11.857396632605719
142	13.395738486431354
143	13.545919386425622
144	15.861708780243028
145	10.873720885048723
146	17.798830350440877
147	10.227775726834878
148	18.5959173318104
149	11.040631304479815
