0	14.975703243480643
1	14.393878415746753
2	14.047072223826241
3	12.671653552420926
4	15.852386385686833
5	15.078478714989375
6	8.215899413158999
7	15.337090782534153
8	16.413541085793725
9	15.07309547086204
10	9.174765906881946
11	15.28637098713929
12	12.600876344653
13	10.434800982912806
14	15.226964146051037
15	12.359446732780894
16	12.601601439775768
17	13.72330526014115
18	12.413265906171167
19	17.809073524144203
20	12.465916756084388
21	17.245851816731374
22	14.821887453082189
23	12.085208008641388
24	15.234761705577391
25	16.4038288199291
26	11.494104213813328
27	11.51768378056536
28	13.479657164298933
29	13.723173125757443
30	9.27388609641483
31	13.307994123090326
32	13.803997823700167
33	14.441019638720425
34	12.39993169698634
35	11.487431836838574
36	15.492358707927053
37	11.289911478139512
38	14.970214780709487
39	13.395745036816642
40	13.272971703021451
41	16.067659803189805
42	9.965422986573566
43	16.317135279572643
44	12.757271035884367
45	14.562296324638774
46	15.4820308471734
47	15.233731578892156
48	13.392023417418796
49	14.87234867972056
50	17.349228012849554
51	18.016405229682366
52	11.024696537333943
53	16.22208737164306
54	14.711291365713892
55	15.947631569189758
56	16.41351235434725
57	14.169420430499429
58	17.246687709819366
59	16.098509364212408
60	14.270332255615843
61	17.45074508067673
62	12.637086057231755
63	13.009121139903936
64	19.07998509776855
65	14.681579028159648
66	16.052220930677368
67	17.1993346166282
68	16.206695801540686
69	16.993656363106513
70	17.29296502256581
71	15.810356266338088
72	16.23544756025178
73	18.255771805441572
74	14.18991128150599
75	19.459256444813764
76	17.14413920109988
77	14.551083317695493
78	15.533910354779875
79	18.54712687498128
80	14.872205452984971
81	16.473064830957313
82	18.126326711693363
83	15.027308910562947
84	16.827056030515884
85	15.296030593377795
86	19.304417532701898
87	12.623446842760949
88	13.582089536388832
89	15.169765932697892
90	17.146132964035946
91	16.891224237920905
92	19.62820623101007
93	17.297237944965815
94	19.598090156136152
95	13.390464657434258
96	16.200094349771557
97	14.324561135220884
98	20.7543247259537
99	20.342692620040115
100	19.569180427199864
101	16.673684209977246
102	19.524412001800126
103	17.61135920675368
104	20.963697306577117
105	17.248693695836216
106	19.14905779387783
107	18.427375769286368
108	19.991208397160506
109	19.310391740362572
110	16.886913350626667
111	12.014397681254177
112	12.722874821088269
113	14.87263514177149
114	8.007217538463877
115	3.72633996844695
116	6.006346054772914
117	15.823628138249077
118	10.021844320778916
119	7.6476274182103054
120	10.331389723963248
121	8.163908265709837
122	11.179362274864873
123	7.7354821286074795
124	9.064789339298358
125	6.907224643669996
126	13.480564471280958
127	8.37009954436133
128	10.021274810924695
129	11.415239169850988
130	9.846078610743515
131	9.733055945550502
132	14.786431844549176
133	14.64686566518248
134	9.918254100399242
135	8.78318868235367
136	9.815136535250382
137	8.369237040547508
138	10.514577002957914
139	8.503217633671989
140	9.420168399555916
141	8.045054758859944
142	9.193874950840724
143	8.7328947960645
144	9.96627222142416
145	9.199077489650685
146	9.37413297406115
147	9.4306559033049
148	7.440238868105395
149	10.126691114328654
