0	2.852932761995608
1	3.400069384869693
2	9.642357811188038
3	5.2372646780091126
4	5.53926604511546
5	6.564222265528404
6	5.533236671390782
7	12.006336479857858
8	2.459055710375817
9	4.054229273258975
10	8.191199430934478
11	6.847814075283327
12	6.806514393737879
13	6.647931717090258
14	13.730202475722699
15	10.347438367470254
16	7.1883656123346125
17	13.495286543791785
18	13.637815059567455
19	15.703113440399555
20	16.56448539833783
21	14.3169041094318
22	15.034019651426203
23	18.83593541105896
24	13.86633683961631
25	14.472742491932525
26	11.50959887278767
27	12.70924348485742
28	14.32578935754064
29	11.120188130969886
30	13.838616251436598
31	16.719164999153122
32	12.616436881824846
33	14.893583914643816
34	13.312788495947235
35	18.029484089253057
36	17.434462269170556
37	18.032176759673096
38	10.513545381138318
39	15.96916826363691
40	16.176700766805002
41	16.88537117778697
42	13.162334231007403
43	17.165469325098897
44	16.778472565210635
45	15.5645200804699
46	16.00890169681977
47	17.171363792748217
48	18.358131712887488
49	13.13877410158782
50	13.575256131768679
51	14.480579081857908
52	15.64163336974422
53	14.38101039559648
54	16.829984387787466
55	18.9619617489376
56	17.29521887082621
57	16.24111277932802
58	14.178207815553659
59	13.074257316942447
60	18.156291111170475
61	11.705397823962475
62	18.30962053975347
63	19.019760712986283
64	17.506555496036473
65	12.92411861024134
66	15.83229027077926
67	16.975883647138303
68	19.626051722393456
69	13.726316068006902
70	15.699070811872001
71	22.026594563380566
72	15.109038239749268
73	17.345303305368677
74	17.376897261970786
75	20.6246680036217
76	20.14964960875679
77	20.10761931188369
78	19.740712208735367
79	21.30498431143508
80	20.37170969969373
81	24.48220993866212
82	18.42554446931406
83	20.622770794763174
84	14.825810320351007
85	20.635761759999887
86	16.202248112506734
87	16.256112928208594
88	20.881615804144822
89	17.0601930783587
90	16.653472838995178
91	16.668549380848972
92	14.820575545942575
93	12.004425307052497
94	12.403783222820643
95	8.818267577478505
96	15.074901003106653
97	14.656812110731085
98	10.208420882368117
99	9.450302097215936
100	10.48328020807866
101	8.550005629148863
102	8.180678993046762
103	11.235110223663348
104	13.98178131058934
105	8.913361512194697
106	22.760898130382415
107	11.205586949921184
108	15.345173004822254
109	9.046108301153232
110	12.841267254526368
111	12.540568188962144
112	5.782909620577171
113	10.61864075654665
114	14.622731033173952
115	8.422273524153944
116	9.910631726837234
117	9.112980823958335
118	8.05039435882716
119	11.372672556189027
120	8.468479080051862
121	6.386151326282655
122	8.490683886000236
123	11.64553102682638
124	8.71725715616816
125	3.330133240227366
126	7.18810699334931
127	9.277893148999542
128	8.115253515769908
129	8.723175168805476
130	12.608329477200286
131	11.071116460333275
132	7.912319858548715
133	10.337311228743744
134	11.924107377322006
135	10.606751017481777
136	11.809363213408368
137	9.846103595548993
138	10.710334652680004
139	10.945853974050312
140	8.53887929963275
141	8.833773562417306
142	10.633986662876566
143	12.871627454765935
144	11.004616228853902
145	5.945204092201585
146	10.702953987573586
147	11.110004590822804
148	8.356256091713563
149	11.213245960572365
