0	15.91950113824849
1	15.156214126312063
2	13.671423405272662
3	15.585283242358877
4	13.754598734329596
5	14.711274973571177
6	16.77418281501906
7	16.07609229514797
8	13.750657252937092
9	14.94607958916834
10	15.076255128422972
11	16.227628007635456
12	16.02078094135937
13	16.992085093586724
14	17.067543677852804
15	15.152291507703138
16	14.83225123381494
17	16.96016650398648
18	16.17933942061655
19	16.826166639987193
20	14.83127337677663
21	14.114036936263076
22	16.346988398993854
23	17.55353404940395
24	18.61232411360808
25	16.308038861477648
26	21.055556417180714
27	15.46330496268424
28	16.352963761300707
29	16.148465294191666
30	21.095858874028956
31	19.02667662510766
32	19.020973121049686
33	18.733388772840243
34	18.22468094625158
35	18.340476025972176
36	15.958501666152229
37	19.248419583846037
38	17.86353573872492
39	15.071054279427127
40	20.11076815421352
41	18.443220490397493
42	17.173946331630113
43	18.54170980741153
44	14.328163126889233
45	13.71653821936619
46	13.315526919051308
47	7.252172308330722
48	9.645842427287917
49	16.068214953970475
50	15.669293013961678
51	14.31117970120577
52	15.631650757473937
53	13.993954287983694
54	14.392880210740518
55	12.158895043302284
56	12.836825370242956
57	9.326086241648055
58	10.32441796854484
59	13.761821295623873
60	11.833256903383946
61	10.40381687189633
62	11.845811080418853
63	13.62621402041771
64	13.11656751575802
65	12.838656399846817
66	12.67749874288616
67	15.349713492689046
68	15.270956849749352
69	12.836703503020075
70	10.882332090480435
71	13.156711041673617
72	7.291399233900614
73	12.040130301497761
74	15.515976152014632
75	11.875261632101711
76	10.084197077236029
77	13.835440613260177
78	10.004039239231549
79	14.113766684382114
80	15.43038424140475
81	18.37876734132597
82	18.259112297737005
83	21.745364722901265
84	18.524710683763434
85	17.114807776852818
86	18.468458799160718
87	17.073906017339056
88	22.90782564263291
89	18.546009364013035
90	23.256729812623142
91	18.865774386808802
92	17.21580082670041
93	22.177106663440345
94	19.93911008538635
95	22.378977496274196
96	12.968331126409076
97	14.176436760562115
98	14.599188450621686
99	13.677162129107383
100	16.57043609815199
101	14.99331803099824
102	15.948538371967835
103	17.545917489820237
104	19.98268211867021
105	15.708581923129222
106	17.87296913411491
107	16.04330101019805
108	16.15560722813069
109	17.580558190748448
110	18.428617468498697
111	19.97745680663422
112	18.65327680936258
113	18.820230166629802
114	16.900093633634583
115	3.7343247847773626
116	5.53858991396043
117	9.310586935920501
118	13.238239064457217
119	15.998088253747742
120	15.473394188980878
121	13.517950074319588
122	7.77921744993453
123	2.66745323124463
124	2.3852274602012424
125	2.425066683661279
126	2.5443783535778395
127	2.305977821937827
128	1.988866044241512
129	1.6668218208126118
130	13.080699160501714
131	10.014185205140029
132	10.092732961786762
133	4.572363931679704
134	1.5075816679155989
135	10.01327199958335
136	11.636699107615934
137	11.4026901673539
138	13.384715651111726
139	12.742828659724891
140	1.9095956345615384
141	1.2666891562744844
142	1.5100018817423608
143	1.0675422312042824
144	2.9834341669171636
145	2.0263302716031792
146	2.4195368309346845
147	2.3149112148455773
148	3.1422396470865523
149	2.7395809691835944
