0	11.359031265314679
1	14.138855590812254
2	12.426995336900324
3	12.741645150308772
4	9.71049614334835
5	13.067706669686372
6	11.9333190360958
7	14.381942423677517
8	11.897048965327492
9	13.030235598152633
10	14.370806392988545
11	11.304101494908743
12	15.405160711719928
13	13.208206197711549
14	12.788274105709622
15	15.556756189600556
16	14.433536891503328
17	10.89981612301429
18	15.246150496544827
19	11.301338443892538
20	14.20579907256232
21	12.198015790784622
22	18.50563481580244
23	14.140868667671045
24	13.937928815501031
25	16.576079141097548
26	13.59973502360166
27	14.307038910734658
28	10.801559396846947
29	18.220666020691354
30	12.398983696832914
31	15.045877810992803
32	12.883442961689989
33	15.00033188528559
34	15.923166308744635
35	14.352783951054287
36	16.225773515366505
37	16.15653375533813
38	13.403402497681506
39	13.589676868090702
40	15.742789423201275
41	17.845457301297266
42	15.446440658039979
43	20.6698973315117
44	11.102880402659615
45	18.54026253467733
46	18.546509104119682
47	13.933932020880656
48	15.493753894261458
49	15.8091136603285
50	20.141111937001757
51	19.94220251232017
52	14.894582405080627
53	19.457497070226058
54	18.946071632571602
55	17.25523602869702
56	17.91559407704363
57	17.728412661089813
58	16.50966823487668
59	18.442183948826948
60	17.13148550603356
61	23.178467443577908
62	20.01994145483487
63	21.349462071896976
64	18.483544596256934
65	14.630590976699228
66	19.569520439370514
67	14.885491646041324
68	14.425004257654376
69	13.783495474389627
70	13.134002098853284
71	17.61939040792924
72	17.072719313344642
73	12.559006437593583
74	18.47643002402201
75	16.553006671787802
76	17.97870469993497
77	15.542306245314913
78	17.726797544837716
79	19.284060407045377
80	18.34561693236987
81	19.314613347010134
82	19.079749468731542
83	14.45338004114083
84	18.62636300933098
85	18.38116381711902
86	18.866727027239843
87	20.399824415225797
88	17.15823854384637
89	18.279357035305082
90	17.582767468579934
91	20.700210983732944
92	21.771619002557017
93	18.38890267687182
94	22.194214879369763
95	15.275322331563569
96	20.941687647812234
97	15.823933934247979
98	21.668788836985748
99	17.276413438654593
100	18.789887868294066
101	19.03234217755862
102	21.47064725002755
103	20.552032457847332
104	15.82029461929041
105	18.151996357985087
106	17.11785595332436
107	20.46671391835944
108	14.908209269330591
109	16.34360418639544
110	22.531001791186952
111	15.403102836161288
112	20.790485050354825
113	21.781132643759197
114	16.04367498808978
115	2.3902556525823386
116	3.961135126505621
117	16.51611282098213
118	15.791703146896609
119	7.813576654367583
120	12.752428564927664
121	8.332043971185218
122	11.1837867418223
123	12.850407209352703
124	12.433108302214047
125	11.186504920794025
126	13.527119599840116
127	10.62044497166451
128	10.203225361951741
129	12.847004219181768
130	10.459667110178513
131	12.702357139084546
132	10.542472995704314
133	12.266955503521526
134	13.349564274563882
135	9.58601170005328
136	13.093431471247108
137	10.77278740647233
138	12.997037114743668
139	14.378925750232737
140	13.01816511773396
141	16.195550641487163
142	11.524962119194779
143	13.855950869992228
144	16.17262253777047
145	11.653248526269987
146	12.47070569096583
147	13.30643115474899
148	11.733362126687421
149	14.07783181152403
