0	14.90034295078426
1	10.414130704339948
2	14.643778586105185
3	13.698639871207078
4	16.039775069913738
5	15.666265138904897
6	9.798082971035452
7	16.01405285131713
8	9.987562694885886
9	14.066852516327431
10	11.408428110772515
11	14.443036423457551
12	14.617257649317859
13	12.80141832565262
14	12.423422949983163
15	14.5404308200707
16	14.784933422354483
17	13.21325632338212
18	12.66519847479269
19	16.434557979315596
20	12.289341366319658
21	13.960299451280475
22	14.894931491533423
23	15.09075618590044
24	13.689930852801366
25	16.483514016835976
26	11.295956851481183
27	18.478452062458164
28	11.01065535239871
29	16.35648089213644
30	12.87351529393026
31	15.150240283453963
32	13.315081807804665
33	13.81506831013621
34	13.97778460782179
35	12.046089915361588
36	17.557892264904204
37	13.211779294976967
38	20.184424245520944
39	10.498690598771665
40	17.210515708105504
41	15.852453933941279
42	13.00669006037961
43	16.005536150134393
44	18.057747278600107
45	13.797973128474624
46	15.064332697743732
47	17.068237588391998
48	16.428618216131472
49	19.193364018943146
50	10.280007299709023
51	17.496138946725424
52	11.166811819450631
53	18.501017952757834
54	12.259782227346998
55	18.0667740313544
56	15.234711453254548
57	16.244751823328446
58	15.809727103858183
59	20.852069085697646
60	12.771426290217615
61	14.237153982834641
62	17.29828696188364
63	14.041175796447058
64	20.369406664097195
65	9.109910654526407
66	15.68091010205719
67	12.768416573756959
68	13.656528289910698
69	13.104696840441338
70	13.931888308589679
71	13.76657191499062
72	14.364003520556
73	10.88814806711936
74	16.26192350130537
75	13.212279848054463
76	15.531082335398814
77	12.634750092426595
78	14.507582607142542
79	15.503136784952995
80	15.815017319607783
81	16.51823186170345
82	12.972440743501531
83	16.578650378015244
84	19.287950838149
85	11.19974992102427
86	18.320685751658075
87	20.528451955239728
88	17.69716803769195
89	18.830605087618867
90	14.812417926006844
91	17.6649633401061
92	19.132188837464412
93	12.52815083142052
94	18.714466236050534
95	14.13454673781204
96	19.908108460154747
97	12.350301795169413
98	20.481247530691647
99	16.528337836983912
100	17.839466062967396
101	14.61284558474165
102	16.703097321680776
103	20.947942691477234
104	15.085812923067769
105	18.78409364519422
106	16.844750281245965
107	17.792789349997577
108	20.67678577347094
109	11.263748708443487
110	18.775236721858573
111	14.96106786757687
112	10.413166555418966
113	18.20245872908985
114	13.239144333877784
115	16.0612054728715
116	14.947194708974731
117	17.526224599212618
118	15.67225113554081
119	19.520635343511653
120	15.187061632355757
121	18.560637985840643
122	12.5965115911849
123	15.951945028311538
124	16.129876263101753
125	16.808894735610647
126	19.34157480819433
127	12.124735913975094
128	13.280932203922397
129	17.279382447824542
130	15.399397797348772
131	18.339715857692273
132	16.516970952569864
133	18.794239218868388
134	15.543841623587438
135	13.618679517390646
136	13.672352703311253
137	10.420750973124022
138	13.963110160670876
139	11.544391413962448
140	15.263836909491987
141	13.174348982938778
142	16.650767313896857
143	14.108550491119402
144	13.55346152070752
145	11.704418387826905
146	13.72235539334933
147	11.083987395373544
148	10.069325835530718
149	11.610519204389494
