0	17.095769392534347
1	13.349931315464897
2	15.599622244755176
3	5.674220698901318
4	8.410520291151837
5	8.241610526931355
6	8.922306377954802
7	11.468321844821896
8	16.299637473966445
9	9.079690431745377
10	12.851911033774456
11	14.337486222551847
12	15.770635531059359
13	16.722246019231264
14	14.030336059175344
15	16.756798259319893
16	16.41554171183917
17	14.542889256696515
18	12.353550499484388
19	18.422257814290923
20	15.222823516879256
21	15.60142874612629
22	15.90217645730107
23	17.736454066646914
24	17.943420736798373
25	16.799627774186103
26	13.991704733555649
27	14.721831781190248
28	15.56281955389536
29	14.916497412860215
30	16.5483144271294
31	11.826766779488137
32	15.757245281679426
33	17.915513957229635
34	13.686997398641958
35	13.008952237845905
36	22.915038594564646
37	19.113908093489567
38	17.131524523208757
39	10.115511453995962
40	9.073497366911171
41	12.32881871261734
42	19.863484649569276
43	16.24602044444973
44	16.20990746035824
45	23.119638212522265
46	14.536886674062934
47	7.387695291362334
48	24.081129668208483
49	12.811373865847413
50	17.307719977954136
51	14.532283442565934
52	16.60363544378391
53	11.956216033794115
54	21.763979765687026
55	4.155506824423459
56	13.18000681715614
57	14.029932158263781
58	12.670049542322404
59	14.339682231636582
60	15.258350786002868
61	18.28906918975873
62	16.622590396299874
63	12.1214466592853
64	16.59946581899952
65	13.519716400026546
66	13.009201390543016
67	18.241376509415087
68	15.94550765749588
69	13.18101444479574
70	9.431990768810637
71	7.900751290362084
72	15.396826677347716
73	10.963613674884668
74	22.651454085701726
75	1.2587386306631219
76	2.961477976540243
77	8.241534001170713
78	8.259203948512283
79	9.563637705607967
80	14.430903434926725
81	11.96280181357609
82	12.506289578164843
83	13.990099535556395
84	11.844132816495266
85	14.031681234105431
86	12.326939085981886
87	13.691061798232386
88	16.246334501637044
89	11.305330914487865
90	9.944529273592387
91	10.13577813284162
92	14.203625548463217
93	12.132504879158367
94	13.007833489364724
95	13.690275290243454
96	8.070391673190622
97	13.520622852292243
98	12.838532037768315
99	8.5999822380959
100	12.301617184650445
101	15.394454850573123
102	13.726038805829782
103	13.484481742683004
104	16.58648684098095
105	14.201445835354543
106	14.54191222425268
107	14.225603714403833
108	15.233229462797828
109	9.261271850470775
110	10.62498453810576
111	13.661490645798306
112	18.97066305426457
113	0.747818394586225
114	15.196071907076316
115	14.23381205570702
116	14.680622183302347
117	9.96998521017217
118	14.50361525524817
119	11.817205179663532
120	15.053974231668134
121	12.188697298630744
122	16.07307370757848
123	13.826920857476365
124	13.519198622042047
125	16.973513530456493
126	17.09032062171206
127	16.03782732417993
128	17.6076739415492
129	15.564468695534133
130	19.990967841479723
131	18.670755324352736
132	14.884946150030373
133	19.266053708109883
134	14.201173800884623
135	21.717392908538326
136	21.333411460664948
137	16.282773351753935
138	20.332547609457848
139	17.09560448647905
140	20.850760143253687
141	18.63076595580265
142	15.861526591584907
143	21.7544923094484
144	15.182078386577412
145	21.07238179422403
146	18.111924921572662
147	17.90582848729953
148	22.085924116720985
149	19.436892866642655
