0	7.135021642491702
1	6.594454420104304
2	5.827920340140998
3	7.068457246888838
4	7.722935545412109
5	4.455251170803307
6	6.088705322194878
7	7.65598228960766
8	8.036302291167416
9	6.173273982264438
10	6.693324064892423
11	6.334525554034568
12	7.413958157169488
13	6.725966951485034
14	7.918246378020256
15	8.497591269083044
16	7.234619232477799
17	7.059504305742683
18	8.717631856850565
19	7.102927424651208
20	8.776798614129527
21	8.375155146340667
22	6.578918672963426
23	8.692518912616931
24	6.805214893183721
25	6.097745327728832
26	7.834719416612746
27	9.584118466783025
28	6.578977710438052
29	7.167304820572171
30	7.101382165451433
31	9.551628123145004
32	9.050806914314977
33	8.72482689188553
34	8.6792588666084
35	6.563643011081757
36	7.907010763851365
37	8.41386573810257
38	9.999474506531643
39	6.499868180333404
40	10.721895332922877
41	8.016768887436138
42	8.745270465798862
43	9.355526222230536
44	9.388805883312138
45	7.574219449642705
46	6.81135786402409
47	8.550267643564684
48	8.852720021458934
49	8.3781630828253
50	8.28984644802623
51	10.22096644811377
52	9.95396673982183
53	7.767895515045959
54	6.023635012600958
55	8.66988252223498
56	7.445561631300696
57	10.329018599408565
58	8.219825225270023
59	8.817419990348384
60	8.075368981463212
61	10.760484976870472
62	8.604621600217184
63	9.311283163439446
64	10.763817170356154
65	8.680592108093443
66	10.368840280359922
67	7.807637262879577
68	9.285361984636019
69	8.357772431059521
70	9.552872266814154
71	12.000991504039824
72	7.116634303775462
73	9.681493025407823
74	10.953666602725322
75	11.838910127614696
76	8.256582990422409
77	12.946507986030602
78	7.4442670075004935
79	13.336046973116847
80	7.660458337620882
81	11.739124121903481
82	10.042413969957913
83	10.27591642830497
84	11.903383975414359
85	13.338680388697597
86	7.873015879747024
87	12.295714122377188
88	12.035993384669323
89	12.234263424336625
90	12.552904330604772
91	13.111871746339276
92	10.498736292751337
93	12.55864615826214
94	15.628974998120446
95	11.416119008323797
96	13.628518877467558
97	16.621871145451067
98	13.864474164042969
99	13.248141073971928
100	13.918020573958511
101	17.2896329663166
102	14.09797333470721
103	14.120296876563678
104	17.98794127665106
105	14.394340057127847
106	18.316329549635146
107	15.343216525281004
108	17.043001188682005
109	20.982352992736914
110	16.42735207933686
111	14.425237573600663
112	6.107752069249359
113	19.833379613072633
114	21.711471636521495
115	20.693186540040077
116	26.419909744175044
117	19.67448077919349
118	25.071084106070394
119	17.578525318344987
120	10.393922769730308
121	32.05152309139901
122	22.909694592277244
123	14.195580411533376
124	19.264574926032346
125	18.096285647631262
126	20.34029410968337
127	17.443239376255832
128	16.96001475393893
129	19.31949632828309
130	25.609102534604453
131	24.285856192602846
132	14.550830596085504
133	16.220009023565517
134	17.15396107084278
135	14.126914437343483
136	16.481902032824408
137	13.53905843123766
138	14.051803489914803
139	18.136259147214275
140	16.897301884865822
141	17.589406515498162
142	16.922640887098144
143	14.4262811538685
144	17.37232757194394
145	18.066469918417017
146	16.99985169197076
147	17.28904738794624
148	13.574959347592635
149	18.128069993026724
