0	1.9905330775963657
1	2.8013016041090575
2	6.51115641519764
3	6.893873979808174
4	7.096734669250833
5	6.741580150705893
6	7.305390373853818
7	9.582259268591253
8	7.367230032125725
9	7.948993094947626
10	8.61926357501796
11	8.806717254104415
12	9.424277292970418
13	10.860746688299164
14	10.798061344374014
15	12.414320403363025
16	13.01579790801812
17	13.808919360965975
18	12.943131245450541
19	14.57716484724575
20	12.256618108645496
21	14.506939478420419
22	13.864043908006833
23	14.304806654690552
24	16.032461450222574
25	20.628392916651197
26	16.11789165429788
27	19.895547432442545
28	19.049469109116497
29	10.030791927187376
30	29.80439066870626
31	14.783142325720753
32	14.636669706797301
33	10.86726959260306
34	14.361102679257927
35	17.1153809306851
36	17.643789865048888
37	15.877562951691617
38	18.85039359328151
39	22.814366081699966
40	13.579997019225965
41	21.635481378448386
42	18.16582866352198
43	18.45005958690317
44	18.910014298763688
45	15.336914858721526
46	13.831125754026113
47	10.187355850933361
48	20.499529520629412
49	12.8937996397017
50	20.159052964157123
51	18.462857740824592
52	18.194933668087742
53	17.723511536867647
54	10.567707257692668
55	22.45238333542573
56	13.29880008811039
57	16.276290485111165
58	12.654627281781732
59	13.948939718530784
60	14.024533911917832
61	17.33696844285737
62	13.849498581627309
63	14.107258584345772
64	15.423124044858191
65	16.76318930394877
66	16.66460631629957
67	17.378149022423912
68	11.649213766658464
69	14.223948177949877
70	11.861227539798852
71	9.34030625526457
72	14.787313481383269
73	11.801197448685942
74	8.193923126219518
75	12.971288014592083
76	10.05870710585839
77	12.532243864821679
78	13.099045510625343
79	12.75134592173608
80	13.594917442492408
81	14.187338138607474
82	8.791245993836409
83	11.170758249210762
84	13.723634235775467
85	12.35881970951653
86	10.884818629434196
87	12.681981020845818
88	14.718231581600396
89	10.15729121521988
90	14.553092498811145
91	14.584609148241235
92	14.780546704487415
93	15.758854822615247
94	12.045807219574456
95	15.505024724443828
96	7.7711070993106
97	15.026775669323344
98	16.642831682888247
99	13.052342060972292
100	11.89968522807641
101	14.59344342969256
102	13.053935148130737
103	16.2798536304117
104	15.592695902693633
105	12.535478826817313
106	16.036469016020348
107	8.932083024591826
108	14.418130326749804
109	9.722653602386716
110	11.401479386941274
111	18.652078744690673
112	13.673012199503976
113	12.094413131551516
114	13.18015667597538
115	6.8972899670925205
116	19.714960000920435
117	14.408417086066999
118	11.126585937723501
119	12.736032811543568
120	12.701840723174657
121	15.517227115840308
122	13.612850355987886
123	15.110227295478074
124	14.671440196405426
125	13.399989663905622
126	16.090295064798145
127	15.277905503740458
128	16.648659334011555
129	15.782598206633429
130	14.383509829082515
131	15.068711483420964
132	12.052149492214122
133	15.71323580384785
134	12.582323581909293
135	12.406275948715429
136	12.976550676947515
137	11.368478225810419
138	11.730212803997611
139	10.284567871111586
140	9.691300926884624
141	12.412920227580205
142	10.732025357269077
143	12.768833613891102
144	12.38081678827547
145	13.218028464051534
146	12.211560561602598
147	11.092582005109676
148	13.454114672696386
149	11.93179880014789
