0	3.738337225746289
1	4.928212003170579
2	5.254592873248694
3	7.337289545540207
4	5.604942359538526
5	5.097504643052302
6	6.493360325509511
7	8.390083287636866
8	7.571882038928358
9	11.743874377669082
10	4.789500494987407
11	6.5882693554253695
12	9.333271468836953
13	4.264406701590497
14	5.541920979862123
15	4.5681237480109775
16	9.340768023152883
17	15.604617347220135
18	9.263006555062244
19	11.884227630127297
20	14.219170472785555
21	13.747793172726592
22	17.289182106251538
23	7.985300506643968
24	14.674403648831433
25	24.356368879500543
26	14.499571569095849
27	8.594840707850572
28	27.255789421745728
29	16.987323787876957
30	13.003627185214903
31	21.012292538988564
32	14.257149844870586
33	15.758429977583324
34	14.148714645608273
35	11.586148859253015
36	16.887758873063536
37	15.86155911323673
38	19.215575650752022
39	20.4196365089695
40	17.348906769589014
41	19.043799350115492
42	21.64365985514305
43	20.32573566585779
44	16.334330295637315
45	16.23607400737472
46	12.207543958505159
47	19.424910391454738
48	10.830778889936102
49	9.731145736170463
50	6.660856168358932
51	15.903122653019988
52	15.94247418342604
53	14.762412155336525
54	16.03648687622871
55	12.453547036835246
56	8.868860856407954
57	17.411764670021924
58	18.273542694937188
59	17.378932680110218
60	4.414872369887373
61	26.17661765916636
62	7.715825051419335
63	13.622260528300707
64	12.049950493988112
65	14.354996447983313
66	9.84973638846324
67	8.76533796345054
68	10.643580350491069
69	9.840066396276796
70	9.275297693060331
71	11.001623501831373
72	11.688081524843543
73	11.869258901065825
74	11.460092320514816
75	10.090190902089564
76	11.454876597496563
77	11.720642850626103
78	14.464074129825267
79	8.359726325780482
80	10.410329746937103
81	12.201853656596347
82	10.456266951569335
83	9.733246412651312
84	10.758787199003178
85	9.717469090506802
86	13.981941368349897
87	7.9422279614106115
88	13.779510202871151
89	13.79741734482189
90	11.199048303843684
91	11.186654562417045
92	14.135983245166937
93	9.256011451507135
94	11.761613914025308
95	15.175292891384318
96	9.108160622777575
97	15.29522963467066
98	9.645140594294114
99	13.050452068483857
100	12.654188271639605
101	14.678912504757566
102	11.068344835134027
103	13.562092414363642
104	14.038480827425735
105	11.94033748004081
106	13.915736897156393
107	15.053313143179585
108	14.288485846047795
109	11.710447068418768
110	14.433309044549246
111	14.048195253736278
112	3.897368313878164
113	11.65664146929054
114	14.801602173123785
115	12.612900561498103
116	13.423397797958465
117	15.244003139518806
118	13.882275455555991
119	14.732824075415332
120	12.810609948420833
121	11.373380649312358
122	15.61003725493254
123	11.703143682098045
124	15.474875211367417
125	12.120708410591318
126	14.11406032783333
127	15.942216137224634
128	17.395754135394302
129	14.161651397467997
130	14.499710198555857
131	18.259924769648478
132	13.007716427750182
133	16.901111641082586
134	14.65288604443764
135	13.501569666716597
136	16.38384720126126
137	13.202956614743988
138	16.277767358840844
139	19.26015827180832
140	17.576185313538694
141	16.697389492026396
142	18.89622851899772
143	19.071596685187128
144	15.109862371233302
145	17.79701061930833
146	19.440568004810384
147	16.152074023836093
148	16.38358314484642
149	17.849778892656705
