0	14.34681474266124
1	14.494141595410856
2	13.292994348636082
3	17.42785545166823
4	15.674763211611472
5	16.788115875121644
6	14.505508739363965
7	17.366116462453007
8	13.816642445411809
9	16.161781615993693
10	14.748237728851468
11	15.074548166479993
12	16.46360455895489
13	17.278004260864506
14	15.856663100653467
15	19.395073359636562
16	15.868886332260507
17	16.54228672895218
18	16.165353572265087
19	16.15154001939971
20	16.556447456461555
21	16.646098020213998
22	16.74370635217789
23	7.714157009107002
24	20.700855651322943
25	12.624597744585632
26	12.762562137612347
27	12.9082987360912
28	12.721465305655972
29	14.242073662702866
30	13.878904256353465
31	15.903697948448917
32	15.470200018473554
33	14.421104909801993
34	10.426178354363795
35	9.788900196805807
36	10.398969157084862
37	11.56642071763173
38	13.51515975673577
39	11.712336989517123
40	11.448210352725768
41	13.426045345093433
42	14.140550688623597
43	12.031505067630343
44	12.30264369823371
45	11.716877256037181
46	12.156805574690162
47	12.14239658187694
48	11.585661499835135
49	12.482932300611642
50	12.93292356529525
51	13.381315266922847
52	11.638044314979398
53	16.40381087709088
54	16.00401810042933
55	14.298170357977954
56	14.71107281620197
57	13.363425083972023
58	13.084514063896423
59	14.019370319888967
60	13.959471077660888
61	13.516578067182527
62	13.43090745921561
63	15.962759779364974
64	13.425023065405384
65	14.401931862154337
66	13.913594858464696
67	16.102043511699865
68	15.329266633063455
69	15.617166235007018
70	16.01917948583616
71	16.84150994878899
72	14.502596495301171
73	15.182990568450704
74	15.229317257528995
75	15.230922891563972
76	15.95938397584898
77	16.351543914500628
78	15.142667472954322
79	15.706176157984578
80	17.87688911411092
81	16.01994881899591
82	14.929948285789575
83	10.468266520358338
84	8.322253418994476
85	11.199897503214086
86	12.155768939508167
87	9.619465075496592
88	14.254556935343432
89	13.265033141311836
90	14.059342234881662
91	14.899448123208956
92	14.060282209714137
93	13.26414738254598
94	14.59255539528612
95	17.248689811982956
96	14.74400436252762
97	10.912067602229481
98	10.109844093779465
99	11.58959190140458
100	11.601049214381531
101	10.203373730961935
102	12.758451280090183
103	11.571338768206306
104	11.374925728567604
105	12.677744696512907
106	11.686605610360592
107	12.30311039225016
108	12.873753413210023
109	10.956748914082006
110	10.64318560443431
111	14.190422132390527
112	9.54820002988711
113	15.378220890468368
114	3.2303435430047305
115	14.908128702440411
116	12.937104190121936
117	15.223685609683821
118	15.998434254825677
119	12.329585894614237
120	12.790932883353728
121	12.834128458677364
122	14.841532805583476
123	14.051697332624014
124	14.119874440779588
125	16.10059265774764
126	13.866376506357373
127	13.779319636793032
128	14.39108340795369
129	13.2392565025446
130	16.975473876530387
131	14.899590116808216
132	15.32823778788318
133	15.377631153139273
134	14.727320653053578
135	15.440901013685517
136	19.473702787648225
137	11.057417462925358
138	11.132171713188724
139	10.569112071914363
140	12.840593102042511
141	12.746001739517839
142	11.517852566241585
143	11.544944007797257
144	13.081526799640152
145	12.451419916300393
146	12.621234512343506
147	14.361083561638134
148	15.04532293674748
149	14.84062745552243
