0	2.7073577293921836
1	4.516161209544812
2	5.017298218044218
3	5.875791572176542
4	5.9482190796875845
5	6.661720851483334
6	7.455962218690106
7	7.257431123916044
8	7.3994518825705295
9	7.5569232597673075
10	9.575290269087938
11	10.41921264872615
12	10.95731958565139
13	11.629118749769981
14	11.076639203416603
15	14.530010019531007
16	11.095865153063858
17	14.313481918668563
18	17.531019606981577
19	14.763335754873566
20	16.14708139135651
21	14.878751460994781
22	11.122919253308682
23	16.332150196825364
24	13.713251287692769
25	13.473520901001477
26	13.83516387313127
27	16.286468850065987
28	13.382186490299352
29	17.953139808119456
30	17.559073310955487
31	13.747499037901873
32	15.244922172391995
33	15.64046858543588
34	16.85952401775559
35	15.148052235935038
36	20.12721664765399
37	16.763907236972575
38	14.954395638531699
39	14.403949892009228
40	19.71271344818708
41	13.558416736852502
42	15.155644653043634
43	17.170177662491
44	17.55809913740979
45	18.303895044859892
46	19.323080784532664
47	17.164467534967628
48	15.215397871603908
49	16.7125921306364
50	19.967887300252954
51	15.282609792441264
52	19.954044496380945
53	10.920724643811102
54	23.526995572500038
55	13.184141045704179
56	14.860414120028738
57	12.90133358382089
58	12.390603149238268
59	14.690061454572781
60	16.29995016287542
61	12.059870867449447
62	15.081264208026873
63	16.37330571104829
64	13.575882459438041
65	15.275760284544067
66	17.428481483498345
67	11.851136645703598
68	13.917859602577806
69	18.017812097143924
70	12.078573606930181
71	16.084379927894382
72	15.815380280993686
73	17.581399224341695
74	13.325617742280315
75	16.201664824031884
76	17.490067443141125
77	13.85763131514915
78	13.994061564539095
79	17.691703410876297
80	17.807773757050256
81	12.285836933671101
82	17.21786410888818
83	12.573662093643843
84	16.575760145209134
85	12.507568200449079
86	12.982805746966015
87	16.40826591753033
88	16.231275229376276
89	15.835758551172503
90	12.81040075909516
91	15.155068044704757
92	11.543745764665
93	13.372531321781478
94	8.248429107167196
95	9.622653975019498
96	12.660359343197028
97	9.940319255589113
98	11.964172735802363
99	13.686532166463136
100	12.088556360913532
101	12.19225096533719
102	13.083282424422146
103	11.321201333476498
104	10.585111618257791
105	13.440382720785918
106	7.4112597411687755
107	10.63257303104927
108	7.114644630651805
109	9.491479741801413
110	10.015601879575918
111	6.923147142204744
112	10.757626646713401
113	7.591048851420744
114	3.0262417428970303
115	8.518533848781392
116	7.6275669297337885
117	2.5668805004580446
118	2.236030018665799
119	1.021865160732155
120	6.20397833069163
121	4.473326662158355
122	4.905365288995876
123	3.880701022143377
124	6.451742257076848
125	7.06066600682351
126	5.8877376871253
127	6.482231179193684
128	7.358963267401549
129	7.116470017854381
130	6.2988080350718345
131	8.678195941504306
132	8.299196402351802
133	6.484294081733539
134	5.305251431015092
135	6.495956726779543
136	4.389227409968181
137	5.6784259010846405
138	6.25470084234478
139	6.285896003180246
140	4.622740321585987
141	6.823896254247975
142	5.6639449680691705
143	6.323120833385916
144	3.7607946421993144
145	5.02857708660887
146	6.936417453621209
147	5.860987938415594
148	5.326280535745427
149	6.7183654064749305
