0	18.14194735169074
1	18.01465141618219
2	16.991012015959853
3	16.448608884991575
4	18.34992212623931
5	21.268317557876998
6	20.93773222786365
7	16.445271724173434
8	20.499225503867187
9	18.105786606897908
10	21.355694460102725
11	19.835312267191238
12	20.605607333716634
13	20.252110981553503
14	15.803725757993648
15	18.50173647809254
16	20.047921026884257
17	19.757028275853973
18	13.600087355351773
19	22.26410680898178
20	21.115011589649637
21	21.234579069490152
22	24.302564847917374
23	26.666394817211476
24	23.40166297238325
25	22.21123130577675
26	19.140150436652014
27	19.73054345743772
28	19.382901350815427
29	21.70301597445904
30	21.360513155348976
31	18.352222983162044
32	17.40297939462526
33	18.05184372018666
34	15.192747595041663
35	14.96074505130569
36	19.61745043581365
37	19.300751178781518
38	17.839008473188265
39	17.4668892186158
40	21.80089721429822
41	19.652911238527253
42	17.79593325207193
43	21.61141934834115
44	15.332258884505332
45	24.555017665154317
46	24.199733628802726
47	25.46819721803666
48	25.435253903431246
49	16.80119287673535
50	26.88110960810527
51	19.146804198337424
52	25.40329506230594
53	22.76708183895372
54	27.255353646438174
55	16.383559563914584
56	24.277941616971425
57	20.374779034898346
58	21.84650711830948
59	26.26387410916077
60	25.042432270006632
61	23.602111908617324
62	25.953870034014514
63	22.794235629370576
64	22.950953389875007
65	26.98722991718685
66	19.56519569903975
67	25.704304960052188
68	18.905189053291142
69	18.991592205054467
70	10.081683665369077
71	16.927953188755858
72	16.37489521304458
73	9.802086748533135
74	9.202479695170375
75	8.402668626304882
76	7.802681537978767
77	8.802496289723633
78	9.002571852701749
79	9.0021519424055
80	3.5019333930037093
81	32.726049344148834
82	10.285586160957376
83	6.300662935031008
84	6.518267577216539
85	7.205269674465596
86	9.20712612069916
87	6.7831733674954
88	8.302055260149263
89	8.313234226858023
90	8.79160531034008
91	8.600105151439601
92	4.51766822313618
93	10.473111094172689
94	7.199462399374848
95	6.809779125376461
96	7.793980352042134
97	7.702328758658548
98	7.513330502639554
99	7.991668008392794
100	8.60250458700026
101	8.810046828809543
102	8.894366731080769
103	8.897680949634568
104	9.5385672659103
105	10.668195607367426
106	10.395770640953547
107	10.419117412181986
108	10.992327406834674
109	9.201877463421472
110	12.541022531883563
111	12.46462289634437
112	9.628004327776823
113	11.173749837009574
114	6.701973584074869
115	7.902752811395327
116	10.907561566563851
117	9.098066572043518
118	9.00307630120475
119	8.623840294232087
120	7.783222500168114
121	10.002916443283413
122	10.601821909343146
123	10.802923248833881
124	11.803043580625637
125	12.001793666417008
126	12.933275610112062
127	12.473141742949599
128	12.201427134942206
129	11.40346833485652
130	13.800309518118741
131	12.40506141652941
132	12.631568249953293
133	11.806740899421232
134	11.371590313894673
135	15.602214182318267
136	11.632822508543313
137	14.564142142742735
138	15.202522294000847
139	11.003133401952214
140	15.402074728762946
141	16.60233242975369
142	15.400595177912582
143	14.842688321624541
144	15.402666852487728
145	14.89581123309079
146	16.91063983191615
147	13.267102847514817
148	17.501459257511573
149	17.000187965762493
