0	12.7728698202277
1	8.002130594215956
2	14.999998215229695
3	8.571995805317728
4	13.24198625103523
5	11.583252232628535
6	9.036664463900804
7	9.547724052064838
8	12.883644937577065
9	12.070494456772252
10	7.10780799073578
11	16.218332156454878
12	10.036246968484903
13	16.21817785504181
14	9.385296500694798
15	15.610624948556794
16	11.307434366253377
17	15.446871250817548
18	10.030964316441294
19	14.111086239573778
20	9.360792336174402
21	13.291266054810064
22	10.198847333334793
23	11.98824563133646
24	6.782175202160653
25	16.056405402493535
26	11.98914310289926
27	12.151276426393045
28	12.720826822009702
29	9.735533316060444
30	10.902372194252935
31	8.246307239936547
32	15.244066934317756
33	8.083180128579222
34	10.281240561702745
35	12.916582734066548
36	8.549958099461115
37	10.802407448340581
38	10.086824396923019
39	12.558249268606572
40	9.954716138674803
41	14.637343130656982
42	14.22202519547478
43	10.850022718555689
44	10.198186518263219
45	14.26603625480914
46	11.663847340161185
47	10.056507935480694
48	13.542231704711153
49	12.443259284789178
50	10.443758077053062
51	15.893100562158986
52	11.173027185137736
53	17.080905077765724
54	10.497365769939673
55	10.768172764360529
56	10.469288372206194
57	12.318709044629289
58	13.278623781135126
59	9.79319887468439
60	14.560237207558686
61	14.672485791559623
62	15.730706485156592
63	11.456901643577195
64	12.19034175382502
65	11.664937489730809
66	15.282985318527178
67	13.011798949664698
68	11.500713344452462
69	13.252130045947805
70	13.93130352072015
71	11.419577224137525
72	14.147214541878732
73	14.137718195714013
74	12.122082663834014
75	11.012824515904263
76	10.930457287793862
77	18.57895985991647
78	10.958698394245523
79	17.762200049380354
80	14.10628067713983
81	18.122888212791953
82	8.083985178783418
83	17.275329972858152
84	12.803138400795104
85	19.435253140604686
86	10.499696041080991
87	14.104812144834993
88	17.234835719131233
89	14.314721559986012
90	18.70355280116053
91	13.015586980256055
92	12.266791280664561
93	10.275247538141471
94	10.906620527322824
95	13.61578519276068
96	8.163927097766095
97	11.013644824980846
98	8.83047908451334
99	10.123773031663967
100	8.634450934634819
101	8.327953944789863
102	9.06007952637345
103	6.945050068465311
104	11.852391715782167
105	7.74149463685042
106	10.062472867124429
107	10.496006899858605
108	8.022092914913355
109	8.470838465310052
110	10.605677976383248
111	7.187999477704987
112	12.804222275560184
113	2.2268781946604292
114	7.351457106155161
115	9.247124848217087
116	8.063105831861478
117	11.908237701767678
118	10.686132120506997
119	12.15207408947018
120	10.035875950515123
121	8.571527451300547
122	11.989031015664088
123	10.36096460907816
124	10.68841483376504
125	10.360772256504346
126	10.85062778473527
127	11.855505074661055
128	9.847026424587668
129	13.129175136717235
130	9.874099552264385
131	10.849719836911111
132	9.385813682971225
133	14.265630824759702
134	9.873643356870756
135	12.345128221248444
136	12.445472570796502
137	12.314202516878701
138	11.202671027162298
139	10.33559787342841
140	12.152187807987227
141	12.47654862486447
142	10.361252079711232
143	13.779654619789387
144	13.452325307074231
145	12.313971000078286
146	13.3201508191087
147	10.01385953263559
148	15.440542181545768
149	12.122082663834014
