0	20.520554215874846
1	7.6189236496329755
2	20.46780791958764
3	14.518003174371989
4	11.74825328969597
5	11.15538770205464
6	12.168934510049441
7	13.5083563048498
8	11.777794607975293
9	14.024811640760994
10	15.304641902786578
11	13.635461910292214
12	16.731471128086547
13	13.868965999229003
14	16.0727366931544
15	14.759876200989366
16	12.57374303004072
17	18.043755046165646
18	14.741896521552826
19	15.562481697172325
20	12.513241135681898
21	16.790793827789297
22	15.246707918225585
23	12.967471502938833
24	14.694366842083337
25	7.198825589105808
26	12.60477120152679
27	9.196802839679282
28	8.088160973401065
29	12.487049239135978
30	12.367674704273009
31	10.711942793863953
32	11.30235479454514
33	11.777349554388419
34	11.15303213623631
35	12.396185851283896
36	12.131858313897991
37	12.633040161987987
38	12.727915042728483
39	10.62447020912922
40	12.579479967048918
41	11.59767714675595
42	13.810369060258466
43	15.361739571987718
44	11.538527646009385
45	10.747886932607024
46	15.731208001596542
47	12.434014253023657
48	9.963549277916304
49	15.175017079520964
50	9.883079271354958
51	15.85750465325777
52	10.77140492821418
53	12.722844607348051
54	10.4361046415023
55	13.93895152954731
56	12.367674704273009
57	14.733867673087596
58	12.722603649595197
59	13.610573685640203
60	12.78212168581922
61	15.83584603118383
62	14.621004084116965
63	13.692513665085393
64	14.001824190441926
65	12.021156353444082
66	14.133827751815224
67	14.45956252683577
68	15.480788398132358
69	15.99753185482514
70	15.718755652420338
71	14.521598767564178
72	16.745292333478154
73	13.17198382844102
74	13.969514276248695
75	12.863443328322127
76	15.798956887410688
77	11.539941842754772
78	15.007802435832621
79	16.38705568179068
80	15.508672595270111
81	14.458874324701693
82	17.2552212187621
83	15.649157192752966
84	13.136812030849189
85	17.63296255669059
86	15.419413242423213
87	17.711193950374064
88	16.484021245714764
89	14.112847352651707
90	17.279021279986527
91	21.41981549134841
92	15.716641752368727
93	17.65132833466018
94	13.254870338500513
95	20.710510143418166
96	15.246209101499527
97	18.99301501695385
98	13.399453866625823
99	19.992087132480815
100	16.347519520675625
101	12.871943078337145
102	19.47985326781023
103	20.170230968610294
104	18.472383543068517
105	15.206814627612685
106	21.001481756897626
107	17.870277716526594
108	12.956639291728559
109	17.034517384258855
110	18.82772509637876
111	16.936813488327044
112	15.836149896611815
113	23.20112248246109
114	7.0264104909707275
115	11.362363382149551
116	12.427418053037519
117	23.730856600255954
118	17.633132062394658
119	22.54192742016306
120	14.671908880958553
121	17.50486306785777
122	17.76253126635163
123	15.741008039225544
124	18.164671366098432
125	19.10419440654539
126	19.875916717461855
127	15.3296710933058
128	18.632152703898416
129	16.039888518725057
130	23.846723999334852
131	20.346880065826817
132	15.212783091552394
133	29.32685199581701
134	17.383182178961185
135	20.359333713153138
136	25.03469276597981
137	25.667881436380224
138	24.561349451882208
139	15.7401020912444
140	23.54802770573052
141	22.480747903999248
142	19.70306307333796
143	18.10604109745766
144	17.442669971099356
145	16.983383565273698
146	15.32570884432413
147	18.1170026322046
148	18.392506719763595
149	17.527575983163338
