0	8.356129701401521
1	7.143966108438111
2	9.070995793415351
3	9.2526521523678
4	8.549264368306545
5	10.13404411986793
6	7.492041729620217
7	9.076657472354178
8	8.724565438701033
9	9.253774483086637
10	10.486689059888862
11	8.724403026829982
12	8.724889074329715
13	9.5997733603344
14	10.605432890835363
15	8.26547960820754
16	7.844422888023427
17	10.398697412378276
18	8.19581910447954
19	9.341693859536827
20	8.019799165782867
21	8.901566363233053
22	9.605969154045287
23	8.918328942669774
24	8.18009647594005
25	8.929486047642342
26	12.735354711846641
27	8.724808162999215
28	10.486590559138689
29	10.165828707870046
30	11.531657802891083
31	9.058516940380832
32	8.196273444157374
33	9.782061215068868
34	10.133853458647218
35	8.54894713315345
36	9.605879444409036
37	7.843844849748796
38	11.102795009543376
39	10.574580300708865
40	12.688457106173347
41	10.599227405827653
42	11.86902050265767
43	13.216472054609744
44	9.165766913103209
45	11.190986920683807
46	10.310122105689958
47	9.606328680039473
48	10.574480924456369
49	12.32920318231294
50	11.462075705419606
51	10.398306202620994
52	6.787155813849781
53	8.812651920200418
54	10.486590559138689
55	12.865486706791168
56	12.160053420974753
57	10.045014461728773
58	11.192995506120347
59	12.951482744432964
60	10.134900417644287
61	11.191409054112523
62	11.543222987223452
63	13.481878398925325
64	15.275644214410692
65	9.05834883086412
66	13.482006806836038
67	13.658060169585157
68	10.927758024051506
69	11.574111116747446
70	13.708195456960336
71	14.362511830645532
72	12.776057267412119
73	13.306584168927959
74	11.015749523611014
75	11.719283376030631
76	7.491217000688536
77	18.678156225640638
78	10.398892664712474
79	12.953579351151125
80	10.134424756388528
81	12.806275608836447
82	12.220185904569458
83	11.191197983183722
84	9.253515903089374
85	9.428816295461884
86	11.27928622353727
87	14.715572964968251
88	13.245000989593278
89	12.960983813544898
90	11.01512527798053
91	12.910562979816648
92	12.629671746980236
93	13.31902942156475
94	13.655452521852217
95	13.096577159210174
96	10.66196529712048
97	12.369476232182944
98	17.839070787466145
99	13.921800639328508
100	13.481749035339412
101	6.346115690700054
102	15.772695251784045
103	11.191409054112523
104	8.460776211175292
105	10.045579677016281
106	12.010872573583265
107	11.342179158935767
108	11.719172575978096
109	12.601688151275987
110	10.486788297708191
111	11.542895863258765
112	12.62293348410855
113	11.87485843140513
114	7.316051701897761
115	10.662668541062418
116	11.983196370326116
117	9.507301847672402
118	13.526015326854882
119	16.442002659164952
120	17.05382842970444
121	12.594982137867426
122	18.722256454489592
123	19.295502539836058
124	17.885041151100573
125	15.772241417503132
126	14.715714744626624
127	15.065924667190751
128	14.011896387884745
129	17.444957888136432
130	15.154297118279297
131	18.41514563766063
132	16.153963412078152
133	17.150783187390296
134	17.927266700351932
135	15.734757574799996
136	15.638109530533548
137	14.51909393149451
138	16.45385125393445
139	19.104353343461955
140	12.909236417214537
141	15.731290655298807
142	15.154297118279297
143	16.33787978161368
144	20.130934289413116
145	16.563942764443446
146	18.679781540527486
147	18.104391464522887
148	19.16272756797015
149	15.155168799093502
