0	3.229776808212897
1	3.7065193634005094
2	5.158443051274576
3	3.3115826465483926
4	3.5142026320704156
5	3.1245070061180753
6	7.598618786643345
7	8.139047123529519
8	9.344819837377914
9	6.30082844574747
10	5.063791868946327
11	10.336449133580121
12	7.255153575936122
13	4.5791225952450025
14	4.565903178573149
15	2.9381039733375376
16	7.774260333242445
17	4.95220792293921
18	4.48071003301354
19	6.915915939058635
20	6.609815485733686
21	11.804363421133687
22	14.300475212965797
23	17.935116840623078
24	14.012898385593092
25	14.247287680495104
26	5.449506231727455
27	13.432752605429199
28	5.901943505637964
29	7.282962940681654
30	6.306892917484456
31	7.094388182988524
32	5.072414556756379
33	23.990800608361564
34	6.7551768411574855
35	14.70056483989456
36	6.627364423288088
37	9.00577763009613
38	7.094124835908366
39	12.7067734924122
40	15.460220954851712
41	10.481430973648628
42	8.79148742382889
43	9.826283145512985
44	14.309713590818406
45	26.294569808870563
46	35.889124555277455
47	40.50863385960973
48	30.897769802953086
49	8.441950889832698
50	31.025106711899355
51	19.776104352073496
52	28.294468337366503
53	16.394530106591255
54	5.024130832448325
55	18.808579596562275
56	5.46059216801452
57	3.8526710580936894
58	7.265820618443101
59	7.1910469221289715
60	22.046260111405644
61	14.487242188334251
62	21.617288240588138
63	23.91541849803952
64	11.648094372979228
65	9.411981050507856
66	4.201049347404979
67	11.113719552391068
68	14.358472953594518
69	21.673591539534282
70	26.793521166904625
71	31.581832479263955
72	12.40216431500178
73	21.99915826491235
74	10.581539442288411
75	20.20245479560352
76	23.157950641761726
77	2.784731416483715
78	8.559233320319308
79	12.432997725550438
80	19.9176611080973
81	4.285516090999362
82	12.353873032040458
83	18.231738596367094
84	15.85718728030249
85	22.762773074151752
86	19.096558897462394
87	9.05107571859008
88	6.6112181473466025
89	12.90132481198961
90	10.931809960490448
91	17.644357973046052
92	28.384857996659896
93	29.822150499941188
94	33.00036576022277
95	36.43188407291318
96	32.53931127561403
97	39.310205654302145
98	30.76834894146541
99	41.82209182934703
100	39.98689530765211
101	43.965414361294094
102	43.70099359114202
103	31.41918205174527
104	4.9132097422871155
105	35.09714145877933
106	9.821897360711091
107	10.292260373761128
108	10.771890866083758
109	5.917202274128036
110	10.90119528027697
111	18.321036488450382
112	5.5591316092387215
113	1.911953290926554
114	1.1915539378454505
115	2.2549149904932237
116	12.195653039036284
117	3.1255518063104586
118	2.4503587875264694
119	2.547700434993369
120	6.4166626891118295
121	8.54370700250016
122	2.9248997192613615
123	2.255978651405175
124	6.174915014225453
125	10.854621023276229
126	11.438909649608846
127	14.024537706787532
128	15.853127799643882
129	18.131035437901627
130	24.123981612016145
131	25.643773544546065
132	28.525402230166044
133	18.988421480704083
134	15.733991841425796
135	26.44916776308074
136	15.311992522058318
137	3.0220716367984046
138	2.544059081750621
139	1.964946798633715
140	3.1329409529524797
141	10.579122822428022
142	11.449070813120402
143	15.605645802212722
144	17.69781846042503
145	20.846258373115518
146	19.570913324303138
147	19.530335685613565
148	18.562686660900994
149	14.169990503587899
