0	23.598850544139133
1	26.947149600101643
2	16.540379323522036
3	21.79359528686066
4	21.19612219724709
5	17.98700507982484
6	21.26178506243344
7	15.179181001613513
8	11.445413633873255
9	14.698624142920064
10	17.52103173997529
11	7.237181816821476
12	32.43687972792582
13	11.904709515317766
14	17.987352019751714
15	16.5824151736761
16	55.5705634846878
17	28.711111660685162
18	14.282767499974723
19	13.272096422481487
20	12.37157609378145
21	16.620038089423158
22	8.612161111185655
23	16.11848182190948
24	14.241279588521147
25	14.71180368721887
26	16.58209642139635
27	17.05151713777467
28	11.436799773630511
29	14.244128481242711
30	12.37192719856231
31	18.962886199826333
32	10.479640014832729
33	6.291081629248577
34	11.43626191502292
35	11.906169375587886
36	11.904709515317766
37	13.77539477229924
38	14.710961988664947
39	14.712646532521758
40	14.712365224261058
41	10.046616580379528
42	9.085703463065872
43	17.518505537028215
44	11.437445114607641
45	11.436799773630511
46	9.566675439121429
47	11.436153708537125
48	9.565075453692302
49	10.034342359714593
50	12.372043947750683
51	12.84043559429243
52	14.712084972969501
53	8.630172645830223
54	12.372278324426972
55	10.968487646681895
56	14.717841781355984
57	10.49835596003802
58	6.774003246252149
59	13.275990090413123
60	12.373447734298031
61	5.365133557135691
62	16.58846085079243
63	9.077483646073068
64	11.90414826034699
65	7.2267516630094875
66	10.034155514299563
67	10.032564841770007
68	59.62892175367833
69	4.422193910321729
70	13.307737255757427
71	1.1450736793469103
72	51.59977906680133
73	59.573012903554435
74	1.1464049740497082
75	1.6112002766445812
76	2.080973022113624
77	2.0808326929290972
78	3.016535594569616
79	5.355289825007906
80	5.3557575702066105
81	6.303740652916909
82	7.212244590948284
83	6.291025585153887
84	6.298895244157564
85	5.348983711791768
86	7.226882927072028
87	8.629298176981415
88	5.823691099271591
89	8.630729657140064
90	6.290969542178229
91	7.693997198847478
92	6.291530858916336
93	7.226096885202071
94	6.291418335612055
95	9.109109588927934
96	9.087383400662283
97	9.56569789612227
98	9.565875374404394
99	9.565964778462256
100	10.033125906836425
101	5.355710861191671
102	10.03293910999985
103	9.566497928887832
104	10.981882232536252
105	7.686008514479633
106	9.097305889981095
107	6.757728774369069
108	45.33047641901403
109	5.825802097970137
110	13.307611164116388
111	8.182403793313071
112	8.142359898634751
113	8.63088847891433
114	9.577089402607077
115	10.021446650137715
116	7.226620892149637
117	10.501106391427356
118	10.035465681028326
119	10.968075951629066
120	10.969104867639569
121	15.180050809017466
122	16.583527944421153
123	12.83934098780553
124	11.905382928044721
125	13.776180357616237
126	15.208096047044673
127	13.749383252693004
128	11.437552545342001
129	13.775788041119887
130	17.518337401386958
131	13.775525534001059
132	12.84043559429243
133	18.455187108307722
134	16.58321033263294
135	19.38767594036063
136	16.583527944421153
137	16.581301373805903
138	17.989428791107095
139	22.663063839299284
140	18.489030647498083
141	21.220286850851792
142	22.196145804081638
143	16.5824151736761
144	19.389733514122536
145	21.261166994437296
146	19.39141782726161
147	25.057542448350166
148	21.177730974140637
149	18.48171646688141
