0	6.390750770595598
1	6.585389760136281
2	8.969623419517944
3	8.140800312012578
4	8.125143390587718
5	7.871000358917633
6	7.897212526363752
7	9.33373580810922
8	7.564348618268398
9	7.05157452548028
10	8.201985147235145
11	8.989241679487947
12	7.977276779285458
13	7.8933282513606935
14	7.067570908322916
15	7.852651940882107
16	9.339603242192753
17	5.757084837319563
18	10.310344979410951
19	7.811115666110175
20	9.175763197819519
21	7.415478358923966
22	7.545326514364298
23	10.214933959609938
24	6.746468023001233
25	9.114501073991182
26	10.405881576591433
27	6.679700599861054
28	10.366518969843225
29	9.134351902647344
30	10.02150204956928
31	8.927554153087437
32	9.773537665215038
33	8.183987056894027
34	9.363937077595601
35	10.470783139852218
36	11.07629201275687
37	10.520615805064907
38	10.418588800829005
39	11.08739957951086
40	9.712565306165585
41	9.861175338568353
42	12.24298411575498
43	9.257219864309127
44	9.73297212929167
45	11.991199916055326
46	10.08327126060868
47	11.406999290073669
48	8.095935069349347
49	9.697185992035543
50	12.576104022609355
51	10.542411339496406
52	11.701116987961665
53	11.091956882467054
54	11.695948291448653
55	12.555380676560189
56	8.533539421103903
57	9.608269950576444
58	10.790043025307487
59	8.20461006881977
60	11.762597182119682
61	11.118658464000632
62	11.487385992133802
63	12.639032464607228
64	12.04684675843242
65	13.590720322503108
66	8.885900886859408
67	12.950911670065048
68	11.511374913520122
69	13.680159915364086
70	10.617552567764687
71	11.4278410971117
72	11.548871163681682
73	10.433453388391781
74	13.67034485534996
75	11.313631791320107
76	10.675307221137611
77	12.311980176798135
78	14.258998697119146
79	15.74918301296933
80	12.687130624175436
81	14.917958610048665
82	15.537617029182673
83	13.434238729050811
84	17.149430193682573
85	17.762291520418422
86	18.28706993321845
87	4.533223598192215
88	19.725737820966433
89	20.085346796360316
90	15.042780089609519
91	16.400159759865257
92	15.91193156310647
93	14.468388133085451
94	13.638445219079887
95	16.028248663751647
96	7.466067152726236
97	10.481154113067625
98	12.10588327593189
99	16.527084195972062
100	21.905363851656155
101	15.709108711947154
102	20.76722923200512
103	24.46584601381929
104	21.019376920780566
105	27.532784042225178
106	18.926593598569863
107	9.425800044071979
108	26.574032660084818
109	19.138704563464774
110	15.541845214347559
111	20.507183433156154
112	20.502562361251357
113	15.580539389223388
114	22.233841015071228
115	18.773289052630354
116	5.579280186987672
117	11.691443168292167
118	13.730113583083504
119	14.382023016423664
120	17.159283406863715
121	20.41200917350511
122	8.220728901412615
123	14.296790950905171
124	20.64551200031273
125	19.74731639905396
126	16.896970947200092
127	18.920947496459952
128	21.12481464599787
129	23.39047620716122
130	21.737103782061624
131	24.268814996008736
132	19.232703673552933
133	20.44175405206212
134	20.34658474589338
135	26.156880650892063
136	17.03984217804997
137	26.677160744731406
138	23.252525204581907
139	26.23087315317373
140	18.17232151957425
141	18.434633583761155
142	25.301210604371242
143	15.909954400300563
144	11.595174603593582
145	20.965339039474518
146	26.90326365746103
147	16.852755654174796
148	24.23365980896317
149	28.83284351461261
