0	12.452572103079188
1	15.176793444519536
2	17.647439162847796
3	14.258761004493666
4	11.54047043461105
5	20.172966074152257
6	10.285126077556956
7	14.477003556184476
8	12.057022943373362
9	13.241658417996895
10	10.426759470406918
11	12.749955598687913
12	14.287098143264881
13	9.197411049370587
14	13.748707867085194
15	11.686713518445087
16	13.975211760736968
17	11.628527805116812
18	13.682115801383798
19	12.276027634555502
20	15.466346080022953
21	10.58926256805486
22	14.988452115853267
23	12.236274963261165
24	16.130608800116185
25	15.419014436240122
26	12.240527948116418
27	15.375847730864018
28	15.713322284657107
29	10.930454824004919
30	16.506250664086096
31	16.062206460797412
32	15.059176080459189
33	11.139466098651535
34	10.450949845778084
35	11.65867412607889
36	13.89831457283502
37	10.74113011214569
38	17.331664799635327
39	13.103123536845409
40	16.428463867408404
41	12.561482317287956
42	15.129420299944163
43	13.539462950974343
44	17.087710817814468
45	11.838022462038694
46	12.625553644960126
47	13.331639553560596
48	13.004531514246139
49	13.997572388365148
50	17.207475914811397
51	14.437034786058351
52	8.669613518427617
53	13.536464934128611
54	10.602590187660393
55	9.599721498932317
56	11.303043974196475
57	10.212572804645928
58	11.688548873263223
59	10.078229264276871
60	9.67128560728724
61	14.04324800155576
62	10.017002972341855
63	13.292195484256574
64	14.566689331868462
65	9.428577888167222
66	13.405660753088423
67	12.32104403375511
68	12.43297752469579
69	15.561060537911043
70	10.131202140417486
71	12.712600651855013
72	10.973960867425303
73	15.384800842138729
74	9.862393441928043
75	15.561209558850221
76	14.368870898868028
77	15.523743859900083
78	15.203187490110182
79	11.808928782405637
80	14.115785711253249
81	11.91140203276494
82	11.767964023394708
83	10.670190660571388
84	12.998522780258453
85	11.62547591805118
86	14.219476173007312
87	12.025149896309696
88	13.609629538058764
89	16.659270172894885
90	12.556403218743979
91	12.38540252566072
92	16.61872087773626
93	9.428851278195536
94	11.405402348615718
95	15.199131002139234
96	12.806266912142485
97	15.164726795741306
98	16.547299540892382
99	13.281031014864512
100	13.93431419397145
101	12.848671779957309
102	13.249529533220048
103	15.888150938688948
104	12.456358724538225
105	15.994378847022682
106	12.925463943987115
107	14.949545869599149
108	12.312521650562902
109	13.688995568977981
110	15.625147151487946
111	13.428828551883017
112	13.500879993939352
113	16.249645699578945
114	10.963851273774354
115	9.609619740791471
116	6.8705998390164345
117	8.513370031109812
118	12.412861930810637
119	13.216511112684492
120	9.124883647949703
121	14.701072567861216
122	9.24912503628667
123	14.188728984005177
124	11.688768803628687
125	10.114542346289875
126	9.200583641536307
127	10.53669695335539
128	12.592757724946617
129	11.192145401964163
130	13.067483439891516
131	11.045392730204915
132	10.501348029313998
133	15.162997212436336
134	11.482134416831778
135	15.459928107473774
136	10.727922603684368
137	13.753258998758225
138	13.533578387605573
139	11.656710004291169
140	14.3727092688676
141	12.164463516997348
142	13.253045058173244
143	14.287638150786233
144	10.750053680583434
145	16.81840014698861
146	10.82623646831545
147	14.62063319012868
148	13.863754313808071
149	11.907973005756478
