0	1.7760775373539615
1	6.675593447013352
2	13.49816263249511
3	15.88433749497056
4	17.84178499875865
5	19.3321469088587
6	18.971552361635435
7	22.966191991963868
8	21.48994884604399
9	20.884657948731252
10	26.892905115342142
11	25.930114284766148
12	35.58015472110371
13	28.02351965829787
14	30.667017187342367
15	31.368493455007837
16	33.98657094101955
17	31.112665987304517
18	36.10241895055728
19	19.374487575466148
20	19.317806091578085
21	1.2704257202779337
22	39.32595181129615
23	42.71619697540465
24	21.380724677436685
25	23.449222950613432
26	21.855083142084695
27	21.153155559728077
28	18.92255094778132
29	25.240284412315894
30	27.38984171956369
31	24.885845399006406
32	19.433981336428605
33	8.50270407020907
34	32.79356753988417
35	9.407289554384509
36	17.80954784861766
37	20.40776587606117
38	16.56628814202939
39	14.385865196383756
40	18.105253229575727
41	13.687968496169942
42	19.246504559957422
43	16.781499891229785
44	18.052822638453616
45	15.729968431357939
46	21.132552760067696
47	8.721181098980571
48	31.89140846441613
49	9.148334878101286
50	16.17147416189055
51	15.778163122194092
52	10.20480811237167
53	13.996628043827243
54	16.95056418154521
55	16.758646600496615
56	17.48827390198123
57	16.469012697718863
58	16.028646113473965
59	9.88663890010038
60	13.574955587693998
61	12.026274199848878
62	12.172440046487623
63	12.892027583562642
64	14.503682370863539
65	15.599640352920874
66	12.416938075107913
67	13.97497380647029
68	13.23670991879927
69	13.734640432367625
70	14.204640327266986
71	12.048758998523944
72	16.52166696851904
73	12.680914424199411
74	13.255329221478435
75	12.543488846701683
76	8.732962355771756
77	10.3354990230897
78	7.376147319983529
79	12.823715265524093
80	10.525000273972115
81	11.339929998979931
82	9.733673344906395
83	9.94766350740538
84	8.982582891135202
85	11.887061754914509
86	10.334536597737438
87	11.456499293496053
88	7.8390193235711525
89	8.477902726850367
90	10.111793567705194
91	7.932670882163418
92	10.092835192638558
93	8.48459042524032
94	9.114486931703837
95	8.597851128376028
96	5.013615050707601
97	8.024899221394383
98	6.292379628419312
99	6.807866646643745
100	6.902714929895609
101	8.676405850676641
102	5.94767119121475
103	6.507910512966253
104	7.345688711682547
105	7.16137323312749
106	6.930313688436243
107	6.869194819237185
108	8.568649347531435
109	9.127687885848538
110	7.456106455130222
111	10.123186333256223
112	7.430203756974432
113	6.794706319900733
114	6.760649475687398
115	7.28946666824239
116	7.684604814826679
117	4.5386328582220905
118	5.130651625137364
119	5.158422103177296
120	5.3218025419305715
121	4.683212608415358
122	4.618716121664274
123	4.140981100101063
124	4.480975422566561
125	5.325494234359784
126	4.563291091019394
127	4.227655952082859
128	5.074090643756447
129	4.3934409903040486
130	3.691826161557991
131	5.294172480800766
132	4.905911362029311
133	5.045356527995164
134	4.703165107036561
135	4.932733884180237
136	5.884645969722488
137	4.76276140208746
138	4.819245391332689
139	4.875691968788155
140	5.103711890877129
141	5.601826114262833
142	3.883286226680024
143	4.573289903949229
144	3.187105876681272
145	3.803782242158381
146	4.299417099694988
147	3.4716986538533976
148	3.1867338230291185
149	3.0739584780970266
