0	16.262755874247222
1	16.36713902254113
2	17.26817918050455
3	18.48357073310191
4	18.737874285960682
5	16.64081470628872
6	21.319465991451278
7	13.232555004476714
8	17.643030362749847
9	18.6878659922474
10	15.670709978383236
11	17.686231102711105
12	15.898745308720276
13	16.824617753135815
14	17.601192815989247
15	16.525050911785144
16	18.111874595096427
17	19.732273466408746
18	19.018851200488378
19	15.87750792250265
20	18.348668832527018
21	18.872022726574915
22	16.726748883605648
23	17.090817243807106
24	17.246789085940307
25	17.008318632909095
26	19.429789102743065
27	17.43255226147267
28	14.161505595199186
29	16.845170006999744
30	17.76686821053298
31	17.23312242790184
32	17.291138776476018
33	16.574487170247163
34	16.893614841090752
35	16.61474874219373
36	15.182215513830768
37	17.390072229281227
38	19.784293443442888
39	18.529041790217175
40	18.914405272583476
41	20.81445225024228
42	18.80162625225608
43	19.923323916756694
44	18.490715322712038
45	20.56470981167851
46	22.286008255651947
47	16.50094177075777
48	18.66637080690353
49	16.534117204510743
50	17.954479115323437
51	18.127932588180027
52	18.7286079728473
53	19.46595368195789
54	16.943094442691507
55	16.20518898009114
56	22.85596575246418
57	20.34190132526372
58	18.896295239858294
59	18.050155569094244
60	25.856297237301145
61	18.691802492850872
62	17.224889687765277
63	20.85888443013644
64	19.30064956475524
65	20.03784230145465
66	12.69975982719798
67	20.705550426068747
68	17.661377871495365
69	18.166806956815815
70	19.433906565195542
71	20.039589886738703
72	20.47461114584515
73	20.147127542389082
74	20.25572655451895
75	14.605622060900226
76	16.385740317096815
77	16.315991678249507
78	17.665994896276693
79	18.500522852275033
80	18.8145329965932
81	13.306754910225987
82	13.306448509235675
83	14.973505467626548
84	16.873193539815496
85	15.18541024705225
86	18.086504342167917
87	12.13194085090661
88	10.599317264118017
89	15.60415533004321
90	13.282576392794118
91	13.394201927543893
92	13.75941068437454
93	13.269130644776615
94	13.509140352797518
95	13.478932663808983
96	13.985823343948152
97	14.061332517087422
98	14.159069419949182
99	14.090043045433568
100	13.511846052813716
101	14.092333471768772
102	13.941188505028851
103	11.722640767200605
104	9.652491743347879
105	9.716475990806385
106	8.34581726861805
107	11.088077772846486
108	11.840020985611824
109	13.301976053013972
110	15.056810803201602
111	13.678530968229348
112	12.166125982017512
113	14.814284804522261
114	11.801800468198348
115	9.288733911946535
116	15.791074921524576
117	9.341089943089584
118	8.975312990506634
119	8.476153390055758
120	10.581446656594078
121	8.71571517669123
122	11.22029903322694
123	11.501717408260447
124	10.971901697095207
125	10.289347472702946
126	11.632375885397655
127	8.01855903650662
128	12.278832155909754
129	11.556774129215382
130	12.53384162061215
131	13.004835629924525
132	14.5066320368187
133	9.911456199101643
134	13.64960273335374
135	14.844259493947757
136	10.81613089305292
137	14.48207165485245
138	10.57537150502122
139	13.973687416638555
140	14.07671560258313
141	13.74320227023654
142	11.39014550037955
143	11.147610475241223
144	10.972935534276923
145	8.70971785456627
146	12.196384156031574
147	11.149295462147167
148	10.534183384383693
149	10.901189857717512
