0	15.223081601450694
1	14.214812500856237
2	13.310226636926938
3	14.41897944106362
4	14.14100987273991
5	15.53058615460203
6	14.997769802166777
7	14.940072010948429
8	14.67081047089538
9	15.298102912547238
10	14.981016306413657
11	12.960592434640873
12	15.051353986316858
13	14.496862854496852
14	10.627444163598707
15	15.437376991715738
16	13.998356981517281
17	17.776034556005378
18	11.917514405581178
19	12.268167239302617
20	14.143164629536862
21	16.3390547626274
22	16.0165548022751
23	15.367299772295441
24	16.088727190748624
25	15.595112852118287
26	11.802893550844955
27	13.62875830268044
28	13.725134395831954
29	15.956445424689745
30	14.00676381368734
31	13.30807271689221
32	16.687480817221694
33	16.680758085819434
34	16.414815234598088
35	15.922396541295507
36	14.878291693356644
37	14.211011449578411
38	15.565778692423061
39	16.34171859474927
40	16.098928867766087
41	15.544659549449042
42	13.068354340190858
43	17.863842299999398
44	16.745467356508893
45	17.85452757523481
46	17.57263073542756
47	17.287156477537074
48	15.6758555278489
49	18.514076717313547
50	18.598332595625113
51	17.75276456270651
52	19.010112943010704
53	17.852976605774945
54	18.5358685162308
55	17.622976254897
56	17.351729406393122
57	16.888240733622784
58	18.229004684370537
59	13.51415311459658
60	17.848498597936327
61	17.481919701313252
62	19.168139365914186
63	12.997492645393766
64	18.821308112489156
65	17.895712016929448
66	16.931321592519037
67	20.967230461464553
68	18.031500880416996
69	16.393444238908025
70	18.831431511958282
71	12.717677620581785
72	19.300555869311534
73	18.368456854845647
74	18.5171132731304
75	18.81241601625081
76	14.325095876035844
77	19.434752564562302
78	18.505054978492904
79	17.555327468890994
80	18.728704037385455
81	19.907226278801435
82	17.95131264248949
83	13.795394530739204
84	15.470863458769117
85	17.80263785966576
86	9.898556891255764
87	15.677505254725498
88	17.59511011434079
89	13.027609717219903
90	14.531125809429414
91	12.718882718244977
92	11.390068395716595
93	13.695278795699451
94	13.489591311327285
95	13.275099791197013
96	13.341297273435035
97	14.25001746009316
98	14.22482819344956
99	11.88359495899469
100	13.169099555910124
101	13.516193258213976
102	12.616001843637495
103	14.015155582684974
104	11.076010334305417
105	9.458369604418843
106	8.85487707910838
107	7.968614226820578
108	8.481394837864134
109	9.54475818408904
110	7.974676649547272
111	9.0183340662392
112	9.047268074896191
113	7.361219578915292
114	2.9710604583344526
115	7.559370212078306
116	7.016497100896287
117	7.814549734296739
118	7.060619063700428
119	8.666471776280392
120	5.7565070552263515
121	7.565220953489658
122	8.384524554628626
123	5.000171936454513
124	8.789313000027994
125	7.535357468994982
126	7.424054093118552
127	6.436849751581001
128	8.645533215372547
129	7.899898930162838
130	7.127139956105719
131	8.916805858725148
132	6.298890966413749
133	8.46378696586929
134	7.7355626209336785
135	6.9372731586226815
136	8.963537182723492
137	9.16817483363297
138	10.290104521710882
139	9.362037107370002
140	6.873385340569709
141	6.939652760926851
142	6.851569565572949
143	9.15788199233166
144	9.482793710463945
145	9.353691759237755
146	8.003367862079179
147	9.103439570838942
148	9.162649204943738
149	9.14597868364438
