0	17.86371852941511
1	18.398919412481142
2	20.186335248716546
3	15.098037251773023
4	22.09162102035291
5	18.420466888899774
6	20.62695553655444
7	19.758377424925417
8	22.615946251083372
9	20.22931946114399
10	19.288042764408242
11	17.853244735925287
12	16.498098540439102
13	7.193257120585786
14	10.87727865049391
15	17.195111004475315
16	12.537241635175256
17	16.496514089919174
18	13.46903068543203
19	16.28818839687831
20	18.846112260161167
21	16.493662405193092
22	15.565432622190952
23	7.160033915209623
24	15.800601116508838
25	9.753901251478235
26	9.278671740199261
27	8.80721803965622
28	4.380494573818842
29	13.432981278095376
30	6.9431779489205105
31	7.175983010764881
32	9.273149598804038
33	2.7536872913193977
34	7.389697517464555
35	9.273322420118284
36	5.087968344496825
37	8.344037146263858
38	4.602043452512777
39	7.642096698564507
40	7.19371612796815
41	6.475588953009132
42	8.085383958965673
43	7.411541552104993
44	8.573452735744645
45	10.905098046846934
46	7.409445259827974
47	8.573373049722537
48	11.836113099830847
49	10.460066491235136
50	11.374974410694406
51	10.87809489229042
52	10.90355941848831
53	1.117785793207875
54	11.58601847745595
55	9.263589057214503
56	11.370792132197565
57	10.466166117900096
58	10.410473557610615
59	9.972665137562634
60	11.400031561254082
61	15.095004771839262
62	14.133978445870927
63	12.768983378904913
64	10.22928732120723
65	11.594432034412607
66	8.112389165080256
67	11.345764416904203
68	12.303349921765067
69	8.578764026549639
70	10.897617042160576
71	12.56309508578078
72	9.253963986882496
73	8.340651836888178
74	9.739335379571214
75	11.395290478826613
76	12.302184838091708
77	11.345657089882518
78	13.741110432789911
79	14.590446412758093
80	15.619621437687725
81	13.173469028857983
82	13.281439568374374
83	2.7428808408188505
84	14.669271110876798
85	9.737608883676756
86	11.343950482219903
87	13.235335301848426
88	9.507437072765063
89	12.781964927527033
90	14.153374672647164
91	14.632823752156332
92	11.163286861751837
93	10.190838264580004
94	15.352380233442272
95	12.042833993035442
96	12.769953186644392
97	11.160863521958868
98	11.370792132197565
99	9.25327712223157
100	12.536647329552038
101	15.804542130209303
102	16.490811746666626
103	13.235586604980663
104	18.189817729887718
105	16.236987530180922
106	20.683462864761854
107	18.339714879167488
108	23.95491065289684
109	22.5774705295111
110	18.38576802718595
111	12.74093350358081
112	10.205244282814075
113	21.159598412313226
114	26.052824606752672
115	26.55363658470952
116	19.267384951409195
117	17.66473264109242
118	19.293260912004662
119	9.288612030711924
120	18.09615720889192
121	15.56737201806739
122	10.438191757278336
123	12.80240185384166
124	11.341071071779838
125	9.039682670265664
126	11.370899165510899
127	12.06994870289066
128	14.400195025267445
129	14.197764359896862
130	17.857363904670432
131	5.3082212272930525
132	16.973348470384305
133	14.167418414969942
134	12.06949181989637
135	15.595022869454896
136	12.977625159967097
137	14.633662404101575
138	19.29512504588204
139	18.637139433220117
140	14.367822281089591
141	17.940169985636246
142	15.529426123762882
143	11.824604590397033
144	21.643772394734643
145	19.527995737454965
146	18.594871220491694
147	15.770658919512291
148	20.729624210427513
149	19.05654448254386
