0	16.372040002298462
1	11.310425970422239
2	15.927167276501814
3	20.442924841104574
4	14.868345612560036
5	17.26001102234092
6	19.837852704816697
7	17.53807666223761
8	12.177311138555062
9	11.913018482100654
10	13.48465451059979
11	12.051920012892683
12	14.04824134671983
13	14.24120028071543
14	14.573812802287483
15	15.178181777215421
16	16.816090561324046
17	13.099049759996301
18	15.177020246830281
19	14.11325135600338
20	14.369142701826663
21	14.180417565989929
22	16.159359001450156
23	15.837797649596094
24	14.264159615849765
25	19.18030615681514
26	16.165098212355154
27	17.25034207703877
28	14.130773991429654
29	17.48182838591706
30	17.102977943476965
31	16.654951080771394
32	12.101132812812175
33	13.156149989277504
34	11.746949432557708
35	18.19393625848193
36	17.534802644774228
37	12.217201463127981
38	18.028231266410724
39	17.47964117054811
40	13.455041699401836
41	12.599679435969286
42	17.041701350459324
43	17.703371674873495
44	17.75547312131851
45	19.45810858729662
46	18.955598905883242
47	11.997891079074842
48	19.53520236705445
49	19.365191037818605
50	18.308009282743157
51	13.58401016634702
52	17.77638761526212
53	18.18306357076438
54	18.577560609363392
55	16.92181137635348
56	20.666656059370652
57	14.968871108032353
58	15.724057031801749
59	13.849180688058633
60	13.583105498823219
61	13.58698518904604
62	13.6927201326749
63	14.32170384962585
64	13.258673047505226
65	15.162688284613921
66	15.19243189807819
67	16.383558336885812
68	12.712995376539276
69	16.105058737290488
70	13.228732750296334
71	17.190228637387417
72	14.249494996196516
73	11.857522174137754
74	16.64163364858203
75	18.35647520174792
76	15.402661144746073
77	14.568801554833527
78	13.939254437910362
79	10.489387780528855
80	17.86478762842914
81	19.45754534737719
82	11.145001573638929
83	13.590221006991515
84	10.819557431335191
85	14.190859712421338
86	14.003470311334127
87	9.53322567549048
88	13.698329266134108
89	15.245797834106062
90	14.997467915996586
91	14.73898847040031
92	15.192286013062459
93	12.600277784574608
94	14.223848371531073
95	13.04308588048182
96	13.055841058940505
97	13.979782339966256
98	14.90389599397341
99	13.238596195912889
100	12.106973409847498
101	14.788866471191703
102	9.946767519692283
103	15.546486942793537
104	16.499618947007875
105	15.555870236838954
106	17.761698038172568
107	11.971711797686014
108	12.893102664864976
109	12.198757519450178
110	13.217322061948057
111	12.661588245244946
112	16.500887944283424
113	14.403977646120186
114	16.43782051618798
115	2.6771795031085848
116	10.517151137055027
117	9.693413568529635
118	10.982622903388476
119	8.958522726184555
120	10.521692712696082
121	10.955341990750686
122	8.785276499335417
123	13.38354706940283
124	13.242763647321018
125	12.076803057831578
126	14.455178344407074
127	12.28716808693363
128	10.104931055964709
129	11.39457214460031
130	10.981956826657205
131	12.963210911979763
132	12.820183497026964
133	13.14952021609486
134	14.04369849253344
135	11.035611892762585
136	9.528784076387286
137	10.344918237923277
138	14.917166046538279
139	14.759525978368535
140	15.616062991178483
141	14.28796921469992
142	12.48281824968239
143	11.88801061889867
144	12.078855117955435
145	15.891870189158006
146	15.27235085108608
147	12.705223992363344
148	11.91635771083435
149	13.446701260121616
