0	12.402019031695158
1	12.116323249991515
2	15.822664210003857
3	15.819945039007505
4	14.309420499944556
5	11.20521475686645
6	12.465526792018261
7	11.36526681432431
8	12.287059789672652
9	11.40743881454213
10	9.81920402364103
11	11.380261007399344
12	12.840895353317242
13	13.216238896654609
14	9.420457340258487
15	12.459480465833396
16	11.563743383711843
17	9.577784397303555
18	12.956969003271972
19	8.417586540473499
20	13.606767921226878
21	12.370677290248574
22	9.051761441978629
23	14.24206417742971
24	13.713991229893216
25	10.089357334881715
26	14.641898210083411
27	13.98908283494292
28	12.519007367656755
29	14.78212341158344
30	16.658703582309123
31	14.923056003115603
32	12.430696057981397
33	12.001250319622514
34	10.647362883999868
35	15.809842568857048
36	11.1673139020165
37	14.58953652507363
38	14.343989200895352
39	12.187166772206224
40	12.351938385113042
41	14.955760713729308
42	13.229824967953704
43	11.756449243488087
44	17.63905877273252
45	15.817851269642059
46	13.617459787315465
47	18.172896648721995
48	14.613699005933414
49	11.164549941843012
50	9.880629345786579
51	9.789510400892263
52	11.23502230578488
53	12.201026180611102
54	14.068994246594348
55	9.089951887761996
56	13.055713162735358
57	8.59565805067978
58	13.02873236478661
59	16.97473742486766
60	16.711261500935734
61	13.555207825402732
62	12.001363332572149
63	17.09040828198348
64	12.026280051486312
65	15.814785908032082
66	10.769747089494787
67	17.546516258399127
68	16.525792707494556
69	16.098529201302256
70	15.638339778454474
71	14.692628583962996
72	17.088111986056443
73	16.719273916892504
74	16.068069870828122
75	14.384258967446794
76	13.761147845889727
77	11.158119990337951
78	14.741246704142675
79	6.935830472265931
80	18.34929989485448
81	12.392646645613784
82	11.56624573988147
83	12.605839556861948
84	11.750517784170516
85	11.332417308507214
86	13.75749257419427
87	12.487633764632744
88	13.958410747953879
89	9.323270336033369
90	9.544700652496394
91	11.835227303065777
92	9.217940975959928
93	10.165948649313632
94	7.2376226173319065
95	8.788535254852247
96	9.15188822077862
97	9.365926672028158
98	6.569685433077844
99	6.803319165395287
100	10.402838940158492
101	10.415020653470796
102	2.2431525956854945
103	9.394149926038489
104	5.385691669649012
105	5.3234003130842265
106	8.230483956497066
107	5.774326045161137
108	8.582294412129965
109	8.60587095257307
110	4.779908389344137
111	6.026945084139963
112	7.574710401594679
113	5.251759338993599
114	7.182821523301039
115	9.004225486443964
116	4.9825783469056395
117	9.158665991504135
118	8.091090238044332
119	8.587697400079357
120	8.413707988812892
121	8.338263368283815
122	7.929857840763944
123	8.514304855480729
124	5.86821599592329
125	9.19533773776049
126	8.99684774114079
127	9.71324820709403
128	6.779923662479974
129	7.793408457373496
130	8.888157142065378
131	7.862772858780502
132	9.918955718748744
133	8.779257405560758
134	8.732212407677062
135	7.751541097861185
136	8.020723067671383
137	10.194977798294378
138	9.547652902293965
139	6.324815747476222
140	10.20992897067817
141	10.1749834228841
142	11.007981812191582
143	6.638468730238938
144	9.644340190916687
145	10.479641653580654
146	10.597112040962427
147	8.446731383807883
148	9.936059881542677
149	7.927684870303178
