0	3.2056235101144472
1	4.6918785019584615
2	7.883320448291675
3	6.0851809900454965
4	6.601119578676532
5	5.6678069266222995
6	7.19408446551148
7	7.325416330153322
8	9.055842958031077
9	10.060423948095282
10	9.346508708645109
11	9.167304595509899
12	8.882143390472413
13	8.6578374381998
14	7.3753065053164395
15	15.903421002418932
16	12.673859676266373
17	12.09241507794771
18	6.67875044544612
19	13.667245529767282
20	13.519354303656135
21	8.22702524855685
22	3.387546263254102
23	4.873400328007351
24	14.31840128554536
25	7.323956829497808
26	19.359413702323135
27	10.568147419026209
28	20.23096571130699
29	14.386734685029467
30	22.43002377263525
31	18.604946829351817
32	15.2572120889764
33	24.04340342384974
34	23.18370099148712
35	20.51004956526808
36	8.043520729310384
37	17.35428708919798
38	31.144409282911877
39	15.797251957522356
40	33.53027414228301
41	27.772430016322033
42	22.089949261115354
43	27.091580220732975
44	21.5185632044138
45	33.21746971358929
46	17.04873842211631
47	30.798170514772316
48	28.552415484978642
49	31.511265001358545
50	2.6363424508521773
51	55.110364962771605
52	14.746425318351056
53	38.02404934034253
54	22.851543522839204
55	34.546591803274445
56	28.99539348301489
57	19.91151150165767
58	27.20904336350181
59	17.87619120469257
60	20.565155416037978
61	22.56678464053376
62	14.630508773160766
63	15.01372324693456
64	15.973992453384025
65	9.7139380039498
66	11.964238747378865
67	20.64832088148995
68	9.018458156717953
69	9.984094562352764
70	14.920966640711029
71	10.233746306038096
72	13.415327104470778
73	12.158412493294058
74	13.229214779060902
75	15.01477589397873
76	14.386186854311159
77	12.808031490230258
78	15.42024126435961
79	15.910733665235878
80	9.876126866109635
81	9.538713418421397
82	14.34892001734845
83	9.844149509468643
84	11.075905419576157
85	15.366895682279733
86	12.117171812723381
87	16.76822308045047
88	12.225990162813881
89	15.29735662650089
90	11.895428878229367
91	12.94638711613705
92	14.893841224411405
93	12.766414503332653
94	14.353700780081665
95	13.048831882552987
96	14.754439073246889
97	14.35397360224322
98	12.403986779363066
99	12.444018940143861
100	11.933475885500041
101	9.532476003192524
102	14.374012256942878
103	12.006668867902155
104	15.547123008149036
105	6.530397065937532
106	12.485568366347986
107	12.484000683502769
108	9.009391975747702
109	10.819146305084251
110	12.266365131094451
111	6.8372807657854135
112	6.857044787217132
113	7.792178572855621
114	7.970280891837831
115	7.128287553829102
116	6.436577777862951
117	9.762275148538526
118	11.847686701494505
119	7.738168927986652
120	10.964129796586606
121	11.42507164660994
122	12.737449851101562
123	11.108302929388902
124	9.990681951620177
125	11.68662525624099
126	9.946638064192886
127	12.409141799516064
128	10.38763086173989
129	9.955010346094014
130	11.835125605858291
131	12.686831353978592
132	7.59574238680272
133	13.010392664827284
134	9.564119251935686
135	11.367010799242562
136	11.999433876950464
137	11.183326961629419
138	9.15934061780162
139	12.989942864192406
140	11.57664746262929
141	8.065638655801969
142	11.933363693676872
143	13.127577504489714
144	9.274386086776593
145	12.874058034471979
146	6.062565395340429
147	15.689098321199447
148	8.979843031200595
149	9.905681057914958
