0	20.001147827294936
1	13.863362417313294
2	16.185090547382398
3	17.679673946641813
4	20.121110152004142
5	14.328949735420874
6	11.463449105773602
7	15.119448154809572
8	19.54521917379843
9	18.13968340849845
10	13.408677333998991
11	18.34825173778275
12	17.281417643266145
13	25.725462509477435
14	11.774372264853476
15	17.73601165312578
16	9.732355581792728
17	11.308589261296891
18	14.328542256799771
19	13.407028311950903
20	16.44671471228969
21	14.990658786808677
22	16.299055033449104
23	15.589548836606255
24	19.74021090826515
25	17.41621599017882
26	17.9781134557858
27	18.513263641964706
28	16.963187341509073
29	18.73876483615323
30	11.659521372596405
31	17.653675615818255
32	17.287047568916556
33	18.34296433150904
34	16.24356334012252
35	13.675796156240096
36	9.138883534983162
37	9.859623413552729
38	16.41076082239725
39	24.104480527975465
40	24.262711032851172
41	22.816626690460005
42	17.410855191070922
43	18.948991950704865
44	19.254808890171027
45	14.923475822888413
46	13.711418754560654
47	13.171220678087614
48	14.00873789969846
49	17.483267090283064
50	19.107223813668675
51	8.156035117141908
52	29.122797620388816
53	17.702718581821756
54	13.306693797266632
55	13.13912250789975
56	11.349195624773987
57	10.934503439963752
58	9.437978396665311
59	9.13795705164102
60	11.138609004110965
61	9.298997520142553
62	10.519488781607745
63	15.52149604487811
64	12.308700629093998
65	9.96345197595117
66	10.448273459899838
67	11.867934106129418
68	14.129174281025751
69	14.120503292498121
70	11.442910747283197
71	10.809879062173373
72	13.058374620744626
73	10.087319903091526
74	11.50847808564064
75	13.387765347939268
76	10.810382390149705
77	11.54366622428861
78	12.863790051258334
79	13.703451825145699
80	14.21773277629358
81	12.006437639992885
82	12.518507456624981
83	13.579761533592869
84	12.431774150725268
85	12.55661424747155
86	10.089839943039841
87	15.702822789368511
88	12.03111588302001
89	13.613125875835983
90	16.173541672266126
91	14.320312584019153
92	12.259313054168846
93	13.453869911835408
94	12.093010687024357
95	14.212489349806606
96	16.699120718093734
97	18.27281904266914
98	11.837278633131064
99	16.84327547925139
100	17.680649168355345
101	12.073806062061966
102	12.518624865766991
103	19.39036185183395
104	14.20191261202087
105	11.626296823067147
106	19.13977986724838
107	13.44148066546315
108	14.312125304231962
109	10.446523464193405
110	10.555158375426942
111	13.349878369482315
112	10.348089209709467
113	10.126297253698734
114	10.437201018030724
115	8.22860086858881
116	16.705121324470998
117	19.397312612856027
118	16.830882736161264
119	18.792959317252002
120	15.355815508987362
121	21.29008380342691
122	19.056085473851486
123	21.835668888079276
124	15.977249848753353
125	16.43476368759174
126	22.55532103631317
127	18.346312916477878
128	20.44855770655974
129	18.93258842217154
130	15.07023499249587
131	20.3254664674599
132	22.074864859931324
133	20.98874583287959
134	19.526710067554333
135	22.224111841212647
136	21.027616355987544
137	19.99651868164075
138	19.73682158990258
139	20.96634669844247
140	18.02594848095759
141	17.545136316067108
142	18.672645101449735
143	14.739954044137715
144	15.107497570319744
145	15.783359463771404
146	18.94903673812185
147	18.278085394442893
148	16.699846566415534
149	19.054677191518735
