0	2.2353069097078153
1	1.9657457070001714
2	17.745251054216116
3	1.9709369170896232
4	2.230559935281378
5	25.159113310835025
6	20.762021824376713
7	25.8980315172308
8	20.22643775781252
9	23.205419884083266
10	24.195510206029642
11	20.205081768447446
12	19.785038514774428
13	25.55971422300088
14	23.891742629960934
15	19.1817154275446
16	20.798110157486416
17	21.881361121631343
18	23.952360644865667
19	26.104621284762214
20	25.369662426168443
21	24.0663483247097
22	18.220341728661285
23	25.411526146956056
24	24.60018399297988
25	1.7105431098729487
26	1.970194671020466
27	1.4495813831496214
28	23.118206711240898
29	1.7105118075251657
30	1.9691023449769613
31	3.534311392405886
32	3.5396552377479074
33	23.194806581631628
34	20.92109329295398
35	1.4517035221799677
36	22.00288196428683
37	22.811176760504587
38	0.9291061363677284
39	1.4495579350194254
40	3.2721249814832554
41	2.2305442253023156
42	1.1904710872989663
43	2.750254774570829
44	20.44567102807317
45	25.350320944688928
46	0.9290931051043735
47	1.9702337512374595
48	2.2305755292027483
49	1.4495969772266755
50	20.090633117535024
51	0.929064444796723
52	22.57387764628973
53	18.48818600838863
54	0.9283938587160476
55	25.426509640104413
56	21.51380642611667
57	26.057577109674998
58	0.9290409930857098
59	1.9674801324229614
60	23.154434137968437
61	18.054418317868677
62	1.4485674191610345
63	1.7122766026740828
64	2.2313099597239985
65	1.447501735102588
66	2.234097823858889
67	22.39006542514565
68	20.738043643585176
69	1.4487388333028846
70	1.4491832469662098
71	23.801645213580024
72	23.22067051806331
73	21.96235264258917
74	1.96760983388712
75	19.270123755271342
76	0.9290852986232498
77	1.7097096958640263
78	2.23093485748715
79	21.292132316353747
80	18.30620712088896
81	21.246905185505202
82	22.130382857055768
83	1.4500111462977996
84	1.4495032475822156
85	22.054267272702432
86	19.605891621950516
87	18.401469783457003
88	1.7103345924820332
89	18.901642532933558
90	18.289669683949096
91	1.9709369170896232
92	1.4514130488596526
93	22.451032023867935
94	1.188169318530631
95	24.129330169728995
96	24.308688444238403
97	20.727596635581975
98	21.37691082495831
99	21.14621443340297
100	25.240945675389906
101	24.503530363375933
102	1.9684529932914572
103	2.2307005245684213
104	3.271630398151789
105	4.573651535560978
106	4.573964042695266
107	3.0116556210686065
108	3.532248033783505
109	3.799341737454391
110	3.792860605656597
111	4.824678651983805
112	3.7925482273876305
113	6.404899053233357
114	6.906948825515237
115	7.437489582691642
116	6.6560448424415934
117	4.055891541788909
118	4.310219687601157
119	5.35456770827073
120	5.875230472409937
121	7.961236098313156
122	1.1901261028612486
123	8.201941079532645
124	6.149428169155029
125	5.343395079392929
126	6.655985068138976
127	3.5319331548651816
128	21.709352908615717
129	1.4500345633983402
130	6.135452695940162
131	5.615146382377372
132	5.875282454223663
133	7.712624415551579
134	7.942678594442219
135	10.300478603777913
136	8.218288284666274
137	11.363150859632277
138	10.021079828152459
139	13.427009743779191
140	15.758919619972682
141	12.162146528519465
142	15.207614750394288
143	14.205564401301652
144	19.412836612824808
145	18.405545820960423
146	19.37523696727527
147	13.16550915325174
148	16.291453907949588
149	22.59278357772776
