0	14.826542867125578
1	10.322176389839948
2	14.764067157996948
3	13.90604291942822
4	14.153976274751358
5	13.844765031182678
6	15.117534109377901
7	11.755341943232978
8	15.033574404864188
9	14.44107682854026
10	14.735714594855796
11	13.603145644768269
12	12.138157199449669
13	15.739935955573364
14	11.623251761147612
15	15.189329907167226
16	16.159808017611635
17	11.418176262978426
18	14.4876679843807
19	13.312836446218544
20	16.697044466178554
21	12.598526686347777
22	15.192626800124353
23	14.480340061100836
24	15.783671602431573
25	15.110322217504539
26	16.91226402759022
27	14.356452718119858
28	15.620430931538143
29	14.816117975179774
30	14.898307127225017
31	17.04350275442121
32	15.615208416779266
33	18.545227649834715
34	14.855136553714937
35	14.03023788530749
36	17.54667105437582
37	13.988016110239606
38	15.183768919874112
39	15.324287129538748
40	18.038580361293867
41	15.619981543265277
42	15.82693692373534
43	15.235150692309471
44	14.304216895547077
45	13.76768934561688
46	14.411700299900904
47	19.24104768442645
48	14.78487439862717
49	14.190087994741903
50	17.247122408366398
51	18.55238464703111
52	18.95897966200349
53	13.143109379169866
54	17.42264530659761
55	17.23362175708909
56	17.26232022502281
57	15.243696400392208
58	17.33449057029521
59	15.568082771964946
60	18.834260524887682
61	15.705300125749517
62	18.747612157799978
63	16.07494266966606
64	19.657291306127
65	11.328983649281954
66	16.45748542243178
67	11.344418180490756
68	13.608132487063301
69	13.599168657537232
70	12.01440563779454
71	14.316190100639922
72	15.357069544982329
73	10.925802867625176
74	15.904178941147197
75	15.82726754101088
76	16.53751184282949
77	7.065032895996405
78	18.558292915878262
79	8.450877506823955
80	12.431531479551749
81	13.149901329632243
82	10.953702068957643
83	11.897246033539401
84	11.997682366762291
85	13.447425908334429
86	12.707597181252968
87	11.348588553383069
88	14.026371630749155
89	11.833737593984331
90	11.626108565368229
91	12.67829374947301
92	14.79000621743944
93	10.37764425874145
94	13.975814475379114
95	12.286429461580893
96	11.203627899352691
97	12.305033089342695
98	14.480188275125172
99	8.869700216431424
100	13.525745999079119
101	14.477853176516863
102	13.813981852576822
103	13.728814529938148
104	9.578976812956116
105	12.183969313443175
106	13.603405061931532
107	12.674845528826138
108	14.321638788046853
109	13.182683471638873
110	11.432965469453116
111	13.800999240757458
112	4.358595976712494
113	10.54451121772983
114	16.589575398557734
115	10.261315882317323
116	14.857556825931235
117	9.41514631042644
118	9.664890558176294
119	7.844579892658092
120	10.33691618297991
121	8.325435710927298
122	9.266592839651707
123	8.663932001785817
124	8.554836409732445
125	6.398244578366465
126	7.632732767936037
127	8.029466676153508
128	10.755155622632564
129	9.602793812583887
130	10.992617937405258
131	10.343846362500779
132	8.288808422571751
133	11.25785629401986
134	6.036663037205014
135	3.92765471243236
136	4.0934101771092415
137	7.17286447245022
138	7.466676586905376
139	7.02431014486149
140	7.533136412899685
141	5.853928189696191
142	5.587639339403152
143	5.436053570279555
144	8.052451413821908
145	5.432329631329367
146	6.3435080325155235
147	7.464492651573737
148	6.840558031642161
149	6.860217822609011
