0	18.81335891464626
1	17.5586686151403
2	18.135801547118426
3	17.3167724256069
4	10.544540460891382
5	18.834443490371108
6	19.663518754905844
7	14.384024068468207
8	13.327372578812028
9	16.864513499783946
10	18.381762468481035
11	16.78680541430942
12	18.02879671033712
13	15.202707351421507
14	13.296596683109378
15	12.585120314532979
16	12.707370766362827
17	12.47459329487325
18	13.364141586300978
19	13.680071052281365
20	12.203862943258542
21	13.562304849603926
22	14.534926648213373
23	11.917014287887357
24	15.044757680373486
25	14.534280599092757
26	15.579191824941855
27	16.048885409930236
28	16.905146356637083
29	14.76597511468845
30	16.130987593112707
31	13.600903262428808
32	15.658911754475694
33	17.934035213629528
34	16.11844415819572
35	13.641971712523741
36	16.282479844685533
37	18.10766948021594
38	15.118094365624925
39	13.095671354269264
40	12.863396125452695
41	13.445612373662604
42	14.6104054323802
43	16.74375793737333
44	17.87557523797434
45	18.39622844274897
46	16.939953752675926
47	16.632025048329528
48	14.72097063925553
49	17.491707014469974
50	17.01565602475865
51	17.008568510677406
52	15.91060778967508
53	14.854689511554053
54	15.500342046397732
55	17.700816908384112
56	19.844357119827478
57	13.766777573374425
58	16.19001405712313
59	16.547801881150917
60	16.633774070431816
61	20.75131921331046
62	15.585190025333688
63	15.773812936253316
64	17.610277596668993
65	19.314547574355622
66	17.886206578708624
67	17.942622169225906
68	16.66164688551911
69	16.71281265999491
70	6.9954617449475425
71	13.126016275444856
72	9.036102789156224
73	10.854678469794255
74	12.087736228035643
75	10.224265917474598
76	10.281007441302789
77	11.03815792050878
78	10.64826306834271
79	8.373875136431376
80	8.876653239610027
81	10.133781353550619
82	10.310525484415102
83	11.191614577008874
84	11.172163423909497
85	12.11942767181286
86	11.39973738570947
87	11.114323087452783
88	12.813792879913551
89	11.745244141673744
90	10.267614893975715
91	11.654252472063234
92	9.832477755896784
93	11.236975134632555
94	8.816719640927733
95	9.110379040873715
96	12.814298800047299
97	11.698570121923703
98	11.816589161223845
99	12.481043993607477
100	12.881365556427355
101	13.382105594670815
102	12.013733338414083
103	13.302541601606064
104	13.473606910986783
105	12.374424377708182
106	13.589545279825087
107	14.532206142130233
108	11.396496145496048
109	15.583517802002124
110	10.842743532794307
111	11.54161828531003
112	17.689729625187397
113	12.722261309910825
114	13.806804093129323
115	5.471951340521647
116	5.60940374328109
117	6.050345606054705
118	6.56865855368153
119	4.0804312153886775
120	5.171263370122947
121	7.3456696896874965
122	5.946631836354344
123	7.267369450650253
124	6.389230528511927
125	7.386121034483105
126	6.6295284962129015
127	8.298630751742834
128	5.984490294305715
129	5.196847245436393
130	7.579354720353751
131	5.5306780741829185
132	6.415273163544899
133	7.753451988453194
134	8.355173475768108
135	6.257635662526669
136	8.223709383909773
137	7.7873507479420345
138	6.959469215573402
139	7.905709861944307
140	6.942962920723025
141	8.493516811164849
142	7.8310183458773155
143	7.773441454444217
144	8.394179355634655
145	9.75458433107195
146	8.744018567695615
147	8.589308822201973
148	7.501162696268595
149	7.18888970409133
