0	18.654554276078162
1	19.922703910726895
2	18.801687492138658
3	17.82246983200883
4	16.565839454421685
5	16.25213846086985
6	19.115717953441568
7	17.918140781433163
8	17.404277639564967
9	12.347978695082688
10	18.663813283402973
11	14.470870840270713
12	16.324605816060632
13	14.380590367232493
14	6.660893516366356
15	19.32073897905135
16	11.93431080618105
17	12.469541561764302
18	11.51005400455303
19	11.632368534955969
20	14.192183190084641
21	13.538587398828696
22	14.340733606759535
23	16.462024850056263
24	12.603336522015963
25	16.324848851270595
26	14.003225776305893
27	12.360324042430221
28	14.935191921422156
29	14.898771042615051
30	12.009528262258504
31	18.074941386879654
32	14.850180775600506
33	15.402259856699969
34	17.82212271332713
35	12.383897446931575
36	13.818424139568144
37	15.690748103189916
38	13.420614682418968
39	13.54641343341328
40	12.434814695391179
41	12.355926496491513
42	13.73673136799201
43	12.12893397872627
44	13.692637775159584
45	13.99769172561563
46	11.603167835527296
47	10.396468102747045
48	14.103271411255074
49	11.402028638448837
50	12.432791924703292
51	12.746728887676579
52	13.060855373450194
53	13.596873977884847
54	14.452349581020043
55	13.221455168645857
56	12.681296691795287
57	15.84525821775859
58	12.296347945050973
59	13.659860212431083
60	12.537275642484232
61	11.583249968662022
62	13.435122757835908
63	11.603167835527296
64	16.04456442168978
65	11.506650812017144
66	16.006021832416465
67	11.615031808105417
68	12.608511202463896
69	11.176623914323658
70	15.873725706896527
71	15.449271148571883
72	16.28426353267776
73	13.549546284279549
74	12.132651417854351
75	17.257740501750668
76	17.88641361042279
77	14.970320882882557
78	14.521919310489983
79	15.824826724867728
80	18.337827237423628
81	10.71801955746274
82	17.419333804663932
83	16.92305690771153
84	16.612078857124374
85	17.7305116624677
86	16.37896109262889
87	12.894826000483226
88	17.06214116330386
89	15.729908253036951
90	14.673212258082046
91	13.290567118046871
92	20.331140987427723
93	19.082925889155952
94	17.52353770133905
95	18.037641459252278
96	18.56503535773628
97	18.27615786663341
98	18.758402313980504
99	12.157163818762603
100	18.101553110050784
101	13.193770412734063
102	18.41288649655238
103	15.617235521400072
104	16.538417640099446
105	18.372867897430744
106	19.20037826884412
107	17.46841120853336
108	16.942438856208078
109	15.91506379474842
110	17.693764861982935
111	13.46842021472067
112	16.10537868524268
113	6.538607657818769
114	16.27809013472929
115	19.27446065022431
116	19.686775388742095
117	15.44239822421855
118	15.123111443382456
119	19.128180745273617
120	21.489382001732512
121	21.778979378112552
122	20.662206574704527
123	12.982134293616413
124	17.307960607916726
125	19.919790967834206
126	21.08288212031331
127	19.56399795373987
128	22.45385203719083
129	16.56744697319478
130	20.52974016240267
131	16.369510453982727
132	18.627941283564063
133	21.44679422711293
134	16.338419107097668
135	13.483113259931805
136	15.774148630680294
137	14.144118527206535
138	16.156652430462383
139	12.690788282914793
140	16.01113923944494
141	12.202430993645619
142	12.22250093716636
143	12.087056108260473
144	10.351547910322035
145	13.212425611598519
146	12.376173904087686
147	6.943670844593078
148	12.16577121659867
149	14.82530828669784
