0	7.189687928386971
1	6.97272846113994
2	7.7797420065890615
3	7.78692653198412
4	7.711890961997115
5	7.112174537487567
6	7.193974305656073
7	7.743866090576901
8	7.52144350206568
9	8.228614301038013
10	7.556101788395448
11	8.906402159449835
12	5.7072752373015705
13	8.892116104872906
14	7.7143110560574275
15	8.525100155906715
16	6.3724091278298935
17	8.152870127696408
18	7.632652834380335
19	6.380614969741882
20	8.74947001813177
21	6.963747210125808
22	8.450781566861469
23	8.084717959855327
24	6.924209990184564
25	9.157462600464708
26	7.2700870846477175
27	7.92994037103413
28	7.414463158918338
29	7.780531435533537
30	8.006220697996547
31	7.939702276416777
32	7.952925045817508
33	7.238470184179127
34	7.258355921060629
35	7.790740628559592
36	6.666401223524207
37	7.637366943231019
38	7.784482255994271
39	8.222057085371004
40	7.863436428438283
41	7.640184686785415
42	8.298075920383669
43	7.637648668574641
44	7.000820196824125
45	7.450548688881476
46	7.636522426963759
47	8.751672327706189
48	7.70535015742519
49	8.15778309630211
50	8.742463244677085
51	7.558118495278051
52	8.220686057690934
53	7.575274484850524
54	8.227775202932829
55	8.077309115394083
56	8.746780123937992
57	7.631808925024136
58	8.596064331472862
59	8.235870868023293
60	7.260885580151878
61	9.26359387803723
62	9.191936929631472
63	8.450388980761149
64	7.932140287076023
65	9.782680598339576
66	8.901163718063936
67	8.746616807554698
68	9.223716368784027
69	10.491970478380578
70	7.116929367232605
71	10.450282587520055
72	8.46948056864094
73	9.878927899660964
74	10.00582681391513
75	9.598139460644374
76	9.94523416334279
77	10.203600162146893
78	10.716429011573936
79	10.372785964951708
80	11.050311720894738
81	10.890415732881488
82	11.081920070572886
83	10.828437739956247
84	10.78036609328605
85	10.635171871885545
86	12.668940705574677
87	10.931570009710244
88	10.03531538061513
89	12.60220696568206
90	12.152874402828699
91	14.378237746329345
92	12.319294656812716
93	14.293194293451807
94	13.031254608626622
95	12.059994356962694
96	13.584226284455378
97	14.376171031291262
98	14.6644546557503
99	14.607642466233314
100	15.531654681668975
101	13.672325887411624
102	16.851351702673117
103	14.15923362484094
104	15.253496338374335
105	17.092947150110618
106	17.905993905533677
107	16.103468848433344
108	15.340033092479501
109	14.746405893537842
110	18.598458726155677
111	18.35233324099292
112	19.510781616863472
113	13.696526359006489
114	16.725990499263972
115	18.55298275367194
116	7.674769179460388
117	1.1165506371272684
118	34.28221046291048
119	25.562028123605405
120	18.412380085892487
121	24.97087814501755
122	21.954999807814147
123	21.172776892492237
124	28.51588364760145
125	18.923733491891138
126	24.09012600903061
127	26.59208522648886
128	19.790186930977587
129	22.70985434278922
130	25.967166675635376
131	21.15799063948614
132	25.71458579983526
133	27.17391081035083
134	25.568770476108945
135	26.23923151593757
136	25.69035888289255
137	26.730339423106706
138	27.265792265760318
139	27.503268657653035
140	29.2514628905764
141	11.48484213320223
142	21.380020397236102
143	17.366994764020877
144	12.534555889245398
145	16.187739716178097
146	16.637710778478606
147	17.10556431882283
148	17.747451006651726
149	13.813867030246538
