0	13.197288696449071
1	8.978728029053778
2	12.716380750192647
3	10.763909005019496
4	12.738543572236871
5	8.987389297110978
6	14.774428299759853
7	10.329973928606869
8	12.931607019890034
9	12.863673060087338
10	11.372027707491505
11	13.531130136432056
12	12.297603819934368
13	12.388462600188213
14	12.713888638710856
15	14.653910370416742
16	9.983623551681635
17	15.347855970736031
18	10.790808095884332
19	14.376601092628318
20	14.214010045170234
21	10.970816083619102
22	17.11319627023013
23	12.892377825845319
24	14.003567496842715
25	16.267960067650762
26	11.656484640018263
27	15.837919590714746
28	10.777159495632619
29	11.973803623891687
30	14.51027939407588
31	13.027620657844635
32	15.943787486596948
33	14.44642303629985
34	15.331761411104273
35	12.955051807177803
36	18.062703876047994
37	16.254865482737898
38	16.673225541773053
39	16.034438708940137
40	18.139946906140406
41	18.6553743993654
42	12.616238668371633
43	19.601157311909613
44	11.599971943364485
45	15.208319901396656
46	17.6900783670065
47	14.39426966576927
48	15.52139938846366
49	13.979945253226276
50	14.443652392886767
51	16.712130782414558
52	16.202547577913908
53	17.134379881102536
54	16.98236411018372
55	17.52586488292077
56	17.15484636571621
57	16.143650846789598
58	19.791899275757284
59	9.268342528885535
60	14.090793731096836
61	14.68351962896669
62	19.63851751707364
63	17.033236179904495
64	17.158327198934074
65	17.092993591778992
66	18.24822773049057
67	20.11453032648473
68	14.408832224943243
69	16.326330439239236
70	16.06485785752604
71	14.075168774972587
72	6.336723461085227
73	11.507711016115888
74	14.715612894231025
75	13.760258697567501
76	15.876588181906584
77	15.94547733218405
78	10.662482845411626
79	13.703048169180061
80	14.512367116441359
81	18.037363525077502
82	14.81611972916712
83	12.320746620749778
84	15.975725429187516
85	10.141397818066306
86	17.763867320632592
87	17.0376936448661
88	13.640390442421687
89	14.217940168031296
90	12.517049148297419
91	13.848891139470497
92	15.70431082881674
93	11.742256062387533
94	12.215814501659278
95	15.19954263593799
96	12.481059358770912
97	9.762614599046952
98	14.344894989520988
99	13.644831052794625
100	15.484623507751518
101	13.344670665444191
102	15.260741012591582
103	14.341811073888062
104	10.279762675884005
105	13.988122914243927
106	15.478388328328814
107	10.484830605094494
108	12.226872297547995
109	11.61297395363316
110	6.719692442322701
111	17.675259677137117
112	11.844396959710783
113	12.052971393799542
114	10.565309762803182
115	3.569723514636199
116	9.712072431710233
117	9.289383444431186
118	7.975151137830302
119	10.3640840821177
120	9.532688099231237
121	12.473930644502579
122	9.87654081134111
123	10.920713190298898
124	9.49491579593643
125	10.345502120418182
126	10.868773755860268
127	8.744384414825104
128	8.241964315209444
129	9.657979451457566
130	11.541812080683746
131	9.377294859765225
132	12.351289046244096
133	7.737061109948289
134	10.284137764353808
135	8.62668089737612
136	9.421598411500293
137	9.582436477255808
138	9.672535327133595
139	11.00231115324008
140	10.834938264529148
141	8.989578743207975
142	12.89816379936187
143	8.295354687004638
144	11.10886256614969
145	12.38337453491116
146	9.487718900815386
147	14.295939016747843
148	10.169218313652264
149	14.807391741174914
