0	18.24966482867143
1	16.65867107197079
2	16.915276026292318
3	17.868501807949833
4	20.75938298120695
5	23.01148230967587
6	18.56295126453711
7	21.57889834059741
8	19.774551279202903
9	16.53660867616759
10	23.19245175510139
11	15.0046281589011
12	20.3886559939439
13	13.813176135906115
14	22.44771900397133
15	19.805632397966686
16	20.790351306198403
17	17.867601451901514
18	17.54487224107184
19	18.185396062039757
20	19.320431493648123
21	17.49262433839808
22	21.58719453423459
23	14.446401185366422
24	21.83966061632152
25	16.410286896426992
26	16.918687357615283
27	18.814526313740146
28	19.751263876761925
29	13.92702100614719
30	21.604674871973092
31	14.588713214020453
32	19.19106700848427
33	17.41465646631307
34	16.540380335701435
35	20.324320875487118
36	16.031796347096112
37	17.93313979615867
38	19.772770657146662
39	18.499152285087213
40	19.48979276699099
41	19.522075876493904
42	20.432451566034352
43	18.317205276212576
44	17.167914289871838
45	20.332236039769906
46	19.711821390078292
47	22.286342267015677
48	17.35681245068209
49	19.26929843296105
50	19.37853976857123
51	10.530494065627892
52	23.493977682028458
53	15.776483649130208
54	12.678724478661692
55	17.991171543361162
56	19.3768442790531
57	12.235947826512312
58	18.696141613830648
59	14.585331807291206
60	15.708659364669561
61	15.704903913403891
62	20.906096581134843
63	15.069722761534406
64	19.71432493943419
65	13.949500164239364
66	21.605939162864754
67	16.085607776465295
68	18.701280096339783
69	16.915601846510828
70	21.353695111263388
71	18.572512006155787
72	20.55540178226889
73	22.30188350045518
74	19.71965812705813
75	23.689286332637856
76	18.73353576924251
77	22.389029592369013
78	21.314856542325433
79	12.687718313880545
80	17.644462283538203
81	16.16162953651422
82	9.540827939864418
83	8.131211788158929
84	8.88541689271008
85	9.010596689674646
86	12.808791569033563
87	10.834783559344553
88	8.969356845111488
89	12.570392300399664
90	12.252327438868084
91	10.531693645135713
92	10.047656428513315
93	10.876588936947087
94	12.801919576254381
95	13.30423875382762
96	9.89742942821017
97	9.015346553032511
98	12.216269596793714
99	13.828034309666677
100	10.693922154445334
101	13.75443518310652
102	13.134477879687278
103	13.812113938882213
104	12.223074233992952
105	12.12609243900523
106	13.31356299877659
107	13.421427316464113
108	10.93229304070818
109	13.126915855957726
110	11.722979638989305
111	14.75846497509119
112	13.577183908706893
113	14.31325864965761
114	12.065388688270186
115	10.464443896430506
116	3.831997249405353
117	1.417505751883867
118	11.030660877963658
119	11.036015950173008
120	8.627890683157588
121	9.517830672267003
122	12.555101785597344
123	7.613393122709743
124	11.542137516529358
125	12.930499273162669
126	9.07240307256103
127	10.974421180739897
128	12.333420533755273
129	11.54863676191454
130	13.305769972441277
131	11.503954226574583
132	12.526139009197207
133	12.49506323127481
134	10.177109630632774
135	14.507075685110033
136	13.107788332122363
137	13.450390060610896
138	9.267385733883245
139	16.2771067232268
140	10.658246812184535
141	8.134026329881745
142	10.005866795599887
143	12.597576966910614
144	11.119454591720451
145	10.530293667055373
146	11.66254595894919
147	12.933475626210372
148	8.884665119130648
149	12.804495214563184
