0	14.263941483084494
1	11.33466107503891
2	14.725137856420952
3	12.184584283735473
4	14.823094262664474
5	17.981101263612548
6	14.853962780093347
7	21.11864489423286
8	20.441567687796667
9	17.1818379053273
10	20.421870259632495
11	15.924002601501941
12	18.26771938306763
13	17.251428713131062
14	14.202947279820869
15	17.88204480380575
16	15.927801852445725
17	17.101834357292404
18	18.19373898392552
19	19.493499117252885
20	15.669122801172351
21	20.487532772696888
22	17.198455263633914
23	16.475808452917658
24	15.097926571011186
25	19.413288773833624
26	15.344313023278747
27	21.818680153082646
28	16.10722344436842
29	17.322398474675662
30	15.089887371912106
31	23.15423930059172
32	17.002604012129357
33	17.176803393924903
34	22.299425896440432
35	20.048064391644683
36	17.75982767089121
37	20.290977293676207
38	17.06302928311222
39	11.696934238217
40	13.34954122371043
41	9.501707030182269
42	16.066150286153416
43	15.50733955695118
44	20.385730410888417
45	17.298456212690702
46	12.264787793556467
47	14.81278522624024
48	18.777947441606152
49	16.489027480109662
50	12.101321837977721
51	17.957412737366504
52	13.717779799126724
53	12.38081350482723
54	14.598677300152634
55	10.457418598543002
56	13.568266513981834
57	14.437796798541969
58	9.875454027435428
59	12.07421333904767
60	13.069445799947756
61	9.233040569637335
62	9.362735048178775
63	13.090458513244704
64	15.69286266969096
65	12.242179535088772
66	15.439412801700799
67	14.738948835307525
68	16.332501011881085
69	12.619559296449903
70	5.235389449683812
71	17.045175529800815
72	13.27599502456484
73	9.64338311901338
74	9.962854717722863
75	11.337837754549605
76	11.91760429230191
77	13.32946628573636
78	8.797151382477491
79	13.749944586414566
80	12.055264771881477
81	13.06044451806021
82	10.002619450398242
83	14.62181180824864
84	14.041291741624216
85	14.2090086790138
86	9.354477865242488
87	12.679863641365205
88	14.239667010256232
89	8.910899665412222
90	10.32683990497757
91	14.431942120968413
92	14.001950499049398
93	10.261729318402853
94	11.421475159630672
95	11.274901277443746
96	14.531652123197517
97	14.68005278351804
98	10.597759598920604
99	16.77656832031338
100	11.761128095358314
101	14.448200146027988
102	13.167826965962503
103	13.552506051711019
104	14.076067236325871
105	16.10952847546915
106	16.90757169419424
107	14.199313058184213
108	14.585509485756438
109	13.638482286660114
110	12.328344018948327
111	14.863294514539524
112	16.061492575696885
113	11.344726177462771
114	14.0698022490338
115	16.24291007006179
116	3.527176879506425
117	15.636888687359399
118	15.52667805379098
119	18.25335902968565
120	18.43064454431486
121	17.810871820246238
122	14.1944704802311
123	18.463028521224306
124	17.718398607152928
125	20.54515997818972
126	19.42392157736903
127	19.767408264332932
128	19.408621468859394
129	21.328244522867433
130	18.971228649897576
131	18.027751388720922
132	21.11708560206432
133	18.826809852256385
134	18.961750888340205
135	20.296450622517664
136	20.26365653935602
137	20.431714048042632
138	20.071458312424905
139	18.92061654033035
140	19.523225217182613
141	22.685094562291834
142	20.861482052130505
143	19.855989965595416
144	17.193516564648043
145	20.745415163113904
146	23.534176324820137
147	20.7563902205921
148	21.869167261549062
149	22.41177682956141
