0	11.71050596494198
1	18.894224782642855
2	11.10657747107129
3	14.381665710048601
4	11.873568819501466
5	14.123963539313861
6	14.88947968856614
7	13.980778372617726
8	14.698421636594976
9	8.897274742059155
10	14.51712155461889
11	13.676099963710541
12	12.130751526089306
13	15.621190641222277
14	14.538831504581294
15	16.727466063243835
16	16.620803113152302
17	12.795460204426446
18	13.366549762836177
19	15.159152986274897
20	14.522156949563492
21	11.862321442019473
22	17.17132142069152
23	9.326908651630134
24	13.03156476556231
25	14.229730661665615
26	17.93281015313911
27	17.124854140016275
28	14.681273655226839
29	18.30424736348224
30	16.3578772057471
31	12.401427451261116
32	17.276705791917095
33	10.292318472845327
34	17.678381948806514
35	11.964060358226913
36	16.51336777983076
37	17.181671986123064
38	12.268741575755348
39	13.965366877848943
40	17.37403965012923
41	16.573156495764827
42	15.296614166877585
43	16.34733166496271
44	15.193143896321395
45	14.694688174730917
46	19.912877198351097
47	13.97662121814203
48	17.224757617587027
49	14.473882577293244
50	17.522144911515586
51	16.26026295410074
52	16.26622846393085
53	22.906909266092615
54	12.777775865280772
55	17.367975001961078
56	13.13276027906609
57	19.70867363989936
58	14.437161729867501
59	12.097770593054518
60	16.41979672592226
61	16.2037283908965
62	16.463544338792214
63	17.37205455389002
64	13.109496938757362
65	16.57791226735735
66	20.821132496021903
67	14.206222670771188
68	20.472845768919495
69	20.995911025113838
70	18.198742047088114
71	16.958922173646954
72	15.971091801264427
73	18.901393140487905
74	20.32328647592076
75	8.237576492814314
76	14.063980801267855
77	8.386802458618776
78	14.539039140419463
79	13.685438276617354
80	16.050637246723976
81	11.912058430736492
82	17.428717900218164
83	13.112381216911137
84	14.675068588749955
85	16.876381023656286
86	15.753978508097179
87	16.361823714357893
88	13.554610972743605
89	15.76005444186485
90	18.486970196387905
91	14.68705988653774
92	12.825336280153993
93	16.592653079971623
94	12.53290222259891
95	11.511427336441233
96	13.975414527234566
97	14.115719535008795
98	10.683431050948474
99	13.623861372954634
100	11.203655267549799
101	14.937613226072136
102	11.836511346950076
103	9.856734338495794
104	14.815903727461627
105	14.4057410589389
106	12.504902458395108
107	13.217614748775706
108	10.77659485136118
109	13.519287934155239
110	14.381113108745346
111	10.292318472845327
112	14.114904783558032
113	12.656065351450797
114	4.063014551622236
115	12.402729681106889
116	12.674223494074202
117	12.3822903638021
118	12.807808934214924
119	13.402997892210387
120	11.506735906326705
121	12.332328987308943
122	12.047098214085443
123	13.467471777064349
124	11.893490272997417
125	13.685831028796214
126	14.431199504394737
127	14.637119733733602
128	14.720457628000252
129	14.433001785208237
130	12.42340388569125
131	16.7185785904299
132	12.892358161665905
133	15.35677593712869
134	15.175812509806196
135	15.364447975138665
136	15.277158674742353
137	15.567423550535224
138	14.67082579172285
139	16.159170279295974
140	18.043518091848217
141	14.648762357822415
142	17.882063573264077
143	14.751892647534692
144	16.5084915299203
145	16.011434543052257
146	18.03932427939369
147	16.412287757917973
148	19.054663000551557
149	20.120796951200973
