0	10.760186828860117
1	11.970301013959183
2	11.017224491114085
3	11.644133212021643
4	13.76358717983014
5	11.444191422688984
6	11.576234385297699
7	12.743878626778358
8	13.851329242345962
9	12.713061510411311
10	11.926576226333768
11	12.766231778143599
12	13.505809545876232
13	13.914880844887886
14	12.103770124671158
15	13.547447262164539
16	12.180513411220954
17	14.189813399652802
18	14.528196018360596
19	12.346616561950214
20	12.951933518008708
21	16.621956152239584
22	13.288322707002976
23	14.00276414376333
24	14.346344402909697
25	13.970901873460772
26	13.565625201151505
27	13.712358760061292
28	13.36747353578468
29	13.682211577300212
30	14.60983702481558
31	14.915348834472994
32	16.98270745309198
33	12.610689139955994
34	15.214936787622612
35	16.78030679960809
36	13.585529451008597
37	15.545848189335022
38	15.556106533776475
39	17.28364893371749
40	15.272413980549743
41	13.847316051085247
42	15.41418725838625
43	16.083629280193406
44	17.958913096133593
45	14.808011894799737
46	14.886497731580878
47	15.65892380222435
48	17.69582638378787
49	16.276161963806924
50	7.832746606890194
51	12.547515600933703
52	17.61810707749902
53	16.423805012233768
54	19.017215118781262
55	15.500585897202395
56	19.231989256298096
57	16.348776046820266
58	16.160390970501677
59	19.302079634053282
60	19.99230038747561
61	16.19977154702074
62	19.202282573080733
63	13.896698307496486
64	16.675966680611666
65	18.292592271798622
66	19.30338054146251
67	19.90041852436829
68	20.091009199521395
69	25.229745604538355
70	23.430598866829676
71	24.15301499096236
72	17.48678618343913
73	19.664420374719022
74	18.334403204529497
75	13.551794987210165
76	11.801162711797705
77	15.608636633634518
78	17.651448270713068
79	18.429238390101986
80	15.97474933895952
81	20.174696313065066
82	18.39992762095007
83	19.53323499211825
84	24.546181751381003
85	8.7745136385407
86	22.34434825146509
87	10.267301207452316
88	10.611833763855707
89	10.826015863898402
90	11.697238909180196
91	10.969992060233416
92	12.48471385422193
93	10.856744741555648
94	11.120279334186623
95	12.76083322428899
96	11.355042897766136
97	10.37426401235452
98	10.90237992238875
99	6.358796760503214
100	11.570808737574382
101	11.171376731205452
102	8.595639631007277
103	8.97976054967944
104	9.298566275544488
105	6.172286498739183
106	7.553104641190044
107	9.500988978307156
108	6.74884560135932
109	3.7047590326374396
110	8.130423787837351
111	11.189418979738786
112	7.8778135721701235
113	6.496078600118211
114	2.967914949624945
115	7.501764849224502
116	8.0288360520547
117	6.159985975867664
118	8.039442510547842
119	6.2130716701527815
120	6.8285320793105155
121	7.715848911191852
122	3.4798374454339625
123	8.067778008266217
124	5.726291086468136
125	5.099706173872531
126	7.197490175488395
127	4.030888160543418
128	5.072742628424153
129	6.309338345860053
130	4.36636616849567
131	6.764039439294088
132	4.821448218683045
133	6.530680367662102
134	7.372317752148116
135	5.673172016985155
136	7.334390688917891
137	5.603847548963612
138	7.2705313471026765
139	6.5238402283431505
140	6.045040405265975
141	5.46745132962329
142	6.954433666127579
143	6.254091676237507
144	7.7666000724161375
145	5.360309286918105
146	4.821448218683045
147	6.236358965746046
148	7.108423875313577
149	5.7896244072009795
