0	12.608851443026644
1	13.658215595667443
2	7.953282594958719
3	13.88011301498429
4	12.60235774852617
5	16.08143493740698
6	11.559382357340644
7	12.083283540165777
8	10.560654248970614
9	11.114614947511807
10	13.1844973199795
11	16.54909713937687
12	11.983098937475063
13	16.268046674642548
14	12.191925647900394
15	12.863750994154755
16	11.797362846088223
17	15.589110989644572
18	10.560556766451901
19	15.175904834946351
20	11.113974820019402
21	14.601518829433248
22	10.45546728871369
23	16.432504922884146
24	11.59881323629037
25	12.78313543501079
26	13.408747741568002
27	11.483234244864843
28	14.564486329251203
29	10.351527485901276
30	13.852004199182012
31	12.865921446023957
32	17.136510724377814
33	14.958240017371102
34	10.508351484664114
35	10.352005242984523
36	14.59530979870599
37	15.442113954768145
38	15.014767634044773
39	14.422245402943187
40	13.194290591309247
41	14.586626532804056
42	11.93124674778407
43	15.966438339220378
44	12.597757900532802
45	11.355178417828288
46	15.329278291607038
47	11.845338527802197
48	18.538395084116058
49	11.423448491947628
50	13.652301836164932
51	15.922727380355894
52	12.06154046182469
53	17.863256988612655
54	15.116323572114199
55	14.826938957596289
56	13.342727205636011
57	19.00984563130691
58	15.246053688768335
59	10.665943226834491
60	18.121043277100533
61	11.820574735839442
62	14.970800490610973
63	15.226077764595138
64	13.874484614095609
65	13.290357234823755
66	14.536652464615601
67	12.051656059408343
68	13.74671602399294
69	13.501357560555183
70	15.76780445305718
71	10.981442738006978
72	15.696788277503398
73	9.853019740499933
74	12.376111360151125
75	12.209732318761082
76	14.637917724274146
77	13.049617284761156
78	15.48573789232712
79	16.17410940365892
80	17.708053491534365
81	14.183594913154321
82	16.430780690073576
83	8.616869104954603
84	17.12665905869519
85	13.308320329316244
86	15.53587606501055
87	13.309568942522722
88	18.402378546244318
89	19.358971590214598
90	13.605717860484052
91	18.596195059717733
92	13.062342885263979
93	19.636364244818353
94	14.830857725411043
95	15.737751661711798
96	14.14965710324947
97	13.981529066288049
98	19.114865486060047
99	15.810977172226506
100	20.19889582236183
101	14.09823853524697
102	21.00931415108429
103	19.27360388945336
104	14.197765069640878
105	19.69663467279361
106	15.337707586102644
107	13.151512245794274
108	18.331215593430983
109	15.599743926965951
110	19.113289975825708
111	16.54842651374015
112	14.983291374225015
113	20.692912110241537
114	18.96540384255872
115	6.814252780476876
116	13.176574657250375
117	21.91302997478101
118	20.645575695788125
119	18.58622520889831
120	21.49942499208294
121	20.24820442214999
122	21.47934412092056
123	18.917413023573545
124	19.00363885213695
125	16.81125137328455
126	19.812811147562947
127	19.118347266929856
128	19.37963339660825
129	20.58752145696837
130	18.431047332658522
131	19.861528000341874
132	23.433001511253824
133	23.79149781307877
134	13.703872820623218
135	22.79348200231671
136	17.114136923197893
137	20.627920017678782
138	22.072746375943012
139	19.27806984401549
140	23.956881325929547
141	23.560255510272423
142	23.332673953232394
143	18.282563169591583
144	23.41555611336656
145	22.650455767841173
146	19.839870765247024
147	18.540150665806525
148	21.946558522569884
149	20.675800299631796
