0	23.54745529663372
1	21.951930793843513
2	14.670271844423404
3	19.437197437938455
4	18.122604516463134
5	20.624234412866976
6	17.60652298998346
7	17.950975246438933
8	18.154242159386417
9	15.705309553980324
10	17.381142712990606
11	18.177959825572458
12	5.531232722112999
13	21.96530235290002
14	16.263521155504236
15	12.153569000159862
16	12.884765704548215
17	13.3580842947189
18	14.92436252567354
19	15.161485646056008
20	15.912748003111894
21	10.117635046955868
22	10.787879239647548
23	10.818654715501069
24	6.7456274869948105
25	10.11754130498051
26	8.440555777753396
27	11.488412093840164
28	13.99259954633089
29	13.581615317520232
30	13.84173019994019
31	13.348241238899774
32	5.302140776310647
33	14.36411002733525
34	8.105547695212717
35	9.784032235532969
36	10.449945157270598
37	9.670269430445217
38	11.234433910427608
39	10.993250954574364
40	11.726030015377805
41	12.10284437838575
42	12.911508761101697
43	12.68892587863014
44	10.564044701840874
45	9.44663954188703
46	11.234539578106247
47	9.556732241341265
48	11.572221003266279
49	10.787275941568954
50	10.341472590331612
51	10.927595050442214
52	9.64547964383111
53	8.55287149306655
54	10.004561931186217
55	9.121317128909698
56	9.32464073719867
57	9.446465465315534
58	11.0114191892743
59	9.68137111304522
60	8.31899654634276
61	11.25306185745752
62	10.324486149714012
63	8.886811042962648
64	7.546754693476373
65	8.440555777753396
66	12.241119649522638
67	11.904797081307386
68	14.365337351932258
69	14.397734901349537
70	12.99384204993158
71	14.13936978565295
72	14.142454629443801
73	10.787275941568954
74	12.910778100095403
75	12.914799182849691
76	12.79744580225304
77	11.56864325264138
78	13.136290254540555
79	16.714565506914113
80	15.632441415930757
81	12.54335390708087
82	12.91126550025179
83	14.260597481203192
84	15.807576286225174
85	20.791383152159558
86	17.264915865308982
87	16.58849947446797
88	20.143939833373825
89	20.39950789723808
90	18.99110123014748
91	16.672307434291298
92	19.282954441647426
93	15.593245014208183
94	17.381975222750185
95	18.60855894079394
96	19.50950689432031
97	19.109221300023467
98	19.34297841228868
99	21.8522631611695
100	21.07031074381136
101	19.505749806142283
102	18.10174774571117
103	16.202094346757352
104	21.486151800494714
105	13.436428471806956
106	16.041987660803805
107	9.337969081280644
108	11.11913718739287
109	21.73965702985767
110	24.491303262000894
111	15.035138282555852
112	4.962588023800201
113	27.5619622944905
114	18.834775116152166
115	12.35196174258844
116	2.9640481251429147
117	4.301183780235345
118	12.956017753280335
119	7.529343912808876
120	8.105178902991572
121	7.211175324196761
122	7.211305251344789
123	10.228554424939787
124	8.217319910194064
125	9.893903134914304
126	9.91825671191189
127	8.308474323336533
128	8.328788034690936
129	6.093540297485736
130	8.447966369553889
131	8.879557094654249
132	11.488088126748508
133	10.760592064850506
134	10.589485197292102
135	8.532268220959395
136	13.917702874242877
137	8.105252548566016
138	7.881073323059318
139	7.881144725522258
140	11.013065118716984
141	10.59156205427443
142	7.214677933494597
143	9.863118395905978
144	11.459143483221574
145	11.905132646510243
146	10.917990948441304
147	10.237873627712123
148	10.313959987265282
149	9.447076062966307
