0	14.203366577134389
1	16.29718778378816
2	13.428516018836902
3	14.71047611518005
4	13.774573071233391
5	15.327709834865512
6	7.691295134529679
7	17.3692972717218
8	11.514889650955197
9	10.913229569316378
10	12.092994636299618
11	9.572153255662634
12	12.716694947421836
13	9.390146481066829
14	7.301605631100462
15	12.384700393059582
16	11.8942616271165
17	12.826111185933968
18	14.285570957281205
19	10.527935437412236
20	9.523736824712582
21	11.511192951270914
22	13.045570406594265
23	11.62460046723541
24	9.874583769239205
25	14.055955361232211
26	7.042964145334916
27	16.83520508806592
28	9.052971009696044
29	11.109415637773079
30	6.924018999651683
31	15.34094007732007
32	7.803626946390067
33	13.962229947127526
34	16.363720781672324
35	7.333802725052499
36	11.545971711294818
37	6.57743626643523
38	10.700378689472156
39	16.339892198947677
40	7.389326384926777
41	10.340863557940722
42	10.771346377558945
43	10.40013840199946
44	9.077431945887238
45	10.343089224141568
46	8.339067561874161
47	13.2377335342597
48	12.549061194113982
49	12.831597419617463
50	13.310296807313126
51	5.3253873440161135
52	10.884650338177995
53	12.254600907836497
54	10.97201062959724
55	7.506799374448479
56	6.939641745694997
57	12.389986004103946
58	10.452855600349338
59	9.165558630194461
60	5.8445639373491
61	5.461962150122026
62	16.324669936202554
63	9.87502431782
64	9.93162680513737
65	8.078172497798615
66	12.06273021112661
67	10.508205817837922
68	11.845154902816166
69	9.90596285894383
70	10.311583159194544
71	8.209201458547957
72	11.706162818257507
73	10.122953744977398
74	10.887995114160127
75	9.542789670271883
76	6.376748485814299
77	8.266525061590608
78	9.362451309594164
79	9.186242423264169
80	14.498690472065931
81	7.479412558385174
82	9.167569281613332
83	10.306864617862484
84	9.219268386115115
85	13.540427451865476
86	14.636067441155909
87	13.19566743261965
88	12.127306408393714
89	14.301739137578629
90	12.335216480407286
91	15.735733118434275
92	12.536052271361875
93	16.003323017296555
94	14.257623133638884
95	14.457085546845398
96	17.600296080130494
97	14.766674532006217
98	16.28040685468944
99	12.368291580473613
100	12.827086357264669
101	13.691258110075989
102	14.615929727304252
103	16.899182153515003
104	14.34669662006253
105	16.215523286726626
106	15.751432141422296
107	13.564245014908519
108	13.928635717948197
109	11.234649277790513
110	11.706494275258315
111	9.220297600817343
112	5.530771988211504
113	12.253121353605597
114	8.59650658244238
115	2.279177248813096
116	8.339067561874161
117	8.112349445430297
118	9.704929901757634
119	11.709277939819511
120	9.632168445765938
121	10.950450389535689
122	10.388073759717717
123	10.750302432755728
124	10.723279445121783
125	11.07852834877189
126	8.427115909675262
127	10.968601125086892
128	10.422389181517477
129	11.179087920120082
130	11.167879846039273
131	8.29079970045932
132	11.952198400580777
133	10.422030298564458
134	9.957751682879799
135	9.847180386698167
136	9.79068559579115
137	10.425250365423164
138	5.913212632791832
139	6.668508736492422
140	11.507330073215122
141	8.424624857758065
142	12.28079672189471
143	8.295623128836276
144	11.369752984705627
145	9.02415423500851
146	10.8597088867391
147	14.038545576639084
148	11.314221693633996
149	9.873842751212603
