0	12.215247951224889
1	9.199854447832426
2	12.89130750778467
3	10.099612063812117
4	13.161031814569917
5	11.585495364050978
6	9.289281606241563
7	12.441966834424793
8	14.240312923473745
9	13.431891553141249
10	12.754320622146032
11	12.198882803804786
12	12.9856599982933
13	12.632542909237625
14	11.359562288508986
15	10.84849438219183
16	7.649693857028162
17	9.919372109256013
18	13.866933284296728
19	15.15407975415674
20	14.055840511278394
21	14.921911368867228
22	15.181677737028338
23	13.11626640430391
24	16.176438548933902
25	13.441210355852927
26	14.23279590612703
27	10.793042787961493
28	13.384834799517296
29	13.169798729685056
30	13.513049282823506
31	11.359776186074999
32	10.414901810305121
33	10.144530065036605
34	13.431763901670813
35	11.000089378472989
36	11.476332262494257
37	9.62792215273484
38	12.428997991945895
39	10.252482558299107
40	11.766001553286813
41	12.833814737601163
42	11.781621604777769
43	13.069759013144559
44	14.107565209015391
45	15.767278596986621
46	12.350053988888053
47	14.333333142716157
48	12.699490867864867
49	13.650218782637339
50	12.192733531551575
51	15.633823687702229
52	9.669407802041
53	14.55553387645887
54	13.151781855330114
55	11.061270600335462
56	14.510660104116539
57	14.008454022398173
58	12.183867320484598
59	16.445424515657624
60	12.004528625497006
61	15.051531739824242
62	12.75492587732004
63	16.4463747443692
64	11.645060706362937
65	13.926558533229048
66	9.828979496167833
67	10.640873442264745
68	10.622792534460459
69	11.265610179785114
70	11.090849683640087
71	10.750566063734972
72	11.886496986477088
73	8.502613965064016
74	13.053280518720797
75	11.875338116609136
76	11.30075218173895
77	9.666799534060747
78	8.751961617299838
79	10.215857164911132
80	9.356054988416343
81	9.379395591501385
82	11.900940573420257
83	10.730002808549354
84	10.730002808549354
85	11.706050682369327
86	8.547267933286257
87	11.360740427403307
88	13.639249090568658
89	10.394334613306988
90	13.646284329125656
91	12.363316369489741
92	9.604552668923521
93	12.035534931602179
94	7.983829131030497
95	12.648091673315026
96	12.265954131090439
97	10.280629411632368
98	9.286603847703045
99	13.129450399738971
100	13.023510787392503
101	13.65971406064229
102	11.675857179246528
103	12.395536656411753
104	13.284807178258543
105	11.46592846950471
106	13.881542303844316
107	14.143064752527753
108	12.721962407010011
109	10.460701534004304
110	10.819726216716901
111	9.920114117988103
112	9.233797685640848
113	13.255727776902123
114	10.907700537524043
115	10.418614874659582
116	9.087511676157376
117	6.001720792897522
118	6.934016029008856
119	7.688033012432609
120	7.444085265544055
121	5.98885054657949
122	5.5985560970540496
123	9.039849567280811
124	7.089439207674816
125	8.498385663463008
126	9.855036805904728
127	8.906628753081002
128	9.28591279201753
129	8.122978735844384
130	7.9390354490490465
131	10.460308870604859
132	7.869592092143505
133	8.816440387776407
134	9.694580626754572
135	9.964943586374357
136	9.945220834250698
137	11.027249908779567
138	9.864865611604909
139	10.335724194583275
140	10.432222222964626
141	9.01359796216509
142	9.451637340789848
143	9.13256437621181
144	9.714658329114968
145	6.47335918625441
146	8.166010560007798
147	11.6103375779585
148	9.558558011315721
149	9.73895784291848
