0	18.523731963078667
1	27.581024699595428
2	27.866172985186427
3	33.03530387921288
4	18.134394521884666
5	28.74939342428666
6	27.978193233642674
7	27.10980369676875
8	28.357799271493672
9	24.408716453537735
10	24.457220962073524
11	24.29163147136351
12	35.481545261242694
13	26.690860621301336
14	32.53809916664208
15	31.85226025985265
16	27.698710869810615
17	20.99722370266684
18	10.499062621403882
19	8.806916152731517
20	12.695535410735515
21	17.480123822322707
22	11.84915861258375
23	20.53057222914265
24	12.698335643751964
25	19.678712518818404
26	14.824325907079523
27	21.72225077524293
28	19.012074273718685
29	15.303464442583683
30	15.324476334272871
31	23.99959485926636
32	10.10599659346851
33	22.262590792487646
34	14.023962891014522
35	14.87984387372823
36	23.092572849501188
37	16.884045341007635
38	22.06276778844586
39	9.650456829787093
40	14.426179112733557
41	13.565583903579336
42	10.549796138242876
43	16.153382090984806
44	11.857450320710173
45	16.416441830559563
46	16.140751594944334
47	22.064707262329843
48	17.964477083923597
49	13.139643449495841
50	14.448860768541572
51	21.383716085443112
52	21.853221527859446
53	13.772629910116624
54	20.364794356921006
55	7.030908835948175
56	20.346311918164098
57	16.419624783165172
58	17.922958791937017
59	25.12545173462012
60	23.796098537303394
61	23.152857538833032
62	18.761259980948005
63	18.366906758182434
64	18.823381581376726
65	20.989230894246965
66	17.454563623966653
67	14.911081543128473
68	13.577985502440349
69	15.751210839842107
70	14.881136804683436
71	12.700649732616585
72	15.753039843228017
73	15.74907812484024
74	11.382643076824483
75	13.123881116538742
76	16.675837129958925
77	14.407727015411611
78	10.111667044080503
79	14.651307888028207
80	13.36823729686862
81	21.20435166160675
82	12.020693536141154
83	4.4345792454080595
84	18.398925682407764
85	20.544186065016902
86	17.91565276363403
87	14.388080195544653
88	16.697431917219483
89	16.18073899596369
90	16.599020275441994
91	13.60115351634697
92	15.726415667946087
93	17.474362362761028
94	10.962433725969946
95	10.984733602576846
96	5.293724080904068
97	22.756657970948424
98	16.592759434970823
99	13.571846436301682
100	10.311909016264273
101	14.236220069012443
102	13.163929398316126
103	10.717534873632859
104	20.759871509557133
105	8.375851002479871
106	17.919130689444575
107	6.821888663784773
108	18.14919882833779
109	9.637602423611245
110	10.536337471759158
111	7.053288144362924
112	4.858761242107601
113	3.1244022152871933
114	5.083067539608744
115	9.034352129221526
116	4.863056826045239
117	7.473297503024039
118	7.057677253736839
119	14.67068547075456
120	5.508752337340159
121	7.059185416679875
122	6.604404796444678
123	9.645438455482125
124	15.73903209555099
125	7.484856300990079
126	8.784779977208727
127	11.86063380578016
128	12.697848435887808
129	6.597597950504427
130	9.217863342339022
131	9.68206180085263
132	5.2954892941038345
133	4.869189033362645
134	9.227007441489473
135	9.229012975970559
136	14.009913202251239
137	14.850314443809003
138	5.524744440129113
139	14.24638759165026
140	5.293437703283036
141	9.676366285998467
142	10.298404782576993
143	6.815404680906164
144	9.670402522449121
145	10.515816966391549
146	6.8437050286053696
147	13.115575206140207
148	16.8764985528678
149	10.527618565652979
