0	10.582948118853048
1	8.515983333312388
2	6.712306759671438
3	9.619455746915515
4	8.695196024476747
5	8.19279020758321
6	11.556495583654913
7	13.350806617773154
8	11.362557278136926
9	10.514280797210494
10	7.448620661729889
11	8.420898945263042
12	12.54165142053281
13	11.76196868373382
14	10.5628395885086
15	10.37973593129255
16	15.482983333069882
17	10.603534023674703
18	10.596530802234536
19	13.142131183327212
20	16.014791884452205
21	10.317853475266661
22	14.3643493529453
23	9.690882143745318
24	11.38752228479877
25	8.721868235153512
26	11.055177361915698
27	12.836616146188723
28	12.712930909256487
29	13.83316565072465
30	10.479510561865327
31	14.039093634668268
32	9.161955141333257
33	15.977837868643833
34	13.982222967702317
35	13.342475249396905
36	12.131665820659796
37	14.740582046619513
38	14.129568560034853
39	11.663898242939302
40	15.615641361778652
41	11.589806361969847
42	13.931610613104194
43	11.355218984570197
44	15.628785581392506
45	16.645642298124763
46	14.491757989976815
47	15.403230328010949
48	15.403230328010949
49	15.16362829394942
50	17.240762047412503
51	12.449018058186946
52	14.588317063973552
53	18.97101007948302
54	17.557731945515275
55	16.05346487222562
56	16.314254357963783
57	20.215342961212862
58	22.78293306744778
59	18.783218740682884
60	20.204871782405835
61	18.874016282947
62	20.373560600013032
63	18.33422791471704
64	15.31294902446809
65	15.296053415783682
66	15.364764525533849
67	19.27098700923095
68	17.557632033032
69	12.804559745349637
70	1.645840227820242
71	27.85954689684203
72	11.837631275635886
73	13.0447987361038
74	15.564332542246802
75	17.394929687302447
76	17.026487806717885
77	19.916371333033958
78	13.493248189581932
79	16.841207150185376
80	15.614447280175725
81	14.966366083439391
82	15.30261453837097
83	15.25669685346255
84	14.392116647385922
85	14.619996386625724
86	16.358676863407215
87	17.183341544564772
88	19.2030049809285
89	15.992476320236708
90	14.143209250181187
91	15.084747485499998
92	17.14272420836624
93	6.704421878686367
94	19.617373783551542
95	10.19255845807061
96	11.30802938391658
97	14.983004752158905
98	15.042626561536823
99	9.157256415336647
100	8.030066480528335
101	10.140498261106965
102	13.726776352744405
103	13.657337457818784
104	15.619633834585246
105	12.38511480786361
106	15.47031664988711
107	15.32417423476884
108	16.6507340341016
109	14.575574851497333
110	17.715013727585724
111	20.022121432875473
112	16.253904224824332
113	13.249917013787169
114	7.09364698592537
115	15.209964858679212
116	19.154233517117415
117	18.633612631406187
118	20.093852142032407
119	21.058826897461184
120	15.207350458972671
121	21.616044541574297
122	18.1535600859667
123	15.240868499162978
124	19.51821390265649
125	20.338673558972445
126	20.420401614498566
127	19.46656009985281
128	13.450931445108367
129	18.133930536804723
130	22.274563476180802
131	20.263965553644177
132	21.814399887136812
133	18.709628363666248
134	15.053227442015473
135	19.05498162556885
136	19.906428954672098
137	21.45326272423537
138	21.697631310385447
139	24.435864821246305
140	19.3790331280359
141	20.78779138966737
142	25.082402964353133
143	26.60383394366301
144	20.797626062830773
145	17.340624671306255
146	24.390619197245886
147	19.71117015644366
148	23.43004463432895
149	24.86462199794705
