0	7.991948110040849
1	9.13611110214078
2	8.77965317368507
3	9.107339012671545
4	9.545255454369094
5	9.799335909764025
6	10.2407975237006
7	8.252872971884784
8	9.432885485760952
9	10.847144168515857
10	7.100984333561469
11	9.761044471879764
12	10.692719419900634
13	11.347113600704724
14	11.00840801185278
15	9.962146985960874
16	10.77295001513674
17	8.020638566674645
18	11.208442016295702
19	10.353676219754494
20	10.977782406150329
21	10.655175585113874
22	11.534772717301056
23	10.71819694246842
24	9.614427730095944
25	9.209574488667467
26	10.569448301799131
27	7.383057864715695
28	9.985012952435355
29	9.072752188197242
30	10.636148661405862
31	12.100584145825998
32	11.077894074039907
33	11.35305610077831
34	9.400815180437252
35	11.958780554564658
36	13.719021072455657
37	14.295436457203024
38	11.346581417728363
39	11.204355403531789
40	12.654826417769598
41	12.87165614611753
42	12.025831575533036
43	11.716922310928883
44	9.512807270866531
45	12.728549098272786
46	13.272159558592314
47	12.333924478647138
48	10.176153897173204
49	13.274548301036834
50	14.019130715281062
51	13.049004983141472
52	13.756618633439704
53	13.917048476952672
54	11.809426373600473
55	12.991577210235555
56	12.635848339405715
57	12.788164972901562
58	14.548394329249163
59	13.57388719425553
60	14.026988182814314
61	13.95213907205233
62	11.987090504471237
63	12.136870154862674
64	14.480517704938027
65	11.764891235763496
66	15.18956764600825
67	15.844438609396398
68	14.55704098084276
69	19.173356107540947
70	14.101545127247348
71	12.969806528988002
72	15.72157943347771
73	13.465207284856849
74	15.703545916456523
75	16.31149106538318
76	21.053353559536706
77	14.854748770941683
78	17.839677618464297
79	20.44311129453742
80	16.79367426735441
81	22.579527865044852
82	20.828216867191372
83	16.663899718188162
84	21.699431615691573
85	12.88407988311381
86	16.3317088574551
87	19.62586069111975
88	17.148782624704516
89	18.263523279412762
90	15.779666409354146
91	18.19913628333227
92	18.634359469787007
93	15.232701856561423
94	19.132364206702402
95	20.971755127009718
96	20.581346947205873
97	17.897974384594505
98	23.516139442458048
99	14.59014808567838
100	21.60290661376362
101	16.7449832074206
102	16.940633587771142
103	21.139576402904254
104	16.931938741388453
105	22.202302022354726
106	21.204018733118208
107	18.084217170844685
108	21.69607011729972
109	19.684588494180613
110	21.220582819460038
111	16.7449832074206
112	7.761080903469243
113	16.409285397656983
114	16.24769939166547
115	17.46804252161218
116	9.41671312020042
117	20.987983080781433
118	12.008269116401163
119	13.590900109217522
120	15.159288019082233
121	13.985521087823066
122	11.375399636793933
123	14.780956255623636
124	14.822841100086052
125	13.158292554296501
126	15.801585551756897
127	16.709316354616437
128	15.08334855047222
129	16.172263767839816
130	14.97167918625535
131	14.018731094471786
132	15.247204025753145
133	11.685202403039249
134	12.47674153159942
135	15.496041423601206
136	17.155016028607168
137	14.17013100669391
138	15.576875135794701
139	16.259081290141285
140	15.76227402248017
141	16.071728362665006
142	15.643807998787992
143	15.533039884865588
144	16.604588223647905
145	15.694933865614892
146	14.439602877940075
147	14.545994754020313
148	16.153839294791737
149	16.314298192569787
