0	1.3370630811427109
1	1.4317506115379135
2	2.1719962485638233
3	2.7227005237450674
4	3.4701020249970624
5	9.800099874189003
6	5.96137507324166
7	10.240827223863942
8	9.31308526141817
9	10.636119237850224
10	11.142783040607833
11	10.05561511698831
12	5.614013082950014
13	10.061579424064602
14	7.455571828029682
15	8.182160387733854
16	8.942104034817445
17	7.458865401085758
18	5.242655479405542
19	9.664386058553648
20	3.3830729938350004
21	7.6474071079552886
22	5.313194704846148
23	4.964148121440364
24	4.296621224893901
25	5.232384362739589
26	4.768815560133709
27	5.3249422810353115
28	5.336035706207355
29	5.684617872062523
30	6.345580340248239
31	5.428609004945061
32	4.026087950902399
33	7.536832576487285
34	6.623591740671128
35	6.994580374786205
36	7.5668890755359515
37	6.980150237529058
38	7.82966648215212
39	8.217291169718107
40	7.998364058533183
41	8.779364878412261
42	6.157964734844516
43	8.36690223004106
44	6.716583817922246
45	7.643951232880903
46	8.386411207137733
47	9.498308554206506
48	8.47877162494979
49	9.034849341467629
50	9.709128924526983
51	7.547587021579135
52	6.438798837901364
53	9.108185001141722
54	8.124336721749607
55	10.867054298062554
56	10.825347070038566
57	7.627214886770466
58	9.616580800959296
59	11.071264669616353
60	10.978554596755155
61	11.172857038487523
62	7.161557454872728
63	9.798346267481275
64	10.96011288785399
65	12.095559276249782
66	12.498683628061983
67	11.509395570468712
68	11.911311244508715
69	10.05447967558639
70	13.580667721028808
71	12.493195776269093
72	12.095444460923611
73	11.330508439758301
74	10.080943180550145
75	11.878698433267882
76	11.354880081041605
77	11.724685459753436
78	11.011143565702104
79	14.873234735895823
80	13.734507997746855
81	11.381417609064535
82	13.583785023167078
83	14.31460908780402
84	9.84762881609713
85	13.610866086138978
86	12.562880249333402
87	13.854555694582851
88	12.438239525525837
89	10.426618594662319
90	11.848379133412308
91	10.121500098043928
92	14.878517719264583
93	17.52155693939398
94	10.890372941754825
95	15.646736462060357
96	15.645199250941083
97	17.8447898396578
98	14.360147890346315
99	9.12631452666104
100	9.961178233195621
101	11.171269340841276
102	17.33789359882745
103	10.610818114986657
104	15.248344922020395
105	17.337062083435995
106	15.94929182178473
107	19.66119803171272
108	15.899072687139768
109	16.687651749420258
110	16.029640404405193
111	13.491395520508448
112	20.528688244464128
113	14.83522578610493
114	17.484805730414173
115	24.895267182405092
116	8.122223909174336
117	19.736823323463543
118	34.193351247608845
119	18.12336310592734
120	18.721808765717142
121	25.349936406548277
122	23.307405958852137
123	16.542434544821493
124	20.362031193413856
125	23.309902728333938
126	27.980816096300686
127	31.57120851960042
128	26.83145339340761
129	17.569623134469296
130	21.554836422203373
131	19.608193934698818
132	28.51387644334656
133	22.855012851309112
134	26.210147294751852
135	26.269045373540298
136	29.639504416722215
137	19.41949907046485
138	24.136331409587324
139	27.575005906884535
140	18.765656705535307
141	28.06136815021634
142	22.124423247433008
143	27.402702386002346
144	23.96871225915115
145	29.529246886332857
146	17.756855259032484
147	26.539976721505713
148	22.238775397277525
149	26.258684781261813
