0	10.700131425560373
1	13.528605575485729
2	9.815044267282202
3	12.9980066647748
4	14.085386597125552
5	11.917122125391735
6	10.787677446463055
7	10.434119638282311
8	11.075711918655834
9	10.677299928721641
10	11.791282210554153
11	11.381859909698239
12	9.103956564575865
13	12.114015012533836
14	11.407589720467692
15	14.766530212519754
16	15.298718781315484
17	14.09471451276667
18	15.78978144887705
19	11.347005967756854
20	15.387160775601414
21	15.434753802587629
22	15.684950417479447
23	13.147696883438579
24	16.04040779600453
25	13.324174957224507
26	16.21722476660745
27	13.54377670971948
28	13.486596432771147
29	14.44419377396443
30	20.560565042613778
31	15.827566240954573
32	19.45642553651222
33	23.434476391854602
34	18.398942202434583
35	18.68330804352042
36	19.864518693806776
37	12.114467073854039
38	11.937143398563359
39	12.291345751282641
40	11.076433625120453
41	11.912239617508055
42	13.794814509425764
43	12.909573512989645
44	13.35299490702509
45	13.529242203712858
46	15.121118514374034
47	16.35939993140737
48	17.28187057155478
49	21.26507500931604
50	17.774755548199835
51	16.005950982598126
52	13.529242203712858
53	15.497217016140361
54	16.335621966399156
55	15.475309612917613
56	14.535308896147285
57	16.880701266690625
58	16.948422925170515
59	18.351044748966473
60	14.586493684288143
61	11.759942539782635
62	9.274571105275209
63	13.515376041367624
64	11.937254644696875
65	7.1764796660629555
66	16.013255749098633
67	13.699407034739593
68	14.206967146685278
69	14.59090733011676
70	12.059146905853236
71	14.549914454623835
72	14.501233405669824
73	10.876821150981996
74	13.528859839632041
75	13.706633964455223
76	14.980192944106653
77	19.04934609966537
78	25.56592046430497
79	20.571978940060273
80	24.076792805101807
81	20.83000979667077
82	18.96929670530761
83	5.7462901003144236
84	24.49787125988217
85	17.42049540755129
86	16.35971189571847
87	21.48883036523161
88	17.28302804567353
89	18.14760561945587
90	17.938263370265155
91	16.097604330959395
92	14.46323575306842
93	14.98682037230707
94	17.192784639982687
95	11.430139297999075
96	19.50128023148766
97	20.07285126949873
98	20.782321991680423
99	15.321672621915523
100	14.038279554900436
101	14.944809522293882
102	18.01155249410948
103	15.247264477237314
104	18.81029417957945
105	13.045157016626662
106	21.89893353153184
107	22.10022913973143
108	17.528344036833804
109	17.18608594488308
110	13.202666406303983
111	11.566595758649369
112	1.7664422186199054
113	4.163889991104626
114	1.5878366991508002
115	8.427648194744547
116	21.17907674226252
117	9.278977901956102
118	6.186173838953105
119	6.20759954552737
120	12.86912499212685
121	12.923642553772687
122	12.747528409700903
123	5.924329129701624
124	13.14584856283303
125	2.91677584756669
126	2.209247010512903
127	12.811192816990975
128	1.1473710759385107
129	7.7808697231150985
130	7.2497873517717455
131	6.188977519514471
132	5.658492838503917
133	10.787876993139516
134	9.913058563774127
135	6.271664614268713
136	8.134917244155398
137	14.538890462254543
138	11.378163956537781
139	12.22886377660926
140	8.647662462115504
141	13.440172423700574
142	3.452569256769057
143	2.8243979832220374
144	8.311575509139077
145	5.658492838503917
146	6.466999984264752
147	5.382707343881795
148	7.7808697231150985
149	6.379930446771778
