0	17.27148955653891
1	13.7352610952945
2	15.227516690718092
3	15.697065216884127
4	16.397576570707887
5	12.998894815419808
6	16.86503708773755
7	14.668000281968366
8	11.021283713419272
9	11.707742711042547
10	14.185670054167819
11	13.93853699064058
12	14.579507996330726
13	17.245507729626752
14	17.73254569357694
15	17.332116816221
16	11.794714601665717
17	13.809609734490461
18	15.946438899047942
19	10.92312877854383
20	13.26268679827934
21	13.587077461945476
22	15.524798595734328
23	14.248059378808376
24	13.584484526362269
25	12.643730483397654
26	13.552168248366884
27	13.168989729664336
28	10.326631119378778
29	15.535646657468194
30	12.777339912917638
31	11.275866010090057
32	15.541937933109288
33	13.249913945314775
34	12.47653071714193
35	15.785887353111002
36	14.405339859009676
37	16.051449531594677
38	13.80657475731289
39	16.344391573296534
40	11.316587965603333
41	12.862550894487608
42	10.50823394288027
43	11.13759679045225
44	12.38542178585363
45	11.628749147402834
46	9.723087525480388
47	12.86342329280896
48	13.207105251805647
49	9.205019631401395
50	13.88256940768834
51	11.080683291785778
52	9.043514683745006
53	14.800326344406223
54	12.694749817307025
55	10.112364821355628
56	16.229643843479984
57	13.107260234092337
58	11.571115578844537
59	16.18043612499133
60	13.891803191400024
61	13.554194663657144
62	18.714818169502465
63	8.987701831697915
64	18.503089505059474
65	11.567532360370286
66	11.714253787812881
67	11.784749458184669
68	10.192941796594896
69	9.774193466696621
70	14.016405794955823
71	11.408039970168913
72	13.035797265379617
73	11.613996557878849
74	12.170753362157914
75	15.414304692649777
76	12.2192743422143
77	12.010909505292455
78	16.079900868286842
79	12.994286966634949
80	11.305470465919983
81	9.788281304912585
82	14.632513502955861
83	11.364699751343649
84	9.06549578751501
85	12.223104662165786
86	14.189739662462047
87	12.612552603523888
88	12.47997094104591
89	14.095502895485657
90	9.575674713641256
91	10.36533073843378
92	14.402130797784245
93	11.998419367727786
94	11.2378173779161
95	11.189146092481115
96	10.10088270495464
97	13.42090642245307
98	9.952089163405518
99	12.346281383032178
100	13.799846257949694
101	12.995917978101822
102	10.621649665269803
103	15.184396347110571
104	12.429187208481311
105	11.35784286425494
106	12.955647110366062
107	11.010260341263411
108	10.25590486761425
109	12.300107477847632
110	13.038654570653797
111	11.365985553014266
112	15.006454505948025
113	8.65452896246659
114	10.318393515380354
115	15.398529606911124
116	14.110439998840738
117	15.013362036368136
118	17.24434324125637
119	15.007547318246498
120	18.578976954443494
121	16.940472110136717
122	12.921298644508985
123	14.813002426325678
124	16.803579733072738
125	12.984852938363092
126	14.709270325693788
127	17.401442990949814
128	9.586588029737914
129	17.354622709719134
130	19.239639620480773
131	17.644095369642006
132	17.12270419897037
133	17.216812321735844
134	15.131115297142781
135	15.720483050319233
136	18.59052265239085
137	15.97100892428914
138	13.891803191400024
139	15.77724463537537
140	16.702960347182195
141	15.023880810242874
142	16.31268404207561
143	17.87280022571933
144	18.78000685383142
145	17.215835721093157
146	12.477041501017782
147	17.94707445680265
148	15.36101275800923
149	18.450277372586726
