0	23.19688976417291
1	22.238427413196998
2	23.92056497503364
3	18.693779565740982
4	11.322002989128784
5	23.257384673774226
6	21.85267650711202
7	22.54925476985424
8	19.08411981421695
9	21.87143803074117
10	19.741131307782055
11	21.798689688896136
12	22.570156569106945
13	20.4364641469449
14	40.380070677106644
15	2.193724997455103
16	39.655643072614545
17	31.612361257536527
18	1.8465785925622498
19	14.864311175517642
20	19.39878119245496
21	16.584392368537745
22	20.114444930026227
23	21.78612570597949
24	19.80404225822058
25	28.162890973394063
26	33.08752979529031
27	32.996706699446904
28	45.01790677903248
29	20.430379708368054
30	43.65420281275814
31	35.893363247578456
32	38.12937010497734
33	30.208045030974276
34	7.819789442002227
35	24.99964823136164
36	15.50950572126207
37	31.71672349873235
38	1.1433666127616946
39	4.30218604824805
40	7.110702832622042
41	16.631107614774486
42	13.043530342509474
43	14.13049154322779
44	8.86568844978883
45	17.6824635443263
46	11.678767391460624
47	13.390930319397938
48	17.290062573281638
49	14.48067895273228
50	12.375681663393316
51	7.828876376967156
52	1.4939713041965805
53	10.269968218855542
54	10.949780455230666
55	12.72645791343066
56	7.81255100191104
57	36.01199157153629
58	4.653766598157022
59	7.44655922879239
60	7.47583522756151
61	8.497713072492129
62	3.9505528340257396
63	37.99651125301882
64	1.1433701209045508
65	2.547196575626572
66	5.004146795286228
67	8.176566697477035
68	9.927160309200776
69	7.093184744224934
70	10.620309346795604
71	12.024216822052662
72	9.586289722574087
73	10.597170063253543
74	6.057772091758538
75	32.50413405317188
76	2.899255027504511
77	4.653264542097155
78	8.514357024039267
79	8.163569948998841
80	1.4941607887532928
81	7.110702832622042
82	4.66270861492062
83	7.102372745412922
84	3.949416673129399
85	8.178638563668294
86	12.344028647616508
87	34.69025541826358
88	1.4929694815368992
89	7.461064981838412
90	8.533245169686197
91	9.545760738419293
92	10.290580828616182
93	9.898084844043478
94	5.717815789554297
95	9.54462626311527
96	5.707469353205811
97	8.865607843174438
98	6.056298041639306
99	2.5476003190763885
100	7.812621094619208
101	6.759434583035365
102	8.886004994234977
103	7.444037254404815
104	3.9565323595725275
105	11.693163966330026
106	7.088538124615872
107	9.91820842919686
108	10.620800708404875
109	13.456717084769892
110	10.975591133444244
111	13.42051860372688
112	13.068872850857119
113	11.30707236355967
114	7.108554852445651
115	3.601138195743734
116	1.845313175494627
117	13.777925438227026
118	7.828241617836343
119	8.147314660618076
120	7.461064981838412
121	7.812691188727024
122	8.864800662716362
123	7.812831904258287
124	13.077588975753237
125	7.109691725729249
126	10.972739478523899
127	10.268451558516354
128	8.514743101584223
129	14.157757919018945
130	10.274234839667997
131	11.646080734445597
132	11.322319152984218
133	14.130758876005174
134	12.375565152004768
135	12.024328959172827
136	13.779353474644356
137	12.757568291492113
138	13.395203177574828
139	16.588656709387344
140	8.16305371043666
141	9.918390653836397
142	14.47999469304784
143	8.16393849969679
144	8.514511795647225
145	8.526577729980275
146	9.20283270946329
147	10.290104933443736
148	8.866495807804839
149	5.694964422078606
