0	10.56493676420731
1	11.547699432822949
2	10.543479859533821
3	11.20953935353864
4	10.718644292271334
5	11.205894349804181
6	10.738225961988395
7	11.25069326791781
8	10.76152971434587
9	10.832774984831085
10	11.319644433345765
11	11.12232543429268
12	9.06781713496905
13	10.517509588580108
14	10.72559393940746
15	12.163050406574712
16	12.435178550131964
17	11.206831348434621
18	12.823897570327917
19	11.69118934874393
20	12.3358705197567
21	11.72581716294542
22	10.609605676325515
23	12.51813217472596
24	12.306190781124233
25	12.804561854769153
26	12.561922280180974
27	10.006508981022852
28	12.666614741881363
29	12.716134582388873
30	12.86503111210282
31	11.468706597075455
32	13.620974602827387
33	12.053620424616655
34	11.683899764360968
35	11.736270205159707
36	12.278564948470791
37	13.228330995615176
38	12.112186175355482
39	11.502656799145116
40	10.830784050981999
41	11.644751615946113
42	10.480856349989008
43	13.274342174852558
44	11.870791411613029
45	9.255195573289141
46	13.177107217555374
47	13.077664716948584
48	13.686137734477443
49	13.83111304274803
50	7.944948155646615
51	14.497099933727268
52	13.304986416449282
53	10.414364243365755
54	12.947517602098609
55	8.247214118043765
56	11.677138185429998
57	10.916533295496446
58	11.207247932611812
59	11.141645889932288
60	10.914407780020898
61	11.067838972475847
62	11.458786631156059
63	12.047968194841454
64	11.99102285485758
65	11.104571319672557
66	12.225648966785027
67	11.060864692350828
68	12.758150686508538
69	11.209435352552747
70	12.88349058050707
71	12.886028163941583
72	13.36199474695884
73	12.889777055285267
74	12.501132091900914
75	10.804209499427563
76	13.113434620445824
77	11.950962010738033
78	14.658401684552995
79	13.862540669366178
80	14.18464822126151
81	14.816809469282079
82	13.387669661526411
83	13.681749207481854
84	12.029430808745035
85	13.664737929898454
86	14.169162419377349
87	13.385657549088076
88	13.483520545585309
89	13.835157672105945
90	14.47722807300879
91	9.796571968146528
92	13.53374010380754
93	13.850307001793265
94	12.972177729015602
95	11.461344728546798
96	13.66139319928724
97	14.0767310196981
98	13.466141103421545
99	14.838256802404063
100	14.344052778120385
101	14.848909734343021
102	11.444737812085625
103	11.536402585694974
104	10.105889577927407
105	11.303833651319001
106	10.462276956164224
107	11.739390068984687
108	10.832988058080609
109	10.22266930254452
110	10.130005026230664
111	10.782992753148541
112	12.581600444660213
113	12.434945271318233
114	1.150851287744589
115	7.947381536670388
116	7.831560488524454
117	6.870841968453854
118	9.21592731950404
119	8.555125175054942
120	7.315784907572011
121	7.661272230180219
122	6.543363524646278
123	9.005485161875212
124	8.468177680199743
125	8.072752396620128
126	8.749360262509386
127	6.798168369836246
128	10.033287944222206
129	9.538295376173002
130	7.01297382998797
131	8.878938094584262
132	7.637695502761148
133	7.338648517648207
134	7.0920257124731645
135	8.797378404401769
136	7.9315956956236215
137	9.175649799556462
138	8.846039487972236
139	9.686328371496437
140	9.07319514841128
141	10.20485069687647
142	8.224368057356099
143	10.246827034483662
144	8.061994187701753
145	8.680749890010844
146	9.914379790946917
147	8.049333530760132
148	7.255223430031029
149	9.82504360823011
