0	12.790065108462203
1	11.62319853914338
2	14.536871851861717
3	9.742363871837995
4	9.75036151672903
5	13.264917966423646
6	14.059489287081615
7	12.564417537572401
8	13.582889761661953
9	11.899547467781009
10	10.262739652400438
11	13.041983131597567
12	14.224668439360157
13	13.976579459347972
14	11.846238616702188
15	11.889232504135688
16	14.928297004428957
17	13.86062247226335
18	13.66050967476333
19	11.546978902915805
20	16.400425924796693
21	13.81858020526999
22	12.740635958452945
23	14.23240583532107
24	13.342915812537003
25	14.968749355740163
26	9.70492686988769
27	15.134264217457384
28	13.8963370079409
29	14.296271764931323
30	9.964787779308084
31	12.78401162732977
32	13.169161511231163
33	15.395447529092074
34	17.327149804027986
35	14.743316265094741
36	14.745585413032622
37	19.63235000487292
38	16.770038730717673
39	17.862819193718206
40	17.6830634175311
41	12.294910966777927
42	13.618784977763566
43	14.447174853716508
44	13.849846061583511
45	15.804592619853493
46	13.88470663564079
47	17.225208613342872
48	10.377179915194233
49	14.414954536197415
50	15.177756076400852
51	12.954209321760672
52	13.067072550925202
53	15.333636075415724
54	16.205005894328593
55	17.316237695764027
56	14.443286794619079
57	17.411542299240555
58	15.314163246416335
59	13.84160825892589
60	15.127766816593322
61	18.25527066702988
62	17.65458528125738
63	14.177741145112266
64	15.520713884656162
65	13.618614502148047
66	16.678650988708856
67	16.294680363639728
68	13.872609804421739
69	14.93541725583073
70	13.413674243868515
71	11.973785892030731
72	14.633141899585207
73	12.141473545836076
74	12.35623042830911
75	15.520907635488346
76	9.447615170859251
77	10.944955457539994
78	10.645190296898015
79	10.429097800087135
80	13.042733283178272
81	11.716313543065999
82	14.159843669664854
83	10.472050178747285
84	13.556777989820382
85	17.19861461997996
86	11.884828592927546
87	11.42375149134149
88	11.062120739247105
89	14.494386645078983
90	8.036574269247998
91	12.184119913805048
92	14.659122960136942
93	12.308174283675015
94	16.524207380904635
95	12.911569361572333
96	15.1357221818399
97	13.638945394053733
98	13.347651117919662
99	13.579543309323014
100	13.98571943168347
101	11.234633466005606
102	15.465835021310438
103	15.092666803055419
104	15.867017093623959
105	14.276853556907817
106	12.17493460657928
107	6.221635921506263
108	10.531522595184457
109	11.967267579624862
110	11.843464030239398
111	15.459093680092467
112	14.441203988347176
113	16.439860952020613
114	16.976097535691263
115	2.4352927693189783
116	15.145707143931798
117	16.19655783451523
118	8.456391540970541
119	8.370398729291027
120	10.76684396798535
121	8.349062344078853
122	5.789079164212687
123	7.912255855747899
124	9.253592162655822
125	10.761028689948542
126	10.73611612307418
127	11.846314471493864
128	8.741436562515174
129	12.661525518755179
130	12.142400887283486
131	10.565368680744765
132	9.680190515979282
133	11.480658458647998
134	10.30653373722454
135	10.57148401453671
136	11.051064666759242
137	7.701036951012435
138	11.458473816649944
139	13.510002461794008
140	15.42726905721597
141	14.069518092793508
142	10.687853309359053
143	9.625324248437556
144	9.382660870295565
145	11.07272724147289
146	13.868750767717621
147	13.294865481502438
148	6.170284881357559
149	13.098808337337056
