0	12.582753848940937
1	12.089917963078031
2	11.491750388607619
3	13.440156210970791
4	14.035270814313977
5	14.558966394357808
6	14.231706833904889
7	10.799140543276051
8	16.015363912970198
9	12.024522185622688
10	12.276968466125918
11	10.125586537749603
12	8.563100839911467
13	12.26557792811743
14	10.52759641276097
15	9.616751745013836
16	11.76307648009443
17	12.18065311783134
18	12.517777684591506
19	11.892167148839766
20	11.885886091606034
21	16.431997352243457
22	13.441674589869613
23	11.55126201384712
24	11.373197950463192
25	15.46039655056407
26	13.84114648693006
27	18.653708408570182
28	13.546532086037711
29	16.26718519727407
30	18.96687894738382
31	13.248385695530585
32	13.799997494596537
33	19.68859909582941
34	13.044772336325694
35	17.064816550883332
36	15.480077369159826
37	12.158486469032031
38	18.362365731951613
39	15.708918242387904
40	15.747125707991085
41	18.97651632821341
42	14.41028797470702
43	21.66546201821388
44	17.990887461277996
45	13.467894065913786
46	16.584268197234575
47	19.566746113064482
48	16.860482027583274
49	17.265031568891914
50	14.724355152579653
51	20.680499798995406
52	18.449019350809948
53	13.03582810394017
54	22.75059007875307
55	22.729725431245168
56	21.68112388867028
57	21.417437215589075
58	21.877411485407876
59	21.096667528334457
60	23.07445908000784
61	24.038596026188007
62	18.449372075443897
63	13.928658007751116
64	15.715470755271557
65	10.60549764404697
66	17.83762404866379
67	17.743238371063562
68	9.968284232471339
69	9.98969627446001
70	17.574235910507404
71	12.319785413194875
72	16.075793794427934
73	17.592635330547775
74	17.131711432772754
75	14.982991329773137
76	14.936767645319371
77	13.726128182658545
78	15.590389546779118
79	14.061888239140856
80	5.068563386039263
81	5.329004729403551
82	11.433768547466476
83	10.799441143404989
84	15.42237206577387
85	17.414570089589162
86	15.99736465029849
87	20.688747230826635
88	15.854034658073502
89	19.189194197648604
90	12.616001073852807
91	18.25197366005386
92	18.039038087275486
93	17.140544551950004
94	26.425945946935872
95	23.400063559525766
96	21.890287606647505
97	27.968139595752255
98	16.258839217379307
99	24.513619712079205
100	14.03500519344235
101	15.638279147227687
102	14.003587813245556
103	18.431196158926856
104	16.722488048720006
105	27.83096496389932
106	11.232913122454812
107	16.266411532595335
108	16.15307934763923
109	12.411158986631342
110	13.67361412653377
111	12.22069861988303
112	11.69715584114743
113	7.103965791609752
114	5.124843677128138
115	1.1144823146461256
116	15.805082086552687
117	12.65555376005849
118	9.460710646583301
119	12.677330970636513
120	11.205519081717028
121	11.430258724670605
122	12.978487801726487
123	11.421706148821437
124	11.309421596954252
125	9.481527223809323
126	12.913177789481955
127	10.802545913711258
128	11.85824163090558
129	10.407844547015175
130	10.869163217122471
131	10.473180460235303
132	9.773665994772717
133	10.795037627134418
134	12.989595103843314
135	10.272404990819341
136	13.035950339576658
137	14.573996161107996
138	11.989966494264028
139	13.572631001905764
140	13.66723765454814
141	13.83514031395307
142	10.539483853745667
143	11.088655359864081
144	9.598857623603605
145	11.025062479044255
146	11.868550408571593
147	12.0185838959572
148	11.822348406812486
149	10.143240527278921
