0	10.007610367082385
1	10.798405376998328
2	10.13279170378994
3	11.879914209864458
4	11.57795424283656
5	11.807169525583355
6	8.320600713385572
7	11.878552061361358
8	10.928182663484959
9	9.664755680044813
10	11.595465110115782
11	11.921400849947407
12	9.649991602963656
13	11.588047484563303
14	11.035845956292308
15	10.769510218878438
16	12.961525630152135
17	12.536839039192698
18	11.372354741629737
19	13.044351477290354
20	12.647044202735344
21	10.19780605956789
22	12.01815312220208
23	13.37701573809301
24	11.33986606427348
25	9.72386806252127
26	12.944644897281263
27	9.586451150995156
28	14.36770642504033
29	12.81312707815852
30	11.601895101526317
31	13.297823988154013
32	12.769040139050942
33	16.567080251956256
34	12.216927680718443
35	11.972085662450887
36	13.539950417220709
37	11.877346807452367
38	14.388137418406918
39	13.50278586002044
40	13.961279822990635
41	8.948695441357806
42	16.21200812503149
43	9.924457416700669
44	13.681080547640462
45	11.630311574413454
46	13.968192516647704
47	13.647865157969717
48	13.100950605608737
49	16.955167797368187
50	13.663739881949358
51	6.924788579839051
52	12.683943374965887
53	10.604278807298968
54	8.455827163706884
55	11.815798341546435
56	8.509320636724283
57	10.618163189199647
58	12.417627901044405
59	12.257252214270322
60	11.006304985785944
61	12.420719920008294
62	14.167938368165318
63	13.913649622461639
64	12.143228942353831
65	13.287704335589504
66	13.079295599590685
67	11.178993904732168
68	14.209813119471832
69	12.719130692652755
70	9.737331641798251
71	16.94892627822574
72	15.174544516015365
73	11.207002495574768
74	11.755112892138953
75	14.208991235908494
76	12.966914594571056
77	14.295218769267166
78	14.91501246418189
79	12.180775973542984
80	13.918068265828706
81	10.920192966382212
82	14.379820376110677
83	12.784299629857163
84	11.21110117349792
85	13.800704618538795
86	11.018622424451436
87	14.120355677625275
88	14.916022211150047
89	12.337755833702042
90	12.931868455555078
91	17.592780004955074
92	15.231359625375543
93	12.878572382924427
94	13.715522689267246
95	14.264295264666513
96	12.46131016889009
97	13.352000613771889
98	15.549943969764726
99	12.711922994701133
100	11.972542452639589
101	15.998976882945213
102	15.871863443845733
103	10.066473270676624
104	14.683680232044093
105	16.17900664063335
106	12.914259289326226
107	13.641840083726256
108	14.796877397750965
109	13.906959867600879
110	15.129130821090833
111	17.205104776703497
112	11.672135465428338
113	15.832679669880335
114	4.776149035264854
115	10.63564267030683
116	8.671791148867099
117	9.763466340083278
118	9.483510244857897
119	7.928242695398948
120	10.844961247355617
121	12.11027984828984
122	10.524596644883758
123	10.673400132454312
124	10.881711278103316
125	10.965018077072708
126	12.536631246658434
127	12.128419350084368
128	9.110240906619179
129	6.107225517135134
130	13.896937261352685
131	9.96619972587489
132	9.18862413092737
133	8.082028756367786
134	10.423997685818609
135	9.593613376690133
136	12.00173162117725
137	9.218355519644696
138	5.555389512495127
139	3.102273223904409
140	9.760324165590044
141	8.177168876746247
142	8.759881266726914
143	6.347172519238712
144	8.515234118139894
145	8.277736486071877
146	7.326213535103891
147	9.283616302481441
148	6.994478037076205
149	7.1792644356351385
