0	15.040802483666807
1	12.724510139058722
2	15.851055530470912
3	16.533469344325127
4	13.245550852235521
5	12.602666877192853
6	12.92642788723466
7	11.712552338982851
8	12.029011847688107
9	13.660324688106105
10	8.985871182073462
11	12.019691820243256
12	13.744140293489192
13	14.346041227057002
14	14.528325194687131
15	12.228942973391854
16	12.716825593799907
17	14.547696729634648
18	13.80809647283129
19	15.30730023041396
20	12.381524026417152
21	14.164648643212375
22	14.171412791770118
23	12.37597530529709
24	13.732252025507151
25	8.701365627307036
26	10.75294653014667
27	9.256891168106097
28	10.734016499630174
29	9.604431848689046
30	10.755103993638947
31	8.222552380593037
32	12.071923229941689
33	11.947759182761715
34	12.606328744973414
35	13.780381945739625
36	11.985971291964521
37	13.510192810048546
38	14.954653011164934
39	14.24269370273532
40	13.07453472263591
41	14.169813747766568
42	13.844278008857078
43	13.569285990991645
44	10.97061775697646
45	10.78706477711468
46	12.682262054473593
47	11.969822326684696
48	14.809251301903652
49	13.859071829920847
50	11.424463263772427
51	17.320817361120234
52	15.48311638111222
53	13.898691796721009
54	14.078687168573445
55	15.049529129565249
56	15.185087584722282
57	9.244059469336019
58	13.95716115714123
59	10.603230728734877
60	14.056998768726531
61	15.069057602565538
62	15.03107066510647
63	13.772561027092484
64	14.26416051785973
65	9.12777043039637
66	12.487618510101816
67	11.642724131791761
68	11.050845867630867
69	12.29771218102619
70	11.20658933455982
71	13.042364322003543
72	14.001505364722101
73	12.260345523305165
74	14.456680146287036
75	10.263894605147359
76	12.492405896467075
77	12.808661283397232
78	14.754244292059754
79	12.927138612378469
80	12.338970158959468
81	9.226054131945478
82	13.504134829355978
83	10.814792431826385
84	13.12639250676544
85	13.394766976978254
86	14.278519730509478
87	13.04447771838123
88	14.445375108204104
89	15.021061337510094
90	15.111922691034126
91	13.741767594739521
92	15.38104018490839
93	14.170769945153884
94	14.962851539589169
95	14.974555925708973
96	13.9497831521934
97	14.983371886044683
98	16.020524578255507
99	14.900813995865134
100	15.340395369989661
101	16.43378148553844
102	17.611024408083942
103	16.746062348489577
104	10.553442862878006
105	9.91871990592839
106	11.885875306205504
107	10.045098658163159
108	13.235205958807798
109	14.488004761265099
110	12.14643761069087
111	14.554714981176806
112	12.491208690937409
113	5.620714376832179
114	9.129925172586796
115	10.570583186408145
116	10.11378683285871
117	8.434627827884498
118	7.71554097643965
119	8.36925717263101
120	8.580652510816153
121	8.027871129792338
122	9.542597091637171
123	9.68482334766671
124	10.139770090285412
125	9.842092498924032
126	7.422554277457767
127	10.862396245785359
128	8.787497499347845
129	10.425299607868162
130	8.436528141954815
131	9.606249818805578
132	9.31871216277905
133	8.904371885890729
134	10.08204366028347
135	9.069247837635508
136	10.215091006970864
137	10.698987613649669
138	9.687666667637325
139	9.854773159500466
140	11.038663019249407
141	10.204186201670277
142	9.710106626573225
143	11.910453562453975
144	12.328808698326245
145	10.502623094890746
146	11.417132480683941
147	10.66027880695671
148	10.308364226066434
149	10.386781986815011
