0	14.229043568552376
1	13.546825342770013
2	19.335659800397558
3	16.760035492154543
4	16.56267137290412
5	17.18174039072101
6	11.387434085009815
7	12.12049132850434
8	14.390099175599461
9	11.810575084456252
10	16.87860620798908
11	13.613602426935639
12	16.69325419206363
13	14.342438903435564
14	14.64833780888104
15	14.040530918281766
16	15.040485369271527
17	15.372122488636046
18	11.807154659452449
19	14.075570563836841
20	15.418825112005717
21	14.57218127541779
22	14.54106591075834
23	15.077985656844767
24	12.158624786892535
25	16.938996795229414
26	17.270963225060807
27	16.40354323219962
28	19.41702398212722
29	15.143768402511812
30	22.28303944612043
31	16.144928470453845
32	14.220167612421223
33	14.80809117651496
34	17.915960407492452
35	15.191915671679013
36	11.811899105541622
37	13.538649039796486
38	15.378692872202443
39	17.108219618758863
40	14.290800347032892
41	18.320669035842997
42	12.851060330907808
43	16.853993694319367
44	15.11766837811344
45	7.465767404831517
46	14.11095216495957
47	12.235815571168386
48	13.655216432409272
49	8.845477355280988
50	13.773111151811417
51	11.571520253546055
52	12.8613384446995
53	12.124677997674079
54	15.770544020614642
55	11.318761002482177
56	15.652329382806982
57	9.60505720688231
58	15.959405593225304
59	11.575729751667597
60	15.427642730826996
61	11.350183038390075
62	16.48378557529555
63	15.083010579206178
64	13.995559352342985
65	13.001637202648487
66	13.469212889716342
67	15.650091371936588
68	16.129456352555845
69	15.547642983632711
70	15.147648705080854
71	18.57891541086666
72	3.416539289123219
73	14.938451061332408
74	12.466620134766393
75	8.363388739721001
76	11.849115152329107
77	13.881221224214725
78	12.61705947216675
79	14.233082606707553
80	12.041798633055704
81	12.04303800424192
82	7.536991319845628
83	8.382189212543759
84	11.46966250448641
85	9.743495185108491
86	10.663322333471534
87	12.241416918238423
88	13.004156541029078
89	11.092966416670812
90	14.106819814471441
91	10.811781034197532
92	14.35303148962759
93	11.001333369555809
94	15.49371154452086
95	13.192220213334249
96	15.500044307980989
97	11.810685270368966
98	17.219813920648743
99	12.267325166106422
100	14.795745225203232
101	15.625662749853484
102	12.154527502778537
103	16.653108684909594
104	16.180587238557127
105	12.733621684991258
106	16.414642962395614
107	17.33666007946126
108	16.99171082062173
109	15.720310733284974
110	11.20765136032534
111	17.938801660897273
112	9.060042401948532
113	32.68540912665569
114	14.14598603296791
115	8.946966678526154
116	10.399097068632228
117	6.886941266045001
118	10.20322927088046
119	9.17339730312487
120	11.11235061334327
121	10.984391303462413
122	12.76865427469348
123	8.81876556345175
124	9.285767816432008
125	11.809802200331545
126	12.277675642003603
127	12.739605928420293
128	13.876504143844608
129	12.038644336699495
130	11.935947506244977
131	15.150236737683107
132	11.118655586867336
133	12.505220154086444
134	12.924775476735357
135	14.38299735539288
136	14.118559002836772
137	14.569836553798195
138	11.586969526882989
139	16.87619016857074
140	13.422363146440842
141	14.108952224649927
142	14.123367583450232
143	12.495839591849249
144	13.192841132791125
145	15.952571478176333
146	12.042812949112685
147	14.357246203709462
148	11.314767805479908
149	14.383406228966056
