0	11.967472254557217
1	14.54391846951935
2	10.856621020800812
3	13.962598788222081
4	14.618022176122642
5	15.493430254342714
6	12.494282152102935
7	12.549661454065468
8	14.353902418751137
9	10.832054519363394
10	13.87668600385663
11	16.270763365493288
12	12.944874945163559
13	12.387404013196647
14	16.53873907200465
15	13.025240623372579
16	16.302904632465445
17	12.440915999936061
18	12.60045339953066
19	17.610433680922323
20	10.925282600513997
21	17.78916757022413
22	16.17519084924088
23	16.756378597336084
24	13.673213348864476
25	15.424981569582359
26	17.460620257904072
27	15.423344601610307
28	16.535863470940484
29	12.812820955991343
30	14.88477170008854
31	18.408151146441714
32	13.056427277568071
33	16.30803768109309
34	15.026667587015837
35	8.72541787099094
36	17.620842008553055
37	13.340911062690092
38	11.233123703963559
39	14.039598560525171
40	11.986768424373
41	13.789562484563064
42	12.245648312935675
43	15.455691768550126
44	11.84840279697571
45	16.407042269553198
46	14.434682806083249
47	11.003527013421339
48	14.776462320233309
49	12.829495100384902
50	15.928227467911865
51	13.510856983747018
52	13.112635794648337
53	14.531875554774844
54	16.25646766894398
55	13.682797976028327
56	14.570012677300141
57	16.042900377323193
58	18.745608435066902
59	14.206801233018334
60	18.06917296183435
61	14.675985616073545
62	17.398351724210734
63	13.786915377579042
64	17.97148041799062
65	18.075405625990143
66	15.85659285922827
67	15.778119990772455
68	14.88836213474957
69	16.887134888972366
70	13.876250652016966
71	18.220806876407746
72	14.126093357798425
73	16.325057806306365
74	15.926997146599211
75	14.520830644884086
76	15.144577734278828
77	17.57351354499053
78	11.338339640299946
79	13.513580449596086
80	18.285551884901853
81	15.53736817966757
82	16.6045023352234
83	16.831289799206328
84	15.141512346935937
85	15.950678983209853
86	18.111239804484867
87	16.829824563015418
88	12.716233744141562
89	16.21097131226418
90	15.309784696041184
91	13.396871584783455
92	15.879562113938
93	18.909098473647223
94	12.577251830825412
95	19.02840242426718
96	17.731456516011402
97	14.117681575598986
98	18.406187543247864
99	16.57054197407638
100	15.85581936227609
101	16.570381191596688
102	9.693122465495621
103	9.998993177054642
104	10.988250533053458
105	8.439332183384298
106	8.829974402054336
107	10.46645445935849
108	6.9714633159750115
109	9.90200768196696
110	8.88888341435364
111	6.972298132464216
112	8.550432470029653
113	7.084703444543169
114	4.483246777155622
115	3.6004394459645956
116	8.427434297563234
117	7.979761135134963
118	6.4230586449928495
119	6.520496892989124
120	9.55975887194948
121	10.353575040265627
122	7.861641570767
123	9.128836116041303
124	6.509415030875341
125	6.759071303479927
126	10.524691562701696
127	8.321190620501445
128	7.875463115130327
129	5.789559221911279
130	6.240817731666928
131	11.254704762419747
132	8.702572962172338
133	10.884515774251529
134	11.844501529516718
135	10.48573153783359
136	12.662453403468824
137	11.647968095411755
138	9.880361153129366
139	8.43909583706204
140	9.0046955606127
141	8.334340254731345
142	9.791646507359552
143	9.226240019706967
144	10.015246628407622
145	7.742768802141746
146	8.68083620170272
147	8.703224057761135
148	4.943286337147869
149	6.027721566801974
