0	13.470095040147713
1	19.45959611512481
2	22.280415772059506
3	19.039608113612424
4	19.473918659398265
5	15.532193442910513
6	12.103076660511466
7	25.058031771957452
8	22.51644231817702
9	15.884692291482267
10	13.94421557708868
11	16.193664539361013
12	19.15506838982747
13	23.701158701242406
14	19.77245275859137
15	13.808665145307812
16	11.421741466539272
17	14.235058562625962
18	20.936277938160025
19	18.385028052102456
20	25.25692350255612
21	20.5840774698649
22	16.371416598895195
23	22.3786940885183
24	30.513035261502992
25	19.471503433482347
26	22.382839785261936
27	19.807671425752233
28	21.407686636286172
29	23.02862139621618
30	23.48235243104846
31	23.056624133466492
32	27.883646113586565
33	17.102472312612655
34	13.267424119244934
35	14.622042463132809
36	24.776088620094498
37	16.43967560871163
38	20.31948285036664
39	21.367929607778535
40	20.34002897734681
41	19.452231960310158
42	13.181650472130235
43	13.139836889152257
44	18.212797924187605
45	15.496704063386536
46	14.717470942674739
47	22.868257650279233
48	12.384283181640653
49	17.055750633128966
50	11.160462480135509
51	20.241882234722368
52	12.495644937254994
53	14.620074064054407
54	14.11434416939917
55	16.976944685794933
56	17.679524525427716
57	11.841167294082922
58	13.71457661687025
59	14.13711538791102
60	13.264501283610064
61	17.725748404087135
62	17.38457544050449
63	20.387237474174526
64	10.744154106765262
65	14.62162129043366
66	19.420914787556235
67	11.505702622969453
68	14.99353047934553
69	14.94738515693095
70	16.27660967802121
71	14.680055855717853
72	17.727979221779755
73	18.111937664826293
74	15.609354977906367
75	20.516799399903498
76	13.459249696821006
77	16.07961735334124
78	12.403932806799643
79	4.240516953721581
80	7.753631742745509
81	5.604164688578528
82	6.750066599371299
83	9.965802038417753
84	15.436009290351786
85	13.929106534946511
86	7.727189989241355
87	10.062207871232806
88	22.870934232343146
89	6.091198525954782
90	9.66995557393594
91	11.906904842762495
92	7.542386550046508
93	5.2144572038301025
94	9.871060706828429
95	16.70296886440429
96	13.13293660570058
97	5.602197101987175
98	6.185211703386298
99	7.3477969612387595
100	12.004695731667187
101	16.667757602993227
102	14.163234369409007
103	15.266233478308342
104	11.814868412384316
105	16.361460100643832
106	9.773325015017793
107	7.950447919593862
108	7.1352275261406515
109	12.394218901156153
110	18.35625077347632
111	14.623167809463421
112	12.165375287742236
113	15.49491119853203
114	15.109006383462647
115	2.207151292452148
116	10.262550370626991
117	12.100768204670374
118	8.699908298630108
119	11.819036354678051
120	9.797993108899334
121	11.296087184437281
122	10.25546872935521
123	12.29756185057512
124	13.685002167020333
125	11.81329218033949
126	11.682337403668578
127	10.867545888163637
128	12.646797931890633
129	12.625285973600203
130	11.402224489897431
131	12.96002228718602
132	10.667068240667453
133	6.961155286027082
134	12.100998664730234
135	8.980047626226785
136	9.674510230261115
137	10.644732750458044
138	7.349019067272728
139	12.004123518873454
140	10.476660822826336
141	10.64775928942384
142	11.006524812322425
143	11.422936138615809
144	12.013401099429446
145	9.958753558903659
146	10.7435424500294
147	11.032534948973268
148	12.877660528698511
149	13.105152734693588
