0	14.253504796277177
1	18.481500566729704
2	12.184200741197504
3	14.411867270456018
4	17.2872874696763
5	4.101748325576452
6	10.352178015775664
7	13.80127916839157
8	14.450985078397704
9	12.724064887636034
10	12.453062945450633
11	16.545955102629023
12	15.910398759115004
13	15.344349396440451
14	15.07131416378888
15	17.33760391387426
16	11.240884421774037
17	17.804158152864805
18	12.124778845107043
19	11.386787925406445
20	16.309777795423194
21	10.37919977484733
22	16.655291772384007
23	12.73428400195266
24	14.650106049391113
25	15.745130169012189
26	16.880532992263714
27	15.292850007630566
28	16.026757019991596
29	16.509243816650972
30	15.623518801324657
31	15.41437568660076
32	14.216184493935438
33	14.450428548260685
34	16.550435728655135
35	15.815915227557186
36	14.442088007570787
37	14.052334409777131
38	15.827372782152484
39	19.296138202505933
40	16.632894204631626
41	15.501782059629363
42	14.086615380723968
43	20.734141549719126
44	18.00677828231095
45	13.7885636965462
46	11.960268874690446
47	19.330390625407066
48	14.37676091203216
49	10.668250579945537
50	13.647050369790373
51	9.159393262615367
52	14.447925231663522
53	15.411253801737354
54	15.395220968553462
55	16.743725423517542
56	14.54277195480556
57	13.065257023581648
58	14.492366033943245
59	15.501782059629363
60	16.363891354779604
61	13.965123381558953
62	15.447670332418419
63	8.789768521553675
64	9.112774519809106
65	13.51589646703989
66	16.998673884735332
67	20.256315189114503
68	12.382715956964098
69	17.3139869503268
70	5.812017845274914
71	12.834175074338768
72	12.393444114464298
73	3.7033573022783326
74	12.479897695580766
75	8.731431292516428
76	9.73378316029349
77	7.030864728431208
78	13.153107580770147
79	8.466096102011537
80	10.392755837354912
81	7.646096783839867
82	8.654417217571588
83	8.788614005498475
84	9.182742390366428
85	11.766608426045394
86	9.592833817372055
87	6.055848693392088
88	9.090122530259253
89	9.456785153441217
90	11.698001599444018
91	9.602975857495467
92	11.050342253616646
93	12.512258267863576
94	10.97441184812375
95	11.694322285041723
96	11.455701808494291
97	10.735064348326928
98	9.089441035301812
99	10.752839856059866
100	12.805352180444261
101	12.701016082578487
102	13.605881823355128
103	10.245903349089097
104	12.99404297405031
105	11.982611493922036
106	13.631076085507917
107	11.860245756764504
108	13.525112471203226
109	9.124016907255086
110	11.547656172416644
111	11.38418363294289
112	8.870377072729283
113	4.412025163023769
114	13.82781313510497
115	15.869994421922163
116	6.913962640666234
117	8.220686479220268
118	7.740333938284991
119	8.789686177080219
120	10.923132879516361
121	8.361313512543902
122	9.355955528781346
123	4.988568486266152
124	8.54415195115811
125	10.110586394294934
126	5.462656896935221
127	6.785284767351777
128	5.5537198027134975
129	7.317374901328206
130	4.67507153456214
131	7.013920560204418
132	6.4280930089707375
133	5.654226069512017
134	6.907803326765682
135	6.201783216146803
136	4.989057437572568
137	4.9081181120995065
138	5.810063476904166
139	5.624338796305812
140	4.1810819283732155
141	6.767991709694982
142	4.261425476944064
143	7.0549067762753825
144	6.8199738624230095
145	7.084736797894522
146	5.4748116273211265
147	7.001061004763878
148	6.359704775771263
149	5.070000332643289
