0	8.393183244739982
1	6.861845944112367
2	6.717202853399206
3	8.683497499357484
4	6.64419593116468
5	7.1673345895504115
6	8.230390404387608
7	6.788663764370655
8	7.5557360483766525
9	7.407981431542811
10	6.935796535131134
11	7.516868064335555
12	6.717570123507454
13	7.153860948643222
14	8.027806686228178
15	7.897249606638152
16	8.413750803761115
17	7.844682801380048
18	8.123187684193537
19	7.4989896510569585
20	5.8784361935080405
21	9.01183877567668
22	6.862535168406136
23	7.15366400950787
24	8.465278267856108
25	8.851117328676168
26	8.227572399908587
27	8.683578852009873
28	8.830557602787058
29	8.465278267856108
30	7.153794975158977
31	7.8091170253320366
32	8.757511851385706
33	9.121918319963646
34	7.532266796496578
35	8.614555973868988
36	8.90526892982637
37	8.770241790547882
38	9.631725790595596
39	8.538550125028372
40	10.031990137919333
41	11.05306298582821
42	9.266293052694238
43	10.397438833162905
44	11.672541566037276
45	11.187381909098375
46	10.009678208029472
47	9.376387789009803
48	11.526126244246045
49	12.3283429130257
50	13.857742803071044
51	11.813477313617472
52	11.896040484640658
53	11.817067064272125
54	13.7133078665181
55	12.892152561966682
56	15.007166560149296
57	15.166702548566832
58	12.838618893489633
59	14.782136349472395
60	14.537212565457839
61	13.056635358349068
62	14.186624397125698
63	16.22783009020159
64	13.639775111047888
65	15.460806417216482
66	14.26510778492933
67	17.200851328855677
68	18.960158136769248
69	16.534735960339166
70	16.283663303268796
71	15.57131357351085
72	18.828652580707267
73	20.490403948994484
74	20.345834753880336
75	21.399502003398233
76	20.6161379400697
77	19.908928308302574
78	20.616942419643586
79	20.927263823470664
80	20.162063833806066
81	24.730582193209738
82	20.909590051612735
83	24.696143459887704
84	25.189953705656453
85	25.439625292547795
86	25.77740633910337
87	24.206928086423094
88	16.22612420446947
89	16.884264020936154
90	17.939340054304136
91	23.83147626948444
92	16.73056133769831
93	18.93294233790008
94	22.388273747819557
95	22.25506348335305
96	19.536554878241102
97	20.36803756486276
98	21.846078995590393
99	21.794782467650368
100	18.32553282250363
101	18.982929740577557
102	6.880369463355591
103	30.252233778145968
104	15.901722670866297
105	17.110242928783368
106	14.072589131221513
107	15.934867452063079
108	14.333862421082479
109	14.512324323438834
110	14.908536860658957
111	16.898695075066048
112	19.44140538644865
113	10.898750759314511
114	13.390818386683272
115	11.510536663804585
116	13.506381272212243
117	12.84449948220376
118	9.704421589184017
119	8.86650282469854
120	12.728934792090213
121	12.614551503695145
122	14.69677304105707
123	16.621696745589496
124	14.76880022961173
125	17.513184760032264
126	15.054945026950659
127	16.04798964534409
128	13.935017942556598
129	11.309106759048705
130	13.494212580674697
131	12.94658025706433
132	15.503741901020648
133	12.731875056553593
134	14.004428452864495
135	15.61231169048822
136	14.987854379883535
137	15.263810236366243
138	13.763444564035055
139	14.476955724616671
140	12.729629235364236
141	14.83312081150407
142	15.460211693733067
143	13.751063664472758
144	14.621649783911657
145	14.66145322128992
146	16.193899252854806
147	15.723726533031277
148	17.981789461290198
149	10.883724899654023
