0	1.164323389848755
1	2.702679129521521
2	3.4808880729199965
3	3.4834650448929576
4	3.22021266594842
5	4.595373701531891
6	3.094523531267808
7	3.961587133044459
8	3.9853767220131924
9	5.495474075106095
10	5.9815172130233325
11	6.958325343066436
12	5.0089022752309
13	9.40065455488508
14	7.318022267586651
15	7.106992490832379
16	9.688734966729735
17	9.825712382154647
18	13.207988220415023
19	11.422354901429081
20	13.155950329530492
21	13.682587041747727
22	16.621181066742867
23	16.193628866015686
24	13.22299501128865
25	19.159331864196574
26	15.887864076084488
27	21.321774062206902
28	24.928076835526447
29	19.542060670622973
30	24.69700293869049
31	24.209562360574154
32	23.93035484398794
33	30.279590702867687
34	28.047431615042576
35	23.760433990633178
36	23.309838517180548
37	18.629173179715277
38	26.882962315843294
39	21.440857639152
40	25.86071767402834
41	21.064207603740275
42	21.819608315029143
43	14.245945979847148
44	23.91657949330587
45	19.942691797228786
46	19.960508930095894
47	18.38225539103817
48	21.01171218462716
49	12.4098016839455
50	15.66831176683552
51	15.42338550700144
52	14.492342432906407
53	12.672137604886961
54	13.986841052809414
55	15.185540365462739
56	14.720236033088845
57	14.79325680229097
58	18.90961937554275
59	13.16293024279615
60	16.15222214687102
61	17.28341783178104
62	14.394912972293415
63	17.088987138835265
64	15.34477562303305
65	7.835396166687962
66	13.478667539605667
67	12.918760448958503
68	12.506216259143956
69	10.293229709631778
70	13.841404217698301
71	9.766957575616678
72	13.131850438843493
73	10.613689831254256
74	10.931511817837793
75	6.950219250127329
76	8.496997425410212
77	8.58194374982671
78	10.662375900850764
79	9.05103877458592
80	9.59262329017672
81	11.545658323389434
82	12.16563990310752
83	8.323057579185884
84	11.03261700205718
85	8.778256094664458
86	10.57813048790817
87	12.947236623065915
88	8.95133420575374
89	12.616736410755271
90	9.229995278808964
91	11.901559780126822
92	13.45518375292654
93	8.752858643830947
94	9.80921246341298
95	11.728289030012709
96	10.417052513319181
97	11.185642707634655
98	9.100532001307208
99	13.534888796962244
100	8.406898486415319
101	11.190457385272445
102	12.542842281679825
103	8.883557509927847
104	9.932898965877518
105	6.2699917449002385
106	8.792999252861101
107	6.396270386099676
108	8.414638116600443
109	7.811050111220226
110	6.777377803059512
111	5.692187632621865
112	4.98789184545479
113	10.843203950402295
114	7.3808296237007
115	10.62576352023317
116	11.149937387637182
117	11.702776021833097
118	10.147079951951973
119	9.615818184996675
120	10.65584465413389
121	11.412836533650474
122	10.828937647933438
123	10.801951664043763
124	10.981758795763572
125	10.658574137083507
126	11.589137602998916
127	13.698132324713495
128	11.148450469433929
129	11.553458115126949
130	10.833369211252249
131	11.091570843021795
132	11.434602207825442
133	11.234550351103787
134	10.246679598955746
135	12.151408960471857
136	11.665087656244085
137	11.581581648450502
138	12.255404010350238
139	12.708417489678913
140	12.299247315379684
141	9.672265743309925
142	11.176263337062808
143	8.370486279251669
144	11.333676339707438
145	9.969349529542061
146	10.526241213464662
147	11.3316213113941
148	11.001576281510262
149	10.961576725738762
