0	4.181051416535906
1	3.093191290380916
2	3.7796443224933447
3	2.680926583034693
4	4.180779411958257
5	2.8254293722142707
6	4.5810991551352185
7	2.8260029278920396
8	4.316845629214347
9	2.4092785238191214
10	4.180915408805519
11	3.364554051692341
12	3.90951618031804
13	2.957291099159923
14	4.188000492235381
15	3.223857377829421
16	3.908890482189136
17	3.2291323706033586
18	3.772929049864767
19	2.9571170197062915
20	4.05224311628424
21	3.49490165378411
22	3.5010061852160277
23	3.500979037312333
24	3.3722204125908144
25	3.764636818618474
26	3.2289854087171785
27	3.9089531572352256
28	3.501087834790142
29	3.643262906541394
30	3.4949559093967237
31	3.6427754007407525
32	3.4954973742237763
33	3.6442670679652895
34	2.951778852182617
35	3.772749659812687
36	3.093329934921595
37	4.044590826692152
38	2.955942954529935
39	4.601378637967425
40	2.815687129335563
41	4.452626264672001
42	2.821178662666409
43	4.5989660032528885
44	2.815646627700654
45	4.191827980807281
46	3.2212525859145
47	3.093214367945659
48	4.461715224861611
49	3.087472993448055
50	4.588735651635072
51	3.228716328234511
52	4.453213544535693
53	3.364864037704287
54	4.589002295021242
55	3.501087834790142
56	4.5885836248921255
57	3.0931449644218287
58	5.279253761048427
59	2.409392232559618
60	5.948105264260004
61	2.6895683582025933
62	6.07221146326043
63	2.8213418654129976
64	6.219854378677377
65	2.957247495638775
66	6.3561962640277905
67	3.093191290380916
68	6.627944028193994
69	3.228618445746883
70	6.901327293766533
71	3.22881421855376
72	6.085281010955715
73	4.452442487687591
74	4.734144682129677
75	6.342794409317827
76	4.04462364269788
77	7.463197062895668
78	4.04609228754164
79	7.984636417080868
80	3.357857441341006
81	8.395617748893335
82	4.180881471887973
83	8.939382034479733
84	4.316491934022445
85	7.054004957369289
86	7.018416290171832
87	3.5011694892677445
88	11.250494275678234
89	3.6368248840305464
90	11.821812403390561
91	3.9083588938026934
92	9.192881851060818
93	7.324610748412416
94	7.562829044182633
95	10.163022708842396
96	7.669802951422156
97	10.33610289107313
98	7.306947644077638
99	11.932287344852533
100	7.3080570903945645
101	13.017450428613307
102	5.553933006021142
103	16.14495924360272
104	4.9849811281517695
105	15.63737623832697
106	6.837269124097309
107	14.298315555146093
108	8.24123134301891
109	9.619977865836475
110	15.87364720060773
111	9.098128896527498
112	15.425489177796653
113	16.85857937071808
114	18.095457785206523
115	43.30236126374347
116	28.83406082223529
117	26.459743130912322
118	37.63432730728092
119	39.455843470150704
120	35.587209234371144
121	25.672177498427807
122	46.771612017942076
123	41.8205243808365
124	28.16321967845194
125	45.5050383170691
126	38.87760637967043
127	35.31770791752973
128	44.83653385713655
129	31.089053380080355
130	34.02501400502696
131	58.448454052271245
132	41.557159014806786
133	41.84463651396569
134	37.984342416102564
135	55.49490356803101
136	56.537632056310784
137	50.217106174106185
138	43.76120906328611
139	26.276931831665543
140	48.798730282344344
141	48.89047494314164
142	47.26478456634156
143	40.08760186045933
144	48.03782875404681
145	50.33228802622263
146	46.05693450274372
147	31.389017122509326
148	54.10078428690805
149	21.262186286662423
