0	3.647780417084292
1	10.491975384751795
2	15.878555780892361
3	25.919822189368322
4	25.830454811837175
5	21.461346301469995
6	32.333867117419985
7	30.928165189164353
8	39.053175000849386
9	44.63333318373775
10	37.1652661308668
11	53.62746153874689
12	45.25963063143857
13	52.82681162181644
14	42.802560962755216
15	27.950849698217898
16	49.278457721718084
17	26.029164024934634
18	32.62138560323397
19	25.02445719787716
20	14.779631653675969
21	22.880212402959216
22	19.80215050488852
23	4.918948751779042
24	10.375637893794625
25	6.274124934639609
26	4.396297985674335
27	5.265459425927053
28	12.660061467740443
29	14.786594684400185
30	3.800299049988514
31	12.875993944214764
32	10.223541218481305
33	8.904498250092157
34	9.264127413815896
35	10.626855817794533
36	9.420167660946218
37	12.233196596790338
38	10.827325388090294
39	7.3429988355057025
40	9.955696307444564
41	11.563892793925456
42	11.69586870929417
43	11.998144854462414
44	11.672462336323342
45	12.228070195536766
46	11.129053697710987
47	8.85677645319675
48	12.196884770927209
49	11.134407057002528
50	10.453429397721742
51	11.331203395409565
52	11.83162184264447
53	14.242208976925662
54	11.867637388118007
55	10.956946530047555
56	13.907829162485761
57	13.974814465113576
58	12.90354276331434
59	13.798802001074028
60	13.879017239174958
61	10.000632478626814
62	13.805472135544413
63	13.675700588109814
64	15.18098728999395
65	17.123619249456656
66	14.884680058386895
67	14.83151198827954
68	17.469536629242192
69	13.50643460795498
70	12.698457154110253
71	12.957531591378673
72	13.95982623100243
73	14.643401566013274
74	10.359857956534166
75	15.463674227249143
76	10.506571033739295
77	16.256861237785152
78	14.108513891460795
79	15.444030810447053
80	11.269848793391953
81	15.892824481930514
82	16.877506933991217
83	9.955977192128762
84	15.046868214235115
85	16.788845762109563
86	15.984219732287379
87	12.501494932114365
88	15.717189190091709
89	10.357412122614296
90	6.28445844290262
91	18.958092586908872
92	9.28636558864389
93	11.725740541134979
94	8.349758972908957
95	13.270058181605432
96	8.501114287610408
97	15.25369883064654
98	12.000941488933044
99	10.826197529629532
100	1.1803504910910942
101	1.3820037826515346
102	3.2571927950510413
103	1.7852764643477377
104	13.216047320441819
105	3.124723578570512
106	9.8479594333533
107	7.8702550149156565
108	11.080163156615054
109	7.676775900698937
110	10.112358947568527
111	10.090618054455927
112	3.450480634176678
113	9.489917972136642
114	7.008021527331626
115	10.625649647678332
116	9.920662792340028
117	10.792490470733316
118	9.686935259545336
119	12.635711218742552
120	9.42052146378087
121	13.439575037355375
122	12.676363626137329
123	8.455236759385102
124	9.553694879666645
125	12.6353491684543
126	13.736348141072165
127	10.336140030207956
128	11.332613161802367
129	12.86153091319522
130	11.697203163873558
131	12.233895685260213
132	7.7635767997358
133	11.40187967310311
134	12.466965991927198
135	9.862898492494367
136	8.969882470391507
137	10.337697811273687
138	13.089617211797876
139	10.971700686519013
140	11.99745796841905
141	15.540715616251743
142	8.21430715950703
143	8.414563742817126
144	9.286540137656162
145	15.650501513504432
146	9.844614543217864
147	13.140087699244422
148	15.58291114367589
149	10.89328380387808
