0	9.412665497110591
1	8.320379869610901
2	9.318783828114553
3	9.578649053255463
4	9.711677679815535
5	10.783883447188298
6	9.839853605022533
7	9.07938737193109
8	7.855882772864341
9	10.592304290499522
10	10.271265932302066
11	10.1082722401772
12	11.179945624038885
13	10.651547053505242
14	8.936179446825891
15	10.860859356379242
16	10.103147487655097
17	9.596670834853454
18	10.455812556719073
19	10.566869536636164
20	10.29432673456228
21	11.048053229531627
22	11.404539342350724
23	11.589867587806905
24	8.811698057347993
25	11.399874673709238
26	12.047765580820453
27	10.738677097399412
28	11.256732291486337
29	11.3813639562207
30	11.92900976754666
31	10.1851528453228
32	10.8377496708847
33	10.815719092802585
34	11.98338117730775
35	11.92400428155596
36	12.011269438356448
37	10.097280865081586
38	11.836376465203132
39	12.813475909435637
40	12.945505022453334
41	12.044953495558618
42	11.27255699541856
43	12.264186768019469
44	12.538684792305238
45	12.623397683802443
46	12.430965995475253
47	8.812740157185877
48	11.314606693449937
49	15.590410252888947
50	13.745257970115134
51	11.010180051254517
52	14.123075813222501
53	11.029407325486764
54	12.917111905634453
55	13.342953580511168
56	11.990553250110233
57	13.731151592000424
58	11.331751288483549
59	13.084000081736006
60	15.028163073159526
61	16.676080489008317
62	17.233521393334666
63	14.919339517369712
64	13.631078025869305
65	15.400560028430803
66	17.846975263693512
67	18.70443899251326
68	12.41186899407433
69	16.29055156605354
70	18.438987874652742
71	14.404933803081883
72	16.60780105537777
73	21.474740004072608
74	20.99166286887178
75	11.235958046231795
76	19.68447679811919
77	22.269887255180112
78	16.668794418638715
79	21.514655852662067
80	22.686298087841227
81	20.79384767310903
82	20.842783901800797
83	22.05365026960799
84	20.807659536950073
85	24.774716773115834
86	24.99567385963553
87	21.681236517364702
88	27.60973300316713
89	27.113306591713027
90	23.167832802919904
91	24.22981210804749
92	25.19667940250464
93	30.48148934741798
94	21.18721150088719
95	34.52470104456391
96	29.30379538513472
97	31.30430170176753
98	25.62542433119885
99	28.589681222118102
100	26.56693843823506
101	21.54400918783395
102	20.56303172845133
103	15.600344204114531
104	28.30065685140874
105	20.123552781251018
106	19.39247661181344
107	14.703235956551378
108	20.628270449227564
109	17.51682277453082
110	20.156696402853033
111	19.346300602271793
112	16.479996966151145
113	4.518013992831679
114	7.8271181774698135
115	10.934115918816502
116	13.696913124920577
117	10.140864877128745
118	15.424043521756948
119	14.153863867531394
120	16.58585750319025
121	12.2957986106548
122	14.09576396696738
123	14.365561979119626
124	11.930122525282465
125	14.487350059682441
126	10.53942275148451
127	11.349947263596016
128	9.95175395554582
129	11.027361004228442
130	8.341240816928932
131	10.748537520831219
132	6.394421035062021
133	8.517886396594172
134	9.375483769232574
135	6.9568952867623866
136	9.82854866022952
137	8.932920372112024
138	9.145718482391
139	9.241368259134495
140	8.337943776422016
141	9.85185989104226
142	10.75608927208687
143	7.846201761989116
144	9.357849612979793
145	8.658410785206641
146	10.710853102819746
147	8.084274630357141
148	11.147718143736277
149	7.72109110283412
