0	17.831459894580636
1	18.02993143317218
2	16.778399483447128
3	16.72944552539476
4	18.26582517779158
5	21.326270160629665
6	17.49992967013669
7	17.45760394746403
8	21.857107455020206
9	18.328265579968168
10	17.836456284863292
11	20.471200454025965
12	17.11716223005395
13	16.702400581879306
14	20.493267195115845
15	17.19011950733287
16	20.376897421635356
17	19.24423091691899
18	12.880733400768847
19	20.557069591535125
20	16.014492753547195
21	14.446167640781237
22	14.75098857782659
23	12.657586044786193
24	18.26016034133788
25	16.931694393624515
26	15.693993075735634
27	13.918509968801088
28	18.231764665382173
29	13.799161784609554
30	13.835823581704428
31	15.86090262267558
32	11.212213857647512
33	15.173122606361241
34	11.441259633090421
35	16.04812496409628
36	1.4043961708322301
37	2.1660965587777063
38	3.8370162643278336
39	6.147459671700678
40	10.177192735640787
41	9.916683348492086
42	10.733849979881795
43	9.617220027986379
44	11.54876583038094
45	11.394573349658014
46	11.577515017018552
47	10.909522934115834
48	9.258855693358818
49	12.342232173616326
50	12.15613851999192
51	7.10460666393752
52	13.177852215999376
53	12.8200972110416
54	12.843750986973546
55	12.500105087069528
56	12.806168136730344
57	12.919899217549862
58	10.65799095381732
59	13.193288236572858
60	12.61493346529215
61	14.94957273637029
62	11.669899593852799
63	14.2860676185973
64	11.735410653878523
65	13.642466802223346
66	16.27711309218358
67	10.965750390543116
68	13.952626504486771
69	15.132071645047185
70	12.411943543797937
71	14.564417586047133
72	11.780533802595428
73	11.193817649221284
74	14.93999145010521
75	15.095177408044574
76	12.770896254968745
77	14.779640498853247
78	15.748330652377044
79	16.19989740684294
80	13.33561292198998
81	14.180029328323343
82	15.64293944244746
83	16.113050686215747
84	13.571745252726332
85	14.94279320117822
86	8.322028321146144
87	13.226253140942207
88	16.095030739928806
89	15.58580525453835
90	11.288593717407357
91	11.927458174373193
92	14.02742021329531
93	12.125735013652669
94	12.310782511404373
95	11.090219731615926
96	14.140247058946871
97	10.361341634862864
98	14.698830959471712
99	14.905402740637705
100	11.042655155137906
101	16.657214481828216
102	11.441693656788805
103	17.77268621967612
104	15.396820166853937
105	15.590312447158393
106	17.305558354114922
107	11.9791836927311
108	15.132362536278782
109	14.329129884528578
110	16.81365869112971
111	12.961583431130196
112	14.332995188497707
113	13.523076182126124
114	18.752265471864533
115	14.408240654374008
116	15.16760106243132
117	13.530851795679514
118	13.607388568361994
119	13.030327983475104
120	8.4742276820443
121	12.38788925799715
122	14.25444084532738
123	13.495289579524501
124	15.248285462874067
125	14.027893551732078
126	14.674854666999218
127	16.625432293258054
128	12.153705466621886
129	11.396414259700663
130	14.448805688449433
131	12.809464337783877
132	13.45289970597713
133	18.720910025369687
134	14.331200092748531
135	16.080488276429648
136	14.141333473126313
137	9.359137900950042
138	10.218818063609593
139	10.3330096255719
140	8.208557027906949
141	6.499362758140732
142	6.071966495565713
143	4.975198950593755
144	7.886404084218882
145	6.81834779877722
146	7.123574899346142
147	7.123574899346142
148	11.115756544244219
149	7.723612888531412
