0	16.55877050201729
1	17.385828982284533
2	20.441490683627084
3	17.27809932572439
4	16.282574621640798
5	17.077130280706026
6	15.258430139515477
7	19.149372862200746
8	15.756081416609927
9	20.463609941407054
10	10.827718860945893
11	21.768536967459394
12	14.769467158463696
13	15.20997673607169
14	14.249109389237477
15	13.651636336383932
16	12.659808725644181
17	12.912287831946989
18	10.869337205377168
19	18.060319065693456
20	17.333784687422895
21	17.315678725978913
22	14.217011185720422
23	17.584940953858705
24	17.848857963894247
25	18.13120338485492
26	9.01466091354251
27	17.587809952821317
28	16.82134646531312
29	18.88110555489168
30	19.39508347869012
31	19.678689463451185
32	11.906385617525746
33	15.207518813286137
34	19.73523228032565
35	9.768884296330368
36	15.254210547157244
37	15.503739713152147
38	22.264144300634143
39	9.539158655089924
40	18.123879950207577
41	19.135183111753193
42	18.11830413618292
43	14.465913202379207
44	17.85125777045622
45	13.740612071864073
46	12.609331695546661
47	13.440876402419972
48	18.366133458179966
49	14.466187757703034
50	18.380798899402592
51	18.625978554081314
52	9.54083671362673
53	18.100728989760952
54	20.18788776088193
55	12.40070720258649
56	19.467631073468308
57	19.92682095586562
58	16.49338989400511
59	18.618815174420043
60	23.8323022336995
61	5.1265118773715015
62	12.392174513700612
63	19.985227901325214
64	26.58567315142629
65	5.902621234540237
66	18.62902495957193
67	20.457482159342373
68	8.782862580994387
69	10.80592909396759
70	13.692790119205414
71	11.877715641068788
72	14.729544354405572
73	11.091222485893582
74	17.079914899019286
75	12.177027916774453
76	18.572929158564907
77	11.88017385581547
78	18.628129086024668
79	11.614157196495212
80	16.021481973386525
81	9.280557554850018
82	22.278379466914725
83	3.82560288632059
84	6.67828741887415
85	41.133239314936816
86	36.57001934519689
87	8.237568986494201
88	13.182286517888748
89	17.8897462729896
90	8.21767808814999
91	12.139629230181468
92	10.828931659142386
93	19.149556985065633
94	8.501231694470484
95	23.57729305204275
96	8.003625902348148
97	9.763740095487956
98	52.94672519837893
99	25.14628818525651
100	10.303432977256357
101	11.893936675705136
102	5.383382361055577
103	13.695647136665821
104	6.418118290449893
105	8.761058855161597
106	12.654073230468267
107	4.606784481209099
108	16.59771734513472
109	3.554941693391688
110	5.128015514594763
111	6.17987188442974
112	14.726741814756918
113	2.260960319673453
114	9.040724798945032
115	50.6737624382978
116	4.356886210115651
117	18.811437445810295
118	11.39188922379597
119	10.298358574576934
120	15.296081962850048
121	11.306930848097569
122	12.413822229597203
123	12.6575377299036
124	15.237355542861405
125	13.191654975286545
126	12.644764116702039
127	14.48463775160546
128	12.386104370825505
129	13.712293696022261
130	13.721153700096123
131	14.168677925782582
132	13.694868177251646
133	13.699544304209294
134	16.801217751808426
135	13.692141104247613
136	19.41545903366531
137	12.901317547038456
138	15.5816294701125
139	8.988511898031536
140	18.881468276630297
141	10.058683161285686
142	16.551003561989095
143	14.48491408210264
144	16.28101846429153
145	16.800574300410812
146	14.477334935798758
147	12.408900647932843
148	14.733470211030424
149	16.803790873402885
