0	4.186928970145707
1	10.2320221033455
2	11.471759888774777
3	11.585003162080017
4	8.080549203800551
5	11.042684807279272
6	12.69050642917264
7	14.391626522098882
8	17.512616709554464
9	11.574667011486685
10	11.044653450805054
11	16.39444009361022
12	11.788421023539854
13	15.27622421151776
14	15.99323146132189
15	14.945976988330436
16	7.965529620962681
17	24.427665043331118
18	14.214459283780183
19	19.73620247358052
20	16.926974240130008
21	12.953850137976062
22	15.200145088753061
23	14.586121611176871
24	19.28706816357777
25	15.047328293901032
26	18.980778197876333
27	13.52622329055945
28	13.59110282388157
29	25.562425575123367
30	14.99725833052641
31	19.07132071280353
32	15.418445159857594
33	16.579363360153543
34	16.208899585975924
35	9.648201842490728
36	15.530200703045349
37	12.814810402576448
38	16.654503238159286
39	13.635010138788676
40	16.201298623639957
41	17.79933772805884
42	11.83671643457679
43	13.01017738823112
44	14.797839002156465
45	17.624538509984696
46	11.868600587614612
47	17.182502382365126
48	18.47308852137999
49	14.269103613200443
50	17.452736100320287
51	14.364216766100704
52	13.65564636832837
53	11.03223189770452
54	12.05929346771726
55	14.414197030266262
56	9.009263108979628
57	13.837054595589887
58	11.770227296206208
59	12.125640239909725
60	14.204971370671831
61	13.43820614207424
62	14.537930599547515
63	11.038853117988278
64	12.243706448063634
65	17.3593014100856
66	12.721889290137984
67	12.68187763029034
68	12.879523613824627
69	7.339776493705119
70	14.951264906092788
71	13.235500431000105
72	3.834062170121805
73	16.011426279192708
74	12.329385117221424
75	7.35089916008341
76	13.95389904648534
77	7.24911572747441
78	13.714701885277616
79	8.471351137161367
80	13.032510808367846
81	11.999221487611784
82	10.909950451237599
83	11.436639970597057
84	10.268087340863744
85	14.469707786186326
86	6.237267999098799
87	12.14645776073776
88	14.165404706527962
89	9.663633438864046
90	17.322920549821532
91	9.807303527187628
92	8.634087421556988
93	5.873951473182683
94	16.19587375676914
95	16.39962433931283
96	3.918984862067335
97	11.978377370678437
98	7.620268760619295
99	14.541390982721566
100	9.907766376568482
101	11.590668759919684
102	11.968096782414129
103	6.334251413930602
104	7.785924271699796
105	9.212142888862125
106	9.717003752104823
107	9.953525104556757
108	9.35994475548662
109	11.237168770092637
110	6.9674263553827185
111	8.449017892890879
112	9.819135826816606
113	5.041730765901501
114	7.155303780230019
115	2.439408641811314
116	1.2452027474144036
117	12.948710681714324
118	6.801777153721707
119	7.051865067151385
120	9.481856648135775
121	10.642550219551257
122	9.579753017424252
123	6.961596519818368
124	6.503195589594983
125	8.63885698200503
126	9.184202046555686
127	8.72373556907522
128	6.339798467016181
129	7.417678699676803
130	8.449250875861111
131	7.063188906439974
132	6.888298331332849
133	5.4863237416803345
134	15.032766401935504
135	15.018380821591073
136	0.7818147544067477
137	1.15161759495486
138	1.3362786347546547
139	1.2450690532191309
140	1.5201403611158437
141	5.211658086383384
142	5.1323731650563325
143	4.291420731644405
144	3.8247706124833494
145	1.7973258959531027
146	1.244562670045375
147	2.8162395296344185
148	4.652454399114411
149	4.016674286988557
