0	11.968094100592216
1	13.999028638175101
2	13.274540440132915
3	14.910438667185952
4	14.434722152999745
5	11.49400377075081
6	13.153611949635971
7	13.215687105079533
8	12.997257914482784
9	12.995907045920843
10	15.063084659605572
11	15.566207496052375
12	16.31491664028259
13	10.930997811673393
14	13.122032904942362
15	15.064375570660317
16	14.812421667761146
17	12.159366538480366
18	11.924833682119091
19	12.427215681214753
20	10.968937380387883
21	11.369158646357299
22	12.120245849846091
23	12.349968842979132
24	12.397760038473464
25	14.110236885227469
26	14.881848096039489
27	14.564255432914237
28	14.248480988633347
29	13.742764650288555
30	16.743391200147265
31	13.463045518872358
32	16.566376712088477
33	14.18719966085025
34	13.686119949091665
35	15.752322262324583
36	15.126435393623508
37	13.560978218382276
38	16.504061828108252
39	13.722134391427224
40	15.766207543054714
41	13.692475608792153
42	16.879210092623165
43	16.063332431336615
44	16.94589556911051
45	19.699455457497997
46	17.630600705102985
47	16.44174327497998
48	18.81074710740644
49	15.063801684987487
50	17.147189516538866
51	14.938676217007123
52	17.050845078063695
53	15.64834128689074
54	18.007932463009446
55	17.818659376651354
56	16.988362491452186
57	15.896209080827814
58	16.30026945365317
59	19.761519932181134
60	18.187802338987915
61	19.83199008456778
62	20.269904985152255
63	21.82427724335265
64	15.149246366225103
65	20.3796859301731
66	18.75973213212203
67	17.02129818734235
68	17.05264612035008
69	18.636896465952173
70	17.20175299662508
71	19.63473917002324
72	23.20065038438967
73	16.508797542410846
74	22.70794286337087
75	19.814602229381933
76	18.807589278872797
77	22.224042195343987
78	24.65473042855953
79	22.015956359541285
80	17.62408639280391
81	13.088270133239003
82	20.498162585540637
83	14.278844669477014
84	17.3186151958843
85	15.22998598712227
86	13.025439117856422
87	11.61905651695229
88	18.258120825424637
89	16.935516024723082
90	18.893181454595602
91	16.045450568838636
92	18.771822962362346
93	17.86047780822117
94	19.90338435449651
95	19.82434641813432
96	23.9511409199369
97	22.398449681621848
98	19.45982484145697
99	24.269544460311586
100	20.13810282727542
101	18.75883031678967
102	18.884639256694946
103	22.955426986375876
104	18.883004576669606
105	14.625922067851345
106	14.625922067851345
107	15.188924654543037
108	17.88214723735604
109	14.344758685625543
110	18.893843979294875
111	18.50542335470389
112	18.397764098198486
113	17.044133716338724
114	16.341930785404294
115	6.982488026330061
116	4.479268638958703
117	13.213899872907641
118	7.17266440568365
119	9.467970983465182
120	11.744105071875246
121	4.237489709318725
122	7.467648494950771
123	8.863064530021248
124	7.673649853951224
125	11.055244332282038
126	6.357378111507444
127	8.986596457817033
128	6.483790416268692
129	8.257529088007018
130	7.466975697265849
131	8.737075613213134
132	7.485867415312065
133	6.1065890588227445
134	9.263212960148257
135	6.154491877848894
136	7.0440943462561
137	5.870912918311482
138	8.21933086604737
139	9.38510229493171
140	9.969661076057184
141	7.125781814395198
142	9.09099937597765
143	9.73975636206399
144	8.738037840575517
145	9.828892939594873
146	7.402910201837801
147	8.236727443661021
148	8.232220556477412
149	11.029930240395961
