0	0.9379568702727147
1	1.2416520438508225
2	4.298590522073488
3	29.037172443704332
4	0.9385701129344177
5	3.6875844224597283
6	3.680542438475651
7	5.5205291560302125
8	4.298443832170987
9	6.4373254079369255
10	6.756639397693167
11	8.252846004597991
12	1.85424878312661
13	2.469560093396064
14	6.724702670903216
15	6.147787513860409
16	3.3813024433812684
17	5.521458058234942
18	5.2046741796664
19	4.613200868840712
20	6.742797954254724
21	7.049932715360006
22	2.464564569456382
23	4.900310063180607
24	5.215191187443533
25	4.909315369574679
26	3.6955189855004638
27	6.435236177890426
28	7.64347323099808
29	6.43662868665059
30	7.984182560370481
31	9.164260985023834
32	10.738140408414116
33	7.338434326530753
34	9.492483375250627
35	9.491951986340432
36	12.85353006552724
37	15.29809135755212
38	13.18681005813226
39	17.70229206841684
40	11.936589965803742
41	20.238293569198184
42	14.649583866533831
43	20.183988537838886
44	17.742408607045252
45	12.574748853589007
46	25.970694460635315
47	11.004044572690633
48	20.79760383181282
49	23.241896676809127
50	15.32998800262171
51	24.166272727871387
52	17.391950979191606
53	11.049393808705757
54	11.9310540843455
55	10.712778516244908
56	23.699262176979357
57	1.5472511447575137
58	4.920894366295405
59	9.46924186433842
60	8.881099087693093
61	9.818957094505185
62	12.520889140844881
63	10.408968059694224
64	9.185929874939006
65	12.26934533990212
66	11.911437704041127
67	11.043442152633885
68	12.520177733487824
69	13.46485342043227
70	14.105710587942832
71	14.684764027018383
72	15.604230069365208
73	8.270526738677015
74	19.882918910758736
75	14.989967085392285
76	23.11960999927751
77	1.5512885396348168
78	3.6889600847737505
79	8.554431588632202
80	12.849742282018735
81	17.124073215177248
82	8.274882971878345
83	11.630955775326342
84	28.08592295910317
85	0.9371785105127005
86	2.163285423797885
87	6.423368017258651
88	11.937042268701218
89	11.63161548331242
90	11.631395845033847
91	12.57355126671794
92	16.790079056102364
93	7.65903816515979
94	13.187061311078093
95	11.631175396029978
96	12.216166038711597
97	10.713383806072168
98	12.548592269805395
99	14.68687171932206
100	12.241766624659668
101	12.879740072003187
102	14.656298421088604
103	14.074588603106191
104	12.853652085574831
105	12.241649856895165
106	15.29721174690402
107	12.853774108058987
108	14.075260634357067
109	13.463698488084837
110	15.29721174690402
111	12.547519768220761
112	2.470315473093131
113	14.64874538984537
114	17.131659994640135
115	11.630845968263424
116	19.615513913336628
117	12.559088640009785
118	20.73387895201288
119	19.61456287521806
120	22.03366152569122
121	15.865904564554805
122	22.06690868565981
123	21.35975861233306
124	22.630162931466646
125	24.52209806692572
126	25.375455833556323
127	24.104518110287348
128	27.81842126091638
129	18.662093213882592
130	26.34509160977632
131	25.02535302034419
132	17.474935203178482
133	27.193154133538496
134	23.815412032494848
135	19.938722718195034
136	26.210293747185485
137	24.77875527518588
138	28.435463786752745
139	27.822227007663336
140	19.56485496361248
141	18.408598213787492
142	22.015687444899083
143	24.463327520706095
144	29.889386404313715
145	37.397321970381995
146	25.311302165177235
147	30.575973299126247
148	33.62915046690331
149	27.206431654903326
