0	18.095141794894392
1	16.145932658783988
2	13.411450658726892
3	21.232043624749455
4	10.659426987085705
5	5.430266075703378
6	7.8821653948311745
7	13.943892841680327
8	10.572844044346828
9	10.844449043061903
10	14.40120238533911
11	9.225800827280397
12	12.574674866948211
13	14.06584949696097
14	16.00435073638655
15	16.10954001104225
16	15.607923123722959
17	17.19482287221084
18	14.49492869305342
19	20.71482797141212
20	5.279077676885524
21	11.443888000904247
22	16.581707093233135
23	15.402415844535255
24	17.74465347055824
25	12.226675820281725
26	15.810338364118353
27	2.3245605398362144
28	18.161562992736613
29	15.140244477459817
30	20.61855983363156
31	8.7987903931672
32	2.684198609936481
33	10.120701558308618
34	3.9275975761329924
35	8.278266060724572
36	4.343295868942259
37	4.960755700117628
38	7.284098492088402
39	10.795081310122413
40	8.26058760077472
41	4.853036186027684
42	8.362242688451923
43	9.635273022834776
44	12.501685631444744
45	5.672972001997179
46	9.577116728386304
47	11.75813194785639
48	8.537392979284618
49	8.835125077574341
50	19.161167142071744
51	10.060686728088836
52	4.596315181572668
53	4.654002197100424
54	2.9990214395484847
55	8.998141749814161
56	3.817706836339095
57	3.095991811465586
58	5.703028512364527
59	15.694115699014592
60	18.205637599563982
61	10.828475729084245
62	5.0668286071688815
63	5.208685084994758
64	4.717708484766674
65	4.442182666561194
66	4.135269770798871
67	4.134510189318123
68	4.128842415749036
69	5.898729753852559
70	4.96151104137634
71	7.956494320257916
72	5.149802334341023
73	4.147938255465186
74	6.923496294988182
75	6.355406086823835
76	8.111824189191948
77	4.185684895164994
78	6.037391232570346
79	9.057365879322926
80	5.930189169099207
81	5.27022438099362
82	8.798624747777257
83	9.71167179914894
84	7.94409433583979
85	6.31314239548285
86	4.444693857429236
87	2.6275716140321075
88	4.564430504165748
89	8.937674340410753
90	13.663344760319278
91	4.452325455845443
92	5.063872629048819
93	5.003436212802347
94	5.176668920843773
95	4.91007243925897
96	7.2687784926739845
97	9.215050074947916
98	8.254713052008222
99	8.883934511094187
100	11.695517567577902
101	6.498099599070734
102	6.826378185750856
103	9.728339774948264
104	9.94745743274532
105	5.6796671286883775
106	9.16684080922617
107	11.159001450119725
108	10.951458715123952
109	8.20160641474644
110	10.84816613911595
111	9.15800609337993
112	11.780614208862282
113	11.759814815122937
114	6.7270783252285185
115	1.4995408589209478
116	7.703130237505257
117	6.864231989886907
118	13.060679796581248
119	11.334937793218204
120	16.14039795616349
121	16.04042185848285
122	14.826790409205136
123	12.497253649492158
124	6.139530160919343
125	5.278743728554754
126	17.774290164575334
127	13.226818023814491
128	24.071735566386586
129	22.730040419411484
130	24.998758454979033
131	20.85759207818838
132	25.94490018644068
133	23.611033984713558
134	24.263854958090857
135	23.29537631119364
136	23.516453946902523
137	25.346870600110933
138	26.958634656728723
139	27.64660766019449
140	26.58151939790293
141	18.944045798156175
142	18.500627721414315
143	17.64116390615993
144	19.400578246312396
145	16.776596762605543
146	20.843361227244316
147	21.425401092418838
148	18.442679588767398
149	11.446504527021393
