0	3.8459471009946493
1	5.212021420087082
2	5.276740255300309
3	6.726078613509992
4	6.62972495684599
5	8.352543780436841
6	9.215401508016148
7	9.691073650933687
8	10.398879893981851
9	9.63652874452468
10	12.274859472565522
11	9.914400685177274
12	12.683762076879475
13	11.429540826470914
14	16.95474634809033
15	8.23210662954827
16	11.586689890251487
17	10.179583835927662
18	14.471482514622766
19	9.834547026372448
20	13.844764808102243
21	14.040644761781294
22	14.031692027334273
23	11.746977396035348
24	16.276950046865117
25	13.181484418592959
26	14.567269191363213
27	14.655226256439082
28	15.087213265118168
29	13.275384557962244
30	18.049837861587033
31	11.300188341089887
32	16.05358532713559
33	17.56573381868495
34	13.36450206227259
35	11.1005243689486
36	14.637153758712389
37	13.28107170834618
38	12.688115332512073
39	10.405798549566153
40	9.560923192174888
41	12.839560198165307
42	9.080625565084313
43	12.568083432918163
44	15.996091198515881
45	14.169725858978616
46	12.888882443255316
47	13.502856398975466
48	15.433193897324658
49	14.03643792900372
50	15.938407732153923
51	11.306901167091741
52	12.233005753237702
53	10.739256690377484
54	9.81428553279144
55	13.329256145333906
56	12.258762599058965
57	12.364542518478418
58	15.483628483314535
59	11.313674050795512
60	15.084294634058555
61	10.024201173862107
62	11.927469720754042
63	13.564061487992076
64	13.319532117801142
65	11.165319747197916
66	15.234817180788191
67	13.710473924876219
68	15.611570178955999
69	14.131912720902148
70	10.688934853846016
71	14.995277876769077
72	17.530729019292774
73	13.371894293060492
74	12.315472785177988
75	14.7117375993496
76	12.538787598445957
77	12.751504770638304
78	13.798024168272917
79	13.760536955482642
80	16.271280941789456
81	18.284294288152193
82	11.221962901537067
83	14.413143499840476
84	13.703875481139328
85	12.275566055308095
86	12.404252167218083
87	15.558625927651095
88	13.943907823901826
89	20.82227260921389
90	13.272263397829535
91	14.496534113340465
92	11.956017950812754
93	8.65095329094045
94	10.879274808716746
95	15.392005590789857
96	11.178758622137366
97	12.881807270119317
98	14.182562745669797
99	11.46996863093399
100	13.749803845913906
101	11.644036744110606
102	13.177967471739771
103	11.995631072571966
104	15.75634207444846
105	11.413862873752354
106	15.631961586152956
107	10.667925364175865
108	13.30214338829416
109	13.942406000464079
110	14.43120376583068
111	14.9322614312499
112	18.596883523278844
113	13.797951307757145
114	15.421133530761836
115	7.424876601004792
116	6.056832192307722
117	8.06632304387353
118	8.061643117769595
119	10.447026496936756
120	7.226424259038364
121	11.090076265713625
122	8.92940869060145
123	9.529203245428436
124	10.128812730181123
125	8.95821723627659
126	8.446619594361112
127	9.560472591633571
128	9.918364497312265
129	9.843059812013326
130	9.786382076063298
131	10.638537908699618
132	8.260524393396748
133	11.303327535771897
134	10.129195880033102
135	10.599854653796285
136	9.985128170053189
137	8.850551461189328
138	10.932035475918223
139	9.317952980829503
140	8.59198593252962
141	10.259428779178215
142	11.359002632637562
143	10.132836256248925
144	9.530378788850348
145	9.367213502283768
146	8.735780197657808
147	11.258180694382318
148	10.30993860102429
149	9.068047545342766
