0	7.84683204629466
1	7.741077919103411
2	5.832833999982449
3	7.975330209682916
4	9.645325075075602
5	8.448747428830195
6	7.673866280013312
7	5.54752188306401
8	8.563156820999724
9	7.701838361877498
10	9.21462541874743
11	9.718637437206255
12	8.442868024636352
13	9.136960685786653
14	9.360070998009794
15	9.552994002186209
16	11.109672272744453
17	10.187963160680471
18	10.432291082103902
19	9.66968803075272
20	11.170232607940935
21	11.13475129156859
22	10.354260135952103
23	9.367459844151949
24	10.63276341012158
25	10.005392907211922
26	10.695528140624173
27	11.24473478878489
28	9.08428199881767
29	12.32144911457804
30	10.025708109155897
31	11.190703670628821
32	10.786983805609438
33	13.95209689045462
34	11.485783972515872
35	11.311677958586108
36	13.61534347901283
37	11.1884948810349
38	12.382903394592036
39	12.05732374800546
40	12.001856546535606
41	10.895169455732733
42	15.960528038800645
43	12.498781367257822
44	10.024867614129073
45	11.619580939234917
46	13.39941468659406
47	13.583225153408591
48	14.8671933686102
49	10.881420531272271
50	10.255645522045318
51	11.28380714282197
52	11.472174096714197
53	17.771453434483956
54	10.162589917961329
55	13.71405017367795
56	12.86764771797046
57	13.280015523979797
58	14.406145915442522
59	13.629324668944403
60	12.70465077058436
61	9.620505668762863
62	16.164506147675883
63	9.458806929673845
64	15.198611596639768
65	15.211706665079383
66	15.278857381180895
67	17.087773711801372
68	10.993466874837276
69	12.93777604570326
70	10.16562379117325
71	17.218415887924476
72	9.615862051498963
73	15.330462469627538
74	13.345701112853284
75	13.681350138503982
76	15.491543013046705
77	16.920407299722783
78	18.346256611516367
79	16.66291888487905
80	14.324120925733352
81	15.478036086112184
82	15.365003078442015
83	17.826520708008673
84	17.404451804307445
85	14.594192507532563
86	18.819191313165142
87	18.607839593734912
88	14.18598786791566
89	15.77993885602235
90	16.638138802971277
91	12.697341709796131
92	12.701495720356371
93	14.425765507080314
94	8.325773992611394
95	14.29665435460229
96	16.197856885030077
97	15.159601305137686
98	13.452628701846947
99	10.931810595017488
100	12.702492927209716
101	9.757517483960573
102	9.011301148952215
103	7.869130146689465
104	10.285879108239897
105	9.078990540042287
106	10.589550070800973
107	11.491926287385375
108	11.109985279608338
109	8.750786802711419
110	9.430117588427695
111	11.651077922538379
112	10.811069790762922
113	6.522963897883903
114	8.24577586577704
115	9.23754557766532
116	7.975911941913838
117	8.827530006560362
118	8.131413958582872
119	6.222636409926801
120	10.026175038885961
121	7.860940762961915
122	10.187295870098655
123	8.515629584142816
124	6.506619326773297
125	6.778038767651318
126	10.83800094413836
127	5.356541424608093
128	11.314972995059726
129	10.860791934027269
130	10.916323713904172
131	9.724699002585556
132	11.207033136926164
133	8.516097938899078
134	6.709380270091617
135	7.522476861165284
136	10.161736968896525
137	10.973573720382191
138	10.597994373925058
139	8.716130356582564
140	12.364704522577872
141	12.359718740430644
142	11.68219887656726
143	12.564745551328993
144	13.68212961589678
145	12.888878506398285
146	12.010245904080437
147	12.22094073924485
148	14.358079499877324
149	12.05516360744554
