0	3.025663652081958
1	5.677338123211908
2	3.557863951536886
3	4.538470416034217
4	5.577456278908427
5	5.500734116732142
6	6.206821389425728
7	4.894106533713347
8	7.001679928424273
9	6.879877147497594
10	5.418758652036461
11	6.050275445060104
12	6.81043358655481
13	7.972972799594754
14	8.14979421392864
15	6.298680377580198
16	10.175263071655936
17	6.309059351726024
18	9.618670578293626
19	9.86231789151228
20	7.797009923236378
21	8.921745191855615
22	10.710252709257013
23	9.672115356578612
24	13.248405555167153
25	2.6737304894513714
26	11.770838412806462
27	7.35461238762303
28	8.075590930070973
29	8.576400011738514
30	8.5029240674474
31	4.970794834158724
32	8.679446955491727
33	8.878367509914304
34	9.559536465604214
35	6.5461723846080115
36	10.009888078668038
37	10.002004241606807
38	7.989955276362866
39	8.305269420703446
40	9.91565022429157
41	10.272858036887458
42	8.750748440125994
43	9.478959666605649
44	11.871288266088827
45	10.092063802172646
46	11.32792425512978
47	10.887257699981387
48	11.063863469689261
49	12.413755774032706
50	9.647362029943032
51	11.750123429130996
52	10.68864810638321
53	11.793626430951056
54	12.918345716791016
55	12.862916891728288
56	8.674602394447668
57	12.62738313771903
58	13.09705559598956
59	12.949010890276524
60	14.330117860128142
61	10.089349870300904
62	12.789287760952911
63	13.139745835991553
64	16.715728026812346
65	8.83829597948921
66	14.233720770733719
67	14.419646402682208
68	11.445787399242908
69	13.359738475891664
70	13.764890984912007
71	15.390411042472152
72	10.118343872525239
73	15.478564933890866
74	12.443682368900529
75	15.566271670887204
76	15.744066244330162
77	11.417075009105016
78	14.637277860300076
79	15.46913336946165
80	13.681999641007042
81	16.80306843617641
82	10.096558181223232
83	17.542418296019804
84	11.831174518740552
85	16.316747586798947
86	15.877810193394975
87	16.852071931891064
88	17.979768523225683
89	13.541339402804434
90	16.042967923576843
91	14.636450364006137
92	11.361937249384901
93	15.722778999330973
94	10.617011030543043
95	15.238324245310853
96	16.677775601362992
97	11.407680630354802
98	16.332077624230735
99	12.359802158322667
100	17.024145978238863
101	16.9351113682312
102	15.962710939710501
103	17.15594143265883
104	17.375734384497473
105	18.137144565929542
106	19.71526762827139
107	16.707260308228214
108	19.055833391004615
109	17.512490816831708
110	14.90652459599918
111	17.956483211703585
112	12.652361544298696
113	17.54865244874235
114	6.546810252146409
115	11.505054427034226
116	11.679027893468042
117	11.803723072354835
118	12.395288171592233
119	12.644976575225929
120	13.268802473446694
121	13.943508439904848
122	14.54081684970324
123	13.240789500593568
124	10.266753457047468
125	15.39407710004434
126	14.54455533399907
127	14.469896672954237
128	14.102395254697083
129	11.386709431518709
130	17.38014957647434
131	12.531855280306452
132	15.920066101319378
133	18.74585341492011
134	17.55489122717536
135	16.63807922137217
136	15.718588763931704
137	16.246118192587907
138	14.014252305268883
139	17.517358930795233
140	15.856093101676484
141	15.404790827810654
142	17.596759062524118
143	17.81605489864464
144	16.896865298253804
145	18.2565071950091
146	18.030968985634438
147	18.79752108436334
148	15.661286314890038
149	16.890722182414773
