0	6.309221644278071
1	11.664847414021942
2	12.28894945846217
3	12.892769529013076
4	18.12815713707264
5	15.74243840671263
6	18.595693070941415
7	15.519181138614812
8	17.34952414388976
9	22.227567580825458
10	15.823551814289202
11	17.210015716647085
12	18.442343940075798
13	16.48396561225425
14	17.46246436871846
15	16.21009500301802
16	21.468690363918363
17	20.317287232676378
18	20.87468137688118
19	16.645798861512137
20	19.64107012086289
21	20.16824512822984
22	18.65482748432451
23	20.240240693666784
24	21.17528595104551
25	21.309384794162575
26	21.76872722336189
27	19.248744908330305
28	19.071172042872412
29	19.822379068283137
30	24.793044193206416
31	19.887532779631517
32	23.780504530304636
33	19.359284133959807
34	24.385261480604665
35	18.729164281261333
36	20.328918252236406
37	21.281464653170136
38	26.94806968368138
39	19.50515639726951
40	24.362699282655424
41	22.183271505728957
42	26.956486889048577
43	23.74591858283925
44	18.658789300778786
45	23.00364973487429
46	26.74375511537521
47	24.920773992725767
48	20.471874525937118
49	16.899989504331014
50	15.076434074275815
51	19.596016591204563
52	7.45784257713249
53	19.017851938709146
54	11.765906807469277
55	15.503995742992934
56	11.599128613964567
57	12.015401030032073
58	13.64372693679668
59	12.57202792255892
60	11.425356202094665
61	13.660677863979389
62	11.84014828118856
63	12.163549125212704
64	13.320851892062
65	12.834587257512192
66	12.667001227966496
67	12.822381925859831
68	14.61395406002089
69	15.094342242343942
70	14.147133694833688
71	12.49397201688947
72	11.523517499960725
73	13.482305564931812
74	13.791551366097657
75	13.474721175140846
76	12.89607867871532
77	16.9726850101038
78	16.401386331273784
79	15.602506823450863
80	12.654247339524066
81	15.101286950944216
82	12.485793331118675
83	13.143708660752877
84	16.592583277176278
85	15.730816876900269
86	17.888449900805323
87	16.741936665972794
88	11.514263140528607
89	15.25587211249802
90	18.379822202419195
91	19.327257299871412
92	15.835254719458826
93	10.45392641325302
94	13.164259528974364
95	10.948627137412103
96	12.252108662141387
97	10.87042723257774
98	16.07305567713945
99	11.371306686053662
100	13.80037183570959
101	14.13401041247521
102	12.975972079180012
103	15.16980525191891
104	13.897878629616242
105	14.757938099346804
106	10.398477050324484
107	11.035099818407001
108	15.563191105222442
109	16.765842469683115
110	16.728239425775214
111	16.95864010250288
112	15.429953178470896
113	15.182310655656945
114	0.7896976115442799
115	0.9523755653661499
116	8.26849950953738
117	16.10663648989713
118	15.747122884381223
119	10.054169312579571
120	8.911539869835162
121	15.770283894068582
122	10.541675188455248
123	20.166484274763874
124	10.05445220288875
125	10.706122216890178
126	13.803798064601741
127	11.6641867250775
128	6.002022426356498
129	19.680861832329057
130	11.265313953965194
131	9.657126906024148
132	7.535913392788319
133	5.101638538141763
134	10.465127508921265
135	10.464635768109794
136	9.738022435608537
137	8.433969128119587
138	8.922891528877472
139	8.843943747708757
140	7.863997776615651
141	9.483438075699032
142	13.316916213021235
143	12.739990348567003
144	11.687034947750718
145	12.178205790377149
146	10.225721075361955
147	6.481033512011678
148	10.708540543049452
149	11.520140501307804
