0	11.659991560282425
1	12.892954758233767
2	13.861787774931528
3	13.295131618108389
4	14.52024802140416
5	10.571346360833637
6	15.242357299054106
7	10.226181889359953
8	16.380165301063183
9	15.601210398890306
10	13.434861964836607
11	14.631311363269184
12	14.06555648212617
13	20.032072319673784
14	15.879664563381017
15	14.455458672915302
16	18.39989557896296
17	17.126099727868397
18	13.826388375290815
19	18.016155234648966
20	15.307688206314463
21	15.461458178542205
22	15.793051977424842
23	21.335044509735003
24	11.380059308371493
25	14.2243365836014
26	14.807032771875523
27	23.07157795990884
28	19.364703049673892
29	16.160853626145332
30	19.67384023775587
31	24.311324758266036
32	22.90221553333143
33	21.49735014895104
34	24.989799713278558
35	19.657607500190437
36	14.454492301426352
37	23.609400811871122
38	25.83513593494132
39	34.17364528580794
40	33.286596494549045
41	25.727781788794
42	18.034497519917718
43	18.884729347201077
44	20.598667895332817
45	11.937311174687313
46	1.2485148683746439
47	8.412223393805018
48	19.950118097759148
49	20.927268211431688
50	9.804587227883726
51	2.957417005355338
52	10.448302276639378
53	14.083857437961356
54	3.8129725454429564
55	4.56293684108941
56	5.631667734751946
57	5.631716829001101
58	6.700847919521781
59	7.556484330824976
60	7.448160219695698
61	7.447150551653909
62	8.197717609140629
63	6.916266673186719
64	9.052552371632622
65	9.263704107670641
66	6.060604303253951
67	8.412377701441024
68	8.194874988081402
69	7.557031927555164
70	6.27379079665308
71	7.34180326721481
72	6.700787704178878
73	4.99065235794122
74	6.058038856070347
75	6.488138411898909
76	5.631421911874935
77	6.274291275771849
78	7.341471967238378
79	7.129166397005115
80	7.128396416158205
81	9.37550784547662
82	9.477878706669614
83	9.157849287569512
84	8.393177025691152
85	8.857398007956206
86	16.472283508965326
87	14.24102377149752
88	15.235827079164746
89	10.021829354803092
90	16.20888445508926
91	15.475919166990519
92	15.528485107509308
93	16.574011070376603
94	15.57366847774993
95	13.927852570962362
96	17.658523667794253
97	19.112848273061214
98	15.888306136772965
99	18.888363141529684
100	17.033417569979232
101	12.742667298188373
102	16.93714656456305
103	16.105870908882956
104	14.875609565992733
105	5.969183562025133
106	4.778824920565047
107	5.400995722036952
108	5.219068234353004
109	5.407495754457762
110	3.278712750792152
111	4.789712529255824
112	1.3526782515038074
113	1.5712485721194303
114	3.0614897310572795
115	3.185421283846665
116	4.865351741028083
117	3.9319173437336143
118	5.188675710715237
119	4.36357384760213
120	4.346615043859314
121	6.490507199866516
122	5.401369083424106
123	6.291752414347755
124	6.0188999238545735
125	4.376295520943503
126	5.185467406387172
127	6.6980351497138555
128	6.049717534678996
129	5.448259662103504
130	6.27529250438261
131	5.409416527774582
132	5.21049706223827
133	7.343394067098419
134	4.988856932042057
135	7.347441428302919
136	5.198238556379355
137	6.493745633503476
138	5.202631287436157
139	3.9090948516119304
140	4.673803919692422
141	4.24981592455234
142	4.778580712418542
143	3.7082753543970948
144	5.190817250243242
145	4.13657303381659
146	10.359285350890293
147	13.336169882411742
148	5.842596059021844
149	8.838587927362262
