0	12.138916096931965
1	13.046244947695222
2	9.370337717001293
3	14.978248109291632
4	10.95776639289484
5	11.437999047166997
6	12.090237864401159
7	12.600871502850609
8	9.090203490999809
9	12.739829674705852
10	9.470483970204128
11	12.661609780783705
12	13.238251453546656
13	11.07434104831388
14	13.01508784927335
15	11.505187710069846
16	11.071833557597957
17	12.737243095053353
18	12.520027244754619
19	12.244642630147322
20	10.188884966486732
21	12.140572446539755
22	10.548376395868559
23	13.589280844175738
24	12.381467646619553
25	9.768431666987524
26	10.936704075956438
27	10.47141024443128
28	14.28789738015667
29	9.26119996105014
30	11.948831346181972
31	12.50196095874916
32	12.414949746758689
33	13.349386284771638
34	11.848567419078131
35	10.682972464567332
36	5.867690732106371
37	13.693570490595897
38	11.746769652282307
39	9.728411578908384
40	13.056688688103014
41	13.906031361651266
42	11.008507127066197
43	12.278788234318
44	9.264578338907858
45	11.464332216984769
46	12.808671634936992
47	13.163037564662357
48	12.243132096339275
49	12.91797857555106
50	10.440987717477688
51	15.326580938716736
52	13.692392509940476
53	12.606624295768407
54	14.492204225565711
55	14.58944216827202
56	11.248650989568366
57	15.178533906784025
58	12.919690565819995
59	12.911377502182159
60	16.571049175691588
61	14.012531117136472
62	12.740916932705858
63	12.029731104389539
64	11.462183583815657
65	16.591163571850412
66	11.498631945815742
67	16.180857471716006
68	14.980155437094124
69	13.475837581689817
70	10.86113788314545
71	16.05727751086739
72	13.453914026182003
73	14.876574807618315
74	12.941574281187656
75	15.740425544870265
76	14.614405441878507
77	14.31103808309372
78	14.173118037106375
79	17.753008950336387
80	12.028704935325324
81	15.962140144538983
82	14.614101706434745
83	14.6864680221102
84	13.196564662497485
85	16.3081170748353
86	13.017176231274494
87	15.36360933455771
88	11.35293622711613
89	14.510647447154463
90	15.795001745929786
91	12.97918254651246
92	16.887668085255676
93	13.199790102021902
94	18.343347447029913
95	14.025660982351864
96	18.959315553170832
97	17.16476796099275
98	19.42574575048381
99	17.37559020103007
100	20.31848291165904
101	18.47416391123204
102	18.89507642200603
103	19.215562136803314
104	21.904549430514912
105	13.806875066647727
106	21.332492680460422
107	23.899779613076124
108	12.236862172696428
109	14.349473547763285
110	17.87476740834784
111	18.27734266830289
112	14.657227988732323
113	18.622465267303635
114	13.656333912747177
115	9.727966249264759
116	6.581237930100863
117	14.548100644401323
118	17.788547044814862
119	16.70905781829825
120	17.596698282967957
121	14.187301645998351
122	16.42330697899942
123	18.457118010670467
124	15.552564295239524
125	18.98313210799624
126	16.657295763161837
127	16.821729942675244
128	17.578198571545503
129	19.729516972695503
130	15.571520598726527
131	21.592835330129432
132	15.458718753063968
133	13.517324935724291
134	22.229011462650302
135	15.535659610440751
136	20.36432827762102
137	15.484096432601294
138	20.460364975932094
139	19.77555753765097
140	17.45229713254425
141	22.657163511771422
142	17.122613165764022
143	20.068624185873965
144	21.023745295935065
145	18.049756789586365
146	23.60988647504757
147	17.872869386879167
148	22.875197173176435
149	20.584271239928608
