0	6.118528414534326
1	7.2700854704910025
2	4.108011543300016
3	8.69957550199859
4	2.9515891342733003
5	9.548801578570723
6	3.240166055020068
7	10.161736880915948
8	3.23455993731747
9	11.14652936723331
10	4.822110781065627
11	9.249605789969806
12	10.490152708701801
13	2.657954823996188
14	10.17290055816476
15	2.9488099525357194
16	9.564189735975376
17	3.8179675487333986
18	6.964379953563862
19	8.287965368454707
20	10.28218775567316
21	5.539575078971988
22	9.437563682106266
23	4.96088370976559
24	9.40809258117546
25	4.969813479287265
26	10.148318897531492
27	8.993594698004367
28	5.817091868389714
29	9.566596205202707
30	7.577186446402401
31	7.531553841266323
32	8.415945541725547
33	5.54966351314937
34	10.12537643188216
35	4.396507360412022
36	9.838655021990316
37	5.838780452011709
38	12.417384780630533
39	10.878420500861349
40	4.958216108518441
41	11.720162804268105
42	6.98073611744213
43	10.154119206046547
44	12.170180867752508
45	5.5360099971239105
46	13.426637742992654
47	6.403218585345342
48	12.753023425099558
49	6.535773417214014
50	10.430915545980694
51	21.606988006297637
52	19.77873249833931
53	6.397759521192115
54	9.708667964569928
55	9.28039149163914
56	5.5405525823873525
57	13.329669689353226
58	5.256919793310863
59	10.97633445269944
60	12.152905777946883
61	4.393171672692694
62	12.577890626479475
63	3.9619658263098803
64	13.897192363498208
65	3.2343536728843683
66	14.196263830020863
67	5.815649006134115
68	11.870305365315012
69	11.294340734922656
70	8.99034205919328
71	11.314284229275595
72	8.400061652309155
73	13.302291630412146
74	9.017192096503125
75	9.540551554330817
76	12.910846579351675
77	5.957404837808561
78	8.128072924856644
79	10.154499906292166
80	5.5447120669677235
81	11.843325785867693
82	5.839508259268248
83	10.403022372486411
84	5.545397790260383
85	5.824783565510981
86	11.608288120905126
87	5.2421250212200885
88	11.314284229275595
89	7.840510930980524
90	11.270231880791275
91	6.848046740344589
92	4.956196290511341
93	13.184217329640207
94	4.102826214995169
95	11.559729373866508
96	6.114811324181798
97	5.108894809123495
98	11.17884241181735
99	4.955294260699882
100	6.1137737064675175
101	10.442176416681964
102	4.385286896940469
103	7.856865335403428
104	9.25895596621985
105	2.9535683076834625
106	9.274699595210478
107	5.820599486229596
108	3.385596411030039
109	20.122426342442356
110	20.979258419007106
111	21.138513155222938
112	11.152408629953285
113	9.865698627605994
114	22.2818129783685
115	19.862220228850592
116	16.496018667743467
117	19.919871870486233
118	18.58331168874757
119	22.5876535241061
120	1.3707760152834778
121	11.146949207930119
122	9.87511820083696
123	18.31286003028359
124	15.740620546028737
125	6.710133225804144
126	15.988181893502697
127	19.69816128823326
128	27.513528784199913
129	17.006027155242542
130	21.397413100638644
131	26.19645861798527
132	23.977101829513497
133	29.021136238020414
134	31.76079570675021
135	10.458772330101038
136	13.84461852578716
137	13.591879989854169
138	28.19404868207986
139	30.847886494340287
140	25.817162625925484
141	6.677068053156488
142	32.26873795384561
143	17.666788198216796
144	19.4863956329587
145	13.432761498872551
146	13.323955962398578
147	13.127225524157064
148	13.637196138436684
149	14.835432029055157
