0	14.755630566199253
1	8.917326193351823
2	13.066562844652958
3	12.319572251593849
4	7.362215491807448
5	16.12514134674944
6	5.843931568765931
7	17.971537468915322
8	7.387744271955914
9	13.653295166485881
10	11.521945932488746
11	11.382618451290508
12	12.324532559602387
13	6.031118402149842
14	19.700041042843797
15	7.197425624460299
16	8.676054625823172
17	6.621107197149974
18	11.53831807394163
19	5.854544517692767
20	12.66316765088404
21	9.301252906839997
22	8.860920400640607
23	11.555511217208972
24	5.8541169583071575
25	12.302950421249266
26	6.234423652885421
27	8.512746780030309
28	10.385818451929222
29	7.367894931183022
30	13.10315727915263
31	6.985031046441322
32	2.9931141302524518
33	76.58204625588027
34	25.67279238283946
35	7.930228047036599
36	5.846061494692689
37	7.362215491807448
38	8.329383285537702
39	9.453520476606933
40	7.374338265656855
41	7.7440318867931035
42	7.732426031820505
43	8.148750730417067
44	6.984966520231649
45	9.274805754158605
46	7.368237324136797
47	8.506833666154876
48	10.387885710443959
49	6.242389908720039
50	8.124123077487864
51	10.420579429534659
52	7.360506368355436
53	9.652643107190789
54	7.3532023182306805
55	10.432883094099406
56	5.846434575630055
57	11.93321207381046
58	6.607134410482211
59	11.529082649725865
60	5.843612365557866
61	9.671866628679888
62	10.032718281456333
63	6.611703576193501
64	9.645614360371365
65	8.51018863549205
66	8.49129372790684
67	8.52845130008303
68	8.888526357480306
69	8.885096926896653
70	7.75458892949263
71	10.02815371709651
72	8.509709351713806
73	6.973160676752531
74	10.433379785324922
75	4.514956773559594
76	73.53759103992033
77	19.944243453591785
78	4.323132643607362
79	7.55904599127489
80	5.463558912164389
81	6.607377992826779
82	6.9870353708519914
83	6.991565449865513
84	9.269990460278798
85	5.834580727218255
86	8.14255967166182
87	6.612374139798697
88	8.483189188932347
89	6.240496356027722
90	9.248169703231163
91	7.0020089953589135
92	7.922537911002745
93	7.955481902610572
94	9.656024294543368
95	9.647438686106554
96	6.22522461210277
97	9.6625192954543
98	6.775104984359825
99	6.812984340183627
100	7.749812461210847
101	8.885681906151968
102	5.8495260127061135
103	11.135772689808281
104	4.716428716218733
105	11.553193283283326
106	11.554407630944514
107	5.086754890483079
108	11.935266915488565
109	6.224825547252569
110	7.371869510576214
111	6.209183296755851
112	10.050066952841508
113	8.134778180573186
114	10.787211664566554
115	1.2781178743303367
116	65.71529171997045
117	63.196468082889076
118	2.4267224597386923
119	15.484434236004613
120	2.4259768934747035
121	2.231596105222265
122	1.663348199554727
123	1.6583373129214278
124	7.748800179557563
125	5.4755975576120095
126	9.650724855352443
127	13.040287534007449
128	14.600939632337013
129	12.729173633663526
130	10.415032346073577
131	8.09022745487056
132	7.002983586753508
133	8.509629575896442
134	11.589170215806114
135	14.929917505609101
136	17.251289551895933
137	16.546654276560048
138	14.221180664602565
139	17.260492211168085
140	16.82847675455896
141	15.783605923530024
142	14.59939081465957
143	13.736914968121143
144	11.988490901670318
145	16.924471126705296
146	13.445747053577895
147	15.285740944070362
148	16.16536761221315
149	16.118587236618783
