0	12.0658668829199
1	15.067111401772404
2	16.419030302401374
3	15.653917791000936
4	10.878359926918005
5	14.045052526276748
6	19.87350521503271
7	14.427724138325537
8	18.662335035602982
9	14.306027674051665
10	19.124755894582616
11	16.003575039664707
12	16.712851947225822
13	19.35289017045943
14	13.910945263066855
15	20.008161763997563
16	24.725821682689457
17	16.576221269393944
18	25.32218334960838
19	14.313655309984913
20	25.39239458057143
21	23.410747737456276
22	25.253931706682316
23	16.85960051914841
24	22.322262084792193
25	21.94492647030722
26	29.17342905250517
27	20.687827974022653
28	19.61550800136293
29	25.563044733286723
30	28.704771257220084
31	28.90484097002341
32	21.729585688434817
33	27.057951394866137
34	22.2549688553579
35	28.389266715650628
36	13.868608332193617
37	19.265399096119754
38	11.915852795795342
39	12.971727260198833
40	8.472800004262242
41	11.770834085351424
42	21.357538943105034
43	7.725506698005509
44	6.821349061098895
45	1.581059286876799
46	21.108830855999233
47	15.373708762229944
48	9.672928169566696
49	8.61952972108956
50	7.125535325631938
51	8.475605690938284
52	5.775594635918682
53	3.0795335173862215
54	5.4750069690397964
55	6.377414831538765
56	3.5288045842751474
57	6.824971368630407
58	6.9747394832774
59	8.772206990080866
60	3.977458436325854
61	6.076895512348813
62	5.323598604983352
63	5.480379763513122
64	6.524841945176207
65	10.271178731846241
66	7.574401833640014
67	9.222949854701731
68	10.42071947748192
69	13.567750586801997
70	9.822321576701599
71	11.019824084973731
72	13.869662740114158
73	11.76529163196356
74	10.722684679586171
75	11.01672420309651
76	12.222808742014356
77	13.117995019302661
78	11.762190409454385
79	14.727246540855159
80	9.826528388475744
81	14.309704435761981
82	13.560537632284197
83	14.031273167162421
84	16.459116094595803
85	13.1183684346215
86	13.979225078017572
87	20.16265226331258
88	13.591374581253094
89	20.721175130025692
90	17.4522351430501
91	17.175015678946774
92	21.50777821018743
93	15.213324622028937
94	19.45978036648745
95	17.565525354533854
96	22.265975133668327
97	18.656762326526156
98	13.307218504623034
99	19.05049252855616
100	17.02099119589205
101	19.755253925633692
102	20.018795921562827
103	19.564188700341294
104	16.861055108028406
105	10.105326485326422
106	15.089301296653199
107	11.16702822683627
108	10.53684414243174
109	12.859368774265862
110	15.215794228992669
111	9.672747952864263
112	7.873859752935573
113	4.127566467855559
114	4.269701275813464
115	2.7843083267826767
116	3.079701470145687
117	2.77443028406224
118	3.9856498456681306
119	2.7751193285040294
120	2.7846033640848233
121	3.0733389622549616
122	3.3822350797826735
123	4.869046242294238
124	2.181216795604823
125	1.8836147162529837
126	3.9771619212784763
127	2.475945143979011
128	6.674541249628067
129	7.59022243256012
130	7.576884184545459
131	7.876449876564967
132	8.157303144384906
133	7.867752052552899
134	11.195616779043961
135	18.665211803354367
136	10.27213762864164
137	7.277696258832981
138	7.868182699270594
139	8.170080072453812
140	6.377414831538765
141	9.352069659297905
142	9.046672278364307
143	5.187870420273906
144	12.707822290288847
145	14.448865099299722
146	17.48060676635647
147	5.475582164803037
148	14.76826449243647
149	9.364283028072098
