0	17.345813008799148
1	15.035289903748783
2	16.63381288071553
3	20.34248120521592
4	12.52478484578116
5	14.86118107382548
6	19.791566490299992
7	16.708011427495038
8	18.99679798494485
9	15.484098227306582
10	17.774512908941873
11	18.888759017896206
12	18.56939569405612
13	16.06276097158134
14	18.23922649825783
15	21.34004433796202
16	19.10419394481746
17	14.659779464298225
18	18.97569317297321
19	13.269060037597196
20	16.161632714075495
21	17.071146787126615
22	18.995520782487276
23	18.558461247160643
24	18.789918492080062
25	12.958412559199662
26	19.47576637040695
27	19.231537529368374
28	10.3226031901014
29	15.647190089754837
30	16.43765945338587
31	19.78524724298878
32	14.762046751065808
33	18.714114371836267
34	14.625518061955797
35	16.326439066353288
36	11.815335424990861
37	18.636785499813094
38	11.737964839137952
39	12.251177133066959
40	16.258982094856382
41	15.471137305118177
42	13.127847580943593
43	17.415418949330686
44	18.624443448162992
45	13.949200563761117
46	16.1905892710336
47	15.964129341268945
48	12.440554574575089
49	15.48454528971878
50	16.825640157825454
51	18.72714775542473
52	17.165504746382112
53	16.259295225281246
54	14.900016215496542
55	12.013492711567338
56	15.312262015149612
57	4.9925659100878095
58	18.175171020013025
59	12.252338634706502
60	12.779772013300551
61	11.530571509676703
62	9.444443197053472
63	16.973050893036692
64	9.177497910743678
65	12.318286068328336
66	11.261504142319883
67	11.34746231713698
68	7.829927703535368
69	11.096849358920878
70	8.673027673779387
71	10.390246039249027
72	12.726056477162098
73	9.464699609514545
74	11.23493354988166
75	10.988946226076248
76	7.019834361204224
77	8.646119565717784
78	12.123941314054107
79	7.756011086564587
80	11.216412905853954
81	9.80968492867893
82	12.659335754778677
83	11.05695478259091
84	10.594059546243315
85	11.665650769105401
86	8.7673414234786
87	11.200276308852475
88	11.94171010212409
89	12.99737676166885
90	10.716899135710241
91	13.19674381644399
92	10.665003623546346
93	16.305678973007353
94	13.470128045960724
95	14.29415465256159
96	11.945543119815145
97	12.590808402837071
98	15.41598671115806
99	10.451328994458239
100	15.63129795662455
101	9.171023727066933
102	14.35730300565577
103	14.706513057746808
104	12.365681781600388
105	6.55164257209818
106	17.41373994092057
107	11.942639811255189
108	12.181172640269308
109	8.901629972308887
110	12.727144681309202
111	13.575029852337154
112	11.849451280892199
113	6.391446681316401
114	7.719456830254778
115	5.513260043342273
116	7.020855578607226
117	7.088846258464287
118	12.010069299672743
119	9.735176280801436
120	10.664303684897174
121	6.885190714269964
122	7.514913103976064
123	8.29063335051584
124	4.99514359952619
125	7.477593144814049
126	2.8093844320441472
127	6.28927035785414
128	8.443559443589038
129	11.818793616228985
130	7.291828625823022
131	9.060749787224728
132	7.83460292457485
133	10.989361606758381
134	10.254575916246194
135	6.4905603373334495
136	12.0217798796967
137	10.961094505082412
138	10.03725104596112
139	10.116641598816358
140	9.738543252408776
141	6.900163003295363
142	10.552921773752955
143	10.800128618066006
144	12.727144681309202
145	11.806637181709128
146	12.015195171692122
147	10.032067835860461
148	6.136109074977743
149	14.15771029909692
