0	5.481195906843747
1	3.256524061487783
2	5.48004903972657
3	4.082605191537052
4	4.090295196986832
5	4.917227338772556
6	5.74531778211318
7	4.364831202964631
8	4.505373512048408
9	3.67707707260526
10	5.466972418146708
11	4.643373359977067
12	4.927174596908109
13	4.908071479834774
14	4.641842481005325
15	5.469056046934433
16	5.193552547217279
17	4.641139384022166
18	4.366876736394663
19	4.916742305808718
20	7.400186217316066
21	2.435939638527702
22	6.297022540712536
23	5.192662050778016
24	4.917712807138792
25	4.923411644385142
26	8.217334872936844
27	6.294938121918654
28	4.917712807138792
29	6.848696626597784
30	5.193037065683123
31	8.778820093073884
32	5.480996365239984
33	7.107704741835645
34	5.745003519692856
35	6.571400991720323
36	10.708177155322012
37	5.469254631885852
38	9.330092129349502
39	6.8478719583999
40	7.839735261009923
41	11.424642472642773
42	10.179913688638157
43	8.207795717624265
44	9.053562827594298
45	9.6261916285739
46	11.509649869995933
47	10.708993609091614
48	7.123549248524472
49	14.56812448420436
50	9.329650962917801
51	7.537301087132579
52	17.1880814483791
53	10.459710585186762
54	12.879578873713152
55	20.41504321736067
56	3.5305729195737845
57	33.0296279957923
58	28.36867115811337
59	10.98433700680595
60	8.79631491871484
61	12.887234481445693
62	9.19151709361542
63	13.602274817116454
64	12.915095005357955
65	9.880111612111927
66	13.465972378288967
67	12.36356965629137
68	10.294076892538303
69	16.91283347587651
70	8.22643460003146
71	13.74158911869681
72	9.605305570156471
73	15.289682800528073
74	9.447761921181176
75	16.222832404012845
76	11.147541388415936
77	16.3228988264582
78	7.261352106447501
79	16.635793837527206
80	6.032635592762322
81	19.76774504831862
82	6.295864105353563
83	19.256886234789768
84	5.468361309567324
85	18.431423711815004
86	5.19331819162473
87	22.010316836925792
88	9.078681072869536
89	15.629464840480797
90	13.051847067951261
91	14.706274199809478
92	18.70520124662204
93	8.777496783307058
94	17.05120472512252
95	12.91397814029641
96	15.396214592937989
97	12.91422590426436
98	16.222518582186073
99	12.086995820737386
100	11.534737493956154
101	19.809354606767034
102	7.949952432711359
103	19.808969134462295
104	8.9161157294734
105	17.73939060821621
106	10.845944225473637
107	18.84289261131629
108	13.60266802694297
109	12.504571233425656
110	14.840703019864495
111	25.99411586649595
112	32.79357981005237
113	36.16760809854417
114	22.562155700478424
115	9.720233167416875
116	28.991088484455844
117	20.299914115207738
118	22.2908084251469
119	27.804914544253165
120	26.837949195687134
121	28.008797702507255
122	15.359376550858324
123	28.769753461819057
124	27.80409486466412
125	24.56256664747931
126	25.803078090429622
127	20.275992657207365
128	24.84092295532141
129	28.84911648472915
130	29.044927601632498
131	24.841651627445156
132	18.75429045394861
133	20.490374104735043
134	34.008930021806634
135	30.35110628313464
136	23.244597749133185
137	25.67948233743273
138	35.38486964107081
139	26.14119188120667
140	37.32856159893505
141	26.246851387950525
142	23.081061633274366
143	13.640098553172145
144	20.63725540958602
145	21.686756065056517
146	21.795070372474644
147	28.965241020313353
148	35.779811247708494
149	17.40871843464824
