0	10.265415940657205
1	12.88793269897452
2	14.647334415478722
3	14.815918259282217
4	13.847515430702028
5	12.884908618555153
6	11.858909439355392
7	14.590869015549906
8	14.632066474837403
9	14.920958634289873
10	13.983083633190146
11	15.27582012675282
12	12.195382963000451
13	14.926481938540379
14	14.311477176127266
15	13.588418107985895
16	15.373550780302955
17	9.125897689124606
18	11.884830551297092
19	11.945179166320363
20	12.388784733373765
21	12.0545597326703
22	13.643421643047708
23	12.249902177196681
24	12.695639283786717
25	12.63927079015434
26	13.533025367076077
27	13.776182979020732
28	14.740705019592834
29	13.417165162899444
30	12.61693474489072
31	13.138493762897918
32	10.718532454878085
33	10.585243714282722
34	10.009578591058546
35	9.238207726657198
36	7.4404011379241375
37	6.45931386916904
38	8.456461573349072
39	7.062152302244117
40	7.95544571347066
41	7.910751081586197
42	8.130007776771533
43	7.712302276267974
44	8.680501722492162
45	7.843461576477085
46	8.701468925387458
47	7.560431869483134
48	9.443779033677373
49	9.57587616508447
50	9.760467064518195
51	8.488200223594198
52	9.352342324538599
53	10.12804066367846
54	8.196413362506668
55	10.162370117504082
56	8.031004469489327
57	8.54783652760228
58	10.574339748988448
59	10.297904160643203
60	10.487905159134257
61	11.273832660728297
62	11.192228612072253
63	9.12531182359334
64	10.074512656674681
65	9.34899164358527
66	10.465334919129333
67	9.460451757918491
68	12.584208130757142
69	9.293473742547057
70	8.292006964232524
71	8.509909333850016
72	8.847434562566002
73	9.125730023479452
74	8.679946992202805
75	9.684256921095969
76	10.129257848227265
77	8.735882008556125
78	9.739316416927107
79	10.264844424906888
80	9.906543215298225
81	7.881646431258755
82	10.409170318704321
83	10.4094600643133
84	8.790855269450857
85	10.464655192770458
86	12.361224185100303
87	10.463684939902317
88	13.05845076545163
89	8.904839666343719
90	10.74352820414749
91	11.999481427057617
92	8.734845130507889
93	9.796083035962925
94	8.791176576297817
95	10.799102347579582
96	12.702326885559236
97	10.794085257474908
98	12.281472913830813
99	10.993746346919936
100	12.918251240884928
101	9.851862101636467
102	10.432191253950364
103	12.499787408212384
104	11.189829152702021
105	11.579931188191907
106	11.579281477607124
107	12.41723267885222
108	13.568635356200952
109	13.917549522346148
110	12.080420801111183
111	11.500421658770197
112	12.875320657628118
113	12.070356300206923
114	12.584563180507757
115	10.961831870576574
116	1.5968030911051314
117	8.478149529065089
118	11.106222478283359
119	14.014906597378946
120	13.930188191056036
121	12.744582968822236
122	14.275664325062323
123	16.37676303396355
124	14.01397677074351
125	15.263301416132093
126	14.480152596180533
127	13.773911445888654
128	17.76193958038022
129	15.484958542537088
130	15.65288493168445
131	15.094090291256359
132	18.43953945167397
133	14.385953721854547
134	16.591899847283614
135	14.662789212827782
136	14.977848190888036
137	14.466869436914829
138	16.2092849836541
139	15.874942518967227
140	13.252885465950119
141	18.71796452382926
142	17.053065107292472
143	18.544037890822622
144	16.66829882314558
145	15.129007731944796
146	10.691130670880378
147	13.386113836320776
148	14.398199943057337
149	15.672421350804232
