0	7.497620255129258
1	7.224163461335367
2	7.770867515582783
3	8.232503978147642
4	8.73244266140373
5	8.680623762480176
6	8.173214534984368
7	9.399307380600689
8	7.3183613048386285
9	7.561767181746634
10	7.789908437828558
11	9.29012140478736
12	7.6089842414590185
13	8.57035121887973
14	8.818123348609378
15	7.877515244368178
16	7.476291283279079
17	8.03539710600115
18	8.21396232171345
19	7.362901704777165
20	10.410181931880496
21	9.943001339764233
22	6.316169071850961
23	7.945098096320936
24	9.490762235334369
25	8.751855406737649
26	7.569731914156113
27	8.124340913249277
28	7.990357646462451
29	8.996628978049689
30	8.46380922053098
31	7.333312528375452
32	8.018194263354564
33	8.393362614870561
34	9.763073520381342
35	7.228126828607562
36	7.673796751337548
37	8.284295426076703
38	8.125788452974465
39	9.179617426396584
40	8.886290203687805
41	7.83466529203331
42	7.064359859650277
43	7.947776403221027
44	9.65119627043911
45	7.720539353237093
46	9.423494581973104
47	10.361820889615299
48	8.10655733234652
49	8.05161958528934
50	8.375657229254728
51	9.815008488158751
52	9.780018280337742
53	9.618564352098455
54	9.200232429942409
55	9.021150671623435
56	9.400028425571453
57	9.090519549440463
58	9.221147787254715
59	10.009621163012383
60	10.007055137477293
61	9.468751514448556
62	8.752020047551566
63	10.36467855297498
64	10.544720986594568
65	9.53327961350874
66	11.378652192917231
67	10.18892493601649
68	9.801030319304676
69	11.845216693603573
70	11.740087902074844
71	11.17168175184048
72	11.889009100915937
73	12.068260878980839
74	11.632677167809629
75	12.87662568516893
76	10.930644184454225
77	13.287618320892564
78	12.504451780089815
79	13.683898936487141
80	12.554455565669148
81	15.080416741535847
82	13.630617627732654
83	12.379101329152293
84	14.761741670408448
85	12.744493489755554
86	15.956179401656728
87	14.309460366173218
88	14.608952645715743
89	17.41131305152564
90	17.403873000733448
91	19.156352798289934
92	16.48460891821386
93	15.841782088488017
94	16.50087492725779
95	16.510185005806328
96	17.848610000364957
97	19.37777833205766
98	22.603942449468665
99	19.32494615833079
100	21.073399397751068
101	18.02995969349934
102	19.147028377122453
103	21.97256456657783
104	22.86750908650416
105	19.284835084782536
106	22.91030429765313
107	22.553165931216075
108	22.55867966497943
109	26.101879172516753
110	21.7034672096526
111	24.71548736488627
112	17.8527136589985
113	12.911518780169258
114	6.918170243901425
115	4.6628194352508165
116	18.698333486185142
117	20.355828165977623
118	19.5961200498812
119	20.67960742272297
120	4.617103313353509
121	30.124144145322514
122	13.692451263976606
123	13.842771356317058
124	16.20015352894885
125	15.910928543301557
126	14.101649651266651
127	14.655708532320588
128	17.13910925704147
129	18.11519026775347
130	14.398394262624223
131	13.950942465591956
132	15.026205145460565
133	15.075681338032979
134	16.721568576581
135	15.693085986288628
136	15.918783100719216
137	17.893421599348343
138	16.554690886859355
139	18.963916361213734
140	14.988343451256585
141	15.6501157391426
142	17.861278983753532
143	14.480054684049067
144	17.621812927711574
145	14.218458774386031
146	15.609389341251998
147	16.72722702341069
148	22.032410285631578
149	16.683185421577694
