0	11.874350265546559
1	14.71006202462166
2	16.450157897343942
3	16.409633081038933
4	15.6979266475722
5	10.980956915001642
6	13.884764421810088
7	15.085914031474172
8	11.215419003602594
9	14.017723607965191
10	13.414010189570984
11	14.435908732553282
12	10.909139749676566
13	8.47784281805511
14	11.476050489493616
15	9.372011167185871
16	9.830816462439198
17	9.067185740928716
18	13.722038325385602
19	12.52889161021547
20	11.77143426459445
21	12.125794933378632
22	11.812210816198338
23	13.765657791500749
24	11.497599704811101
25	14.308953779745927
26	13.262767720862486
27	12.986594638965625
28	10.519695248395752
29	13.570126590370224
30	14.544557382571346
31	12.232341520953893
32	12.669700339538474
33	10.108582660763137
34	11.718749838752721
35	15.044998927746287
36	15.050844672667129
37	15.569199608800728
38	14.468175934114772
39	15.133042659340493
40	12.855780888346501
41	10.832396378002134
42	7.033972122741474
43	13.387388975701107
44	14.585443898195686
45	12.865237157569748
46	10.517222031490915
47	10.644006781019934
48	13.599451640482977
49	14.479817268878568
50	12.159853895013132
51	12.45063665005838
52	13.028748564306868
53	13.691366517990648
54	15.125919544201505
55	13.048123048696914
56	13.874305392283198
57	15.39537379160193
58	14.964085712478747
59	8.734649938242132
60	15.35996319353337
61	15.123196032998466
62	11.996768807398515
63	14.467760477335627
64	13.520395698294738
65	13.206716867093437
66	14.884913384645536
67	16.291442581086045
68	14.1300392355417
69	12.680349754246423
70	13.659912839723612
71	15.621627807807386
72	13.283481121264874
73	8.503196806800796
74	11.468569932750302
75	7.980602937109645
76	10.705715795092617
77	12.787639931903037
78	14.106021549129519
79	13.980526005342018
80	8.010672331716682
81	12.645367859944216
82	14.404233812143008
83	14.631484755288893
84	13.899445357138415
85	12.001089010039879
86	12.986718313894599
87	13.046260907449492
88	13.140539522985502
89	11.755761671612955
90	12.696280591872139
91	14.54819024189708
92	14.710395995546161
93	15.920165747226104
94	14.228265851397712
95	13.354975139096647
96	15.120133398285788
97	13.077145032708659
98	12.918546499796328
99	13.424289194838774
100	16.29128622443961
101	13.937642799752174
102	12.990177311428507
103	14.221895831847267
104	15.023996526555626
105	12.923584323748965
106	17.76656238426406
107	15.736200145287015
108	13.268008979935997
109	13.943764096216086
110	13.912344243406082
111	15.939840903250865
112	16.604104468918308
113	13.980392663731061
114	11.689239362775448
115	7.7929519353998975
116	8.181673462314826
117	15.18786431766705
118	13.7606658309655
119	12.082555253796931
120	15.087793580161435
121	10.611504512371946
122	13.195278823406627
123	14.452492591892028
124	10.745260793088908
125	14.112226755258817
126	14.307723274564339
127	11.57148030281416
128	15.29566951176886
129	12.76854611373936
130	13.82113313297242
131	10.677425078765133
132	13.765154053105357
133	13.400399576240938
134	12.797256825502078
135	15.649537583995224
136	15.636476218041004
137	9.801777113287498
138	13.828260689952874
139	11.132810379696904
140	10.024857524693251
141	8.095786736202164
142	10.826676120067168
143	9.731249049864468
144	8.90994004370117
145	11.227805556488455
146	10.671094380369103
147	13.981594824644178
148	9.066691663873389
149	12.245137890936036
