0	16.803211260177196
1	18.06152288010509
2	17.729998634079806
3	12.834166520492488
4	18.90312923177986
5	16.85612730258113
6	13.355119970301375
7	17.4067066142893
8	14.804947581155341
9	16.59653810841275
10	15.402750452319683
11	19.107031319224927
12	12.932491657085365
13	16.71419676879419
14	19.95906358242536
15	14.678910416785442
16	19.745648754149023
17	14.466383947540939
18	20.221862472599895
19	19.75164677799224
20	18.952997262958327
21	18.441060426697305
22	17.482896605815117
23	17.62071841938537
24	19.91341785645841
25	18.384401863482427
26	12.846136756993046
27	19.281348532596734
28	14.759387179229392
29	16.651438556695684
30	18.83657199282323
31	17.151044448339047
32	19.157427718511524
33	20.68090223633399
34	14.402222499875451
35	15.889139292494647
36	12.627292489654364
37	15.017711744103915
38	11.818388290713216
39	15.622126580218897
40	10.410106707227621
41	8.973256069619724
42	11.38596582817948
43	11.869326388752382
44	7.6374429743124255
45	13.094421950375782
46	9.768330636947349
47	11.513566255483202
48	9.216085846370262
49	10.355969944100098
50	12.299848142150593
51	11.051076880749108
52	10.15428897642679
53	12.131491484595601
54	10.2355610101543
55	10.398153350435972
56	12.06864583466578
57	12.941715575619261
58	12.02071493093004
59	10.537912419237173
60	11.573853983874974
61	12.581983585636499
62	13.092696596611555
63	8.154384671236606
64	13.255687664177445
65	13.094827948215721
66	12.552043988889853
67	13.063436384333283
68	12.956562827795079
69	13.401517176581915
70	11.384547087437108
71	13.7445708442283
72	12.68038233149819
73	9.291467342040361
74	12.074403569834201
75	11.9507266919233
76	13.692680445558974
77	13.994248779168673
78	13.264018453615863
79	8.70826512681176
80	12.91788492964719
81	14.558741841005261
82	11.85563195908131
83	14.507665339353485
84	13.268378926631106
85	9.518553728665005
86	13.943681106961732
87	14.507524972538176
88	11.862188235690295
89	15.491620544492353
90	15.052797724887162
91	9.1733280097369
92	15.30089409746543
93	15.202188271482282
94	13.47846445251833
95	11.718980737485769
96	13.742591804415884
97	15.83770080262086
98	11.489846808787233
99	15.110013619680496
100	15.14104386577755
101	11.722885459687426
102	13.243380934109439
103	10.955308837309673
104	15.479859457781034
105	17.00011276065941
106	16.973316835107703
107	14.843387640094985
108	11.814446598299794
109	16.431267571437058
110	16.25064864636518
111	16.722113253155573
112	15.024657101508017
113	14.072961672288468
114	17.06600762432956
115	9.604710704761986
116	4.5104779234438155
117	18.22966081310771
118	11.734838494708582
119	12.409828940599885
120	12.293267186422632
121	15.701389867828562
122	12.10026882131677
123	13.068303134276249
124	14.834080435820866
125	14.130807792675709
126	14.470699378370966
127	14.453870761386177
128	13.401774773475688
129	15.913831101239824
130	10.563838084164171
131	15.318445269840677
132	13.563922398500585
133	18.429613698074107
134	14.592589019856167
135	15.67437084198962
136	17.26344636999551
137	12.421453561573193
138	13.738502884120628
139	16.382341789930553
140	17.627907592932228
141	13.987263586932189
142	15.611935031765574
143	13.143284415452372
144	15.94714128173266
145	19.295996321186898
146	16.162843105875044
147	16.858246306558016
148	17.86893142560141
149	20.147505541493807
