0	17.64486959807307
1	21.458429814098682
2	16.726686407360685
3	19.655505606399423
4	21.462583259976437
5	10.133363490711787
6	25.90066294990832
7	12.085016997115112
8	14.511132260294382
9	15.286841838569472
10	12.14508081029497
11	15.558697890118843
12	13.81196477401468
13	14.86565744532372
14	13.328523511001055
15	16.109443032543457
16	18.46676980732261
17	16.962867967426014
18	15.54577327175544
19	19.016115792687636
20	16.882646022286284
21	16.657601791718154
22	18.494727745202184
23	16.99272925186716
24	21.734737490608815
25	15.818836156561748
26	19.781052397955317
27	19.328919045507313
28	14.86013001295403
29	11.663126074024913
30	9.02929706752628
31	12.989048712629415
32	19.02032841597691
33	12.624553850192136
34	10.911014139258171
35	14.373226222765254
36	14.51044059671182
37	13.164875900681135
38	10.926273064946994
39	13.263628310351542
40	14.133069523202874
41	14.347203817785765
42	14.331226564781677
43	16.87115466846854
44	11.408356533693016
45	16.742244862918522
46	16.041232197808625
47	14.866791973343137
48	12.425959022124061
49	14.78406750838689
50	14.555339216413085
51	16.839984482249438
52	15.4853907765728
53	14.101781944537674
54	16.456631565253648
55	16.457734359024844
56	17.715530595374553
57	11.516814078791654
58	12.84866624492155
59	14.724195814240488
60	15.27969070457845
61	12.207115719420518
62	16.466094300133186
63	18.549403235935753
64	11.661371337375524
65	15.517181662424822
66	15.938324142445055
67	16.87228631669604
68	18.21254338801163
69	14.701778701369022
70	17.74559722995021
71	16.276832696771425
72	16.600914597397207
73	13.323978028184172
74	18.76108268442745
75	18.977229829621983
76	14.43551777680618
77	17.213012877749694
78	13.333450849862373
79	21.53371051729281
80	16.4496988922583
81	18.346452879248858
82	20.337677798153507
83	16.39535780207809
84	19.22228216558193
85	18.605976349963164
86	16.87600777154802
87	17.15150153187666
88	19.937752839764173
89	19.24976702353518
90	17.499709658078515
91	17.463973871956124
92	18.248320165692334
93	13.976531062423387
94	14.924021356002356
95	14.584312669845371
96	17.931715157324355
97	9.51100917080823
98	12.55945857879928
99	14.999583327835921
100	12.709638006042848
101	13.538064225512159
102	18.4710349507121
103	14.109029199550303
104	19.29130298811278
105	18.532091881399236
106	13.542688885527838
107	16.878112169748317
108	13.048253705893408
109	12.855720726976369
110	12.284921068840681
111	14.012726634187295
112	14.314549185131671
113	15.070608709943912
114	14.517213027393304
115	4.511094138740987
116	8.959342677352488
117	10.27696268877575
118	7.6399176478133795
119	6.178534497047006
120	7.98705426720645
121	8.886528728024654
122	9.44806222229504
123	8.606689119300754
124	9.304030776451892
125	9.30558072436903
126	10.002740571740485
127	11.664442495051041
128	7.5682609719912355
129	10.482835230159449
130	7.360892006141821
131	10.971257948572347
132	11.805082526511463
133	11.462069720246276
134	10.271886938070338
135	7.919911930840292
136	11.452382930727829
137	6.943415750640579
138	9.584787823535525
139	10.268824680859257
140	10.005255577049937
141	10.139499713162326
142	10.275908990733598
143	10.417009270331256
144	9.723702130462474
145	11.733542529137477
146	8.12076484675142
147	11.668282430643004
148	13.54860280915112
149	10.757305571656921
