0	3.109228137289609
1	3.5807730061709586
2	4.1384435146057355
3	4.465043668141317
4	4.036655414077317
5	4.814037011997745
6	6.055341244239662
7	6.421042591663997
8	5.381572663240601
9	8.215414107774976
10	5.611619958503789
11	5.4971377209358625
12	8.216552243210106
13	8.554674532133566
14	6.0680513304762576
15	5.929355935247
16	5.388042443476201
17	10.280663977797383
18	7.989659615084077
19	9.790768949933188
20	7.750325002387645
21	12.645800552214919
22	11.975998742613363
23	12.590470743917571
24	14.137808010692432
25	13.423801857715924
26	10.797479552810225
27	20.94419148367356
28	15.239105789012424
29	16.828697898734763
30	17.153033747477682
31	20.672796833235733
32	21.812263008575503
33	25.983767882637554
34	8.102542504828428
35	21.012743008474068
36	9.235740760574192
37	4.0234033978792265
38	4.241566618919696
39	14.66448130237054
40	16.797676578205216
41	7.652629951039152
42	23.947414537346692
43	6.400026400456116
44	5.742994698903889
45	18.174156530325256
46	6.963444161988833
47	19.05894621222832
48	12.90031910779666
49	16.81719939211905
50	19.06778463819819
51	6.0527415706408
52	15.274556869510377
53	8.557687478450157
54	21.45532357629579
55	6.503280383857662
56	12.319368693778303
57	8.32827442561643
58	20.854791908693738
59	15.615474971545394
60	7.1946962316876455
61	26.04538720181835
62	24.46192424292248
63	22.303231025594034
64	13.920747208424261
65	27.919275711320726
66	23.451490624833312
67	20.26497250107128
68	32.9012720649917
69	23.050098294408922
70	14.677701729103692
71	24.39713000188531
72	10.343950320610073
73	12.900442970076117
74	27.233172169294047
75	14.20817930537733
76	27.967995842727973
77	17.429782652989108
78	14.109156734755878
79	20.6820218539904
80	21.44471219182112
81	15.059159296223383
82	33.333216544467085
83	20.445706674628205
84	10.367074459904595
85	16.8337240423637
86	13.076745378837998
87	10.027150936366953
88	21.01213093886166
89	7.4258920363168555
90	8.665341201295451
91	23.953710240144833
92	6.857467685115824
93	20.557356108236235
94	17.04772520087862
95	7.084834108422456
96	20.507066672664394
97	19.36328774848687
98	12.175535158109442
99	9.351792771719438
100	25.985035010413085
101	10.479138052403977
102	8.441748649300973
103	25.891531793880713
104	20.916334057481
105	23.632020066386406
106	9.03393746657379
107	11.726351078097071
108	8.562608819038958
109	28.471283643399758
110	16.82173216664972
111	11.717922095294108
112	33.140431759909546
113	11.376608706556553
114	16.008881897217325
115	9.24513485215557
116	1.9884065065113121
117	23.767596775906103
118	13.762725227901441
119	17.679397971579753
120	14.096626507349463
121	20.67319709524204
122	18.707450336921294
123	19.923092139191123
124	18.975550383068747
125	13.537813458346507
126	17.346819200425937
127	18.068800965457896
128	17.65410245544117
129	16.707523561855567
130	19.206337033348035
131	20.44293268016934
132	17.95520158869746
133	18.29071209854917
134	21.023348429130117
135	16.929269389023727
136	21.827781648197337
137	16.965524914754404
138	20.78483390747999
139	18.792272754496558
140	16.480258674817094
141	16.481844826833843
142	16.655278725460345
143	20.86293765220783
144	17.680612125194397
145	15.489714669795111
146	16.497872949373082
147	23.26865961579237
148	15.539525655316755
149	15.371539880057622
