0	25.580601064941263
1	28.497530612274613
2	17.933411204471863
3	26.500932289599355
4	19.37859044162282
5	27.337550505530277
6	26.57077955976738
7	19.216923226041622
8	23.344019357272717
9	30.232638425497328
10	29.728774117178546
11	28.845007493301754
12	15.331119776905549
13	20.410812122863124
14	21.751018955428812
15	14.742624362793965
16	9.41795378060789
17	9.54919172822965
18	16.529777531495455
19	20.500195291071353
20	17.66951861219605
21	20.662013583506223
22	20.71930498178769
23	18.701722417707774
24	24.36912764858693
25	15.873245310482691
26	8.905709506320727
27	29.735193800408208
28	18.32930394056144
29	13.971766918517941
30	15.593470853960415
31	17.833808498502233
32	12.718176370591266
33	15.229352419611232
34	13.307320870330347
35	16.020234999801925
36	15.855105826951796
37	8.160878988973415
38	22.30682039449937
39	10.965531170658128
40	17.096139094502814
41	17.2582630258754
42	7.250241642464722
43	20.40427259034195
44	12.100225921097799
45	11.511014961077793
46	16.90821671829454
47	15.292398905593158
48	11.584013978835907
49	13.853845080868197
50	11.909825851877667
51	14.142505808331979
52	13.545032712984947
53	12.756635270185797
54	14.12095511218451
55	12.098954643955066
56	8.59330954217734
57	14.810045039746772
58	15.06237188781371
59	15.503562419145332
60	10.036954352106514
61	12.546200582961225
62	10.861758432027719
63	13.713691593486635
64	13.647406148655907
65	14.678371128723938
66	12.512961663371858
67	10.242676826794572
68	13.54425311032206
69	15.65248014273873
70	11.88790651900828
71	12.688310674314897
72	11.505630192874612
73	12.614065004856078
74	12.177907197812118
75	10.037334061719523
76	12.512004192210375
77	12.127672490009168
78	11.659161368653693
79	15.80858259402724
80	16.646250058774967
81	13.791750574651546
82	13.297272238293486
83	13.131388734242929
84	9.727774013853864
85	13.643869796556539
86	13.457108966233653
87	16.92978993409648
88	8.404516381692908
89	16.022866351700888
90	13.851183518557882
91	12.793401391589002
92	8.196895646701357
93	14.340096827837636
94	6.749861189259558
95	11.86866926142557
96	11.274457055735676
97	8.304393161935002
98	9.18814797868766
99	11.377930362259088
100	13.986432773266918
101	13.308594783086749
102	10.057974506079555
103	13.92756086679546
104	9.964881874499442
105	14.459551813677631
106	7.33856685348917
107	13.850917916400672
108	15.300805198321124
109	13.956194877558778
110	13.577220220208622
111	13.511193216719722
112	5.085295495820058
113	14.30340054310702
114	3.1269571025738907
115	10.01555528237522
116	5.808090788742429
117	5.498018795548354
118	5.704415845391247
119	4.67309181361134
120	7.163453454997525
121	6.516236145644839
122	5.400015945373364
123	8.996899824414388
124	7.458223848625171
125	7.062290891666543
126	5.794079937171646
127	8.799213346965164
128	6.735657356361057
129	6.943098198073371
130	7.371586361030162
131	7.749244631625094
132	9.005265451130679
133	8.095182646681582
134	8.678657902494605
135	7.662608600136513
136	9.31269918202375
137	7.356432550133026
138	8.797315734267174
139	7.975326215914996
140	8.816579428579075
141	8.70609575945789
142	8.07127299531806
143	8.366114651152683
144	9.211565333347098
145	6.529965971814687
146	8.386209275602868
147	8.798635426246499
148	7.870762335706199
149	7.252252998524037
