0	11.422881953734473
1	10.938059580574938
2	9.983602465321086
3	9.156101843300046
4	13.29303059679278
5	10.20273499504227
6	8.511604668289642
7	11.479965248633464
8	11.025407148384003
9	9.682497878740708
10	11.45901127801829
11	11.594804887760857
12	11.220922978727696
13	8.880173414214307
14	6.758163340404264
15	10.345691045649865
16	11.387803259975101
17	7.406172894568658
18	11.362037367204362
19	8.534859171187989
20	10.434302199197433
21	10.54295286417232
22	11.623795409810803
23	10.797102027167588
24	7.400186238165223
25	8.271753851433616
26	6.308349030060037
27	5.814823457556711
28	8.249134709622924
29	9.506016237200788
30	6.375716219822792
31	8.665022363964987
32	9.092583869822022
33	10.221344841262544
34	8.926120494556175
35	8.026593485264282
36	10.0062091830204
37	8.21487275431498
38	9.868180993153114
39	7.644922892798315
40	8.740402491656836
41	9.667334304316899
42	7.626194578686573
43	10.629407302853611
44	8.930864744907737
45	8.874048076376752
46	8.985923469829117
47	6.719865424213689
48	7.475106812571299
49	10.492282763879714
50	8.194091448274532
51	8.929948962610936
52	8.49889436555333
53	6.154441342975595
54	5.235360201009788
55	9.100394415703969
56	6.737837081436913
57	8.302846799544746
58	5.916114108400197
59	9.575117126466134
60	6.3671359658548745
61	8.252117611647808
62	7.568860294090884
63	9.326902005658715
64	9.863311988469215
65	8.137215982999841
66	6.716809064930793
67	9.872803445782477
68	7.174207855422136
69	8.767278815673613
70	8.300385001562288
71	8.420219531896942
72	10.346859770984844
73	9.404233095557974
74	10.197770382752736
75	8.090077204513129
76	10.199174729842042
77	8.081316734254974
78	10.460553790864687
79	10.43459663867909
80	9.214122267757414
81	10.345106062371796
82	6.947237200158595
83	11.706566741873177
84	10.68655723965163
85	9.804931780772632
86	7.608194326495953
87	9.213605792249217
88	9.099544857303943
89	10.465781824425102
90	7.509811126201677
91	11.819754661358676
92	8.384817117439777
93	11.364188505973036
94	8.137291764858965
95	8.532242268980056
96	11.652346699792728
97	11.25485505328765
98	8.793234865584633
99	10.233367861380872
100	11.509195070214146
101	8.533748741414193
102	11.506085382565669
103	9.326727162553537
104	8.896357945471815
105	11.712009884208724
106	7.999143860026611
107	11.366125587230977
108	10.598148168380435
109	11.311941103621814
110	12.324327896943668
111	11.848963276553814
112	13.009400534352924
113	11.812020134872823
114	7.6318866574250785
115	10.142679586640169
116	12.158844990438995
117	14.278293283433948
118	14.65182403590523
119	13.322924433557082
120	11.252511545943953
121	14.65688262359427
122	10.997551447969961
123	16.23687608259743
124	12.75629296100864
125	11.678102224493747
126	15.769999456888783
127	16.465673233854197
128	13.19896604359622
129	16.97472331878078
130	15.500650995214057
131	12.190477536921112
132	14.415424100931409
133	15.569268809913826
134	16.533730098701437
135	16.57722053235233
136	16.11051713540873
137	13.935514849273513
138	15.939183526442642
139	12.786821983814376
140	15.285643084889912
141	19.78948562410066
142	18.126679850662345
143	16.572313282968423
144	13.115692915172746
145	16.76598342477311
146	14.968968301979102
147	14.360329061047317
148	18.345127729459755
149	21.671974393536228
