0	6.560751981515796
1	7.096975978167674
2	7.0072740711976556
3	4.8637274565613815
4	7.364605703862623
5	7.90086988990042
6	8.34678627439795
7	8.441853747652543
8	4.503887801347488
9	2.943159791119913
10	9.1246442514827
11	6.192044414498036
12	6.471202630305663
13	6.1137854356981185
14	6.47178355883201
15	6.5603984416463135
16	6.740175884409217
17	7.095947338839899
18	6.561164864356926
19	6.918020302558831
20	7.811334315909952
21	7.0966544630803465
22	7.899712670656672
23	7.092605455680004
24	6.8332670781952105
25	8.793516697891748
26	7.20388599792693
27	6.915895466072831
28	8.061466781981903
29	4.964005050101552
30	7.614767515804889
31	8.16845942620945
32	8.257396977997402
33	6.485693865264237
34	9.576325598533987
35	7.989825265687934
36	8.633290407024496
37	9.309441668847388
38	9.33001462186974
39	8.972230219248676
40	9.15052313019642
41	9.419336167617823
42	9.238207161581887
43	7.5446846441629996
44	9.239750149528396
45	9.508746662430374
46	10.043837227703627
47	8.704121150075355
48	8.525885279070375
49	9.687571703931976
50	8.525177899429176
51	9.151117371835744
52	10.786385347856354
53	8.883160760650584
54	10.621195213977275
55	10.803617689646055
56	10.088399658197929
57	10.181329427065993
58	9.484229714665151
59	10.718922479656747
60	10.241041230855458
61	9.438380175025303
62	11.611874337598739
63	9.553318486239947
64	10.847462819374561
65	10.75905858019603
66	10.937083822353996
67	9.329928117061119
68	9.240436242230798
69	10.159257170889438
70	12.690082612934741
71	11.473299295283168
72	13.025075325079277
73	10.197208413527417
74	12.098296818420753
75	13.79569863237849
76	12.218805928160432
77	11.176441580077588
78	12.098068546733645
79	12.903243908947273
80	12.812947599768899
81	13.163966744092638
82	13.479298516339917
83	10.998191889090268
84	12.932194507134305
85	13.897523175896177
86	8.34678627439795
87	15.8872330714161
88	8.461278480636295
89	13.442069913388488
90	15.142430111682405
91	14.369967273917407
92	14.066737507510018
93	13.217510714954386
94	13.344919325478623
95	10.028389703142404
96	14.114241602611456
97	13.707031749267472
98	8.972147291596935
99	13.259658735114149
100	15.491273686512589
101	14.957129315654829
102	15.135915095495113
103	11.771127129397023
104	13.625561691233708
105	16.341286438637496
106	15.756488418970527
107	16.345520182969512
108	12.264747792470267
109	16.698808277936912
110	20.458339525960376
111	12.691161918227216
112	19.063303713147594
113	20.35295672510369
114	2.229577301098783
115	12.321937270860118
116	15.268729930453885
117	16.610824873605356
118	12.58631724685228
119	16.924083416705237
120	14.375037394776742
121	14.912468988681862
122	18.260762503823695
123	16.83156942624401
124	15.22450876680938
125	17.240867788205893
126	19.63194720844513
127	11.161106309705433
128	20.247598209895507
129	19.547889945699186
130	14.606539080726044
131	17.488546654930122
132	18.559406323533114
133	17.0339557233948
134	18.513395758618838
135	16.20600580762763
136	16.030821479717037
137	16.11737451333154
138	17.590758172703403
139	16.655820592961952
140	19.19837735807475
141	17.377476978194366
142	17.179977163701505
143	20.485892287421713
144	20.101035778733706
145	22.13584729415396
146	19.17458212581112
147	18.653911065364966
148	16.556950378780346
149	17.160000595961524
