0	16.504296555186134
1	20.888089300863907
2	16.176428779499762
3	21.920310378557332
4	16.901832275055384
5	19.526788479686584
6	16.14195549978088
7	16.114888178345165
8	18.660716002531014
9	14.7486248085849
10	19.34159903697134
11	17.07624036864145
12	17.253509507763834
13	17.012961109399285
14	16.84424542206886
15	15.45360026051523
16	19.70168502662457
17	17.344760716481183
18	17.99439861362754
19	15.970349244185044
20	19.41643692128023
21	16.085008862473153
22	16.776434874737486
23	18.51110654544135
24	19.23970429650397
25	17.57719067849357
26	15.648046796410554
27	19.349553841799302
28	15.993887551760038
29	19.65437504492255
30	20.95179040247329
31	21.752192425705328
32	19.638358116374615
33	22.78415257751154
34	16.099913294693255
35	21.759400323137314
36	19.919867579474285
37	19.93077235794119
38	22.26669447328731
39	15.643444089635729
40	17.744182023782358
41	19.119946991399566
42	17.0424409227718
43	23.79152747073077
44	23.298995472579612
45	16.156549134210188
46	17.698596862983603
47	10.307557938054323
48	17.070055241078563
49	10.846895208697006
50	16.943493518520185
51	14.749320372205894
52	18.155017024123453
53	7.437612169043704
54	4.38640288945258
55	11.733496396714713
56	12.754875828225286
57	10.847900023109421
58	12.788953931776193
59	12.215112981994142
60	12.789913545270254
61	13.587823947296036
62	14.273520035116924
63	11.76051987852973
64	13.358559558714834
65	14.244795073544688
66	11.793864835475093
67	14.50095611641023
68	13.24512120846049
69	14.302827238489225
70	12.567268352040953
71	13.324115317712183
72	12.046896337885686
73	16.156549134210188
74	17.114923746661706
75	12.693195333525319
76	13.72088424127971
77	14.03175870630494
78	17.126822123865857
79	15.008840246625244
80	14.336576326156557
81	14.478883460293504
82	16.045409813125016
83	10.70417702415361
84	13.64710497584905
85	11.818827079700045
86	14.501092920040753
87	13.926989552269802
88	16.674206173287125
89	12.873586143466193
90	17.430795057501822
91	14.443451713604075
92	13.929483733543433
93	17.106911511069264
94	13.104348331686626
95	16.19905403451683
96	15.985721611243944
97	16.343576175406255
98	14.672517251576874
99	14.991493217904937
100	17.771374228425113
101	15.130717044976912
102	16.624696105849516
103	15.267640276780115
104	18.112942987938574
105	15.794529075031678
106	15.037444588273788
107	14.043933037005964
108	16.386328594942523
109	17.071519842523045
110	15.527335109140571
111	13.180719554538205
112	15.938315499340307
113	15.413593683601636
114	13.071133452054113
115	13.134137173063147
116	17.06526952633226
117	9.305167770043951
118	9.106202547279507
119	9.023894841400235
120	8.196716333713997
121	11.67646148963031
122	6.4940283405268415
123	10.386781397378023
124	10.188331820451197
125	8.997236000909723
126	12.103430953546093
127	8.00339998717853
128	11.430706995017047
129	8.89167376874738
130	11.665890778377598
131	8.427403550602142
132	10.249759241946625
133	9.415908405879541
134	11.275573589758919
135	10.644904711436807
136	11.161793354432717
137	9.901044295872452
138	10.19395509867449
139	8.790686823733173
140	12.01683483866512
141	11.764358295938006
142	12.446245457046524
143	11.053839836283244
144	11.581578329564527
145	11.075376618151974
146	9.654902974690856
147	10.05543750663218
148	13.99647391778187
149	7.577582878994319
