0	11.32963705324197
1	11.340110129664563
2	9.817534851523119
3	11.145404319779333
4	11.24489011379495
5	8.21250419840587
6	10.44869711100823
7	11.667692741471988
8	10.928290982025777
9	11.946261743840946
10	12.409417506761171
11	13.930117894483205
12	12.610447317057357
13	15.72764734669098
14	11.380916148187598
15	9.778040087873212
16	14.916959689871183
17	11.120403623714093
18	12.82759062409462
19	11.98842297890796
20	15.444564952703558
21	12.741921415969275
22	13.527822745642165
23	11.626667386591821
24	10.240923936141424
25	16.213126884856212
26	15.124047075349168
27	14.711060767542383
28	14.712949175765695
29	12.490511069006565
30	16.358025523600556
31	11.391863456115589
32	15.165580731374629
33	15.206468239080118
34	12.071957912132884
35	14.138491412835211
36	11.641409112075362
37	12.24184334749655
38	14.051378234629162
39	9.904258842928487
40	12.119948627142268
41	12.146518459856313
42	10.315557026405834
43	12.402713842760628
44	10.61747554803909
45	11.042704885479152
46	11.920680702575918
47	10.763127541971397
48	14.544511454688836
49	12.253720192827165
50	12.448730802841691
51	14.498111630254321
52	9.01237408394976
53	10.870149289962336
54	11.961862563514902
55	14.801031478489218
56	11.712992301666498
57	14.173540054943334
58	12.904808504408209
59	13.277340545376978
60	13.395490164869635
61	14.054327205402162
62	13.560936460188591
63	13.69923548920096
64	12.67502410550538
65	13.593915482404618
66	11.58629832551875
67	16.53131381112835
68	15.045083727379524
69	12.729830781416341
70	12.052347385568975
71	15.905125784452625
72	16.359126184804275
73	16.604372289584294
74	13.689611665946593
75	14.90860370927213
76	10.88663975174635
77	16.11352207455154
78	10.149880528967286
79	13.025271443834743
80	12.445717777290596
81	12.95247835715895
82	13.725157889786319
83	15.324125651988284
84	16.14923740737927
85	13.854981964824773
86	11.597749748250925
87	12.695947488199367
88	16.681753983283873
89	14.683744624538523
90	14.750137969023971
91	11.905689016772456
92	16.068674908838112
93	13.030721985671406
94	13.973918493116368
95	13.759413945587996
96	15.007583938527937
97	11.162178505526143
98	14.661576763427977
99	14.593299779620933
100	12.622710882293598
101	14.465701905080447
102	15.905584132260165
103	15.70031059497993
104	17.262219029011824
105	11.286567611140043
106	18.119839179310187
107	13.310717915897794
108	16.67056524268815
109	13.64432890863703
110	16.327240153532646
111	17.95044497949702
112	11.350946616956236
113	17.675015525476972
114	18.084380751470235
115	16.517949411948194
116	4.746836537044917
117	4.563449179204033
118	10.816814283117813
119	11.368964538106884
120	13.478916170587432
121	10.310334156245544
122	10.516702669239255
123	14.580612890900964
124	15.494287677575713
125	13.073747501797696
126	14.911838080353782
127	14.084435403234169
128	10.11014778021737
129	9.421911914154535
130	11.495439945565668
131	8.99801126680202
132	12.860452170932472
133	11.121033724547168
134	11.965977385184068
135	13.684423759412837
136	11.469269922526042
137	12.979514229926925
138	11.00870332374816
139	12.653851895509668
140	12.246019554886173
141	12.282738954613443
142	14.509335331702996
143	14.218334967793414
144	12.902355655509231
145	11.99756791046595
146	11.791655055476621
147	13.647937823448755
148	14.82998447094718
149	15.74419857389781
