0	15.68078284620563
1	7.557329870275135
2	5.816412790776314
3	7.280066367225101
4	15.545963698930574
5	12.631128615749766
6	11.81652637614386
7	16.53191935033477
8	16.569426567750252
9	15.413813330617579
10	18.785374893512298
11	19.581373948254257
12	15.816779046934329
13	21.025276811113073
14	11.796527159685
15	16.481825576876858
16	13.33568619276934
17	16.158126948580456
18	13.235461448103607
19	14.693165340727289
20	12.742677206857467
21	14.509597305444697
22	15.402740486994912
23	18.457232574592947
24	19.06688062059356
25	10.56346110881265
26	12.71138376029908
27	12.725567783496032
28	15.876399249768616
29	13.134870058349435
30	14.564864217988854
31	19.967401683684585
32	14.937369789397861
33	15.965218573154232
34	14.11780507447936
35	13.682300321238992
36	13.382411429578626
37	7.3694158435273565
38	9.154684153502231
39	5.020404209814396
40	6.2417103108270915
41	1.4040981365069767
42	5.390219331495211
43	22.448647885503643
44	13.784272149217287
45	11.653443240791693
46	12.644180943379688
47	15.261659569811972
48	12.818438602000185
49	13.086520417116848
50	14.849467154652833
51	13.850477205840031
52	13.602711368212413
53	14.984934643996917
54	11.362375977613109
55	12.504114153948885
56	13.41879093363869
57	15.361391067657935
58	14.040230590548743
59	6.200014637117526
60	13.310446582252483
61	21.57196708336159
62	12.677508710046476
63	9.077316578957735
64	8.762803566505186
65	11.105486964242932
66	10.774563553737073
67	12.959122772514387
68	11.785839078005957
69	8.074314912040313
70	12.286468637161802
71	13.160852853840812
72	8.329820095018219
73	12.534802773714878
74	10.814263688944985
75	11.809618464963176
76	10.292445203859728
77	11.4733544199158
78	8.77893299493114
79	6.0660412319834
80	2.5263159426433415
81	10.210273071506862
82	20.821368108874946
83	10.328291903451717
84	6.507885046061382
85	8.41946632567796
86	7.730336270407207
87	8.891161809419645
88	8.385646659577873
89	8.610637974620927
90	6.040289021662049
91	10.282275339293918
92	6.573483757308138
93	8.837388848288247
94	9.725382252844867
95	10.349307402930558
96	11.7868371145322
97	10.703889398332437
98	10.403116695142995
99	11.80106467404953
100	10.235104751430988
101	8.356041506769687
102	9.013497545095067
103	7.19508011119782
104	9.623937945495367
105	7.542887969659034
106	7.087736648478265
107	7.791939122317893
108	8.825993589039966
109	3.892718853614843
110	3.8461854431901585
111	17.422148405821353
112	8.496900004014032
113	10.749858292395285
114	8.51715094945052
115	10.967045607616841
116	12.328676495845334
117	8.400170830929362
118	10.76052198422853
119	13.087909106230443
120	10.401187433484315
121	11.362163051811859
122	12.348904919270687
123	10.328580317983329
124	10.495961121257658
125	10.772452761778977
126	8.026822275574073
127	8.793423416283304
128	11.578006854839659
129	7.951435656365583
130	10.07073862263234
131	8.214503129671495
132	10.187651843485735
133	8.797805179733237
134	9.974609875126697
135	9.534138733012638
136	9.248898213864699
137	10.93927037413956
138	10.881057956561342
139	9.686523195618724
140	7.9334473954210845
141	10.591457430948868
142	9.88100357852954
143	6.8050022175315545
144	9.55522634587349
145	11.973874040401356
146	10.114876220383996
147	8.261629358685312
148	9.342080996500183
149	9.838530781955749
