0	15.113075885494208
1	11.975725952525405
2	15.433551989818163
3	13.310188542678194
4	13.370263067264542
5	14.243065418279642
6	14.168331529843064
7	15.103977259843571
8	15.44088708171492
9	17.01218046754912
10	16.602297979520667
11	12.882170043503498
12	14.07265548307386
13	15.900216235038279
14	15.281334766842038
15	15.436953835558159
16	16.378191417193673
17	14.490178132852831
18	16.70291349239765
19	11.902807852699226
20	15.881126888278224
21	16.312863966495797
22	18.160152462504563
23	12.938745397578531
24	15.560925903558923
25	11.452927313745935
26	17.925877042932832
27	14.651906592311054
28	8.995643591153922
29	12.019655361746707
30	12.349458628177313
31	11.447376368176606
32	11.858792194070313
33	14.279905612439881
34	12.156968459970166
35	12.799557877910866
36	13.991407810803112
37	13.50526377549403
38	13.289745852357886
39	12.024210374671686
40	13.266454701353835
41	13.458441411301642
42	15.464394473686006
43	12.899061461222418
44	13.475154684725334
45	13.709712329378563
46	14.897046033736785
47	13.068059545565507
48	13.023908791111262
49	15.612629808506323
50	14.282807932471766
51	13.926664205753797
52	15.02557287589948
53	15.27732499176177
54	14.638435238415559
55	14.342116673508679
56	14.459313972738986
57	16.434866237577964
58	14.44867394911407
59	13.529421308828802
60	17.60334629140083
61	14.251246055655251
62	15.689566728946236
63	15.854977670839187
64	13.508104877313901
65	14.606353585575453
66	13.088008786246611
67	13.234810527478574
68	16.45416529857628
69	14.250020450580857
70	14.906885552462821
71	15.64952917376769
72	15.925532838785951
73	14.623931490916215
74	17.302711974525945
75	14.865644289383868
76	15.811917373492456
77	15.31856419307055
78	16.59905462850493
79	14.650189554965356
80	14.956145423255043
81	13.257109031977144
82	14.818021281655072
83	13.550185079538137
84	14.091075021179867
85	14.27871755295007
86	15.8460054616489
87	15.863657381843945
88	15.525057466606084
89	15.56047798262434
90	16.399137600662197
91	20.21076206060353
92	22.521102252760908
93	19.370522714156156
94	11.0123615373877
95	11.757107432229237
96	14.5429450194667
97	16.179976770049862
98	15.150101232758288
99	14.534463357910681
100	13.398464041968658
101	15.754810612505626
102	16.234654205610983
103	14.200494761510097
104	15.979619073696593
105	13.796398130398662
106	15.945631680715325
107	13.842007393874683
108	15.927825472207848
109	16.37835004343754
110	14.49510928517292
111	13.47178387668002
112	1.3811719304241867
113	8.388672990796165
114	8.066705149439121
115	8.956164400212392
116	11.440242566268445
117	8.708911098210383
118	11.185682551561815
119	12.79798705961037
120	8.017601819663904
121	12.98089037224621
122	7.344107041858763
123	9.779620622943611
124	12.064552136762343
125	13.515758696150613
126	2.907789493164209
127	10.82573281874146
128	10.003483802205283
129	16.42854836532847
130	10.619890915522987
131	10.346751899097562
132	11.126010679088582
133	8.626070369137638
134	11.804153028002673
135	8.14159238052573
136	8.45846620966403
137	7.161161445408137
138	9.130475606834729
139	8.47897314511762
140	9.294956827313614
141	10.955050531836848
142	9.00687432366376
143	10.38701778257882
144	9.860034604454809
145	11.5231424039073
146	8.87412956802251
147	13.188255395496704
148	9.60613582151524
149	9.491264404390122
