0	13.436560463715988
1	12.4349686336544
2	13.231554385584827
3	10.022955654242256
4	14.087461787015814
5	12.666599665706078
6	13.141901053587596
7	11.957690771084911
8	14.27671090311449
9	13.749315937107559
10	13.240735394685455
11	12.997476445444649
12	13.283735163601829
13	12.526931125863308
14	12.286129345279893
15	14.420747826020099
16	11.8436163811884
17	14.384643846566906
18	12.478944738138422
19	12.035555561237159
20	12.353644126595457
21	13.506507172948261
22	14.285154927350145
23	14.46485805118771
24	13.222597691658358
25	13.754944637631707
26	12.586775902206522
27	17.11407878653632
28	14.273851350744916
29	14.606683654052633
30	10.446172135220248
31	11.42339925331441
32	8.814482972619182
33	11.390897048166067
34	9.40623691101675
35	10.658964155674274
36	11.885505446742744
37	14.360160009178125
38	12.100182572121277
39	8.645935660285677
40	10.917679544230776
41	12.546036697525652
42	11.58107079293425
43	13.975857132391905
44	11.726327146094198
45	14.336799723149657
46	13.563403804001613
47	11.816777648905493
48	15.735773105503078
49	12.022915981149659
50	13.736307053840866
51	16.977296855073558
52	13.907473274270004
53	13.944299339666056
54	15.835231719357296
55	10.991392033718924
56	15.892460423990185
57	15.404223784595914
58	10.135242412608607
59	13.46000379417285
60	16.5911275276762
61	14.521980736072157
62	13.361626476287364
63	15.64194378459951
64	15.45704524341905
65	15.128447505239485
66	14.941608828759811
67	14.842776462089134
68	11.717146974239661
69	15.281158885346773
70	16.109603567781942
71	14.280796902250085
72	14.557880089097655
73	15.452164198007766
74	11.365634750334895
75	14.133662607601439
76	14.606405177259905
77	15.645538935691375
78	15.642913455212133
79	13.67033429557997
80	14.652839153891751
81	16.390788334246196
82	15.643441461546793
83	16.64431318859745
84	15.319916364029337
85	16.45025884353834
86	15.829923122396668
87	9.868297710575058
88	10.149908376827993
89	12.242460197943938
90	11.250462371499715
91	12.998463611338144
92	13.317152558990692
93	10.74964601989904
94	12.606224218302026
95	14.03871239354377
96	13.442168479980497
97	13.737355729481974
98	13.424548753113735
99	13.43515851667414
100	14.701093872177498
101	11.13419000656439
102	15.609662663430289
103	14.497653829705348
104	15.468187931968819
105	14.977125429938765
106	12.857257669523573
107	14.083435035640957
108	16.07970713716343
109	14.035903160602496
110	10.967111366702689
111	15.91820812551282
112	15.889510356224326
113	16.690464712571412
114	9.783883081255478
115	20.902371227157147
116	2.221220933789583
117	5.29365444410041
118	10.114972488072718
119	10.141423918333883
120	9.240303883404355
121	11.275515259664793
122	11.884721172730051
123	11.658260919818101
124	10.819080115885193
125	11.396371931431192
126	10.890980792339622
127	10.824464619992158
128	9.831521413837606
129	7.5816435820203925
130	12.756177140069585
131	7.372168187228056
132	11.464155983481843
133	12.69946202492728
134	10.821415929549126
135	11.249720698606037
136	12.525981592559043
137	12.214038973935304
138	10.84779333784897
139	13.855558959687542
140	11.341597395824763
141	13.884921448830182
142	14.292966208459562
143	12.148258508569787
144	12.618853157766985
145	12.731444235038847
146	12.55404975070041
147	13.053046107395033
148	10.205985499716753
149	13.816731216119212
