0	4.567810335110057
1	7.480832755485062
2	6.314652532870861
3	6.6080690116569105
4	8.062869706717729
5	7.207775878876706
6	7.1718196882897445
7	7.480832755485062
8	7.480497810177045
9	8.937708274869378
10	8.062942947655724
11	7.7722123892996215
12	10.686033526075875
13	8.062651620205092
14	10.686132427560723
15	8.354914054738638
16	10.68553831028516
17	8.935995335844781
18	11.269433674974659
19	9.810679667377546
20	11.559709284860837
21	11.268175468803026
22	9.519302324964979
23	11.268490382769201
24	13.015475268367796
25	13.015719566792376
26	15.927758186403915
27	9.811762906042564
28	12.142017774367217
29	13.597570511878416
30	10.977163055900098
31	8.083535266227567
32	10.100477703110727
33	13.565609630691853
34	8.952172629575367
35	3.6861636421723123
36	14.81114193369049
37	6.592200217253287
38	20.58997297463289
39	13.598467200814747
40	27.081803833670474
41	22.933766762726393
42	11.874998525406738
43	7.756308192810071
44	13.631494095916763
45	12.69450667364719
46	11.00435890627613
47	2.5231465831014246
48	17.391846023142506
49	17.96781512147832
50	10.1260783716992
51	14.75966455205811
52	9.499425653400493
53	6.024703215207921
54	12.465818246003364
55	3.1047708717134763
56	13.015841719663232
57	16.548176072623207
58	11.534222660002449
59	14.47747321962374
60	16.505305535095975
61	3.4076965234302836
62	9.501687341389527
63	13.30815690722876
64	12.141108705469673
65	8.960612950711772
66	6.8809496839499875
67	11.268699814934369
68	14.763438959343317
69	10.123736348166716
70	13.568415942552983
71	11.268384888391127
72	9.544716480395786
73	10.076036788287787
74	7.787136559564624
75	15.315384878192027
76	11.849152529907157
77	8.938523981478303
78	16.512224024845946
79	17.675832236887693
80	13.049828155278743
81	9.49064931715837
82	20.89415855079336
83	12.724171252822881
84	9.518865509688906
85	6.607544473764856
86	10.68484464862833
87	10.685835729030995
88	9.519651938846346
89	8.354837870451135
90	10.417155296969307
91	8.04877091989863
92	6.308573304505806
93	8.964388156351287
94	8.627005524278232
95	11.000772601010771
96	12.405549546110512
97	11.559386432885896
98	13.88964906331458
99	10.685339795057184
100	11.850480238096099
101	10.685339795057184
102	11.55906279720831
103	11.267126933812394
104	13.59949296052521
105	8.354535405734898
106	3.985114769396235
107	12.141108705469673
108	12.142585804666647
109	13.306904340191041
110	15.9291214939958
111	10.412327770414342
112	15.608002100989136
113	12.433566128892762
114	11.559494048061957
115	8.64575740650986
116	20.58997297463289
117	24.669307125997896
118	25.541051698348614
119	29.03860880359787
120	25.83159959816089
121	31.15225059735776
122	25.481771982888684
123	24.731583214853217
124	31.86847768254259
125	26.998591511147684
126	28.74589210779306
127	30.494309497236507
128	21.763617639768288
129	31.648746439165276
130	31.07511218878333
131	24.733504992194636
132	28.675598110402298
133	30.489853713853122
134	29.972702178988065
135	32.17749076960443
136	25.830847499272362
137	26.70961535886539
138	24.149054708726393
139	31.949925098447483
140	36.85046339200088
141	32.2010091174775
142	41.66506816512749
143	26.42392172183153
144	35.15492362747517
145	30.414298329552018
146	36.902765170457904
147	33.79048599636461
148	20.534267963979623
149	40.6793806207908
