0	2.583337383463853
1	3.191319742774715
2	5.089983875005887
3	5.028782056290964
4	7.349965815812691
5	6.878446438102593
6	6.966115454517009
7	6.861053253994392
8	6.382827581553084
9	9.068073080386409
10	8.30625907273666
11	10.312772198422124
12	9.055773578319576
13	8.42784422340756
14	10.342588661478814
15	12.027698693953896
16	10.55718514979543
17	8.508856569617274
18	11.96080567341579
19	10.499209529629512
20	12.266778372076596
21	9.768480942417545
22	12.602493557487916
23	12.940289951052582
24	11.900116722671005
25	10.403857360738611
26	11.83487970303217
27	10.319439996819328
28	11.869470902680506
29	12.236152773524648
30	14.372876905971035
31	14.495433967331051
32	13.30432489788204
33	13.669955993323597
34	11.282302337386163
35	12.11627201480336
36	9.283241223974105
37	15.698133858317389
38	13.848682489936722
39	16.693621889518464
40	13.823226778288749
41	10.525912822407014
42	13.395468709664364
43	13.51939777880124
44	15.964406337381744
45	17.241128537888113
46	13.700694543274883
47	14.658042770339867
48	10.132071907388788
49	10.098942002935845
50	11.502374487337137
51	12.846192619911365
52	14.190063616651077
53	15.534579662077956
54	14.43627537992162
55	14.06618471138157
56	15.505515648339737
57	15.847515707642383
58	16.04070936226537
59	14.068181330010942
60	17.06119736052786
61	17.244096391710467
62	13.823749682324127
63	15.209459391134674
64	16.709064127070043
65	13.82348871195153
66	15.900288798446217
67	16.145203323418112
68	16.26658200127491
69	14.800523841435275
70	13.057215941330632
71	16.17143536277915
72	10.952220017222043
73	11.930881797896964
74	14.289443651569602
75	10.765910655107414
76	13.401032625665591
77	12.813871927351936
78	12.602137793115208
79	13.579450962780355
80	12.47952051466486
81	14.434907268867883
82	13.091100789271659
83	14.448327996049382
84	13.321955516988467
85	13.640396985427122
86	15.202213961519336
87	15.699876777282874
88	15.150117157914707
89	17.715725441535042
90	14.155219800718417
91	13.746034392151493
92	15.178701425610223
93	17.733548859358155
94	14.584722472893782
95	13.710540472869338
96	14.822766469629801
97	16.98286446613001
98	17.869882496760347
99	14.373013886726916
100	14.617858936843554
101	15.533693159642969
102	14.739590617924849
103	11.930211439606671
104	13.21362579404845
105	18.140357590630604
106	11.781598464288368
107	14.556922484622884
108	10.403374929651138
109	14.557060296386954
110	18.330537592578334
111	15.371930201078184
112	11.380656390395309
113	9.791736666255314
114	8.389325155321112
115	3.2025590892217557
116	15.865381304993706
117	7.489968561980337
118	9.158708607852832
119	8.204879132817307
120	5.944960493905057
121	9.28803915374398
122	15.690627117445617
123	8.076066379905674
124	6.512698491962366
125	7.351153408700663
126	7.578027277888722
127	5.029038462096919
128	8.096387319380511
129	6.361871096822577
130	8.694508968493906
131	6.3720208937977905
132	9.32548122097961
133	3.9218263849602386
134	8.449101023867547
135	7.594269431704561
136	5.4042331846007805
137	9.066741379752763
138	6.5402972581671595
139	8.899427153826576
140	5.626780334861314
141	8.81441699407594
142	7.472117623758626
143	8.557982141070747
144	6.871820557587464
145	7.243193964133457
146	6.297870033631284
147	8.805774377853023
148	11.854485110710872
149	6.694527655492948
