0	13.333823086316293
1	14.14078936882909
2	15.345605392178683
3	15.34692916076226
4	14.472454151673755
5	11.489270607368223
6	11.09062217841985
7	12.973162633116843
8	14.225628134779676
9	13.893247595000247
10	12.663703224615826
11	14.09495750198267
12	14.69338431446492
13	12.393079375874981
14	12.326567333350969
15	14.12575835805246
16	14.209634023123137
17	12.952405879741969
18	12.951392837332914
19	11.59218664967931
20	13.390169127574316
21	14.121172783004553
22	13.214789749236976
23	14.003887896532923
24	15.695934822322746
25	14.59631134064224
26	14.329948868039637
27	14.232992430744977
28	14.567735401998345
29	13.772617785565533
30	15.04838437290342
31	9.426347279930733
32	12.487754745815895
33	11.630664787075183
34	11.095483308820468
35	12.13576359170271
36	10.88628546103011
37	10.053931960781368
38	9.843999251858923
39	11.438238256782896
40	12.263606605993278
41	12.21675952857144
42	12.832803861360237
43	12.71994895983499
44	13.822744004488248
45	11.35102249106492
46	13.20517270888452
47	13.099659951858113
48	13.795290728918728
49	12.081091225748965
50	12.802606380580684
51	11.791117086921139
52	14.127603335531171
53	13.630721091801647
54	11.273568668435027
55	12.761635248534997
56	13.57388186054513
57	13.975292139734034
58	13.734688076296399
59	7.917155207757083
60	13.47802053056212
61	11.795677627007363
62	13.556344365219841
63	10.674708123725038
64	16.222166901185048
65	9.163353178518708
66	14.890454820334822
67	14.102540466364973
68	13.409503969229801
69	11.435264124464936
70	15.837712440973863
71	14.156826512492584
72	13.737560983687544
73	13.935022894391867
74	12.01324867412483
75	13.464171858992337
76	13.151885762082161
77	14.677521547555022
78	12.053219922882835
79	12.948068788016675
80	14.300726137389724
81	14.50323206066697
82	14.40681266252918
83	14.471344109236712
84	14.747796351477813
85	14.012438577396113
86	12.9174899363963
87	13.21121479710307
88	11.956992063242987
89	11.591320898352532
90	11.72534403518441
91	13.260913411362663
92	9.349709924978802
93	15.21696621875308
94	11.851994728975873
95	14.199547951464684
96	15.034257552368752
97	13.451997760852837
98	14.38403370841937
99	14.843170981931051
100	15.509059566938806
101	13.692766739711013
102	15.346487512802483
103	14.94405718297743
104	14.278880078758501
105	10.75239592980596
106	15.598206347730743
107	13.338393743023733
108	14.23929487651294
109	15.15197864514552
110	14.146981949708277
111	14.744409726595979
112	9.715869569023043
113	7.747018733499115
114	5.9833279605865775
115	12.278694530274711
116	14.485737644355591
117	13.73534408947212
118	14.93365319552923
119	14.809457537955867
120	15.441601234514923
121	12.650605548086396
122	15.629160634724048
123	13.631241165536359
124	16.779065164912726
125	15.358311762124721
126	15.398498426999664
127	15.54260870042055
128	15.943247085779378
129	13.52494292059418
130	14.539146536708007
131	15.25369707818996
132	15.260594951908713
133	17.227968116543494
134	15.838495066246267
135	13.125764501813382
136	15.168146936897985
137	15.972539966199962
138	19.017907351095694
139	14.844142705987677
140	16.071147312513173
141	17.28233601772624
142	15.149236289527222
143	14.620955078473768
144	13.831478621913677
145	10.652442301577056
146	14.027595824095071
147	14.118746092328859
148	10.4178881727008
149	9.84461762912191
