0	3.1021842032779294
1	3.6277728973526306
2	5.490506853090232
3	5.250681436499481
4	5.939507394899561
5	6.702106444721333
6	6.7033820057733715
7	8.904444929610712
8	8.742397611868519
9	9.457252005541498
10	10.296834277624319
11	11.608284029599092
12	9.622103564836626
13	12.45315778296075
14	11.972686803714256
15	12.046304032654616
16	13.043823697079064
17	13.334670991384154
18	13.711463624476018
19	14.372678016149873
20	14.704984491717884
21	13.674922640514282
22	15.293259777369146
23	13.782173413352274
24	15.616748378407852
25	13.049285394245075
26	12.411807033037723
27	11.273931002941907
28	10.191359417000474
29	11.207240164219808
30	10.536355119706016
31	12.786459197076788
32	12.20119708978179
33	11.480269976395395
34	11.72100238743242
35	11.078534539528942
36	10.800027234354657
37	11.11619026370239
38	12.489489661101448
39	10.946489860006185
40	11.26440836053677
41	11.489650054095002
42	13.785854902014371
43	12.119689050287079
44	10.832069732871465
45	13.714163384142712
46	13.451270411947398
47	14.852391365465836
48	14.225665562009965
49	11.842421436558556
50	13.6204058651313
51	12.531222108752821
52	11.865847357202297
53	12.744073605893302
54	13.671793746683695
55	13.079877244543164
56	12.410272136588063
57	12.893554199280889
58	13.240285055581126
59	13.3021541331942
60	14.584555561695108
61	13.671663611021762
62	15.932402523852037
63	11.51938215860275
64	16.15677311700211
65	11.543740129511656
66	16.770107936040773
67	14.627769621637999
68	12.963992071748477
69	14.009082246148251
70	14.892018275641083
71	12.784140832272072
72	13.597814772957456
73	15.876049814377227
74	12.972029732556289
75	14.225936901148957
76	16.004971242563517
77	14.977997016609217
78	16.498856198649886
79	14.39808668334743
80	13.118692176250134
81	14.301701007767804
82	11.382456910001785
83	12.60049624819318
84	14.32900194336321
85	14.452704091902127
86	18.351068606126315
87	15.139760259753611
88	15.962815984863612
89	17.212595463413496
90	15.479738794714677
91	13.264989764256512
92	15.781380548522813
93	14.153032475862624
94	16.317520158736194
95	15.158223944854827
96	17.838618401594072
97	17.29320174019367
98	14.773146809937746
99	18.32520129802932
100	15.892925679147144
101	14.330414364689883
102	15.79357563352317
103	18.069820095678555
104	16.514208636477044
105	16.67002818798593
106	19.401515285119796
107	17.54433127746121
108	16.40769786440484
109	15.960670473802068
110	11.904891111419051
111	14.862838692436881
112	11.449926745814192
113	9.420699849022212
114	4.147199093342652
115	10.790441605711601
116	12.45315778296075
117	8.465476839305815
118	16.32410322814264
119	13.821873224984701
120	15.34797292805043
121	8.95381914549843
122	8.85741665469855
123	12.640900274234573
124	13.485164503344215
125	13.264736690322646
126	18.17845993323466
127	13.267263180459194
128	14.486854317380786
129	14.782077849899615
130	15.069018435960599
131	13.23425403510739
132	13.124327765597199
133	14.694582460056852
134	14.411529255869002
135	14.029657323290653
136	12.462381512353092
137	8.848088078789383
138	11.123563833931327
139	10.496754925720936
140	8.612699106304387
141	14.11503128982016
142	14.37183174275592
143	15.146246948961085
144	15.618470232557515
145	10.994668844093468
146	15.962049743508791
147	17.967014954909097
148	17.102670663558094
149	16.366830942699487
