0	15.374795343418008
1	13.49484688134637
2	12.570799617806523
3	14.15390367296003
4	12.09938027313665
5	14.821724745756823
6	17.174480210850746
7	14.148774706508338
8	12.304235817565766
9	14.387530595401746
10	14.189712658500946
11	15.906555011291028
12	16.479647705537925
13	18.058724188841975
14	13.294807110818919
15	15.914949279128326
16	14.449739031655431
17	13.390680338650046
18	18.69318982590763
19	17.400437811348617
20	11.078994100521404
21	17.267847271273826
22	16.40678931910957
23	16.602546695278527
24	13.49728816751496
25	16.50436025216589
26	16.40678931910957
27	14.356892939135196
28	16.964188006379498
29	14.78719659689307
30	16.770297670303158
31	17.299121728120696
32	18.594939824582454
33	16.042482277856518
34	15.182054941829085
35	18.56129108728274
36	14.120937609015394
37	13.459945055955282
38	17.73867393038177
39	10.606371058559066
40	10.417448937818753
41	5.714479639907482
42	11.7406689178486
43	11.212708193354255
44	7.466366133262083
45	9.385241388261843
46	11.809902549340524
47	12.902576851725073
48	10.874188966516478
49	12.06879804957561
50	9.424737612137454
51	9.74943807289478
52	10.64804497808488
53	14.882400939278396
54	9.52231122196468
55	8.462797098557434
56	9.718067551823042
57	16.880645532257475
58	14.316263358553972
59	13.457896177465518
60	13.063075470225385
61	11.308855179815522
62	14.58630083011759
63	17.433207256706552
64	14.953180221915035
65	13.788615204211418
66	14.652232237857321
67	13.630655418329226
68	13.191228679270294
69	12.041962303658634
70	14.705088344274936
71	12.87153677665087
72	11.700706421135473
73	11.079828935644569
74	16.27390076708444
75	9.323652323825822
76	11.208905278198728
77	9.155551220651226
78	13.493690705670993
79	17.302285388912082
80	11.040166316065323
81	10.022146241009812
82	11.274900165451744
83	13.096678011981918
84	14.519257892546603
85	14.066542701132104
86	8.555484240968566
87	12.364951103276857
88	7.76955660419752
89	11.20795497719223
90	13.400751205586184
91	10.338331003447946
92	8.929730196412418
93	11.472110298476611
94	13.501273765133716
95	12.398047348092812
96	10.2450645303865
97	10.150447568519699
98	16.105909015316566
99	10.487415936037866
100	15.709479048078899
101	13.462379368385374
102	16.195351835895888
103	20.424736413142817
104	4.555370102469543
105	7.600204028664847
106	12.766467340768578
107	7.731760135853275
108	9.024240403817252
109	10.847928227622367
110	12.169829387787834
111	7.76492873324162
112	1.1124086105991506
113	5.334447639402483
114	6.094794788931258
115	8.792999523320589
116	5.681019059988031
117	4.424041454295704
118	4.223274878552075
119	3.7607674619360796
120	4.356735034806465
121	5.182159686840073
122	4.656450829394691
123	7.1035515643856275
124	11.07805526500235
125	4.621700785342805
126	9.35502089833684
127	9.521335376440975
128	9.22492358595118
129	10.282584319619925
130	10.877972136637752
131	13.061089079023036
132	14.58518668477347
133	8.06429293742204
134	14.719848835954469
135	8.957948452184331
136	9.423245267452367
137	13.692452016398844
138	7.7321848747385395
139	9.887074048597064
140	10.746768699564342
141	8.000288984452409
142	4.388419623693027
143	2.7010733897822212
144	2.96615040242451
145	2.8340190601623663
146	2.966173709485038
147	3.3627454260259246
148	2.5696532670877064
149	3.5283114315721584
