0	6.385372643365603
1	5.3337829300555
2	7.463375801045777
3	7.481336755989355
4	8.29127980184787
5	7.879039931740102
6	6.538240844626568
7	6.4065150382178615
8	9.094346092089856
9	7.209769913273891
10	8.558867963241582
11	7.510124842942661
12	9.354104328077103
13	8.001592322848909
14	11.549170564415345
15	7.330172905552786
16	7.08960200173305
17	8.003621737725092
18	8.286597895088674
19	8.291355236943799
20	9.097855605864371
21	9.93101020516667
22	7.9996363447750705
23	8.828571071567596
24	11.261054920493908
25	10.174916072887981
26	8.042618337344436
27	9.343708061022461
28	11.5295950735814
29	12.643823350606079
30	12.334479058955
31	9.874035707601386
32	16.709053607026323
33	12.568802957714855
34	11.791104412752045
35	14.223037136475769
36	14.225195690191535
37	13.684132754596229
38	19.605751611113444
39	15.326829420888107
40	17.225805396883704
41	13.646179664826674
42	17.50787046987818
43	18.07196486976013
44	20.30269185925377
45	8.821538115132041
46	23.739526328167713
47	11.759374938274814
48	19.632187400422016
49	5.456149497933889
50	30.641940457868746
51	10.957274488664384
52	17.04538274162755
53	15.167747706687154
54	16.401090134034447
55	16.887204059546757
56	16.66812062719465
57	17.990884943156633
58	16.925977054193652
59	20.212186076490227
60	20.893457076188568
61	17.46793674294121
62	16.384481644833922
63	19.39830682150257
64	12.040480955522725
65	19.937275453696312
66	12.028088505444217
67	12.060931913664845
68	12.881646403747832
69	6.943751947499664
70	11.817019958084895
71	18.82078529386357
72	16.053733137509813
73	15.577083660178117
74	14.491235814191368
75	15.839039319248487
76	17.456394948239993
77	16.656486711826254
78	15.03460152445019
79	16.91934001318414
80	13.945004929611633
81	14.765265741188054
82	13.399595953438936
83	11.031591605783584
84	6.6530226287722805
85	12.097952641795057
86	2.3512103729788922
87	12.344344828980564
88	5.586750939128265
89	11.79884482147896
90	9.398983940083275
91	8.548089668916516
92	15.043759171099424
93	14.182165476250445
94	14.543832286794764
95	11.517732719547075
96	6.246229985844421
97	26.679301388356322
98	12.457959716070512
99	12.332855828843162
100	16.68888132196316
101	14.190481559697105
102	16.132414098606652
103	15.81853172489713
104	15.580202259125606
105	15.560328306207033
106	13.184895262976157
107	13.653005542493409
108	21.57044612516222
109	17.40091686234481
110	4.510830822899378
111	14.00067583428201
112	17.144904640619245
113	13.689702084143672
114	13.431548085129554
115	18.551955721001175
116	6.116693434572637
117	8.832699448081238
118	8.278983786044662
119	2.6274028293998253
120	6.418968421991211
121	17.134928651575386
122	15.029312705967074
123	12.879945498343298
124	13.449242730180844
125	17.95199866738799
126	23.198751652666473
127	13.647081180406337
128	23.907384183454926
129	21.708250141063267
130	19.423544972060323
131	13.141588057086187
132	21.774740321345988
133	8.713579287597376
134	20.387880620111556
135	14.894625388541577
136	16.645347256214837
137	10.188237688489785
138	19.672362279813832
139	14.752369493517381
140	16.329584997905958
141	17.11280968644892
142	14.30930553316718
143	19.36002735601531
144	18.272738030552894
145	22.654218013181673
146	16.32865178265359
147	12.06874742219697
148	21.287726678753103
149	15.02874103231621
