0	12.0156170709274
1	12.062323012896083
2	10.27438888154879
3	10.230744176149612
4	12.910945111511852
5	11.631612199928457
6	9.408731654482
7	11.889973437457492
8	11.742385284283902
9	10.28199055659434
10	10.839537721688243
11	13.482507805395127
12	12.412078456725238
13	12.730775812671329
14	13.061120279165765
15	9.877705308560214
16	12.35658725049748
17	12.667518676318375
18	10.145517089997735
19	14.122163130417153
20	11.358281957780827
21	12.532426401600976
22	12.53865518603074
23	10.935260856385142
24	13.712798240421025
25	11.239085885275726
26	9.698246542619612
27	11.833801549458896
28	11.899762882247247
29	10.787386377087575
30	10.678417970164027
31	11.258862167773698
32	13.764650277367283
33	11.246102640433266
34	9.692015558321048
35	11.861261191153456
36	13.962723335103997
37	10.197741289065101
38	12.14898707350217
39	9.889640130610209
40	11.536284528217069
41	13.106641484243685
42	9.258656910807405
43	10.84074513126685
44	13.760883468967682
45	12.117107735163373
46	10.00893377523293
47	11.326241505906912
48	11.247784980523644
49	12.852552080945378
50	12.038694404205161
51	11.702921988909583
52	14.154918437498624
53	10.093016591146647
54	11.506026175783173
55	11.739538936020425
56	14.556789046942592
57	13.982373781352978
58	13.017205172524537
59	12.626226337849236
60	11.494227487763016
61	14.629147893753368
62	12.797545559489652
63	12.046996911342264
64	13.581399472537608
65	14.085089761507017
66	13.494699594289115
67	14.61807738240441
68	13.946047477458514
69	16.111057132973414
70	11.17740581082608
71	14.556099629623882
72	16.221178543574975
73	12.926345352318773
74	12.55914879859702
75	14.063004578360731
76	16.416010773970083
77	14.623666728100503
78	13.709565932527417
79	16.33411009530823
80	13.712151842213174
81	10.865436770325957
82	11.515914085670648
83	13.453818825223586
84	13.835204930700149
85	12.27805045511777
86	12.406263571553872
87	10.131674746448898
88	13.350442422808095
89	14.904052939224218
90	11.165647619563769
91	14.7550444490235
92	14.065793886471173
93	15.372552818628987
94	12.146713726814163
95	11.446728739079404
96	13.36118032591099
97	17.25809993335948
98	13.497497020558535
99	13.885399075392177
100	13.694979032506145
101	13.912969999508105
102	17.929305871800032
103	14.24245211966928
104	12.795263385035874
105	20.52115948249703
106	13.278489025115096
107	18.008398233860294
108	13.849801939019882
109	17.06759267635079
110	14.742204254644399
111	7.617201871863668
112	6.618144118808128
113	16.451017980429896
114	14.126973585623851
115	15.762183499234242
116	10.440379694946966
117	13.682283666167155
118	17.415483357798927
119	12.104183818892501
120	16.426410692299882
121	14.618492541970154
122	11.706961575660653
123	10.800099436259126
124	12.802233447360962
125	9.432742118619789
126	10.68218503813962
127	10.769423542148877
128	13.490933747735733
129	8.268526799746647
130	14.561619466676188
131	14.374511277545635
132	11.465742548512731
133	13.193008089023182
134	13.408625736734404
135	12.71452207270535
136	10.268695955923235
137	12.588698622369044
138	14.759376629368406
139	11.82761914717415
140	12.411380640769723
141	13.732482147590249
142	13.753487807203793
143	12.674908598319034
144	13.627639912307146
145	13.65496654101595
146	11.941356610098982
147	14.463743756026222
148	12.844342522011463
149	16.286997328679433
