0	7.069439985415386
1	10.641153238327318
2	9.23420056127584
3	9.732516349079292
4	8.116133928902165
5	9.681552696188106
6	8.857614621966654
7	14.948049218945297
8	7.445196771842729
9	6.846629793372129
10	7.00307341502522
11	8.708696915834278
12	3.033627330500744
13	3.858478518039863
14	4.625705033387272
15	2.522338652178555
16	3.2317406773125907
17	3.215057105075528
18	9.303491097840975
19	8.109237522232304
20	17.448219660902215
21	6.849971551648073
22	6.926910742188401
23	3.1237679495277835
24	2.5859206978303133
25	8.886639579486426
26	3.8675968457148135
27	3.621468506404723
28	3.8209295176882656
29	4.116421231055316
30	4.3163761946311805
31	3.115120352393768
32	3.1296690241125096
33	4.074073533461372
34	7.642600228313714
35	12.15088350578853
36	3.5263387849035017
37	4.64874464443958
38	12.904515616555297
39	3.1151715718173323
40	8.643201877879916
41	8.50609794456784
42	7.379172284792016
43	16.058014167793992
44	3.759289240369649
45	2.4822903443848907
46	4.122758767922809
47	3.612682092459366
48	9.706207617843848
49	3.2183932154246935
50	3.4261920311141294
51	10.282935910964923
52	4.2039842628856805
53	7.744947836756069
54	4.664272255011603
55	3.1241810977162787
56	2.22998964332045
57	3.7638826656199877
58	7.157229724497254
59	3.52299350788111
60	11.262492556716994
61	7.511570783067981
62	5.228494609678457
63	3.77217109490229
64	10.11600586337074
65	9.555695540360668
66	15.956213412404814
67	8.93673567653644
68	11.330751741383178
69	14.47366078650687
70	18.259816796736526
71	15.939606282600087
72	17.92895600465231
73	13.45066906942785
74	13.760211436221606
75	15.881928312542522
76	15.303378423088745
77	13.211406367842189
78	18.28203545278734
79	16.494941431571306
80	14.896618883534344
81	16.27488669005006
82	17.48508678631907
83	18.190157644898722
84	14.904805316405596
85	19.308167147863603
86	16.184373025192915
87	14.853826237720531
88	15.339137110387844
89	16.642270860860627
90	13.257479165041689
91	20.173580647644545
92	14.099759233215908
93	15.768813527398475
94	15.064089479764819
95	16.296881718802513
96	8.685816865932793
97	16.78810638402994
98	14.645431606251316
99	17.933826209289453
100	19.367599607720035
101	16.785343988630636
102	14.001965167896717
103	19.131271522307767
104	15.705950655271764
105	16.317428019592626
106	18.081190259712606
107	13.303850827077918
108	17.182094315921137
109	14.152198507953196
110	18.919979746168334
111	14.798269501234127
112	5.40642329432392
113	4.4056797818420375
114	5.2729466639669695
115	21.899925162992805
116	13.32261916589544
117	13.251572426744014
118	13.300945577457568
119	11.626599435137393
120	9.538023800226677
121	10.733940838407198
122	13.16259398996509
123	14.254120854598904
124	13.255362450634264
125	16.58065593523306
126	11.35213366871615
127	15.301533279909574
128	8.959054990611456
129	12.900671202705265
130	11.768093834275165
131	8.85446666438437
132	9.518666538552202
133	12.461192242874112
134	11.524429693523539
135	9.429257901339962
136	9.331881167411563
137	14.701748633796774
138	11.187466956017364
139	9.626878539622107
140	9.37001442087086
141	10.373784054558968
142	10.77577432615632
143	10.312304347304453
144	8.962748372826974
145	10.465012628978412
146	9.25095255733963
147	10.034797446038425
148	12.39207258464903
149	12.724878797248182
