0	17.855622461306073
1	21.731859534914015
2	24.25305431379829
3	23.152862156437624
4	21.4018696637311
5	24.156362013303532
6	22.647035501220692
7	24.259427266041456
8	24.191436160974394
9	21.466547363839865
10	26.359592690935038
11	22.46351305755817
12	23.929190987071646
13	23.541943415813392
14	21.58724366634309
15	19.05924649831569
16	9.632961578284139
17	12.43540708201603
18	13.041618569264685
19	12.388418906274916
20	14.002031248021627
21	15.070441982957492
22	14.069194073357771
23	14.574031608454286
24	14.168975544080721
25	17.612541099910576
26	17.850266280508706
27	14.949114327436018
28	16.17488325717864
29	14.489214928180465
30	14.773693289037043
31	17.570139130053462
32	14.979987705767199
33	15.45813076138895
34	14.644663916047488
35	15.878339963402835
36	13.72634272704677
37	17.878767546511362
38	19.086703362960687
39	13.7342391518218
40	15.93862325877578
41	15.637679586442742
42	15.080618629562972
43	15.548848459865274
44	19.11304075647587
45	15.1616091425109
46	18.130907776923355
47	11.23342487803113
48	13.316343348972326
49	11.435296958531612
50	11.08954315616579
51	11.751432234745355
52	13.960534539313167
53	10.022544604230612
54	11.40370625853101
55	11.00457423611361
56	12.137655200039841
57	11.186560626653655
58	14.957363614100712
59	11.616153539206609
60	12.166392605215483
61	14.542554468231245
62	12.467606737708305
63	12.999082673592442
64	10.220487131150643
65	11.912992527167281
66	10.5124693376788
67	12.908261042680353
68	10.45311091849733
69	13.14179127137392
70	11.258498382394436
71	14.215358299256234
72	14.112343827682205
73	11.74028253291602
74	9.652162649592391
75	9.942561387256685
76	9.782520028477268
77	10.504252686249501
78	8.83221604030789
79	9.47965146723864
80	10.544569641977743
81	11.064352695777973
82	12.189894089485847
83	13.641114908272279
84	9.89995109212428
85	11.819586387314088
86	12.13002697425903
87	10.59561825626005
88	9.744313061973678
89	9.252444667514276
90	7.311440863768415
91	7.946751922626217
92	10.231504253311032
93	8.22269264969458
94	9.424729883559962
95	9.06875454870534
96	8.53702828439774
97	9.493794169358653
98	7.7166535853251474
99	8.609270419374301
100	7.769598951670342
101	9.386308232133329
102	9.235809800535936
103	10.256898068109342
104	9.065939983928734
105	9.16161348499556
106	7.634676898486473
107	9.240676597987056
108	11.61372444213484
109	9.959229746896654
110	6.796695957361749
111	9.601486904166837
112	10.34659832562264
113	4.693009619317747
114	5.63544918654876
115	7.027927176100802
116	5.546020327558377
117	4.943779413276108
118	5.655524714991343
119	4.549648616622016
120	5.901812650853117
121	4.8474903749335665
122	6.280915623650267
123	4.724225768454466
124	4.794694717561546
125	6.030139877998968
126	4.47903230084406
127	6.264986831391441
128	3.632547821079598
129	5.262111565078405
130	7.03296513718043
131	4.722363053648907
132	6.582986410637164
133	4.845103221593351
134	6.507394116854502
135	6.432274991751785
136	7.132504783957673
137	7.288950870523419
138	5.681383355573437
139	5.763380240509512
140	6.335230832049769
141	6.376059118715644
142	6.9443169592788365
143	6.921181689373809
144	6.504725201065611
145	7.97035179349187
146	7.026636225460036
147	6.314638737638897
148	7.618683781846329
149	7.7890956954883155
