0	15.058517865429282
1	15.778286920916964
2	14.641016204463648
3	17.369389392023976
4	13.20745517609387
5	15.81191832643782
6	19.66642253021823
7	12.478828304915526
8	14.614375546011889
9	18.380997513212744
10	12.204295828781047
11	8.969736191123612
12	13.899349235588526
13	12.630671803890534
14	11.596798153146015
15	9.808163998264098
16	7.842755421899975
17	10.4881772915315
18	11.196815177936333
19	10.487784198889285
20	8.597791810646978
21	7.765546815824951
22	6.015733114431059
23	8.296281949216892
24	8.220782159236729
25	11.016286705592606
26	9.353735248945561
27	9.657456014460191
28	10.033682141743734
29	9.959507989662216
30	9.952169269885575
31	12.233976857720725
32	10.764222646475885
33	8.695044419742782
34	13.812264703377005
35	8.070221193424908
36	8.522852431496812
37	12.63871285475833
38	11.514248219653744
39	8.989703847666034
40	11.258572636268095
41	14.107687626012252
42	10.464261892415244
43	12.377258617672434
44	11.9239207233745
45	10.589961893862952
46	7.295755623438
47	11.190902848548827
48	8.353938402646152
49	12.554212163363173
50	11.555082040603676
51	8.27587976317888
52	8.44579951878797
53	12.452244292855179
54	9.052291921448717
55	8.674401535884671
56	13.092111202124038
57	10.610582864854742
58	9.128124177425725
59	6.85873103267293
60	14.874078249273294
61	6.785255686390445
62	8.220404337630992
63	11.188371473295424
64	6.943265492148963
65	10.984704280237809
66	8.14498093776749
67	7.91840291024214
68	11.727621069397156
69	11.011112934607608
70	8.957884250767453
71	10.337119232366467
72	8.976298223971996
73	11.243950516885699
74	12.755013161265214
75	10.638633276373199
76	9.052291921448717
77	13.466293324905704
78	9.886602422873924
79	11.09258683763005
80	10.460840660116725
81	9.580624861204655
82	15.02252884296746
83	10.294675084366803
84	11.909974489979447
85	13.180046223129303
86	12.679799669649515
87	15.576316594176257
88	12.61115253697149
89	10.013393854925104
90	10.865757552414948
91	13.469631418222102
92	10.33702264646066
93	14.464239697148919
94	13.698272690204622
95	11.434060228960503
96	11.423621574908669
97	12.19589269961197
98	13.886776397298862
99	11.243738453219951
100	12.37796211328524
101	10.965956342959743
102	12.078611387910223
103	11.697634790895746
104	14.455293820147956
105	11.470357978517942
106	13.310085870127802
107	14.049012386472695
108	13.035905353858723
109	8.974303700732545
110	14.25644029700747
111	13.133383580271193
112	17.81797609358832
113	14.116965371534977
114	11.95361562922285
115	14.409812620710799
116	12.653539852304888
117	13.662295053299792
118	13.132760162173714
119	11.646770404893413
120	18.127635440598503
121	11.20091654883784
122	14.116157405464255
123	17.789671320350827
124	13.17392956600616
125	16.80500201715195
126	12.81127175530674
127	19.837522683871356
128	18.19671277035537
129	16.65744537195052
130	12.04105208426272
131	13.997403749534765
132	18.680699620161093
133	12.754771723053432
134	18.094020137813118
135	14.756481347850027
136	15.778438956546537
137	19.830189935171447
138	17.550225876869554
139	20.306942962982365
140	17.265030068007295
141	17.997372150711403
142	16.08028230608324
143	16.986683767384466
144	17.668703339491483
145	19.026578580158933
146	17.639131184800203
147	24.379699036003974
148	16.57556854277321
149	17.2143937480354
