0	23.542047656283117
1	19.551572123920756
2	24.728688445156536
3	21.076570310773405
4	26.423520097608925
5	22.35202088429327
6	23.414268015572652
7	27.700994564915007
8	24.363135701021534
9	20.073542076760603
10	23.065824544974266
11	25.54715414219113
12	15.328723715645095
13	28.961334729285273
14	20.883800781222146
15	13.555236029442437
16	21.08431292236766
17	15.3988596722905
18	20.958171977106286
19	17.57104858813312
20	16.91363298476141
21	18.64592825734163
22	13.667549833230538
23	15.646728005982833
24	13.192131688222263
25	14.723277786186179
26	14.19358905474978
27	14.732267139683914
28	15.780041518153599
29	17.5329344366614
30	16.16580996379482
31	17.874787742713334
32	14.990295032564458
33	14.768964169034508
34	15.93007371601176
35	17.50491169884127
36	13.90629052422921
37	13.303347154059367
38	17.071359897222994
39	10.98127740142244
40	15.86302612359344
41	15.98068441586766
42	14.571930674215544
43	11.762992769803196
44	17.3049279589857
45	11.303597015735914
46	11.963056456974986
47	10.395575765863862
48	12.6400363060795
49	12.483861347109698
50	10.864797125116302
51	15.89139000189502
52	12.823193544519897
53	8.234383933809742
54	15.264072659646846
55	9.260629919620074
56	10.09108882341389
57	10.01980624332012
58	11.61736168282002
59	9.04749120472746
60	9.554715055337793
61	10.808065866173864
62	11.158917266147734
63	9.069480378859389
64	11.385432005987676
65	8.49970246758254
66	11.667133641029972
67	11.3012175960386
68	10.674960465903194
69	9.014006423036822
70	12.37046778070691
71	10.06694642981825
72	9.594738189958084
73	10.177380271924767
74	11.416294210801652
75	11.392391551372452
76	9.67227091229904
77	10.476038780519316
78	13.132119999888117
79	9.390558859590676
80	12.284832781612167
81	8.729322378922584
82	8.844542920830037
83	10.442870816552587
84	13.05273643089119
85	10.194984618304163
86	11.967946818538154
87	9.317825977246398
88	12.70471249872589
89	13.298041207753887
90	10.016913121750132
91	12.414330841449102
92	13.552896644796267
93	12.328466796083637
94	10.660198985941136
95	12.371636115912978
96	12.86611760678206
97	8.578412708851559
98	12.456979775521761
99	12.931866118164255
100	12.140540372788625
101	10.857566819296087
102	15.410338486164768
103	11.792491101371342
104	12.646089778800674
105	13.965917969297367
106	14.649769835614144
107	12.908098349230437
108	12.714569496783103
109	10.6625923623624
110	12.596318528785375
111	14.307969648531497
112	13.965254042913877
113	12.941888478886638
114	12.978360474857666
115	4.019212699966996
116	12.08621721138552
117	10.776504739410655
118	13.056842125666865
119	15.111486781636865
120	10.887053494052536
121	15.376942416367532
122	12.63795686386997
123	13.770304443908875
124	10.300776387005616
125	7.530982852141759
126	3.7967339820974617
127	5.719931546153318
128	7.036431201312509
129	9.489267586814739
130	8.349648014434523
131	8.199903861047316
132	9.655059483536593
133	10.36054547158666
134	14.042209393400233
135	8.729402690605362
136	10.037457142865263
137	7.66046219102626
138	8.197424328859723
139	7.864138628734898
140	9.136991486309107
141	6.074506104738101
142	7.821367828461303
143	7.928867584240645
144	6.284975747476084
145	5.581550993326561
146	7.381336039588943
147	8.162100218564056
148	6.716217570088315
149	5.464859135467665
