0	4.091690667183608
1	5.7782265966055695
2	5.649582238313951
3	6.393924339074748
4	8.086022825237357
5	6.278951864542157
6	7.243986669146763
7	7.913904561246388
8	5.663626107065154
9	8.827780429532911
10	9.324593469355252
11	8.801722952095144
12	10.572286689978744
13	9.143312362131788
14	9.746968083720036
15	12.536833120482761
16	12.707321870383348
17	12.67012157897852
18	13.044958408784677
19	19.95040698359566
20	11.074445175811208
21	13.345185887968647
22	10.130788046080065
23	12.203727512961741
24	9.848584511157423
25	15.552800933412039
26	11.313020984680222
27	9.743816522796665
28	10.47645877298077
29	13.175164847584018
30	9.460500313195801
31	14.554554769776797
32	15.69575399166043
33	13.63169445253156
34	11.736308942489032
35	11.785903043401857
36	13.702776505534144
37	15.774045734801833
38	13.144332351929606
39	13.669077331673268
40	12.674774298312501
41	10.342776163284556
42	11.652082674768344
43	11.838688976352087
44	14.441677148354952
45	18.365222249195238
46	14.16976315049807
47	13.243996999654783
48	14.40167206015452
49	17.265902331242202
50	15.13914893463286
51	16.25309177256517
52	17.266731626094355
53	17.11994589040394
54	15.97316744346945
55	15.980702178827887
56	17.64558212514985
57	15.448716478711418
58	13.302711267561014
59	7.45932845753205
60	12.328530038297298
61	18.950586716169987
62	11.860341504718106
63	17.541250120506472
64	14.140789299039758
65	15.645377434339533
66	10.605556930876121
67	16.48660602309595
68	14.364210366433564
69	16.47713835334676
70	12.070726277055254
71	17.272695867947395
72	9.48194868418354
73	15.811017196701728
74	9.962022598863362
75	16.705320578477178
76	12.658804905708353
77	14.40659167485951
78	12.07129213382958
79	14.27918129981167
80	9.74651772563735
81	13.355049276719908
82	12.900718055663182
83	13.304092800920294
84	16.751912990289018
85	6.739885411497083
86	11.841798248522693
87	13.55036220682157
88	13.787734933833569
89	12.882428700169115
90	12.15047602344415
91	16.647406267838686
92	14.099909602331891
93	13.093605875452317
94	16.58029521812594
95	16.714265584950308
96	14.833814572107183
97	15.396670581948808
98	12.362835065183319
99	8.279694580187712
100	13.61416413689761
101	15.695606706556246
102	11.652082674768344
103	15.49751373010573
104	15.226278501987727
105	16.28022844266491
106	12.280249507948474
107	17.8448283269369
108	16.95826327193368
109	15.087080713327106
110	15.350466883098859
111	16.765291667547316
112	11.837579357479129
113	14.648432218807338
114	12.37956301368166
115	9.06366549545624
116	10.188314802167422
117	10.815121973131152
118	17.232784213026356
119	14.647923462580215
120	11.552528700146755
121	13.977281151322176
122	15.449745506217115
123	15.132526868153212
124	18.759653959378277
125	14.100708455978907
126	15.598006860994824
127	15.236173220898559
128	11.420465238413447
129	13.458580704543575
130	19.05370189524501
131	14.346885517654231
132	14.661967605906769
133	12.79791077578678
134	16.81036894763392
135	13.996869125091704
136	17.798520000176918
137	12.673819461701832
138	15.248647218448687
139	14.011821667029245
140	15.42492905155373
141	15.57887512647721
142	20.24389745988165
143	11.94203485443354
144	7.247571927100532
145	20.057781634876875
146	13.827137500734887
147	10.110279782471526
148	11.522356270130787
149	9.376496543294886
