0	17.334014122573485
1	16.965933939797836
2	17.669927365789366
3	15.365459907670235
4	18.49149675334442
5	19.479851493206976
6	16.57679522075343
7	10.750864004595442
8	17.330679305648985
9	10.852987090429094
10	10.44109390291096
11	14.090794518864183
12	14.89185783905426
13	10.195222155627908
14	14.862802577726123
15	12.162056239804377
16	11.502264890034313
17	12.64463660599663
18	14.073699538677003
19	13.450058691791389
20	13.582890240447894
21	13.352392447322938
22	11.30281306605048
23	13.182525243969222
24	13.50804809459124
25	12.38124364772324
26	14.16490070533014
27	13.982091069032604
28	15.772655359512518
29	12.89045881968976
30	13.473473854026206
31	15.684041376268793
32	12.85141286877296
33	16.173650092929883
34	3.413808660035273
35	17.89816459715304
36	13.179394458810325
37	8.500335313323959
38	9.61414938054887
39	7.209487097927074
40	11.064014774980162
41	13.188917649225308
42	12.926658976512439
43	13.366195482740721
44	10.800642973683342
45	14.054513174498396
46	8.79268064385801
47	6.935960173277304
48	11.260440530737094
49	11.433559795605461
50	12.046015098280451
51	11.213285799046874
52	10.391497954480295
53	13.28833260263556
54	12.736827835073184
55	14.649264557526296
56	11.94368481048257
57	14.962290889605518
58	13.21329466569281
59	9.156044560627075
60	13.617579879784381
61	13.971571098921517
62	14.695069741586806
63	14.59471927346983
64	8.80715663198904
65	13.190799724881787
66	12.192282687261011
67	14.964145998636262
68	9.246872716105269
69	6.701827548267021
70	12.487088500757716
71	12.597830417996414
72	14.890375854314188
73	11.166954907923696
74	12.5668635273631
75	13.952212607013957
76	12.813617987942967
77	7.357818377910293
78	9.027771215868723
79	18.016162993730564
80	13.257501156540537
81	13.954880617622567
82	13.285373001285668
83	9.24902032273903
84	9.195321321899838
85	15.236581029645485
86	19.672086269149272
87	16.460333246699197
88	7.8116958667403145
89	8.573054651733388
90	14.27325171336741
91	14.749655014320076
92	12.930880623238158
93	13.064160080444458
94	14.79093361478861
95	16.34247249842594
96	20.60390736156079
97	13.387400831738892
98	17.406680009632353
99	15.002493147921182
100	14.315887855265785
101	17.009591639784848
102	13.690271969572398
103	15.376205371817033
104	14.488265196189346
105	16.48898825358933
106	11.68335832501713
107	14.705697906277232
108	16.046903064094405
109	20.04280045586866
110	14.891286860762715
111	6.7666086910792105
112	4.727853487487585
113	16.188872820214755
114	6.1929255679190724
115	10.924903794929351
116	12.305381780562126
117	10.707304781564899
118	15.695552033736323
119	11.362446711060407
120	11.405717449378216
121	17.80789327176948
122	15.302742816817139
123	14.493107248215255
124	17.915471624738917
125	13.983423619557177
126	16.923157723773514
127	17.670098964379868
128	14.964573432909965
129	16.569773777200627
130	13.66153130896205
131	20.512505761385576
132	12.162286003088733
133	20.41722294866068
134	20.22990618696162
135	17.042681569688977
136	17.794483461151533
137	22.16208007800253
138	18.714232243983307
139	18.940366381584766
140	19.223404832330434
141	20.13244979678577
142	16.90904358432984
143	16.66010938832045
144	19.515802796446444
145	12.461041904559767
146	16.41242821826041
147	17.26018501603064
148	19.128564764096577
149	13.921470727882415
