0	8.384335581762247
1	14.511196885274051
2	7.667128372894015
3	11.280699825843099
4	11.4570151264029
5	8.094244581326764
6	12.217120377449938
7	11.925194593990119
8	8.203982985077614
9	13.327470986842814
10	10.550615497598452
11	11.251795972814532
12	11.8449752266724
13	13.13215350927832
14	12.431041356646986
15	13.450193109236784
16	12.354204070871077
17	13.074213862030328
18	12.483007014753989
19	13.25123305725248
20	13.922957220899791
21	13.915979635675649
22	12.891787913990152
23	14.49518240794258
24	13.565422594108089
25	14.505172361518483
26	17.932559586596
27	13.3637094550805
28	14.819939813397882
29	14.264895206791934
30	13.414636439786547
31	9.38583813721172
32	13.808477045742457
33	14.670904064152444
34	13.552996673024762
35	10.205932068885954
36	13.531406290110645
37	12.42342137359031
38	13.007350257353787
39	12.704504705686809
40	12.955581780269855
41	14.349965110958454
42	12.912605318276729
43	13.005366879172826
44	13.479240431927364
45	13.328870241826248
46	12.766889808704912
47	16.129431200469977
48	15.619430485339533
49	16.659220488251414
50	9.873077557608521
51	11.461680284454609
52	12.421115279392813
53	12.913219390271218
54	12.274640171122154
55	12.684124400871353
56	13.444374478120306
57	13.115734846966285
58	14.105422623704555
59	13.929698962144158
60	13.361031560702557
61	10.930020915746843
62	11.601385324979349
63	13.611691279535991
64	14.637249724827342
65	11.566142735572848
66	11.600728205262119
67	15.023148135035608
68	14.915056672557688
69	12.536703231935856
70	17.04852558124251
71	11.712647078674086
72	15.353892765188329
73	15.178750980459828
74	15.232391922573234
75	18.990847558282667
76	11.141005261136227
77	16.382311203893284
78	17.13571960379002
79	15.478111577223356
80	16.48370680594623
81	10.31313244255155
82	12.740892526191443
83	14.405918632245532
84	15.429511717998059
85	12.42507931188519
86	11.133617764365047
87	16.699436228684462
88	11.256478854508277
89	12.245881424993062
90	10.993657001247168
91	9.847883620566064
92	11.899466247772434
93	12.854471569233977
94	12.892150276713712
95	12.71445433357112
96	11.43828832930744
97	12.563398682175404
98	13.112868362336776
99	12.68474371516418
100	12.596704529876952
101	13.448867193386773
102	12.44857108008534
103	12.242662156657829
104	6.955279630820526
105	10.257109043962974
106	9.445464352745923
107	11.089334325469009
108	11.729496850855664
109	10.17305857048897
110	9.87450383731706
111	12.246113692525988
112	9.381627357929842
113	8.183187811716072
114	12.673808473545183
115	7.631653961626067
116	3.896409252577805
117	9.736462670592788
118	10.486437641059663
119	6.561306889527354
120	6.4303396441865175
121	6.9150442588518155
122	8.945156011878344
123	10.467277085389144
124	8.057761018533883
125	11.396626469212347
126	9.87524693400134
127	9.410940542252497
128	9.469390537148426
129	9.940195314819793
130	10.138532964924812
131	9.21194624676685
132	10.105800798645058
133	4.997746775647336
134	8.153812877484805
135	7.401950168954801
136	7.341509992564323
137	10.548113563234487
138	6.926815759175539
139	10.196852558179634
140	9.851843172391137
141	9.142655847456824
142	9.43998864948315
143	9.794353844021309
144	10.872691079839804
145	10.28331558267903
146	2.5961053886027994
147	12.802258913898736
148	7.55929237950784
149	7.57844541350218
