0	8.181594518702417
1	12.818156442818664
2	7.0094982116180695
3	11.819299588288398
4	12.204094036124838
5	15.299209631867228
6	15.241518113569251
7	4.347174775209616
8	5.882169042876164
9	14.350913423096223
10	8.540789994768572
11	7.030210879420334
12	2.8156753525758687
13	9.929202399702344
14	9.871329868326528
15	13.940764893318587
16	6.264537588256017
17	3.3965544049772216
18	11.031429743046887
19	12.80804457849138
20	8.926439068591012
21	7.239415336913709
22	8.733573840052841
23	10.671957197389254
24	6.455854307004688
25	6.279985780079891
26	8.923251588112066
27	14.692562944135448
28	14.5060252140106
29	15.119805089823506
30	12.551441262830448
31	13.163009846439135
32	18.19302336044157
33	10.833756239260682
34	13.57275559852998
35	1.2819156169874335
36	12.375066072645163
37	14.74134692203901
38	10.260943417978014
39	12.203627289845489
40	10.479639907841289
41	9.738577929007642
42	12.391544161993613
43	11.054142319844441
44	13.896035567951271
45	8.009969722223868
46	4.1539494524623635
47	12.179717328657551
48	7.0307971783272984
49	5.891039541235994
50	4.723297563284168
51	12.970767712303756
52	10.288229748623936
53	11.252721120132161
54	11.047717614199112
55	12.586824015196244
56	5.88152490505763
57	8.57115188424283
58	9.703752793693916
59	14.503506897607132
60	11.053825922912052
61	13.970256887869105
62	11.213224220989813
63	8.180444827447275
64	12.394987582800278
65	13.544815828573132
66	8.371973751050284
67	5.689644892261128
68	10.096045300416334
69	14.348554904433152
70	10.83581412138714
71	15.269348381123239
72	7.0532195226264065
73	12.961557920885213
74	13.700159067361707
75	4.156714403070059
76	13.161365674164976
77	12.808660590086982
78	8.735049429535914
79	6.839125637020462
80	9.927881353170168
81	19.108232755504304
82	19.05149415505816
83	17.56786946721538
84	14.311622460380393
85	10.885145694036973
86	20.782994046688298
87	12.012488021871112
88	11.437123995950012
89	17.42700604922404
90	15.799827522980843
91	14.149602749781533
92	17.532477945207834
93	15.692309685246162
94	13.89363334949011
95	17.949485726770302
96	16.61264301827699
97	11.660145805087735
98	16.75748758553173
99	11.821448046953678
100	18.334417790876692
101	15.459454551130648
102	18.52889490537575
103	11.245098315493422
104	15.12889153595866
105	13.917693422542078
106	15.422044796894674
107	17.951402806411195
108	16.037146393764978
109	16.847878619534075
110	19.242207509186624
111	17.375096202315305
112	24.851552374597155
113	19.146250936726723
114	18.917112890907795
115	3.95516541008595
116	13.738397210364115
117	10.885145694036973
118	11.22218964890314
119	9.138053487039443
120	11.629387774807196
121	15.65376020976935
122	16.03574948317393
123	18.718698520751584
124	12.39558144736193
125	16.227820335453124
126	23.891360779193512
127	16.611515646334464
128	14.3114847305951
129	20.301803782002448
130	17.14278741244332
131	19.675004218158115
132	18.912145282795503
133	20.441957542129614
134	13.927609874959305
135	14.313140753758487
136	19.674430447338942
137	15.845834990676543
138	11.242739281008292
139	20.640192397007585
140	11.629275993363654
141	15.07803886558778
142	15.269642966889629
143	11.245849716384507
144	16.216986661578975
145	12.791924481350152
146	15.072507737851293
147	18.719426835074593
148	20.249770529703436
149	24.65945093740345
