0	10.560695586844147
1	12.277609000308104
2	11.046481286431607
3	12.049609467110395
4	9.399008546075443
5	12.67794257619742
6	12.97340472746528
7	11.412233751567085
8	11.888147823291554
9	11.014693392755088
10	10.958517591046679
11	11.413407771570698
12	12.835242216077877
13	13.848374247752984
14	9.679489612583986
15	12.589382427467624
16	13.92406213200144
17	9.994637396193362
18	11.421503766215208
19	14.21653707615483
20	12.273191820482706
21	13.109226831289963
22	12.867876864743423
23	13.61260362500824
24	10.389430943755917
25	7.73678232831534
26	10.853882335505418
27	11.118966814587543
28	12.313676266163396
29	10.744171075894664
30	9.903723552400061
31	12.740121095267948
32	12.308484680501264
33	8.399101278391237
34	14.109032749685069
35	12.94638566496913
36	9.792988902808528
37	11.217666566882716
38	13.666179128060419
39	12.577920697941934
40	13.638795333297232
41	10.854084386808744
42	13.67737831641077
43	9.633578666955652
44	14.899995312669937
45	12.313214507126728
46	11.874814474718264
47	13.378433996877094
48	12.148826094470381
49	12.180452419700224
50	12.44586269988291
51	14.455151772648803
52	14.0535782730702
53	9.768339967462259
54	12.074364569012388
55	13.951943032753524
56	14.488605100694356
57	10.345989115836936
58	12.980240111958192
59	9.90026347637575
60	9.792988902808528
61	13.807016708525955
62	11.51045300800353
63	12.950030359230313
64	14.435722002682535
65	15.894412634588615
66	13.506538755491047
67	13.941075253761696
68	13.771174701395392
69	8.643900188696856
70	8.797475371931514
71	11.252133591340359
72	11.682376164548568
73	9.657674175407289
74	11.354940654409646
75	13.639953367570714
76	13.241252984279548
77	9.816503679595025
78	10.82743862609287
79	11.649646947733025
80	11.450040243528184
81	15.69574342240933
82	13.405476785136296
83	15.459318916961095
84	13.705891406295038
85	15.962255291261835
86	14.301313540376357
87	12.277609000308104
88	15.168749265897013
89	13.364452550410325
90	10.858824775246223
91	10.719247759038696
92	8.335054510854263
93	9.503069843922288
94	8.886512269551751
95	10.428908394758796
96	11.782071329811401
97	11.680296804660571
98	8.709568963244623
99	10.058287937087043
100	9.007302966149563
101	10.045861687857085
102	9.54831298920049
103	10.267041348779273
104	9.827530647001968
105	9.12949039108222
106	10.455752386558792
107	8.3597929973656
108	11.215790427300123
109	12.684023457433907
110	7.065367187387914
111	10.171294214850532
112	10.606685711835993
113	13.012989021514386
114	7.010468043575353
115	6.149536322389897
116	6.551628612808402
117	7.38882319739872
118	7.290442164659339
119	6.8616686878280815
120	5.821227641094112
121	7.125894333625831
122	6.210473090882216
123	6.34270911358049
124	7.009220254807515
125	7.139871420517371
126	7.423254586939285
127	6.5932193680291125
128	9.285290564724367
129	6.144912237594598
130	7.069454695240999
131	6.332037578616802
132	9.811247265370366
133	9.376885013686676
134	6.464399860551985
135	9.679310716397179
136	6.145180820064629
137	10.415272200378807
138	9.371307640647709
139	10.881175323015459
140	6.989754242801071
141	7.007349042884123
142	11.810105220575629
143	7.652639497363031
144	11.65030015857242
145	8.35287109696294
146	9.790103235345864
147	9.904088030710717
148	9.792447909485068
149	10.220035995539465
