0	14.174774683091083
1	25.761336105064625
2	21.3514417755879
3	11.407742452489883
4	15.572223240326107
5	16.1521002980211
6	20.839101081773023
7	21.004979717028885
8	17.64802080312626
9	19.358749209885712
10	23.05009868122781
11	7.399670516195706
12	28.064568488442184
13	16.885513768434087
14	11.193027353928057
15	17.514407829554308
16	13.584098710489728
17	19.058060525911923
18	16.0236765615813
19	15.673493587402074
20	18.168648984749865
21	11.853352568100721
22	18.395794420900575
23	20.187114718685496
24	16.06727129590956
25	21.668273760064558
26	13.548783533732596
27	19.122740151730174
28	20.627133332150457
29	21.628777300330924
30	20.856046889231415
31	20.401935198199684
32	16.76323830876437
33	14.915635666700506
34	15.587443929778928
35	16.738026722278022
36	17.22266198421112
37	17.274064624325607
38	18.351268822705297
39	11.29000535394103
40	20.031210312313675
41	12.953998368482482
42	12.642802254684065
43	12.853068310323291
44	9.867921037586822
45	24.524100852936666
46	9.808565605924848
47	11.885017818049473
48	15.537068109721696
49	14.406480542639283
50	16.885837213079586
51	12.324581473056964
52	10.401025934231972
53	13.684315894006362
54	12.29301383949702
55	9.933823434852924
56	11.193132247360404
57	12.19966810494254
58	14.582123548955733
59	10.972433099669967
60	13.550713344802995
61	13.493495317472078
62	14.363519551653594
63	11.91581140002087
64	12.956285143423038
65	14.049041493713712
66	12.608865166020898
67	16.058299291817953
68	10.717739155503049
69	14.552299427006716
70	20.75464612513751
71	14.115388958579073
72	15.418337572069207
73	11.727414083082106
74	11.284763147358417
75	9.97230714470255
76	11.821063408654926
77	10.284846170551928
78	10.310660167585386
79	10.335356512801317
80	11.697733731376525
81	11.57493538338381
82	10.091549642083011
83	8.48667757407465
84	8.826320822282044
85	12.762798918322027
86	9.211041749614395
87	10.177611355665789
88	10.598362343910473
89	13.517850273344688
90	10.224684207735951
91	11.129387426031963
92	11.253858982781137
93	9.875543741988697
94	10.871469036123498
95	11.821898520731489
96	10.19568156132934
97	10.402019794416127
98	6.144724637571705
99	7.103855479435736
100	10.752460910177668
101	8.540506524183497
102	7.6659859542834585
103	8.334781903723417
104	7.575395296866374
105	8.39302210784314
106	2.599837545495538
107	12.046063333453956
108	7.638579623386709
109	7.117176378893489
110	7.103470636053006
111	5.719813331100858
112	5.027780628967086
113	2.295794181121438
114	5.434875081141784
115	3.88757336581928
116	5.418331102538496
117	4.587350517140252
118	4.890490651344737
119	4.084033043568792
120	5.983680788342947
121	5.959109095277283
122	4.659870664495364
123	6.161757529556597
124	5.392098768447276
125	6.349233880130932
126	6.348837330645402
127	7.166634336446264
128	7.22928053573985
129	7.186522748823886
130	6.519537628623589
131	5.719611980818144
132	6.1913488633234
133	6.569366687159157
134	5.467893855644903
135	8.802472019363075
136	5.796568182103689
137	6.77227303720313
138	5.342457719334808
139	6.663554088436509
140	6.788945886835902
141	6.600231037305638
142	8.444876599218603
143	5.707012286784312
144	7.166375585896429
145	6.159951025837627
146	6.112289668174733
147	6.849508882986197
148	7.672129259948789
149	6.503721142421163
