0	8.945735609731653
1	11.82064308460001
2	14.242842100677535
3	10.891861356288908
4	11.596150607265251
5	17.414555647600437
6	11.577926760364376
7	20.501932223256272
8	17.147823546780888
9	12.802015791332595
10	14.974112298454152
11	12.085965743081289
12	10.87673337053819
13	16.699878980281987
14	15.936326141763153
15	13.032075776187668
16	14.476220417205765
17	13.799788010743864
18	17.578068461032867
19	10.161402313876179
20	15.215337079506183
21	15.930935430911736
22	11.845267462594718
23	17.86162236548284
24	13.531353933036275
25	10.157934469681493
26	14.972812042894013
27	17.13619196047288
28	20.02142930103239
29	20.805675140256913
30	16.393432966013606
31	5.099739612014113
32	24.362096992862337
33	16.655733915644664
34	9.670810602666249
35	11.866363066699313
36	8.707816310786203
37	16.165993252890765
38	13.766613160906733
39	12.09684379218631
40	15.921393590973475
41	13.073052343767005
42	13.979358002177818
43	11.131099113916186
44	13.302800534828645
45	12.06669133834744
46	15.71727904683118
47	9.91847648796676
48	16.142430339131995
49	15.447623971422043
50	16.461528238999737
51	3.4086027498746896
52	20.277698949763913
53	14.247915831107793
54	14.975845618870116
55	8.471253617408033
56	14.97786906978753
57	12.589908445879518
58	15.423205384823602
59	9.690592219760546
60	10.623325495256376
61	15.694950046895014
62	16.654121692962025
63	13.075315819989642
64	11.57825785124801
65	11.848778084738285
66	13.311632314449772
67	9.647931065383636
68	8.481035813162476
69	9.434369114993148
70	10.901728819505568
71	10.37143716943795
72	7.269874914747498
73	11.608222575075992
74	9.671359411593386
75	8.718458072806186
76	11.120177907629726
77	2.6982557899672335
78	10.880148666214113
79	5.818256804457103
80	7.9823307270364365
81	7.511040266311626
82	11.332406501390379
83	20.08101287930867
84	8.003839601054047
85	8.475227230265336
86	6.064797247700296
87	7.254868594218769
88	5.822594589191758
89	6.307188462597232
90	8.951037773389036
91	7.518522887005237
92	8.459356581878996
93	7.03713293957765
94	6.7840494223536005
95	8.229672421034602
96	10.403546348575528
97	10.875698970692255
98	7.7643194556700825
99	12.811962628265224
100	7.9693956815631495
101	7.02899337601718
102	7.02769316677528
103	12.084809909046172
104	14.005985526777197
105	14.25724960110378
106	7.746019390525163
107	7.267919319257495
108	8.961070935667438
109	14.967324056837423
110	11.84232548233939
111	11.370364607651451
112	1.970995786765838
113	14.277197167786255
114	9.19276303936856
115	14.705535309698783
116	15.93293771363046
117	14.021363636209578
118	18.851591672718925
119	12.804347564999285
120	20.0321528687164
121	11.335640731093614
122	18.58678746544225
123	22.200256748736425
124	16.907762919522668
125	14.028795879017382
126	20.270588255069267
127	21.718417729701105
128	19.265886472411896
129	15.453741132012908
130	20.994960384816395
131	23.923864032296287
132	25.524394880612498
133	20.75497054334906
134	22.713840314476656
135	22.152240186184432
136	12.08538779716794
137	12.106232919381238
138	20.272759770118967
139	15.904034923757006
140	12.588942197581714
141	17.35049799735288
142	15.455980045417583
143	14.490029065954484
144	22.72184376317475
145	16.38219235461511
146	14.974978906675549
147	16.936986928396276
148	20.704115426341332
149	22.00670748833003
