0	26.988568397233244
1	17.054462992321305
2	20.907338244686933
3	17.457927302970155
4	13.568654856182295
5	15.753276818204148
6	20.341222391749135
7	16.495593275134674
8	20.283613893731236
9	19.260591225552282
10	19.988222590779337
11	18.995419334548068
12	14.594464962851362
13	21.034851868231847
14	18.759923330606277
15	10.781889818697948
16	10.624030925306622
17	17.777199944526956
18	13.67177284577258
19	12.802971978144466
20	12.978421359675135
21	12.51025809267017
22	15.2247288177274
23	11.09335537719688
24	12.04623446532342
25	18.579086601767457
26	15.754342783962766
27	15.937071935916695
28	12.718650925022404
29	18.097784880495674
30	11.395528614161401
31	17.876541241701815
32	14.658972092741537
33	15.682214308601004
34	6.10631133066785
35	20.35584381933696
36	10.195397719935135
37	13.72405915303398
38	8.36981571449472
39	11.209302328197571
40	13.703391173894236
41	15.388042986257298
42	15.221065813046769
43	12.964678575950739
44	12.747121729020357
45	12.173589155435618
46	13.529360475816569
47	15.998747058264566
48	16.122262651570942
49	14.995557857602563
50	12.773363685964906
51	12.344093292663315
52	14.344170976864117
53	13.144062744937711
54	11.51803706228105
55	14.996138090400576
56	12.254857823776588
57	12.406305514970004
58	11.948602908501362
59	11.739211218968183
60	6.913222703301423
61	14.364465113660764
62	12.405484762303331
63	9.656997368058425
64	15.610938109651253
65	16.973066047799392
66	13.69760824804368
67	13.175081121005409
68	15.234339234589982
69	15.57188105242087
70	15.348923121529936
71	14.646544133105854
72	13.27645357310225
73	16.24107629106848
74	18.404840914279184
75	11.026086061433304
76	14.319744740607316
77	19.17811534190602
78	19.749277817657166
79	15.573084687385178
80	16.874161612527942
81	18.379790582791287
82	13.079595467342143
83	19.68041835061375
84	17.272967538588922
85	18.330358987936123
86	18.769865923903716
87	17.404168418259516
88	19.732570167290596
89	18.760470586559315
90	19.38236657864683
91	16.919260458491124
92	16.41204636877266
93	21.083008669696042
94	16.69491725494413
95	17.328949733563817
96	20.790075643552683
97	14.501901265447355
98	11.8137964695702
99	17.70701980586876
100	16.365211447068404
101	19.50513693424503
102	17.70288590992348
103	20.53914758847798
104	18.519854285040807
105	16.440060433930874
106	18.982764477487898
107	21.602005001870715
108	18.711645120008605
109	14.923197220136835
110	20.355645923669037
111	13.971064670183374
112	17.47702499446953
113	13.27479294290422
114	7.405502417784733
115	14.312062319968259
116	11.520892881867695
117	11.08976458849468
118	14.312559734494403
119	12.382682451037692
120	16.427685260811366
121	12.432170944602687
122	12.764947917485841
123	14.643874576560302
124	16.70298182149132
125	13.411651610329557
126	16.780648550232137
127	17.890381076250115
128	13.331020894567258
129	17.98676935730286
130	12.082887595046019
131	19.012594525010563
132	15.83393802222578
133	13.51877524997691
134	18.281022474142873
135	15.307988836701675
136	16.255433906427292
137	16.49048644803817
138	12.404651471081689
139	12.841310037938753
140	16.611458375600733
141	12.991986301301134
142	16.368061366604074
143	18.621948469096196
144	12.530373936499325
145	18.515177399901404
146	15.937071935916695
147	13.420794901771597
148	16.093256628862605
149	15.736553919768934
