0	10.934602845355352
1	13.613583936777218
2	10.464606575895631
3	16.276147988834406
4	22.786791210373583
5	24.50224808940069
6	27.810935819837315
7	20.186088621356
8	19.661296271229798
9	11.398995646836797
10	12.922474146677914
11	28.122797002162987
12	19.65620117727965
13	19.891952592645346
14	12.404703179230735
15	12.886920429539158
16	22.017104204909558
17	28.36356958446947
18	8.065439055627525
19	2.4842341451835805
20	29.809253112459846
21	16.503331370822984
22	13.617304392448036
23	13.128842183663979
24	18.68409377782967
25	28.36605141243746
26	31.27358254297584
27	17.719259733173317
28	25.154018071269885
29	9.76311661873317
30	7.079226093956508
31	16.999103475629283
32	25.94063247352972
33	16.754634868475886
34	21.328299585223462
35	20.89386332676691
36	13.590665563384174
37	24.02740623902801
38	2.2424939306808405
39	25.46413770955858
40	10.43981114936247
41	17.276139105549692
42	16.7595856284086
43	9.983215445644797
44	11.673392943932221
45	8.043552307353487
46	10.708037897865244
47	11.435177316473915
48	2.7260711911606794
49	19.146271907808597
50	26.265840840837864
51	1.0328610008735157
52	2.2423196563428185
53	6.111834082113517
54	8.524516110803644
55	6.844568129467647
56	6.593356249484582
57	7.563219108834724
58	3.693226077105745
59	7.809371778450468
60	5.866873789045456
61	6.593066292118771
62	7.080546626119003
63	8.046453378328584
64	4.889196103847105
65	8.0735434398179
66	9.255638981823482
67	9.260296876918156
68	11.67002066483673
69	9.256146671903446
70	13.367745025952521
71	11.182657998281428
72	14.312888796333443
73	13.87921909246137
74	10.71160897214463
75	13.853823792348273
76	15.495405711215763
77	14.847884317408766
78	10.230218457657518
79	11.196694871971818
80	11.916117727678099
81	15.498484442219752
82	14.620487386787511
83	16.03114115073168
84	15.053659521233483
85	15.78518219482419
86	8.776167377279139
87	10.9495144815258
88	10.434232605054975
89	12.681033938053057
90	13.368121725008848
91	11.67763861633568
92	11.672413705955323
93	14.81443971598346
94	14.825382962633595
95	17.23871488249748
96	9.737821115944989
97	13.574198850927875
98	15.34019101687682
99	16.759106004506766
100	18.44352892134399
101	12.156267261766054
102	16.033885458649817
103	13.61063453432388
104	15.061218321392966
105	15.545698958629634
106	11.674263705843755
107	15.293373099927729
108	6.599220379249805
109	14.335876967691393
110	7.785295844764111
111	6.8576269701044215
112	13.570885909645456
113	4.6707004367419644
114	12.150134321255464
115	2.0009982911829116
116	8.5215038118271
117	7.329325420085138
118	11.670999472140094
119	11.678836275734954
120	12.157743946841515
121	6.837969426148946
122	10.944741468734163
123	9.25995786772475
124	9.498012784720737
125	8.290181877361862
126	4.901323362954921
127	14.803793013270374
128	10.688142935385889
129	10.25427268367642
130	6.339161467894967
131	3.9324217505278245
132	9.501061580631166
133	5.385323886918174
134	3.7025141492292697
135	11.650157722055617
136	7.092648382524937
137	7.079100067890263
138	4.167503709415454
139	12.194918308194746
140	5.374737497028002
141	6.125864831863144
142	10.949108044672853
143	5.85700115320674
144	5.638626098072185
145	8.749652609210937
146	6.357817220051103
147	10.486711227012055
148	8.532483471152874
149	7.562609622430408
