0	17.6350119942524
1	17.033397871167715
2	18.86313617216323
3	18.20288732359571
4	15.793521075990851
5	17.419433618616342
6	17.529519457383124
7	16.278607242424638
8	17.55213688597633
9	17.805213039187525
10	20.425381481120958
11	16.992910774020586
12	20.159440543187998
13	16.5138038438252
14	18.204113901463973
15	17.417630564247432
16	17.972625061703198
17	17.854712097964903
18	18.44727344313916
19	16.677908519487755
20	18.54478814019778
21	19.88208786844624
22	17.667457435683758
23	16.649658573414634
24	19.6370434375555
25	16.99307360804671
26	15.407146804217774
27	18.9618373307452
28	13.859600817037247
29	20.37306829466596
30	14.16550772824898
31	14.338209740070836
32	13.27098955888237
33	14.375674056903058
34	13.96880380499573
35	15.52961225621268
36	15.539093477191722
37	17.03898824517408
38	15.151351775545152
39	13.434977045390333
40	16.78483456522318
41	19.939451637261396
42	16.150541285373997
43	18.427224679164947
44	14.60408531370427
45	13.902496528504887
46	11.447374221695501
47	11.93946273722259
48	12.115227581614441
49	15.276944832450921
50	11.250677184797308
51	12.760169566987251
52	11.9090103879848
53	11.449781791626512
54	15.805069344617399
55	12.402008531786855
56	14.897370046317189
57	13.400526761707837
58	12.960276670648595
59	11.989269636065975
60	10.584802725178967
61	12.104283373825426
62	12.973537584422848
63	14.168743497559287
64	12.369314435610038
65	14.677022611778364
66	14.757107386674091
67	14.776542465167132
68	16.033641462801658
69	11.426264677230622
70	13.27652081378066
71	12.703941749812683
72	15.63095995688268
73	13.959265600409587
74	15.449519970127056
75	12.802454501226505
76	13.855370070536738
77	15.800949780358769
78	12.80924744058462
79	17.874489263498976
80	12.984822537741922
81	16.767296109691543
82	15.970440765185279
83	8.279895400771286
84	15.405857553432453
85	16.73601622297863
86	16.177991979382472
87	16.136775813711502
88	16.550720484626787
89	15.2128979809006
90	16.000543859969525
91	16.468338096189402
92	16.65620606738729
93	15.738417011383756
94	17.23193324041792
95	12.539111594825405
96	16.047320658159673
97	14.506662965655552
98	14.642587511394234
99	13.394092613447254
100	16.01096048239488
101	9.94426545248428
102	19.61014703450146
103	12.441520519330266
104	15.605337442210384
105	17.968995508723236
106	17.38865457498902
107	16.867403781382336
108	15.492304573936636
109	15.069850580530732
110	18.609707575523462
111	17.654830129846108
112	16.126120246518788
113	2.98812114669698
114	10.302841156380333
115	11.428892583542414
116	7.959595114642418
117	13.148456599879156
118	13.82823475368552
119	14.294657335108509
120	11.749130516023804
121	11.778587150433534
122	17.173866214153843
123	11.80717612094789
124	13.874349441142998
125	16.56397781499346
126	10.241009111341475
127	13.28813466370692
128	16.650136779964164
129	14.855131819333058
130	15.876174480458396
131	15.963126458297527
132	15.285751054640393
133	18.395671278480442
134	13.331317424408692
135	17.380781890062316
136	13.910163659821986
137	17.757114960120116
138	16.27028177490136
139	16.646120068938206
140	12.629011303029362
141	19.68479499366086
142	13.924198259145935
143	19.07182967447668
144	12.86920497331678
145	17.39270884617643
146	21.540179305840965
147	13.767749465501726
148	15.858981252037385
149	19.888384501503268
