0	1.153189179050767
1	1.6680413018416962
2	0.8496385359467012
3	2.478489364961054
4	4.275763623099105
5	1.104076287142494
6	7.281239522085573
7	1.7677174248665457
8	6.447359958683736
9	2.531869000809697
10	7.029155025770372
11	5.388561337593383
12	4.357106939900383
13	7.909899690403565
14	3.144670332639237
15	6.810558574037629
16	6.871897590678841
17	4.6232943673618925
18	8.684616718466918
19	4.520295512544966
20	7.2684450960111
21	5.559595268654322
22	6.407911640516343
23	5.892938070454395
24	6.244628679552396
25	7.277124252715709
26	6.522711127842958
27	7.631409084398569
28	7.258865387623224
29	7.44021804769606
30	8.657158504114339
31	6.743403066381834
32	10.256556202359185
33	7.061077166718707
34	7.600098371544583
35	9.545308611943083
36	10.55593578355674
37	9.269763490490847
38	8.223146612467199
39	8.521253058278635
40	10.155951520801192
41	12.806556802744788
42	7.483701064659951
43	11.861424540559403
44	9.611991609599489
45	13.068570962561125
46	10.71938041333879
47	12.418447705307601
48	15.033889274572964
49	11.96632836510307
50	13.85218689178373
51	14.720574040536453
52	11.117749048281167
53	17.821223904711992
54	15.548286084423504
55	17.765620724525736
56	11.91127927470019
57	17.636361359611918
58	14.734240546852694
59	20.114096823438107
60	18.747460757803722
61	18.01198921879771
62	20.464789149544682
63	15.863960993255532
64	20.31166548503556
65	11.018393263367775
66	8.189526698570619
67	42.46209217042609
68	13.698823321301015
69	5.0166161878053925
70	26.135018276270856
71	8.026421908646844
72	12.408807269482422
73	9.129832568809814
74	11.353435168447213
75	12.993990589169744
76	8.291769906343575
77	14.052663149179516
78	10.329287812362043
79	13.521266569517133
80	7.958708803507219
81	13.85324369125657
82	8.29727718153868
83	12.943414785535063
84	11.852009121249983
85	10.222759631878809
86	7.886509512836579
87	16.20911314189911
88	7.566715022306089
89	13.109887152932613
90	10.136424710608274
91	13.139818713179947
92	8.95750925351447
93	11.652989119044847
94	11.718223247129853
95	11.87748284764311
96	12.202202077607296
97	10.849254034351725
98	12.680607423637873
99	11.05613872570984
100	12.527876883854901
101	10.976819925705517
102	10.622024917500834
103	14.55958640685809
104	9.660414476727972
105	13.035842335295202
106	11.426739520454928
107	8.621613625335348
108	4.266940528970993
109	28.400869612991883
110	32.92555908033688
111	19.474326752007542
112	28.418822459180145
113	37.08165548868253
114	32.58807788467932
115	34.92107016978552
116	26.297012710194952
117	39.253557747403434
118	28.774978919236975
119	30.44288860739801
120	28.776384315286595
121	29.773472281224702
122	30.612196695282197
123	34.197742051738615
124	27.914397109986965
125	34.2623191459285
126	21.29247592083901
127	36.91732529929334
128	14.621937004780799
129	28.283619299062487
130	27.001160158720648
131	25.939477009914803
132	25.24242150435814
133	38.12060943416205
134	20.5072716068653
135	28.854974960432685
136	23.167730910330725
137	18.889670293133427
138	18.0676785590278
139	9.236009761337911
140	1.3082589201294148
141	2.1797219854838823
142	4.311747763116332
143	5.335779408028832
144	9.386869667072606
145	19.513081540271404
146	18.343449371371147
147	18.73517993611747
148	14.612296194909252
149	22.73470356741814
