0	19.24906527535364
1	38.003504855848995
2	7.287710455929728
3	28.94030379056015
4	19.467837270642693
5	21.46135603034495
6	19.246823995858072
7	12.09648030920673
8	23.879013153382118
9	17.94434198258886
10	25.588840889593303
11	15.928269086797878
12	20.4800734525074
13	18.599233639080644
14	24.55156444321748
15	3.4530938303561243
16	13.422012911329594
17	23.988832445359478
18	21.59126671232515
19	17.550516209130492
20	18.076574820343787
21	19.277235200371972
22	28.445286697983647
23	17.649797140102244
24	16.560297581144315
25	26.0256980591044
26	21.018765846799642
27	18.319211937844894
28	26.744267094735804
29	24.54318013570499
30	16.35312909097325
31	16.273426167608193
32	24.980038106964443
33	20.36169108116253
34	24.115531268662924
35	15.779132966705117
36	18.967501783511484
37	27.893032495405073
38	16.805361820105155
39	16.152185916807287
40	18.65825730925015
41	23.30837823504187
42	12.899187394885299
43	13.490154468124516
44	9.506892517096341
45	8.546283448090511
46	7.88225839377269
47	11.27687304144165
48	6.903455299857699
49	16.482948305092897
50	7.439193940930381
51	16.962891147127763
52	4.561653044530504
53	14.301887136014253
54	11.64154576941326
55	16.6689239347795
56	16.53826116860915
57	9.981718635583286
58	19.394794821506494
59	8.470434511190387
60	10.286819453585894
61	7.757282241528433
62	9.80046052317116
63	5.1509887549528885
64	4.409214697731119
65	2.7870796309254935
66	7.532396759923041
67	8.546283448090511
68	6.034625828521687
69	8.548994544246296
70	15.995600045420055
71	8.917936972815886
72	7.292408844502373
73	11.718544354492723
74	14.304221107261291
75	14.595240075604314
76	15.483782041922785
77	10.022314383020161
78	10.757236134282513
79	4.266694690819306
80	14.45183396152445
81	6.035608088603794
82	10.615606890784248
83	7.069827207787817
84	6.310587818778636
85	6.500707766561714
86	11.060408551061414
87	16.66120009462991
88	19.18875281650102
89	10.866605709477994
90	3.232938113915635
91	4.26532950567974
92	17.472321270392975
93	8.918604737289073
94	29.80181770858033
95	9.87007289058519
96	15.301430022665096
97	11.498702754359458
98	7.677480759524609
99	8.379805523652562
100	5.597724618481094
101	15.178945127961715
102	10.612594726280111
103	21.518319889773426
104	20.73708327056039
105	25.377665315788846
106	28.939399575975617
107	14.549138188450046
108	7.0700221738777085
109	6.0524700068044925
110	25.297423734849687
111	3.4463519008449506
112	14.228503161806174
113	21.755493364023557
114	19.3621204277093
115	13.430757677342536
116	19.19450687828219
117	22.99113394417485
118	23.17783510603295
119	22.10449369716481
120	14.527035466725877
121	22.054110414389363
122	23.899944140129463
123	29.817979152401676
124	40.15188275487548
125	9.14248327822922
126	6.775841732564575
127	9.726850034311251
128	8.100342411966535
129	7.959453048304423
130	9.283990952546896
131	6.4802083859897595
132	8.102900181174187
133	7.510354007420237
134	8.254858842391434
135	8.251019499198119
136	8.250559218962655
137	8.54724019981194
138	8.76341679918372
139	8.770787708630547
140	11.055375714463596
141	8.989485043674073
142	9.874905613311464
143	9.717708579317
144	7.372602558549619
145	25.654542350224204
146	11.244867051294785
147	7.959969870165129
148	8.251557039168832
149	7.21747585536219
