0	18.10224268523824
1	18.029449271562857
2	18.507429450630536
3	10.972602317777893
4	8.754841369819745
5	20.326976207538813
6	24.219500429353968
7	11.415537328892286
8	1.662008987322996
9	4.763717145014719
10	18.515767814213046
11	20.726339489400242
12	17.17883262492623
13	17.622003010141494
14	23.384668137621382
15	26.932542508853462
16	23.434516576030965
17	9.622701435954946
18	17.621329013906447
19	20.282788405808798
20	13.62480017466681
21	13.224889076583203
22	12.718217567358025
23	14.07546257260052
24	14.07546257260052
25	18.061533960152932
26	20.730730170699804
27	13.632123993696846
28	14.074265626102608
29	13.632381676014267
30	20.330700060805814
31	19.350944338719838
32	22.05513208673804
33	12.29462083266927
34	15.414407854863413
35	13.633024489937348
36	14.961714828521322
37	9.641367328060436
38	14.51921382389652
39	18.952732733059808
40	18.066548150899536
41	19.885492776449237
42	19.351129351594135
43	22.939796708954532
44	25.60251349342822
45	22.082830832938246
46	14.07320163437345
47	11.845927967394596
48	11.415005408846126
49	10.525633812505363
50	11.863094335942032
51	15.848365429960756
52	21.16989943006545
53	14.518251301491562
54	18.953641557098777
55	21.16806392858893
56	26.046362987721064
57	10.106130255650326
58	6.083636786340427
59	20.279472163949787
60	16.293087335985774
61	11.415856823575618
62	13.1892820932565
63	15.405040129241039
64	15.440381387582995
65	20.28259364352665
66	18.023252753113976
67	12.302454369314878
68	21.16908344201074
69	15.848213826911035
70	16.33010904231735
71	18.0713912215403
72	18.952005468403435
73	24.65064792997928
74	26.08888999575757
75	26.06254743168789
76	24.723491037361
77	12.27084059135538
78	16.292466463019224
79	14.075329788109672
80	15.848816888215211
81	11.88365256526641
82	18.91083879203016
83	15.848365429960756
84	17.179161392020877
85	18.503884486824337
86	21.17581691672875
87	8.755319955061939
88	10.971684567039633
89	14.51701455573803
90	15.407380663916621
91	17.622508856521694
92	6.982169708501892
93	17.172438343422293
94	12.750117466378168
95	11.415537328892286
96	14.07400010756885
97	9.629857532188053
98	9.210970188608995
99	8.7557189190543
100	10.085415362467463
101	11.412772083758048
102	11.417560061893726
103	12.744728943692303
104	13.189654859439175
105	14.493422919965747
106	8.78334770136402
107	7.414429297417347
108	10.529046805649568
109	13.188661482601715
110	17.622845267458697
111	6.551935274277386
112	11.41628258204162
113	14.485348774025748
114	18.563814486112406
115	14.066823236850643
116	16.698869939554616
117	21.167044517095817
118	19.445562711456937
119	21.556939137919798
120	10.084949941720293
121	24.27272082403407
122	16.735494046022556
123	16.73469618188455
124	16.29293124592792
125	19.83924617902582
126	2.1077326946144535
127	3.873006428709438
128	18.06602895122715
129	16.291224866122516
130	17.194924662419073
131	4.761565671432386
132	15.848666399125582
133	14.075064227081885
134	12.33018669787991
135	12.273707015450615
136	7.4367748871396095
137	15.381378207729757
138	12.301185964831467
139	11.415644353510142
140	14.07612752586541
141	11.444450998820438
142	16.738208094635436
143	15.80597952581153
144	12.33111363729281
145	23.820384725227747
146	16.26303845158013
147	18.94746307441647
148	23.82499234888774
149	23.832601362853865
