0	9.793358783015439
1	14.205777190013702
2	15.423415325589833
3	12.285945953411922
4	14.522483493550748
5	13.749914867991322
6	13.074399453398847
7	13.35616095895925
8	13.813734348800988
9	12.479151545466543
10	13.640049470510746
11	15.088243909972963
12	14.600145331580745
13	17.573484301934215
14	13.715108480711812
15	14.914855230008897
16	14.593519351051178
17	15.33870121980986
18	18.069812339472847
19	12.859860587059579
20	16.40904715313893
21	15.692762902817734
22	17.34511533156259
23	15.339575793841984
24	16.36508444003332
25	12.7905306749917
26	18.321929861736
27	11.34512987878885
28	18.50388516695722
29	16.992349042704394
30	16.527202431158926
31	18.55714035307527
32	19.041331989523048
33	14.807396599573178
34	16.444204265255316
35	13.957796799562772
36	17.720832627697483
37	16.14608078147201
38	17.250488993299722
39	21.562777446110722
40	17.00911513718759
41	16.22206877745584
42	18.24200754842739
43	19.993037663811045
44	15.412267935224719
45	15.578259141554142
46	21.483823190930142
47	20.099109910082245
48	15.95160648448169
49	17.55419274728305
50	22.018620904399803
51	17.865145049247786
52	18.028609222339476
53	19.851844070775364
54	17.532288049635323
55	21.34553918031274
56	19.663050578396554
57	20.667800450609594
58	18.50246118487006
59	19.957356814210144
60	21.335876734805247
61	16.679748012404563
62	18.625811694195345
63	18.32386274611221
64	16.21127083082697
65	16.013421969440085
66	14.520414384402933
67	17.605089808164323
68	15.062723747748343
69	18.80018740195251
70	22.92262606638095
71	18.949154344970445
72	19.60498126900596
73	20.930318518496687
74	22.054733596574586
75	18.743636211481814
76	23.250892090593354
77	23.423159602535367
78	22.193412466057257
79	16.1463883606114
80	17.360957345088885
81	17.10891829895586
82	20.508787066657817
83	14.736515708491869
84	24.17574346325087
85	21.649626965932118
86	23.538310040634265
87	22.27667833644908
88	22.18438849904367
89	17.784079839687124
90	21.406008451169992
91	7.905536451749613
92	28.654664737901896
93	16.941230126546863
94	15.763095573610606
95	16.6131030834732
96	18.313322170378253
97	16.77867373961372
98	16.870732825807004
99	17.70023984868166
100	15.3712887080452
101	19.027064872595073
102	19.79952337070078
103	14.09884357960767
104	18.949154344970445
105	10.10004753158023
106	18.99550005915181
107	14.437679896692487
108	12.521634626702124
109	14.507873264094986
110	15.060290787731837
111	13.193960063825454
112	12.070826654499076
113	13.07452242870379
114	11.941475461583739
115	1.040633162774658
116	10.100701821347986
117	13.357294898843403
118	13.851875240335428
119	16.116079929261883
120	9.607175510707826
121	10.383154938529952
122	11.021480917497804
123	10.407857563762466
124	10.784355521801103
125	12.507283309603256
126	8.89855076050938
127	12.153601812633273
128	9.463491064324838
129	12.366647754769048
130	10.383829055260371
131	10.17120098411133
132	9.201647768439749
133	13.115402919303683
134	9.69665960665521
135	8.393080989944783
136	12.494255177488366
137	4.862970954523083
138	12.223926271815373
139	7.55303212356871
140	1.679529050360892
141	12.696229243628618
142	7.411059524820044
143	8.119399711160606
144	5.796161698592281
145	7.888211552903492
146	7.855628990093499
147	7.251506132078553
148	8.897654878319209
149	8.048029375483203
