0	13.749886410199823
1	11.287077943065267
2	15.298366312932716
3	11.017137268335762
4	14.283178048710361
5	10.617182889215053
6	13.45337920671295
7	13.101946721197745
8	12.516723870326947
9	15.779532210221396
10	12.971268406057744
11	13.215036181569873
12	12.905984229574775
13	14.209174500334116
14	13.261523360104581
15	13.29358788143365
16	13.827510378703725
17	13.872206238972929
18	15.298366312932716
19	13.918234577074612
20	11.96977792128843
21	13.722006867233898
22	12.77069746139425
23	9.44996670677305
24	11.402977662896896
25	10.843221967963654
26	11.579939379100484
27	10.542980439685724
28	11.388936045732097
29	12.035545839666382
30	11.291148548944829
31	11.519171549452786
32	12.515545897116727
33	9.193195766629344
34	12.510229135263787
35	10.24314384694804
36	11.745330219875404
37	12.409118751806476
38	10.018191917555397
39	12.91943251299385
40	11.505733748972945
41	11.531704615086777
42	6.4497690935383325
43	14.811303481281637
44	7.754720209487854
45	9.820161940776975
46	9.990361524086914
47	7.210625868726205
48	9.418868612816587
49	10.197913253733446
50	9.129616279953527
51	9.3360614101808
52	10.364416015618806
53	9.390787161947536
54	10.306739180079475
55	9.203926649854967
56	10.564287821846293
57	7.969751586355361
58	11.324184779371487
59	10.536746533832902
60	10.24917538327271
61	9.776083804254199
62	7.879795692524512
63	10.80916756165068
64	10.489129822088332
65	10.823117201106747
66	9.414529104763195
67	10.648810957243938
68	10.786374272127969
69	9.644798859940302
70	11.868676550081215
71	7.989738755019892
72	11.548143476393056
73	7.276412497413928
74	11.817607809158131
75	10.156310255928332
76	8.938718204997262
77	11.241419807645457
78	8.521267613848925
79	9.738379836090521
80	11.718478686981866
81	7.430053599032543
82	11.730993822441725
83	11.795648731101519
84	8.98053127777735
85	11.038474405702841
86	12.607257616004976
87	9.20027050374666
88	10.479926907802097
89	10.80372732255461
90	10.989812744350754
91	9.17906983804813
92	11.098024425499144
93	11.369009314558545
94	8.484017953190593
95	10.280322375677349
96	11.158411110279445
97	10.405224400226553
98	10.840313014535308
99	10.315138862520481
100	9.300052933522325
101	7.862132084808662
102	11.923268688416686
103	8.858438877425028
104	12.350219414075848
105	7.7131918083168225
106	11.479714051691511
107	8.551340986546968
108	12.293727165594724
109	9.13067731656006
110	12.51613684613036
111	9.007613468439867
112	12.04479114362639
113	1.7611196426920728
114	7.5935977786470445
115	9.143585214200206
116	7.838857813309214
117	6.912438443719583
118	9.525255227870824
119	8.594707016198154
120	9.351294261669656
121	9.48211720992836
122	10.482558644410307
123	8.940612563896504
124	9.97300328603782
125	11.49196867189408
126	8.595103976539747
127	10.363819129724481
128	11.976905081733474
129	11.083155633967626
130	9.373439918916276
131	10.708090557962684
132	11.116969983573162
133	9.04003219739504
134	13.136915994346268
135	11.828923690025727
136	8.287714272083385
137	11.275111525617124
138	11.886697247235773
139	10.814015410402213
140	10.921888342506016
141	9.371138137076132
142	10.652260503684571
143	9.28787304457085
144	11.480431135957422
145	11.316204810781326
146	11.84101569383744
147	14.824323377200505
148	11.989712278753931
149	10.230996564526079
