0	12.300442218772272
1	12.566211459576499
2	13.389194733613923
3	12.463195761680817
4	12.325343564482937
5	14.630358803757355
6	13.490196520251102
7	11.090834143061036
8	12.607606761549231
9	12.561920782406453
10	15.211181423098772
11	9.189378344011143
12	15.833035579372641
13	10.609227018972216
14	13.977933910346437
15	10.814620244371117
16	14.772909538192794
17	15.644587333138318
18	14.937645330502479
19	16.012788079399698
20	13.279154338035712
21	14.95110463734463
22	12.749625664122028
23	14.193852474815102
24	15.167300448665562
25	15.266256606697658
26	15.865045840231442
27	14.12716010824476
28	13.83151821570155
29	15.04549216636881
30	15.10423127089527
31	13.740996927375432
32	15.52296337131141
33	15.985537524710216
34	16.44711532527738
35	11.809081324503081
36	15.718360176408103
37	18.648571453019365
38	15.194986539655345
39	15.09597644690134
40	18.128570983971656
41	15.823153675184491
42	15.232028426446364
43	10.615030432466895
44	10.583494739086523
45	14.61150368388846
46	9.800657365580125
47	13.426855185902456
48	14.312547390512488
49	10.412205824859079
50	15.528324500526283
51	15.638235858849413
52	13.537196153599911
53	14.020610555931487
54	14.34839659123658
55	15.915545360551324
56	15.329281893128641
57	14.053279613502083
58	16.5085252990578
59	17.64816208970231
60	14.643518461899676
61	17.002087858998166
62	16.117823463036615
63	15.806007258234889
64	14.660072719655375
65	16.07412150455597
66	16.710341675717956
67	14.345927904350761
68	18.110290631965363
69	10.534823482461084
70	18.218567026901503
71	14.052340685769664
72	14.673850311425003
73	13.323574867034813
74	14.78987796531514
75	12.659225743206267
76	13.381799490608982
77	13.135582217116301
78	13.272805530445776
79	12.621196350379588
80	14.200090783681214
81	14.913794325153944
82	15.885542312807923
83	12.402880169845385
84	13.02928367455774
85	15.222690796812524
86	15.233342523203858
87	14.386083588339433
88	12.28328922412575
89	14.457588487636023
90	13.273566550555627
91	12.327676991776643
92	16.599883761495562
93	13.308859576006116
94	15.79373936305545
95	13.316212953711576
96	14.534956226893918
97	17.021743680766612
98	12.7670132437753
99	14.541673292313709
100	18.066705195357315
101	14.016337833107553
102	15.083104789823311
103	17.34669053158433
104	15.063481607610859
105	15.214966667565546
106	14.830627291115444
107	14.604393804443463
108	18.52484512486855
109	17.474817405136648
110	17.047722600223047
111	16.004878509014475
112	18.96130925196821
113	13.722562715226484
114	12.58137249707799
115	9.628864608372103
116	16.019422614790116
117	14.304642078015405
118	12.463077315638747
119	13.79702622922892
120	13.536292358894759
121	17.888180319105686
122	13.748069743031392
123	16.129602247333352
124	16.707287026560955
125	14.086244148645175
126	15.049374267268565
127	17.815808628439967
128	20.227395942757312
129	17.25101645422903
130	18.279850400147566
131	18.676463024129234
132	18.108892025259983
133	17.206251193736826
134	16.32947810464028
135	13.388811699315893
136	19.79962065038155
137	12.655857054131895
138	19.016629442459376
139	16.975086850134012
140	19.586600452808604
141	19.43420336922086
142	19.44923488602094
143	17.812888438186718
144	18.095923815945284
145	18.864276575974408
146	18.011981011648636
147	19.94513540219944
148	14.42600445940843
149	20.31508828185202
