0	11.891511401538954
1	10.29094443593346
2	9.91144503640734
3	11.054577081851553
4	11.124715610990561
5	11.21470744762153
6	11.193622645373587
7	8.073570400846116
8	12.06641247172439
9	6.613108704207299
10	8.833326827984752
11	9.844688299228912
12	9.464941795253338
13	9.684140780695687
14	9.461573731043181
15	9.889020526996187
16	9.86845185890655
17	8.409743465755215
18	11.863900612350298
19	11.350391948732588
20	13.0458458718978
21	13.58094383894519
22	12.43687486908456
23	10.314533480087011
24	11.017311739997494
25	12.87359918846405
26	10.78648212405665
27	10.221026017618371
28	11.93030981295415
29	11.827402252458917
30	11.76527501427797
31	11.526680391088313
32	9.124122848761933
33	12.748067880425104
34	9.974921036604782
35	14.615627674444768
36	9.822698524992441
37	9.77691602372889
38	9.440447949800651
39	12.569650601295235
40	9.281837525585939
41	9.978194453290866
42	10.853384097271265
43	9.10405783763938
44	13.041634965481366
45	7.760505999509586
46	10.016194332830674
47	10.852871903861855
48	11.962854986523336
49	11.496342718089391
50	12.496199626494937
51	11.636407982722528
52	9.663540126143495
53	14.628646147857634
54	9.550162893026132
55	10.85369052320383
56	12.536318408940577
57	11.14481602085078
58	12.875192261171325
59	4.987604887598157
60	14.284717806720582
61	8.720992368540601
62	7.874289624039162
63	11.490343937013359
64	11.160733060070699
65	8.227845043723537
66	7.437788685243087
67	9.644909893311082
68	7.872770576683784
69	8.317306925647124
70	11.930196081249102
71	10.042580734681358
72	10.045877964904994
73	11.665494830266002
74	10.4460985510888
75	9.888650686748965
76	10.585049292859573
77	11.556310474365684
78	11.227960577699179
79	11.123770312390112
80	11.151780266125225
81	10.315308307630099
82	10.019848037353558
83	12.73836697253119
84	13.545956426792838
85	12.066069689967499
86	11.294153479095312
87	13.53252988065377
88	9.8471791961783
89	14.757946469926916
90	8.878505190464823
91	13.244625787906047
92	12.637535174963237
93	13.247283824746276
94	10.649554814490209
95	12.334976341491814
96	12.704417201475508
97	13.575748318774176
98	13.347846806015006
99	15.366990435360826
100	13.062849397719534
101	11.306483695886998
102	14.795789530257187
103	9.885878169765109
104	13.3055091602253
105	13.778357415092541
106	12.583563781501589
107	15.715091586135237
108	9.440535988859969
109	16.216549672709366
110	4.112060424750039
111	11.932571442737231
112	15.295995657736762
113	15.969087669638272
114	15.902237248107543
115	18.526658566403373
116	19.13225053658343
117	17.181646446549383
118	16.948148640044433
119	12.138451113660482
120	17.79963761137369
121	16.957152849548134
122	19.358016398343892
123	17.710753362324127
124	20.88058006814875
125	19.41766765346319
126	20.26338308136656
127	18.191697161398142
128	11.696935904423723
129	23.3031201747628
130	20.557208083317626
131	24.92291475877585
132	18.923371885747514
133	17.47675003673888
134	20.87083029630726
135	20.291670023342327
136	19.199558393813614
137	20.190001968590877
138	19.68426807656734
139	20.95830622891501
140	19.738402936286718
141	20.313895929686364
142	19.973195654635894
143	23.508862353977552
144	19.86897902402221
145	18.11655158548345
146	22.686549370485388
147	22.62741785118941
148	19.878028189033643
149	18.527911214701057
