0	7.873624993706075
1	9.70124333640102
2	11.145131931967741
3	10.31239314491973
4	10.879591820526667
5	10.80275670340686
6	10.781135506267377
7	10.505341652757178
8	10.545430796409702
9	10.541918053163293
10	8.9588430154575
11	10.764826131629249
12	11.191600136823132
13	10.476545858353278
14	9.865048619579197
15	10.778459104368807
16	11.726270438696336
17	10.807298676690495
18	9.859632079894322
19	8.060137281739587
20	11.51730496528403
21	10.040493986888471
22	8.1508866277311
23	12.773946513757659
24	11.585486971379263
25	10.372635532693351
26	8.980942377606649
27	13.795341751429385
28	11.892913593967112
29	12.569677332597552
30	12.872802016717117
31	12.366376405852
32	13.818491694469133
33	12.356542116148056
34	12.609982926602987
35	14.112064332825346
36	15.956445797585033
37	11.358659565718014
38	15.08569466534537
39	11.42292021864116
40	12.130015542350405
41	13.925490351782296
42	14.18881929249548
43	17.196631836764837
44	13.473710185517279
45	17.000225599054044
46	15.432078601689554
47	20.158728469958447
48	14.193080213800798
49	15.37243127511816
50	17.735024148814272
51	19.999487781490682
52	15.509344200473295
53	18.66656113920296
54	14.31928012718144
55	22.753852487256683
56	14.798912737768523
57	10.135141691941127
58	10.543825157100377
59	11.447245156442637
60	9.798935837661087
61	17.70655310073029
62	15.826633378378231
63	15.223716367470836
64	19.588419232198177
65	16.12320734172051
66	14.700131505217309
67	15.185781308898825
68	18.523819873084555
69	16.39690440428669
70	17.289410322673973
71	14.522513073634341
72	18.832002364447256
73	20.514411575529135
74	19.76824595306408
75	24.31847063535045
76	10.34411662356774
77	13.247425781574485
78	14.088037420733754
79	15.129555528771105
80	18.824343398892637
81	14.23068915957088
82	9.582261032075978
83	12.465637532898082
84	15.331570337413915
85	10.818428687956759
86	9.905356676771381
87	10.980191488585874
88	14.562119043217038
89	11.42461414841632
90	14.92643399501109
91	12.838680582511529
92	16.7666495013348
93	13.277220612932684
94	14.255167634281944
95	19.568577802609113
96	10.845504863898492
97	13.98562999561892
98	14.97577008954435
99	14.89248556405218
100	17.652910638942316
101	11.456921964483595
102	21.071111499525827
103	11.318590011113793
104	12.400177863698305
105	15.85805680719666
106	13.780599388244648
107	15.607671975986555
108	12.537210162058187
109	15.841649503553954
110	16.460357997243058
111	14.852202509651782
112	0.8477299212741531
113	4.934593720667888
114	13.1200146813872
115	9.362138173020172
116	5.948092523116495
117	7.792097737568927
118	10.542018959743615
119	7.078526241091152
120	7.7719267110321635
121	10.947355792905539
122	7.485024705335723
123	11.862201416758383
124	9.558201657581582
125	13.923690246579577
126	10.535008279527455
127	10.845608049898175
128	11.212549406130755
129	9.878780450782294
130	8.441443968184595
131	8.117226036150727
132	9.055697947359265
133	9.381522133030051
134	10.102616022999426
135	9.564356027247198
136	7.873846108037098
137	9.155820730993883
138	10.340333473117601
139	10.57154093253776
140	12.072322491969963
141	9.081584752908569
142	7.935018839812631
143	11.686114098666932
144	11.636666058483039
145	10.471566066580262
146	7.87612935480954
147	11.011931645246474
148	11.686761048611968
149	8.824908200063861
