0	9.283600044096257
1	8.333327523044444
2	6.011783480418861
3	8.62288989435579
4	8.107016047710523
5	7.5461962631675625
6	6.7921202089947315
7	8.571749858103225
8	8.1596249236412
9	8.558552511500327
10	11.660988667870345
11	8.173586913987549
12	10.097026074337492
13	8.079378540384191
14	9.849099951411578
15	8.300245347878661
16	8.516334886852047
17	13.591378041578974
18	7.544071253226878
19	9.43799216918675
20	11.086215096069967
21	12.051003121626003
22	8.05641844075387
23	10.897661623135324
24	11.691922601082624
25	11.051838772869445
26	8.72345655391807
27	8.716388637231969
28	9.167990014271549
29	9.458331824155891
30	9.77695922962862
31	6.370665658670698
32	10.098252718877038
33	10.143004482650802
34	8.636946896520385
35	5.548667985470005
36	8.917205585673056
37	5.638517307048475
38	5.5609575419954105
39	10.515125696532515
40	10.52367484112446
41	8.644990662475108
42	10.208981242528697
43	9.816284821060705
44	9.798765360100543
45	5.031621988132553
46	10.291026145440497
47	10.204543330762224
48	8.065084874769685
49	11.51559201167182
50	14.376426096427199
51	10.442347882380645
52	11.51364327203704
53	8.106123468253728
54	11.872592875873671
55	14.577704772192472
56	7.093690174141546
57	11.594885656632243
58	14.727726964982256
59	4.839343666414548
60	14.3902408724664
61	13.53689436175317
62	10.541649741340176
63	10.652042583915772
64	15.339350170094093
65	10.582906737815023
66	12.052479960981998
67	11.511803260752892
68	7.654428859602754
69	13.902123889806987
70	11.967161265593631
71	14.939954350227119
72	17.96184977766555
73	16.286108789283432
74	13.131868706032556
75	11.037160736112689
76	12.079125486459546
77	11.697314812064832
78	7.668934407584088
79	9.845451605233606
80	9.437817524136044
81	12.990798026761578
82	17.59565968029604
83	12.052706810442121
84	12.053274820282951
85	14.525718233748023
86	19.89718292564049
87	14.028814118377614
88	16.257319756197084
89	10.185274098589115
90	13.94611499793918
91	6.086150926609597
92	19.772754892337375
93	10.068622523903446
94	10.393000854947672
95	18.923934736973578
96	19.96405669493886
97	21.95849239046275
98	18.094002747769945
99	17.41566130706695
100	18.324240703025833
101	18.996421075590803
102	18.396605395139584
103	18.321765544049153
104	21.023819059292165
105	10.818296173368065
106	9.242430983991063
107	10.987672289231433
108	20.924163766306926
109	14.98111379556564
110	13.54931454946638
111	12.711532796135533
112	4.470080657966308
113	6.651829632465415
114	6.810567762584175
115	5.200795246568841
116	32.336862370011914
117	28.744836764186584
118	15.285204496488454
119	7.441553116851846
120	14.172825449421794
121	32.40892475001132
122	19.304618386215108
123	11.276012553058212
124	31.866181056724805
125	19.872420635458226
126	21.06426902730229
127	22.534718318739216
128	35.70329731417776
129	33.50161958492633
130	35.872589065574346
131	42.60812463469639
132	33.511191924110086
133	38.20062166969628
134	40.02375143631825
135	45.59722119625393
136	32.16030373617503
137	51.29546507725572
138	31.26352800139947
139	22.253186505890465
140	17.09493022453115
141	39.09560589716045
142	26.954249742001835
143	19.84647397370356
144	26.06344311918451
145	12.05475225041776
146	8.196320736671044
147	49.24800643269389
148	38.74681900119659
149	34.50896100921968
