0	13.207237608052484
1	3.6633916599301313
2	16.424417479301077
3	11.450525988386467
4	11.878074490518856
5	10.36958871089011
6	9.502191604550966
7	12.532284743967713
8	13.793157903149876
9	13.178199935245551
10	9.093002528635653
11	11.015840684985266
12	12.531571147332903
13	9.935465654343417
14	15.09068787629055
15	10.825664865278014
16	17.72967434727774
17	11.444040090506949
18	12.531213937941876
19	13.614866266993106
20	4.311309769709199
21	17.723176915789345
22	11.863595003833229
23	9.29935414218503
24	8.637770106514084
25	9.935465654343417
26	10.36997825730313
27	8.635770236758342
28	12.531452370613822
29	11.233055395622863
30	8.421176582824407
31	12.314224356272062
32	13.39598711522164
33	14.694104794252542
34	8.20467535891588
35	14.260981443448484
36	14.475601672809612
37	12.532284743967713
38	16.207972913484447
39	8.637850599098492
40	14.048591547279347
41	15.123785538109654
42	17.934289449227276
43	13.179955946907812
44	15.55881302827053
45	17.71634472301581
46	18.375455198584557
47	15.775701386717875
48	13.370770764413143
49	11.686835341390356
50	12.099896583757749
51	11.664182367450996
52	13.395349191383854
53	12.531213937941876
54	18.368536563232055
55	13.613437788402424
56	17.939133425601426
57	15.316544987802217
58	17.732068981042286
59	11.243451894122511
60	20.546852898099488
61	11.637780091208793
62	18.40460435217052
63	17.28740875260631
64	20.098022709205786
65	12.965148082287902
66	21.576404325096213
67	20.570193592634457
68	15.981556443164289
69	16.000597399787157
70	17.72266507566732
71	19.237105596418747
72	20.312307841989092
73	20.055499021181593
74	18.195999207299515
75	18.307749331568154
76	21.701308490777322
77	14.037062424986173
78	14.909395211650416
79	17.286410156823262
80	16.65753073054305
81	20.73050562179225
82	13.396370280466142
83	19.667802227004962
84	28.104028103378692
85	13.179454045605492
86	20.964252603205647
87	21.613257933268063
88	29.967031251727036
89	14.730189392619515
90	19.24119955068649
91	18.37296994810137
92	19.448890147549246
93	12.308504319265115
94	13.186357073489953
95	16.642147285766914
96	15.56762334986644
97	21.814912384741643
98	18.79833036098184
99	16.644228917499184
100	19.02007006353602
101	19.883118246254877
102	17.9382683229568
103	17.072298852880486
104	23.954191626300165
105	15.367575515722166
106	16.423470512433887
107	12.961820233559067
108	17.722322592808762
109	14.69002909286013
110	13.616554346705335
111	4.094590553258323
112	11.644808439375241
113	9.522808809649023
114	7.772497227772606
115	9.502546354295406
116	12.747139341306973
117	11.88167212930766
118	10.584313428258085
119	12.96712194195224
120	12.068109097085362
121	11.25769971509357
122	11.01708668506736
123	7.340141998417632
124	10.58023591551578
125	11.020410040769116
126	9.720818524875993
127	13.612010591032124
128	9.500861380676312
129	12.963669020723767
130	10.584313428258085
131	8.638090297717953
132	8.42047591580743
133	5.599934257177377
134	21.13849764029996
135	1.2845256031883565
136	2.1491864543697323
137	6.258661602160307
138	4.960706626933101
139	4.312044864359558
140	8.207022588970272
141	2.365298220813982
142	7.123597632699232
143	7.98899629875806
144	6.691105864206028
145	7.339605515409287
146	7.545163223026339
147	7.9784216582105785
148	9.53029725265186
149	8.20482649450901
