0	6.287379296443648
1	6.255115562849352
2	9.112505349363712
3	52.17558841022103
4	16.185066561837942
5	7.690944595582881
6	14.793352020682025
7	8.401661000098315
8	41.813140620724845
9	11.24772541110115
10	4.140806378929185
11	6.981825766664376
12	6.271315461266416
13	6.981825766664376
14	4.850933253255467
15	7.68690040508463
16	11.25007188259965
17	9.111056587489868
18	18.343631718030267
19	15.502285837305537
20	14.792215555482468
21	23.314650396013313
22	19.749679349662966
23	15.482926617177622
24	15.53246770534432
25	11.267380866371894
26	14.75821439358092
27	11.977782236971088
28	4.841582586845958
29	9.821446427879042
30	9.112164382545481
31	6.976972301107132
32	13.381539930795967
33	11.241651477218273
34	15.503479125765072
35	17.63181488549609
36	19.052637246420886
37	6.271428887077247
38	14.792641973153058
39	7.691512737251767
40	7.707667617739828
41	10.509477078297282
42	13.372713996236806
43	13.373609281246363
44	14.789943170625053
45	13.372330205006607
46	10.556208592240454
47	11.924394016433713
48	40.64327941029961
49	12.668526830318003
50	6.981059190169649
51	6.2718267596854504
52	3.4309774134335704
53	4.8514871507832735
54	6.270917660270516
55	4.8517001778032345
56	6.271485601681306
57	7.6910868869639355
58	2.0101415151553303
59	10.529011267356701
60	6.276375353358322
61	9.112079303831562
62	3.430523184354226
63	9.823662756651276
64	4.851061160639823
65	5.561550393493855
66	7.6868296067254045
67	6.275351210670558
68	9.111397465659197
69	8.401817548793662
70	8.40150503960842
71	7.691725946087062
72	9.111909151500262
73	15.503031342439428
74	11.265882829167822
75	12.661521770274211
76	14.052126390106109
77	9.112079303831562
78	4.852765950164831
79	13.34541765794984
80	16.23927067878389
81	17.633348688642055
82	2.010737523788234
83	2.721340298640988
84	13.372841614307687
85	6.980739758230551
86	6.981825766664376
87	6.996046419484414
88	2.716259768179176
89	14.082145273659401
90	14.079717213323185
91	11.954321103796708
92	13.371947389073101
93	13.372713996236806
94	17.673494391388278
95	14.756942464284421
96	16.92357026185924
97	12.66164227675842
98	4.140238396291808
99	16.21798203321487
100	8.419432308476269
101	10.509179942434733
102	11.242076824009017
103	10.514130350080832
104	10.549619976110876
105	14.082819778304348
106	12.662487688397936
107	7.708238438968197
108	22.548971400328778
109	19.764816083540822
110	23.312605243175103
111	15.544005117628538
112	6.254720448222469
113	2.0146096159592335
114	19.71756937419902
115	16.212200160195774
116	19.053005887666846
117	19.094454780963282
118	26.09518997922763
119	24.025472352463343
120	23.311467701604535
121	27.578069016912057
122	26.922129478243875
123	33.17876617326817
124	23.3119230431152
125	8.401427061699016
126	21.18387759897976
127	17.625172439944855
128	21.89845884532818
129	18.346473449302632
130	26.863934951324676
131	28.346554944024234
132	26.804430268536773
133	36.80330699223312
134	24.78254940539212
135	21.850398901134803
136	20.472777810067026
137	33.3342627024562
138	26.800247156855256
139	28.993337630247808
140	33.326059956395284
141	36.01709670372449
142	41.06724362076204
143	19.05245293131845
144	33.25436898534411
145	42.485374808435395
146	43.197156843073536
147	39.73705852286282
148	39.551172224060664
149	33.370080154388724
