0	4.136304116127689
1	4.305741147667122
2	4.3809331990653835
3	4.769782889316331
4	5.570239610551519
5	4.8224954300765095
6	5.6772595498149006
7	4.854338531162793
8	4.4437888193631725
9	5.901997664310963
10	5.199374455122902
11	5.118542128027734
12	4.666224775451934
13	5.708842769725911
14	5.757469752894487
15	5.898594130703823
16	4.06369715955622
17	6.088341292672445
18	5.961969023975764
19	5.849913029531398
20	6.135841473771023
21	5.266106371927739
22	5.708483872024497
23	6.720826211592541
24	4.949450425153367
25	5.8460083845267095
26	6.140051837618196
27	6.594476271222809
28	6.008521150874596
29	6.499398790589513
30	4.937695827898249
31	7.163615366724041
32	7.163549190975202
33	4.633324811225068
34	6.7212555626204376
35	6.277971369586487
36	7.037086675074293
37	7.226879712548913
38	5.913142469525773
39	7.574973200587709
40	6.5468033188941925
41	7.625617962309763
42	8.534442453613515
43	6.910810632816788
44	6.959211067001694
45	8.77374377958996
46	7.325214032191884
47	6.9106211438808485
48	7.572806600059815
49	6.264339231795847
50	8.32357868449095
51	9.473297120873152
52	7.448304922935969
53	10.58511998704192
54	10.128312634227571
55	9.23093252393922
56	10.730871305448535
57	9.697743071230423
58	9.543381648626305
59	11.813881120997697
60	13.079330683899354
61	12.888792060335069
62	13.270019772270375
63	13.262538763177364
64	14.45231399281434
65	12.948222228618876
66	15.330760900026482
67	12.382569649634524
68	17.2812345235898
69	16.59704767819593
70	14.533632086784138
71	18.20430048992053
72	13.332143623829277
73	14.818458042846306
74	14.473944492639644
75	16.9837093588097
76	15.178738970902982
77	20.601672269495857
78	16.93337804186787
79	14.99851390513864
80	16.291682453230372
81	20.89482175035899
82	20.678759380639256
83	19.609275721895933
84	24.249721091998364
85	18.553892643800218
86	23.804923671146568
87	23.169267699432957
88	27.37791333017713
89	22.830660228962433
90	26.95533342331706
91	22.601875898522344
92	26.64929410186494
93	24.911696733717413
94	21.809735236075106
95	25.668937387918362
96	18.072342372307812
97	28.301388495101005
98	22.53750891564699
99	23.232759206241823
100	22.380432985471913
101	20.197246911116135
102	20.72676726251591
103	23.463334618128552
104	20.651562063162434
105	22.9664963617204
106	24.07187070016885
107	23.65876546108118
108	22.703416895400622
109	25.281440610973846
110	22.187815880993934
111	21.433476693677797
112	25.048757946520418
113	18.019876143965295
114	14.217862150481826
115	1.7226083318927476
116	15.044363791073712
117	16.254292019255114
118	10.301418691064859
119	17.971560023014554
120	16.735541959190655
121	19.685137958218707
122	16.413638678650507
123	19.107281165374914
124	11.466209272132357
125	15.36625231572485
126	11.28122238774014
127	13.55110968492646
128	15.77756225676605
129	12.699851314631305
130	14.629088609284796
131	11.215779315298981
132	12.635981280575567
133	14.954163063310988
134	12.223598406643033
135	15.664942101368068
136	9.655962316211296
137	12.225894717564653
138	11.686127745921459
139	16.983874768690967
140	12.984182774072918
141	13.454656922947178
142	16.096152970254597
143	12.003794749977493
144	11.747000873342259
145	15.54958313248122
146	13.300637776893026
147	10.868547169077038
148	17.69065622375132
149	13.036241213886393
