0	16.428095223098683
1	17.69257638185135
2	20.42585367391229
3	15.94465994027497
4	16.479999329520375
5	14.423340182947161
6	14.613084610457491
7	14.385186162384386
8	14.61801838134452
9	19.816579666953185
10	14.957731307745021
11	20.26251124319722
12	13.863710923387044
13	17.286164819979415
14	20.635760683634793
15	17.693092288830847
16	16.894750168397824
17	15.09205875063107
18	18.69952284370108
19	18.675854327154312
20	17.720309489470495
21	17.36424718272036
22	16.524114330732846
23	16.809280262424934
24	15.645106384824096
25	17.04597286249273
26	20.705640172803882
27	17.233736311852248
28	15.126339227514729
29	17.2823042448655
30	17.186207441314227
31	18.96544361759482
32	14.059084343986378
33	18.945534525618967
34	20.135042052184783
35	15.342753900862874
36	15.97128134084334
37	10.79874389900651
38	12.827132720721766
39	12.843260639036725
40	13.461577177028243
41	8.498338946010188
42	15.04392319983059
43	10.126388867808737
44	10.139288325473512
45	11.682953141222725
46	9.209892335012288
47	10.08371567045248
48	12.366290447109774
49	8.426328797373039
50	10.91906999473414
51	13.53448192091243
52	12.947420609368908
53	10.295965368206977
54	9.713720675718628
55	10.423084922969291
56	12.060715488682048
57	11.775200269872018
58	10.254345582576603
59	13.03899151299593
60	10.297042246359746
61	14.336214261779947
62	10.840230973362893
63	12.19586183485215
64	13.116154924663437
65	7.391729001832546
66	10.180960202241852
67	12.317621200203686
68	13.960618075377644
69	10.1308131754248
70	11.977954730561866
71	11.819112598403018
72	11.091283646634148
73	9.753907663780275
74	11.343280817399394
75	10.600121526784086
76	12.72641513687188
77	10.951102833894948
78	9.863037837781228
79	10.088120041180934
80	14.024821164619985
81	9.84730432731009
82	10.903040395553314
83	14.410645722039204
84	9.456131186721969
85	10.808215683338549
86	11.279108160126679
87	12.010962189777144
88	12.442034578695662
89	5.718637858111911
90	11.603365227756376
91	8.37232913951475
92	7.352761383827198
93	12.108060732840887
94	10.550231703458858
95	5.629571410720485
96	11.35054126116311
97	11.232613634714358
98	7.457977563641276
99	10.886600014232183
100	6.892421868926716
101	8.41193351663254
102	7.23457699397572
103	9.663624841362479
104	7.568870485479686
105	7.147435805691357
106	8.073313371262802
107	8.995534430392038
108	8.296132917194837
109	7.256113376755247
110	7.649217785686655
111	5.8901222537912625
112	9.06801759805522
113	10.20022271171662
114	6.164435221773655
115	5.56475373085959
116	5.695601170916464
117	6.936096693546357
118	9.243891712847839
119	14.049305083433422
120	12.301462340472455
121	10.188711454737327
122	9.367945802355537
123	13.093624342097357
124	9.136430611434529
125	11.773509059229978
126	9.799559518680432
127	8.527793711939816
128	10.818159241498904
129	11.342739479429174
130	10.807494024153508
131	9.041136713755737
132	12.570755096233919
133	11.56067330699279
134	6.848072526287056
135	11.483426103445117
136	9.754277644309758
137	8.659465042390593
138	9.119352039637846
139	9.503988067167054
140	10.09742074862943
141	11.805600778956771
142	10.005316157770343
143	11.143506868900975
144	12.7828328723492
145	11.599260996352198
146	10.986559736422024
147	10.110972922631857
148	11.752812360733843
149	11.749690251317375
