0	13.411396604299187
1	12.911538942151036
2	13.376278328527714
3	11.445075513316551
4	9.470891725619486
5	11.470942302048245
6	8.465198000326666
7	13.409091977197415
8	16.402891919005146
9	8.484682283375948
10	8.465981711779571
11	5.532938553968803
12	9.470714740121366
13	8.485864333788198
14	15.866290822378359
15	14.893821103766955
16	12.4523913472043
17	5.519719247654801
18	20.429273776476332
19	1.5946470249939484
20	20.271033777969528
21	6.5130921479355965
22	7.5008069410823355
23	12.458686522450476
24	15.3388630693145
25	22.274853247316933
26	10.45595918922962
27	16.36403716645997
28	21.273626835308264
29	12.465940501308271
30	13.409091977197415
31	21.72854128009178
32	14.430353963897806
33	13.86991516581776
34	14.394138851154189
35	14.395242082562053
36	17.350689367551166
37	11.439982140417124
38	20.36016715324957
39	20.29520942341128
40	25.153701292531874
41	21.307964018490505
42	20.301508733987415
43	18.380044108920472
44	18.329937031451816
45	14.363190026515007
46	17.350857789827916
47	15.378782654512733
48	11.441607010166521
49	11.465280491864181
50	7.466511335380517
51	15.420850211189125
52	17.387776454688375
53	13.38099204410321
54	19.32015431583592
55	16.366085915838298
56	15.379817178120364
57	18.333836146447222
58	20.301114083755568
59	19.365739400915523
60	18.295630785022148
61	22.263158212309893
62	19.328204143580923
63	19.870395418147762
64	22.756670031734565
65	23.199429681137914
66	20.54013920117102
67	36.16871272319329
68	21.239814366709762
69	23.31038187994678
70	19.266599122527346
71	17.359569215335092
72	21.288713139222484
73	20.301312140445056
74	16.411447105384244
75	18.32834249328334
76	20.30465916733661
77	15.344007013963187
78	7.5153136887314
79	29.18515455629189
80	13.39885995992421
81	23.705542347978998
82	21.788757285621223
83	25.294481560480303
84	13.376151184242756
85	20.863335511179596
86	21.330573408975972
87	8.493829816604938
88	7.472180717659436
89	17.915328372474377
90	14.361131983695351
91	11.470724774331925
92	9.446759638542085
93	13.932389936090546
94	11.416418723273946
95	14.395793764478439
96	7.519885334074869
97	12.394383829913325
98	15.376567720522953
99	24.804616019028085
100	12.873410161217576
101	13.455470480288604
102	13.370931915217556
103	14.40200194402314
104	12.41924195888911
105	14.396759570949508
106	10.482821632542803
107	5.531805514344525
108	16.32741063379997
109	12.457735577902803
110	4.5278002573155876
111	22.742387071187775
112	6.027044328034232
113	18.32356059985245
114	10.48946059827737
115	11.866747554604194
116	11.968970705534538
117	8.011653755077758
118	9.966134809840378
119	12.90391839434853
120	12.429285080214202
121	10.436202046891431
122	6.01940829211717
123	8.000388462561443
124	13.902807046867796
125	14.395656096700908
126	13.90134506690732
127	7.5012897573975925
128	5.049193282647938
129	9.471157877565894
130	12.39485421320915
131	10.974322433295182
132	12.889809353975556
133	9.98235847588403
134	7.963498816472693
135	11.463430467916846
136	8.99741876890562
137	15.87331040127808
138	8.47406386566112
139	11.953490314903231
140	6.993962944527223
141	17.808229161293685
142	9.980292723222398
143	10.947576637812839
144	16.364510268722572
145	7.5160750377062335
146	8.960830200384628
147	2.0870746321373295
148	26.73093627072165
149	12.917568259372638
