0	16.707814848926038
1	13.62298415096426
2	12.775332161105442
3	13.06466616769719
4	11.059698837320225
5	14.235109864676772
6	9.820334024274509
7	12.054200621509251
8	12.791275697194939
9	10.09512362336266
10	11.89047414719759
11	11.88611309568618
12	13.016734541145345
13	12.56053750326425
14	9.65539484823833
15	11.26681724733131
16	14.08166635085681
17	12.73037770644851
18	12.22160674708026
19	11.28299257416588
20	13.787113207571114
21	14.63544858939739
22	9.033001309789498
23	13.288909492778517
24	12.620282543539995
25	15.531596528552601
26	10.369047926015957
27	13.350792154799244
28	12.73832132791383
29	10.7635771916981
30	16.144034621868045
31	12.226905720796948
32	15.23901539145029
33	11.061875524443025
34	14.910384210758648
35	14.240387159204111
36	14.023023030997244
37	11.772511002480872
38	13.895910127814885
39	12.791033309139014
40	12.7843853956597
41	15.123595946756126
42	10.497817919304492
43	14.346536034956086
44	13.275206327879268
45	15.488212034836248
46	14.350765534631831
47	17.04799435512496
48	14.918060297773293
49	17.363511208135694
50	11.996024975183353
51	17.867367653203654
52	17.661864485203353
53	13.614850302070934
54	14.97145544166173
55	17.929648407102295
56	15.47430958607302
57	17.59828698090495
58	14.919056424450858
59	20.616511889472687
60	10.31816945113293
61	17.707965184814253
62	17.03949381551299
63	15.365632541980396
64	16.91122668709197
65	18.04844761170265
66	18.165068766178543
67	14.351038036419732
68	17.36118033352881
69	17.703376148109744
70	13.915452233949972
71	9.535097404716259
72	19.623460584590525
73	10.540991501938244
74	10.320956707949332
75	15.698717572948155
76	15.20891499538259
77	12.828436095233581
78	14.687904374961265
79	12.17532399032006
80	13.735888327976665
81	16.243957508308497
82	15.471650420473082
83	15.646799585306068
84	15.631115803758918
85	14.455481999519751
86	18.061816795345354
87	12.32902198767813
88	14.865921491689981
89	15.622913673733526
90	17.374674700945675
91	19.395060646861978
92	14.233486366842389
93	18.043070304080842
94	15.360206774691019
95	9.988973609511138
96	14.69252095760015
97	13.059969987840677
98	15.423216406358096
99	11.201692457789196
100	14.5957538652863
101	11.104957883528458
102	10.211211168828939
103	15.240904521462328
104	9.997897233061858
105	16.247219143773616
106	15.690471874608363
107	14.569784493281874
108	13.248027087520176
109	12.364524269471065
110	18.018647622018733
111	13.062564828189775
112	3.387423624137054
113	1.9338730136056719
114	4.67868262965377
115	8.583625781806115
116	10.491157828356503
117	9.762497372996885
118	10.490473141615174
119	10.60450823790858
120	13.179779781145152
121	10.050335250823723
122	12.326815256702785
123	10.666826360590719
124	10.986734645486276
125	11.790685247450345
126	12.774729154442257
127	12.680065841974159
128	14.859404539903494
129	13.219579473062076
130	13.06948850431069
131	14.019025637552886
132	10.770316467318386
133	10.886757887484693
134	12.78076283273706
135	13.734715468682547
136	10.436880293908454
137	12.395431051610263
138	9.427047191360163
139	9.650025167024948
140	7.418570230655083
141	8.196956587188373
142	8.6539759622298
143	8.305234075918252
144	9.093352151032754
145	8.6451514393242
146	8.37416504438434
147	6.346462277836574
148	8.087911890387687
149	9.427047191360163
