0	7.033508180494111
1	6.168698374429254
2	6.938720263946084
3	6.609132452926337
4	5.727993704366042
5	8.831359148447866
6	7.159280923799327
7	7.141328654489279
8	7.929662588879588
9	8.479672480633738
10	7.452739390638789
11	7.355065144500029
12	7.770233274317299
13	9.15763042240926
14	7.914313483199642
15	9.935908591323098
16	9.011519841823404
17	8.386662328771319
18	9.47003189940254
19	9.446706613020618
20	9.824362801942197
21	9.35782898305218
22	7.692656923270978
23	10.818534574379623
24	8.293908024639222
25	6.883630769395497
26	8.039363059311864
27	7.92944777780052
28	8.369917104087703
29	8.479749397881502
30	7.9542149719072475
31	8.781907878678252
32	5.177631698870915
33	4.297351600861085
34	5.508404869560026
35	8.039508101816716
36	7.929519735409983
37	7.063868891886797
38	6.604177489204778
39	8.357179180292869
40	9.02988619693424
41	11.259459896477432
42	9.941000297794947
43	8.534547164559939
44	6.900903632465977
45	9.610732820435906
46	8.58941907498994
47	10.790616244512522
48	9.108664432582149
49	10.404938383455764
50	10.465098987664357
51	9.742125486818525
52	10.818128049564129
53	9.691037370152754
54	9.935265296467353
55	11.860912873198966
56	10.350774906156841
57	8.265321303089086
58	8.102231456131069
59	10.301937574602219
60	10.903102548626636
61	10.240431092802332
62	11.202478895575336
63	11.120990598581484
64	12.332323126065255
65	12.056372048673271
66	11.497616788808084
67	12.318732801919271
68	9.774556295658874
69	12.167340622327826
70	12.473975430033226
71	10.211745693414418
72	8.151412721707109
73	11.14577521609986
74	12.19496460916542
75	11.121093885394647
76	12.824842926460072
77	13.465967567935083
78	13.117079287095645
79	15.366837419785167
80	11.673242865569895
81	13.982898443508793
82	11.31558969784848
83	10.323943716081628
84	13.10228300656175
85	13.903951413728663
86	15.97571357732873
87	11.427836400795162
88	15.286042593465144
89	14.918844227198218
90	14.786394370127729
91	9.501761917507075
92	10.931647104366156
93	14.037663353151485
94	9.501239329556098
95	14.350277634133938
96	8.623258916948094
97	12.469870791198915
98	14.128760903884592
99	15.439212497501039
100	13.157313168569848
101	16.23900224102335
102	14.439640698553127
103	16.51509824819322
104	16.404092727047644
105	15.412525782307261
106	18.099000549216218
107	15.541282655700755
108	18.110202108121623
109	17.614083834857748
110	17.572828176514783
111	9.68275315184469
112	1.7110956539315754
113	13.577730833957489
114	12.90323456735947
115	16.399058746629844
116	13.556909488408017
117	14.514997041761912
118	15.428138462784405
119	18.770570694459675
120	15.349046931712563
121	15.016602677526732
122	10.986325053650063
123	5.188619570438533
124	8.461226946218002
125	9.800564063367798
126	9.910442408212564
127	8.147872773589734
128	7.379872940743046
129	8.159537273250418
130	11.022511752383778
131	11.09611858415439
132	9.689076092926596
133	7.71029798252377
134	12.206207246117103
135	15.637426683537093
136	20.921168372777153
137	26.082822524187073
138	21.136891462171018
139	29.805489628865974
140	21.12214769604321
141	28.750151652070805
142	18.772370177134924
143	21.846844781635184
144	19.812905967677143
145	19.156888187348194
146	18.610213640790914
147	18.165928620918304
148	14.991221068055761
149	16.564289529573124
