0	11.213729889412207
1	13.788330745179916
2	11.927311497773253
3	10.932443856361834
4	10.771712381644253
5	11.628091164820042
6	11.949652511970617
7	12.829188755131849
8	12.961016708161237
9	12.081677265331487
10	14.230599061132557
11	12.300456981809589
12	12.983861226050863
13	8.885114892846467
14	8.789247987914173
15	10.108185761450894
16	7.396769955606305
17	12.070317354186216
18	7.097485138372534
19	6.2675829107628
20	7.399075575980246
21	10.109137456012379
22	10.48475986531408
23	6.280555192282043
24	3.5759541575506035
25	6.268260944676207
26	6.833255549127724
27	12.772921612641277
28	8.385903110546192
29	6.690660711659254
30	10.227802799199926
31	9.518500722933895
32	6.6915718183450625
33	11.245725559174481
34	9.211614682022363
35	15.45447481511334
36	8.670567916480804
37	11.655886561002227
38	10.087293823464314
39	10.630349641744761
40	11.143915497026166
41	11.567781017752155
42	10.508051961801039
43	11.638662899700995
44	12.48602763453799
45	11.638662899700995
46	11.244233160844361
47	10.504294272528625
48	12.349284884547988
49	8.80779376964527
50	15.562170165815713
51	12.23114999266599
52	11.144336763507347
53	15.328893020451735
54	16.501078645799826
55	11.923690799975908
56	9.164596638408453
57	12.524177485515256
58	15.637413883856714
59	7.802224298157717
60	6.990768462255705
61	10.484365929756995
62	11.49037630125062
63	13.058522022032935
64	13.796124347779307
65	12.626987182209769
66	13.617752273108719
67	10.828989878087098
68	12.955767395332016
69	10.96811574100268
70	15.195734703545693
71	14.056534589065391
72	14.669731387756594
73	15.456998275131118
74	9.940974674262536
75	17.324617384325716
76	10.960377378985813
77	12.764900662783537
78	14.832866152227275
79	15.965746575743127
80	8.042862752743552
81	7.533141992359405
82	4.855039918176669
83	5.289400085718552
84	5.409419919287065
85	6.425274745618717
86	4.280053231384543
87	8.97268426501601
88	10.865468247714078
89	11.846047698450406
90	8.937317014703266
91	8.38458251349707
92	15.595502059473548
93	1.4646595543409138
94	25.72710284381592
95	14.999534644044427
96	13.931796650797189
97	13.5122763512546
98	12.064244841685374
99	12.805073897623314
100	12.410414321405531
101	12.774137722186605
102	13.688418284075741
103	12.55632964734487
104	15.207135237643952
105	12.769396089110437
106	2.946089087905217
107	5.692698831308652
108	13.433828729844969
109	9.232754095006875
110	12.001771595243175
111	14.63847528403952
112	11.92131563417598
113	11.935126443204517
114	13.742937142484974
115	10.225207337178357
116	14.041480235633887
117	11.029772692989766
118	10.291611231448499
119	15.039006005640417
120	11.537199712419266
121	11.004876430710954
122	12.765750429027328
123	14.220088278145177
124	13.330765104728902
125	10.871317079312988
126	13.783264597444402
127	6.056380447256561
128	15.849992293696529
129	12.769882402797133
130	13.051802406623096
131	10.931825063796147
132	15.836442990022794
133	12.13319019089124
134	14.210272312238745
135	12.497791316817647
136	6.333948748157661
137	13.024997285439897
138	13.193252939313426
139	11.567999716082245
140	14.818649026227215
141	14.148822030675955
142	10.927906487159971
143	15.036837893340978
144	9.537146870431023
145	14.18240205675461
146	13.582359433318517
147	12.665112056288498
148	12.377406353254553
149	14.042017453340678
