0	14.207787101113848
1	12.71450781703088
2	13.723486803844837
3	7.902310533235115
4	2.708402172637104
5	26.278883744668097
6	15.32318280725259
7	7.630802491656521
8	8.525912671329321
9	15.692975163232227
10	15.355214400050642
11	12.341792992288118
12	8.880222090681524
13	4.315646284550147
14	21.06925885775338
15	10.004363883165569
16	10.58858410660004
17	10.876581553339543
18	15.565019906038751
19	14.829375461555552
20	10.86958113258824
21	13.095512731074106
22	14.61341522647254
23	12.323264488408794
24	12.635213348654085
25	16.803926118059955
26	10.470992750940862
27	17.70742195945422
28	12.241156106287617
29	14.442043482888339
30	13.474096593042571
31	9.267866089121522
32	12.560588264423162
33	11.765199750518478
34	14.66445290012118
35	14.61731298391383
36	12.074808053358078
37	10.499142750325174
38	12.352126073388593
39	9.139010098176602
40	9.015196251834842
41	11.641766822534878
42	12.84168066108409
43	11.114373785147393
44	11.589934031906466
45	12.889682821732318
46	10.863096553351655
47	12.840107131675888
48	10.845811494150587
49	12.139773041237351
50	13.96156377219724
51	11.458613475200336
52	7.177397036670373
53	13.924881884887311
54	10.27628320452629
55	10.10307932800367
56	12.51097436216361
57	14.66334108455963
58	12.229070961769093
59	17.169089335222413
60	14.83247870839264
61	13.095264919092756
62	14.234252430261565
63	14.921960587508373
64	9.014201998762594
65	10.762490878015118
66	12.581493323201297
67	13.58341246602962
68	10.133839415838343
69	10.12876116021378
70	10.865324833163564
71	9.636186212712012
72	10.122468603069935
73	8.420959935128241
74	10.86775645869412
75	9.604939766652993
76	11.646473253912806
77	14.05230864181919
78	13.836994925704802
79	15.321431244306478
80	11.38674009076416
81	14.796314678456147
82	9.396706224369797
83	14.562388994160404
84	14.578017872332502
85	10.251369925688953
86	11.72781924274981
87	15.571993489692495
88	11.85660531746986
89	17.061491370550108
90	14.825709652999032
91	8.886330689097196
92	11.864620249091963
93	12.883585470840389
94	14.075338325954279
95	13.069723654473648
96	15.31822168076703
97	11.38055074240055
98	14.081342135510472
99	7.642648976050219
100	7.782967994346264
101	9.75734233421725
102	11.877110160079024
103	14.841654564977652
104	17.046635075228497
105	12.32569258384896
106	8.644575018846188
107	10.275709242574152
108	11.952959884917261
109	5.315261280995238
110	13.192863397044226
111	15.113544740795794
112	11.990919200616407
113	10.24490034406518
114	14.702211645551682
115	2.3380092834118855
116	17.79678895906636
117	8.74530296520473
118	14.989413823029906
119	12.066894912901331
120	17.805157264342544
121	10.993633977232927
122	18.19765937272492
123	13.103183229437827
124	10.96722364693015
125	12.599860653347855
126	18.58664487465708
127	17.059367212569214
128	20.573228659006162
129	21.008244925736506
130	22.49303977381713
131	16.34497103588189
132	20.263462012037433
133	19.73210971638971
134	22.05132280796819
135	17.530471328055032
136	20.670217829694277
137	21.066812457886343
138	17.051530261834024
139	17.344997842649768
140	14.047658612300358
141	20.054468964872516
142	24.49303926703635
143	12.3180636200858
144	23.240332408889685
145	20.266586515291372
146	19.277253546418507
147	15.815421386616368
148	22.489559035998163
149	16.342154610281337
