0	10.725929713255978
1	16.387276155252557
2	10.030980176754486
3	9.119226360067072
4	14.674303002462242
5	12.238812164195469
6	14.00191670107732
7	12.89992686324182
8	9.722500555013067
9	9.387434773690426
10	11.752219251545107
11	9.43501246925623
12	17.46279249900058
13	12.232132862072113
14	11.46104938164174
15	13.000656586735273
16	9.747047336095013
17	15.87111596548124
18	8.321462854942078
19	11.762673728134608
20	14.644374530102636
21	11.365430529652333
22	8.605873366123362
23	10.992941117593988
24	15.636119216524078
25	16.278148862051417
26	12.331473567507807
27	13.332029720781309
28	15.850611251020663
29	17.508263508292938
30	12.397442715683438
31	12.369784614962917
32	17.066896519127887
33	11.368518700306236
34	11.92936336751879
35	18.401901197451025
36	12.73194600166098
37	16.674768913381847
38	14.239228596752163
39	13.973083903546788
40	17.63700971240029
41	15.056804418393325
42	15.736359911090513
43	14.930839233064583
44	19.383318227898855
45	14.711605122871537
46	16.221651630069417
47	18.34171689595739
48	18.866464317889132
49	16.689618782021487
50	13.967344317415286
51	15.046909534630512
52	14.536879292912433
53	18.039759137507538
54	17.933991897793756
55	17.011793216086417
56	16.879300669568682
57	16.104112851250477
58	14.872199629011886
59	21.95091149934552
60	13.466064692949336
61	18.897548690806556
62	19.371760626393197
63	20.146466865805547
64	18.435893138113382
65	18.935519844269756
66	24.779123563631334
67	20.493809147885578
68	21.34167862828635
69	24.140232168018432
70	22.264846950064506
71	26.549942901679266
72	19.222236201328077
73	23.441524937657512
74	19.62290270696367
75	23.648135964164243
76	26.16445906328154
77	21.49842960200312
78	13.699291869871244
79	30.79572679856571
80	19.884174391019076
81	19.430632038491236
82	23.903146164620726
83	18.369355928528257
84	18.473666264250017
85	19.355965048033507
86	13.669333637553006
87	14.433159079088774
88	17.320937008704878
89	17.64411087176776
90	13.735064184999846
91	17.01571052701832
92	13.505657819715331
93	12.897613822894206
94	17.795850288922985
95	9.230820840066121
96	11.39457486612601
97	7.3803619772182145
98	11.826629498407495
99	9.630199323779618
100	10.056200932999431
101	10.323329994745269
102	12.33205561948384
103	9.253711573027838
104	12.86611290095839
105	11.558491262020105
106	12.18639486113691
107	9.171030559484539
108	12.397559597234473
109	11.156682479896123
110	8.378406045191753
111	14.243284484395167
112	6.4428238979457095
113	2.5633083753949935
114	11.930261954070351
115	10.656729870221525
116	8.986255864909497
117	8.18367555852473
118	2.6967270602025537
119	8.003573687327094
120	4.025687379860652
121	6.1762301368461365
122	4.034659962691216
123	5.641120037291726
124	4.503279662985294
125	4.570298551845023
126	5.707677937558522
127	5.840508690421917
128	6.243526458832001
129	5.908653245050521
130	6.309033288841611
131	6.1764496654654675
132	6.577674217117593
133	6.644403207435863
134	4.904569109786557
135	6.577909808806632
136	7.5132855091617365
137	7.7826448647578115
138	6.911464600980954
139	7.463252729429902
140	7.784560775020623
141	5.092767303999997
142	8.162973461496819
143	6.460132855786895
144	8.315816299124434
145	8.986255864909497
146	5.238981564821978
147	9.120322365110168
148	6.175791541029303
149	8.31696005772478
