0	10.524417597200872
1	7.7465844618775215
2	10.362892568110087
3	10.32398121858707
4	11.087545300149438
5	10.753667253773388
6	10.202524048040301
7	11.299950061542981
8	9.73239382905753
9	11.90313239079495
10	11.787144444101521
11	11.722391393111902
12	8.873573999364222
13	10.282567625534297
14	10.481027420835552
15	12.752001278917968
16	11.88969406609106
17	10.178828242126444
18	10.114846345303627
19	12.779368139874135
20	6.506786604848542
21	12.303305122933162
22	12.432636765628985
23	12.044570971603072
24	13.061076681115017
25	12.578059606558211
26	12.384530779053641
27	12.65070637544533
28	11.196880451795895
29	15.246241255361156
30	10.380405369782455
31	12.566632683672085
32	11.533855049093024
33	13.10158560302525
34	15.154808833002027
35	12.142961864479734
36	12.2485751350159
37	11.820655704718625
38	13.302644509262171
39	12.293643849969422
40	12.257930972082013
41	12.685541476422902
42	10.541159796706683
43	13.540930512421461
44	9.452527676364399
45	13.060705558823843
46	12.731206831260181
47	11.568473993700326
48	12.991984822578763
49	10.009085382801137
50	12.045481208381878
51	15.041337466725784
52	13.380569747625351
53	13.907356184042113
54	12.698125142664273
55	14.46994637882239
56	14.991514682065553
57	15.4782325346322
58	11.36871489991871
59	14.143964209978577
60	13.22650538585151
61	13.700187222907859
62	15.814866482785696
63	16.14528839798499
64	15.478887273679435
65	13.746040804170915
66	15.759583793182662
67	19.057624420556436
68	18.377336350292612
69	13.544340566474643
70	16.76447400062194
71	14.833421735846498
72	18.57419339195693
73	18.60728796045609
74	14.074697038360759
75	19.42198760473511
76	21.587699294602277
77	17.772133419370494
78	23.96581583857267
79	19.480234473511484
80	20.726937352008022
81	11.521408084965831
82	27.17583145216934
83	15.07629799031748
84	13.299998234927862
85	18.004852204875398
86	18.233875801681062
87	19.813698846825144
88	21.555585777644623
89	15.315562742011062
90	22.231179944806886
91	14.640048686736701
92	15.392853134696376
93	19.207092960094734
94	17.625687866187402
95	23.240875598007726
96	15.476311308251555
97	17.399628687831193
98	21.525669519427655
99	19.107082748321968
100	22.441741993783364
101	17.682817719081758
102	17.09531017288989
103	19.775367395961336
104	21.81664241155015
105	15.643478186769679
106	17.26463976746559
107	16.755322432570743
108	18.213822980444785
109	23.866763046908602
110	20.075688452986938
111	20.668066578376894
112	20.663874127689798
113	16.157486584765234
114	4.286299347417759
115	17.581568012562876
116	16.351508833867122
117	20.22641634997831
118	14.268915821850808
119	17.892433244058186
120	14.553050134172928
121	14.341095979496947
122	18.172765031187446
123	14.281681581467462
124	17.312328740470825
125	11.409291667364485
126	19.02029847813668
127	14.299376335899149
128	11.577063888019584
129	12.46412735552315
130	8.511080224542562
131	17.648227605588374
132	9.764543674306907
133	11.128534055937742
134	11.099106122429122
135	10.42619925252152
136	10.327832564370016
137	12.625669629458011
138	11.08796086345788
139	9.263568043042337
140	12.169822294720877
141	11.081420954035194
142	11.257235153595337
143	11.2900029509043
144	6.240131835079614
145	12.578890630096446
146	8.812359713564355
147	8.692874988970999
148	9.381864656347227
149	7.804375181986259
