0	8.328737536266503
1	8.770709033422282
2	9.563111907169425
3	9.194375713539172
4	8.224370846148618
5	9.985675326478512
6	7.507100149525211
7	9.594532637393332
8	9.500882575947324
9	10.23483555076215
10	9.740080706936947
11	9.204903362657708
12	8.377029174864838
13	9.388036037816105
14	10.935937387072462
15	7.508712475013867
16	9.142591224977123
17	11.33124587096384
18	9.954585544504274
19	10.000959148866754
20	11.360832746166977
21	7.7478707269295715
22	12.02974614011134
23	9.815514186232134
24	9.777541149179603
25	6.687585796652463
26	9.837805716063544
27	9.450446675765585
28	7.180047346500427
29	10.628457865963084
30	10.600405090521047
31	9.585916824411822
32	10.454145562911512
33	11.080528164503422
34	12.041192421661156
35	10.505288366435224
36	10.755024934444823
37	8.431557643503929
38	10.90238060539769
39	10.992379010244356
40	11.424338355747729
41	13.032655571176056
42	7.462392889010353
43	10.840984637059623
44	10.755932799287356
45	11.360950931167086
46	10.140846995904772
47	9.745265624025997
48	13.000014128086024
49	10.700324458327637
50	9.831281691537175
51	11.48805629779688
52	12.54900312093707
53	11.690458901027212
54	11.12340095389436
55	9.236153108300387
56	12.053740679482994
57	12.03138823333119
58	11.787860096532834
59	11.751516808741698
60	11.180125661289434
61	10.177070651672555
62	13.160599110224487
63	11.170437472576712
64	13.213503420593005
65	13.29336229620072
66	11.81781142194285
67	13.690388555963136
68	11.991887802769478
69	13.128140562405502
70	13.284480585426037
71	12.818345251403233
72	10.211960880291054
73	13.806551843857644
74	13.218627199952182
75	12.483259544188547
76	11.666566070079105
77	13.396981816024704
78	14.2963865824575
79	14.729901978493034
80	15.239283780413817
81	9.995358933396265
82	15.943234122429644
83	15.663787063249027
84	13.812715456241898
85	16.55744333662294
86	14.942612464852306
87	16.59898893495457
88	14.476343121435121
89	17.81181560304506
90	13.619327065170276
91	17.585876852972863
92	18.03209420755571
93	15.137356687553318
94	13.954074585776029
95	18.50194779472812
96	16.85691825421587
97	16.387860146585616
98	20.22337279505465
99	20.10912274045949
100	16.831738684285554
101	19.373490978455816
102	21.44279317487101
103	20.811893153859955
104	18.304544624118687
105	21.40812144239232
106	20.864531727656967
107	23.146233113542504
108	21.804286174818213
109	18.35733320821956
110	26.985076961731632
111	21.203622322339605
112	13.239599452723619
113	11.134219562942464
114	21.8851122389228
115	13.42709707040532
116	14.353215861872949
117	15.948587475620553
118	15.960686840087318
119	14.169168797538847
120	14.80802446315794
121	15.550592141220605
122	13.186950356056498
123	14.587284075221023
124	15.19811830603466
125	18.48724307827513
126	15.301277642950364
127	15.047722708492996
128	15.479584761941291
129	18.462367778129817
130	17.254073587482978
131	16.963291586651938
132	20.95125010553224
133	17.952602018534478
134	19.269419511112787
135	19.532449346139483
136	16.569172470405373
137	19.174461734448794
138	19.993041776028775
139	22.59013870792497
140	17.53549707398411
141	21.988441426386807
142	21.559979786064147
143	14.494358610142879
144	11.699304564925317
145	15.312806699800367
146	14.852711477549867
147	9.781853355038209
148	11.633819752744209
149	12.033781028855556
