0	3.2475453481851213
1	7.210699022906489
2	3.7709164098171573
3	2.3731233016148234
4	3.2919025303417477
5	3.5679550607985386
6	2.6557068736535934
7	2.4353672425448543
8	2.8341553454789583
9	2.6067326090720098
10	3.164423660858023
11	3.0563280111682607
12	2.9449457753431303
13	3.0066298615405773
14	2.430633717413178
15	3.1704369386782876
16	2.7795381298378072
17	3.0518214099802226
18	3.2827172392980284
19	3.1133930466350477
20	3.1137016261764248
21	3.33997591936965
22	2.774541176689917
23	5.713264394599003
24	3.5092067470597024
25	3.5725473020208307
26	3.107852830236014
27	2.3829789032540467
28	2.09592892352043
29	3.2211272819041277
30	3.68623291779313
31	3.728152184898087
32	3.7935798658816156
33	5.76711418017162
34	4.696204800640954
35	6.401003053657933
36	3.3443255414398094
37	7.403562350601403
38	7.718052835489767
39	9.990317999415
40	8.511576813525751
41	8.673363088336899
42	10.613896153005365
43	7.911441445791375
44	4.270490529160433
45	7.507983195683378
46	9.558529719120417
47	12.21324515371998
48	13.74137017070662
49	13.12330054178969
50	11.197056905664454
51	12.97817899453712
52	17.440482806305305
53	14.077247440792195
54	17.317172147740308
55	14.532804991686541
56	17.91331182550799
57	19.94139576460786
58	20.078339198051424
59	20.03095797139091
60	16.082410522566523
61	12.611807797972999
62	16.719253725367302
63	23.170601134174504
64	20.406391551026452
65	22.349492669074394
66	21.16338960956427
67	25.49215967063609
68	25.179018941359388
69	25.777593918458855
70	25.491784396933035
71	26.823181671058208
72	28.685208732099987
73	25.53466796305206
74	30.99766445350982
75	26.16381255519429
76	25.10619760394851
77	32.536252007359
78	31.13467811660888
79	28.252564804142743
80	34.02959180124707
81	31.017138331057723
82	35.84082513423049
83	24.94186223292055
84	15.034110914060946
85	11.541197081131898
86	29.57469644146834
87	16.794559640731514
88	17.742883436556355
89	17.100497588776562
90	20.996127792220214
91	16.270869122954803
92	20.230039435603516
93	25.864630859473806
94	23.21095581264653
95	10.877632234675533
96	2.9655996437638725
97	2.549911523379871
98	3.7370322037906933
99	7.989858290228642
100	9.527540239522459
101	11.659991599384224
102	19.636743033763636
103	25.29571403479114
104	25.45537194161262
105	28.350001613131987
106	31.23648433953022
107	23.057403043270796
108	3.3100959889754673
109	4.668614216087748
110	5.828532080166605
111	8.310196800070216
112	8.538979327341696
113	9.885262779294875
114	7.263744666151628
115	7.224172326685941
116	1.1921114748618251
117	2.722606076054535
118	7.163814490821558
119	8.402750730319774
120	7.889064892810875
121	2.435451999403575
122	5.033418234061459
123	6.863144363382022
124	7.446496604652604
125	6.843855516804173
126	2.717907684864281
127	6.294181148915422
128	9.217235545130418
129	9.359126346353815
130	13.661146900747385
131	22.667772910821995
132	30.05363191210244
133	31.447536203155735
134	35.0776926205871
135	35.23615017039364
136	35.890278301574206
137	27.210338389935472
138	36.432892593812326
139	35.47949781420151
140	10.264634938869872
141	3.9045536155033593
142	6.222331769614811
143	7.087188936035029
144	8.404490368043945
145	11.844954930415488
146	20.31993169661761
147	33.90660232627319
148	36.63843162590751
149	32.877383043043245
