0	10.439160137743176
1	10.084351149171477
2	5.137808324695115
3	9.715826997543997
4	12.030205191416803
5	9.731630527898552
6	4.421483566756789
7	8.156188453809992
8	7.238187400906343
9	7.430732178990235
10	8.474403225409745
11	8.68744710278558
12	2.298246607362916
13	8.669496839660756
14	8.138187720749295
15	6.382621817666438
16	7.237383975879446
17	7.607285589321172
18	4.075421801372527
19	6.532932156511125
20	6.19160310987488
21	4.24505411641173
22	6.01441448021181
23	6.545601470267073
24	7.977906772265126
25	8.650653210908546
26	5.129926405173364
27	7.607639491480594
28	9.22163731496086
29	9.178454176500495
30	9.200078556951576
31	7.430249308238077
32	1.236092131981245
33	2.476302886904617
34	7.0761214962997325
35	7.430318212178465
36	7.430732178990235
37	3.3601250761560197
38	7.974548489943887
39	8.301087256145724
40	6.545661992283124
41	4.952597931103989
42	6.723006214114768
43	8.137807313965094
44	5.661055132541419
45	8.491963467528972
46	6.899161199200087
47	9.023364475724557
48	9.396024277261692
49	6.709468861221037
50	12.031124648094528
51	7.9614435190290695
52	10.43906119083447
53	11.147057968752485
54	8.31499962388639
55	10.970083511000158
56	9.553746529384453
57	10.969769996408457
58	14.359292241602512
59	17.13164616416114
60	14.685272941477482
61	13.269731894787315
62	17.04502407496058
63	12.345228628486915
64	13.445271808117395
65	15.735011999141593
66	11.356951479069533
67	18.188596151592712
68	14.862231471950786
69	13.479067312940693
70	17.16984723005119
71	17.117573316045867
72	16.101252114603422
73	15.748545827528488
74	17.54468439462784
75	19.787220877035644
76	16.677839311654807
77	14.293641551930728
78	18.93301398261344
79	19.287132480739885
80	17.9216590283205
81	14.999830829352291
82	23.420334033147615
83	19.099950922958346
84	18.54053742056283
85	20.702670086363494
86	23.05570893209934
87	21.538964041855326
88	20.703274332982872
89	21.41011402744112
90	19.33867206894047
91	15.000840514836897
92	17.742624947349878
93	18.40175894349976
94	23.362633919322448
95	24.34820447024434
96	26.082164676116772
97	17.47188116884347
98	18.933750351310138
99	13.978245443485154
100	17.910328463801477
101	11.475281523771077
102	14.552065098998408
103	19.10533472909474
104	10.05881193718362
105	22.525778439628596
106	22.419788779531665
107	26.362210988499097
108	21.116924235073824
109	20.294580630446085
110	25.88208151721193
111	20.179239952157936
112	24.20646558972682
113	15.738050906435488
114	11.499470954291208
115	2.652411381237625
116	4.421872800752432
117	18.100725432505044
118	15.526424914788379
119	14.331770307734125
120	18.370893880622297
121	11.713775280046178
122	16.432911654701794
123	15.748393870312988
124	15.217029451104974
125	18.451404070575958
126	13.941360202646159
127	12.738851003488378
128	10.615731000747205
129	9.933064985772571
130	12.551911912623872
131	9.184584311055463
132	12.592773706149368
133	14.828200249801636
134	12.385760790110146
135	10.792698377889913
136	12.236418792597064
137	11.681326821376722
138	11.646516350331137
139	12.209137954251496
140	13.093777004028082
141	9.745549194630403
142	7.066054563284451
143	8.156723952032989
144	7.766881379424003
145	7.9762645051799375
146	6.886319220424076
147	8.315466644715253
148	8.691865315595868
149	8.646684193826466
