0	12.332022460395335
1	9.428081907287734
2	11.90607937497365
3	12.120483539465928
4	12.07405722422333
5	14.414361964890986
6	13.548953402642319
7	14.668021226685678
8	12.031231691717762
9	15.918519388049013
10	12.858583641577178
11	11.251091902782031
12	11.905966543859344
13	15.296551351345778
14	10.48187299005438
15	9.936752332771068
16	12.50909889916547
17	13.559994846887951
18	11.077759160763334
19	12.12326213751503
20	4.5662022395684545
21	15.838242652666535
22	9.854813652678553
23	8.23395929618851
24	9.896023011172096
25	9.877691418387167
26	9.646927876374882
27	10.256003727454521
28	12.469704570554603
29	10.73527726363954
30	12.298725570808488
31	10.16423378772923
32	12.463413858225078
33	11.255183697884004
34	10.944387750494602
35	10.746910904161208
36	9.55322485232717
37	11.820358743778904
38	13.553444402199094
39	11.510513480915007
40	10.599827261789901
41	11.558458558341382
42	11.990436666449657
43	11.556299676791475
44	14.689738977107211
45	12.55291188759053
46	7.973919342655764
47	10.944563693343374
48	14.031288097357749
49	12.595628249781722
50	11.815732487291761
51	13.639420643239006
52	11.995031533590709
53	15.428121701350983
54	10.999495428017577
55	17.18804147296492
56	13.284769767615288
57	15.94642850659727
58	16.071647897908953
59	13.460791183089277
60	14.282387869378805
61	14.547749894948614
62	13.898449873097531
63	16.805380525156128
64	13.680271200178032
65	13.802877676591198
66	15.792578482198316
67	10.244516122592064
68	13.295919314552622
69	12.149029510942007
70	13.043701560611723
71	15.58499077608942
72	14.992956565684134
73	15.583213264994091
74	15.757597200479632
75	13.857585603234398
76	16.748750869981517
77	17.828209678428113
78	18.228669088806928
79	15.324228975881326
80	15.378964173026915
81	15.76857076618291
82	17.23730914466693
83	17.23450807113719
84	15.109697256864457
85	12.981108963490279
86	16.932864853598105
87	12.880406117230516
88	16.22032968518104
89	15.27431910796314
90	15.986610584856527
91	19.117682829256292
92	17.951907198006825
93	22.04745756457165
94	15.763297077509517
95	17.21725516882946
96	18.978892449788294
97	18.07856907037104
98	17.77490398976268
99	17.14716068002916
100	16.806343044909042
101	17.622092797468074
102	18.097266524047257
103	19.869876037586632
104	19.312330356736734
105	20.81100957432823
106	18.266758343222964
107	19.162044791438255
108	20.26365201078969
109	18.081903238465355
110	10.643852150219589
111	17.323186440015743
112	23.02301469798304
113	20.76247349872494
114	2.9235902225776833
115	10.991876366306139
116	15.422823079236325
117	10.956484398938596
118	12.454998185268
119	14.332638306444963
120	15.154335801705392
121	10.523014780148863
122	12.927690194474108
123	14.37217936936821
124	13.253428214170789
125	15.698760878070933
126	13.425981301739547
127	16.235694580932773
128	14.60175487947102
129	11.251643670877973
130	16.1597896024158
131	16.950673785598195
132	16.85844573711276
133	13.121995163212414
134	15.482047820411008
135	16.035666693199424
136	17.679640083217045
137	15.653505392204059
138	15.675396972506185
139	8.019122035887975
140	13.383985990060669
141	10.432581858570803
142	10.94008745076211
143	11.776665949501373
144	11.219205113169021
145	13.938771656025756
146	10.470504860380267
147	13.417349838329217
148	13.4161438737622
149	11.64404236720758
