0	6.227712167006501
1	13.663031036979227
2	14.234050086677815
3	14.803842811503234
4	14.638675043989881
5	2.0667424736491293
6	10.789537829845465
7	9.860519936296832
8	9.29081481864597
9	8.367126772649591
10	4.713241370260024
11	11.002410211048929
12	8.529778900008953
13	6.439086009174457
14	6.075656638296619
15	7.759760622898633
16	8.895879261007742
17	10.241313897604229
18	11.95191302413058
19	11.571913848879685
20	2.826648750651458
21	13.885425617391192
22	7.773620052523853
23	8.507247947622707
24	8.33858205441841
25	8.91091117853443
26	8.133026926627945
27	10.643562687729816
28	10.811870735578779
29	8.910492946481526
30	11.762364118053274
31	14.390802731721013
32	16.553122600224242
33	13.091817635876023
34	13.120361205585791
35	14.608666373534554
36	14.967995692148207
37	18.08347523104173
38	9.835438199714922
39	14.42375443380369
40	17.274983850326734
41	17.65537401449587
42	15.374924598319343
43	19.176825997999526
44	16.13448145163239
45	17.305654821484033
46	18.76288731177321
47	20.69998069036524
48	18.081717042014283
49	12.709554005606314
50	19.174217968716576
51	16.097467531358692
52	11.762139303374813
53	7.579601241272287
54	13.694325504054486
55	15.179972154385151
56	16.86131696155917
57	17.275150873780003
58	16.894927733064126
59	14.613588888768898
60	12.936660682051183
61	17.60862063750991
62	19.734896174077406
63	19.60948821040727
64	19.557821253099014
65	17.23826001984346
66	20.698367850230305
67	21.881994900761562
68	13.44608644335954
69	21.32421896287783
70	19.694133609815584
71	24.11987524502671
72	23.382013952892073
73	24.855546011669553
74	22.215450689675187
75	26.034047339414172
76	29.810223701301812
77	23.169288851367632
78	29.329897812852163
79	28.54297814781479
80	20.55366692408512
81	25.834471213109936
82	30.576353570467496
83	28.757169666508688
84	25.952953017726056
85	26.569018516526047
86	12.533390490073455
87	19.93651926342481
88	15.754410153451346
89	13.473177601507661
90	15.028426237067226
91	17.803720306014778
92	13.663555886828117
93	15.985749380374724
94	14.955337843591469
95	13.698939593851719
96	17.229104240198684
97	26.07824142650443
98	20.274321851977955
99	26.40076438327011
100	19.556489718075223
101	30.278257861940094
102	30.127894712266077
103	27.895415851009606
104	26.424314616562338
105	23.4136039936282
106	23.87446612011599
107	19.747177834194968
108	21.455305962973906
109	25.261567824344215
110	18.41689217083989
111	17.505967238197016
112	34.115519092726124
113	27.921672130387076
114	19.556489718075223
115	22.532188230436493
116	21.444792900482348
117	1.1159070260377661
118	1.8762734244811912
119	4.157235889502033
120	5.2985497408122475
121	11.000946345562248
122	10.811973239538524
123	3.7758078824098615
124	17.663077180429656
125	8.169389150751474
126	10.785245599037253
127	7.389212560978981
128	7.009449234357631
129	8.910158266304204
130	9.669319655868527
131	8.53137642885902
132	7.389485874813081
133	7.389417544308027
134	5.868403508477831
135	7.402789863061486
136	6.6173663517428345
137	7.95968392624116
138	3.0166100216260183
139	8.150251613583045
140	4.727117990320095
141	5.679166302118433
142	4.918030093113416
143	5.866487866747089
144	5.5013669827108185
145	6.989600125688132
146	4.729921316557066
147	6.626592202216487
148	7.394280573462443
149	7.008867473480483
