0	3.934067226631223
1	5.0932818238973105
2	9.599948027332003
3	12.459493773310951
4	12.684796598753922
5	14.618976777138597
6	13.482170929186882
7	15.29570061609478
8	17.113713742661893
9	14.048378372055195
10	19.95058543598391
11	18.636337096411204
12	18.768365869992607
13	19.15551682873332
14	21.024121928925528
15	18.883403213364407
16	25.058637468733934
17	24.502621458887056
18	23.910514668579818
19	23.583551759037547
20	21.765546623078492
21	15.865454495586263
22	15.45826229496233
23	29.23675202306674
24	20.468872792499376
25	21.314056878536757
26	25.738904706925503
27	16.544583981848625
28	41.63222845703286
29	21.879042337927412
30	25.015129427054013
31	22.663337092823742
32	20.699338748334576
33	29.64768288121746
34	25.582085085260566
35	18.022286064143536
36	1.9032928258046649
37	48.549573211345034
38	1.6770548431151258
39	25.179041265536416
40	17.853957919174828
41	11.552363706929494
42	19.476509451837973
43	14.162559559753694
44	15.147160473783579
45	13.822573142104387
46	18.5802711991272
47	3.6146203119179043
48	20.361385517604457
49	5.0820398211772595
50	11.324587536429096
51	13.05691138551231
52	12.686254059283161
53	12.884247767106503
54	14.048648064453817
55	11.211085014428066
56	15.561731193656888
57	13.711827998234476
58	11.40679876228091
59	12.80073318573526
60	11.891646045356902
61	15.111987618575503
62	11.973593749863747
63	15.338458629550779
64	13.106828623447829
65	15.522832516729105
66	13.253368009409815
67	14.844024588177668
68	11.438198845176888
69	17.848748562621385
70	8.594729339727937
71	14.84774363987303
72	13.477255344854616
73	13.109836638127728
74	9.985599938537883
75	13.371995753558691
76	7.1067440698841615
77	9.848868911956153
78	12.489003148488557
79	14.73477282042634
80	10.841840275419047
81	4.751164689330641
82	17.754813420225382
83	9.621232534451163
84	9.84877599550935
85	9.647819866392629
86	8.578987684472962
87	10.870164216444595
88	10.984289258477068
89	5.649410443608266
90	11.929908263718215
91	6.437788292246963
92	8.356719880251651
93	7.80484753619927
94	7.6925068323961385
95	11.802525597790261
96	15.192463584205571
97	6.216917387750155
98	6.216690341744969
99	6.44362511847487
100	6.217428201969685
101	7.125323352677849
102	8.25940188964316
103	6.67116817237135
104	5.989696645928421
105	9.395576343664745
106	7.122953956763682
107	7.372354234399427
108	4.16288459855411
109	3.834342959307058
110	5.650125576984469
111	10.302967385571767
112	0.9956039375010982
113	8.718199406154499
114	6.8979891783889276
115	4.8630244740695945
116	7.6791599077447135
117	6.898497832646298
118	7.692220748717411
119	6.443920165406911
120	9.621686425551772
121	9.396019020320658
122	9.167781260203636
123	9.621686425551772
124	10.53016960360642
125	10.328510445436972
126	10.503770762986434
127	11.437654121395877
128	10.530869196254896
129	13.254257328317827
130	9.622231696023269
131	12.150099105214162
132	12.087239988810442
133	8.714274914384719
134	8.825626788080742
135	10.21471204428458
136	8.46871360133862
137	9.167177199423776
138	11.439179647647823
139	9.850079075397035
140	10.78390909208824
141	11.438198845176888
142	15.296143581914647
143	12.31467689859419
144	11.329766178413974
145	14.72228970690336
146	14.419130530150673
147	13.906811976796234
148	12.34516574198476
149	14.616442758353877
