0	8.695043275571477
1	10.3295805598043
2	7.596239011114247
3	1.1343390945897318
4	15.065257176304122
5	7.593248337529207
6	8.342213109089887
7	7.363177824374766
8	8.839215359036457
9	9.069037128733596
10	8.609089996554225
11	7.084288321116227
12	5.868562533896904
13	9.812363172661028
14	9.36098224557707
15	9.808245628388768
16	8.590436978965016
17	8.364234531264369
18	8.816722396090583
19	2.128139735273573
20	17.216188031132177
21	9.954568992945696
22	8.07604181552516
23	8.98594275148568
24	9.932546727856012
25	8.590755176569418
26	6.614492353328463
27	9.071224627421604
28	7.843399657456178
29	8.246246954995678
30	6.705330875307545
31	5.980262145932692
32	15.09492098085328
33	6.710171856249405
34	8.590675772920939
35	8.986193480680265
36	9.436543216431033
37	10.329483805956801
38	9.361769684931481
39	9.559228411362128
40	9.088599944169173
41	8.34175102443715
42	8.591232817040813
43	9.088177423537545
44	9.9777251065234
45	8.44875263998315
46	6.861666682660121
47	10.066638281978872
48	7.845273434592809
49	7.844913099771959
50	8.093447723308083
51	7.7207872215166296
52	6.229438046787159
53	7.366954771422854
54	7.081909496789443
55	6.091861913434602
56	7.383801019931524
57	9.93134166495431
58	7.72986554422695
59	7.860152124897633
60	8.316258935483923
61	8.59107339963677
62	7.491026534540915
63	9.199267977528246
64	7.836202469456254
65	9.33577283320537
66	9.087754945151973
67	8.343061078139428
68	10.976097387835763
69	10.431608868320403
70	12.56635461520491
71	10.109381635970445
72	10.798978460786733
73	10.358741410233167
74	11.54163783786504
75	10.579290972215313
76	8.605256881196754
77	9.225593677698734
78	8.955333876297761
79	9.588145819584529
80	6.957913864541839
81	10.976615492235954
82	8.08852978125707
83	9.337512502338855
84	8.328292843801611
85	7.833327511098541
86	7.856824280411705
87	9.833005794864556
88	12.317367646628787
89	11.605616008707791
90	5.594222811859245
91	8.365242118786533
92	7.345764199743731
93	8.092030908191019
94	7.084095209689657
95	10.110046979341131
96	9.334294272676548
97	10.088907249596325
98	7.967787210008243
99	12.157635135907622
100	9.584207530520015
101	7.3481793368432635
102	7.845633805444907
103	11.821131285759042
104	11.583549793652253
105	10.569556782090341
106	11.822473735716232
107	13.064015207444115
108	9.833373703498525
109	10.339961037775854
110	10.818064321838502
111	9.832822194118567
112	10.828755291337826
113	10.33452551948452
114	12.314215213290927
115	10.081535437503483
116	4.122818762172879
117	8.599673276928897
118	32.45047604001058
119	28.723225540073738
120	11.296365029286187
121	12.8139000493594
122	41.14702588865794
123	17.612464517180367
124	29.34487977701576
125	35.42703612188856
126	31.42132002814906
127	36.97613705689452
128	35.860422814963165
129	38.41580327411326
130	45.23833799906875
131	35.17930976132123
132	29.22031963782328
133	28.971772588948514
134	31.95214398972874
135	40.40294878300406
136	38.79205040798979
137	49.23627430489591
138	45.87284507570984
139	33.905937373337146
140	27.629972464046833
141	35.41928592753326
142	35.23257242448942
143	33.162244286135454
144	37.296265988802524
145	39.65695245451431
146	64.76511340324427
147	82.99451528970053
148	62.627867976759624
149	68.4855404352964
