0	2.984929376451009
1	6.3528552620442
2	8.313168701254632
3	8.819079378948839
4	10.202281669434285
5	10.775478625580591
6	9.61451128983867
7	10.698811405685605
8	10.27708752148013
9	11.927083298445964
10	11.988875844762358
11	11.311895192750471
12	15.643257598022556
13	16.48053025780972
14	16.737081576524027
15	21.399581284700048
16	21.870247720590974
17	18.376746707370952
18	21.557117401724582
19	15.116640692835857
20	13.951301520532223
21	18.43723416646465
22	16.251582771682088
23	16.391536294576834
24	19.54425602276398
25	13.795567778231051
26	17.481808220214955
27	17.172976760518537
28	15.147241645394756
29	19.58331028181277
30	14.214811564510908
31	14.456506362500523
32	20.696898082222145
33	18.509471511418766
34	17.056313936351582
35	19.10220032225571
36	19.187154321963078
37	19.786377067974506
38	21.24208661516408
39	18.06008274743576
40	21.716563572185187
41	19.594134358665777
42	20.50847429875573
43	22.854722897430253
44	18.14471121528874
45	23.086751675070573
46	19.724533690263787
47	19.5842591941998
48	20.4730733643741
49	20.54707162520538
50	15.582659568277311
51	18.493536099233435
52	21.6758004868904
53	19.749172777899517
54	24.277398438695542
55	22.36664969805259
56	22.016994302166893
57	19.85496580986401
58	18.953648275150954
59	15.353353721433223
60	14.56362500803038
61	14.69278119509107
62	16.13250111255745
63	13.569078587275156
64	15.266118599549321
65	14.773245440983482
66	13.588230211557557
67	12.032841012426857
68	9.97478074917497
69	12.919837652076824
70	10.895605462473789
71	12.370585673206548
72	11.273610235990306
73	12.29664526905154
74	13.570505411458008
75	14.047116910336188
76	13.529165074569663
77	15.624231133418032
78	12.087055238784005
79	13.762169032513844
80	10.981670804752035
81	16.290553326246595
82	9.845858176486523
83	13.391824606453737
84	14.459556107015729
85	12.362937866984161
86	14.895079634690914
87	13.021342150590238
88	16.539737630742195
89	14.621419772552606
90	14.422289703721283
91	8.860589869740268
92	14.324032067553036
93	14.69710703469616
94	11.132242425776262
95	13.789280656028792
96	14.247777588283698
97	15.103286679698344
98	9.015468746184437
99	10.932087337431845
100	11.41536913820023
101	12.470516013327469
102	10.240542775967636
103	11.923454305237676
104	11.619330189558706
105	10.582165156422159
106	10.072889399737372
107	11.249540116794348
108	12.400330508423112
109	13.122307680380768
110	9.967097687713594
111	12.885424632170691
112	11.072932737477148
113	12.058410478213682
114	9.529218334115695
115	12.267482877645175
116	5.162742504022629
117	9.044097991077573
118	8.617061865922711
119	6.980225295676709
120	7.491224744640568
121	8.049032304546493
122	2.917399892442988
123	7.750255982187773
124	8.399455637328447
125	7.920172611912855
126	7.921124535665538
127	7.989336484522337
128	10.274563820178452
129	9.309112248296792
130	10.094467258726313
131	8.11634053183341
132	9.538491632085883
133	3.472642835986921
134	8.468512502340069
135	7.681607924210853
136	7.4258994686032525
137	4.564719172619962
138	7.842332464048951
139	7.848486505664731
140	8.502096375228716
141	8.160263102986484
142	6.997274748626037
143	6.996698886024773
144	6.107035841809254
145	6.415533473096924
146	7.9040761385014795
147	8.142460185487414
148	8.296814899428178
149	5.320186364529878
