0	12.419260474296566
1	13.890190838345838
2	12.693965998772509
3	9.335936728851426
4	16.2546297514345
5	9.912655966559837
6	12.751428751363587
7	15.403499203900605
8	8.914105885771018
9	15.459024097351591
10	11.239011947021734
11	5.1792798146094725
12	15.100277004450446
13	7.34270177015738
14	9.741817710965996
15	9.856052580103796
16	10.825010812269461
17	11.596361170975095
18	12.409105388451849
19	11.42056670751549
20	10.679709511844605
21	11.900816995373589
22	10.512431660669485
23	11.934420278028089
24	13.74546291151033
25	11.07238065912964
26	13.103559700663965
27	9.904663267845711
28	10.098092110044579
29	11.929769532172083
30	11.569356923259082
31	12.085098800491325
32	12.101658258956872
33	12.067901136404775
34	15.110155527024482
35	12.169470675174473
36	11.320191661000887
37	11.360151142673846
38	16.238516428828053
39	11.32704530769799
40	11.09658949202413
41	15.891599829872137
42	10.669834487587007
43	11.845009465928731
44	14.491260074588148
45	11.662607771261307
46	13.780109189134926
47	13.164260567830558
48	14.645675933579648
49	11.090290718032096
50	11.257634232409734
51	11.765298550100605
52	15.22899843582741
53	9.420004300842047
54	8.596370588078322
55	13.40898801455626
56	13.18968132011482
57	14.167652803580811
58	11.2433691188769
59	11.41191763899811
60	16.4146682375412
61	12.937605030947191
62	11.056928877742536
63	12.269029635413172
64	14.083479871192699
65	13.604557800358661
66	15.065953719999001
67	11.072066720163194
68	14.28440684793966
69	12.576607679441246
70	14.407535117777327
71	15.077811267677344
72	12.844687474658487
73	12.654348948470547
74	17.750600201341317
75	15.274424541051443
76	12.902246844107397
77	14.602137737721105
78	14.00776443887367
79	15.63959989433968
80	12.575650216359305
81	16.360911672970232
82	17.633956972290793
83	13.604818825800919
84	15.08027118392759
85	15.334916571075206
86	18.137023494324435
87	12.418787655033013
88	13.102808774153862
89	16.091670294976268
90	18.313850728803835
91	13.907852805897495
92	18.970113660766035
93	13.841887862953769
94	12.674366149054887
95	14.56982635449757
96	15.085195684007045
97	20.608671871687836
98	16.330811060855773
99	16.163739443371476
100	17.918829496475706
101	18.9030819249325
102	12.897825768431211
103	19.607355708240437
104	16.080827372991045
105	19.160071438263497
106	13.66697447646662
107	15.086499661905536
108	10.418534605902707
109	18.411778712154533
110	15.495885101580372
111	9.407679338074868
112	15.693236741600362
113	21.168320121441003
114	15.30080621485369
115	13.600782351785163
116	10.754973609419661
117	17.2195246722436
118	22.280940568028292
119	21.655703238623712
120	22.292171992527425
121	25.269131884775845
122	21.574372124153722
123	16.496624046779342
124	27.648528288228736
125	19.04862477742663
126	25.106875101756614
127	15.252555195801241
128	23.867012757659822
129	19.018120129361357
130	17.300780605327102
131	19.911007458682555
132	17.604342868643602
133	16.223683183828367
134	15.272219231983712
135	14.909269233196355
136	16.056408896163525
137	11.93056283835787
138	20.403463760963437
139	12.41642412610994
140	17.09269488702357
141	15.259153194118207
142	13.999855756528094
143	17.647400888055415
144	9.506047375214203
145	19.010378253566497
146	21.17140685331638
147	17.133462820300032
148	17.912076191592476
149	13.58128721405913
