0	6.982767155083205
1	8.780607470230699
2	8.62332864876247
3	8.464521655545562
4	7.000555804305244
5	6.515485209634523
6	7.711663508471387
7	9.510996812507278
8	9.0318033274423
9	7.102134161503301
10	8.785348216262722
11	8.488000522489104
12	8.169064057898977
13	9.987663863285928
14	8.444058010110453
15	8.29695417072927
16	7.180367202302286
17	8.974119022837925
18	10.154630339790762
19	10.472947158590461
20	8.687022621441114
21	9.464004608652031
22	11.086082111748972
23	10.316608434192505
24	9.043107658107935
25	8.559933805609338
26	9.62900769594074
27	10.173510611383396
28	11.193672212655935
29	8.618521810311492
30	11.70502323029706
31	9.467015687994547
32	8.397794623060104
33	9.53495604897567
34	9.298582144237907
35	10.01607509253529
36	12.23606757543765
37	10.197983700422972
38	10.611259286736528
39	10.3723020314619
40	11.746010118508833
41	10.075282798354396
42	10.584971300735264
43	12.60752693887268
44	13.07920504891277
45	13.198054818549773
46	10.62639163314183
47	10.934094235126176
48	10.927484809484739
49	11.48059788764766
50	9.432621357426854
51	10.930207262040588
52	11.116444023570121
53	8.473065797684734
54	12.322138158031132
55	11.608555615027347
56	12.096416515118378
57	10.330911054298094
58	14.538115861407643
59	12.282217671499183
60	14.886882691136487
61	11.549890131709464
62	14.065995262770473
63	9.866076234165387
64	11.56416168532596
65	8.140603329835937
66	13.620686031355884
67	11.251801294131068
68	11.037374749511677
69	12.56843180522218
70	11.860782970243545
71	17.05836618070122
72	12.966703334832115
73	14.803094860280902
74	15.363509919544956
75	13.061032687478674
76	17.363717058724983
77	11.51109193882307
78	12.66873037168985
79	12.651047833239314
80	14.016679191323764
81	10.207089276997523
82	14.310672247140067
83	14.496193826967334
84	14.458243467968403
85	16.748168670012973
86	13.064268837650394
87	16.924887258285256
88	10.040311731889345
89	12.513866820255586
90	16.64320565748015
91	17.35818578934416
92	14.269314447429018
93	12.19142674903814
94	16.620892226081345
95	12.289105429694656
96	17.02846674798235
97	17.86515778648995
98	15.98475617110173
99	16.779196513946527
100	14.227737578085925
101	19.22951749501609
102	15.337646838906027
103	13.851027849982257
104	14.404085177654764
105	14.10287587269092
106	14.233184458553897
107	14.21590621833667
108	14.917221034077073
109	15.145780585198503
110	14.231822583731025
111	13.648422462369803
112	17.101992088315274
113	15.731724845447483
114	8.020642741734832
115	13.127724895636991
116	17.321235562266875
117	8.50995546275722
118	10.665648510985875
119	11.296118181191355
120	9.198889552045383
121	13.071291763859994
122	11.34171758831204
123	11.323564369354257
124	10.898360582423466
125	11.930172779241355
126	14.331059973760837
127	11.384843201215348
128	12.704651863663837
129	10.187775121606302
130	11.484405811130687
131	11.993534681832953
132	15.052904170928684
133	11.341463488584598
134	11.392503543771399
135	11.753074607825738
136	15.026645420927219
137	13.621075814272743
138	14.861413606759566
139	14.00220599978901
140	11.510765370330272
141	12.063222060522548
142	13.0358049039002
143	13.458554678162795
144	14.628377815908737
145	10.602656388378271
146	11.510546856566549
147	11.632407662336668
148	14.18091959423675
149	12.510846725519082
