0	2.4428008734209454
1	4.393185884298571
2	4.858566096343993
3	3.6946967323242164
4	5.364967203268074
5	5.831161652222041
6	4.548726196102132
7	7.19170546985428
8	6.972766734682213
9	7.3327640543432135
10	8.531827034304042
11	7.679920290528848
12	7.7757029149082975
13	8.82321240374921
14	11.965666441374047
15	8.646446216857541
16	13.874654450689349
17	11.010953349596484
18	16.13536648147744
19	16.7851985958889
20	14.538482887341893
21	15.583418574155303
22	22.880357950339
23	14.536415105866409
24	21.050756978804465
25	19.17489908008585
26	15.391985709032433
27	19.64544613242894
28	13.83805325093745
29	17.81045384376661
30	6.980123753110027
31	12.497943483498501
32	13.340135506160236
33	14.577783451303805
34	11.09273775128469
35	16.09716477161559
36	12.095087644453022
37	13.410388930573282
38	16.99364651281981
39	9.614618235615684
40	17.61779527230864
41	12.046295329564556
42	14.813788522878964
43	11.927592608622412
44	15.621877415843482
45	14.997475491433464
46	12.326435041650212
47	17.85149499156872
48	16.24781886244903
49	11.825020204521861
50	17.566271801505195
51	12.391642472633723
52	16.93867191771742
53	6.411495313606913
54	15.315153323398714
55	16.39825047002085
56	15.706182868054688
57	14.034617844496202
58	17.958146567792234
59	15.981153772448971
60	15.542732697310042
61	18.547005733118674
62	18.586122361269748
63	16.32711947801346
64	15.543919991977491
65	22.526911169237508
66	18.76273232211073
67	18.78570136280165
68	14.384802374270441
69	15.65868917951438
70	17.734218385988523
71	16.48197183104027
72	15.079437901792083
73	14.828717052353309
74	15.525544292474708
75	15.977247059854356
76	18.347707535603327
77	16.950911993142757
78	14.969781090083401
79	14.342385897441769
80	16.402355003439183
81	14.11535949481504
82	19.526802707585308
83	13.263112285047972
84	18.053962914491503
85	14.274915893595965
86	15.029718725718553
87	19.390441031691505
88	10.393319991172069
89	19.103792570987544
90	13.953194811530226
91	17.212189916603
92	13.32887497205282
93	17.75002933993893
94	17.379903170408525
95	13.619234275447354
96	13.598313420896178
97	10.012553743523872
98	15.285059576817295
99	11.077653181211984
100	15.778390085367741
101	13.453712935440164
102	13.172850803088116
103	14.499212148718982
104	15.351318157893955
105	13.446569015349056
106	15.54570128926502
107	16.01874743238378
108	7.367198246839357
109	12.237815185412424
110	9.599032279212963
111	10.315876432699365
112	11.894696979777793
113	10.767852783518178
114	11.337096248167713
115	6.400826912561861
116	6.569482818469371
117	8.301671369839699
118	7.4060232511037345
119	8.584650604864507
120	7.741574791777041
121	7.424162477866373
122	9.16002773721638
123	9.012765211592553
124	7.621605961447636
125	9.592157893831361
126	6.600627390260881
127	8.590512883587667
128	8.886085741723745
129	7.658246424199834
130	8.746537760126577
131	10.92260746864724
132	10.10690193003501
133	10.740137222227343
134	9.01785854206657
135	9.1357220982859
136	10.301047200213779
137	10.405086732405879
138	11.438708331316716
139	12.119280209248046
140	8.88835230337828
141	10.523794583526163
142	8.51702477977968
143	10.089529414874406
144	12.13578792520505
145	10.613473869069017
146	12.664259180858277
147	7.522229701422943
148	10.016679918230395
149	8.976085210383037
