0	6.341610071086685
1	6.285039807806008
2	5.766003149425707
3	7.837114987229215
4	5.204103838799509
5	6.342072073143007
6	5.496262395597703
7	6.482655856451212
8	7.60903361590376
9	7.053048415461574
10	6.194106324236377
11	8.31317084815747
12	5.64981058877711
13	7.6619888816286545
14	5.28563591627953
15	6.34120620249167
16	7.485029343584964
17	8.153924115530831
18	7.116060449068226
19	7.890803792241172
20	8.664880371914606
21	7.045202748389025
22	7.046109536178549
23	8.190116665807908
24	6.608731791764681
25	6.200744679720315
26	6.482537761540497
27	10.354671120627406
28	7.679368081581191
29	9.439500149761347
30	9.29799169526056
31	7.8206865668893775
32	8.898499922139118
33	8.642756744184876
34	8.735447322489282
35	7.890950556429818
36	10.731186651420854
37	8.715731087214001
38	7.608751929853835
39	11.864684046146513
40	7.870430271153861
41	6.904529946697216
42	10.664356457195362
43	9.204104162284057
44	7.89051082704977
45	8.242764154320888
46	10.3078361171312
47	9.347848923849568
48	10.284363542487819
49	10.56538507857855
50	9.017491484167735
51	9.016561753551832
52	12.28406383485797
53	11.174072748346491
54	9.650443976932772
55	10.495579390669437
56	11.90300522291981
57	11.340982147627184
58	14.719613787020576
59	13.241765948243033
60	10.424582958121576
61	13.135637936353005
62	14.750591164364582
63	15.353692614651191
64	13.8358071396409
65	14.756392119444893
66	13.522877212370082
67	16.94717521035909
68	19.158404306118253
69	15.310644035662024
70	18.52178162157094
71	19.787540229131142
72	20.916783198992686
73	16.479393010238535
74	21.395267485916232
75	18.861917360435697
76	19.871643543512324
77	21.05719155526045
78	22.877316837839537
79	19.04087436296966
80	23.871185461762636
81	24.084505053825744
82	1.412766029806383
83	38.71431566064722
84	17.32556226816858
85	16.926245240246637
86	17.88934716716229
87	18.028944642480496
88	17.183749479214868
89	16.65929648705272
90	16.0571328143184
91	14.405205050303518
92	13.817612656996728
93	14.07247476093814
94	15.95386602495603
95	14.614936918427853
96	16.584388871257858
97	16.657296362572183
98	14.784757736192356
99	17.236920853603817
100	16.014347696484197
101	12.88935900339445
102	15.845464595715091
103	18.873625278424377
104	17.51280880615309
105	14.609614595928047
106	18.14875218231808
107	14.118848813010736
108	14.64920991010074
109	7.749701667416762
110	15.84638087793711
111	11.059346915692705
112	7.748912026227768
113	6.624076158425299
114	11.703604666673643
115	13.368500058975313
116	13.100826029045098
117	10.847195316749978
118	12.115247599611058
119	12.114208403605268
120	10.16408817095721
121	9.420115225848049
122	11.270037500668707
123	6.341725779745089
124	13.1000743941454
125	13.521193190157167
126	16.341584715835335
127	12.748792559862185
128	9.087559424755542
129	10.105957171454046
130	8.636480916330177
131	9.299038895933224
132	10.1436492882211
133	12.993561689141291
134	10.749305156679954
135	11.481253348850323
136	10.378903139412662
137	9.347060720590559
138	11.551220028436049
139	9.017068453398108
140	10.988833290088035
141	9.579860198954185
142	11.129438601620782
143	10.988000259087192
144	12.182054413536841
145	11.37253154090906
146	4.077539659023468
147	16.48782939671945
148	9.298428106746748
149	7.8904377257964
