0	17.792532551149854
1	10.674582071278628
2	14.380253649241968
3	8.322976620612089
4	13.385087590942643
5	11.41038384017443
6	11.618977474288382
7	13.881644535881572
8	10.333019313745494
9	14.785074707164883
10	13.436481898181837
11	10.029459136137694
12	15.588892473001849
13	11.322381035045682
14	11.748419993734837
15	12.515164517917352
16	12.330872288285772
17	13.804100017444098
18	14.763060984453409
19	10.646087679296487
20	16.19664174800356
21	10.24549824089286
22	12.062011352308891
23	14.712443241506525
24	11.688891573240356
25	12.91971053537798
26	12.969040862657451
27	10.307144541382563
28	14.392540310977415
29	12.339432787218945
30	14.613368420448555
31	13.531171965213884
32	17.54727590246285
33	14.972721707486546
34	17.435110897470576
35	16.29343493825408
36	9.978441762344534
37	11.868311620642023
38	15.30023128407358
39	15.685000930106035
40	15.152897189728307
41	13.737757322881496
42	8.813743398853987
43	10.920509158113145
44	17.505854725334054
45	10.109776112008579
46	13.128942853315246
47	15.906695781179744
48	10.567804972684343
49	14.158685384635243
50	14.515336711479685
51	14.048714937020678
52	13.58098625072077
53	13.658037320640158
54	10.42897507004355
55	14.699418146007552
56	12.60644620818162
57	11.470865304797753
58	12.302837187888345
59	14.073453883671215
60	11.251545703322508
61	13.310972518904471
62	13.561657599687079
63	16.032607686805942
64	12.025598474489364
65	16.563329970337545
66	11.350214313741589
67	15.565260757795286
68	13.396719842923396
69	12.610351428978051
70	18.22026693658246
71	13.156302736599265
72	9.712593979105902
73	15.040871858769775
74	12.485482725758697
75	7.868900076247808
76	13.582808896830024
77	14.147421738412714
78	8.365071060345098
79	14.673572924889207
80	12.999545593116913
81	14.505767287301529
82	8.958040704945715
83	10.572693470375885
84	12.400121646003658
85	9.304743054394795
86	11.282775183074273
87	10.552274256112797
88	10.919374894650886
89	7.484514103913455
90	10.183377876857667
91	10.797390008929558
92	6.134313322508973
93	12.416893820052248
94	9.205123724238877
95	8.221765860483579
96	8.958374667720804
97	7.70921246046012
98	8.46627634974976
99	9.840929346231782
100	7.8525007544513485
101	6.608572458561975
102	9.447438902214744
103	11.194716992953166
104	6.610306793665454
105	10.426423287735911
106	10.42858234552403
107	7.131899368780132
108	10.390353849248946
109	6.020263445512181
110	9.076194641985646
111	7.259433402367724
112	6.608931096670406
113	5.275493675357165
114	9.099184420595659
115	5.509199672523331
116	6.564126637874696
117	8.403985298115884
118	6.336624715294259
119	7.907143688435691
120	8.693113081343604
121	6.515404451694743
122	9.943481073476057
123	9.912959521353136
124	8.220472142426992
125	8.48453974085041
126	9.059223323773672
127	8.979882791332326
128	9.560479948343549
129	8.80010365049489
130	6.762704751091721
131	7.12159051536416
132	8.110363028320547
133	6.854358476302535
134	8.800732194035856
135	9.993697916681647
136	10.681630940677659
137	6.604568873271446
138	9.412574598402326
139	10.460488167590304
140	8.85700152364091
141	9.372246993757477
142	8.594974836182914
143	9.000862425583652
144	9.47224556548076
145	9.545310954353834
146	7.1306580126801675
147	10.43368875249592
148	10.524816637035123
149	6.25667622223574
