0	7.829544813922228
1	5.40131410406938
2	8.622589460187738
3	8.370332671448427
4	14.194400688134618
5	16.13504725815558
6	21.91306369506715
7	5.918236337801682
8	3.772522743037513
9	7.811445122191754
10	7.016192696230393
11	7.033862067198818
12	6.727375255152777
13	8.100564484824073
14	8.099047490286864
15	6.203198352140296
16	4.03604807568518
17	8.234493713708467
18	16.90862528328245
19	5.389001866257228
20	4.578136313769808
21	10.808280262804992
22	8.641482083154113
23	24.954497444650116
24	5.377672946494944
25	7.017753536094131
26	7.286234430895331
27	4.442510170442921
28	13.924575878152059
29	5.932178766795288
30	10.832114559082642
31	8.352618002652953
32	24.547397321899787
33	18.352291669804938
34	24.554146362325767
35	2.404860936506692
36	30.866110976020668
37	30.719327612579004
38	36.33457173058791
39	38.05518578837086
40	13.275992267164506
41	17.454491759343874
42	6.457586977269639
43	7.828666744558322
44	5.255245484573158
45	11.653731258872833
46	13.370522502059313
47	19.981135037425545
48	25.38726915399282
49	14.552738074201171
50	10.40272067412268
51	9.995673947436472
52	11.485861087464004
53	6.216656744472617
54	26.17672391392798
55	28.757397268765388
56	25.401607788427924
57	36.29225301144521
58	13.112321344973692
59	4.9833821271838685
60	4.03625933575746
61	8.796486238336113
62	6.189350693684534
63	5.119645062634516
64	6.474050247647812
65	7.846484588838315
66	7.540751112439065
67	7.015737814397845
68	7.8467052940137325
69	24.56792494216473
70	6.474229204974902
71	7.845455719474314
72	8.082096144137179
73	8.911388880364939
74	6.474050247647812
75	4.578258356970168
76	7.557544384041232
77	6.606884870198528
78	9.321762382804213
79	3.765255921803589
80	6.744522592684506
81	10.8097215609118
82	8.64131980000076
83	12.43427953191001
84	25.979730459892956
85	9.068212441767722
86	22.04785395401463
87	11.22084108461004
88	24.217621346548963
89	4.84846794041522
90	7.538438237832198
91	12.43380351083171
92	5.131697054855994
93	5.918667287297069
94	6.473990745607096
95	9.183223738240013
96	7.848910884733241
97	5.388758236570679
98	9.185825570655588
99	11.32144352217277
100	6.067354138962847
101	9.618178199920052
102	6.739791668355657
103	4.97660018099613
104	12.832766575643598
105	4.577729959722269
106	6.745395351822825
107	7.557544384041232
108	9.455566122088676
109	9.479957119857996
110	7.265778547702681
111	11.351707557968187
112	21.69004091132779
113	35.945032423713286
114	31.08282820125713
115	31.96961721651991
116	33.2701570077176
117	0.7846024506133137
118	1.8723785873824093
119	17.533482830844196
120	1.3268338082593658
121	9.478698477617936
122	6.862763842581865
123	3.501433403443937
124	1.4598749220574132
125	1.055908865065311
126	16.226920105384796
127	2.6813936064218202
128	3.2232813609910314
129	3.223118872736245
130	5.119414820645991
131	12.158591059213727
132	7.018339104853178
133	8.370567979671549
134	15.45707292867521
135	21.991592454439786
136	17.17344428250006
137	5.9324496451316895
138	21.69407344701922
139	23.282912064711592
140	23.747385893017867
141	13.51806674514491
142	38.27344831589876
143	2.6754711632663843
144	2.9522128833303407
145	5.932178766795288
146	3.765028220467966
147	16.226920105384796
148	2.551477046618278
149	26.044213336267443
