0	17.66686831385227
1	22.781880039574162
2	28.442134297909398
3	23.77797978359385
4	19.928823714802217
5	16.500366200684464
6	16.178476351006747
7	24.256836961828107
8	24.028872320541613
9	27.195988931843086
10	30.434056801858013
11	25.82313507850681
12	24.028738501102783
13	21.771496452912377
14	25.46595251539229
15	20.303941123867897
16	21.35206733810002
17	23.96343877806201
18	0.7007432199431259
19	32.60160133276709
20	30.94183265360332
21	0.7006048589558468
22	10.652990493444996
23	1.571362153883896
24	6.049550541199187
25	9.408935910398927
26	4.6795176621532075
27	20.614445053927305
28	7.2936402069308555
29	15.794858633439691
30	9.259781142805977
31	11.772864032429153
32	10.775967956518643
33	7.4352538826810255
34	10.153070267930156
35	9.390776952040436
36	13.138587403112851
37	9.284095094855102
38	14.260064651474107
39	12.019962634881619
40	14.543922255732506
41	14.475227373589384
42	12.021679936021538
43	7.809314516018031
44	7.029292193508557
45	12.764836393240477
46	8.538575285230435
47	25.80448852199351
48	10.138633714521568
49	10.40368824509438
50	11.275124605443839
51	7.558005142514559
52	9.76130144425089
53	10.053140286439017
54	11.746054029024087
55	13.264363094604356
56	11.897045076491063
57	8.163591241653497
58	13.763654599247316
59	7.790726928580178
60	7.045555643185708
61	13.295651924592402
62	9.263246432830025
63	11.298500929972343
64	10.281229746672254
65	3.5543739121286584
66	7.293976047237921
67	13.046624303851718
68	8.270358593133938
69	10.403590131078547
70	17.37054988532855
71	11.77241604714298
72	11.025057749883919
73	11.553688623719614
74	11.493912552606227
75	12.518475306657455
76	11.80261537239196
77	11.49402207197281
78	13.016445788961997
79	12.020534727119932
80	15.29116270103264
81	15.96395464152685
82	15.007037453550831
83	5.801020732110131
84	8.289132770049736
85	1.8200536433226548
86	4.190666156924249
87	14.654097289616125
88	6.775281509791806
89	3.0697935883052625
90	5.168862159348029
91	10.901285200756279
92	10.7773959517496
93	12.516922870665885
94	7.791664952439039
95	4.184087041925728
96	12.052437938462782
97	10.871942521073182
98	5.801438860029194
99	11.02526637863391
100	11.54719766380914
101	5.541690291096966
102	3.3190757696370854
103	8.023643970404665
104	15.00689337587242
105	12.02064983455655
106	15.503310788551392
107	14.260064651474107
108	11.051663460034597
109	13.97936665259934
110	15.659829700003003
111	12.398214083652768
112	15.592417878043843
113	12.171598632302253
114	4.930905607525462
115	13.730502843788019
116	11.398882156418182
117	8.80509524656277
118	12.24354192956479
119	6.794866749582371
120	14.262801593195505
121	14.01193786766938
122	9.15943813803291
123	11.429270624122745
124	13.726174078792813
125	7.541739747646073
126	14.510674775636428
127	14.297798940837097
128	13.726829709917302
129	32.68893865250788
130	16.010760503546358
131	7.811708087000561
132	7.790798951566565
133	13.479090017645712
134	11.398774106805808
135	8.537779147721686
136	12.26932573486663
137	11.64812361531779
138	13.176002359377028
139	8.408287865121169
140	12.741362478374592
141	11.771856324474273
142	14.25951719059122
143	14.04885490388436
144	10.249013348798256
145	12.772517841701495
146	14.047908772715985
147	10.038344021860695
148	14.460131273648889
149	13.388629446032622
