0	10.272038342859055
1	15.595413614439385
2	20.70657614413794
3	16.115949734007785
4	18.95439870483815
5	22.16116881191525
6	16.341737446323357
7	14.874598733818836
8	18.869911480900058
9	21.18373223041272
10	20.62513541424763
11	18.115341757145284
12	20.358335215492016
13	22.295187368953798
14	19.460232831304673
15	7.657950837920501
16	25.297531052397296
17	15.28798396608729
18	18.168379942496564
19	14.35186648177531
20	18.533674357283438
21	15.855301293286507
22	16.71071647068436
23	20.534861018658265
24	15.996179338093105
25	16.436926630576096
26	21.762317517203186
27	19.49405833580722
28	23.189672329470973
29	21.718450312991532
30	17.262796515826327
31	24.74349697128898
32	23.26682496204268
33	20.356351951171725
34	20.571074222750106
35	20.812808711594112
36	15.17604114030619
37	17.495027401728162
38	18.749566395492835
39	18.0879785295616
40	16.164528558982227
41	20.684942663239326
42	16.956795441309705
43	20.12276159002795
44	16.679117638089874
45	11.168517997612135
46	13.654307057754446
47	15.85163541586141
48	17.464812692964692
49	17.931046828000138
50	16.165309429269275
51	16.441692799776778
52	11.982312106893175
53	17.59934173324829
54	16.722192853081086
55	5.705530269943457
56	13.764813786260639
57	15.229445520340612
58	14.908698688317822
59	14.45294160592041
60	16.164371463365967
61	13.655355100361184
62	14.212817319528456
63	18.439496747285634
64	15.591204173064337
65	13.497624288374334
66	12.066534710361545
67	11.75104119460542
68	13.933889875279768
69	12.813517445939391
70	10.590175544287815
71	11.981168564018208
72	14.238423107289137
73	16.179379623744314
74	11.941850813232465
75	5.848016397412422
76	13.655486972203514
77	10.864759194046618
78	11.454306361953385
79	10.97604934227599
80	11.561133637179102
81	14.350348355901877
82	11.565100277020532
83	15.60715266559824
84	12.565336276519751
85	8.894826649794533
86	10.313303110418383
87	11.691100793302885
88	12.544292171954838
89	10.866203972288151
90	13.095601122818843
91	11.424303992682814
92	14.491047558163709
93	13.088076312565102
94	12.54789403767876
95	6.823499825936419
96	7.391280510251818
97	10.593694007565052
98	11.66865419599263
99	9.471139881964971
100	13.971213933272267
101	11.70180034564504
102	11.004942075131273
103	14.077954361282641
104	10.299931484496037
105	5.989466368248439
106	11.103122304750542
107	10.20158749566803
108	9.746389394441191
109	11.953561334208294
110	11.145251196289221
111	10.864759194046618
112	11.562675788758627
113	11.308619334229705
114	5.55424514179969
115	12.706443591747494
116	12.92953068718057
117	8.931646112526408
118	6.681898858700558
119	9.729038788204601
120	14.212270501213677
121	13.795353152974888
122	14.630081415692347
123	13.375136430402547
124	13.9340235472761
125	12.259973462012798
126	7.256812474391673
127	10.304319691074232
128	14.777788679073579
129	15.84339275445592
130	13.655879672957708
131	17.00209176201534
132	18.395657022226434
133	15.327196661161816
134	20.34961654327029
135	14.211996599363063
136	19.52059775828157
137	18.669131525129817
138	17.606353164958584
139	19.172412588871723
140	13.93844320860285
141	17.326664958178
142	19.504096161566984
143	22.033744881150234
144	18.34723818012623
145	19.790980475113667
146	20.917057292000973
147	22.84685501211437
148	18.676018459445423
149	20.35040896690066
