0	38.1983436577716
1	33.98433510946202
2	41.9140025427844
3	24.744382940483288
4	42.38688988159096
5	22.252184142431595
6	21.88709141630013
7	27.12173021643699
8	32.81092019149951
9	31.612124912560237
10	28.612928997254315
11	38.604376785172384
12	28.105766659429044
13	22.053578596205874
14	42.56226666880521
15	25.77325738398585
16	30.809692857334735
17	25.468522416920887
18	16.00812075962901
19	40.476440976194446
20	19.736076993920907
21	29.26187422303836
22	19.663769711254584
23	29.317454796300794
24	22.95976958349455
25	22.071409179010736
26	29.618208279360687
27	25.72289095457081
28	21.198326856040882
29	32.85220474142876
30	25.0082384842616
31	29.006747799454413
32	24.862523929620153
33	24.300807230019522
34	23.375370604789232
35	26.957639520935434
36	20.74226162638924
37	26.782114749954804
38	23.611655796121457
39	33.10991881684136
40	29.21422765311736
41	26.511115560409866
42	19.7323986495974
43	21.449965990733205
44	12.798857985506585
45	2.8789564998471717
46	32.39357236053592
47	15.33998628876586
48	8.85590051209219
49	15.279025530981995
50	12.031970578082502
51	7.393306713547661
52	29.560840593243405
53	11.594638999842768
54	13.751119075956616
55	1.6720146603987343
56	3.51681961923828
57	15.913934909032838
58	3.6418566586257834
59	10.509035346735471
60	6.250422747173804
61	4.723949457868946
62	6.502403905997754
63	5.550976322481045
64	5.296381238266834
65	5.867304996158351
66	4.5971840140915345
67	5.550213506139675
68	4.900091996923949
69	5.311192113530064
70	2.9430501384614933
71	7.077299737286259
72	4.4695817643776
73	4.839047273270731
74	4.4698768456011635
75	4.859740795458087
76	5.425207429024665
77	4.91491767242114
78	5.484808446284214
79	5.617217036759083
80	6.755491914783935
81	3.9592887291505496
82	5.747132183003034
83	5.673197869273405
84	5.932668869108564
85	5.353786174701604
86	4.727816102831178
87	7.139104366478492
88	5.803091335107432
89	7.455205266875565
90	5.604766294148892
91	5.747479986739483
92	8.410751293331744
93	8.419457645666231
94	5.354471393275521
95	7.719393634813665
96	6.057620082686832
97	8.029333514119797
98	8.153082266596556
99	8.285488117933216
100	8.139330967306657
101	8.410369945002259
102	8.029623472928456
103	8.044293102620783
104	8.41449120847555
105	6.628229742704967
106	3.5094540139243295
107	12.960485828230121
108	5.852957405243293
109	5.99609590819329
110	7.393703221258724
111	7.662777344024491
112	8.98780116641991
113	6.300097152753191
114	3.7008786033703087
115	9.186613547103711
116	10.852479200701536
117	8.57279159840979
118	9.015233278852586
119	9.75116558116995
120	8.948297103267393
121	6.110256926054609
122	6.121497163038134
123	6.6424634851671165
124	6.867433630753755
125	8.06999861342651
126	8.517315617806714
127	6.3798256854158435
128	6.900804506873882
129	7.895508175957374
130	9.785784190811247
131	9.709550359834116
132	5.740331110801664
133	7.518620866738464
134	7.517005190641779
135	6.633844706090768
136	7.116240385371286
137	6.398876876304618
138	7.012344297234057
139	10.82800491225616
140	9.28109430493019
141	9.941735080644722
142	11.585992135979188
143	11.490147801401218
144	12.342820365838906
145	10.934450574434823
146	9.539854662372813
147	9.064835016992467
148	7.5180148346594
149	7.392116983376415
