0	16.843827937207994
1	12.215244376859113
2	13.691982576963602
3	13.491302510335908
4	13.50345739791202
5	10.99841725691792
6	15.937133746341615
7	14.921767661551431
8	14.125490034050832
9	15.89591410163578
10	13.526730229243334
11	15.379719175777204
12	12.86947149575869
13	10.893779958919412
14	17.28446029640167
15	13.386590697140086
16	12.431954129713867
17	17.391838599011628
18	13.317137020264974
19	15.965809527864987
20	13.61120482741793
21	17.404094613780018
22	12.210655069034901
23	6.661565489978737
24	19.02372625977319
25	9.417090038516418
26	10.636558730208867
27	10.641817242441899
28	10.325670474278136
29	11.776080272447125
30	11.925209538918612
31	10.007812929365599
32	11.184124421011418
33	12.872479255528612
34	11.155001627332675
35	12.106052021748177
36	12.902255394769062
37	11.33585940699434
38	14.80134696912429
39	10.449917090229103
40	14.037569196280758
41	10.789987067014833
42	14.540085469917889
43	13.31329312541634
44	13.132786090674685
45	11.614728192670322
46	13.351566744401634
47	13.244480029886478
48	14.418897949662977
49	12.343238577427961
50	15.830325680206442
51	12.753554486081454
52	11.279145116887559
53	13.022499292755395
54	14.780015023372458
55	14.192579925894387
56	12.837526063668383
57	13.798046414576124
58	13.792753983664928
59	15.772077155876428
60	14.026950218430777
61	12.576339982311753
62	14.088330121164832
63	12.689941441243917
64	11.499187364655311
65	9.63194973053942
66	8.80484685088211
67	9.51181158245082
68	9.84107182760144
69	10.13870205815732
70	9.732936103527173
71	10.637885697062378
72	10.363290645396814
73	9.869865616048275
74	10.199235418555574
75	8.995599703798396
76	11.494827423137153
77	9.728070122648978
78	11.579662184421334
79	11.76756283245948
80	10.799378227639409
81	12.18042063535038
82	9.816881023297709
83	10.106105337754158
84	13.53969611470866
85	11.330673613985086
86	11.333473594707565
87	12.615371375951248
88	11.992971246120975
89	12.547481631230399
90	12.469008525714893
91	12.320211061263379
92	12.836053191620795
93	12.07248434246921
94	11.753088623614104
95	12.927731728044002
96	11.992628106430288
97	9.714599886296018
98	12.026899623802581
99	12.873655330420581
100	12.54201199159573
101	10.714356229387962
102	13.857336355233741
103	12.207278871289105
104	11.122884602367716
105	11.367292300813501
106	13.234241873167552
107	9.139826805713913
108	9.493408904334707
109	12.912249847808294
110	11.766439715959537
111	12.686668662812865
112	11.085385564104469
113	13.718956789534113
114	2.3281783033217516
115	9.07374876376618
116	9.733303673350617
117	10.376029413817353
118	10.486664645376482
119	10.007718659264649
120	8.663437802928929
121	9.825393574752272
122	10.141311896777149
123	9.601198582006463
124	8.888040713186971
125	9.678309424604786
126	10.265596731865124
127	9.34169694039975
128	10.958088784000868
129	11.737980486998588
130	12.140998974908094
131	9.57813195190024
132	9.237334359974756
133	9.541102073990732
134	11.86463074165033
135	11.161765053654651
136	10.3694598755872
137	9.824838140882907
138	12.139493941084453
139	10.383884512963842
140	11.86724696354394
141	11.329343894238148
142	11.515874155467525
143	10.928717869586183
144	9.685867742978544
145	11.404160636909324
146	10.932093220372167
147	10.656766152868462
148	11.410429669258756
149	10.632546896204826
