0	2.258930761752261
1	5.046395428934383
2	7.26067849324651
3	6.773052799467068
4	7.722534160406929
5	6.546830153530525
6	8.31005634113612
7	8.234859355373436
8	7.694215887422802
9	8.209633433861407
10	9.232040699130428
11	7.078267474775739
12	9.951260733269542
13	8.176928609787446
14	8.415496444353737
15	8.950857523363778
16	9.20272163893521
17	7.801590915930972
18	9.668092103573308
19	8.076882059971092
20	10.718658233986188
21	8.494314733018316
22	8.874549626754362
23	9.486658488963295
24	10.118158305913227
25	10.669916651193985
26	8.71878841118434
27	9.777007049956808
28	10.831018936269128
29	8.80391249702097
30	11.58594265991629
31	9.860933859248398
32	9.645377557852314
33	12.344465473338593
34	11.333282330993137
35	9.260908807729159
36	9.122044115233287
37	9.63682267436196
38	8.903655007104335
39	12.375271456502174
40	11.841218392681345
41	11.938253063912187
42	12.154742868496264
43	11.168256262471361
44	12.615848697049849
45	11.893429120915368
46	11.382934374050253
47	13.475765042470522
48	11.037558222414848
49	15.217549981016226
50	9.929567929706815
51	12.064389516509847
52	10.241011270947883
53	12.922538243332088
54	13.582194073697128
55	10.160626951643165
56	13.266548497411966
57	14.560765081644114
58	15.993870066425247
59	11.578227764788924
60	15.322273675435964
61	15.426371570673252
62	15.484143743130002
63	19.289434988162757
64	15.071418157858469
65	14.757633757321406
66	19.150386585786734
67	17.938184174541494
68	12.398545012481105
69	20.997199974509083
70	21.166410433421134
71	20.29330937526904
72	15.529909005545518
73	16.607186632122488
74	16.654935660092352
75	13.025494542696224
76	17.06662052951109
77	13.944459231213273
78	17.01507998470001
79	17.450252389950382
80	16.38233229600024
81	17.324184856732277
82	18.98729851173128
83	14.615021257337762
84	22.10313357565069
85	16.334366234145048
86	15.279649596634796
87	17.545234052461147
88	17.763914821623327
89	19.490568159314233
90	19.352828513531325
91	21.426240235346476
92	21.443587402902732
93	18.74988223704113
94	15.632221823066065
95	20.040904507845728
96	19.883591819018257
97	21.17663437756241
98	17.972964071865054
99	19.47312441183178
100	22.850947490648643
101	14.613069675029996
102	24.401609290147075
103	17.43079714054003
104	16.62305667535187
105	17.356772898954397
106	20.36140623056857
107	22.05069648872012
108	14.085849244587932
109	17.79163713729421
110	17.38273022109008
111	21.307725864143233
112	24.208469571089914
113	16.4606070947595
114	11.488146602129792
115	19.05015564646022
116	10.802527915121537
117	13.077469511581896
118	18.708529557995362
119	14.558784257200488
120	17.258564933604976
121	19.960700828604526
122	17.41327525084298
123	20.094453497043485
124	13.790479357594572
125	17.0277486075874
126	16.1899498963022
127	21.964540153451928
128	16.457135119133774
129	17.88964997236946
130	20.045733365653064
131	20.21964439800738
132	22.5423927462287
133	18.51859462583502
134	16.85541431765765
135	19.487566442146854
136	19.671725191820904
137	16.21223355444723
138	16.083264650787395
139	17.948371990929054
140	16.55458254184135
141	15.431384460131584
142	18.600186340922605
143	19.06672359820857
144	21.34274019988819
145	22.998556357270985
146	15.015272126170801
147	18.090209674844694
148	18.12701569977413
149	16.596332269533086
