0	9.576805090789216
1	6.855570614495187
2	7.881015195279043
3	9.9199641977518
4	8.894064854446029
5	7.533977015641044
6	7.199524672209576
7	8.886065198565412
8	6.519653228875342
9	27.672654656769637
10	35.44953900759191
11	27.054160355440224
12	28.61755398981167
13	10.10480084396074
14	5.655530956153755
15	3.7921681017686706
16	10.261590659682351
17	8.897252291997768
18	9.9199641977518
19	10.937465335701155
20	5.835560930295313
21	7.874142155570416
22	10.605256479390864
23	8.897742747029005
24	7.1907813690930595
25	8.552507279003267
26	8.903062325040706
27	9.582387053054777
28	7.5324102716135535
29	7.534999568821067
30	10.947278835701818
31	7.18903544256168
32	6.8534844866616185
33	8.881501338930786
34	7.889985329181468
35	7.54462271945971
36	9.579905459314391
37	9.236129369445818
38	7.535613044883219
39	24.231032209754396
40	9.579196499163249
41	9.914723523047574
42	8.227462174186844
43	8.555953439723561
44	6.509913216486708
45	6.856737050305393
46	8.555404745293698
47	7.877004140504142
48	6.51350408319909
49	8.546953477335233
50	9.588153305288321
51	12.827143490617638
52	9.06170558550568
53	10.94380139939438
54	12.652787802386662
55	11.61650265661448
56	7.1940816418118345
57	9.58540209740776
58	8.899624080919573
59	10.261781911967722
60	9.240047522118365
61	9.912151270535798
62	6.845581698731472
63	7.88538999489774
64	17.768361607042166
65	11.616720087489709
66	6.858641351563686
67	8.212379407086424
68	8.218000538176007
69	11.6302397284782
70	7.872139381803341
71	8.195046041391159
72	8.926383405978516
73	6.512576814560436
74	8.528625851770311
75	7.536839820302228
76	8.575826389928595
77	8.909781881768511
78	9.579639420930778
79	7.875644305596142
80	8.208562161294408
81	9.924382646804316
82	7.197385282306698
83	7.874070208924393
84	16.747338964990508
85	17.06807647193219
86	9.242263946192976
87	9.578133931531733
88	9.231449321417344
89	9.580436923768234
90	7.203937849487537
91	9.57167293962191
92	6.856184424656469
93	7.879224181096416
94	7.87628842964161
95	9.237321441597615
96	10.940427583094463
97	11.284725724679284
98	11.966820244422925
99	10.935218917699116
100	9.575565682700372
101	7.201730751508625
102	9.588331223918305
103	7.190134726844114
104	9.575034802389121
105	6.853852416244363
106	6.85526375545666
107	8.218675618340558
108	10.938895250501604
109	9.575211535599163
110	10.949632762563985
111	10.25958759273718
112	7.534181603265874
113	10.764952541335147
114	27.563257644349516
115	31.6258219795923
116	16.379361656203372
117	22.04728782064962
118	11.953001009660907
119	25.228777679228195
120	20.856949270812905
121	16.06529204460201
122	19.633545799149847
123	26.42457922017003
124	23.573753141693103
125	20.99086097734328
126	23.01811543332248
127	19.99419820262709
128	28.150488386479392
129	26.58938691406321
130	24.611917710651472
131	24.918825162979225
132	28.64682877491592
133	22.860503237821494
134	26.302906327629245
135	26.9617606797235
136	19.80241796191982
137	30.581088207213526
138	27.08065504962965
139	25.576885535290213
140	28.36592697537128
141	31.317958658644702
142	21.019679374336672
143	30.57701374991697
144	27.617561067479794
145	22.51159006209967
146	32.80787254480305
147	24.893438953967962
148	26.282948039169256
149	31.908837882781693
