0	11.621515946214085
1	20.553580219342848
2	16.987445878683463
3	15.45242760201091
4	17.09713317134635
5	16.299541988950477
6	18.011019536664513
7	14.967509476733653
8	16.784739988023357
9	19.902361275392472
10	16.63331628874076
11	16.500798549954485
12	16.916596301762265
13	16.546367717097734
14	17.764255796821597
15	16.414566825347265
16	19.154273463038827
17	18.995138495636287
18	19.13306540938828
19	14.301924243035984
20	15.155703870747448
21	12.663579244385103
22	14.954191410817467
23	14.894945681205053
24	11.882403414477556
25	13.781148901442068
26	15.911634092088144
27	15.516703886037554
28	15.56911028345155
29	15.032632197230178
30	17.019375798238105
31	16.75160324513889
32	13.544818992908786
33	17.442827850731728
34	8.759555524666569
35	16.17490364190114
36	10.136499496955338
37	7.643027421137671
38	9.480393112496857
39	10.136786447194376
40	8.95585141701894
41	9.086074494406835
42	9.612991867959188
43	9.213929722500058
44	10.928290218637112
45	10.031126544710192
46	8.430627094869063
47	10.509116813579757
48	11.209423079781358
49	8.670554907402554
50	10.005354738599483
51	11.873616719748766
52	8.55962915367437
53	11.422377241708388
54	9.373754033683497
55	10.52304045250492
56	12.606664806630803
57	9.767837629757432
58	10.76472349894649
59	11.806012389398258
60	9.130513359014673
61	11.842156204599057
62	10.793514156388895
63	10.403014919978498
64	11.442684721197688
65	12.502028688955416
66	9.570984237816907
67	12.359414171853794
68	10.565248142402483
69	13.549755726137228
70	12.136700117145294
71	11.847689056773834
72	10.63012590285277
73	12.368154649309774
74	11.710141223494904
75	13.452942782711728
76	8.29358104824445
77	12.278616548188888
78	13.352497081022902
79	13.1541164172872
80	13.71838780263142
81	13.381182126440164
82	11.352523026786745
83	11.307544728683014
84	13.91291531378332
85	15.191839182048612
86	11.217757063353723
87	13.413538603730267
88	13.748554558079743
89	11.681552351753366
90	15.70431508212966
91	11.520430855911581
92	15.124896369756675
93	15.948422567700124
94	15.351737491481376
95	11.973846844829904
96	15.122710420254705
97	16.874404016700723
98	10.502565662681738
99	14.798335439628351
100	16.368616509299194
101	12.397047450409609
102	14.341802700469
103	15.51595603417263
104	16.174590592134543
105	13.906254948488417
106	13.124066120032328
107	10.428858235367947
108	15.268359276034003
109	14.796341490423133
110	14.110675341303201
111	16.79688753870744
112	14.719953583356768
113	18.010495457385357
114	15.109775295955037
115	12.97953243274629
116	7.258086025404484
117	14.844104416322907
118	13.41503387598907
119	16.80176254863471
120	15.062607649819407
121	11.422377241708388
122	16.044427103898443
123	14.00711080442759
124	15.779780636855795
125	16.76520784469942
126	14.52546563348673
127	13.292987740068668
128	16.69990727797337
129	17.927201342374822
130	14.102716437223576
131	17.289531424250494
132	15.583072015939871
133	16.809420175683915
134	15.998865580906346
135	18.274563045698553
136	17.683260505556337
137	16.698293153396097
138	20.767269856063123
139	19.788535384881246
140	19.955324939872032
141	20.774548760862615
142	15.211737391615047
143	16.89792701514739
144	19.4557975508283
145	17.404688426807308
146	15.998094611727998
147	21.414383670687457
148	17.831752537653752
149	19.187711953138542
