0	8.292311156987273
1	7.732831877734392
2	7.9134341897097205
3	6.806240113844563
4	7.587241408995648
5	6.584159638656413
6	8.426635884715818
7	7.987419248730164
8	8.000157979109527
9	6.870884794188937
10	8.850742453786598
11	6.390482875390905
12	9.513654697597294
13	8.990257133608955
14	8.137103179961546
15	7.445989675322187
16	8.497385965114066
17	8.881672542466848
18	10.169716116888113
19	8.499632935826167
20	9.670030339092158
21	7.832467282725558
22	10.79864556571663
23	7.54101349672852
24	9.19367008828191
25	9.728565732976238
26	10.122025942426664
27	7.829176002391173
28	8.815398447373624
29	10.64239681273196
30	7.9047912588622715
31	9.775783370691961
32	9.808346119307696
33	7.049236000857163
34	9.369325049478018
35	10.510708483940245
36	10.384947422388684
37	10.508545551523918
38	11.181565540573272
39	10.729905415783866
40	10.639108381399877
41	9.623847773028107
42	11.728975950074622
43	7.549299971112009
44	10.320890938534497
45	11.37344773733979
46	11.213070848572794
47	9.016043746388164
48	11.522415429600672
49	9.680823641061023
50	9.06944272914645
51	12.495900889922051
52	10.351273830782675
53	8.27584328386515
54	13.387161357470703
55	10.894734788828117
56	11.978832185218812
57	8.764489432903073
58	13.644442982196015
59	8.88307948676096
60	12.0417642844184
61	13.065496427706778
62	12.202878335780696
63	11.735047723640179
64	14.589739588362088
65	10.511200092317697
66	14.054312320694084
67	14.206902775151693
68	14.088257271769361
69	13.959682772624724
70	11.819879008268195
71	13.829520629079225
72	8.215158412495295
73	14.118834765062514
74	13.444294346954173
75	17.37533838490842
76	17.10149898032154
77	13.128978428591605
78	16.735872439005153
79	18.906949301898493
80	13.60826353550723
81	18.602612397868516
82	18.281054842239552
83	18.31958703200874
84	20.62113982573738
85	17.48797734032213
86	22.70649310794974
87	12.77367342798554
88	21.053070920839065
89	17.13196982275838
90	14.71105970626846
91	15.767994346123748
92	19.340279103186408
93	13.79602418121412
94	18.236343893908266
95	18.62626289690239
96	18.752791078239113
97	19.26760753029864
98	17.193671227674876
99	16.97513725196537
100	16.773646658138308
101	17.695831422409768
102	18.030919545797698
103	21.62432886060482
104	13.8956729056679
105	14.442645558954128
106	12.114878184210887
107	13.767886709967925
108	14.813045985845996
109	9.305133643695482
110	15.591785111770827
111	15.017231944079333
112	16.508914942186767
113	14.888631296910436
114	16.861305343758442
115	2.84811773113702
116	14.320355393548098
117	17.240541975387927
118	11.184717343406245
119	18.486400199972483
120	14.697163415070165
121	12.932026881056654
122	17.542193839035566
123	17.64232367879503
124	17.069747945392432
125	16.659200430135044
126	17.118148416550564
127	16.640097665287936
128	15.556733187676254
129	14.985417974945861
130	16.470390398203193
131	17.11979350856181
132	17.77426897959105
133	15.711718800605084
134	18.31712596131588
135	14.00872038760833
136	10.701811618972924
137	11.907796617182129
138	5.358989878754147
139	15.340451914713991
140	9.490059596641332
141	9.201419410829885
142	8.568851638031555
143	10.47670572247178
144	10.704427024256384
145	13.059429662160584
146	9.583798199283226
147	11.284134473598721
148	12.226489623641655
149	10.447052429314338
