0	11.918757607242938
1	10.555832919821988
2	12.653574946924332
3	8.596954483724113
4	9.859893464759269
5	11.455382379437472
6	11.960137532478914
7	11.364358980522882
8	10.319391430689679
9	9.419734232912697
10	11.252602143197185
11	12.73800843495009
12	11.92764901616079
13	9.33179610624787
14	14.486375211447816
15	12.373553229102548
16	13.559780475468118
17	10.504965126036627
18	10.755529719368882
19	11.454295589126502
20	10.729020608071208
21	14.254664104529772
22	9.495309905648332
23	11.488874936706237
24	10.76489500124283
25	11.788737577253427
26	13.731741303109676
27	13.408895004326576
28	14.051522268698045
29	14.68483061932539
30	15.296392829123485
31	12.024946345977558
32	16.716143375629077
33	10.949103074339074
34	12.628589960303541
35	15.11865934516531
36	12.419937640141404
37	14.492173581493027
38	13.86774478713345
39	15.335670919004995
40	15.226296656667037
41	14.687934886924518
42	15.595649381922948
43	15.374128918019117
44	13.630075993329672
45	12.32900459873676
46	12.699940612393684
47	15.327928758794199
48	18.287764456523092
49	13.868275798659463
50	18.73745103508169
51	16.503491257922477
52	19.5692906363371
53	13.881162619962451
54	21.2748427254471
55	16.860414274714813
56	16.411767416068187
57	17.681539847535404
58	12.661292483656588
59	16.324045161990952
60	9.805378516276726
61	14.311372914210569
62	17.408123340646853
63	9.587082313812836
64	18.302662167053388
65	14.444039900366022
66	9.428300731613513
67	12.595312602919138
68	10.674010410824184
69	11.553687225959276
70	13.682121320182041
71	12.199415377464524
72	11.898029612362457
73	13.930611044366167
74	12.507718031617754
75	12.054623120294124
76	12.729015741442652
77	11.399675240025388
78	12.000198784515337
79	11.536167772306747
80	10.649313626359246
81	10.585620353949043
82	13.303565504704762
83	8.704647763045372
84	9.423088053361907
85	11.062707620684565
86	10.399626627383181
87	10.237173018043274
88	11.232517939226412
89	9.953322479636707
90	10.524782394997214
91	10.98540434124352
92	8.606408082458527
93	10.515453095463206
94	11.16410193523828
95	10.707681032810926
96	11.382255704532255
97	8.986746160410874
98	10.560968527435989
99	11.350264655326736
100	11.06522441297189
101	11.46190849920752
102	12.681462625039773
103	8.604323008197785
104	9.28086217583445
105	12.079034997996411
106	11.076897639203814
107	13.401843138759597
108	10.123033985134626
109	12.111165444207957
110	9.164770268192532
111	11.898594865175017
112	11.729130441955173
113	10.048512760154834
114	11.986846835330379
115	8.354059796815037
116	5.208187377040287
117	6.554969659320567
118	11.08781703974097
119	6.029831498185794
120	8.865378251039033
121	9.021556956131409
122	9.350473076720554
123	7.383578187699464
124	6.837386548129136
125	7.577148272250617
126	7.311495563666024
127	8.406049147582742
128	6.706964342542312
129	9.32331979825445
130	6.537967209329687
131	8.456097194631944
132	7.381334696405905
133	9.730697387773777
134	9.276604085298802
135	8.085447118234837
136	9.949016370534595
137	7.7616837216414
138	9.43059997533392
139	8.102173459691116
140	9.53931502566235
141	8.998111756542226
142	8.628016583587325
143	9.715571373464954
144	7.901087397466603
145	9.510017810140738
146	8.232073160353318
147	9.649485394669911
148	8.034853265311636
149	11.182109404220151
