0	32.311600949681356
1	39.36914938572721
2	31.801200676269694
3	9.751265601838702
4	13.457076090225284
5	6.736461408965852
6	21.30017643423251
7	1.2726319162044581
8	51.89982190386778
9	22.19698804419503
10	10.725428625474716
11	35.08186484765352
12	25.35095792136052
13	12.731530796738781
14	16.90229505514881
15	8.734379852717167
16	9.744517772937153
17	9.964646099314695
18	15.703731040922548
19	21.189835510843253
20	16.429514415682092
21	9.71992156539461
22	8.483476949631987
23	8.24096329443538
24	12.698486524074948
25	10.489109979247543
26	14.951632429018566
27	19.61823236599458
28	6.747899250078733
29	16.937174004991252
30	17.71134125090398
31	7.986775667789384
32	22.353599298737297
33	18.236088793420308
34	14.16276207322423
35	9.75691152388474
36	9.699661968500603
37	11.736805380475623
38	9.234849402018348
39	9.70726028005507
40	14.725772460287263
41	9.216586641986321
42	13.229735655657286
43	19.898642157852027
44	26.431126199041405
45	12.710536783365649
46	4.253235790271685
47	18.44329680905089
48	9.229275494860483
49	9.22631689306079
50	9.481088434110097
51	8.965910458006555
52	8.991093643690018
53	13.457335270627622
54	8.709820245246846
55	14.247862763660107
56	12.214007399330404
57	27.8160666136109
58	7.23749444570119
59	9.75756020932893
60	7.730501337665967
61	10.453014334225813
62	22.697848646702358
63	15.216374703985494
64	6.989548573374625
65	14.936930506067373
66	15.673720906314045
67	8.24915694974689
68	7.986029639960323
69	13.421226511406088
70	8.98271050899558
71	8.747374400805464
72	8.487458029845987
73	13.698120523371488
74	7.2261076527770225
75	9.753023393138161
76	9.225447327482549
77	8.737665812312768
78	9.477506927211717
79	8.975864549171748
80	13.213467617914564
81	12.678696753554371
82	11.746473329982456
83	7.970618308281649
84	12.23086330371394
85	12.711511858752326
86	12.450772975061447
87	8.498466293475452
88	6.487665739472627
89	19.92460423547894
90	13.212959794834823
91	9.976257317845073
92	14.196292372982196
93	7.984836416825589
94	8.98271050899558
95	18.164079686478914
96	6.249879025738604
97	8.974513167660191
98	8.967932937720628
99	2.7679502458708694
100	20.681003246480156
101	12.96219616602383
102	15.443415403046677
103	8.731342879113312
104	8.976286787228283
105	12.94517766098744
106	7.0026288270240755
107	9.2276222156253
108	13.218800795890827
109	18.900376326907693
110	20.45550288785551
111	8.969029035543615
112	7.745504515519373
113	10.471874430657813
114	12.206064216009494
115	21.19228654573956
116	17.424697249093118
117	16.72463378536903
118	17.918428557158645
119	15.192290520328443
120	15.700997831445129
121	13.713277625443993
122	15.933130329569273
123	16.437305821880297
124	17.426891912390225
125	21.451582299321945
126	16.91554201608085
127	17.212532587685256
128	15.694170242473069
129	20.89376384194877
130	15.458344241088705
131	22.39941719896872
132	18.944146831901943
133	18.43003832812068
134	19.924023171895527
135	14.191102322347852
136	25.6584229025165
137	18.90386276163571
138	24.39367932606655
139	20.917186805042775
140	21.69943000871707
141	25.660937697448812
142	19.17028166261252
143	22.903485744006026
144	25.733221200310776
145	17.024612108559776
146	27.161594678038455
147	24.873893306535933
148	19.425301708300903
149	30.407925909454427
