0	17.261727546299475
1	15.343306900591612
2	11.18416615012428
3	16.956080378747345
4	15.34862730627865
5	14.83052349022428
6	14.675253595188204
7	17.890132884841698
8	14.714797917302722
9	18.701676275699608
10	12.264884268862636
11	17.840274721476913
12	14.25101192657594
13	17.251366506288
14	12.399002545881205
15	17.142810909270175
16	20.432582809629967
17	12.922759525813817
18	18.04494089968129
19	10.165562207814467
20	13.88440201131238
21	18.34384802432423
22	15.269561653489976
23	19.365021407169912
24	20.889749385496998
25	18.930026785029145
26	18.398011625506108
27	18.420677235108627
28	19.87536596936487
29	21.78259585413285
30	19.833937483440923
31	19.326166360089605
32	22.420859208942332
33	14.857807112328105
34	25.507558349903334
35	13.601956912875929
36	13.427626668790143
37	11.602424991286654
38	14.92747936941462
39	7.706892785828183
40	9.223639262382006
41	13.035457928516559
42	8.735522841820677
43	16.03161290813863
44	11.600770387600443
45	13.477838376621845
46	10.250401603730484
47	3.7843011774375985
48	16.20655248864021
49	8.573540187152215
50	8.039825744803613
51	10.16709785702248
52	9.654032916261528
53	7.277509763531152
54	7.433097949205363
55	11.1200226084133
56	10.675182966282444
57	9.74225432572892
58	9.563627458553066
59	10.93020027165243
60	12.50999336681357
61	9.169374324820204
62	10.509186426835084
63	7.873364564747294
64	11.354461109085511
65	8.79365749652437
66	12.90031237846181
67	8.020973733834541
68	12.389523914357387
69	4.722958594615195
70	12.926674070542214
71	8.122696806084706
72	13.213927155194336
73	13.133825738833155
74	8.383139816248564
75	13.994028414089685
76	14.32044982942816
77	7.875045602010262
78	14.325950950475155
79	10.846803566999052
80	13.357091535735265
81	11.279703076048165
82	14.518963627251543
83	13.816518537060373
84	11.912362309648346
85	9.260728078415122
86	14.57821144091974
87	13.96721472839294
88	11.626851442131452
89	13.559785176768587
90	12.174330269705987
91	16.318499490535736
92	12.250892537291218
93	12.642132475756018
94	16.05888820442739
95	10.076346125853895
96	16.159897890094793
97	14.536452494073368
98	15.676179159385095
99	13.863953306434446
100	17.95305357761455
101	13.217972520788805
102	16.36721126563665
103	12.978902143882237
104	15.497169927989253
105	13.139732601634943
106	18.36225499152609
107	11.02695897313397
108	16.952476229417865
109	13.590382495069386
110	16.273157978318565
111	9.567224057541297
112	20.357649505782742
113	18.927270650757745
114	14.458164584043521
115	12.048408584701265
116	12.89426347092265
117	11.352843487236067
118	14.756973249218195
119	15.850213642166024
120	12.804844014103981
121	14.658052075230787
122	13.991476681776996
123	13.649670672223738
124	16.187326063679755
125	14.843366878671887
126	15.852810428543018
127	15.138073399810043
128	17.767077344989136
129	16.70633981172117
130	18.696676260756625
131	16.695049830904736
132	20.160970266601577
133	14.498591513883346
134	15.855256609055308
135	12.851231296398305
136	15.983350873153006
137	16.2020155924395
138	17.579772490910315
139	17.737814725859327
140	14.673559418264752
141	17.839062908478194
142	18.184697962887657
143	17.091711257013447
144	16.958209683162092
145	15.08695871741977
146	17.740392376720717
147	20.087940274903918
148	17.546742558308633
149	12.121649789051846
