0	8.396895880592444
1	10.166223705274263
2	7.829866988667711
3	8.960960064941506
4	7.932309975198243
5	11.43178283933643
6	9.265626843752225
7	9.601619141150339
8	8.722074636879837
9	9.177883978559732
10	10.489742857953514
11	10.774667862460422
12	8.797039513834381
13	11.464640100502132
14	8.896158413887587
15	10.387191098187415
16	10.827670401249824
17	10.102930694480078
18	10.84307431544008
19	9.857880261634273
20	10.697290001942196
21	11.18947977590094
22	10.864820591434047
23	9.758526634020015
24	10.733392093319047
25	12.385664387399766
26	10.450982546344257
27	11.545792550469725
28	9.75000559191627
29	11.436429472442443
30	12.633223115570287
31	11.053608695898351
32	10.978888220819876
33	11.254813629722886
34	11.32688457847945
35	10.216694611993505
36	10.661800015590384
37	11.647887185700807
38	11.18947977590094
39	11.43156440487698
40	4.844511914717177
41	13.72295790796156
42	8.442184508166685
43	8.625058774864428
44	8.97355825604672
45	7.917387593879383
46	10.301731391965308
47	10.27933953217844
48	8.71732813988468
49	10.073438018849684
50	9.742748944111554
51	9.71709462463013
52	9.430211194304027
53	9.667724265605727
54	9.19458778771435
55	10.064593380203352
56	10.732679832999926
57	9.923087412644124
58	10.556842940045511
59	10.556642652802404
60	10.415499955284655
61	7.741887736543396
62	9.993271280474838
63	10.521754527158773
64	12.77367660205384
65	11.119109032637063
66	11.401241990470316
67	9.325356161577472
68	11.225411822238499
69	11.1499541164255
70	11.293111060929913
71	11.049577335503464
72	11.477010606277753
73	11.226264271315697
74	10.520658757716902
75	11.186080693391771
76	11.437889563831792
77	11.610820281368172
78	8.696685801630979
79	10.97233043661745
80	9.756234735194738
81	13.407576561571776
82	11.19001100482861
83	11.64445174574301
84	10.35681140566159
85	10.063833124968765
86	11.783031253703436
87	11.441324707374068
88	11.611483645234358
89	12.809231221363836
90	11.712466834252881
91	12.07236663472363
92	10.659377271025265
93	11.865273032772972
94	11.260171679728204
95	12.281046899385323
96	9.631618074271579
97	11.33599952718795
98	12.136471102629457
99	11.750320445989013
100	11.897545698271262
101	12.454022206398255
102	11.475108731391574
103	11.467692086234303
104	10.918745307916263
105	12.773431884894126
106	8.043890316565378
107	13.365833404675392
108	14.538938049323672
109	11.854316488449562
110	10.838550799094964
111	13.54677005961214
112	12.810250643149226
113	6.613929534320624
114	14.293167472177672
115	13.556879378201407
116	13.677806244119807
117	16.813777136910574
118	13.0957557658602
119	13.124926960012981
120	14.251291372955276
121	11.369621221020665
122	13.015435477726962
123	13.265293347251033
124	14.427504889583863
125	12.878500558341925
126	14.991248015990463
127	17.50923039952659
128	18.27810054565408
129	16.926004601741035
130	12.708368878893038
131	16.760552061080837
132	15.93750623084004
133	15.793590759751622
134	15.843071848730823
135	15.160327008272539
136	16.435959600577387
137	15.340632256985746
138	15.583706007947463
139	15.600432537928965
140	15.869746569498902
141	18.22867432717455
142	17.30089411694878
143	15.201197761447354
144	13.648148275917487
145	19.260016452757263
146	11.574977373300984
147	18.688857699885553
148	20.269889652123258
149	18.087915946424598
