0	9.97735882645695
1	6.809612500729443
2	9.207051305844537
3	10.085656315176927
4	10.109736273095692
5	7.997105217814284
6	9.449281765932747
7	9.4504316882311
8	8.354126152685755
9	9.879180772126892
10	9.185461333997237
11	9.739120559240767
12	10.835136316231043
13	11.069513025524365
14	7.931915451526576
15	12.250540004882392
16	11.234414238273404
17	9.687934020147603
18	10.835238444027214
19	10.175259073506039
20	9.86721866986781
21	10.351811483393835
22	9.316937359842333
23	11.957316705085388
24	10.505347594091202
25	12.881297048445328
26	9.449812208692999
27	13.541671421767793
28	11.455693577244194
29	9.683498070539246
30	12.919469336527644
31	13.643814236503689
32	11.46048085937218
33	11.135533720411264
34	12.617062826635014
35	13.013541994987923
36	12.55226002506366
37	10.995702234959504
38	12.124097567054074
39	11.25529382404199
40	12.828009999714475
41	10.801592090760408
42	14.531819126108385
43	9.538594577175427
44	14.66832185302401
45	10.697994098206728
46	14.26385347481335
47	12.23491689167857
48	12.116405866995763
49	11.957543374218654
50	13.439188132408141
51	13.249220291136133
52	15.62915518323812
53	14.002870918124724
54	14.201268967530957
55	13.768946893410103
56	15.82678831446757
57	9.623018803097679
58	14.230426306095744
59	15.795716348465625
60	2.7168165922871963
61	15.68274988738077
62	11.192966549590643
63	9.054138873215354
64	11.531279594352604
65	10.397143784434906
66	13.378885429235861
67	9.449812208692999
68	11.327028673656242
69	11.957316705085388
70	13.835027267336626
71	9.911267325297569
72	12.617182744434384
73	9.318157019223676
74	14.596001373799368
75	10.770053845894466
76	11.957543374218654
77	12.712235897601891
78	14.33505114909818
79	14.957373401655165
80	10.735251911822568
81	17.88146917879283
82	17.510327555086793
83	13.475541391574481
84	11.957884240739803
85	14.927110541258502
86	12.320857497383447
87	16.35701319860435
88	15.917692217428387
89	9.845177143784396
90	10.08329242173285
91	10.043263199401805
92	9.51572514358652
93	12.115325533977634
94	7.585634664427773
95	12.485186870330152
96	10.637646004849287
97	11.05559442352927
98	12.625476301392544
99	12.758536437522707
100	10.602057390913409
101	12.518661861544928
102	11.004738804309055
103	13.533784353691171
104	11.001644623943207
105	14.183346203646225
106	11.084873683185581
107	13.540377121083626
108	14.239854027961881
109	11.00505019833982
110	10.769240506975096
111	13.709841031315724
112	15.059106415362734
113	6.463032461156795
114	6.695027453679382
115	11.004323898810322
116	10.665008090134553
117	9.424764552299742
118	12.617062826635014
119	12.77497712758344
120	11.14404600624026
121	11.445913262561065
122	12.334893568589715
123	9.210070064333229
124	10.872489520158016
125	7.337347780264987
126	11.42997714901647
127	10.636943438123312
128	12.784008043934717
129	8.108390399417413
130	9.206275267524457
131	13.245689019919567
132	11.694098904525873
133	10.901441960606887
134	13.931810802146547
135	11.659490049832687
136	11.2054687257264
137	14.201540443353352
138	10.797676140608345
139	13.40903016459233
140	9.974079611842486
141	11.53531242721508
142	12.11140507031407
143	12.101614299733642
144	8.725415179150499
145	12.117668437882974
146	9.408283176641783
147	12.153926369417546
148	14.29753029311585
149	12.48423636657667
