0	9.269305073262762
1	8.814571567439252
2	6.370053036446029
3	9.607246519211097
4	11.011017440866205
5	6.7550958386002105
6	13.010380830656247
7	10.833157584434987
8	10.34707474161232
9	10.417767230109483
10	10.307974065489807
11	12.200877438267337
12	7.847906700758076
13	10.834597341858146
14	8.663883276260918
15	11.953945209418148
16	7.847756570911002
17	10.331217575740244
18	8.92099060393713
19	11.372915279389405
20	7.390415651667455
21	10.640218003797466
22	11.125034732684268
23	7.992473034487757
24	8.734946412462815
25	11.465703553861442
26	11.188717719592061
27	12.313518232355035
28	9.819823839122794
29	10.555307505829685
30	11.610754783592888
31	9.073411201994357
32	10.731552236117498
33	10.946989304596796
34	8.64285985025294
35	9.027617881604511
36	11.070203878613095
37	11.972057293325172
38	6.878366382758722
39	12.069268648136655
40	9.331124292671298
41	11.52429363375129
42	11.762321235169892
43	3.501998300914538
44	14.232706295003826
45	9.132802012614839
46	8.576728827685319
47	8.27646421516583
48	8.723368840867101
49	7.239629800043486
50	9.871054330423057
51	7.943469381323183
52	5.354683012318134
53	8.008909759788443
54	6.843695750277151
55	8.424219948730403
56	10.69669220684284
57	6.286816130234069
58	11.304287508065263
59	7.100370843290422
60	9.512269136831083
61	9.695876556992806
62	8.428587719206288
63	11.616512300508465
64	10.549532643709108
65	9.180999294735352
66	9.209191487030028
67	8.190460334920841
68	11.86133046975738
69	11.551962249427229
70	7.859776428240773
71	9.603611258031652
72	9.032893828427978
73	11.797772143221579
74	7.342203558868489
75	10.12581772182859
76	10.429922872081155
77	11.360208801736531
78	5.883239493437337
79	0.8257134838756744
80	9.926172906381279
81	10.964598111634375
82	3.0814407737971696
83	11.444917872047915
84	11.241281061037016
85	9.097268076257201
86	10.763332357990626
87	11.853567050201066
88	13.895170353738695
89	19.446862091846114
90	12.117216918569019
91	17.47380888835221
92	21.546031690638266
93	16.38009235360095
94	19.607667223873154
95	25.23290977694472
96	21.61104567970169
97	19.5999453981805
98	22.898508850715334
99	23.37409699560036
100	19.15842591580858
101	20.436483071391446
102	18.25200403636358
103	22.693148855002825
104	17.802341187147075
105	19.770644376767002
106	21.492313318702692
107	19.85251176566667
108	17.910409072522018
109	19.78677840765464
110	22.604349886799298
111	22.683497715438133
112	20.98381062761861
113	11.564676324207237
114	24.781074079259987
115	10.843312012848255
116	15.88925979774275
117	11.948727425700191
118	15.644844531992058
119	14.748907840040463
120	15.475983386267353
121	11.615296877585832
122	16.96479716259232
123	13.317264934516079
124	15.551130093423508
125	15.537805786901286
126	16.314896177916577
127	14.130766528593586
128	16.80425143969917
129	15.619040290884866
130	17.338462662941314
131	17.436812903661256
132	12.041249605251092
133	15.287375765627262
134	12.71850749552871
135	17.34614364724214
136	11.19601383764212
137	16.300870432677733
138	18.820574918130003
139	14.781830472267933
140	15.682326401401987
141	13.991444934287017
142	17.869573335110687
143	15.719583470529633
144	13.377290020266935
145	16.647729972221637
146	18.140914507540884
147	15.662517944170494
148	13.834190879915727
149	16.386081943908763
