0	21.171412621342373
1	19.067670666923984
2	15.730813380898555
3	23.378357866665656
4	1.753174028119881
5	6.169163920581958
6	4.484188469533936
7	5.834168358412581
8	18.02140993831003
9	12.9701343713695
10	10.516208689427776
11	17.24303995456549
12	2.60611078986858
13	2.7717996866452754
14	2.6057425507633187
15	10.4454562949034
16	13.47709784496951
17	6.267680467122216
18	7.367292956086035
19	16.15399130093655
20	14.372204266663447
21	12.35076933029891
22	16.197588303691585
23	45.06762526037871
24	5.49914902212174
25	6.179033788613203
26	9.230387987131008
27	14.202336017202642
28	16.899175702471027
29	19.952538821469858
30	18.44492632738699
31	24.05474645468358
32	23.362389963290596
33	24.291354625592728
34	21.167906641939116
35	21.729640000778453
36	21.02627351087978
37	25.70557782425993
38	19.643242194715967
39	27.36019175626342
40	26.27607667047783
41	14.775897479877827
42	19.102810833051073
43	22.701031707555316
44	21.92356120941701
45	28.98313503104869
46	28.73292433124605
47	27.535463003439222
48	14.203753531407276
49	17.17571900964692
50	34.444657513032425
51	10.859103089219188
52	14.520974290615888
53	4.390940059699978
54	2.944628761114798
55	3.7949465280517396
56	3.966914215601653
57	15.527227961454235
58	24.647691327297462
59	7.110386808117342
60	4.31064675135393
61	3.532691552627405
62	3.3756419408164704
63	3.7923626145927076
64	5.677025011565924
65	3.620654434940355
66	3.4593120330225675
67	9.412822434120029
68	3.4547928254054034
69	2.7719102043622748
70	1.92538267210604
71	4.1346663901306755
72	9.756462686660779
73	10.401813306370984
74	7.048027087199259
75	7.970398234857079
76	8.640166722673367
77	11.443930557313376
78	3.630581383081859
79	10.433891959482589
80	8.901270999285332
81	10.090427117780722
82	8.04365042076667
83	15.733243564111621
84	14.008391426926885
85	11.781418069548142
86	14.187048251386257
87	4.305362274634582
88	14.488551755254727
89	16.007760766452147
90	22.102606325593566
91	6.6980952529703135
92	3.2836121825106557
93	1.5835962199306688
94	5.072391003078692
95	3.622090630364983
96	3.96739111427368
97	1.9195229918457626
98	12.939261804673345
99	15.72081167161753
100	15.287700558125048
101	0.9872643882013505
102	17.25405702006189
103	3.283965895388916
104	2.7752483698756096
105	1.2426833332559002
106	3.02815002829496
107	10.016598173475582
108	10.68829226880707
109	11.1113473366661
110	3.9654163690230977
111	2.2649214552457284
112	0.9020159273538111
113	8.05472902766027
114	4.816863977816668
115	2.8557442996194635
116	3.370099002495674
117	3.2053203297045796
118	7.630411382118412
119	12.198847666769323
120	13.589511742613233
121	16.058964104644435
122	13.393665838243967
123	14.794829864406758
124	16.826281507624447
125	13.157973503692048
126	14.756873845029105
127	13.237123999023384
128	11.204190614714486
129	15.525611683566268
130	19.995847277002866
131	16.731258426913424
132	16.383887457371515
133	16.036204503163653
134	14.281953886910198
135	17.498025011551984
136	12.469479854152217
137	13.059365756100144
138	11.725745455938561
139	10.259514359182308
140	14.930461610113559
141	6.438357249158963
142	13.678596528495163
143	9.241829954008773
144	11.034018355823363
145	11.190261943850976
146	11.110082421103366
147	10.936319652134783
148	9.764840730186247
149	10.266304459324514
