0	20.746476689626178
1	10.831721509993532
2	13.309885801716039
3	10.833474960812302
4	11.10631311781225
5	13.248497165923446
6	13.715625827157037
7	12.593507957098884
8	12.983105760980829
9	9.205226182663326
10	13.005292664426964
11	13.820882918825728
12	15.210945886707753
13	6.476741978434824
14	17.622067286618186
15	11.67564042064886
16	12.163999101061703
17	10.697235283451057
18	11.106630282462287
19	14.200749162319621
20	15.19079854246527
21	13.054684703932056
22	14.054197674574233
23	13.850348323840507
24	13.822612747161683
25	16.28178007911833
26	12.149261937916068
27	14.907989528930386
28	11.8122760354773
29	17.986160913061756
30	11.240774453035948
31	21.88750164548884
32	15.40945832018232
33	20.063952360430363
34	16.53496988428978
35	18.749797312365747
36	15.719176150391112
37	19.208603104527594
38	17.365399402324087
39	16.800420753247103
40	18.969205296688642
41	22.968292336795404
42	18.79881870096755
43	22.567176559247166
44	21.63513818185697
45	22.239206804717917
46	23.050149760490406
47	22.777562810017507
48	21.966832608492474
49	19.792672298467462
50	22.55656857696878
51	23.004053981051346
52	23.3735021161674
53	21.97348482850689
54	18.700225779968054
55	23.042941918747662
56	25.17262095482813
57	23.51969138682033
58	17.710532213264834
59	20.928169125942205
60	20.288372349487783
61	18.6715544953643
62	19.601345193087102
63	8.09151969849234
64	16.869397177418403
65	16.49662210001317
66	13.85743459052219
67	12.15900472366059
68	11.921145456914553
69	13.142034944922088
70	12.056552357845659
71	16.30248200016165
72	15.683994207518204
73	7.596319352961361
74	10.80395574876756
75	12.867831656569994
76	11.51498752884272
77	13.006041620955891
78	5.947762697543474
79	4.4645053337265335
80	11.752360747870929
81	8.138518294802752
82	9.729023326634033
83	2.1465887398985783
84	9.229793123356401
85	4.994766921481363
86	8.373432037892963
87	6.897600242347477
88	4.7256302878998895
89	1.7426330694385221
90	5.528199931200831
91	6.083230200384407
92	5.133611519184891
93	6.497448244509933
94	7.03777396582348
95	6.762487002198744
96	6.911345895150543
97	7.83108958760769
98	7.169274656103244
99	6.358562727926266
100	11.924339456228864
101	9.897427051220868
102	10.808983835068888
103	8.119770468820779
104	10.563017636154004
105	10.857045994467603
106	10.539765922289245
107	9.20244714476736
108	4.591649600885
109	9.324496841808182
110	9.629207585448606
111	7.848129900594233
112	9.477062541930096
113	8.12022702216268
114	10.044714916759597
115	3.5039511046144796
116	9.047140953972713
117	9.476704094165841
118	9.612443049917099
119	6.761487713302329
120	10.858082162712984
121	8.119390427157743
122	10.562213876355594
123	10.676412621504776
124	10.995187551747318
125	10.538766260574382
126	11.673515832120598
127	11.061290255685783
128	10.604980581355813
129	12.964346081125871
130	12.748504012929343
131	14.091828589708593
132	10.58506555629413
133	13.520527843578884
134	14.399676258591752
135	14.868520935973974
136	14.906549626851456
137	11.919891464204735
138	14.343536225465158
139	15.199909933826552
140	14.385077511010888
141	13.799499009464512
142	16.57076632545655
143	15.009684514983217
144	15.85612875125486
145	16.02815673677805
146	13.78982570679861
147	17.34956352773877
148	17.89234589019715
149	14.090064058880575
