0	1.9465955915424653
1	2.1197731408505347
2	1.6063789160202484
3	2.4532078183743486
4	1.7778761783050745
5	2.115568207870134
6	1.6090555578243295
7	2.6221213213048484
8	1.9467171233949028
9	2.115507422679725
10	2.1155377580699217
11	2.7904153830001572
12	3.1288618369173555
13	1.6103737862402954
14	2.4507041778445
15	3.4729278253859226
16	3.796121622449144
17	2.6290945039744553
18	2.2784069609945306
19	4.310142247981726
20	4.309770936132892
21	3.2164787952138507
22	3.2092044981030687
23	4.8165367751646455
24	5.154020993136239
25	2.284378743326041
26	5.829295105254913
27	5.829138373970301
28	6.50446472776417
29	3.297350027269811
30	5.99799439823454
31	7.010817087509708
32	7.686457454397819
33	4.318256285339373
34	7.5014158995963305
35	7.686315877915064
36	6.182775143070911
37	6.810940528205193
38	10.40887266896943
39	8.699097588512815
40	7.089764211081318
41	8.474087218260104
42	11.370947709186913
43	4.81603027244039
44	12.244899000859766
45	10.40887266896943
46	9.017851224910084
47	10.386892718426939
48	11.768493052134973
49	10.191510169295487
50	11.568847825922804
51	17.015556400617392
52	10.524126732857713
53	12.690778832498694
54	16.186303181261824
55	13.932438837765405
56	14.5616877828663
57	17.391745364506104
58	12.211560017827805
59	16.84661081277498
60	19.45176430441802
61	13.84803272732871
62	21.27473662813501
63	14.944451574001903
64	20.009095885415785
65	18.828722738316916
66	18.657375096410316
67	5.575437022881077
68	36.81228819731747
69	14.95981979039558
70	14.92968798637085
71	14.940148040243667
72	19.0525454167727
73	15.96464023048835
74	14.897972191675148
75	16.16514218413204
76	18.61575206699432
77	16.46335244122404
78	16.126842650710408
79	17.64630769698016
80	22.42434712409279
81	13.575604625653177
82	18.304379359993327
83	20.009484966196265
84	16.125133741877125
85	18.853188478848455
86	20.648431092368348
87	18.547995705627383
88	18.104070607396316
89	17.10002665753966
90	14.820507839213667
91	24.064691993625605
92	14.960970439161452
93	16.443702609604525
94	18.65900068254901
95	18.995701885127062
96	22.203804588089227
97	17.47783256970157
98	17.392249652580194
99	20.66413857454125
100	18.936281416454882
101	16.80613680427274
102	21.102241722452796
103	16.210779070402427
104	23.55358767900414
105	21.587556612010708
106	17.76635521060796
107	24.14392898027631
108	24.21193989559726
109	18.415585730574318
110	20.783889148957183
111	8.611647460685763
112	12.50205905191206
113	24.242516245222124
114	22.782656005133134
115	22.953041464897233
116	27.710236706946745
117	28.304199095006553
118	29.23686679725068
119	3.7166469631387775
120	37.74469686415764
121	20.9344848934843
122	20.351253823739572
123	22.962102904198478
124	14.389920171211442
125	21.05254278666623
126	16.73672480684811
127	23.44359625198982
128	21.069437280819816
129	23.40304770411447
130	26.945735608254456
131	16.632311246784084
132	24.279958491182295
133	21.40006059623492
134	22.41210142897971
135	22.99610514100022
136	24.999645120671417
137	25.225444474317367
138	19.199422020117026
139	28.870624518494644
140	21.10613760842868
141	26.676457637602574
142	27.600406281170823
143	20.27076758078507
144	27.765980257561413
145	27.522899974444904
146	25.648876917445982
147	20.597521681267914
148	28.124119899406914
149	26.74811095967708
