0	28.549234566275466
1	32.93744623187552
2	24.514117453298187
3	23.194960570929727
4	32.605682232145206
5	22.648643993747175
6	28.040522581965423
7	29.957685946906555
8	16.493475280257034
9	25.083602975722854
10	20.098882726626343
11	14.380447792483508
12	19.730793644381876
13	18.377276289687074
14	12.180363319855049
15	17.400054032248132
16	14.662907205079451
17	20.164989096818555
18	16.514986485381197
19	14.39346742746068
20	10.733849280040019
21	17.96046983916307
22	16.5070420424117
23	13.61190282842423
24	18.218717864688276
25	19.22377954290244
26	16.13331787362734
27	18.696659906145786
28	17.675575432823965
29	14.333838370164486
30	20.106695090796485
31	18.746772384577202
32	16.499565009451484
33	17.784673127767945
34	14.62890695049781
35	13.25028885119858
36	15.842291962940624
37	13.17889345511847
38	9.238311429304138
39	11.430192850628705
40	11.06815420402228
41	9.331698817142337
42	9.06215020012032
43	10.638171618093997
44	8.080279997856424
45	12.5057277193597
46	7.996319568851265
47	10.359919998551108
48	11.771823800253989
49	9.1173123617932
50	11.189429972120859
51	12.928450115758222
52	10.06884112838285
53	12.988114313795313
54	13.113126630905532
55	12.006957133025352
56	13.273755793291658
57	10.698758181424164
58	8.608345014982758
59	12.684183359849138
60	13.752295736954421
61	8.607463168942191
62	12.933901855146651
63	9.578632194488407
64	10.544594884337231
65	16.621114941119423
66	10.82555251715723
67	14.230117429810294
68	11.441164056455202
69	9.96726500034444
70	12.5381179187707
71	16.39283028554042
72	8.993925569266105
73	10.970045337925
74	9.945530340585595
75	17.661761155427655
76	12.28880682235837
77	15.823669895354953
78	11.711098733869092
79	16.071218927592117
80	16.531377437893184
81	13.483994529109117
82	14.606999976449947
83	14.420475479161489
84	11.520652823114094
85	17.41210080542176
86	18.439279047949984
87	12.740886600408182
88	16.604667625538433
89	14.785594346000345
90	12.77763185959075
91	10.061837719444878
92	13.491041983925832
93	12.413079383697461
94	12.10519543069715
95	13.105251400561716
96	11.983862545398553
97	14.702876066277701
98	18.45545338781474
99	12.959315658759852
100	19.739764891657032
101	16.234268941338307
102	14.599117282470038
103	20.909546039672463
104	11.447147822733946
105	18.251306534191254
106	16.946262975113438
107	18.255737540798286
108	12.437911467890236
109	17.031962724839133
110	15.601917388855927
111	15.273231925596995
112	22.666715539875153
113	12.00498066256005
114	5.153238193762878
115	13.006525072364967
116	11.202500791391953
117	15.80805990104993
118	11.760777145108486
119	17.41035411554319
120	14.38485332670721
121	7.346457980306752
122	12.683454407908707
123	16.693973552368043
124	13.761789679122634
125	11.312620616482727
126	17.337021817782723
127	16.51530509117745
128	21.74111577488318
129	14.751861987854026
130	15.398620968862511
131	18.187491706116916
132	16.153512118331218
133	15.64309063875594
134	22.670039627135512
135	14.195819178918843
136	17.38463241958147
137	1.0027113696472332
138	33.75788557228406
139	12.74900386420756
140	6.415509678790477
141	15.375949824246936
142	16.13067275241865
143	11.225938534362859
144	13.017088910189326
145	14.464775601646434
146	14.994098167514498
147	15.949813258245488
148	6.2457622949498734
149	23.266363698140502
