0	10.872332631868296
1	9.58384201495768
2	10.203954033912712
3	8.943320037361584
4	7.246764019809712
5	9.46943064287502
6	9.568083742564076
7	8.722309292326472
8	6.475302443132485
9	7.555651077404987
10	9.528037080909366
11	8.472476207018627
12	10.085243077969677
13	10.346522638717724
14	9.947847513892897
15	8.644900325964425
16	9.700797526619615
17	9.138245418620519
18	8.693835745792908
19	11.011707643182998
20	8.499071317203232
21	9.083438878788359
22	10.853545581448307
23	8.131578556053453
24	9.00568416675248
25	9.163361812977206
26	9.169532516191149
27	12.791909517190254
28	9.080801846794147
29	10.093683345968657
30	11.274911335952686
31	10.605650847267396
32	11.431256770752444
33	8.032155775450324
34	11.264476908672304
35	9.224344073803655
36	10.679412300524216
37	10.102630196679357
38	11.972324217918487
39	9.729123487973501
40	11.151845240488402
41	11.461726757443511
42	8.337228571446062
43	9.667579396836366
44	10.062203668530108
45	11.76675461475989
46	10.948709258353128
47	11.825278494599294
48	11.983680008010827
49	10.651706362134837
50	11.028170140115751
51	11.274489317880398
52	12.299081335286397
53	12.350607995518887
54	12.184964886430473
55	11.904781946657028
56	12.042883757898913
57	11.903103331554808
58	10.376995250886857
59	12.094836839137342
60	14.025658084718417
61	10.397564816294206
62	12.566562096439139
63	12.41181618785804
64	11.76797156606172
65	12.263937403892673
66	10.112587795192162
67	13.389730712848133
68	11.293932379085543
69	15.539148896272097
70	14.113285164912163
71	14.71901636534564
72	14.72994722877847
73	14.706437022782817
74	15.26529659729941
75	12.646341684030773
76	18.36623727288817
77	12.774853092215015
78	14.690692065396975
79	16.038504276034644
80	17.402372655884207
81	16.361383522693146
82	14.365888152246434
83	15.982971984840015
84	15.634509309857112
85	18.128264580222485
86	13.469197597463484
87	18.72073071591786
88	12.796850905715475
89	17.345446505993824
90	19.935273588988213
91	17.774477680284782
92	16.177945887311715
93	13.347529638455718
94	16.425344680791827
95	13.046707909832675
96	11.064639766522177
97	14.243554007991994
98	12.440211573655473
99	14.253572004456503
100	17.838178884275326
101	14.487291971014917
102	14.21416724228288
103	15.88252018466632
104	17.81277084701774
105	10.619402627140811
106	13.759047535566662
107	12.34258268685223
108	13.071384127291097
109	10.029297250371929
110	13.694329645206823
111	2.773310630041901
112	10.888923930713146
113	12.686283046196596
114	8.499382930013187
115	10.900147040663493
116	11.564158207982503
117	8.41925826790483
118	9.089568225389396
119	10.310169735979335
120	9.982446723448803
121	8.996490039610862
122	6.743398455455288
123	9.615348914035229
124	7.438445344668775
125	10.196246332308228
126	8.978086388268531
127	9.39442704270056
128	8.469294696366532
129	11.625850470071788
130	9.025128291335017
131	10.597457475888838
132	12.490879832176907
133	9.630020784887499
134	11.608195837269244
135	9.136196373222935
136	11.376849671128776
137	9.19490393043979
138	9.085699641873973
139	8.233320417250871
140	5.3404459798985435
141	7.147727166120261
142	8.92124072813982
143	11.010677009239199
144	13.099223151223566
145	9.97790377944339
146	11.543002288185914
147	7.020031701109779
148	11.151703301001207
149	10.704036110559775
