0	7.828298174200699
1	6.422528980044854
2	7.483183184965313
3	8.06145712056141
4	9.291673327099993
5	8.947645053158496
6	6.416035259005662
7	7.7629471205311145
8	3.8480362370126153
9	7.547846438925794
10	7.60567023516187
11	8.308594451779603
12	3.779359331167501
13	2.6842227140042993
14	4.793804977447267
15	7.774164975888544
16	3.451134660107348
17	7.341850573294722
18	8.294388953089616
19	8.164955682875783
20	5.466115370759036
21	9.790118105403948
22	7.4831146131783655
23	8.727269847882935
24	7.7809984005869435
25	9.024520608940657
26	7.24504108814992
27	9.644852330141667
28	5.167941326303575
29	7.0188984505603855
30	8.524054076266948
31	8.657875758545298
32	6.669791690886709
33	7.6263476133592745
34	9.472766130838384
35	6.1597438893668714
36	7.19393442310016
37	2.675099145526193
38	2.6875867249871295
39	4.014062878004968
40	4.52171610362146
41	4.108203299442823
42	7.222714968399584
43	6.521256319824628
44	3.6452965482755513
45	9.191894746508844
46	6.710460515263349
47	8.182944170364651
48	7.578883322483981
49	7.757988525037239
50	8.85855248465203
51	9.110565209526452
52	9.479971125935286
53	9.035657681667269
54	4.787250565467849
55	3.931039041075442
56	7.551588352489004
57	9.831367397564458
58	7.759899890667359
59	3.9389007143488426
60	8.231654872797293
61	8.754837800210481
62	10.491838601542858
63	9.759183525468574
64	9.304779096379955
65	11.416887121320032
66	9.57988891841741
67	13.384098285897192
68	4.125405094186563
69	5.44775038113476
70	8.363764684299005
71	9.809780701453732
72	11.604422018725037
73	13.745938388352686
74	12.857141211558666
75	14.794989287997565
76	15.829049879016422
77	11.097747865200946
78	14.249012033543103
79	7.677378937144622
80	11.404436395335358
81	12.60108362215258
82	12.480896848845406
83	14.685250529505375
84	13.612021069650025
85	17.029065653024453
86	15.834051169163534
87	9.222197127734352
88	9.595486531065921
89	11.556763986579586
90	14.128413146262549
91	16.106658285880457
92	19.042174055426266
93	23.009621962387566
94	20.838253088578256
95	24.825089873032955
96	19.839505905286654
97	22.184930517657698
98	21.92156161576635
99	16.367636648657673
100	17.283390828341407
101	21.396211059543297
102	23.72768402261478
103	22.481268609966637
104	16.509130662788234
105	23.611614511480305
106	24.611978425716593
107	29.3759896015575
108	30.763569341414104
109	30.801451660532223
110	24.5586200966645
111	26.704411943592863
112	6.566376565636574
113	13.882956082932964
114	13.893407107572653
115	13.00937884963982
116	26.620490141634544
117	19.474179208566166
118	4.029386893473453
119	3.552332185522113
120	4.393037554541512
121	4.859190753743502
122	7.9165512450460405
123	10.093400935150896
124	12.569469096986195
125	14.502169723838861
126	23.91895154144395
127	32.65183488195187
128	4.702929187244641
129	4.829500556072216
130	4.1339485348722835
131	10.08170484157738
132	11.397793004477904
133	14.034739204242257
134	12.427940832167788
135	34.18964725925361
136	12.424157601112212
137	4.072927244044229
138	6.091000247547298
139	3.348496727093801
140	18.28299123129378
141	5.264460295138667
142	4.711559221700406
143	9.014329854730079
144	4.025685620641143
145	8.615308541565119
146	18.795642067023447
147	14.97421955687152
148	10.573282272067903
149	2.109360966210238
