0	1.287861317259003
1	2.5436082550497554
2	3.3508434663228055
3	3.367298380238749
4	3.386404231606793
5	3.929199599841625
6	4.510727873827271
7	4.500661480859326
8	5.00515129088248
9	5.195222476842435
10	6.101654354539145
11	6.724344872852266
12	6.874815885578198
13	6.739290111678737
14	9.233201892270605
15	9.929063156198769
16	9.493118087821733
17	10.274493745492183
18	12.561522496761084
19	11.030243910687792
20	14.103202500779895
21	13.157539448165574
22	15.736202944868504
23	17.959905728653638
24	16.522799174827394
25	20.831462905369797
26	14.43780570201433
27	22.764640121874837
28	11.708172828021628
29	16.99512261329671
30	16.32271186994679
31	14.646895046587245
32	16.945542328383542
33	17.359653857541424
34	13.665569788767028
35	15.879497637007079
36	16.5621537116281
37	19.214192257047927
38	18.10750984659018
39	17.74306354443799
40	18.557607284953498
41	16.75245524150804
42	18.65348998272987
43	13.702268283515831
44	19.180133611759818
45	17.251995854118352
46	18.42639170158343
47	16.689922218571702
48	19.845268386018883
49	20.39695319113336
50	19.205432586388543
51	18.155944786911817
52	19.812251902253994
53	8.518793883871341
54	24.18893259554547
55	13.28744067630771
56	15.112249740911516
57	16.49957023995799
58	15.65872411749145
59	13.421142226164356
60	14.855787013729248
61	14.914103413899397
62	18.792080657681826
63	15.102048915622468
64	17.518702461917915
65	16.46205762641336
66	17.176848519910315
67	16.65711114526556
68	14.552044872035639
69	16.835811215617426
70	14.995107965676908
71	15.747954072695087
72	11.956278758626308
73	11.970502554253462
74	10.10851607112541
75	13.179604115293895
76	6.6240206432316056
77	10.636697183907476
78	8.368815083015399
79	9.035773186471722
80	10.651642147203955
81	9.383598812526714
82	11.06883001998457
83	10.14923454654079
84	9.155907210080493
85	5.748158849018207
86	9.778986075816553
87	8.743361525140637
88	6.458910086421191
89	10.57372672628039
90	10.740800072760127
91	8.280725020090706
92	12.69903136490036
93	11.637966244232672
94	9.778258313992676
95	11.831313885887889
96	11.281316876471683
97	10.663348112538394
98	11.704808358303024
99	13.182602391889437
100	8.526498521910971
101	12.267495027203607
102	11.530378838519601
103	11.491131626420119
104	11.115263360096058
105	11.190162049981659
106	9.544755006880001
107	11.353079295263434
108	13.001526196083518
109	6.927588107347569
110	9.201918214327256
111	7.90861268484435
112	8.46358665291316
113	6.956408536326433
114	9.40386775066935
115	6.125125614895983
116	5.232022835203573
117	9.234691977934132
118	9.703437749791734
119	8.651542510700128
120	9.61767843690614
121	11.536642083656655
122	12.029553029149335
123	10.842913933597279
124	9.461139096070529
125	6.7111635916151835
126	10.881005788061275
127	6.321103640003231
128	8.11687501428883
129	8.674880560327487
130	9.526366857740964
131	8.536823039010326
132	9.580146432977946
133	7.6184809661837
134	7.813853940748127
135	10.201405056140045
136	8.975390371836097
137	9.964035198868073
138	9.246714578353563
139	10.363530110818822
140	7.99853970267294
141	9.76757321628127
142	9.589427551530893
143	6.755614020027466
144	8.8170826755177
145	7.336966006658022
146	6.836184080773329
147	7.210538131793103
148	5.870910445975732
149	7.714000321388027
