0	22.245633458744997
1	16.50150582056366
2	22.456813144324162
3	15.823258246911005
4	19.470980052916353
5	21.29004391438191
6	19.078643410232726
7	18.514856097364788
8	21.697326165580375
9	18.324618827844663
10	22.231915728626277
11	21.850189350929533
12	15.7248203212821
13	23.197771090522615
14	17.06252774335404
15	18.39545269440034
16	21.53649453267078
17	17.87099224436889
18	19.47703868733427
19	22.030308836295887
20	20.732126490698654
21	21.42014309744076
22	13.776999207445439
23	19.127578032304985
24	16.550844487342463
25	20.892298285955423
26	18.78970681810218
27	21.116583842818653
28	18.671216475713262
29	19.010794968588318
30	21.76998863841435
31	6.248279500808009
32	21.86213981477485
33	11.847395293403617
34	9.367985795009373
35	11.185597206607516
36	11.930731668584585
37	16.39212614848301
38	13.072172539102136
39	10.105864056497097
40	13.646197496888039
41	13.705521265704649
42	11.417283851817736
43	12.613546493662092
44	15.98852548884658
45	11.418779108504298
46	15.810380366733812
47	14.684517612276544
48	17.234617240461056
49	5.363604322474946
50	14.730754731960062
51	16.217162034731093
52	9.134569574235393
53	10.733139642495955
54	9.30345702587323
55	10.901649914453442
56	9.883767134531201
57	11.354650776524174
58	8.333695191317535
59	11.303588196256278
60	8.962293177112931
61	6.2202076668026525
62	7.590167791422379
63	8.049727233640768
64	7.82412175953409
65	6.899587500493138
66	7.478447987827348
67	8.847976918209023
68	7.362866438920384
69	7.818028455276894
70	7.821215535315398
71	8.733902451676679
72	7.245444774070595
73	7.935111468495955
74	6.2200981952531675
75	6.902975148803803
76	6.547721711350515
77	7.701734954458217
78	7.824547093129131
79	5.763554366152815
80	6.736925065259131
81	8.218192583503912
82	6.809919667908729
83	5.931110659763368
84	7.973852509839395
85	6.107646333478025
86	8.067396090501967
87	6.705638772278126
88	7.431228969297416
89	7.898111254985327
90	7.990785269077359
91	6.277764054720261
92	9.019162142273917
93	9.190087339071711
94	9.314004865917472
95	7.3564459136692415
96	9.881021353667311
97	5.399274049445137
98	10.14869245865344
99	6.333538664740187
100	9.758963053406404
101	6.544536223182338
102	9.445533960146973
103	9.880656010251428
104	5.404058802574691
105	8.070851761340906
106	10.306036099527256
107	7.139330138070499
108	8.155969026003815
109	8.619271969666727
110	8.846435640115105
111	9.221136631783791
112	8.022402368343258
113	7.247982463197602
114	1.1955081727008805
115	19.129027888261913
116	19.856456279084025
117	7.997101028364997
118	2.679702322994631
119	2.051400323759026
120	3.5923782994104716
121	3.1362938051118183
122	4.495803780149085
123	4.164651125590335
124	5.3707393408016255
125	8.08224456899977
126	5.901022740558071
127	3.3648957324515103
128	3.8213045312337535
129	5.406803949802317
130	5.078727688944002
131	5.149486214750714
132	5.472955026408611
133	7.913507537843286
134	6.127108169462163
135	5.747022401105527
136	7.041665737755705
137	7.45165224254235
138	8.25260640651681
139	6.493053607943078
140	7.239465715111628
141	6.6357470273627195
142	6.717362695901972
143	7.556720139691472
144	7.3052248707996155
145	5.074216649082408
146	5.758081671739239
147	5.315875581144116
148	7.476492882235617
149	7.341732544475818
