0	11.456593327083684
1	12.342772133596407
2	13.48227384351765
3	13.213122392263081
4	12.752790336698114
5	13.874522643740347
6	13.055616619248166
7	14.198635577365323
8	12.231227465922151
9	16.096909832709784
10	14.432361760977725
11	11.65191368654744
12	15.114346533238017
13	16.107700718510607
14	10.649475773254878
15	15.992110069772838
16	15.535802888416683
17	13.44601119973687
18	18.428508561525828
19	11.613300370034942
20	14.547953410549693
21	15.07508382799949
22	11.760574104339188
23	15.307564742362494
24	5.294469715519509
25	12.839267804406603
26	9.215398721242838
27	9.858262228265088
28	11.477361924713671
29	8.515772137229082
30	12.20333093343583
31	11.261667178486679
32	8.477682766895512
33	11.622432960351352
34	11.690196868349627
35	10.649780103863877
36	10.781927016414164
37	14.90019962179835
38	8.936134594758153
39	12.450929515148118
40	13.480979531720234
41	12.071608293372103
42	11.915715054862394
43	11.247651659742885
44	14.581239443564549
45	10.169126577846294
46	12.874210634245946
47	12.339348788959686
48	7.790272969097365
49	7.839738596989073
50	9.529322748574087
51	9.445042803438804
52	11.120453572947582
53	9.102513615255374
54	9.838650793198951
55	7.5422369019801305
56	9.393122559859513
57	10.608795336173243
58	10.30995592958029
59	8.988410883695588
60	9.483315858466765
61	11.005213055219984
62	10.23035754642355
63	10.8567871911824
64	10.598048589601634
65	11.661924218896884
66	12.971054992516398
67	9.951779213041382
68	11.615072802579395
69	10.382590682048958
70	10.714468046046312
71	12.68073950366015
72	11.843456124108325
73	11.645394919009043
74	11.272175525660275
75	9.521378982509491
76	11.154378243380943
77	12.15168354679316
78	11.500990591261901
79	10.777667290306649
80	6.95344441924397
81	12.716055599267184
82	6.914532410808444
83	7.597100206514162
84	10.666210262581838
85	11.129497405965614
86	9.687358533233695
87	7.579696478659387
88	11.23892809558988
89	8.790093253900356
90	10.973621224301906
91	11.653469604883123
92	8.53149835589092
93	8.49534582835779
94	11.963605733612246
95	8.513932692776102
96	10.749280342804747
97	9.636205517878388
98	10.61495745859561
99	9.173629818305955
100	11.55332637066011
101	10.457509607390378
102	9.12075088295676
103	10.381899621398537
104	13.677577093905189
105	7.447320904549524
106	12.779628626655471
107	11.361179968751596
108	10.938346557150968
109	12.03435028773397
110	9.24098035802934
111	11.09111649035821
112	8.60754116550396
113	13.740036493539828
114	10.970084672311083
115	6.5879173372349555
116	5.817115124146153
117	6.3999097783168795
118	5.617179868321934
119	9.483942357887557
120	9.606098439639682
121	8.973628854607684
122	9.937817664282871
123	5.891945264278782
124	9.444629651846286
125	5.5632161574698
126	10.2333705549139
127	7.522610680632973
128	8.83615990756461
129	10.1303889671931
130	8.05767005230263
131	9.458784941996113
132	6.780834051433248
133	8.324771381824497
134	7.395055263190372
135	10.731957634167014
136	8.205917595457624
137	7.179662295884068
138	9.42118062356058
139	9.431022048059775
140	8.722626557933403
141	11.843116686151445
142	8.244028633254635
143	9.54542743774382
144	7.637261360929727
145	10.815936396990134
146	10.548883448408736
147	8.378544811586972
148	10.845311997883547
149	7.922506611322183
