0	5.843195131908223
1	11.111968031935712
2	12.638490363751771
3	11.630289156263292
4	9.558102309072066
5	10.72323654270914
6	10.946011682554508
7	12.432560073602087
8	13.249131706473582
9	11.74653887436944
10	11.308542068334502
11	12.783133650524839
12	12.359104670957077
13	11.76226500251452
14	13.883003965994266
15	11.838482106872096
16	13.250018925162498
17	11.882668341004772
18	12.77112305949467
19	12.859210877250721
20	12.337622037868949
21	13.92755382278007
22	12.137480451783961
23	14.808936328735708
24	14.236701699330146
25	14.904237261444306
26	14.466939318479408
27	10.444578337668684
28	13.346178260035918
29	14.998678506033896
30	14.044620975705145
31	18.51023133688117
32	14.795315909464975
33	10.358951666829029
34	12.756733039390157
35	13.52947948897945
36	13.69185240954704
37	11.7294084853912
38	14.942165187318007
39	10.28398386017765
40	12.549184964077392
41	12.782040352512363
42	10.130540811471867
43	12.113814957382655
44	16.408755042811578
45	9.878440529391918
46	12.426780231128333
47	16.240848063598026
48	15.92144088655708
49	13.624973356037607
50	17.878442561951626
51	19.03887637691484
52	12.30640950627851
53	16.575016502252417
54	10.01780038001173
55	17.878270083294883
56	17.24969023566043
57	15.749387858818588
58	13.447282637762397
59	17.519510246692867
60	6.643185347704174
61	7.911634084501294
62	14.32511363300274
63	14.764172976590856
64	6.802933969271811
65	14.853240861968997
66	14.841375674014103
67	12.20851399070456
68	11.186661978837561
69	9.68803254190583
70	15.52681046362387
71	11.424995680519178
72	14.231249855781382
73	15.356285526420269
74	15.124496221247549
75	13.925954401404265
76	16.823469333719917
77	17.859348548942503
78	12.597075991122985
79	16.229249162998606
80	20.80798300467528
81	17.83707960867288
82	16.76847971557225
83	20.49871952408172
84	17.751558943445854
85	27.34744804019008
86	15.91790197393155
87	8.063133833993597
88	10.017329685239027
89	19.91810227646387
90	2.5964686997578132
91	23.57083914016667
92	17.40974943106071
93	14.672937128438605
94	13.889547847260687
95	15.165124252933717
96	19.026517921126803
97	14.281113173264552
98	19.21775360976396
99	18.589745812554874
100	20.75269592086895
101	15.97782086969232
102	13.881144763363864
103	11.364985804559847
104	8.083781419766703
105	12.99367620021636
106	19.78832748937675
107	20.103696247091154
108	19.47235036037559
109	21.325815222172952
110	14.58379451581378
111	18.276378660886756
112	11.501987844273252
113	3.8002292876350108
114	17.212873412335046
115	18.849909125061423
116	20.01995724611153
117	14.242783821379373
118	21.31253166807745
119	16.51171008390327
120	18.52736406225426
121	23.13632860780442
122	12.54047086559557
123	18.773941059093136
124	20.538897554506043
125	22.10882377735722
126	15.928015604064525
127	19.74353336616578
128	17.387329916086095
129	21.6075368316432
130	18.50038188671613
131	19.75408648972719
132	17.61384574643617
133	20.396904136814953
134	19.083780394411686
135	17.74265609571709
136	22.051834634088667
137	18.28395023209998
138	19.690278299094548
139	15.965356705495878
140	21.286689562759538
141	24.00699229844212
142	16.323334307260755
143	16.015955230866957
144	14.85860466539989
145	18.580397300367753
146	12.141877626062792
147	12.472249858376005
148	16.772578537471883
149	16.271011723415867
