0	11.664930442646487
1	14.006820023087283
2	17.880807268017428
3	15.810314623622688
4	18.370326107254982
5	17.11457133226065
6	19.51064342820184
7	17.024359095338617
8	14.030922550631342
9	5.263995567687335
10	3.7309561248114598
11	5.780054580367501
12	8.352396952566766
13	4.232425348766678
14	12.447156653669703
15	13.243764568342561
16	12.224895971369744
17	8.858126510190361
18	12.218633203356319
19	11.692495116064851
20	8.384098681406638
21	8.349850515691097
22	13.44362354102656
23	18.665409102269425
24	6.8314952621911536
25	10.671736636893105
26	8.583587662340555
27	6.829380253627383
28	9.3810869020236
29	12.988976417991283
30	6.272749336644883
31	10.444928769123536
32	11.919260747102266
33	11.18955292355081
34	8.61126021091809
35	7.840152737067622
36	7.839864294367061
37	6.7943870165086135
38	6.049486400624374
39	5.009243093057108
40	21.16004353813657
41	17.6669823958593
42	16.84227133036452
43	13.264355833458046
44	15.547388639031615
45	4.760885090310112
46	4.222272918809707
47	5.281194574714296
48	9.611750172728339
49	8.094974966808708
50	12.513079096912568
51	5.247521095613207
52	9.378114130362649
53	11.964099610160385
54	11.44543233800171
55	11.444999578757402
56	13.751446844892978
57	13.50887416317991
58	12.250480312498274
59	12.429261899048743
60	10.18861047610231
61	8.845084083732727
62	5.79316494199169
63	43.935300355176686
64	21.49004977705208
65	7.067847694069339
66	8.608867338910805
67	8.865857180307552
68	7.325885301280421
69	8.122385942970057
70	6.531028782637966
71	10.413719995821634
72	12.47303529267875
73	12.501882718449894
74	12.434789174942916
75	8.873189505305259
76	10.44099195722691
77	11.410284128878628
78	13.755382200383515
79	16.802503225024793
80	18.68709502885428
81	7.847803005322513
82	7.816868770878978
83	7.858004187323518
84	9.898798642565966
85	7.859598635322388
86	15.765842405019297
87	18.659274716882646
88	18.35952552442239
89	11.452575852507225
90	5.784537693033764
91	9.878915397373069
92	8.366859330515899
93	8.86404652027195
94	5.781805509195458
95	6.809300500962048
96	8.868080359232179
97	8.358964260097151
98	8.888804193380789
99	8.867421378062962
100	8.345070353752408
101	7.310519726651306
102	8.353709635919925
103	6.287284154636509
104	7.61274070828231
105	10.894166297150832
106	11.187546549161995
107	6.310252172589077
108	8.331226894986207
109	10.956531731038387
110	9.127497477544832
111	8.07606996249819
112	10.427042444141438
113	8.334529815159314
114	10.935556247394956
115	1.6646768103623342
116	3.1968815572227185
117	2.6902378071916204
118	6.811834328806364
119	13.249190571573072
120	38.88534559102028
121	41.93099046649829
122	1.405825362993904
123	25.298364402874228
124	38.423846083987215
125	15.615204769853365
126	8.610303127619348
127	3.454385058165942
128	1.6635075554639327
129	15.27238095200221
130	10.961193228181708
131	12.721260335321972
132	5.267286202242811
133	11.924662870199803
134	3.729526464138349
135	8.329691990310398
136	8.894602940781974
137	6.808929556877076
138	11.18775816600932
139	8.325013851703176
140	4.765734410602045
141	6.531087471510969
142	9.8981496101871
143	15.05857758431251
144	9.892315165507902
145	6.808559117484804
146	5.263903096920355
147	16.07452070788484
148	11.441864116570262
149	17.154249918417282
