0	11.051359515483865
1	13.654677991825402
2	8.836382917799655
3	10.262065538985972
4	7.8830242516048505
5	11.139932971977169
6	10.793266789480253
7	11.737127130410414
8	12.121679612724368
9	11.444332068521469
10	10.575947540076557
11	9.827263103737884
12	9.016372136612643
13	8.458914005331073
14	11.284713981526913
15	11.927292123970656
16	11.826293661993562
17	11.030796888117253
18	10.626681522076327
19	11.746181172857682
20	12.435795926081274
21	10.260707937034326
22	10.818576754060675
23	13.193257523573338
24	11.274413914298096
25	13.203746253396895
26	12.583768970383256
27	14.274682206120081
28	9.984312724865706
29	11.583343061337088
30	11.481766957831487
31	11.587752847202038
32	12.724878137365085
33	9.466073772089072
34	14.469507674146065
35	10.660668811975475
36	12.626847265016965
37	11.203790328467765
38	11.368434567521167
39	11.993101590983194
40	12.006933825257887
41	12.528651261183144
42	11.454562510799054
43	12.317192853149654
44	10.567726308151354
45	14.153235255727113
46	11.333461284009273
47	12.727676891952026
48	10.013969618023605
49	11.943793736869566
50	12.527694440294011
51	13.543937597770816
52	4.63551685864672
53	10.685486265544762
54	13.273680257515473
55	11.24710664811926
56	12.666303562962852
57	11.218312045126993
58	14.811390808708282
59	12.24459475982494
60	13.20109135473579
61	11.077572568753405
62	14.313749593414173
63	11.884050577654818
64	13.806624232890307
65	12.20152015487558
66	13.504648198834577
67	14.546872939393172
68	12.140138979658701
69	13.174472252348021
70	15.563498584805103
71	11.333137492686474
72	14.150447815597964
73	8.543815260120649
74	13.378369916673021
75	9.344579558679708
76	13.96377508078244
77	12.960625711172751
78	11.135912740641714
79	12.255944098040702
80	13.541123362321658
81	12.54824185514729
82	12.016438272995703
83	15.038471586869063
84	13.735611947938636
85	14.233315055052767
86	12.21361923027259
87	14.849977202790551
88	9.98827660333033
89	14.085265278586006
90	12.091187786068593
91	12.87651088286753
92	14.118993302881638
93	11.387608357918392
94	14.951205546766529
95	11.984382090725502
96	12.853032385231936
97	14.044426704833853
98	11.344814077622997
99	15.478780994578505
100	9.087023573359478
101	13.01424843710387
102	12.775075777565748
103	15.160495149079917
104	16.394173493911584
105	9.195542296145259
106	16.2851201094245
107	10.818679154739957
108	17.270599214114807
109	11.530261340275796
110	16.5323974164612
111	12.677713402440512
112	18.255652465235897
113	11.7052499282341
114	15.780454930808226
115	5.5913164839596305
116	13.224367181161616
117	14.22689074133046
118	9.255991595808236
119	14.050227515711013
120	12.883531419018766
121	10.52638721914227
122	13.729814730722575
123	12.006016584455235
124	12.249035871697522
125	14.400155783026156
126	13.819750510980565
127	14.441401309595722
128	12.457839000934165
129	12.722932370352892
130	13.066501306897036
131	15.577933637736445
132	13.09218652036922
133	15.895337317409208
134	12.590141079281489
135	16.60979785069653
136	13.436499879638877
137	17.335489268289564
138	15.479045963315091
139	16.454979592132094
140	14.202367888678703
141	15.049909975188534
142	14.740300878344016
143	16.114301441599203
144	14.479252377354692
145	16.868640126343585
146	15.720187352907361
147	12.57704129594329
148	16.71393662608095
149	17.191283679287917
