0	2.6590141202108137
1	7.327341799868589
2	12.875857753847605
3	9.332379922882255
4	14.73013085473268
5	14.818527851248884
6	14.915522063493063
7	17.998741294720784
8	13.201096637452801
9	20.341479994592245
10	19.84183069682658
11	12.483891969788381
12	15.388240526274545
13	14.59552414710168
14	17.875707521806692
15	15.54191525921128
16	19.11537603929
17	17.462799901202878
18	16.77462420831356
19	21.12793900897612
20	13.279525067023783
21	10.729471336717685
22	20.571164678808046
23	13.457156201015152
24	11.378844487776307
25	9.83734015584438
26	10.882163793310989
27	14.904100725108254
28	12.551245056268403
29	13.875863505440835
30	14.46004669651616
31	14.757074433412244
32	16.895017768910854
33	16.9626050594633
34	17.919876987689502
35	10.992637746059005
36	16.404172633363114
37	15.961873394650835
38	15.37071101363858
39	18.397727095897977
40	17.39211911550947
41	14.583340430473966
42	9.043118894011902
43	11.279895631455219
44	12.7325108521814
45	12.86613773276467
46	12.626093295159569
47	13.594524568119947
48	13.273896581070437
49	11.04463648842227
50	14.550414271686943
51	13.640318334932747
52	14.548457636834545
53	11.864540646755732
54	15.36937914909241
55	12.000795763154798
56	13.466710711143836
57	15.821991454265984
58	11.86352435194942
59	12.832298849382076
60	12.545256318984073
61	12.138661930101446
62	14.314607918667448
63	12.326215028501153
64	11.508080290448806
65	11.773138792980388
66	10.816774194023003
67	6.672890406132887
68	10.156051576105934
69	9.29394740877025
70	11.996111844970358
71	8.378893681026252
72	12.780323368953372
73	11.955833481902292
74	10.379149070638576
75	11.758705777829267
76	11.317072323115209
77	10.498160660597048
78	10.470050692851004
79	10.54419013288978
80	9.840034040552892
81	11.272828424612117
82	12.181527869071395
83	10.451839161413107
84	12.378700197317329
85	13.320823397035932
86	13.04751868688129
87	11.079520900414716
88	8.931216956298835
89	9.91878270789509
90	7.677799960424726
91	7.443395967735395
92	9.49799690542392
93	8.61241699132577
94	10.222948064003578
95	9.115913805694344
96	7.110998913853212
97	9.272914460491961
98	10.789086743181905
99	9.418864923274386
100	6.754237762639753
101	12.851057987142651
102	10.291932017470609
103	11.317394937223208
104	8.653777776909505
105	3.57727741353174
106	10.15309659567224
107	8.143043637418165
108	9.072590422409691
109	7.765944657435276
110	9.702982761624563
111	6.215092050926226
112	5.933539992535113
113	8.76773888509551
114	7.329509375088828
115	2.024801769413966
116	6.464703624064024
117	4.794885437623414
118	8.22130765270837
119	5.2619149949697555
120	6.719276796582002
121	4.8522383905559066
122	6.5068081998149525
123	6.929899571128742
124	6.901089601801074
125	4.5336471414340975
126	6.370499971440495
127	6.812962496407774
128	6.336055320781008
129	7.099134842454086
130	7.38550060371789
131	2.074426101715877
132	8.72498091250449
133	4.396938121390313
134	6.504666929208222
135	4.4792078900276735
136	4.6701182828896695
137	5.038690744991816
138	5.120915725364199
139	7.829688177078121
140	6.247212374988444
141	4.591719158737782
142	7.019306070932279
143	5.503020704741562
144	5.65845347365803
145	6.097018017997774
146	7.444769958349104
147	6.295464045059978
148	5.489511493816307
149	8.040236628666035
