0	6.825747974310312
1	10.22599964946945
2	10.565956965632875
3	7.183508926676919
4	10.087033361471466
5	10.792355659493914
6	9.320045694120157
7	10.019975650371617
8	6.47811125955003
9	10.126686285676548
10	8.620312243719377
11	12.947302310075887
12	12.940695091505141
13	9.096172344735233
14	10.452020832967925
15	10.680005636409799
16	13.21443194536726
17	7.935460704442187
18	13.172899762346756
19	13.078729727764472
20	8.982853832337096
21	11.113662492456196
22	12.641484239009042
23	10.785803279632525
24	12.014748150639129
25	8.865939533805381
26	16.535396825144726
27	15.021282823597254
28	8.299624705021422
29	15.78039439517757
30	13.173274134635847
31	15.666592093624502
32	13.173897519022741
33	12.719861915411197
34	11.358879076549115
35	14.11886595852248
36	14.299735524739088
37	11.562010463254346
38	16.11952901525359
39	12.307291643263817
40	13.807793019125288
41	16.737080194315194
42	18.445869157548255
43	14.761059969945197
44	13.643506681143332
45	17.233323473530813
46	14.773300552483658
47	15.425173492119537
48	13.05930342433344
49	14.875979409964373
50	18.72667283643225
51	18.095803615098912
52	19.51258134055068
53	17.838054172982645
54	16.97732055746598
55	2.517778677696654
56	13.96595013821965
57	9.546418417040279
58	9.999295803195366
59	10.680005636409799
60	10.226284835782423
61	8.29856092542189
62	11.700783900497846
63	12.26679686224714
64	12.0396304196621
65	8.525798887583207
66	12.722626064069559
67	14.46556916950555
68	8.179012448265922
69	12.123521843337251
70	14.194260701236036
71	9.76978158745315
72	13.630305467712603
73	15.099843836515927
74	9.8861272122863
75	13.854444706428229
76	11.358986234441726
77	14.874419823687028
78	15.476675053373697
79	10.654830200677921
80	12.153554711579893
81	9.886586259046425
82	11.472224193257532
83	16.160639731959087
84	13.9334087150281
85	14.07956344478281
86	3.764542186424126
87	11.732326277092064
88	6.469475041863008
89	9.092816027187386
90	9.570535018520719
91	7.147650053391085
92	5.351727418600539
93	11.5875281749971
94	8.771947215776404
95	9.411378684937834
96	9.433321797649455
97	10.565660883009961
98	8.86626608541857
99	11.35941250606648
100	9.654854196590922
101	6.488046586012631
102	9.093402938905932
103	12.492801853816463
104	8.653858056608058
105	11.339843203796072
106	10.226380611137298
107	11.958012607702077
108	10.086939945552054
109	13.852471644134265
110	11.587419510863416
111	8.638358663059714
112	15.210437606220882
113	13.856286046848822
114	5.91893931505782
115	14.308164862089761
116	12.946200459503327
117	12.9891961195054
118	7.595270171693524
119	9.886494582851135
120	10.452410810525244
121	10.823317856938587
122	15.961177650637719
123	16.574182655665354
124	16.347941733257397
125	9.658971171781403
126	16.91538396263151
127	17.026462012802607
128	18.657306878870703
129	16.12862882804315
130	14.985066368039785
131	16.303327439465377
132	17.028747220370484
133	16.730488993232647
134	15.851940865255095
135	19.182833616370303
136	14.344314093446489
137	15.73650073694899
138	19.68755049296152
139	19.25778920922887
140	12.484909769577666
141	11.843670162406937
142	17.589991063543025
143	14.83964606508015
144	15.213193487937644
145	15.0208530006037
146	17.208103795874273
147	10.23057178221308
148	16.347315842665456
149	17.93479180946816
