0	10.81665182879457
1	17.035244232391232
2	12.752177885710719
3	13.3161762550114
4	15.213651591256454
5	15.13670868221031
6	13.90048796461713
7	15.722427894938502
8	13.991704214122638
9	18.432748974868485
10	12.181663940671958
11	16.915663258948044
12	16.60546353804789
13	16.4817546291329
14	15.726680191816373
15	18.420458722602007
16	13.462997467202326
17	16.224048296762273
18	19.87220567256058
19	20.020586687265972
20	13.952484874917639
21	16.645662509039774
22	16.4307498042406
23	12.374844340049917
24	17.035078920335298
25	15.53193966265682
26	15.190451653413188
27	13.048285924413438
28	16.326292944079526
29	16.04046184301618
30	13.998138831394087
31	16.114330723638414
32	13.153521468337681
33	19.4933488294463
34	14.91638364155027
35	18.1682700833359
36	15.214385011686668
37	18.66095393066795
38	18.692759518191504
39	20.764500684068853
40	13.316557010561747
41	21.66837435270992
42	14.498993035320025
43	19.861119125990054
44	20.015747814859147
45	16.008181436757617
46	21.50996548034725
47	18.375879395222107
48	18.141105700403923
49	18.678663368392822
50	26.60980905765319
51	19.158105441747615
52	20.65466693656911
53	18.253462366172023
54	24.320537094319132
55	16.32682305258915
56	20.030270227812736
57	17.72918757210585
58	23.143952007299852
59	17.52401933797107
60	18.089908087543154
61	20.024140250845104
62	21.757214735499755
63	17.196104602807573
64	17.542077158501066
65	22.013685035854973
66	15.286395735580655
67	22.540500981977203
68	17.214649744074904
69	17.646847478986714
70	24.45413494770908
71	18.46959749357024
72	19.240792793336308
73	19.038853336119953
74	19.24655766479882
75	17.89008417116586
76	19.876443699146716
77	19.228762518361272
78	23.696171790402953
79	18.460238061954218
80	17.470877362374566
81	21.21422066766352
82	20.257938318121276
83	15.566729273956465
84	22.461731548543
85	11.627716859440781
86	22.188263912146127
87	17.58798652324139
88	15.015675595251583
89	14.970425966846761
90	9.901771745534031
91	16.726092967235616
92	13.391510771760322
93	5.035531651941244
94	8.899932027528008
95	2.856147614054507
96	11.332624839483984
97	4.70909206033214
98	7.88694850274124
99	7.253100544572313
100	5.748643268240615
101	6.6194112852127285
102	5.404883966635716
103	7.590084447156838
104	7.58717340118606
105	8.599482652560802
106	7.014334999846167
107	7.732173884563104
108	7.78840503610606
109	8.440841519855585
110	6.0642808902763345
111	8.20118780148635
112	7.592290420439086
113	6.998023373251851
114	7.885199598044826
115	6.237321023343756
116	3.049844144803412
117	7.665368930059212
118	9.475417577717081
119	5.27053388739803
120	8.344835720274299
121	7.4902982240392255
122	8.224741141849135
123	7.314042273247608
124	7.728322417150722
125	6.874840132540497
126	9.92020797124654
127	9.570638485542707
128	7.632522372580608
129	8.060057228049928
130	8.346922827650472
131	10.18373110641622
132	9.629661326666994
133	9.296883443716808
134	8.722022983755293
135	10.85256048733018
136	9.189467240412462
137	8.960075526513801
138	9.468053380321644
139	10.792598498165175
140	6.9930852335260365
141	9.154415695183182
142	9.352697526076835
143	10.46074973786799
144	11.252990994864254
145	9.114301208071302
146	10.579653652621179
147	9.446298802970002
148	11.134395471707904
149	11.077191438353898
