0	14.734454159103795
1	11.74329195619244
2	12.85954864812772
3	11.456872261591972
4	9.29558661585926
5	15.392824396774884
6	17.562510868948166
7	12.069050038941299
8	13.007907385096122
9	15.395747181501918
10	14.716329195099426
11	15.218247614729108
12	13.722325477366756
13	14.708952672853815
14	15.142098755192695
15	12.93708753660589
16	15.74734605240539
17	12.827141210452833
18	17.037636412467005
19	13.148809142429709
20	16.278052657123062
21	18.361482113753784
22	16.61583277759206
23	17.33187078101123
24	16.098532804825265
25	18.13814182771339
26	17.82185837985696
27	14.733756254139148
28	10.736721638565985
29	18.961177511278496
30	15.713024072830368
31	17.4166232668221
32	20.496594942996985
33	19.4199784201666
34	16.558326781014266
35	16.80245216078136
36	15.349230574628859
37	22.33838957617448
38	16.036041699730088
39	19.80543789664984
40	22.430160822680843
41	23.452301687265738
42	15.258820467607205
43	17.86085387143037
44	20.231098451031755
45	19.244926631787216
46	22.24123148671076
47	21.34287713354404
48	16.36833232606454
49	18.808478586054793
50	17.316143606214855
51	17.95565879129413
52	23.216123444281155
53	15.27868517579121
54	26.775527202757377
55	19.760821392113176
56	15.410228095702028
57	23.695554103877082
58	20.779299393367918
59	22.848642796343388
60	25.400344401507123
61	25.63806763703715
62	26.810251899566207
63	22.647766729852112
64	19.34828304415237
65	27.005745750611577
66	19.77017652184943
67	19.568813697106954
68	15.538424414190537
69	10.524785725049476
70	21.06999713726546
71	19.28970891009755
72	19.770558446502932
73	18.708816590598097
74	20.912130848619768
75	18.38436291572587
76	20.578883636024408
77	23.353424794459766
78	11.74307341297898
79	17.352777981163793
80	12.96682945382922
81	16.022572287078557
82	13.78304841022678
83	13.618635109602149
84	12.353352281274411
85	12.127648519039187
86	10.748217195319011
87	13.364603217425064
88	9.38165796283063
89	2.3030984949126623
90	14.894569537482173
91	8.041675186633299
92	11.22447228875886
93	8.88291108400318
94	12.667737640829284
95	11.103469293604377
96	10.529664323275071
97	10.146945630432793
98	8.784401621338063
99	9.592842335217135
100	10.252323873752484
101	12.118817171349214
102	14.167051362305912
103	13.399998226330922
104	12.665470977164283
105	13.557757301534444
106	14.356971588645756
107	13.784740723645086
108	13.591905959841824
109	12.847314838049694
110	13.74606158160693
111	14.2129016126262
112	14.838553898929224
113	14.41813542417924
114	8.821021521443225
115	8.812881808295437
116	8.806204492595072
117	14.706449291590019
118	8.998497166760426
119	14.579580112716837
120	12.990808589807923
121	13.591136861336796
122	14.93866627123796
123	15.69076619664115
124	11.311843088265459
125	14.144309971437487
126	10.553443616519559
127	13.399998226330922
128	12.988248480450604
129	8.442769535326653
130	10.887379963885458
131	10.360032317098142
132	12.035111219325792
133	13.243408927630977
134	11.284351432470064
135	9.939853285758343
136	14.970637997895274
137	8.402741833641999
138	12.94781898303004
139	12.149673136886456
140	15.282015177235618
141	14.558985174704453
142	15.123124600566207
143	14.932147562401
144	16.124363057176677
145	15.272898256645966
146	15.35478649822861
147	15.082186173448505
148	17.467044755987107
149	14.931863679844902
