0	11.092697396678714
1	6.697774405621734
2	10.030818559990283
3	10.530623351884739
4	8.566661806421052
5	9.449460706394579
6	6.572958958618505
7	5.381021772291207
8	6.08323157132643
9	3.9580362779413805
10	5.142554891392101
11	4.54639034499846
12	5.380417378963155
13	3.593224726055181
14	5.858071907694492
15	4.546542969048014
16	17.61335589277762
17	18.42050984838556
18	9.673252612385472
19	9.694136956962307
20	10.138935423826698
21	7.755132759158053
22	9.196289703062359
23	8.831910877486271
24	8.966334892776088
25	8.35909085900407
26	8.240740270152731
27	6.589360026853929
28	8.682521705236265
29	8.255936640582652
30	7.527096292546007
31	7.899726006141144
32	4.999530718173741
33	3.4825542172529538
34	3.7121834128854037
35	5.972204077515413
36	4.301551963367342
37	3.60074273290591
38	5.142554891392101
39	7.049789671513849
40	5.8419736814325915
41	3.7211819253075666
42	5.738805515125103
43	4.426999124169253
44	4.3024428890450945
45	7.6571159903344705
46	17.946578131951398
47	9.05277180026025
48	8.367259013021359
49	7.639541968459399
50	8.981614484209347
51	8.57744350819054
52	8.245548347576639
53	7.761450700572472
54	6.453865535261208
55	7.048842247215877
56	4.6600971511716995
57	5.041229421350097
58	5.369195966065136
59	7.407279414164146
60	5.018843649170455
61	5.385582470409899
62	10.409670282935384
63	7.625285569435683
64	6.815450518578972
65	6.454495297875833
66	7.765176179130317
67	5.380742588851725
68	5.500185066992767
69	4.427331711441843
70	5.033324665759211
71	9.31387747022766
72	16.90747052408782
73	10.38828095229146
74	10.387797466868532
75	9.460303264526209
76	19.745877591685733
77	27.030582792157958
78	23.202262889131365
79	21.37473433725928
80	26.516223304963134
81	24.280270214627926
82	23.379655449908466
83	22.13072979320507
84	25.338872888136176
85	28.625541904857556
86	36.729204118186146
87	29.749394595792754
88	29.32018511400404
89	35.2791886847259
90	37.68616297503962
91	13.360471701202808
92	34.39383570760138
93	22.6003647714773
94	19.164734558094462
95	36.10498014147474
96	30.46027315453399
97	31.77140684116734
98	38.930572062838756
99	15.478584816104425
100	18.887297225966762
101	24.693004490895163
102	11.106377746851742
103	13.84764394062231
104	20.460479914252076
105	38.013307976433495
106	38.64437496030669
107	37.62197436640315
108	23.365624432729724
109	43.03155152235245
110	29.952566114317015
111	22.058014863421352
112	10.128141511833995
113	11.221429276284272
114	41.25787449286395
115	18.200982383820378
116	33.23602023300765
117	35.99976104338719
118	35.01538849268305
119	26.736999953911262
120	12.20210123775681
121	18.73196242944847
122	3.348072663158726
123	10.88881180798074
124	10.510625692615044
125	10.00466720939184
126	12.414018559903505
127	8.360768902206768
128	11.699218425418243
129	27.986082188237248
130	30.929301511098732
131	8.12265877552837
132	10.047401858423624
133	35.35577877902302
134	7.526484712173317
135	9.097149623077977
136	8.343035417497713
137	7.883885864732696
138	14.798711123178677
139	7.168804074698328
140	9.57472740071245
141	13.575771643142634
142	12.652431536112749
143	14.322409859441457
144	8.599017638625845
145	25.118675236193926
146	41.274557446703675
147	33.411933020089954
148	9.196205189386124
149	7.8843148276593515
