0	1.1987720479676423
1	3.2131481391577807
2	5.249192424097117
3	4.408772998434613
4	6.160400286340978
5	6.013833393070098
6	4.485074129705035
7	7.8509390878473875
8	6.561447461145175
9	7.087059233441202
10	9.845508688541992
11	8.016998133735488
12	9.149512348303189
13	7.984545123685267
14	8.711983374600138
15	11.798752412527456
16	12.258822720812447
17	14.485294814424705
18	11.60113529659758
19	13.63627270592573
20	16.87267382524867
21	20.006685791399306
22	18.820720812357884
23	20.877325641754197
24	22.285581255403777
25	21.1875345889689
26	22.572125534924417
27	27.81928225599573
28	30.862369372546567
29	27.920595473123036
30	30.85922586363626
31	28.45547831295022
32	22.896946322305098
33	25.58042609042149
34	26.178271925978088
35	27.359780393564144
36	25.794347177203207
37	26.083488993780534
38	25.665477915098037
39	28.732591929117255
40	26.260644743976684
41	26.552506808706177
42	29.156233475469342
43	29.293354161715243
44	30.13681046923083
45	26.3168622124806
46	30.8266370516558
47	24.207602602297456
48	17.43435945679557
49	20.41938986127022
50	22.938915391279764
51	18.53761574285324
52	20.902819285868873
53	19.271480701091562
54	15.34946357862073
55	15.03692699461007
56	19.501270092373893
57	16.351455912626193
58	16.06455293527518
59	17.082860199711185
60	15.919203017757908
61	21.05371339363274
62	17.70195459646405
63	17.654256968712303
64	19.291480726380144
65	19.825775188642503
66	16.275704718142716
67	18.09680018114971
68	15.916680662710489
69	17.04495494980818
70	20.10108619486065
71	16.842636194190582
72	19.42319652123576
73	20.489003675481264
74	16.61150528632642
75	16.877658365430747
76	15.635114486739827
77	11.519570163942355
78	14.618343181399483
79	16.806269388106543
80	12.048141799085887
81	15.44136847851151
82	14.703867677995467
83	10.696722971983073
84	15.805460322187175
85	15.70797729500469
86	11.23673483240499
87	16.938462002806027
88	14.85818936936315
89	12.715869373270435
90	16.22774706472034
91	13.739882172135088
92	17.614708279644027
93	18.219771164924232
94	12.377940058563901
95	15.022436481185059
96	15.589097094021577
97	14.786153560794212
98	16.010921466802728
99	13.287425702938917
100	18.48024179396039
101	14.023743682672391
102	15.4379508276673
103	18.096071544543413
104	15.657755832136038
105	13.907239804873246
106	7.834894414424035
107	18.33495671368999
108	13.105267894827502
109	9.546304956539256
110	6.578607676083172
111	11.590841115510557
112	8.750980762351704
113	7.558077056037322
114	3.5126038248335467
115	8.319272097699365
116	5.0068800361060015
117	5.485697584678405
118	4.818024955017053
119	4.072910077387333
120	3.789750147654784
121	3.1509226672120305
122	4.793632449382499
123	3.645747333587649
124	4.433133007856725
125	4.67499308828922
126	4.135483975516965
127	4.230960981458786
128	4.919328015677714
129	3.7851365699492256
130	4.999349191508044
131	5.026913564055732
132	3.5185297537189872
133	5.125877620855669
134	4.289790435114421
135	4.228733812998235
136	4.498690576140023
137	5.053698341994399
138	4.9562199402197695
139	4.255941221427705
140	4.225307108454643
141	5.23133040425803
142	4.1187427913929575
143	4.798831423124787
144	3.999580429567637
145	5.413348499400951
146	4.634167200285735
147	5.376064664651783
148	5.697714123331012
149	4.775984395439959
