0	21.638704364644525
1	11.990036866406276
2	16.24456332958223
3	13.6468577258542
4	15.280471120823925
5	18.004750423856272
6	13.986769445153268
7	18.8390299826362
8	12.634129445696358
9	15.241577681580964
10	15.15920178155305
11	14.374227015001964
12	15.208772100555935
13	13.589782216446789
14	11.692794737339877
15	14.734175092185902
16	7.464228758904835
17	14.488553980563475
18	10.132554913966144
19	11.56533613559455
20	12.68817271128256
21	9.835343438741932
22	10.833945802546031
23	14.187932001534532
24	9.382121585368358
25	12.594484245017464
26	11.113991750657425
27	14.023696061237708
28	12.417569616535676
29	13.08211057602395
30	10.619235294672217
31	13.856288025006593
32	10.84129320717833
33	12.85881638617568
34	12.273175259981887
35	14.44211273827083
36	12.575667870609255
37	10.973458539165392
38	14.3267925730546
39	11.402542913666858
40	13.141489575786702
41	15.450692421088808
42	9.25914116020221
43	13.580674543663353
44	11.993403278826486
45	12.211332790880551
46	14.421081548484366
47	16.091706051266478
48	10.269868369941245
49	15.72377448186091
50	16.589283639990576
51	13.230373415356443
52	14.07535053154663
53	16.741094362781503
54	16.09906347292849
55	14.371369355621322
56	13.852756909711795
57	16.38649808409321
58	14.511330777597564
59	14.734734195793036
60	13.060948538170475
61	19.835135626579433
62	13.074720434188654
63	17.462097074882138
64	16.592447670469188
65	17.688458709205428
66	14.140329815475813
67	17.897263005547835
68	11.845723916038345
69	13.931226570616504
70	16.822195872295374
71	14.5099567137289
72	17.597426516883154
73	16.035946450718694
74	20.25748576214808
75	17.528187819811876
76	15.434115279886619
77	19.57893562837964
78	12.126638765214613
79	17.050387262601575
80	16.362786582692053
81	15.158625985379546
82	19.702594814357397
83	15.090541084361053
84	19.95352030092619
85	19.68782846490718
86	14.440607779712192
87	14.01467689359105
88	18.318553884828845
89	17.245074740630066
90	19.467528330710483
91	15.379450068859912
92	19.693316785668262
93	17.09741602663679
94	17.67999665431368
95	21.648311501988495
96	15.727809896372348
97	20.634540809703303
98	15.801083612048963
99	15.297299536594858
100	18.664596171422012
101	17.203198912998108
102	21.095489256800747
103	16.028613930064097
104	14.733197549308787
105	18.179573288924153
106	19.814376115679735
107	17.814549427301174
108	18.830173585070348
109	19.485115774083873
110	24.471984458769924
111	17.730754403489616
112	17.828534341215832
113	26.078398438036697
114	16.162569419500105
115	19.485157471866465
116	14.879425075666648
117	10.264737753499324
118	10.552609613699646
119	10.846635182266393
120	10.837467048950362
121	13.130489347515882
122	17.490863348426245
123	15.87512559541943
124	17.674416660580953
125	12.048550896393422
126	14.313215275346709
127	17.5942310826533
128	13.78164357733967
129	21.144717235561384
130	13.063282449899683
131	13.579905810291029
132	22.003851895419825
133	17.178702471201685
134	8.109000637245785
135	16.78549515490661
136	21.003346228908367
137	16.016562399918904
138	13.573885188514602
139	17.89811963736968
140	23.346723863919696
141	13.009731467541734
142	13.502833908865822
143	12.282496474883814
144	15.16712177553557
145	22.195796116058503
146	18.23841800381191
147	17.335415986041617
148	17.736855718375054
149	14.412360462976409
