0	3.1911934689372297
1	2.7171678406315696
2	3.1850579645654156
3	3.8350956113072567
4	15.47260773016287
5	2.481334901042123
6	3.9282575512054185
7	3.5609597507986694
8	3.420430050366971
9	5.673297470141243
10	3.091931392715742
11	2.7212971553048066
12	2.8105125397245487
13	3.0862682719829637
14	6.751390285892114
15	13.021104876451489
16	6.898722725034881
17	11.665822884095938
18	8.842954831901475
19	4.776386034313597
20	3.571214446902522
21	3.6478540058074356
22	4.31194927859536
23	3.3709917289495883
24	3.4695543139554443
25	3.280257974717562
26	4.589237110585126
27	5.74080555885494
28	6.730982103513366
29	2.904069534423308
30	4.405861139642957
31	9.566552802174915
32	8.435537654489464
33	6.769641489360001
34	4.022144932143151
35	2.716714465720984
36	2.6227623095361885
37	10.435094566665752
38	6.188120943828593
39	15.704598792780683
40	3.561410288466878
41	4.0339190125834765
42	3.182743753439955
43	3.9401407849327703
44	4.0267265930499985
45	4.418568728396991
46	3.457451479426198
47	11.204624616932367
48	7.763762522797808
49	5.062528052467441
50	3.467348367446778
51	4.217833208887312
52	7.595475401443172
53	14.447056334264138
54	5.249253619411144
55	4.227999943434109
56	17.965969251384017
57	6.329030850010559
58	13.791419050777737
59	4.736577117582978
60	3.373537965971797
61	3.748738131355043
62	3.6548471712544464
63	10.970291153076545
64	20.505723933497706
65	16.856952131892584
66	12.06015281479947
67	21.858859999549786
68	15.959395562490958
69	22.695078034154573
70	3.0924944913335817
71	3.6084466816018117
72	3.8501137445413898
73	3.739518464907858
74	11.258732556582812
75	11.194133273106065
76	15.658505361756339
77	18.864527940319647
78	25.42561356543516
79	10.892254239768079
80	17.03488074653222
81	18.008573230959186
82	8.280345145588246
83	11.295743841454316
84	12.15396801054773
85	3.9829318199176162
86	6.705189103141487
87	12.381363075649121
88	14.81764104814562
89	21.828530270715074
90	25.955087662595894
91	15.747195565364835
92	4.209071881059575
93	3.2396142136827164
94	7.970711748759874
95	11.88102113978163
96	17.45103576800236
97	29.175173713966537
98	22.026359635758162
99	16.862698181606458
100	40.59966490240173
101	11.584542665784538
102	18.902021818993465
103	27.206693914481914
104	3.608303568162838
105	26.0524200121593
106	6.174550367250757
107	10.249435756916032
108	11.553523046753286
109	4.030105379795451
110	9.591408946878163
111	11.970227284250702
112	14.445823205660947
113	13.512846941306654
114	4.733943556075834
115	16.011864549558734
116	19.999789366209978
117	23.18173807538501
118	17.86819143941157
119	4.745180733697011
120	26.599113088568824
121	6.372682868889812
122	5.203593456124089
123	5.9884601940707505
124	6.768614423785881
125	8.554816501596388
126	26.204509940443778
127	8.374014387512316
128	6.8461989542261525
129	10.270599437500584
130	12.231540509129896
131	20.090747931921417
132	23.5836590600412
133	13.596164931846792
134	21.92257484703687
135	21.360749386086002
136	14.147289977883819
137	26.882986819510148
138	14.920520457999185
139	27.831650331401743
140	17.950089598311436
141	22.248179286946787
142	25.62274553072431
143	32.26690011452815
144	6.156245978877106
145	6.220583021160992
146	25.63332213821282
147	6.314053287896632
148	4.91964598067112
149	32.703653106663715
