0	18.61540561494899
1	9.784324479304184
2	7.959827890307066
3	3.0960622103682915
4	26.695436015660853
5	26.509735994337095
6	11.547124013190794
7	13.345113491576925
8	14.276170611735886
9	15.723513014345025
10	11.828870197508449
11	16.67630652465937
12	12.807292114563058
13	11.13749940507551
14	13.388243624810409
15	12.961955503900905
16	13.629498024704855
17	13.882117437001604
18	12.251677071841593
19	14.306069325032988
20	14.061134746844349
21	16.00956300095192
22	12.417848924940605
23	14.713727614400643
24	9.03670410682255
25	14.916408191402265
26	14.232319280450712
27	15.076802676182403
28	8.456826721684935
29	15.244184551527173
30	15.427479783757676
31	16.114357889008406
32	20.7088727966282
33	13.429507774436436
34	13.544876419848409
35	15.795713818218687
36	17.227803542124725
37	11.665725577557078
38	15.903320997468438
39	9.258667097600089
40	11.767530446170728
41	12.21481051988747
42	8.030233239842063
43	24.939029043877813
44	16.78897098759139
45	8.970108652321906
46	8.691720082469892
47	10.111764200430306
48	13.288541773093796
49	5.816629210714726
50	8.626741689665863
51	9.18931059276842
52	11.047913302736399
53	9.989553630121284
54	15.263825998574756
55	9.613901355576862
56	12.955326942791324
57	12.477429910935959
58	12.40827191525561
59	11.054923334789661
60	12.554926314673356
61	15.112210100351366
62	21.729872465326107
63	11.040287229828014
64	11.708192038470802
65	16.018826875293357
66	16.130025540586796
67	19.33021162096912
68	18.442098939696887
69	17.446209520662233
70	11.24521039938355
71	15.41858110536614
72	20.730475591874725
73	12.679294573803881
74	12.50374295489187
75	16.501708215089824
76	13.100540353457482
77	21.61198143354038
78	14.209258669986445
79	14.365066170787488
80	21.19625592991682
81	18.93509789685678
82	13.640981416536466
83	16.07479331130713
84	19.80061053813601
85	20.07181636361533
86	13.145885586027003
87	6.036780079788272
88	7.668497727133124
89	11.004678622106002
90	13.996695343598168
91	15.286577639600683
92	10.410239314590335
93	9.532413797504427
94	12.574698583724864
95	15.72714852413167
96	15.46110278182096
97	21.07581603312917
98	22.457590365223766
99	21.67002745758132
100	21.532672006711714
101	18.012516734993127
102	6.023128212977657
103	3.0988275950488444
104	1.8046143910812777
105	22.423658741599443
106	14.91597823513188
107	11.859381686430465
108	12.193893293514206
109	15.714280284307423
110	13.223730274432524
111	11.336487204588282
112	12.274543870607346
113	9.17779882363669
114	11.775807746898215
115	18.177413315437207
116	18.00519993981439
117	20.019979692413827
118	14.780901186741119
119	19.09288324560416
120	19.986606748535014
121	17.97105478397505
122	16.92746296752967
123	17.22980079096817
124	19.121043657453
125	17.970357942434063
126	16.144324559373164
127	19.800033693767006
128	21.296535621074746
129	20.324996199006392
130	18.071816741234805
131	21.873040717609847
132	22.04814014509313
133	18.640806519178458
134	20.78943369412476
135	20.69959967954957
136	20.295993148567604
137	18.307179170382437
138	21.806244131406455
139	21.452584779308907
140	23.28204000458892
141	22.840629986013045
142	21.92999504870207
143	21.275943722969366
144	16.637392994170632
145	15.646344407885827
146	17.94462048656568
147	24.17065010031627
148	22.1754942997487
149	22.742442478847575
