0	10.828096237566381
1	9.995663740906847
2	7.692427690450498
3	9.242111004284903
4	9.797999169780804
5	9.335918023053438
6	8.409851165173327
7	9.585461604166051
8	9.73518622947187
9	10.053095360867587
10	11.70488873521028
11	9.82982721935769
12	11.860947951149907
13	12.454318834684129
14	9.746325460099301
15	9.647916692079763
16	10.645241925501942
17	7.4838458720945935
18	7.527383866826456
19	6.5606323028078535
20	7.756839418122081
21	7.233919935921242
22	7.151278477985059
23	10.401856132604994
24	12.048603211798586
25	13.872300689711526
26	10.611536592622578
27	11.02140692282923
28	12.754387581176184
29	11.584162250834641
30	11.987044294010543
31	14.23129489405216
32	11.299712434062329
33	16.132730947503987
34	13.144519853588324
35	12.763384797857197
36	11.04806912773817
37	11.768421451516355
38	11.86049390115898
39	10.955738068485363
40	11.611509943555424
41	8.52487519733398
42	12.766018943869227
43	16.25792281740219
44	13.197745377531753
45	13.077729621724764
46	14.269818555014801
47	15.437203071251187
48	13.89392127574682
49	9.428303575307579
50	8.552035327097142
51	17.01881288014136
52	15.808514155705488
53	15.44736597416487
54	18.682737529773277
55	16.22171451806584
56	17.7540943043482
57	17.58260024840321
58	17.659754092263885
59	15.158531987551266
60	13.013848911847987
61	12.271459248234612
62	13.748352774995686
63	14.901644409928174
64	14.039337816947302
65	16.474114467415347
66	13.726968392895449
67	13.29598419272286
68	12.681086708382484
69	14.621130022585353
70	13.150350259903618
71	15.646718517652491
72	12.672351725058387
73	11.611631755655212
74	10.617350179208906
75	12.017076350714076
76	10.67733755783338
77	13.763178339011507
78	14.542967903245634
79	14.386647332440992
80	12.326861136809253
81	12.36919632455206
82	11.450142003428505
83	11.669518408190957
84	12.842069981902831
85	10.172218268775666
86	14.939953066434914
87	12.210008774062253
88	14.193273542219563
89	11.679677219758682
90	12.575605190097844
91	13.04153737437844
92	12.770186648230148
93	14.106298197837306
94	14.547179090901263
95	12.824963097103682
96	12.952861194446493
97	12.796586687868627
98	13.296111833819761
99	14.675320075477233
100	15.547376100972526
101	11.950826744028237
102	14.356159387752472
103	12.259520223386788
104	13.239220696986523
105	12.796095196475534
106	16.365468508841584
107	15.093847294464497
108	14.045154879431802
109	17.734445759108908
110	14.453468785890463
111	14.131749120824526
112	15.953072727151731
113	14.602652728336611
114	15.890209720648304
115	6.357120250872686
116	0.8548666795383381
117	17.643935040973833
118	11.173559785318163
119	9.592125021318344
120	7.3082966773263385
121	9.33609423179039
122	10.48608633995349
123	11.457348300205531
124	11.387194312458819
125	11.429563337227997
126	10.801762534770441
127	13.694689957579953
128	11.489645415818392
129	12.794989713378456
130	12.6247664286509
131	13.347693269453275
132	12.541970118760444
133	12.488495941688607
134	15.555010475516267
135	13.23705982634162
136	12.720674196919726
137	15.207147705994762
138	11.487120478232168
139	14.132575189441503
140	15.404325248893786
141	11.835162925044264
142	14.505184782596212
143	12.017883518249754
144	9.560304905319258
145	9.647459937080937
146	10.364419004885157
147	12.862100509123435
148	14.380796638800701
149	17.052084997692223
