0	10.672776425637494
1	9.781186801422255
2	12.454418149266594
3	2.8195520303873782
4	11.562616426831468
5	9.892383111483625
6	7.868175548268491
7	10.232135159929669
8	7.188953942863559
9	11.914115475495027
10	7.9678503050500815
11	9.32887347871739
12	9.334423939754053
13	7.758110051395118
14	7.969998668054156
15	8.534553307255544
16	11.91244742489971
17	8.887572914309175
18	6.8557406627555135
19	11.67833473441463
20	8.08111404974955
21	9.90386365491611
22	8.873099820304365
23	9.4424175230003
24	10.437843858955919
25	8.20358742740884
26	13.814200394308884
27	6.185091888232613
28	13.940076228880065
29	9.208801823658934
30	8.419764917818808
31	11.349743826472958
32	10.227887745016202
33	9.102219214222538
34	13.14120083614179
35	10.006224826499144
36	14.709497731998432
37	10.660743923720004
38	8.652483691856999
39	12.468873439202282
40	11.120799628781638
41	9.775167551775029
42	9.215868475363532
43	9.2205020208141
44	10.436881118348614
45	10.896392960707995
46	11.689004524099937
47	4.947500175931257
48	14.16807104903869
49	7.969926626088348
50	14.235083035984019
51	13.51853665008347
52	12.021456589455775
53	10.436110777426364
54	10.008252767283404
55	13.800418006592404
56	10.901545436893755
57	13.135894888828094
58	10.457335075520097
59	17.16325150655715
60	11.802162226682672
61	10.674751575459158
62	15.053618611073675
63	6.623637359360609
64	14.37211749277664
65	16.302618449319105
66	13.81901808229006
67	10.660842275169156
68	11.78951327110833
69	14.836705978205886
70	15.27637664137581
71	14.159241669514797
72	16.380333564545456
73	13.361851339222985
74	12.80673229039209
75	13.243453880676686
76	14.489500773693154
77	14.280019483361045
78	16.940200585706606
79	12.692360547460057
80	12.247184069226323
81	11.907445447649406
82	12.129950009551155
83	13.248804104793338
84	18.88906111016481
85	11.451018182079073
86	15.271599437362628
87	13.80795609717072
88	15.841613291372513
89	13.478084246161169
90	16.07133968000966
91	12.688555494251899
92	18.839017604578263
93	11.809545406042087
94	14.473362240620379
95	15.847636506677002
96	15.475887931093775
97	17.208004258041637
98	10.658379675613428
99	17.65235694124303
100	13.231899683223967
101	16.187955682142107
102	18.0677359740257
103	17.065461453987872
104	20.76050615942383
105	15.856076441526293
106	19.627353608095884
107	15.517336340427587
108	15.051764786312416
109	14.477735255375698
110	13.015673091210127
111	14.151242312654402
112	21.20094245701526
113	13.14502777305458
114	15.856226999912781
115	22.649773789509293
116	16.503105622405098
117	17.88033036515754
118	15.605231842600949
119	13.348676785550897
120	20.803695327912052
121	19.307386057104793
122	15.25945329954318
123	18.324245755756436
124	21.426591443511818
125	19.84789636267073
126	17.856923035049288
127	21.366680424781066
128	18.28066039658253
129	17.069366834636696
130	16.73383474539663
131	24.056277973320565
132	14.803622509702954
133	20.886105508608548
134	20.646770335615027
135	22.351046969665422
136	22.935797510798405
137	23.222166741146467
138	15.937520025739659
139	24.168636355329873
140	21.316325154241955
141	25.173027829352552
142	25.887734797009887
143	17.962113501523483
144	26.270033591376713
145	20.35569730849698
146	18.07429664272694
147	20.754921350577654
148	27.431297490022686
149	29.02140439021944
