0	18.909019666172163
1	5.454507803546695
2	32.16208097328072
3	19.029044199538703
4	11.458280483859696
5	15.302170441337797
6	13.630457127364231
7	14.636677835905125
8	11.425926272959542
9	13.66160734296574
10	11.021549459016674
11	11.192035602494904
12	14.611161267535252
13	16.0407615130331
14	9.552650640226881
15	14.2470418007364
16	11.341775716432963
17	11.214217607485608
18	13.556476539729879
19	13.658762045531304
20	12.585686886362224
21	14.628750021201084
22	14.627915276958692
23	14.013728967616908
24	12.560452007970332
25	12.960822350417542
26	13.334111614646032
27	16.3364129938848
28	13.906272752024813
29	12.587821951096023
30	15.291247138276836
31	12.935398983091373
32	15.087031561867903
33	15.245482281885804
34	10.083220179018408
35	12.543534968292164
36	12.828315874966076
37	10.78475757277231
38	14.755204660321821
39	16.95786266489243
40	9.245766926403205
41	17.35796496324287
42	11.339866527634587
43	14.527675033740767
44	11.504850766404006
45	15.019361304053954
46	15.026668720538444
47	10.915353561150887
48	15.737101809786294
49	15.932359173288658
50	14.52686513172144
51	16.30874421172772
52	12.753700072304355
53	15.819465345892503
54	10.05331049401937
55	13.903767724783503
56	14.469332571115643
57	15.222798084034782
58	11.669622749955069
59	17.406446918401763
60	12.6135296119577
61	15.127242378906297
62	16.60294562911921
63	15.867062289422664
64	14.558314093208852
65	12.395111770377259
66	16.02826415954868
67	12.560333847532798
68	12.054199012248402
69	13.3534202838576
70	15.03110141551509
71	7.851989188436604
72	16.824885500984244
73	9.626029341857311
74	12.375113679019199
75	13.391672971965654
76	11.830502072968004
77	11.217086116164632
78	11.276450800939207
79	11.041934211668101
80	13.069102582449238
81	13.049716060702261
82	12.262873058336213
83	11.107066703287515
84	11.513691951277728
85	13.594823958290702
86	12.262860031300447
87	11.972691090826245
88	11.453955265426826
89	12.85548579999019
90	12.134234304119996
91	15.46588349103876
92	8.953928214544776
93	14.380320508302942
94	11.946235462561095
95	14.146738865331661
96	13.311506633319107
97	15.078707876682566
98	12.882588047401523
99	14.68504288556037
100	12.885871414450895
101	11.908813311034262
102	15.596946040473478
103	14.216944661480587
104	15.187090950090887
105	12.958254539781885
106	11.785353734526707
107	12.450760040587701
108	11.076861869139478
109	14.470569664404495
110	12.307275178671471
111	7.236350666109686
112	1.2913525917013464
113	4.374751733801677
114	8.951959622397393
115	10.65624719257679
116	13.84027882955154
117	11.775998611057286
118	9.811131163996972
119	11.110493342821659
120	14.226476043988338
121	11.056793498707322
122	12.01701232649345
123	13.668026245885871
124	9.909492888627192
125	13.473235442379423
126	9.436392064716566
127	13.455729656099583
128	10.861181229273928
129	9.762850669277489
130	12.007226625508235
131	13.543657696119194
132	10.0651647806075
133	12.946535160594411
134	8.820038274127354
135	9.328109771259147
136	11.628710776846688
137	9.618990439605184
138	7.86325071963953
139	12.724206383577757
140	11.809599648370684
141	12.442910164470513
142	12.991267889662124
143	14.01147078974286
144	10.499090425454126
145	14.102727227755285
146	12.100160217112995
147	9.326589086602977
148	11.192035602494904
149	12.926301992364353
