0	10.723261219703277
1	7.5483620546249925
2	10.37082962793108
3	9.33494463706513
4	7.09012410634774
5	11.93314738651575
6	7.4855703997283145
7	10.443079553176497
8	11.479219443877582
9	6.198004642722143
10	11.220159117660787
11	11.411849938922845
12	7.444655346491077
13	12.110133214048593
14	8.337584657655949
15	9.904332600236893
16	10.335815556220982
17	10.962362255467463
18	8.156929518481457
19	10.415523643415796
20	10.084700567611177
21	10.626366646869947
22	11.81311362757464
23	11.133901382553953
24	9.322346221023302
25	12.255473214440254
26	12.423818261568371
27	11.205278130382798
28	11.946613284628647
29	11.51011935605491
30	14.213500336242706
31	10.059700019587053
32	14.042521928077594
33	14.073054582142627
34	9.42517993822079
35	13.804946848985944
36	14.671750499731495
37	16.775590025642675
38	10.358856258130125
39	16.840684254207936
40	17.505408283735292
41	14.878283832669247
42	13.909828784833511
43	14.245378183419191
44	12.76870831063876
45	12.878422224645874
46	9.137414983287268
47	12.190125035715008
48	13.766365204166634
49	12.296787979992398
50	12.441155229935104
51	12.793908175916446
52	14.831511472584952
53	16.614399211537865
54	10.569459228194258
55	15.179922304012832
56	9.105800341927191
57	15.817284453942719
58	10.863375191407966
59	15.402211183600997
60	13.40139205391404
61	11.977849786668852
62	17.81322112213881
63	12.215859295601472
64	14.645070204109658
65	11.051282783336532
66	9.378346682820924
67	12.448869915797593
68	11.69681020364509
69	9.27175049323695
70	12.881003732119641
71	11.501578005577125
72	13.0672280837014
73	12.700362341488177
74	9.10865999505266
75	11.790999279085227
76	13.04364827452198
77	12.586194596123638
78	10.761179156649716
79	12.528730227913845
80	10.861933065636455
81	11.868309861587603
82	13.544623061095441
83	9.82606145668734
84	11.97158874915946
85	8.852704048521131
86	13.942093070671786
87	13.792549861279056
88	10.066245181646211
89	14.037797573962624
90	15.469950535217631
91	10.202452843621664
92	14.446064947773547
93	11.339609409305389
94	11.765011513000838
95	11.63591793305447
96	12.24345500670726
97	13.915252136208728
98	14.499159533919478
99	9.853987326453975
100	14.94673005648683
101	13.318081262522995
102	12.77382879298658
103	12.924997820695767
104	11.925867605600725
105	11.844092271101339
106	14.492476733273401
107	13.708599965655148
108	12.1873275065832
109	14.787776503760721
110	12.55776027359779
111	13.340052679120843
112	13.899086844287591
113	9.421471654490336
114	7.111119302711782
115	9.828343443010196
116	13.676193448657525
117	12.640728693222178
118	13.809722877078814
119	14.554069800128868
120	12.83245605946639
121	12.1893125345697
122	14.349783095671686
123	14.648882136823014
124	7.853763115734605
125	17.499676308419772
126	11.69268885867273
127	9.24679748028926
128	9.824074451646496
129	9.175360535896004
130	7.556241229492977
131	8.011179752478498
132	8.698440224959686
133	9.502207024391419
134	9.936857976536304
135	9.596016628568854
136	9.609225371677299
137	10.359735788928782
138	10.541297374226836
139	9.27229501076723
140	10.168779091927998
141	10.131089446453707
142	9.520505320132537
143	10.445407260896431
144	10.065950830919594
145	9.700418005064108
146	9.125081627631356
147	11.403674127385294
148	9.543989642480078
149	9.921129832493563
