0	11.704176922111712
1	12.411225799871163
2	15.517898317323022
3	13.183360472068973
4	12.649553591287829
5	13.572920377928115
6	13.211394004578514
7	11.484719055366101
8	12.384806855167374
9	13.282976013467286
10	13.883807221175516
11	11.647885614380046
12	8.647847516331911
13	14.355824798372474
14	16.058085372960996
15	12.574364541133141
16	15.699077786591594
17	13.700034944561171
18	9.659779896021362
19	13.17473833988308
20	13.125411169051276
21	14.59636574395578
22	13.84277557281959
23	15.926809361154094
24	12.41229766111238
25	9.373591236167703
26	7.5601257870034715
27	7.626160224111933
28	9.502653962090248
29	15.34563819002189
30	6.298835090588814
31	9.861779820466216
32	12.618444196609666
33	3.746765517512728
34	7.9739259630124755
35	12.94615058934577
36	4.678934437050974
37	12.375308814668522
38	16.690802262167804
39	13.501103965884612
40	14.01425823682674
41	14.15059775990171
42	6.175184370788602
43	11.730307110103151
44	12.819855807984178
45	17.102243405710325
46	12.932489321869264
47	10.52174535239941
48	12.185513286732558
49	8.354243661516517
50	14.186045569582143
51	3.7965073136759746
52	5.768548583390323
53	10.68916602988742
54	12.465965065222575
55	15.715345500176893
56	11.594163597623192
57	6.656941527237141
58	12.462975438619445
59	11.873270905520931
60	5.133940917420441
61	7.939739258561437
62	7.62345043717724
63	17.970091881711465
64	8.051042783484323
65	8.35173100790695
66	19.06008893435216
67	4.667380406141286
68	8.415257781922397
69	14.20919051922275
70	16.777676267170065
71	13.30050821321622
72	13.347108738644344
73	14.771719361378771
74	4.722070959701184
75	12.861936028915295
76	12.546753551873696
77	6.093092742531958
78	7.149278868068652
79	16.09187250849094
80	13.233823350236674
81	9.491589083700054
82	12.72161069686403
83	15.316930488431197
84	6.580047832684311
85	12.974874489231935
86	11.034629926586458
87	7.580792144560012
88	8.95180210178001
89	13.478394730617943
90	8.210379253693668
91	11.981535776845632
92	13.911059600214276
93	9.008352671972613
94	16.546998266270894
95	17.297239538301067
96	16.87567416155485
97	17.441840814256317
98	11.899055473072112
99	14.26478988626921
100	12.809025961967546
101	13.873402268105654
102	14.14814241605419
103	14.51257336231647
104	15.679276521371376
105	16.285277220739655
106	20.098511788759723
107	20.29524073353647
108	16.082680494601192
109	13.602640003009943
110	10.001535112686138
111	9.667478492722879
112	6.554127420210382
113	12.313177373524464
114	9.39926407113605
115	4.616599419452078
116	2.220132416500908
117	12.597502321382512
118	6.473130338220511
119	7.554414431385948
120	6.9889553243692175
121	6.584548389856265
122	6.471279303953404
123	6.660140751050124
124	7.262966023042788
125	6.210078554219269
126	7.927936585971265
127	8.331132328124758
128	6.35477653871189
129	7.970936848344244
130	8.904267060954586
131	8.37575575465244
132	6.936122990715276
133	8.184219041497888
134	9.515854751902067
135	9.070245777474833
136	9.632161960586972
137	9.951904563788124
138	10.538990520453718
139	8.214618260577241
140	6.057430341032932
141	9.20301016069293
142	7.448633413179621
143	7.906280983743731
144	9.154438400289283
145	7.958334763632584
146	9.282808447268758
147	7.895380553750496
148	8.708316654709712
149	6.979498804320529
