0	12.097280940384435
1	13.58764193128094
2	12.096470857001965
3	14.167324198114102
4	13.758930512034649
5	11.810949208466704
6	12.898886298804978
7	13.580332982756564
8	13.679698548021443
9	14.034072975610918
10	14.438524364749911
11	17.376566810537614
12	13.49760846717354
13	15.021631776760778
14	11.015301523858229
15	13.92926791493637
16	14.391816073009638
17	12.66751626157561
18	15.352569078226855
19	12.563113142072059
20	12.61062403542372
21	15.07236800688396
22	12.840881225908992
23	10.804643782122113
24	14.381364627300979
25	15.58601067535661
26	10.75326714786941
27	14.659955773072605
28	10.432298297545103
29	10.469470263312017
30	13.84976980720103
31	12.38859327304099
32	18.62618643780762
33	15.128455521823106
34	15.20096071711701
35	14.086690378828179
36	16.918306375563127
37	12.835959726824864
38	14.694844667835785
39	19.42831807574255
40	15.882693593636363
41	11.072812529186914
42	18.142301184446154
43	17.496863260233333
44	12.64223247243107
45	10.666940252476573
46	15.720401106797878
47	14.760563264260448
48	12.575286964689644
49	19.460029419290603
50	19.38236084549377
51	12.320214670145798
52	16.112314106902424
53	17.420019135789598
54	17.322119432589385
55	19.015417598954254
56	19.156501566261774
57	19.71427960828575
58	14.54099852761312
59	17.414777106475476
60	11.824163326083342
61	15.369165160857296
62	16.390353194644216
63	16.606015086324774
64	18.41500019367837
65	19.807995465311404
66	18.412179171177666
67	19.140350856685725
68	22.397132510421415
69	14.613197525908461
70	14.526002337458756
71	14.890550149488199
72	21.393522511450044
73	24.03951875547132
74	21.163823999895445
75	19.88124644202155
76	24.751932552636326
77	18.39622096338251
78	23.09507761400089
79	21.71881737558217
80	15.477489950807229
81	20.802672871852813
82	18.390149114508116
83	22.87759914918187
84	21.045601255166446
85	22.781165304717167
86	22.931148591967307
87	23.568189827213388
88	23.531926218810916
89	18.634751597856763
90	22.925164763087306
91	20.058474358243043
92	25.66161375825816
93	22.2399363970907
94	19.25576119363632
95	19.71935101501677
96	19.249599079102538
97	15.264265867988305
98	18.333499041280298
99	19.587449927627613
100	19.551787231522994
101	14.498415863906281
102	14.182958370913411
103	14.25428942692539
104	17.27903897631105
105	12.71636407464341
106	23.32599580404802
107	15.549224455387652
108	15.244721944331603
109	12.47660010747777
110	23.034928414720426
111	22.743045394694317
112	26.70936083349072
113	13.206857806724468
114	13.41517973967751
115	12.2950813378537
116	0.9305720017852994
117	24.73910152006893
118	10.009244274559066
119	8.09325034329528
120	13.834429728388772
121	19.065980377910346
122	5.506027571627405
123	4.999785393549194
124	17.483235416145664
125	23.983820021776125
126	19.323873030969214
127	13.910673267655973
128	12.571255084612986
129	12.865674965506946
130	11.244928792284256
131	11.134039175211552
132	8.657642434427778
133	13.585161261514724
134	8.643692814479936
135	7.573943915458293
136	9.630641605237788
137	15.522171881184503
138	10.036832896225887
139	16.849897665733348
140	11.209130432941182
141	12.756677279314216
142	8.206162952181852
143	11.58188382293252
144	10.146954858927954
145	8.26229144069469
146	5.72735819214112
147	10.428439801676248
148	7.579655206355421
149	2.6479947498476317
