0	12.051958833942088
1	11.558704605578695
2	11.976084546503571
3	12.70349170201441
4	10.852930735538017
5	12.814732919211277
6	9.970889277933017
7	12.290457210551239
8	12.596362073198273
9	12.080208737580707
10	9.476118581608088
11	11.455244459501353
12	11.350472887134163
13	12.315937288986245
14	11.733080273573439
15	12.94986557468212
16	11.640695596205966
17	11.272263504829818
18	12.04207607591263
19	11.489683895860805
20	12.488806574348208
21	12.46934501102392
22	12.425435842881159
23	10.178644005099835
24	12.391631479356816
25	12.40862846281927
26	11.466079583298383
27	12.289162904927181
28	9.686177166004562
29	11.244212974695403
30	12.393886913821813
31	11.21737400532717
32	10.950590365944207
33	12.50461397097934
34	12.05264959934272
35	12.732672704601304
36	11.952422850454209
37	11.765812144908896
38	13.013453733675306
39	12.526477643849406
40	11.31657986992927
41	10.859975289483987
42	11.560029423512363
43	13.3312356107956
44	12.284692901302467
45	8.751361670779817
46	11.03759962536292
47	12.561938731235097
48	11.176119394285157
49	11.139055840530045
50	13.084640582398594
51	9.78854997875134
52	13.057315136383908
53	12.980820606742562
54	13.575935443274966
55	12.152232488756567
56	11.171205389602568
57	10.30706385578302
58	13.273046235648046
59	11.094623404749829
60	11.869804317793456
61	7.394207448046404
62	10.20239149958506
63	9.58068414987343
64	8.958676169093692
65	11.765924385180597
66	8.192940169213475
67	8.261824077632323
68	7.185505411484309
69	7.704478613939377
70	7.397714340230018
71	7.496930655143326
72	8.748728048158227
73	7.495954571296839
74	8.330722610204974
75	9.997440400777291
76	8.018240424304167
77	9.480060064213001
78	11.190778723352548
79	11.926416971001302
80	11.611206188710058
81	12.343829355791708
82	13.168327491268107
83	10.6744307955551
84	10.829893591022838
85	8.221915708714837
86	17.13970400970294
87	6.821118120982278
88	8.437365913544484
89	12.179902145678225
90	9.580593714211664
91	8.541429811501049
92	9.060094458962235
93	10.933072469835263
94	11.039387635989073
95	10.413528903746657
96	11.244212974695403
97	10.724961340686345
98	11.768398428193727
99	18.739419755583178
100	14.886533699860149
101	24.05543232407134
102	18.749806833001017
103	21.86702864953737
104	25.079522649181968
105	26.43584382196077
106	29.365258650274612
107	26.60126131104756
108	8.33455051563399
109	19.784435836450772
110	28.742619390452642
111	13.565470226072332
112	15.261007592624203
113	23.993273453981896
114	18.73428768502163
115	18.643936949894538
116	10.471556785754327
117	44.90742064300109
118	10.001611707010571
119	13.273300765691785
120	24.959578476919972
121	31.133710873026004
122	15.126605008762528
123	35.89410178840991
124	21.643158962333587
125	11.666721245120398
126	7.997685586175973
127	8.614302637547313
128	19.20703741679264
129	9.659057086297098
130	11.419826747272962
131	36.65853029531016
132	5.870165393224835
133	16.394857068869328
134	17.859148739753373
135	26.467079923902585
136	10.749507159712275
137	4.374748779617952
138	21.761611736793114
139	29.786881558712967
140	9.83846424913949
141	26.852340302703567
142	6.10831812772913
143	6.093457532779657
144	9.159894189201573
145	15.356115245169804
146	17.055799887301845
147	15.315991412222186
148	51.43533482629808
149	22.27996862165831
