0	11.486328415671329
1	10.47434377636077
2	7.064137636629559
3	6.413777009612622
4	9.26558255343429
5	5.933536645909242
6	10.90939203206989
7	5.933381291902907
8	7.4111970745113815
9	4.5794150008812595
10	6.3055190822751666
11	5.690232165142237
12	6.6622043626346645
13	5.812555524246045
14	7.802922555760755
15	4.948922883719846
16	6.67637856747729
17	8.135307829759586
18	7.911548607340896
19	7.682639767210758
20	9.632155622051796
21	6.921361586729425
22	9.389588509399921
23	7.911190815181148
24	12.098088999539035
25	10.133101812840902
26	10.125697146348404
27	8.158706934884266
28	7.411795621965495
29	5.691761961440556
30	14.323268318955312
31	10.34320897939165
32	11.639477614009358
33	11.113756766112388
34	12.849461814356394
35	10.127851763577066
36	12.59473757456369
37	11.088241850132244
38	12.375417326394853
39	12.350896918351863
40	11.487723706129582
41	13.94760229508724
42	13.216153488514419
43	11.485041392107558
44	11.852538335106766
45	12.59379041888931
46	16.54591484047329
47	9.39053803851458
48	14.073142883890515
49	11.603256572146174
50	10.732396587557044
51	10.762674939579943
52	10.62145776806979
53	11.579673908203821
54	12.751873687197785
55	12.717330824636877
56	10.372630725357789
57	14.571036273073785
58	12.102512783627828
59	5.194318258336277
60	15.439563155047715
61	11.69328018389787
62	13.255037159488596
63	9.980385669092595
64	11.887368419463463
65	13.298236657704077
66	9.388466198634337
67	8.649480671473727
68	7.909401858092227
69	12.340005990657774
70	13.584307670975152
71	12.876870447313362
72	13.216029053899245
73	16.17092427532315
74	14.074341343686523
75	15.800384278367648
76	15.43324915784042
77	14.208143196865006
78	13.82471538700234
79	14.930426364879036
80	15.869591572412855
81	15.978333765501949
82	16.418959300372403
83	16.745278548081767
84	15.472692395975658
85	12.961498578113714
86	16.174778174780077
87	12.110460594283484
88	17.76973562649198
89	12.58893972531575
90	19.564436742522354
91	11.64318918833727
92	19.74775259559962
93	18.711655295786638
94	18.685585365916637
95	19.38077889130807
96	16.287558167739462
97	18.026485932614445
98	14.071678833389537
99	11.605316663531237
100	16.550180466079222
101	14.329512546311767
102	15.504955457430908
103	19.194405585036115
104	10.98105524089645
105	17.53424274812532
106	17.763955277056173
107	19.696425286320675
108	14.366006298312694
109	9.635350780311931
110	29.71566400172345
111	21.03832584187353
112	15.314286264289676
113	13.292487118905411
114	15.849886046887468
115	14.817015359823479
116	9.354935232700146
117	2.7307075638433185
118	3.7225685771296204
119	7.53029720691052
120	8.05110432559366
121	14.693261931917014
122	12.715418054589241
123	13.21104535582268
124	13.926273489838646
125	10.494255048967029
126	12.484325119721332
127	11.597080182968336
128	10.646476996464264
129	9.367371661061112
130	13.492557824197778
131	10.963213249107858
132	12.470371876248544
133	12.497724225613785
134	13.092053809927584
135	11.375320176502713
136	9.625949759730673
137	14.281875937234364
138	12.26265561600771
139	10.992404450505722
140	3.592262539568455
141	12.473066279243271
142	6.552475232765065
143	11.211130678166372
144	6.922409661854777
145	9.389674704642612
146	6.938419302930836
147	8.131189704682885
148	9.911269338052943
149	10.226535571609007
