0	10.448636231739428
1	13.936510091220613
2	6.762436963590757
3	3.7581422681380503
4	9.369087580641214
5	9.800483592409124
6	8.52794319533469
7	8.493408971615064
8	1.814591808738185
9	5.0532293928854335
10	7.876720871178675
11	6.561936497233284
12	7.41160686855249
13	9.80066887502859
14	8.073890718570397
15	13.252428538593216
16	11.547723916212224
17	10.859462962462155
18	9.173890155057618
19	11.71524786740237
20	13.03765354472242
21	11.765610643543477
22	9.371653971214043
23	13.868390510656164
24	14.996870681664474
25	13.471182380207473
26	15.637597649702037
27	15.807800200824952
28	9.80122545873686
29	15.625203417077346
30	11.742560637069163
31	13.929787701835215
32	11.956059501993245
33	15.857683386723753
34	15.365949292773807
35	10.436737057027496
36	15.675206250402251
37	15.377798066940935
38	10.692208590876746
39	16.05005666108527
40	16.501045578882078
41	16.260537721911504
42	14.732729960429532
43	16.966657527622463
44	17.790276625257196
45	13.645397053523894
46	20.634451270587444
47	17.313040945905428
48	17.615115928963235
49	22.316091213551584
50	13.471829932158307
51	22.957840143049122
52	14.938986381237866
53	15.842806996451817
54	22.941477271376776
55	23.45464880028852
56	18.6560654300837
57	19.89922802992729
58	21.66915447068136
59	22.961878586758715
60	26.472604911493644
61	29.013160814609552
62	16.45035614527139
63	24.723381509690334
64	24.066632969100194
65	24.84520369774817
66	31.667787251684658
67	24.051557898091485
68	6.773909962344481
69	30.674465531036716
70	23.39410776925022
71	20.860910347916224
72	19.458412020056187
73	23.610577003904954
74	24.47395459650718
75	19.50953896505739
76	23.891330293282216
77	16.87596633004932
78	12.605222522292596
79	9.603132856300295
80	8.05686164404889
81	10.685277576288524
82	9.567329110548497
83	12.173200948471132
84	14.796544677769637
85	12.608123009765126
86	13.900691171708633
87	13.866260925614927
88	11.119789344063312
89	20.591405008779653
90	16.882655959604524
91	18.2533871805502
92	12.363629391725949
93	19.77903591694728
94	19.512578088806276
95	19.025263981890863
96	18.26512357284684
97	18.598192340891824
98	10.447445472901073
99	22.314564907689718
100	21.936772229890938
101	22.323067853374436
102	14.939129922904296
103	26.054418843906987
104	21.17952257124643
105	22.522415996729528
106	20.855201463012605
107	16.45719117477872
108	7.006999676963404
109	18.399934356431395
110	15.842041048496508
111	14.14577500530948
112	13.86972296277513
113	14.117297278753979
114	1.384264323924087
115	6.350058702011889
116	8.30820009719621
117	7.627058930220026
118	7.85803977041815
119	6.563567423489923
120	9.153124577522446
121	7.444279261606504
122	6.996556026449202
123	9.343678988093314
124	7.643118442669847
125	9.152951585399867
126	8.311088967187079
127	8.053104429936228
128	12.38991965195584
129	11.741774816229386
130	11.310124659376982
131	9.602223055936756
132	11.938252810728978
133	9.799648529751414
134	13.504555110375643
135	9.990136508206499
136	12.631985676463989
137	8.057312582406466
138	12.85738965882177
139	12.354538757672367
140	11.52743440657564
141	13.49609748583431
142	12.578577397589898
143	16.96731611059889
144	12.142060476957962
145	13.933686487927757
146	14.324405015224356
147	16.475979484696104
148	18.893455739351054
149	13.862535043211345
