0	15.058028827161877
1	18.58504653089207
2	13.621337914310343
3	17.694669706119264
4	20.568796137030635
5	14.7887639959666
6	19.960677863346607
7	21.55550858524069
8	20.77664164114782
9	22.902529507466284
10	17.587924374209265
11	23.420462236391135
12	22.801866930498417
13	25.819075556422444
14	24.047639589835565
15	18.827504029153665
16	18.95925251240628
17	25.0319998112546
18	21.748229372205948
19	20.125113782466276
20	16.594327199328394
21	20.558901307716823
22	19.144392235961828
23	15.286033957978919
24	23.725767288697785
25	21.010549410742193
26	20.766795852500902
27	28.62719293733561
28	21.930237265518315
29	22.92554995713181
30	24.161001752280207
31	25.274514843426275
32	23.122912068775836
33	22.279121983168963
34	11.046825438277821
35	34.66469210627806
36	14.212606650666451
37	17.919836731017554
38	19.50256231975293
39	15.256201534597283
40	12.157143064710672
41	17.83667785372317
42	20.625014021928163
43	11.44833817407864
44	26.274574948322748
45	12.250858352028619
46	14.212925969078722
47	12.9915546140013
48	16.34204802010963
49	16.59163825224648
50	14.206302601511807
51	16.374185611778483
52	15.054739733273182
53	19.505422190870576
54	14.868694591822004
55	15.552619400913066
56	18.572596198454672
57	17.350176324956852
58	18.013551402283746
59	13.47015036563564
60	13.146864921266985
61	17.25992460275077
62	16.860045419593657
63	17.277789176028048
64	14.273539037265344
65	6.827269244099671
66	22.3894817290628
67	7.46882115541299
68	11.261871451988226
69	14.60820232682647
70	12.74674564026701
71	14.454054106037017
72	15.670911550981923
73	14.570250778958878
74	14.276519056035756
75	15.287340154563134
76	15.353026258519979
77	16.42668514147442
78	14.89428184713876
79	14.384184089775992
80	15.946752137263346
81	11.63503021657357
82	14.857555735085162
83	11.970466001898881
84	12.082437801496551
85	13.718692431552792
86	14.82092850480857
87	17.229719624603245
88	13.394284592659448
89	18.239800137414118
90	17.617971574247836
91	13.30401225550109
92	15.456942283194028
93	17.107265460731504
94	16.83367304234079
95	12.21423303767706
96	15.008306215918562
97	15.62898713122641
98	13.71463603224309
99	12.433424753672623
100	14.916786912532135
101	9.933253214530449
102	6.2932350128367975
103	7.532878836959113
104	13.070442776976096
105	13.885033378593084
106	17.2937445968732
107	11.228561898643415
108	13.389375997243764
109	12.33686484924039
110	14.989926426326923
111	13.580580464523816
112	15.388257806113876
113	12.373471359896401
114	5.536461384333756
115	10.036817897432078
116	11.236459624131966
117	4.060171924782963
118	8.278511442303055
119	8.651248357897488
120	3.810457766661137
121	6.610737194753672
122	5.479534503274391
123	4.9350899651892775
124	6.7781441903719495
125	2.7554054879781416
126	2.8836832699388575
127	12.650794512534874
128	12.315112888491454
129	6.675479222476788
130	4.177899895001118
131	7.64947760119177
132	8.23571678791395
133	7.701834674311711
134	5.051668344546482
135	3.997052318473788
136	6.551781849045196
137	9.625437143858065
138	9.458900468410127
139	5.2992702310080215
140	3.7551766835341587
141	4.741849793465106
142	7.517563310159394
143	5.621942584237878
144	5.5977905957272265
145	5.299677907139699
146	7.23978026424744
147	6.356192525526051
148	5.2872995331421935
149	5.546898175242313
