0	0.5852370124655013
1.0	9.276838045323425
2.001	11.87515153353814
3.001	10.185841344425617
4.0	10.1086673021358
5.0	8.262709152420337
6.0009999999999994	6.267182778603452
6.999999999999999	14.291972084231835
7.999999999999999	10.98954302799592
9.0	6.629362890158335
10.0	5.770783046918398
11.0	12.862779829331917
12.0	16.484305083266833
13.0	12.316773959931972
14.001	13.016174902168592
15.001	9.715849782547341
16.000999999999998	12.2437655619703
16.999999999999996	11.175993033409709
17.999999999999996	12.491008393346444
18.999999999999996	11.890869071600287
19.999999999999996	12.56300128132163
21.000999999999998	9.775105287361514
21.999999999999996	10.479170885593202
22.999999999999996	13.18686291635207
23.999999999999996	10.332277884476712
24.999999999999996	15.475483922559773
25.999999999999996	12.510045820559741
26.999999999999996	14.036492731577788
28.000999999999998	12.622469492023752
28.999999999999996	10.053164954526125
29.999999999999996	9.680036130357314
30.999999999999996	11.299219413341143
32.001	11.060592813909471
33.001	9.82457705176697
34.0	10.433752480992466
35.0	8.163040232280151
36.0	8.407642737691434
37.0	9.104404449618322
38.001	11.758038174057827
39.0	16.124186578632575
40.0	15.467454623599965
41.0	16.747322169766374
42.0	20.14593621160132
43.0	18.231997770007016
44.0	15.449920151166664
45.001	14.076349743470114
46.0	23.485546297277796
47.001	22.587939859694277
48.0	23.964370945960233
49.001	15.918565342262323
50.0	9.863332016645513
51.0	12.093266981973265
52.0	23.344792669028145
53.0	23.226939350063308
54.0	14.266783316246212
55.001	15.752350401017917
56.0	19.520510088052628
57.001	14.805893740953511
58.0	15.288425587019542
59.0	14.46319648776551
60.0	14.61671451745569
61.0	15.728711492789596
62.001	13.294241352946695
63.0	13.334715843785316
64.001	13.988981391785737
65.0	14.06338915567575
66.0	13.038828640588905
67.0	13.021104606291459
68.0	10.01191833407367
69.0	5.604401890732742
70.0	17.489213145492638
71.0	13.213672379995266
72.001	3.1491105971244537
73.0	20.30249005028466
74.001	14.061294630383768
75.0	13.709936110263028
76.0	13.220252884707687
77.0	15.814244513917917
78.001	15.017341654489696
79.001	14.278874655151958
80.0	17.689027492741243
81.001	15.345551235735984
82.001	13.613918716001773
83.0	13.7565879003662
84.001	14.264261361615244
85.0	16.3448134930136
86.0	23.61516204782983
87.0	20.507417146390416
88.0	19.124346705330854
89.001	12.606264617380944
90.001	10.169484863576637
91.0	15.765664454341705
92.0	13.008539362725356
93.001	14.794828976798408
94.0	18.824474054072837
95.0	14.672174902850909
96.0	24.204428642654026
97.0	19.603789280150018
98.0	16.01053582423883
99.0	12.659054985909933
100.0	5.457166482825613
101.0	22.5850422576729
102.0	13.127354031144066
103.001	13.05168224435337
104.0	14.94553086365516
105.0	13.892019510833897
106.0	15.196042654545488
107.001	12.487392799049575
108.001	15.306015616015204
109.0	16.499867670462844
110.001	4.3181475679128765
111.0	16.04641552354483
112.0	22.644605303413517
113.001	23.82562435870661
114.001	18.945996071437833
115.0	12.430942451609315
116.0	18.194410360373926
117.002	19.444534450092274
118.00099999999999	20.248370178732667
118.99999999999999	19.131952993724386
119.99999999999999	17.712544101720358
121.00099999999999	18.463542257575703
121.99999999999999	19.814801290408884
122.99999999999999	20.470425502616067
123.99999999999999	20.581278572740736
124.99999999999999	12.564680257832618
125.99999999999999	16.8512833121161
127.00099999999999	18.068835878546416
128.00099999999998	23.957578475139325
129.00099999999998	13.570062224718786
129.99999999999997	13.08958386359763
130.99999999999997	23.226939350063308
131.99999999999997	16.448626832408337
132.99999999999997	9.73410188203776
133.99999999999997	14.383133680431055
134.99999999999997	17.082305063974797
135.99999999999997	16.097206216552014
136.99999999999997	15.297092668267293
137.99999999999997	14.429779439143585
138.99999999999997	15.436583120010829
139.99999999999997	17.625440425146277
140.99999999999997	16.88365777048523
142.00099999999998	24.423229835934638
142.99999999999997	24.665123662960333
143.99999999999997	17.62225849385529
144.99999999999997	12.547470748594991
145.99999999999997	18.388020724330524
147.00099999999998	23.14891528639416
147.99999999999997	24.425331835387595
149.00099999999998	20.3701309769231
