0	13.73156314393422
1.0	11.05760745998163
2.0	11.439032243817651
3.0	12.245518696192654
4.0	11.350858744830223
5.0	10.478008584573294
6.0	14.146180134628686
7.0009999999999994	14.485227485780827
7.999999999999999	11.41910847629435
9.0	9.567949415373576
10.0	9.888893338591357
11.001	15.33418177247099
12.0	10.989256728035201
13.0	6.010937724863857
14.001	9.610194201380896
15.001	8.555632518737497
16.0	17.267272816919817
17.0	14.165282085743701
18.001	11.134455587798325
19.0	9.951670104797097
20.0	8.099400410946973
21.0	15.063774539073503
22.0	9.669437181918076
23.0	12.268920316557747
24.001	9.419927288132428
25.001	8.099400410946973
26.0	15.197018396984522
27.001	9.81423742440534
28.0	10.226821294382244
29.0	10.963291576351239
30.0	8.422887800481698
31.0	13.157584954458807
32.0	10.399576388554848
33.0	11.714479264447627
34.0	10.536179562515944
35.0	8.117671842448294
36.0	10.287542753165603
37.0	10.358413760201023
38.001	15.616405985604253
39.0	9.711582874127707
40.0	7.880601748967866
41.0	11.78738331428741
42.0	14.652900913935165
43.0	9.351313564888473
44.0	12.701188472994739
45.001	9.887397061954662
46.0	11.840525476224542
47.0	11.480566875748444
48.0	11.321210924870458
49.0	8.935430868330029
50.0	7.966517272755559
51.001	13.25139214309729
52.0	10.841362855384363
53.001	11.308560832739973
54.0	9.4158557481672
55.0	9.246624837332853
56.001	13.256448066070277
57.0	11.901976168362399
58.0	10.549571691286797
59.0	11.77861960211372
60.0	7.266951569397983
61.0	13.786798725539521
62.001	12.61772510641936
63.0	10.474884298368853
64.0	11.969405529622527
65.001	7.727446269670112
66.0	5.300252797612906
67.0	13.503314697397835
68.0	17.111732091496968
69.0	11.157979215795224
70.0	4.981024193912586
71.0	14.140989387043081
72.0	15.32263712116748
73.0	6.866191250805594
74.0	15.016720412210018
75.0	9.490416948936632
76.0	13.32060038238464
77.0	11.033539693676387
78.0	10.81591760115002
