0	0.7207119472735133
0.999	2.7332649337631567
1.999	4.242124129608291
2.999	3.6432138735334503
4.0	4.0811557237069
4.999	2.6364386426290745
5.999	0.7207119472735133
6.999	7.422691555869865
7.999	9.351909220615706
8.998999999999999	8.781059729310888
9.998999999999999	8.911822893139192
10.998999999999999	9.136977124746274
11.998999999999999	6.273015298704179
12.998999999999999	8.402974329707185
13.998999999999999	10.816801402031308
14.998999999999999	13.048955065872947
15.998999999999999	17.12864284444179
17.0	16.2498309783954
17.999	15.154022249693526
18.999	7.277203171671769
19.999	8.90731980850705
20.999	4.449266022686808
21.999	6.304536891129171
22.999	8.69117174616425
23.999	14.447423408397224
24.999	13.841391062978374
25.999	12.81599726920601
27.0	14.041025229762479
28.0	14.900925453887599
28.999	15.066211143008175
29.999	13.466606143802382
31.0	15.208762055104756
31.999	11.97841683980537
32.998999999999995	11.011396124576942
33.99999999999999	2.155987827618306
34.99999999999999	16.119644554656478
35.998999999999995	9.888887018742356
36.998999999999995	10.88867704664938
37.998999999999995	9.67137434638794
38.998999999999995	9.127022234387386
39.998999999999995	10.09257978785491
40.998999999999995	8.457011345292884
41.998999999999995	10.051103305071031
42.998999999999995	9.887442235117112
43.998999999999995	10.277807559874935
44.998999999999995	9.582782503328298
45.998999999999995	7.315913664785462
46.998999999999995	10.363633413264388
47.998999999999995	8.37951018545187
48.99999999999999	6.014332971806346
49.99999999999999	7.232519744342744
50.998999999999995	7.474904187037066
51.99999999999999	7.84206710068292
52.998999999999995	7.181924068097856
53.99999999999999	7.900962535802722
54.998999999999995	9.591733698693348
55.998999999999995	10.407194410002614
56.99999999999999	11.780225437659105
57.998999999999995	11.569456506689669
58.998999999999995	11.954598602111018
59.99999999999999	11.701934021753022
60.998999999999995	10.870779711912936
61.998999999999995	11.776466194897129
62.998999999999995	11.69689388337071
63.998999999999995	11.422205720810068
64.999	12.052477222082643
65.999	13.043743780987086
66.999	12.815903733323442
67.999	10.614429838963696
68.999	11.460127840056414
69.999	11.98215160066139
71.0	10.537400937215086
71.999	8.041041719643937
73.0	10.952512303017556
73.999	12.793582123252737
74.999	15.989282258896317
75.999	16.103249050669422
76.999	15.208872303835186
77.999	15.530154698183003
78.999	12.603483744014374
79.999	14.581540501728995
81.0	15.5269469126559
81.999	15.214359782406033
82.999	15.807421778648697
83.999	14.1236823565648
84.999	16.877325290253893
85.999	15.930795607754227
86.999	12.374694975256128
88.0	9.103486646712136
89.0	14.253162742575045
89.999	20.015654410518735
90.999	23.423567654376622
91.999	23.42203099344874
92.999	18.25321139827277
94.0	13.287011482540795
94.999	17.204642320665503
96.0	18.797979622808136
97.0	11.72961808000013
98.0	2.247257637569536
99.0	2.589558880956993
99.999	19.036035576927212
100.999	12.881552560616358
101.999	11.174723137807412
103.0	11.864991079773963
103.999	11.216178981971701
104.999	10.596176979594246
106.0	8.696531471040714
106.999	9.249076435774032
107.999	9.051418516735582
108.999	10.343897342042807
109.999	8.389371539928192
110.999	6.6963052541254955
111.999	6.498169530311262
112.999	6.835900877721887
113.999	7.124098294178953
114.999	7.219531618934905
116.0	7.976063559824484
116.999	9.589486590403455
117.999	9.615867481219048
119.0	10.395608708782957
119.999	12.095533983771391
121.0	10.107098500432027
121.999	9.392543599567949
122.999	8.619897403648395
123.999	6.51618186883983
124.999	6.876428639411163
125.999	8.925332147035617
126.999	6.651274407804078
127.999	4.773488116201007
129.0	8.831662588383816
130.0	9.339615933192649
130.999	7.280475817383105
131.999	7.492135267541202
132.999	10.50591485291734
133.999	5.233778194311938
134.999	12.850658994831457
136.0	17.660611590507006
136.999	13.518635689146535
138.0	14.335942919722088
138.999	12.362378093196025
139.999	16.71606942870883
140.999	16.148106187494644
142.0	15.678176827540812
142.999	15.787760290021309
143.999	15.25617473587608
144.999	13.426572786063819
145.999	12.402408321033759
147.0	10.095071123495728
147.999	6.654870168961599
149.0	5.223796579415174
