0	11.262200086177025
1.0	13.721330608005921
2.0	11.686288483863525
3.0	14.745135656991021
4.0	13.287735510946444
5.0	9.020908396404636
6.0	17.991420920500055
7.0	11.968583077007786
8.001	8.962217739113758
9.0	6.327598955582966
10.001	10.428910422295107
11.0	13.413997519838723
12.001	11.43511357568357
13.0	8.919193158314748
14.0	8.213537282463154
15.0	18.51118309034635
16.0	13.01112820566195
17.001	16.538555851195248
18.0	12.661908087017203
19.0	12.499216357746679
20.0	15.477826154937869
21.0	13.12133106222332
22.0	12.521238282213513
23.001	14.643879877277996
24.0	6.250342405749289
25.0	5.198995014105507
26.001	3.5166682542717274
27.0	4.503418570164962
28.001	12.848604070471374
29.0	11.043776277007254
30.001	26.033078747331476
31.0	9.422415333602473
32.0	14.057645112395235
33.0	15.207614717639935
34.0	20.97631470460515
35.001	25.85735877425153
36.0	28.112751415978494
37.001	12.10254397062489
38.0	19.551553500319407
39.0	21.824652937982393
40.0	20.498731699148337
41.0	13.165318970620657
42.0	3.3685833718420404
43.0	9.577404851771384
44.001	11.175231317182739
45.0	14.813182886372225
46.001	16.29728318170182
47.0	15.637209198405877
48.0	16.812604645356807
49.0	15.357628589219669
50.0	10.572083528176307
51.0	7.516014735019646
52.0	10.214586207365045
53.0	12.276535729480038
54.0	6.303205260635892
55.0	15.075650992447919
56.0	14.061150719338304
57.0	13.889954031336625
58.0	24.414457360865438
59.0	20.794209612019987
60.0	6.228226295114189
61.0	20.240528830314958
62.001	7.38459402235973
63.001	8.596972365284039
64.0	7.427426857455316
65.0	5.417163105775222
66.0	5.1469516684772865
67.0	5.882942658067342
68.001	7.310658628195169
69.0	6.83082113087069
70.0	7.547434669589173
71.0	15.141996468530042
72.0	14.032266755748868
73.0	22.139337101659148
74.001	7.4553253631616565
75.0	6.85295842686072
76.0	7.255108073597198
77.0	5.791330706411504
78.0	4.115986230842512
79.0	1.8038706302795802
80.0	1.6153510228624164
81.001	0.9741960263679179
