0	8.539708758668581
1.0	8.776521774814066
2.0	8.443628936372436
3.001	7.835333567741822
4.0	7.159155939350971
5.0	1.5158638221076752
6.0	7.136005015853445
7.0009999999999994	0.5186354786815749
7.999999999999999	1.669164819315549
9.001	5.065688093417823
10.0	5.473409082735047
11.0	6.023458611097519
12.0	5.956907479093765
13.0	6.3038807027959045
14.0	5.428829341842539
15.0	4.963235976203201
16.0	5.1499946004657975
17.001	5.781288821478696
18.0	5.512063463150031
19.0	6.443939872534076
20.001	7.376802893990976
21.0	7.149494796313986
22.0	3.843575890376201
23.0	4.494340529956491
24.001	1.8084591724699233
25.0	0.5186354786815749
26.0	9.142974334562064
27.0	14.274917118273228
28.0	14.92691636365924
29.0	14.44028570702873
30.0	13.743233148192589
31.001	11.32346742780781
32.0	12.256061141119117
33.001	10.534657236028075
34.0	8.446000575343344
35.001	12.844763803580367
36.0	17.869067546403137
37.001	16.95232470792092
38.0	13.997234514792915
39.001	8.923422559326399
40.0	16.24701557596202
41.0	17.08414504769141
42.001	14.433993549884931
43.0	15.754875968831277
44.0	11.043904732401332
45.0	12.58908248747554
46.001	19.282811286632814
47.0	15.197452536264827
48.0	15.829942324416894
49.0	8.555566529424688
50.0	14.630924520966454
51.0	18.01225506291456
52.001	17.428445621851306
53.001	16.79317001589172
54.001	10.025492121102422
55.0	12.179331068044663
56.001	17.76423616114958
57.0	17.27649128475592
58.0	16.261388061223332
59.001	8.838221974728329
60.0	12.942649642369895
61.001	17.5387052019194
62.0	17.160989132061967
63.0	17.124279534836198
64.001	10.472068479373656
65.0	11.51644914823591
66.0	16.487144551412744
67.0	17.92696927773189
68.0	17.054044182332824
69.0	11.796426366366044
70.001	11.063460772466136
71.0	16.07627326328401
72.0	16.8634053683951
73.0	16.507211794985135
74.0	11.134207328477096
75.0	10.381685694512386
76.001	17.65397658108149
77.0	17.72845623008007
78.0	17.14434677840859
79.0	10.998753434363449
80.0	4.3715462445808955
81.001	10.051077355477315
82.0	17.422124433804814
83.0	17.410237755742788
84.0	9.724483467516539
85.0	13.03056184606817
86.0	17.48548991913926
87.0	16.923607099112274
88.0	17.52562440628404
89.0	8.91176010283465
90.0	11.430199171169882
91.0	17.555725271642633
92.0	17.957070143090476
93.0	17.776464950938944
94.0	12.553964811223853
95.001	10.752729228637884
96.0	15.167321539909883
97.0	18.769793507772366
98.001	17.734165366585554
99.0	12.254658558932023
100.0	10.251248611291837
101.001	15.879799701804048
102.0	16.82452633943177
103.0	16.191152708719958
104.0	10.201080502360856
105.0	9.207751945527438
106.0	17.114245913050002
107.0	17.003876073401845
108.0	17.309901537880826
109.0	11.977031558517574
110.0	9.88000460520258
111.0	18.21794430953158
112.001	17.39837482728728
113.001	17.36718332788288
114.001	9.844886928950894
115.0	9.798982356004137
116.0	16.88347261196749
117.0	16.497178173198936
118.0	16.99384245161565
119.0	12.478712647827379
120.0	11.946930693158986
121.0	15.167723286527949
122.001	16.977383703390938
123.0	16.819504506705947
124.0	12.789754923199462
125.001	9.339401884128737
126.0	15.237627198071417
127.0	17.03899374965353
128.0	17.345019214132513
129.0	12.97036011535099
130.0	8.510415231386805
131.0	16.020581138354622
132.001	17.222961858997138
133.0	17.3769279392724
134.0	12.528880756758362
135.001	11.294003530790325
136.001	15.930278542278858
137.0	17.23631662294933
138.0	17.074111425905215
139.0	14.244630082197904
140.001	10.752729228637884
141.0	14.715356594585733
142.0	16.682800176243568
143.0	18.428650367041694
144.0	13.4720412046608
145.0	12.182720805134593
146.0	15.032269392414303
147.0	16.99885926250875
148.001	16.496250990366548
149.0	14.308588143793997
