0	14.503324926639875
1.001	21.185562291412296
2.0	23.844812070566558
3.0	20.161297522181336
4.0	18.196449896087376
5.0	16.146174112337164
6.0	16.59960048758962
7.0009999999999994	23.765541232387456
7.999999999999999	21.608300666614294
9.0	19.425301086988952
10.001	18.986343601268075
11.0	12.596475303630177
12.001	22.603565984162003
13.0	23.759298399238975
14.0	18.400163195113844
15.001	18.461157048397812
16.0	18.220643687098367
17.001	16.51140197086697
18.001	16.731387795704773
19.0	9.491337199188413
20.0	9.60006184529664
21.0	13.946861104021973
22.001	14.174321810594302
23.0	21.753016110399443
24.001	22.866159260597133
25.0	17.92463482481057
26.0	17.03988406935649
27.001	14.699508363464567
28.001	23.460138687061484
29.0	22.66077662141536
30.0	19.458158070702897
31.0	17.52616742832289
32.001	16.603309617619267
33.0	18.411404953906064
34.0	25.457843296869388
35.001	18.428704725025874
36.001	16.201735785187818
37.001	13.962955892138103
38.001	9.18782221251999
39.0	5.902062725059535
40.0	4.078214706501319
41.0	14.757671350959903
42.0	13.570969509478875
43.0	17.309401179125686
44.0	13.153891172459979
45.001	14.164833576973113
46.001	18.1697535968198
47.0	17.40151881587948
48.0	11.44052781937034
49.0	19.371638958509262
50.001	13.597962905856237
51.001	14.64101622401613
52.0	16.15311685630893
53.0	17.174803058731882
54.001	12.010850681714786
55.001	7.041555264239854
56.006	4.881930141165707
57.0	6.672835097891218
58.0	10.809211680729106
59.0	13.62736544168164
60.0	16.298971921366277
61.0	16.904682715277307
62.0	13.985095851867227
63.0	16.9703966827052
64.0	12.337253944816531
65.0	17.81456446896834
66.0	14.25211018358009
67.0	16.237750119680523
68.0	14.36695560946774
69.0	14.78212156735641
70.0	15.883318242625597
71.0	18.350954728098504
72.001	16.553137376862885
73.001	15.145563445414147
74.001	16.631956915692296
75.0	12.0241915032071
76.0	20.33710805456947
77.0	12.347547421745665
78.0	14.897903930670282
79.001	12.784705887084215
80.001	12.366542865455289
81.0	13.767354803346361
82.0	12.81473265892833
83.0	14.806250914771342
84.0	11.452951866337175
85.0	13.67606051832645
86.0	12.177050479692518
87.001	18.885460598387628
88.0	14.806289380506307
89.0	16.598188664070655
90.0	15.877478427160815
91.001	11.476791348214979
92.001	20.503010152806368
93.0	17.262623338006502
94.0	14.342916105367653
95.001	12.431961569310442
96.0	12.514173534020124
97.001	9.00465772208825
98.001	19.26730520045822
99.0	16.471878830363725
100.001	14.27843594168089
101.0	12.816541961708637
102.0	14.752960994310286
103.0	4.121095637199871
104.0	15.857520376506443
105.0	22.255570860686003
106.0	14.362065566188438
107.0	15.207272967951901
108.0	13.709328214336818
109.0	10.92848509856258
110.001	15.225194971890538
111.0	14.992541137302588
112.0	14.74943143551289
113.0	15.053871925237418
114.001	10.16977434495856
115.0	21.740194198743055
