0	18.6273965553926
0.999	20.419638181802615
1.999	13.709958894827672
2.999	17.971273859476494
3.999	16.224736856338875
5.0	13.356473208760688
6.0	10.516275560920716
7.006	12.404195953561532
7.9990000000000006	16.40868652728141
8.999	16.08926834370806
9.999	11.13263850962601
10.999	6.679751683271811
11.999	10.51166978176139
13.0	14.472367706236902
14.0	14.841162299577825
15.0	14.204234885033898
15.999	16.85098608221571
16.999000000000002	11.857173403774778
17.999000000000002	22.186050168149983
18.999000000000002	21.907742393532228
19.999000000000002	15.295113303245529
20.999000000000002	15.875118396564215
21.999000000000002	12.298667014544984
22.999000000000002	15.431190409859878
23.999000000000002	15.859355061040118
24.999000000000002	16.69240000840099
25.999000000000002	13.294702446903102
26.999000000000002	12.340141567496847
27.999000000000002	12.557063998343455
28.999000000000002	10.14743003937
29.999000000000002	9.498901771609106
30.999000000000002	13.53218934358834
31.999000000000002	11.164901504259216
32.999	20.39834666580525
33.999	14.74029348193674
34.999	16.05933453592541
36.0	10.987399474364803
36.999	15.587122621609627
37.999	17.52531722616038
38.999	15.390985639416865
39.999	17.03600766340002
40.999	11.095829843881232
41.999	13.574708273869973
42.999	9.389136962900086
44.0	7.023773624433162
44.999	8.741408639091569
45.999	8.956915018496293
46.999	10.66915286688296
47.999	15.110754407270909
48.999	13.1082923637988
50.0	12.710371743379955
50.999	15.353647380556124
52.0	13.849137022763449
52.999	14.347943171606175
54.0	12.303223787030513
54.999	11.839515205667121
56.0	10.107981505929926
56.999	9.589607500680037
58.0	10.636486469787389
58.999	11.36496096526662
60.0	8.959638570585254
60.999	12.178848901696885
62.0	9.429544192680279
62.999	12.45090701124262
63.999	12.970795204556206
64.999	12.492906170869547
66.0	18.477824493998963
67.0	18.760349769903616
67.999	17.592807537965157
68.999	16.88654900265392
69.999	16.229613121713108
71.0	16.644806759429933
71.999	16.047116153744835
72.999	12.442144924539331
73.999	12.822899353051769
74.999	11.67023737525261
76.0	8.685429379696886
77.0	9.17481420511894
77.999	6.137418504134513
78.999	7.673788523042031
79.999	7.836095278996047
80.999	6.973912955485294
81.999	5.366210515652846
82.999	7.532989177925825
83.999	5.996341964047323
85.0	5.23224155169595
86.0	8.322962952316306
86.999	7.099997144286317
87.999	6.89236887519787
89.0	5.48859396865671
90.0	5.289813186954558
91.0	5.523423114559514
91.999	4.979932449367449
92.999	4.078019917175112
94.0	9.497263324405747
94.999	9.273446088826605
95.999	6.000162581832834
96.999	9.347429491263167
98.0	11.274308817201685
98.999	12.935058082090706
100.0	15.012657090046593
100.999	15.347254507609069
101.999	9.304234345444277
102.999	13.021729261523724
104.0	12.383838226703707
104.999	12.206436028720182
105.999	10.263190625842714
106.999	12.468893005790894
107.999	13.270268525490156
108.999	18.354620447548424
109.999	15.547897698084752
110.999	16.432981187790663
111.999	16.96661292226534
113.0	18.078640403617236
113.999	19.418040453592774
114.999	15.57034805392174
116.0	17.495942119979468
116.999	15.179001612669538
118.0	15.820272662772556
118.999	15.085921382560393
120.0	17.651849245347424
121.0	14.960672125529335
121.999	14.63071874462198
122.999	14.226324592584348
124.0	12.505435426210756
124.999	13.38692890506965
125.999	15.494228724944325
126.999	17.0474582464976
127.999	18.743820056770627
129.0	20.93748063602763
129.999	19.228518094307034
130.999	16.706720750778935
131.999	20.00796743614583
132.999	18.197400335135786
133.999	17.431578725684393
135.0	19.629012203332103
136.0	13.217072903225807
136.999	17.463558689029664
138.0	20.05120968962053
139.0	15.228671369956881
140.001	16.06484065978109
140.999	16.705239129561694
141.999	16.08253624235935
142.999	15.240647898472329
144.0	16.847461252608383
144.999	17.277067303623532
145.999	16.076082140731515
146.999	14.231396209113788
147.999	12.552691137869182
148.999	12.933062377577176
