0	7.678758777896713
1.0	7.58140417437613
2.0	12.295758072500881
3.0	18.705895387484603
4.0	14.319182729786121
5.0	19.16164648623001
6.0	11.6810085286083
7.0	5.065162114151844
8.001	3.0334411898998184
9.001	5.649289735275339
10.0	5.759110705597703
11.001	8.143192531216796
12.001999999999999	9.612420032817955
13.001	5.373907042869481
14.001	8.23293113639849
15.0	8.78012442845862
16.0	0.7815595592462163
17.001	1.1631076096227404
18.001	19.966616392171478
19.0	28.033701022868755
20.001	21.308587151763962
21.0	13.02303700200522
22.001	18.916313953612768
23.0	16.98502695289231
24.0	16.39934016561234
25.0	29.601188841928096
26.0	27.753429133474217
27.001	16.94137489167081
28.0	11.575692686068598
29.0	18.808561050179215
30.001	9.204387614948605
31.0	12.908479118823932
32.0	8.130198807689142
33.0	13.29599273560632
34.0	13.197393699810654
35.0	11.424611035930718
36.001	9.97467645255637
37.001	15.534526400442173
38.001	24.746902978870885
39.0	18.63808608507369
40.0	22.798388700144848
41.0	17.10902211449007
42.001	29.290149681351604
43.0	13.727467884448904
44.0	9.419341756658792
45.0	15.70821359083635
46.0	24.336751434205425
47.001	15.661822524905114
48.0	30.753950252818186
49.0	27.80007312178504
50.001	24.059742399277283
51.0	25.690046931222085
52.0	21.934574925195736
53.001	18.24750042514977
54.0	25.784740699902233
55.001	20.10426992450638
56.0	25.316988628536
57.0	18.031324206368236
58.001	23.15059378072432
59.0	26.440145257194157
60.0	17.198554572281537
61.0	27.456520925841602
62.0	23.276650689866372
63.0	29.916474647623147
64.0	40.148285701401484
65.001	25.730588530861546
66.001	23.50275958984855
67.0	40.472418222942025
68.0	31.19395104401386
69.0	25.081188598765912
70.001	20.786247937397917
71.0	28.77817155380299
72.0	22.868810233711784
73.001	21.7395741681141
74.001	22.330326610678057
75.0	20.994842039476442
76.001	23.133588730012246
77.0	21.20482775156019
78.001	19.53060476073261
79.0	15.518196674690287
80.001	10.537219513971458
81.0	11.425588492727371
82.001	5.308499417085281
83.001	0.7815595592462163
84.001	7.087142341117787
85.0	1.448731324344533
86.001	0.7815595592462163
87.001	17.919303079605566
88.0	10.875755141955517
89.001	15.91299111988737
90.0	11.819445168379382
91.0	5.649289735275339
92.001	13.993595970323499
93.0	11.823782796965858
94.0	14.021630084011047
95.001	13.81433254408329
96.001	12.021982971981918
97.0	20.25155045374776
98.001	20.65740026855604
99.0	11.63406159586815
100.0	11.380389246155335
101.001	15.748113167356596
102.0	14.104819327223147
103.0	13.963163989086906
104.0	15.115152723738127
105.001	16.469917630610347
106.0	12.303391053135124
107.0	15.298773150328078
108.001	13.305601810247925
109.0	14.832962579272902
110.0	9.169033093327167
111.0	6.188484462466258
112.0	3.672242402241973
113.001	5.090808128204604
114.0	2.4532371279757066
115.0	1.5828628343771642
116.0	3.6048430613431073
117.001	3.9835706486805744
118.0	7.865574368436208
119.0	11.20599095160397
120.001	12.658322092738862
121.0	8.742642868621637
122.0	7.5804041841550776
123.0	6.114307410069156
124.0	14.238961292052887
125.001	10.933730232990198
126.0	14.297699211701776
127.0	17.14217734581915
128.001	19.44553510756203
129.0	16.60678574015161
130.0	12.206181170699587
131.001	15.28728961294245
132.001	13.415191569955649
133.0	11.958560702634873
134.0	11.884162097516121
135.0	15.485415769586096
136.0	12.846041580143014
137.0	15.08519746111641
138.001	14.102796811645549
139.0	19.904139770344784
140.0	15.408172080511102
141.001	6.721295014104074
142.0	7.513247705968557
143.001	8.958657972217603
144.0	1.8854304238814301
145.0	12.836641672065129
146.003	2.0732495975206824
147.0	9.622418161493387
148.0	12.275313827981607
149.001	10.411613016675222
