0	15.282914347470546
1.0	15.57475948269305
2.001	8.938129297686771
3.0	7.9219555036967355
4.0	14.759192255495917
5.0	16.78211880922998
6.0009999999999994	18.495495336955056
6.999999999999999	13.760699073151573
7.999999999999999	9.118185600715744
9.0	13.619796864558744
10.0	14.631260141425777
11.0	14.959086183730507
12.0	8.3066162520833
13.0	8.558482601658886
14.0	15.11900132631818
15.0	15.294907983164622
16.0	15.438831611493528
17.0	8.974261972386838
18.0	8.13070959523686
19.0	15.858608860786171
20.001	14.99285847258469
21.0	16.08178973133101
22.0	8.686414715729027
23.0	9.170158022056738
24.0	14.471344998838104
25.0	15.055035269283112
26.0	15.618736146904661
27.0	9.68188647833729
28.0	4.032884066427734
29.0	8.838334101187316
30.0	15.414844340105374
31.001	15.328344785705681
32.0	10.074967183180423
33.001	9.30556668824786
34.0	16.237863068691354
35.0	15.962553703468156
36.001	16.31882818634861
37.0	9.63476033421536
38.0	7.115248439805135
39.0	15.742670382410104
40.0	15.822627953703941
41.0	16.638195180901075
42.0	11.149107911579193
43.0	7.858853852837816
44.001	13.818656376661215
45.0	15.75763741527492
46.0	10.845893809188347
47.001	6.9352741362209995
48.001	7.12724207549921
49.001	10.152410236989175
50.0	5.930293078175864
51.0	8.280020989600214
52.0	9.425889508135295
53.001	10.831230636012373
54.001	16.726148509324297
55.0	11.085137164840477
56.0	8.354903129122471
57.001	5.07446709980018
58.001	5.046666425196552
59.0	8.37930321949029
60.0	9.365124877294608
61.0	8.476971167407289
62.0	8.062417708661089
63.0	10.183752980267833
64.0	9.878657063943217
