0	0.5574478257210387
1.0	8.738354755794118
2.001	12.966185076009657
3.0	14.139081732621285
4.0	14.838220300327935
5.0	18.050164541251856
6.0	19.723751153758645
7.0	16.983908099893267
8.001	18.689438570861636
9.001	15.038840044028298
10.0	15.660417187115545
11.0	15.203284592315105
12.001	6.439636949341454
13.0	14.75351144438743
14.0	19.93127470275655
15.0	14.104472335948278
16.0	12.945340174266105
17.001	8.987375357350189
18.0	17.166413087331737
19.0	17.79326296703283
20.0	14.721906998407972
21.0	15.248708281617821
22.001	8.124341601252155
23.0	14.295727733473095
24.0	14.415376182333008
25.001	21.30691754981894
26.0	16.22730080016307
27.001	13.848952169722486
28.001	11.76502207638109
29.0	6.947345457233624
30.001	17.947026351375563
31.0	20.46150208985054
32.0	18.592513342860894
33.0	6.340715280147624
34.0	17.65953197843227
35.001	19.193898155897045
36.0	9.922939578176798
37.0	18.87906778430806
38.0	19.08867550094296
39.0	16.771778912590396
40.0	15.24080891410082
41.0	6.650363043358272
42.0	10.532869612845639
43.001	20.226612589412927
44.001	18.669460067673153
45.0	19.75575220219094
46.0	15.552568757907887
47.0	9.418137665287304
48.0	8.503485810880463
49.0	15.439595706799002
50.0	20.293919871593637
51.0	15.030000940210686
52.0	12.96494437610159
53.001	15.566431079018853
54.0	3.6926869374841713
55.0	4.644798300101606
56.0	6.15016281047953
57.0	16.64007626570798
58.0	19.741317709556174
59.0	15.877215084649052
60.0	8.246239976828539
61.0	16.918647600759865
62.001	10.07434485052578
63.0	7.647758632931271
64.0	6.210854888587195
65.0	5.958326344677934
66.0	7.460490169041901
67.001	4.5606848695108315
68.0	7.778503419182397
69.001	6.694803969690658
70.0	5.507308709049813
71.0	7.956187111133564
72.0	4.213738467716205
73.001	15.475107460523626
74.0	8.164218234526762
75.0	12.092850480496597
76.0	10.516196271749681
77.0	10.631448881211531
78.0	13.153515025650574
79.0	10.053697142733007
80.001	7.559176209357477
81.0	6.611132603630585
82.0	7.508909849322797
83.0	10.79167857262531
84.001	12.544962437908064
85.0	10.428409092311373
86.0	12.4371661393119
87.0	11.676128604935341
88.0	16.07659735381495
89.001	10.591315538919414
90.001	8.417737199529823
91.0	18.358558167837813
92.001	14.273548901820389
93.0	14.693978699429659
94.001	14.837580300691513
95.0	8.738701772462512
96.0	15.295239184977692
97.0	11.040057389900197
98.0	14.676399570226987
99.001	14.529403754003551
100.0	9.691877646127772
101.0	14.299062880413047
102.0	8.898026188019415
103.0	6.541297806568752
104.0	4.717130082289094
105.001	8.388496910566742
106.0	4.7664371096824905
107.0	3.630292485515178
108.0	3.7588502723024844
109.001	6.6490352676580375
110.0	13.270482964237866
111.001	8.059499508364349
112.0	6.040989218878553
113.0	5.633549757459456
114.001	8.222366932616087
115.0	8.987031180911995
116.0	6.645636448895802
117.0	11.527092010250602
118.0	10.604308180331559
119.001	5.390777057777103
120.001	4.592396370942881
121.0	8.57819992736594
122.0	14.374967521406813
123.0	7.801428359766896
124.0	10.041657352901439
125.0	8.578785671086706
126.0	4.67338117055182
127.0	9.818297851590296
128.0	14.572581969809185
129.001	11.370285090877923
130.0	7.754641890305394
131.001	10.994050372727163
132.0	9.289761522293006
133.001	8.869942014238873
134.0	8.781786640762677
135.0	10.7574107627724
136.001	10.070617545587703
137.0	8.761995169699588
138.001	7.727564878330456
139.001	8.678537283748406
140.001	8.909442588423847
141.0	8.668961285252907
142.001	9.553767692516253
143.0	11.446249522960649
144.0	14.305008340770367
145.0	9.28367163542191
146.0	9.408610041803898
147.0	17.99299880035143
148.0	19.622222416013617
149.0	19.812774885681705
