0	0.7971943657381649
0.999	6.1564541894649265
2.0	6.850067291965885
2.999	5.536943322020707
3.999	8.953156587292984
5.0	19.2361707653885
5.999	12.343604707047088
6.999	11.194897387781896
7.999	6.3167711516856615
8.998999999999999	4.847033656402145
9.998999999999999	16.677548123915162
10.998999999999999	17.726516980896573
11.998999999999999	12.799532670874918
12.998999999999999	15.656075385629665
13.998999999999999	12.819051686641929
14.999999999999998	17.148808696712127
15.998999999999999	16.6805443497746
16.999	17.333849806369305
17.999	14.914083744225927
18.999	12.116474735932432
19.999	19.91688416235432
21.0	15.54109978725157
21.999	11.311104548744648
22.999	14.452178544782868
23.999	10.108491300697388
24.999	4.378684894896786
25.999	6.776698890537574
26.999	14.751555316591858
28.0	10.040395106172891
28.999	9.799862680044997
29.999	12.162332988688974
30.999	9.927385505196852
31.999	7.338835782937214
33.0	7.373060175446836
33.999	5.457617599410801
34.999	3.7982800332265714
36.0	5.797026221053848
36.999	1.1965295600548076
37.999	6.930833199743927
38.999	1.6902666867279175
39.999	2.9304035196328306
40.999	5.126904864556987
41.999	3.8044680051444386
42.999	8.080127914471976
44.0	8.847108031406313
45.0	9.369781974832692
45.999	8.96995214942309
46.999	9.984166873599715
47.999	11.112920211983019
49.0	11.344672191080775
49.999	11.828829108735416
51.0	7.767068664045082
52.0	11.199807408977595
52.999	10.158612620933315
54.0	4.586913926200467
55.0	12.4714759944379
56.0	7.3360646476870395
56.999	11.595214788321355
57.999	7.539016674480219
58.999	10.055960799959841
59.999	7.39559024711435
60.999	10.270441287478265
61.999	7.5623695424137365
62.999	7.989191631505059
63.999	6.169228377783123
64.999	1.735600307082727
65.999	3.2769433991462593
67.0	7.273425844996704
67.999	10.6898162249459
68.999	10.226587399538596
70.0	8.836222705311814
70.999	3.7782445182672078
71.999	1.962268408856776
73.0	10.284441429476692
73.999	15.422495752545672
75.0	14.37111537353173
76.0	13.82154349367501
76.999	11.71084371041459
77.999	13.172452143716471
79.0	13.655922571774846
79.999	16.08482715943982
81.0	16.004854994899745
81.999	14.814928853180724
82.999	14.796740963705153
84.0	12.92213064493798
84.999	16.60616049445341
85.999	14.040543891116052
86.999	7.819452871375389
87.999	16.305825889118587
88.999	6.073005414460288
90.0	19.135461341003115
91.0	7.73323828002406
92.0	19.959715689716255
92.999	6.242674288237837
93.999	11.869453587393746
94.999	13.078811986063702
95.999	13.287830915758963
97.0	7.004652361181945
97.999	8.6171405286283
98.999	5.630377092752673
99.999	9.633833498258378
100.999	14.520878485184063
101.999	12.634542506586568
102.999	18.118888208940813
103.999	11.812456985185042
104.999	19.627260172372406
105.999	13.511243606219702
107.0	14.23783060290799
107.999	14.090871234702163
109.0	10.25435223796363
109.999	12.502619722884868
110.999	13.67647590853962
111.999	11.106059634421905
113.003	18.330080699948226
113.999	20.66004937905029
114.999	16.362903204004482
116.0	25.653500535669032
116.999	20.687792769894585
117.999	22.85034605847073
119.0	19.07857543315372
119.999	10.690624159652504
120.999	25.1375550004431
121.999	27.010950046464536
123.0	25.450388413950225
123.999	19.21207309712855
124.999	12.712537856977423
125.999	24.669206238937743
126.999	25.399279308343157
127.999	19.424738613190904
128.999	11.622862906466738
129.999	3.589261103531309
131.0	24.768846052366946
131.999	24.55400272139869
132.999	25.317302132544278
133.999	19.31694683280423
135.0	12.741918024040183
136.0	27.286449317938274
136.999	27.919670191005768
137.999	26.094914968814347
139.0	20.193609108107626
139.999	9.994292167188846
141.0	4.051718726554326
141.999	25.09987034033611
142.999	28.347121513112175
143.999	21.57672691664501
144.999	14.82699476553838
146.0	24.521507253886412
146.999	25.64452605721362
148.0	25.85634388390403
148.999	19.692888506606035
