0	10.606656301267972
1.0	9.77477932518305
2.0	12.712022434820923
3.001	10.734425038657573
4.0009999999999994	9.876422040501527
4.999999999999999	9.29644880588268
6.0009999999999994	5.8518413683360295
6.999999999999999	10.32331438104092
7.999999999999999	9.184321936504777
9.0	9.367779238311446
10.0	8.423493392291137
11.0	8.101825448025457
12.001	5.099763154936809
13.001	7.356197771320565
14.0	9.12469149866612
15.0	8.49635705472976
16.0	9.48646535053367
17.001	10.34826737330263
18.001	7.240987339548
19.0	11.724975568926446
20.0	11.677180456603185
21.001	10.129434586424889
22.0	17.402880216080067
23.001	14.065098960402636
24.001	15.811261566380526
25.0	15.165822504906572
26.0	12.040263436588287
27.001	13.192957642752006
28.0	17.44580382378959
29.001	18.462012732185254
30.0	16.823191444676866
31.0	12.546090100100784
32.0	12.647931724842582
33.0	17.150403555532673
34.0	18.822750235503275
35.0	16.92367821969456
36.0	13.339895732918109
37.0	13.0392179672716
38.0	15.687100210558391
39.0	15.457768114383036
40.001	11.984691925490228
41.001	11.323215903339925
42.0	11.322566746649699
43.0	15.298504479802755
44.0	13.7373062918021
45.001	11.002736792975508
46.0	9.682876548628908
47.0	10.021489823606696
48.0	13.60267601896292
49.0	18.10252015148173
50.001	18.49949584765886
51.0	10.839403695610848
52.001	13.460694181849224
53.001	18.37250305243427
54.001	18.152739546412487
55.001	18.887071261655993
56.0	15.06354359591123
57.001	12.700322410813126
58.001	15.081410547620322
59.0	18.207697860633566
60.0	19.10147468216504
61.0	15.965824657220157
62.0	9.501561528872248
63.0	15.011729435954877
64.0	18.061618092696143
65.0	18.474344677176067
66.001	14.1460997219381
67.001	10.343094954370276
68.001	18.22242065807793
69.0	18.776435662784706
70.001	18.04434373119359
71.0	16.71073704176406
72.0	11.356151116275548
73.0	14.352438917889543
74.0	18.17953997397612
75.0	18.694108183197848
76.001	16.239799457678348
77.0	12.65445611321443
78.0	15.124291231722129
79.0	15.906863716580173
80.0	18.683388012172394
81.0	15.756781322223834
82.0	17.857934843212544
83.0	5.35821542753482
84.0	7.105603304683593
85.0	13.0392179672716
86.001	9.1233622484743
87.001	9.346119049003185
88.0	10.948242706761015
89.001	17.621319999419985
90.0	18.411584997253783
91.001	18.33885392420053
92.001	14.298838062762282
93.001	11.447272569991892
94.001	18.18490005948885
95.0	13.33466325501551
96.0	7.269829205929954
97.0	10.319393326243688
98.0	15.327974481205729
99.0	15.451256447998436
100.0	17.87937518526345
101.0	17.92225586936526
102.0	16.57151432015823
103.0	15.783581749787466
104.0	16.27134953144556
105.001	16.057738611092237
106.0	13.164173954764976
107.0	11.527673852682785
108.0	17.18256406860903
109.0	19.35339870126318
110.0	17.30048594988901
111.001	13.25721441213534
112.0	14.988427282419572
113.0	14.06835438571505
114.0	17.76145330398347
115.0	17.756093218470742
116.0	17.568490225525323
117.0	14.020113616100513
118.0	14.223796865584113
119.0	16.056946110936508
120.0	14.084434642253232
121.0	17.997297066543425
122.001	14.306741645396432
123.0	14.290918657139876
124.001	5.171570931399369
125.0	14.376765872558913
126.0	19.648203404463125
127.0	19.074674254601412
128.0	6.931034113424391
129.0	17.488088942834427
130.0	18.056258007183416
131.0	18.334982453845182
132.001	18.258532962471364
133.001	13.896831649307806
134.0	11.119937137599095
135.0	16.582234491183684
136.0	18.5011451047397
137.001	18.488786386094972
138.0	12.68128336803288
139.0	12.337046765104457
140.0	18.474344677176067
141.0	18.490424933714248
142.0	16.57133634856894
143.0	11.129645627694792
144.0	11.2650296625592
145.001	15.090257985222458
146.001	13.81669208954234
147.0	10.718440022810316
148.001	9.20344266565662
149.0	9.961324590730875
