0	2.6746662397717627
1.001	2.1117145882566204
2.0	0.5664139349115364
3.0	6.000835699223479
4.0009999999999994	9.239160013742499
4.999999999999999	9.53679602973189
5.999999999999999	8.35242138179007
6.999999999999999	8.799890282649207
7.999999999999999	10.706848522234571
9.0	7.908838235293888
10.0	10.049172453321905
11.0	6.5241618110369455
12.0	13.61056347083004
13.0	13.850678804495946
14.0	19.459000219532548
15.0	18.087972507475488
16.0	19.056387495600784
17.0	12.61536106356512
18.001	20.478867062002916
19.0	16.3286128265274
20.0	15.548972034790582
21.0	14.892850267623096
22.001	9.229455332516334
23.0	22.62847474240477
24.0	15.18202325012132
25.0	15.816178362155716
26.0	11.72622760742651
27.0	11.912816674742697
28.0	17.59956961299909
29.0	20.130677147134243
30.0	15.310666005499929
31.001	14.252367848999457
32.0	10.978213012749665
33.0	20.703400911286785
34.0	13.465673405021322
35.0	15.481736341329059
36.0	14.631715431450077
37.0	12.348021163393756
38.0	18.832555901312137
39.0	15.682593412946726
40.0	16.025778381090035
41.0	10.125236094976767
42.0	10.30256006673378
43.001	24.35338825643951
44.0	15.680914168542957
45.0	14.97499754345246
46.001	15.223964140808352
47.001	10.35371845151857
48.001	20.088443854401866
49.0	16.952961465332546
50.0	14.494171869983823
51.001	15.572968739404256
52.001	9.531626401123335
53.0	20.41915694644987
54.0	16.631251768732866
55.0	13.857891736032183
56.0	15.773204347497902
57.0	9.519191987161877
58.001	20.391913118216493
59.001	17.482110544396363
60.0	15.409684429882427
61.001	14.892767632262455
62.001	7.09448126467741
63.001	23.11000644703635
64.0	16.617868634132698
65.0	16.036585635412006
66.0	15.48179705624098
67.0	11.749481418692323
68.0	18.57321822653199
69.0	14.111230777514523
70.0	16.161731211863955
71.0	13.754737100678089
72.001	12.034144599432192
73.001	18.67178281454484
74.00200000000001	15.186043098917116
75.00000000000001	15.171136567553852
76.00000000000001	16.526785691281276
77.00000000000001	11.47632502995891
78.00000000000001	4.408647849002307
79.00000000000001	15.481493481681374
80.00000000000001	20.504996722110736
81.00100000000002	23.888703857627736
82.00000000000001	14.406010414435753
83.00000000000001	16.46381218463662
84.00000000000001	16.08870331580515
85.00000000000001	16.29315471020855
86.00000000000001	13.981495153721333
87.00000000000001	11.26007065667803
88.00000000000001	16.99227477799862
89.00100000000002	18.855552902451006
90.00000000000001	16.06151583462427
91.00000000000001	14.32931874113542
92.00000000000001	10.750344685134909
93.00000000000001	16.70006604990434
94.00000000000001	18.43110890368926
95.00000000000001	15.226442279682859
96.00100000000002	13.539013124618775
97.00000000000001	11.37028912865152
98.00000000000001	18.7641787675065
99.00000000000001	17.626138458455795
100.00100000000002	15.492541193742428
101.00000000000001	11.539865452217578
102.00100000000002	9.726504843217366
103.00000000000001	11.136156869707401
104.00000000000001	4.726223267297262
105.00100000000002	14.758139441952503
106.00000000000001	12.835165527086293
107.00100000000002	11.211891220842425
108.00000000000001	17.074257582662177
109.00000000000001	16.558272444603602
110.00100000000002	16.197283013534893
111.00100000000002	15.185799717642817
112.00000000000001	12.58969252483437
113.00000000000001	15.761267795814199
114.00100000000002	18.75533993793934
115.00100000000002	13.217227985439832
116.00100000000002	16.930904145028688
117.00000000000001	9.380991476977982
118.00000000000001	17.16509370329108
119.00000000000001	11.609023541453853
120.00100000000002	11.478211935391418
121.00100000000002	14.312415709656563
122.00000000000001	12.28837882080749
123.00000000000001	15.935349591274619
124.00100000000002	13.663014688986078
125.00000000000001	15.203922261914094
126.00000000000001	12.994379972724312
127.00000000000001	11.242317616432278
128.0	12.67855314389269
129.001	13.042970474594961
130.0	9.102590207179619
131.0	8.596009608417866
132.001	9.528856879195015
133.0	5.455307487263131
134.0	8.421442093662073
135.0	8.454021715398982
136.0	9.741092847251425
137.001	8.974319263080496
138.001	10.630979168297857
139.001	6.3194554140034755
140.001	3.5578012163211974
141.0	7.6919743426419815
142.0	9.249532777355123
143.0	8.376768061470464
144.001	9.439052185298403
145.0	10.281322513214663
146.0	7.842318977793036
147.001	5.643830367331099
148.0	4.457881212502641
149.001	4.795629097312874
