0	15.875597994370784
0.999	21.748367219966084
2.0	26.950973915079352
2.999	24.90149181028712
3.999	15.26080250253712
4.9990000000000006	21.45212572828371
5.9990000000000006	19.6726860285155
6.9990000000000006	19.104723770429942
8.0	17.76924550030666
9.0	13.404551133271852
9.999	18.868068886739493
10.999	11.004069780164462
12.0	10.269214535610528
12.999	9.640634951279369
13.999	7.798388285682332
14.999	8.018937203770538
15.999	6.286679188672212
16.999000000000002	7.135072634897622
18.000000000000004	6.700086366784151
19.000000000000004	5.7862223805055395
19.999000000000002	6.807565531636253
20.999000000000002	6.115093997300782
21.999000000000002	6.353406763094436
22.999000000000002	9.847071909629406
23.999000000000002	9.928098249999248
25.000000000000004	8.885612031105575
25.999000000000002	8.095742644034384
26.999000000000002	6.353406763094436
27.999000000000002	5.171375444757911
28.999000000000002	5.18567421070553
29.999000000000002	5.219037997916642
31.000000000000004	4.881195726760656
31.999000000000002	3.9592628053337195
32.999	2.7119877017674003
33.999	0.9627720008419782
34.999	0.6767966818895932
36.0	0.6767966818895932
37.0	0.6767966818895932
37.999	18.130541832443626
38.999	21.74177827685665
39.999	27.317589836885745
41.0	20.79245497982619
42.0	18.217280974272413
43.0	18.76883713097395
43.999	15.32132754451159
44.999	16.144242775684585
45.999	24.033017623851862
47.0	18.480022082538405
47.999	10.381064261955512
48.999	13.360735528023858
50.0	20.367961447512535
50.999	26.742626628543547
51.999	21.470794740203452
52.999	18.62494430728347
53.999	14.668188662803
55.0	16.201131577931783
55.999	24.613503033274235
56.999	15.299894282041787
57.999	21.6459581588595
58.999	14.566103111260055
59.999	16.325275618542676
60.999	24.601757757434072
62.0	18.470499094894308
62.999	18.51089314909038
63.999	16.447868796815634
64.999	16.520791088829405
66.0	22.4934668573649
66.999	18.51089314909038
68.0	18.388663569026882
69.0	16.110963847618567
69.999	15.9060260250264
70.999	23.35438489737846
71.999	17.8662469774179
72.999	18.18376161196197
73.999	16.28730115111502
74.999	17.911123321979517
75.999	22.371588708521763
76.999	18.353550618095667
77.999	17.718394060289896
78.999	13.56468034005617
79.999	17.2883703425477
80.999	18.883764699807138
81.999	16.67442857101436
82.999	14.564222066877235
84.0	13.192291354249122
85.0	14.398845736288202
85.999	19.660710497564267
86.999	15.498761688559567
87.999	15.803872744729684
88.999	14.929300252244097
89.999	14.866278193824124
90.999	17.440084350777283
92.0	16.915426296548368
92.999	16.924987004120176
93.999	14.880449671054107
94.999	17.15160568704475
95.999	16.893506597254344
96.999	15.448072492559302
97.999	15.022659455033644
98.999	14.45158569496147
100.0	14.841124606610284
101.0	18.64419319002799
101.999	16.56523462909931
102.999	10.151376803921174
103.999	13.406163457028558
104.999	16.11527752082729
106.0	19.63512939983206
106.999	16.7239668170783
107.999	16.729445583414197
108.999	15.330740581281905
110.0	13.915331962111553
110.999	11.659133027741353
111.999	11.383079008516885
112.999	8.109496054772126
114.0	7.01223972883333
114.999	18.334294387687436
115.999	13.004878703090082
116.999	11.82735906263416
117.999	9.980527058473852
118.999	2.2765612851211547
119.999	13.435270143794336
121.0	7.262055670280465
121.999	14.958856958636995
122.999	16.00085910686464
123.999	15.515535512905638
125.0	12.693690892865266
125.999	16.19135322057835
127.0	14.687640608423518
127.999	16.480672788321712
128.999	14.189130502389785
129.999	13.47794015058362
130.999	20.501957880714016
132.0	14.912377465199611
133.0	17.349313351912976
134.0	16.095830633410895
134.999	16.19993257358542
135.999	17.348295042171898
136.999	15.380878192839086
138.0	16.333817597168817
138.999	15.81759922819116
140.0	14.942006107765906
140.999	19.71152122024145
141.999	12.867760467815929
142.999	15.163568065455136
143.999	16.595339847790733
144.999	8.96513081471186
146.0	8.200239501965957
146.999	20.073949334071457
148.0	26.372247544304244
148.999	16.464943974475418
