0	0.6241356100388691
0.999	6.792835151973234
1.999	16.04324234783421
2.999	15.108441036064725
3.999	15.184121292965607
5.0	14.582198377559816
5.999	16.63086658880393
7.0	16.668713910881195
8.0	8.785510800498916
8.999	20.48458056973765
9.999	19.933136300111972
10.999	19.333801595831698
11.999	16.565349599645486
12.999	6.273516648645951
13.999	19.3546480203284
14.999	19.656921175530627
15.999	17.592829961728697
16.999000000000002	10.794605319205292
17.999000000000002	7.8995377593889495
19.000000000000004	20.17416657535547
19.999000000000002	13.535293516125307
21.000000000000004	14.51429146865378
21.999000000000002	13.846366962562179
22.999000000000002	12.259697733027924
24.000000000000004	7.61633043997767
24.999000000000002	19.16797468935006
26.000000000000004	15.515262490677493
26.999000000000002	18.062242574028232
28.002000000000002	7.124354215566806
28.999000000000002	20.911240292012916
29.999000000000002	14.706261798618769
30.999000000000002	15.409095743271354
31.999000000000002	17.794535405003455
32.999	9.5359820823803
33.999	16.149510253959992
34.999	20.183293394072432
35.999	19.281685534589936
36.999	19.17745341210641
37.999	9.025244682211024
38.999	15.909776372247883
39.999	20.04779163484385
40.999	19.547477446922926
41.999	18.869968650780013
42.999	2.1250781738016364
43.999	8.379005522813166
44.999	15.393827365954433
45.999	20.152023757327374
46.999	21.72592880682861
48.001000000000005	10.402398597515315
48.999	15.736748960105142
49.999	19.297320352962462
50.999	28.32941038613377
51.999	21.16033721641874
53.0	18.7000639783722
54.0	15.782611147034341
54.999	15.540255108742898
55.999	16.161409409348984
56.999	17.472281033352484
57.999	15.674093699983867
58.999	17.364638973268182
59.999	13.367418507370669
61.0	15.143777735338286
61.999	14.61658196298982
62.999	15.394987762630521
64.0	15.93195750612395
64.999	15.3342313587608
65.999	13.867915915819392
66.999	16.35962348367727
68.0	15.53111557108847
68.999	18.822665842322696
69.999	17.857665055749823
70.999	15.743004976274246
72.0	17.107597137653347
72.999	11.151684317333888
73.999	4.418184868439198
74.999	12.892256426349824
75.999	19.427610506066873
76.999	19.62043993266139
77.999	14.445315051354353
78.999	10.510552427601265
79.999	20.97024591882305
80.999	28.8031168818504
82.0	17.381594091902084
82.999	18.875985440920932
83.999	17.308105261522723
85.0	15.914294388308772
85.999	18.027456961642528
87.0	20.700012947525106
87.999	15.04865105883507
88.999	11.485122772822226
90.0	11.713767023121253
90.999	20.015066504496545
91.999	20.21456303081749
93.0	15.628979615909028
93.999	11.318622651641839
94.999	15.268748818974203
95.999	20.626279914627414
96.999	20.209351424693313
98.0	10.307601841292403
98.999	7.510341900241756
99.999	7.513878906199905
100.999	19.365071232576756
101.999	18.68971018817642
102.999	11.22688361780201
104.00099999999999	11.21831711337732
104.999	19.595844076103408
106.0	21.147763323827963
106.999	21.84095453598973
107.999	21.074478041306577
108.999	9.65063741711218
109.999	11.636259350423337
111.0	16.97056306990586
112.0	6.791104460771419
113.0	9.07761521640807
114.0	8.796616000267424
114.999	6.514366848955887
115.999	3.347077662902438
117.0	7.331229211316623
117.999	6.006572307518799
118.999	4.6975452787478265
120.0	8.300321203777528
120.999	10.58004482943845
121.999	13.660988687502243
122.999	12.235991032513851
123.999	5.896235045144793
124.999	12.610829695644302
125.999	20.094696089961435
127.0	18.705961853060053
127.999	12.968840283855037
129.0	8.898355528376623
129.999	13.28957300402994
130.999	14.996900450305503
131.999	14.860818492738876
132.999	11.030522106588169
133.999	7.774184381617014
135.0	18.773645049477928
135.999	18.189178473003352
136.999	18.750101709923957
137.999	18.9377195303943
138.999	9.65063741711218
139.999	13.168471550931162
140.999	20.292737122680133
142.0	19.950291387204043
142.999	11.618549214672157
143.999	6.640028956679575
145.0	10.309971159917009
145.999	12.330706681598414
146.999	13.723334561546345
147.999	14.123579804532156
148.999	11.263914522254652
