0	39.663014149146676
1.0	24.149571880910454
2.0	21.590942861728415
3.0	34.010945669588025
4.0	28.669674250747622
5.0009999999999994	19.88373382457105
5.999999999999999	14.163169847240674
6.999999999999999	22.043693714378197
7.999999999999999	14.659085007473218
9.0	9.051070036805761
10.0	12.543240531360587
11.001	15.09649388098905
12.0	11.74299001483325
13.0	13.693602576625706
14.0	0.6287764911147066
15.0	0.9163670024309865
16.001	1.3777656938238492
17.0	0.7727670928230042
18.0	2.30296411056305
19.0	16.66194749699731
20.0	2.0564579580062388
21.001	0.5774210426653709
22.0	0.5774210426653709
23.0	0.5774210426653709
24.0	0.5774210426653709
25.0	0.5774210426653709
26.001	0.5774210426653709
27.001	0.5774210426653709
28.001	0.5774210426653709
29.0	0.5774210426653709
30.0	0.8444693746019165
31.0	0.7006741189437765
32.001	0.8125904103662496
33.0	0.916706287675997
34.0	0.8650115539816507
35.0	0.9471802715005878
36.001	0.8442025930515303
37.001	0.9882646302600564
38.0	0.9578317719197094
39.0	1.0293489890195249
40.0	0.5774210426653709
41.0	0.5774210426653709
47.181	0.5774210426653709
48.134	0.5774210426653709
49.09	0.5774210426653709
50.04900000000001	0.5774210426653709
51.00300000000001	0.5774210426653709
52.00000000000001	0.5774210426653709
53.00000000000001	0.5774210426653709
54.00000000000001	0.5774210426653709
55.00000000000001	0.5774210426653709
56.00000000000001	0.7520295673931122
57.00000000000001	0.8650115539816507
58.00000000000001	1.4710058456838118
59.001000000000005	0.9981150259666223
60.001000000000005	1.2861262312662034
61.00000000000001	1.2045846773819828
62.00000000000001	1.4299214869243433
63.00000000000001	0.6082343117349723
64.0	0.9369091818107207
65.0	0.5774210426653709
66.0	0.5774210426653709
67.001	0.5774210426653709
68.0	0.5774210426653709
69.001	0.5774210426653709
74.0	1.941528469805482
75.0	21.06824497395031
76.001	39.87304634834642
77.0	46.115627033800706
78.0	61.576355980403086
79.0	51.729764027035856
80.0	26.60613004142375
81.0	53.212214479603034
82.001	15.781503162042215
83.0	10.524449238736729
84.0	17.41173704435761
85.0	26.224331998263615
86.0	24.601499827264607
87.0	20.82746868745194
88.001	28.19071209554862
89.0	36.17637851019385
90.0	46.528569546517794
91.0	39.32966336032605
92.0	28.41265318441335
93.0	28.504513909414122
94.0	12.502156172601119
95.001	2.7424559323376654
96.0	23.61739392833526
97.0	21.37695674685436
98.001	14.491104978189684
99.0	9.121240394296596
100.0	3.689561218695114
101.0	17.154959802110934
102.0	10.478751503697293
103.0	4.8707365330298344
104.0	2.0153735992467703
105.0	0.5774210426653709
106.0	30.312225694830737
107.0	25.875114948808132
108.001	19.44708531805565
109.0	18.590840769203375
110.0	22.3722161943992
111.001	17.578061639619857
112.001	22.1688059493245
113.0	17.59309014850132
114.0	9.122967664634832
115.0	4.7680256361311635
116.0	3.8128142949735193
117.0	2.51865699405026
118.001	2.465413553090499
119.0	0.6288278979700112
120.0	0.6698608498741752
121.0	2.9192294919550785
122.001	24.685436360761287
123.001	32.65897158189421
124.0	34.59847788327634
125.0	41.38671575331775
126.0	47.76055170510476
127.0	45.72047556421175
128.0	29.032301625020736
129.001	34.02747954903828
130.0	31.94054515864989
131.0	17.052248905212263
132.0	26.18029127244208
133.0	10.050322103784941
134.0	31.770720430791865
135.0	26.55300686833936
136.001	14.911798961490938
137.001	13.077337195233678
138.001	24.98153014578969
139.0	22.91966408808771
140.0	25.60724371057596
141.001	29.139853988973385
142.0	35.748374490568445
143.0	30.42453716517839
144.0	33.32964021283049
145.0	23.086681727069422
146.0	25.626261989408235
147.0	18.535888000206448
148.0	9.652462148854598
149.0	7.263900430768878
150.0	8.435018001490374
151.0	24.10827417607434
152.001	11.56676875280294
153.0	4.381528335208755
154.0	10.838239642842641
155.001	13.803629444502276
156.0	6.6434299686129314
157.0	8.558057731692138
158.0	7.202273892629675
