0	9.931435271253353
1.001	9.58081849874192
2.0	9.172844924529294
3.0	10.419965788827653
4.0	11.886647176537572
5.0009999999999994	11.682005288120816
5.999999999999999	10.477906537470414
6.999999999999999	10.544295394626182
7.999999999999999	11.232890134433404
9.0	9.9553826342251
10.0	7.992850050445703
11.0	12.846526843784439
12.0	10.564299783959527
13.0	7.763524240167684
14.001	5.345867479928639
15.0	16.625625444385918
16.001	10.613921070334357
17.001	9.033346690985411
18.0	10.949151920201086
19.0	13.93460100779227
20.0	10.815642947613828
21.0	11.97344618606893
22.0	8.108680474729615
23.001	13.16506084795844
24.001	10.283835740484097
25.001	11.299944203330288
26.001	12.516266543140226
27.001	11.514400919211162
28.0	9.085985895489465
29.0	10.896501476591812
30.0	9.516762242522976
31.0	9.719346943803963
32.0	8.160775984160775
33.001	9.57786910087681
34.0	4.683095534191622
35.0	10.085831650714148
36.0	13.823664322759406
37.0	8.891795059486213
38.0	8.554422285890297
39.001	9.402379927902988
40.0	8.962579624722498
41.0	9.219729268347479
42.0	9.018325505971685
43.0	8.795468020151628
44.0	8.914116594095649
45.0	9.014836368297264
46.0	8.940311966174377
47.0	9.262171496879407
48.0	9.155618600206711
49.001	10.061132409859127
50.001	9.862034781674058
51.0	10.073200239775925
52.0	9.593585896908237
53.001	9.596727372074916
54.0	9.735301690987214
55.0	9.626750597828948
56.0	10.540287359554025
57.0	9.893750148483857
58.0	9.762656983501067
59.001	9.540599436945016
60.0	11.467628411206423
61.0	10.516167577066234
62.001	12.21910851449525
63.0	12.875050958462964
64.001	14.144788255761739
65.001	14.182374515210434
66.0	14.325665700487939
67.0	13.817562805082598
68.0	13.186216762656446
69.0	12.658014997790286
70.0	13.780050101829147
71.001	15.542454278619896
72.0	15.940290779437898
73.001	15.81932230002979
74.001	14.965918532296193
75.0	16.19103476893023
76.0	17.941795108302813
77.0	18.45760596117135
78.0	19.316873212298898
79.0	21.05361385600898
80.0	21.309653935763464
81.0	19.828085560642684
82.001	20.176065575533382
83.001	22.63334330437013
84.0	22.76263361836693
85.0	22.173385493812898
86.0	21.20424619196853
87.001	19.48800680388123
88.0	20.162459911121996
89.001	19.64764072893779
90.0	20.01457836183499
91.0	22.97705020482115
92.0	23.093533724105658
93.0	25.02856474580513
94.001	24.99062690025578
95.0	24.35394762889843
96.0	21.063508692593366
97.0	22.738402134397628
98.0	21.670815471093444
99.001	22.441408700028664
100.0	24.29130416997136
101.0	24.903904119252875
102.0	25.740688798647554
103.0	23.468777061229325
104.0	17.136752635238505
105.0	18.68674389480536
106.0	17.905517022995692
107.001	18.75442005427498
108.0	22.779057936261463
109.001	15.619665939700663
110.0	15.892988027464668
111.0	8.847321973897635
112.0	9.632780543450899
113.0	15.275422937031031
114.0	19.732375830281264
115.0	14.672750449083132
116.001	17.722997745708724
117.0	18.03321814542653
118.0	28.4662063267542
119.0	24.497303275593712
120.0	23.600093888883553
121.0	23.381056561491643
122.001	22.73791256116473
123.001	22.449546267489872
124.0	22.47122287448035
125.0	20.658768722360552
126.0	23.671710676277755
127.006	25.711437865430522
128.0	29.48419126991094
129.0	25.552731636078562
130.0	25.983157027499225
131.0	24.944861227646463
132.0	24.100525696464068
133.001	20.2383157456257
134.0	19.244990707382204
135.0	13.464810986198657
136.0	22.734403045832323
137.0	18.300711070411563
138.001	12.830304190268873
139.0	12.799834030438888
140.0	10.573568365063885
141.001	12.509829768301849
142.0	18.464128125868783
143.0	13.674409748855915
144.0	10.834189056329404
145.0	15.759205295349759
146.001	10.355741506306096
147.0	10.721083161302506
148.0	13.892471907000356
149.0	14.215539216131148
