0.3000 4.1811
0.8845 5.9826
1.7195 7.2030
2.5545 9.6583
3.3895 13.0289
4.2245 2.2052
5.0595 2.2488
5.8945 1.9291
6.7294 2.1907
7.5644 2.1761
8.3994 13.0434
9.2344 13.9151
10.0694 12.8255
10.9044 12.2298
11.7394 11.5761
12.5744 11.7504
13.4094 11.5615
14.2444 12.3025
15.0794 11.9974
15.9144 9.7164
16.7494 12.1427
17.5844 12.1427
18.4194 12.0119
19.2544 14.1185
20.0893 13.5810
20.9243 9.8036
21.7593 11.1983
22.5943 10.6898
23.4293 0.6652
24.2643 0.5635
25.0993 5.4015
25.9343 10.6753
26.7693 11.2710
27.6043 14.1912
28.4393 14.0023
29.2743 11.9102
30.1093 13.6972
30.9443 15.1791
31.7793 13.5810
32.6143 12.8255
33.4492 12.1717
34.2842 11.8521
35.1192 1.8856
35.9542 13.0725
36.7892 11.8957
37.6242 10.4719
38.4592 3.3239
39.2942 10.4428
40.1292 9.8036
40.9642 0.6361
41.7992 1.2608
42.6342 2.0308
43.4692 9.0190
44.3042 10.9077
45.1392 10.7334
45.9742 11.7068
46.8092 10.9513
47.6441 10.7770
48.4791 10.9949
49.3141 0.5054
50.1491 4.8930
50.9841 11.3581
51.8191 11.2710
52.6541 8.9464
53.4891 9.2951
54.3241 9.7745
55.1591 12.3751
55.9941 13.3340
56.8291 12.4768
57.6641 16.0508
58.4991 15.7603
59.3341 14.4091
60.1691 14.9612
61.0040 13.1015
61.8390 13.6972
62.6740 6.2296
63.5090 0.6942
64.3440 6.7526
65.1790 17.2131
66.0140 21.4264
66.8490 20.2641
67.6840 16.1961
68.5190 20.2641
69.3540 18.3754
70.1890 20.4094
71.0240 21.8622
71.8590 19.8282
72.6940 21.4264
73.5290 19.1018
74.3639 1.9291
75.1989 12.7674
76.0339 12.4914
76.8689 14.8014
77.7039 16.7773
78.5389 11.3581
79.3739 6.4766
80.2089 0.5054
81.0439 0.5054
81.8789 0.5054
82.7139 0.5054
83.5489 0.5054
84.3839 0.5054
85.2189 0.5054
86.0539 0.5199
86.8889 2.9026
87.7239 5.1109
88.5588 9.9925
89.3938 12.8691
90.2288 10.6026
91.0638 9.5130
91.8988 10.6608
92.7338 9.5857
93.5688 12.8255
94.4038 13.2032
95.2388 15.4697
96.0738 2.2342
96.9088 16.4867
97.7438 15.6150
98.5788 17.5037
99.4138 16.6320
100.2488 15.0338
101.0838 11.5179
101.9187 13.6536
102.7537 13.2759
103.5887 14.0168
104.4237 12.2153
105.2587 1.1737
106.0937 0.6506
106.9287 2.8299
107.7637 6.1424
108.5987 9.2951
109.4337 13.8134
110.2687 10.2249
111.1037 0.6216
111.9387 0.6361
112.7737 1.7548
113.6087 1.2754
114.4437 1.3916
115.2786 1.9291
116.1136 2.0018
116.9486 2.2488
117.7836 1.0865
118.6186 1.3480
119.4536 1.5514
120.2886 0.9267
121.1236 1.2463
121.9586 1.3625
122.7936 2.3069
123.6286 2.3069
124.4636 2.3069
