0.3000 0.5881
0.8896 0.5881
1.7320 0.5881
2.5744 0.5881
3.4167 4.1035
4.2591 19.5904
5.1014 23.5808
5.9438 20.9205
6.7861 2.8874
7.6285 2.5074
8.4708 16.1700
9.3132 22.2507
10.1555 23.0108
10.9979 23.0108
11.8403 20.7305
12.6826 20.5405
13.5250 17.6711
14.3673 7.5429
15.2097 0.7212
16.0520 0.6451
16.8944 0.7972
17.7367 2.2983
18.5791 2.6214
19.4215 2.3933
20.2638 2.4314
21.1062 2.5074
21.9485 2.3553
22.7909 2.6594
23.6332 2.9064
24.4756 2.8304
25.3179 2.5264
26.1603 2.4314
27.0027 2.9444
27.8450 2.8684
28.6874 16.1700
29.5297 16.8920
30.3721 16.1890
31.2144 14.8968
32.0568 15.8089
32.8991 14.5168
33.7415 10.3363
34.5838 12.4835
35.4262 15.6189
36.2686 15.6759
37.1109 17.3291
37.9533 18.8303
38.7956 15.9229
39.6380 15.6759
40.4803 20.7305
41.3227 23.3908
42.1650 16.1890
43.0074 20.9205
43.8498 19.5524
44.6921 17.4811
45.5345 17.1771
46.3768 16.7780
47.2192 23.9609
48.0615 26.8112
48.9039 17.6901
49.7462 17.8612
50.5886 15.9799
51.4309 16.6260
52.2733 16.9871
53.1157 18.6212
53.9580 19.9704
54.8004 17.2151
55.6427 18.9633
56.4851 18.9063
57.3274 18.8493
58.1698 16.9300
59.0121 18.9633
59.8545 21.3006
60.6969 23.9609
61.5392 21.3006
62.3816 20.9205
63.2239 22.4407
64.0663 17.1961
64.9086 17.6711
65.7510 16.3790
66.5933 20.7305
67.4357 18.3172
68.2781 4.5786
69.1204 2.9064
69.9628 12.1225
70.8051 16.1130
71.6475 21.1105
72.4898 18.0322
73.3322 22.4407
74.1745 24.5309
75.0169 17.1391
75.8592 24.5309
76.7016 25.1010
77.5440 29.6615
78.3863 25.1010
79.2287 30.4216
80.0710 12.6735
80.9134 19.0203
81.7557 17.0631
82.5981 20.9205
83.4404 20.7305
84.2828 20.1604
85.1252 10.7923
85.9675 1.4432
86.8099 1.6333
87.6522 5.0157
88.4946 10.1082
89.3369 13.9657
90.1793 13.8137
91.0216 1.1202
91.8640 0.9872
92.7064 1.2532
93.5487 1.3102
94.3911 3.1534
95.2334 1.1392
96.0758 1.8613
96.9181 1.7283
97.7605 2.4694
98.6028 2.0323
99.4452 1.5953
100.2875 1.9943
101.1299 1.2342
101.9723 1.9183
102.8146 1.5953
103.6570 2.1653
104.4993 2.6024
105.3417 5.2437
106.1840 8.0940
107.0264 9.8802
107.8687 10.1463
108.7111 11.8945
109.5535 13.0156
110.3958 14.4598
111.2382 12.8256
112.0805 16.9681
112.9229 16.1510
113.7652 17.0821
114.6076 5.8518
115.4499 2.7164
116.2923 5.1297
117.1346 10.1463
117.9770 10.8873
118.8194 14.4408
119.6617 15.7519
120.5041 16.2840
121.3464 16.9110
122.1888 14.5358
123.0311 13.4336
123.8735 14.5738
124.7158 14.4408
125.5582 13.9277
