0.3000 17.0465
0.8897 16.1417
1.7321 17.9512
2.5745 17.7341
3.4169 17.6074
4.2593 17.9331
5.1017 19.6702
5.9441 17.6255
6.7864 22.3843
7.6288 24.9175
8.4712 10.0620
9.3136 1.0691
10.1560 0.7977
10.9984 0.9062
11.8408 1.4129
12.6832 0.7253
13.5256 1.7386
14.3680 0.8520
15.2104 2.3719
16.0528 3.1138
16.8952 5.7736
17.7376 7.8726
18.5800 8.3250
19.4224 8.4516
20.2648 7.6193
21.1072 7.0222
21.9496 7.9088
22.7920 10.5687
23.6344 8.4154
24.4768 11.0210
25.3192 11.7629
26.1616 12.0705
27.0040 8.7773
27.8464 1.5395
28.6888 1.1053
29.5312 1.3043
30.3736 1.4491
31.2160 1.9919
32.0584 2.1728
32.9008 2.0100
33.7432 12.8124
34.5855 11.6000
35.4279 12.8305
36.2703 15.1827
37.1127 15.7618
37.9551 15.0923
38.7975 9.3201
39.6399 11.1296
40.4823 15.1285
41.3247 17.1188
42.1671 12.9028
43.0095 14.4590
43.8519 13.7533
44.6943 13.0838
45.5367 17.6798
46.3791 15.9608
47.2215 14.0971
48.0639 11.9981
48.9063 10.8763
49.7487 11.8172
50.5911 12.9571
51.4335 11.6724
52.2759 13.6085
53.1183 15.0380
53.9607 14.1152
54.8031 16.1237
55.6455 16.4674
56.4879 16.9741
57.3303 16.9741
58.1727 14.8570
59.0151 15.6351
59.8575 15.4180
60.6999 6.2984
61.5423 2.8966
62.3846 10.0801
63.2270 16.4855
64.0694 21.1177
64.9118 17.1731
65.7542 17.2636
66.5966 19.6702
67.4390 22.5653
68.2814 21.8415
69.1238 13.2647
69.9662 17.7702
70.8086 21.6605
71.6510 17.1369
72.4934 20.7558
73.3358 17.3541
74.1782 17.3722
75.0206 17.5531
75.8630 18.4035
76.7054 16.3046
77.5478 15.8341
78.3902 15.1646
79.2326 13.7895
80.0750 13.8257
80.9174 1.2319
81.7598 0.8881
82.6022 1.4853
83.4446 3.5118
84.2870 2.3719
85.1294 2.6614
85.9718 2.8423
86.8142 7.5831
87.6566 14.2418
88.4990 15.7437
89.3414 15.6532
90.1837 14.9113
91.0261 16.1960
91.8685 16.0513
92.7109 16.8112
93.5533 17.0284
94.3957 16.9017
95.2381 16.2503
96.0805 18.5121
96.9229 16.4674
97.7653 14.7304
98.6077 13.7895
99.4501 17.1007
100.2925 15.0199
101.1349 16.5941
101.9773 19.3083
102.8197 16.3951
103.6621 20.5749
104.5045 14.8389
105.3469 14.7666
106.1893 18.7473
107.0317 20.0320
107.8741 18.9464
108.7165 18.1502
109.5589 13.6447
110.4013 14.2237
111.2437 14.5132
112.0861 16.4493
112.9285 15.1827
113.7709 15.6894
114.6133 17.4807
115.4557 15.2913
116.2981 12.6314
117.1404 2.2995
117.9828 2.7881
118.8252 2.0643
119.6676 2.9147
120.5100 9.7725
121.3524 14.6218
122.1948 18.0598
123.0372 15.2913
123.8796 16.0875
124.7220 19.6702
125.5644 16.8112
