0.3000 14.1119
0.8898 11.8875
1.7323 16.5095
2.5749 21.0383
3.4174 20.6387
4.2600 21.7043
5.1025 15.8435
5.9451 9.6364
6.7876 0.6588
7.6302 0.9785
8.4727 1.7910
9.3153 4.7347
10.1578 2.2306
11.0004 17.4419
11.8429 18.5075
12.6855 21.8375
13.5280 24.2351
14.3706 24.3683
15.2131 23.7023
16.0557 24.6347
16.8983 24.6347
17.7408 24.6347
18.5834 22.2371
19.4259 22.5035
20.2685 23.3027
21.1110 24.1019
21.9536 24.3683
22.7961 23.1695
23.6387 22.5035
24.4812 22.3703
25.3238 22.2371
26.1663 24.7679
27.0089 23.7023
27.8514 24.1019
28.6940 23.7023
29.5365 24.5015
30.3791 24.9011
31.2216 21.7043
32.0642 23.8355
32.9067 24.5015
33.7493 22.2371
34.5918 22.7699
35.4344 21.5711
36.2769 22.9031
37.1195 22.6367
37.9620 23.8355
38.8046 23.1695
39.6471 23.5691
40.4897 22.3703
41.3322 20.3723
42.1748 17.1755
43.0173 12.8066
43.8599 13.7123
44.7024 12.5002
45.5450 12.0207
46.3875 11.9807
47.2301 7.2522
48.0726 6.0534
48.9152 1.2049
49.7577 1.2183
50.6003 3.5892
51.4429 6.1733
52.2854 2.1773
53.1280 21.7043
53.9705 22.2371
54.8131 21.9707
55.6556 20.7719
56.4982 21.7043
57.3407 20.1059
58.1833 20.5055
59.0258 22.2371
59.8684 15.0443
60.7109 15.1775
61.5535 12.3537
62.3960 5.1077
63.2386 0.6588
64.0811 1.6578
64.9237 1.5912
65.7662 2.2705
66.6088 8.9838
67.4513 13.5791
68.2939 20.2391
69.1364 21.8375
69.9790 20.5055
70.8215 18.7739
71.6641 24.5015
72.5066 23.3027
73.3492 24.2351
74.1917 16.3763
75.0343 23.1695
75.8768 21.0383
76.7194 24.2351
77.5619 23.0363
78.4045 23.4359
79.2470 23.1695
80.0896 23.8355
80.9321 17.7083
81.7747 20.5055
82.6172 12.2605
83.4598 1.2982
84.3023 1.9509
85.1449 1.7244
85.9875 2.2306
86.8300 2.0175
87.6726 1.5113
88.5151 1.1783
89.3577 0.8986
90.2002 1.3914
91.0428 1.0984
91.8853 0.7254
92.7279 0.7254
93.5704 0.6721
94.4130 1.7910
95.2555 1.1383
96.0981 1.0584
96.9406 0.6988
97.7832 0.8586
98.6257 1.2183
99.4683 1.7777
100.3108 1.2982
101.1534 1.8709
101.9959 2.5502
102.8385 3.3761
103.6810 1.6578
104.5236 0.8986
105.3661 1.1383
106.2087 2.1107
107.0512 1.8177
107.8938 0.9519
108.7363 0.8986
109.5789 0.9119
110.4214 2.2306
111.2640 2.0707
112.1065 2.9632
112.9491 3.3228
113.7916 2.9365
114.6342 3.8156
115.4767 4.3218
116.3193 5.2942
117.1618 6.5063
118.0044 2.5902
118.8469 6.9591
119.6895 7.5719
120.5321 8.8639
121.3746 10.0227
122.2172 11.6744
123.0597 12.3670
123.9023 10.8885
124.7448 14.6447
125.5874 10.5289
