0.3000 0.7649
0.6721 0.6117
1.2038 5.3105
1.7355 5.6170
2.2672 4.4934
2.7989 9.8562
3.3306 15.7297
3.8623 15.1679
4.3940 14.7082
4.9257 17.0577
5.4574 7.4557
5.9891 0.7649
6.5208 0.5095
7.0525 0.5095
7.5842 0.5095
8.1159 1.2246
8.6477 0.5606
9.1794 0.6117
9.7111 0.5606
10.2428 1.5821
10.7745 0.6628
11.3062 0.5606
11.8379 0.5095
12.3696 6.8428
12.9013 5.8724
13.4330 6.8939
13.9647 4.4934
14.4964 6.8939
15.0281 5.9234
15.5598 5.5659
16.0915 4.4934
16.6232 6.2810
17.1549 6.2299
17.6866 5.6681
18.2183 6.8428
18.7500 6.2810
19.2817 9.9583
19.8134 12.3077
20.3451 15.3722
20.8768 18.3856
