0.3000 3.9195
0.8868 6.3750
1.7250 6.8252
2.5632 4.6971
3.4014 5.6998
4.2397 1.2595
5.0779 2.8964
5.9161 2.9578
6.7543 9.6899
7.5926 11.4906
8.4308 12.1863
9.2690 12.0431
10.1072 13.5368
10.9455 15.2557
11.7837 17.5065
12.6219 16.4016
13.4602 17.1382
14.2984 13.4141
15.1366 18.1408
15.9748 14.4576
16.8131 17.6907
17.6513 15.5421
18.4895 17.6702
19.3277 14.6418
20.1660 22.2538
21.0042 24.9139
21.8424 24.7092
22.6806 18.7343
23.5189 20.2689
24.3571 10.6312
25.1953 9.9969
26.0336 16.2788
26.8718 16.3402
27.7100 8.9328
28.5482 2.7737
29.3865 7.0912
30.2247 13.3117
31.0629 14.5190
31.9011 15.5626
32.7394 19.2253
33.5776 14.8669
34.4158 16.6880
35.2540 13.1890
36.0923 3.9195
36.9305 2.9169
37.7687 2.9578
38.6069 14.3962
39.4452 17.2405
40.2834 19.0617
41.1216 18.3864
41.9599 22.6630
42.7981 17.8544
43.6363 20.0848
44.4745 19.1435
45.3128 17.5065
46.1510 18.7752
46.9892 23.2769
47.8274 17.3224
48.6657 25.7324
49.5039 18.0385
50.3421 1.2595
51.1803 0.8093
52.0186 0.5842
52.8568 0.9934
53.6950 0.9116
54.5333 2.5281
55.3715 3.1215
56.2097 10.5289
57.0479 10.7949
57.8862 13.6391
58.7244 12.7388
59.5626 15.0920
60.4008 17.5270
61.2391 12.9843
62.0773 7.2754
62.9155 12.0022
63.7537 4.0832
64.5920 2.2826
65.4302 1.7915
66.2684 1.2185
67.1067 1.1981
67.9449 1.3618
68.7831 2.9783
69.6213 3.1011
70.4596 5.1473
71.2978 5.4747
72.1360 6.1090
72.9742 9.7104
73.8125 10.3242
74.6507 11.0609
75.4889 11.9408
76.3271 12.3705
77.1654 12.9639
78.0036 16.1969
78.8418 19.6346
79.6801 11.4906
80.5183 2.3030
81.3565 3.0192
82.1947 14.5190
83.0330 17.6702
83.8712 23.6861
84.7094 26.3462
85.5476 20.9237
86.3859 18.4682
87.2241 14.2530
88.0623 25.5277
88.9005 23.0723
89.7388 16.6062
90.5770 20.7191
91.4152 3.8786
92.2535 2.5690
93.0917 0.6456
93.9299 0.5637
94.7681 2.2007
95.6064 2.9169
96.4446 7.3368
97.2828 16.8926
98.1210 16.7903
98.9593 17.5679
99.7975 13.5368
100.6357 17.5065
101.4739 16.5448
102.3122 2.5486
103.1504 0.9934
103.9886 1.7096
104.8269 2.2212
105.6651 3.4489
106.5033 2.0370
107.3415 3.7149
108.1798 2.3235
109.0180 1.3822
109.8562 2.0370
110.6944 1.3413
111.5327 3.6945
112.3709 7.2344
113.2091 1.7915
114.0473 0.9730
114.8856 1.2799
115.7238 1.5868
116.5620 3.0192
117.4003 3.0397
118.2385 6.1295
119.0767 11.7771
119.9149 13.9665
120.7532 14.4372
121.5914 14.8669
122.4296 17.5884
123.2678 6.8252
124.1061 3.1011
124.9443 2.5895
