0.3000 4.9723
0.7825 5.3015
1.4719 5.9950
2.1613 6.7356
2.8507 7.4761
3.5401 10.1915
4.2295 11.4141
4.9188 13.8591
5.6082 14.9171
6.2976 15.1522
6.9870 10.0387
7.6764 1.2225
8.3658 1.5046
9.0551 2.0453
9.7445 1.9983
10.4339 1.9983
11.1233 2.0453
11.8127 1.8337
12.5021 8.9220
13.1914 9.6978
13.8808 9.1924
14.5702 9.7331
15.2596 7.8053
15.9490 2.1864
16.6384 2.5390
17.3277 1.9278
18.0171 9.3922
18.7065 9.0513
19.3959 9.7919
20.0853 10.6970
20.7747 10.2033
21.4640 10.2386
22.1534 10.1210
22.8428 10.8028
23.5322 10.9556
24.2216 10.4737
24.9110 11.3788
25.6003 11.7197
26.2897 12.3074
26.9791 12.3310
27.6685 11.7550
28.3579 12.8012
29.0473 13.5065
29.7366 13.5065
30.4260 14.0942
31.1154 14.3293
31.8048 13.9767
32.4942 13.6240
33.1836 13.3889
33.8729 14.9171
34.5623 13.9767
35.2517 15.6224
35.9411 15.1522
36.6305 18.2085
37.3199 17.3856
38.0092 2.6683
38.6986 3.3149
39.3880 1.9513
40.0774 1.5164
40.7668 2.4215
41.4562 1.5634
42.1455 0.9286
42.8349 0.8581
43.5243 3.3266
44.2137 3.7616
44.9031 1.7750
45.5925 7.5937
46.2818 9.2747
