0.3000 3.7871
0.8891 6.7256
1.7307 17.0104
2.5723 21.1589
3.4139 17.2697
4.2555 43.7163
5.0971 48.2105
5.9387 47.0005
6.7803 1.2808
7.6219 1.4536
8.4635 2.1450
9.3052 34.9008
10.1468 45.4448
10.9884 49.3340
11.8300 53.7418
12.6716 53.2232
13.5132 56.4210
14.3548 49.3340
15.1964 62.9030
16.0380 62.9895
16.8796 55.7296
17.7212 53.8282
18.5628 55.4703
19.4044 57.9767
20.2460 60.3102
21.0876 65.7551
21.9292 83.9912
22.7708 39.9135
23.6124 1.4536
24.4540 1.2808
25.2956 1.7129
26.1372 0.5893
26.9788 0.5893
27.8204 0.5893
28.6620 0.5893
29.5036 0.5893
30.3452 0.5893
31.1868 4.9107
32.0284 2.5772
32.8701 2.4907
33.7117 3.0093
34.5533 10.7877
35.3949 10.3556
36.2365 11.2198
37.0781 3.7007
37.9197 4.2193
38.7613 3.7871
39.6029 7.2442
40.4445 2.4043
41.2861 4.0464
42.1277 11.2198
42.9693 10.2691
43.8109 9.1456
44.6525 9.3184
45.4941 9.9234
46.3357 9.6642
47.1773 7.9356
48.0189 18.9118
48.8605 14.8498
49.7021 14.4176
50.5437 13.3805
51.3853 13.4669
52.2269 4.4785
53.0685 3.9600
53.9101 4.5650
54.7517 9.6642
55.5934 16.4054
56.4350 14.2448
57.2766 10.4420
58.1182 2.7500
58.9598 0.5893
59.8014 0.5893
60.6430 0.5893
61.4846 0.5893
62.3262 2.1450
63.1678 9.8370
64.0094 10.5284
64.8510 9.4913
65.6926 5.4292
66.5342 6.8985
67.3758 3.8736
68.2174 0.5893
69.0590 0.5893
69.9006 0.5893
70.7422 0.5893
71.5838 0.5893
72.4254 10.4420
73.2670 10.7013
74.1086 10.0099
74.9502 3.9600
75.7918 1.7993
76.6334 1.7129
77.4750 0.5893
78.3166 4.6514
79.1583 9.2320
79.9999 8.9727
80.8415 6.8985
81.6831 5.4292
82.5247 4.9107
83.3663 4.5650
84.2079 6.1207
85.0495 6.2935
85.8911 5.5157
86.7327 4.9107
87.5743 5.5157
88.4159 4.3921
89.2575 3.7871
90.0991 0.9351
90.9407 1.5400
91.7823 0.5893
92.6239 0.5893
93.4655 0.5893
94.3071 10.0099
95.1487 10.3556
95.9903 8.0220
96.8319 5.6885
97.6735 5.9478
98.5151 5.6021
99.3567 8.7135
100.1983 3.5279
101.0399 1.4536
101.8816 7.2442
102.7232 2.1450
103.5648 3.0957
104.4064 5.6021
105.2480 4.4785
106.0896 3.0957
106.9312 2.7500
107.7728 3.5279
108.6144 2.6636
109.4560 3.8736
110.2976 3.9600
111.1392 4.0464
111.9808 3.5279
112.8224 4.2193
113.6640 3.7007
114.5056 4.3921
115.3472 3.1821
116.1888 2.7500
117.0304 3.4414
117.8720 3.5279
118.7136 3.3550
119.5552 9.3184
120.3968 8.3678
121.2384 11.9977
122.0800 12.6027
122.9216 13.4669
123.7632 12.0841
124.6048 5.9478
125.4465 8.5406
