0.3000 18.9670
0.8842 18.6523
1.7188 2.5841
2.5534 0.5848
3.3880 2.5470
4.2227 2.3434
5.0573 0.5848
5.8919 0.5848
6.7265 2.5841
7.5611 17.0232
8.3957 17.9859
9.2303 17.4120
10.0649 20.0222
10.8995 16.7085
11.7341 18.5042
12.5687 17.5046
13.4033 20.7626
14.2380 18.9485
15.0726 16.7641
15.9072 16.2828
16.7418 20.3924
17.5764 18.8929
18.4110 20.2073
19.2456 19.4668
20.0802 20.9477
20.9148 23.5394
21.7494 23.1692
22.5840 21.3180
23.4186 23.5394
24.2533 22.6138
25.0879 17.1158
25.9225 23.7245
26.7571 24.6501
27.5917 24.6501
28.4263 23.5394
29.2609 19.6519
30.0955 22.2436
30.9301 20.3924
31.7647 23.9096
32.5993 21.8733
33.4339 18.0599
34.2686 20.2073
35.1032 23.5394
35.9378 22.7989
36.7724 18.7634
37.6070 19.8370
38.4416 9.9703
39.2762 6.2679
40.1108 6.5826
40.9454 0.7884
41.7800 0.6033
42.6146 0.5848
43.4492 0.9920
44.2839 0.5848
45.1185 0.7144
45.9531 2.6581
46.7877 3.2690
47.6223 4.3242
48.4569 5.2127
49.2915 5.0646
50.1261 5.6015
50.9607 6.4530
51.7953 6.0458
52.6299 6.2864
53.4646 6.6937
54.2992 8.1006
55.1338 8.8040
55.9684 9.4519
56.8030 9.9703
57.6376 10.8588
58.4722 3.6948
59.3068 0.6403
60.1414 2.7321
60.9760 2.2138
61.8106 2.8432
62.6452 11.1550
63.4799 16.8011
64.3145 18.2821
65.1491 20.9477
65.9837 21.5031
66.8183 20.3924
67.6529 17.5416
68.4875 21.6882
69.3221 23.5394
70.1567 17.0603
70.9913 24.4650
71.8259 21.5031
72.6605 20.2073
73.4952 20.7626
74.3298 19.0225
75.1644 18.2450
75.9990 18.8559
76.8336 15.9125
77.6682 10.5071
78.5028 0.5848
79.3374 0.6403
80.1720 0.5848
81.0066 0.5848
81.8412 2.6766
82.6758 1.3808
83.5105 0.6959
84.3451 0.5848
85.1797 0.6773
86.0143 1.2142
86.8489 1.4363
87.6835 1.3438
88.5181 1.2142
89.3527 0.6773
90.1873 1.0846
91.0219 0.6588
91.8565 0.9550
92.6911 0.8625
93.5258 0.7329
94.3604 0.7329
95.1950 0.6588
96.0296 0.6588
96.8642 0.8069
97.6988 0.6773
98.5334 0.6588
99.3680 0.6033
100.2026 0.6959
101.0372 0.7144
101.8718 0.7699
102.7064 0.8069
103.5411 0.6403
104.3757 0.6403
105.2103 0.6033
106.0449 0.6773
106.8795 0.8069
107.7141 0.6773
108.5487 0.6588
109.3833 0.6403
110.2179 0.6588
111.0525 0.7144
111.8871 0.5848
112.7217 0.5848
113.5564 2.7321
114.3910 2.5841
115.2256 2.8062
116.0602 0.8069
116.8948 0.8810
117.7294 0.9180
118.5640 0.9550
119.3986 1.0106
120.2332 1.0476
121.0678 0.7699
121.9024 0.8810
122.7371 0.5848
123.5717 0.5848
124.4063 0.5848
