0.3000 18.9423
0.8895 14.7562
1.7316 10.6224
2.5738 0.9681
3.4159 0.6280
4.2581 0.7327
5.1002 1.1774
5.9424 0.6280
6.7845 3.5321
7.6267 3.5060
8.4688 9.8375
9.3109 10.8317
10.1531 11.5642
10.9952 3.5583
11.8374 0.7588
12.6795 0.6280
13.5217 3.5321
14.3638 10.5700
15.2060 11.6166
16.0481 7.1950
16.8902 0.7065
17.7324 0.6280
18.5745 0.6280
19.4167 0.7065
20.2588 5.3374
21.1010 8.1892
21.9431 9.5758
22.7853 3.2705
23.6274 0.9681
24.4695 0.6280
25.3117 0.7065
26.1538 0.7588
26.9960 2.1455
27.8381 1.7007
28.6803 2.1978
29.5224 0.6280
30.3646 3.5321
31.2067 3.8722
32.0488 3.6891
32.8910 3.7676
33.7331 3.3228
34.5753 2.9565
35.4174 3.8461
36.2596 1.6484
37.1017 3.5583
37.9439 0.9420
38.7860 0.9681
39.6281 0.7065
40.4703 0.6280
41.3124 0.6280
42.1546 3.8199
42.9967 2.7734
43.8389 7.2996
44.6810 5.6513
45.5232 7.1950
46.3653 7.5089
47.2074 1.9885
48.0496 7.0903
48.8917 6.9333
49.7339 7.6921
50.5760 8.6078
51.4182 6.6455
52.2603 8.3723
53.1025 8.5555
53.9446 8.4770
54.7867 9.9944
55.6289 8.7124
56.4710 9.1572
57.3132 9.4450
58.1553 10.9886
58.9975 9.8375
59.8396 10.0729
60.6818 10.3607
61.5239 12.0090
62.3660 11.3811
63.2082 13.3695
64.0503 11.9567
64.8925 11.5381
65.7346 13.6835
66.5768 11.9828
67.4189 15.0178
68.2611 15.0701
69.1032 13.9451
69.9453 16.5091
70.7875 14.2067
71.6296 18.7068
72.4718 13.8404
73.3139 12.0875
74.1561 18.4713
74.9982 21.4016
75.8404 14.9131
76.6825 19.2824
77.5246 14.3375
78.3668 24.1749
79.2089 24.5674
80.0511 23.4423
80.8932 21.5848
81.7354 24.4104
82.5775 18.3928
83.4197 25.1430
84.2618 22.2912
85.1039 20.1719
85.9461 19.4394
86.7882 22.9191
87.6304 22.9976
88.4725 22.9714
89.3147 22.8144
90.1568 21.4278
90.9990 27.0529
91.8411 32.2855
92.6832 26.5034
93.5254 29.4076
94.3675 26.3203
95.2097 24.2796
96.0518 22.1865
96.8940 18.6545
97.7361 20.0411
98.5783 4.5002
99.4204 2.0147
100.2625 3.8984
101.1047 3.3490
101.9468 11.5904
102.7890 17.0585
103.6311 21.8202
104.4733 23.5993
105.3154 24.4365
106.1576 23.7040
106.9997 26.0063
107.8418 26.4249
108.6840 27.0529
109.5261 22.8144
110.3683 20.4859
111.2104 21.5586
112.0526 29.4076
112.8947 14.9655
113.7369 25.7970
114.5790 29.6692
115.4211 28.6227
116.2633 27.0529
117.1054 30.9774
117.9476 25.7970
118.7897 30.7157
119.6319 25.5877
120.4740 2.2501
121.3162 2.6164
122.1583 3.8461
123.0004 8.7909
123.8426 24.5674
124.6847 31.2390
125.5269 21.5586
