0.3000 11.2745
0.8879 11.8218
1.7279 11.0879
2.5678 11.4486
3.4077 10.8017
4.2477 10.6898
5.0876 6.4353
5.9275 0.6508
6.7675 0.6508
7.6074 0.7130
8.4473 0.6632
9.2872 0.6508
10.1272 1.3474
10.9671 4.2210
11.8070 4.6067
12.6470 5.8631
13.4869 11.4486
14.3268 11.6352
15.1667 16.6982
16.0067 14.8323
16.8466 12.2448
17.6865 16.4494
18.5265 2.0192
19.3664 1.9072
20.2063 1.9694
21.0463 15.8274
21.8862 17.1958
22.7261 21.3010
23.5660 20.9278
24.4060 17.8178
25.2459 16.5738
26.0858 4.5818
26.9258 0.7006
27.7657 0.6508
28.6056 0.6508
29.4455 0.6632
30.2855 4.8057
31.1254 11.8094
31.9653 12.9787
32.8053 15.4542
33.6452 15.3298
34.4851 14.5835
35.3251 15.2055
36.1650 21.7986
37.0049 22.7938
37.8448 18.0666
38.6848 18.5642
39.5247 21.5498
40.3646 2.0192
41.2046 23.1670
42.0445 23.1670
42.8844 20.6790
43.7244 21.9230
44.5643 22.4206
45.4042 22.9182
46.2441 22.5450
47.0841 21.3010
47.9240 23.1670
48.7639 22.6694
49.6039 23.0426
50.4438 23.5402
51.2837 22.0474
52.1236 22.5450
52.9636 21.7986
53.8035 21.6742
54.6434 21.9230
55.4834 20.3058
56.3233 21.5498
57.1632 21.6742
58.0032 20.0570
58.8431 20.0570
59.6830 17.3202
60.5229 16.9470
61.3629 12.4811
62.2028 1.8326
63.0427 0.8125
63.8827 0.6508
64.7226 0.7752
65.5625 1.7953
66.4024 10.7147
67.2424 12.4065
68.0823 12.6926
68.9222 14.4591
69.7622 17.4446
70.6021 19.6838
71.4420 22.6694
72.2820 18.5642
73.1219 19.3106
73.9618 16.8226
74.8017 20.5546
75.6417 2.1436
76.4816 15.0811
77.3215 16.8226
78.1615 16.5738
79.0014 18.5642
79.8413 17.0714
80.6813 12.9912
81.5212 16.2006
82.3611 13.2151
83.2010 10.3290
84.0410 0.6508
84.8809 0.6632
85.7208 0.7006
86.5608 0.8872
87.4007 11.4735
88.2406 16.8226
89.0805 17.5690
89.9205 21.4254
90.7604 22.9182
91.6003 22.5450
92.4403 22.1718
93.2802 18.0666
94.1201 22.5450
94.9601 22.4206
95.8000 22.9182
96.6399 2.1560
97.4798 1.8575
98.3198 22.5450
99.1597 21.1766
99.9996 20.0570
100.8396 19.9326
101.6795 6.1865
102.5194 3.7110
103.3593 0.6508
104.1993 0.6508
105.0392 0.7006
105.8791 0.8623
106.7191 0.8996
107.5590 1.1360
108.3989 2.0192
109.2389 0.7628
110.0788 1.2479
110.9187 1.0613
111.7586 2.1436
112.5986 2.6536
113.4385 1.7082
114.2784 3.7981
115.1184 3.5742
115.9583 2.5292
116.7982 2.1187
117.6381 2.1685
118.4781 0.8623
119.3180 1.1733
120.1579 1.6211
120.9979 1.3474
121.8378 0.6881
122.6777 0.8125
123.5177 0.9369
124.3576 0.9742
125.1975 1.5340
