0.3000 5.4786
0.8902 4.9599
1.7334 5.8244
2.5766 2.3231
3.4197 4.4412
4.2629 2.0205
5.1061 4.2683
5.9493 4.9599
6.7924 5.4354
7.6356 12.6109
8.4788 18.8787
9.3220 4.1818
10.1651 5.7380
11.0083 4.9599
11.8515 4.7870
12.6947 5.2625
13.5379 4.7438
14.3810 5.2193
15.2242 1.1560
16.0674 5.1328
16.9106 4.8302
17.7537 5.5651
18.5969 5.1760
19.4401 4.8735
20.2833 5.0464
21.1264 3.1444
21.9696 2.9283
22.8128 2.7554
23.6560 2.1502
24.4991 3.4902
25.3423 2.1070
26.1855 5.4354
27.0287 4.5276
27.8718 5.4786
28.7150 6.0406
29.5582 5.0896
30.4014 23.9362
31.2445 23.2878
32.0877 1.3721
32.9309 4.0089
33.7741 4.7438
34.6172 5.5218
35.4604 5.1328
36.3036 5.4354
37.1468 4.8735
37.9899 5.6515
38.8331 5.3057
39.6763 5.2625
40.5195 5.2625
41.3627 5.2193
42.2058 5.3057
43.0490 5.3057
43.8922 25.8381
44.7354 25.9246
45.5785 23.9794
46.4217 32.1059
47.2649 30.3769
48.1081 5.8677
48.9512 29.0801
49.7944 2.5392
50.6376 1.7179
51.4808 2.2799
52.3239 3.7928
53.1671 9.8877
54.0103 22.6394
54.8535 5.8677
55.6966 5.9541
56.5398 10.9251
57.3830 22.1639
58.2262 21.5587
59.0693 17.6252
59.9125 17.4523
60.7557 7.1644
61.5989 1.6747
62.4420 3.4902
63.2852 5.7812
64.1284 5.0896
64.9716 4.6141
65.8147 4.7870
66.6579 4.8302
67.5011 25.7949
68.3443 30.1607
69.1875 5.9109
70.0306 32.3221
70.8738 32.0195
71.7170 37.2931
72.5602 38.5898
73.4033 32.0627
74.2465 34.6995
75.0897 40.9241
75.9329 4.9167
76.7760 5.3922
77.6192 40.7511
78.4624 39.1086
79.3056 50.6499
80.1487 49.3531
80.9919 26.8323
81.8351 5.8244
82.6783 9.8877
83.5214 35.9098
84.3646 40.1460
85.2078 40.0163
86.0510 33.7917
86.8941 29.8582
87.7373 30.2904
88.5805 25.3194
89.4237 13.2593
90.2668 19.3542
91.1100 3.4470
91.9532 5.5651
92.7964 5.8244
93.6395 5.9973
94.4827 6.2567
95.3259 5.0464
96.1691 5.0896
97.0123 36.9905
97.8554 36.8176
98.6986 18.1871
99.5418 16.1555
100.3850 4.3115
101.2281 4.3115
102.0713 15.0748
102.9145 11.6600
103.7577 16.8039
104.6008 12.6974
105.4440 5.3057
106.2872 5.4354
107.1304 5.0896
107.9735 5.4354
108.8167 5.6948
109.6599 5.6515
110.5031 3.1876
111.3462 4.1818
112.1894 10.3199
113.0326 24.9304
113.8758 19.1813
114.7189 3.1876
115.5621 4.0089
116.4053 5.3057
117.2485 5.0031
118.0916 1.1992
118.9348 16.9335
119.7780 23.5904
120.6212 24.2820
121.4643 27.1781
122.3075 28.2588
123.1507 30.3336
123.9939 5.1328
124.8371 5.6083
125.6802 5.8244
