0.3000 5.6499
0.8894 6.3615
1.7315 8.5395
2.5736 9.5961
3.4157 10.1999
4.2577 4.2267
5.0998 1.4235
5.9419 1.2294
6.7840 0.9275
7.6260 0.7766
8.4681 0.7550
9.3102 0.7119
10.1523 1.0353
10.9943 0.8628
11.8364 0.7334
12.6785 1.1863
13.5206 0.9275
14.3626 0.9491
15.2047 0.8197
16.0468 0.7766
16.8889 0.7119
17.7309 0.7550
18.5730 0.6256
19.4151 0.7119
20.2572 0.7334
21.0992 0.5825
21.9413 0.6040
22.7834 0.6040
23.6255 0.6040
24.4675 0.6903
25.3096 0.6256
26.1517 0.6256
26.9938 0.6040
27.8358 0.6687
28.6779 0.6687
29.5200 0.7550
30.3621 0.7334
31.2041 0.8412
32.0462 0.7981
32.8883 0.6687
33.7304 0.6040
34.5724 0.9275
35.4145 1.2078
36.2566 1.1647
37.0987 1.0353
37.9407 0.7119
38.7828 3.1270
39.6249 3.0407
40.4670 2.5016
41.3090 0.5825
42.1511 0.5825
42.9932 0.5825
43.8353 0.5825
44.6773 0.5825
45.5194 0.5825
46.3615 0.5825
47.2036 0.5825
48.0456 0.5825
48.8877 0.5825
49.7298 0.5825
50.5719 0.5825
51.4139 0.5825
52.2560 0.5825
53.0981 0.5825
53.9402 0.5825
54.7822 0.5825
55.6243 0.5825
56.4664 0.6040
57.3085 2.9976
58.1505 2.8682
58.9926 4.6364
59.8347 8.0004
60.6768 11.7093
61.5188 13.9304
62.3609 17.0571
63.2030 20.6151
64.0451 24.3025
64.8871 27.3214
65.7292 31.6341
66.5713 36.1624
67.4134 37.6719
68.2554 31.6341
69.0975 38.1032
69.9396 32.0654
70.7817 36.5937
71.6237 35.9468
72.4658 32.0654
73.3079 20.2054
74.1500 6.5772
74.9920 0.9275
75.8341 0.7334
76.6762 2.4369
77.5183 2.9545
78.3603 19.7094
79.2024 27.9683
80.0445 30.1246
80.8866 26.8901
81.7286 35.0843
82.5707 36.3781
83.4128 32.0654
84.2549 37.0250
85.0969 38.1032
85.9390 36.8094
86.7811 36.8094
87.6232 37.2406
88.4652 36.1624
89.3073 38.7501
90.1494 38.1032
90.9915 29.4777
91.8335 33.3592
92.6756 32.9279
93.5177 37.8875
94.3598 37.8875
95.2018 30.1246
96.0439 25.1650
96.8860 27.1057
97.7281 29.0465
98.5701 23.6555
99.4122 23.2243
100.2543 23.2243
101.0964 21.5854
101.9384 20.0760
102.7805 21.4776
103.6226 22.7930
104.4647 24.0868
105.3067 11.1271
106.1488 17.0786
106.9909 11.1055
107.8330 17.2296
108.6750 12.4209
109.5171 20.3563
110.3592 9.2511
111.2013 0.6472
112.0433 3.0192
112.8854 2.7604
113.7275 3.0839
114.5695 4.2914
115.4116 8.7551
116.2537 15.6986
117.0958 16.6689
117.9378 8.5610
118.7799 12.7228
119.6220 14.1029
120.4641 4.6580
121.3061 19.4722
122.1482 23.4399
122.9903 19.7525
123.8324 19.7525
124.6744 20.2916
125.5165 29.0465
