0.3000 22.0194
0.6985 22.5047
1.2678 23.6960
1.8371 22.7253
2.4064 23.8283
2.9758 22.8136
3.5451 24.4019
4.1144 16.8130
4.6837 12.3567
5.2531 1.4587
5.8224 0.4439
6.3917 0.4439
6.9610 0.4439
7.5304 0.4439
8.0997 0.4439
8.6690 3.7530
9.2383 4.9001
9.8077 5.9149
10.3770 5.1208
10.9463 4.6795
11.5156 5.2090
12.0850 4.9443
12.6543 5.1208
13.2236 5.3414
13.7929 5.4296
14.3623 5.6061
14.9316 4.9001
15.5009 4.8560
16.0702 4.5472
16.6396 5.7826
17.2089 5.5179
17.7782 5.3414
18.3475 5.8267
18.9169 5.3855
19.4862 5.1649
20.0555 5.8708
20.6248 4.9884
21.1942 4.5472
21.7635 4.9001
