0.3000 3.6323
0.8853 6.6573
1.7214 8.6802
2.5575 7.4182
3.3936 9.7009
4.2296 10.9629
5.0657 8.4761
5.9018 5.3211
6.7379 2.2776
7.5740 4.1334
8.4101 3.8365
9.2462 1.9250
10.0823 2.4260
10.9184 2.6116
11.7545 2.6116
12.5906 2.3889
13.4267 2.4260
14.2628 2.3704
15.0989 2.4817
15.9350 2.8714
16.7711 2.1848
17.6072 1.1826
18.4433 1.4610
19.2794 1.0898
20.1155 2.8714
20.9516 2.6673
21.7877 2.8343
22.6238 2.8158
23.4599 3.2055
24.2960 2.8529
25.1321 3.4096
25.9682 3.4839
26.8043 3.9107
27.6404 3.2983
28.4765 3.0570
29.3126 1.4981
30.1487 0.7744
30.9848 0.8857
31.8209 0.9971
32.6569 0.9785
33.4930 1.0156
34.3291 2.7415
35.1652 2.3518
36.0013 2.4446
36.8374 3.2241
37.6735 4.6716
38.5096 5.1356
39.3457 6.5089
40.1818 5.0428
41.0179 2.6302
41.8540 3.7066
42.6901 8.8101
43.5262 8.9215
44.3623 6.5089
45.1984 1.9621
46.0345 2.0178
46.8706 1.7023
47.7067 1.4796
48.5428 1.4610
49.3789 2.5003
50.2150 2.4260
51.0511 6.8429
51.8872 7.1213
52.7233 6.6945
53.5594 6.6573
54.3955 7.7523
55.2316 6.3975
56.0677 7.0100
56.9038 8.1235
57.7399 8.0678
58.5760 10.3133
59.4121 10.4247
60.2481 10.5175
61.0842 10.6660
61.9203 10.9814
62.7564 12.4290
63.5925 13.4683
64.4286 8.6988
65.2647 10.8701
66.1008 14.7117
66.9369 17.1428
67.7730 16.6789
68.6091 15.8994
69.4452 15.9922
70.2813 14.6374
71.1174 18.3677
71.9535 19.0729
72.7896 16.9758
73.6257 17.8295
74.4618 16.8830
75.2979 6.6573
76.1340 2.1106
76.9701 3.7622
77.8062 3.6509
78.6423 2.4075
79.4784 6.3419
80.3145 9.3854
81.1506 8.9957
81.9867 9.5896
82.8228 3.1869
83.6589 0.9599
84.4950 0.6816
85.3311 2.4632
86.1672 2.5560
87.0033 3.1869
87.8394 12.7259
88.6754 16.4747
89.5115 18.1264
90.3476 21.3741
91.1837 22.3020
92.0198 25.2714
92.8559 27.1272
93.6920 30.2821
94.5281 29.3542
95.3642 26.7560
96.2003 30.0965
97.0364 31.9524
97.8725 31.5812
98.7086 29.5398
99.5447 27.6839
100.3808 24.5290
101.2169 28.7974
102.0530 29.3542
102.8891 31.7668
103.7252 31.5812
104.5613 22.1164
105.3974 14.3776
106.2335 19.0358
107.0696 22.1164
107.9057 18.9986
108.7418 19.5183
109.5779 23.4155
110.4140 23.9723
111.2501 12.0764
112.0862 2.6673
112.9223 3.2426
113.7584 14.0992
114.5945 16.3077
115.4306 16.0479
116.2667 13.7466
117.1027 13.8580
117.9388 13.1899
118.7749 8.4018
119.6110 2.3518
120.4471 2.7230
121.2832 2.7601
122.1193 5.2098
122.9554 3.4839
123.7915 1.9250
124.6276 1.5538
