0.3000 0.4737
0.8892 14.9577
1.7318 19.2465
2.5727 18.1239
3.4144 27.3959
4.2562 21.6458
5.0987 21.8539
5.9396 23.4579
6.7814 18.1472
7.6231 21.2511
8.4648 16.2252
9.3074 18.2752
10.1491 17.2358
10.9900 14.4553
11.8318 14.2867
12.6735 15.5151
13.5161 8.4217
14.3570 4.4964
15.1987 9.3163
16.0405 10.9596
16.8822 7.2663
17.7239 7.9497
18.5657 5.2570
19.4082 2.7898
20.2500 2.5806
21.0909 3.1039
21.9335 4.3745
22.7743 2.6805
23.6161 5.2326
24.4578 2.6213
25.3004 3.0499
26.1413 2.9248
26.9830 3.8171
27.8248 1.6695
28.6673 1.4245
29.5082 2.4117
30.3500 2.2715
31.1917 1.5231
32.0334 0.5551
32.8752 0.4737
33.7169 0.4737
34.5595 0.4737
35.4004 0.4737
36.2421 0.4737
37.0847 0.4737
37.9256 0.4737
38.7682 0.4737
39.6091 0.4737
40.4508 0.4737
41.2925 2.2634
42.1343 11.6592
42.9760 22.8528
43.8178 4.2129
44.6595 36.0213
45.5012 30.5752
46.3430 22.4796
47.1855 14.0016
48.0273 27.9696
48.8682 26.3359
49.7099 38.9327
50.5525 40.8744
51.3942 39.3421
52.2360 39.9523
53.0768 43.7213
53.9186 21.8208
54.7603 16.1484
55.6037 23.2879
56.4438 31.3907
57.2864 29.6805
58.1281 20.4709
58.9690 30.3744
59.8107 19.1260
60.6525 23.0278
61.4942 20.9124
62.3359 9.5034
63.1785 19.8033
64.0194 25.1842
64.8612 30.5152
65.7029 26.3436
66.5455 7.4919
67.3872 19.8777
68.2281 49.3167
69.0707 22.0237
69.9124 7.2511
70.7533 11.1573
71.5950 9.9346
72.4368 5.6556
73.2785 7.2989
74.1203 18.8504
74.9620 7.9659
75.8037 0.4737
76.6455 19.8640
77.4872 11.0117
78.3289 13.0665
79.1707 11.9357
80.0124 9.9427
80.8541 5.0862
81.6959 4.0693
82.5376 4.7852
83.3793 2.9955
84.2211 3.6951
85.0628 3.8009
85.9054 3.5131
86.7463 3.5762
87.5880 2.5888
88.4306 2.5460
89.2715 2.9166
90.1132 3.2884
90.9550 3.8659
91.7967 5.2570
92.6384 4.5005
93.4810 3.4806
94.3219 7.1347
95.1637 12.6562
96.0054 15.6326
96.8471 8.5311
97.6889 2.8247
98.5306 28.8117
99.3723 9.3040
100.2141 8.1124
101.0558 9.5809
101.8975 12.4522
102.7401 16.2315
103.5810 9.5450
104.4228 7.1280
105.2645 6.2901
106.1062 12.7661
106.9488 11.2898
107.7897 10.9456
108.6314 8.1940
109.4732 10.4712
110.3149 10.0078
111.1566 7.4778
111.9984 7.5999
112.8401 9.3163
113.6819 7.7017
114.5236 12.0673
115.3653 14.8425
116.2071 4.9153
117.0488 6.7457
117.8914 8.4704
118.7323 9.9769
119.5740 10.5037
120.4157 10.2479
121.2575 12.2898
122.0992 13.0743
122.9418 13.7486
123.7827 6.0142
124.6244 22.3086
125.4662 25.7000
