0.0 4.0000
1.0 2.4497
2.0 2.7933
3.0 3.3878
4.0 2.9287
5.0 1.4753
6.0 1.9333
7.0 1.3970
8.0 2.8208
9.0 1.2396
10.0 3.4960
11.0 2.9702
12.0 1.9822
13.0 0.6233
14.0 1.2141
15.0 3.8277
16.0 2.8995
17.0 2.1228
18.0 0.7315
19.0 0.3391
20.0 4.0000
21.0 3.6142
22.0 4.0000
23.0 1.3105
24.0 2.1699
25.0 2.9692
26.0 2.4671
27.0 2.5492
28.0 0.6974
29.0 0.0100
30.0 2.3550
31.0 3.6518
32.0 2.1879
33.0 1.3096
34.0 2.1210
35.0 2.6570
36.0 0.0404
37.0 1.0622
38.0 0.3505
39.0 2.5405
40.0 2.5594
41.0 0.0100
42.0 1.9252
43.0 1.7123
44.0 0.3042
45.0 2.9153
46.0 3.1068
47.0 3.1365
48.0 1.8454
49.0 2.2561
50.0 1.2649
51.0 0.4325
52.0 1.7233
53.0 1.7007
54.0 3.4831
55.0 0.4417
56.0 2.6205
57.0 2.6294
58.0 3.3348
59.0 3.1759
60.0 1.9297
61.0 0.0100
62.0 2.1882
63.0 1.9601
64.0 3.8990
65.0 3.1531
66.0 2.1756
67.0 2.1265
68.0 2.0196
69.0 1.7094
70.0 2.9652
71.0 0.3339
72.0 2.0652
73.0 2.1655
74.0 2.5537
75.0 3.0944
76.0 2.8041
77.0 0.7149
78.0 2.7207
79.0 3.2354
80.0 2.5583
81.0 4.0000
82.0 0.7625
83.0 2.6170
84.0 0.6484
85.0 0.2561
86.0 2.7306
87.0 2.6030
88.0 1.5063
89.0 3.2257
90.0 1.7986
91.0 2.1085
92.0 2.8130
93.0 1.8275
94.0 0.7105
95.0 1.1471
96.0 3.8644
97.0 1.9745
98.0 3.3996
99.0 3.9667
100.0 0.7438
101.0 3.5628
102.0 0.2451
103.0 0.5862
104.0 2.2294
105.0 1.1853
106.0 0.0100
107.0 2.7089
108.0 1.1452
109.0 3.0198
110.0 2.2029
111.0 0.6010
112.0 2.3634
113.0 1.6927
114.0 2.9692
115.0 4.0000
116.0 0.3129
117.0 3.3379
118.0 1.9367
119.0 2.5274
120.0 0.2660
121.0 3.3267
122.0 3.2379
123.0 4.0000
124.0 2.3688
125.0 1.1105
126.0 1.4285
127.0 2.6723
128.0 2.8178
129.0 0.7293
130.0 1.7932
131.0 2.2087
132.0 1.0390
133.0 2.0336
134.0 2.7370
135.0 3.0180
136.0 2.8067
137.0 2.9737
138.0 4.0000
139.0 3.7874
140.0 2.2448
141.0 2.6941
142.0 2.9771
143.0 2.8057
144.0 1.9559
145.0 2.3978
146.0 4.0000
147.0 0.9297
148.0 1.7386
149.0 0.0100
150.0 3.3061
151.0 2.0127
152.0 2.4246
153.0 1.3994
154.0 2.7301
155.0 2.5520
156.0 1.5711
157.0 1.7856
158.0 3.4491
159.0 1.5742
160.0 1.9311
161.0 2.3740
162.0 2.6014
163.0 0.7806
164.0 2.1790
165.0 3.6847
166.0 2.3048
167.0 2.9903
168.0 1.0723
169.0 3.4363
170.0 0.3421
171.0 4.0000
172.0 2.6465
173.0 1.5753
174.0 1.3564
175.0 1.8947
176.0 4.0000
177.0 4.0000
178.0 2.9152
179.0 2.9623
180.0 1.6740
181.0 2.7899
182.0 1.6572
183.0 2.3170
184.0 4.0000
185.0 0.0100
186.0 3.8841
187.0 3.1433
188.0 2.8355
189.0 1.1213
190.0 4.0000
191.0 2.5870
192.0 2.2057
193.0 2.9806
194.0 2.0020
195.0 3.1305
196.0 1.5693
197.0 1.4799
198.0 1.2706
199.0 2.7809
200.0 1.9847
201.0 1.5572
202.0 3.7190
203.0 1.1319
204.0 2.5858
205.0 2.8343
206.0 3.3493
207.0 0.0100
208.0 0.0100
209.0 2.9562
210.0 2.2345
211.0 2.8969
212.0 0.2406
213.0 1.7962
214.0 4.0000
215.0 4.0000
216.0 1.2294
217.0 2.0800
218.0 2.6863
219.0 4.0000
220.0 1.6620
221.0 4.0000
222.0 1.5755
223.0 1.9656
224.0 2.3838
225.0 0.4471
226.0 2.3158
227.0 1.0700
228.0 0.2969
229.0 4.0000
230.0 2.1241
231.0 2.0440
232.0 1.7657
233.0 4.0000
234.0 3.1851
235.0 0.5310
236.0 4.0000
237.0 2.4971
238.0 2.3423
239.0 1.1531
240.0 3.1540
241.0 1.2985
242.0 1.0742
243.0 2.0808
244.0 1.4979
245.0 3.0914
246.0 1.6438
247.0 3.0764
248.0 2.3303
249.0 2.3116
250.0 1.3698
251.0 3.0482
252.0 1.9484
253.0 4.0000
254.0 2.2928
255.0 0.7470
256.0 0.7817
257.0 2.1704
258.0 0.8454
259.0 3.6833
260.0 1.5822
261.0 3.6312
262.0 1.4715
263.0 2.6190
264.0 0.0100
265.0 1.8741
266.0 2.9445
267.0 1.7374
268.0 1.7307
269.0 0.3039
270.0 2.6285
271.0 2.1735
272.0 1.5666
273.0 4.0000
274.0 0.4242
275.0 1.8949
276.0 0.0100
277.0 1.7339
278.0 2.6624
279.0 1.0153
280.0 2.6828
281.0 2.3508
282.0 1.4442
283.0 2.1204
284.0 2.0174
285.0 3.9163
286.0 3.5461
287.0 3.6272
288.0 1.7962
289.0 0.0100
290.0 0.6505
291.0 3.0388
292.0 2.5028
293.0 1.6892
294.0 2.8832
295.0 0.4102
296.0 1.5465
297.0 1.1008
298.0 1.1230
299.0 2.2617
