0.0 1.2304
1.0 1.9483
2.0 3.4785
3.0 1.4069
4.0 0.7800
5.0 3.3964
6.0 4.0000
7.0 1.1384
8.0 3.8734
9.0 1.6854
10.0 3.7975
11.0 1.9923
12.0 4.0000
13.0 4.0000
14.0 3.1828
15.0 2.6546
16.0 1.5577
17.0 2.4150
18.0 2.8821
19.0 3.6595
20.0 0.1395
21.0 3.2737
22.0 1.7483
23.0 3.4780
24.0 3.3105
25.0 1.7317
26.0 2.8576
27.0 1.7562
28.0 0.5773
29.0 4.0000
30.0 1.1952
31.0 0.5675
32.0 0.5984
33.0 2.3756
34.0 2.2661
35.0 0.7729
36.0 4.0000
37.0 4.0000
38.0 2.5263
39.0 3.6455
40.0 3.6318
41.0 2.3083
42.0 1.2644
43.0 4.0000
44.0 0.3127
45.0 1.7379
46.0 0.4723
47.0 1.2427
48.0 2.4624
49.0 2.0551
50.0 2.2967
51.0 1.0372
52.0 4.0000
53.0 1.6753
54.0 3.0306
55.0 4.0000
56.0 1.9020
57.0 1.4883
58.0 2.6447
59.0 3.9716
60.0 0.8038
61.0 3.2485
62.0 1.1231
63.0 3.3717
64.0 2.2259
65.0 1.2710
66.0 3.1043
67.0 1.2637
68.0 1.0660
69.0 3.8498
70.0 1.8202
71.0 3.1931
72.0 2.6208
73.0 2.3972
74.0 2.2502
75.0 3.0252
76.0 2.7215
77.0 2.0780
78.0 2.9437
79.0 0.0100
80.0 3.0576
81.0 0.0100
82.0 1.2708
83.0 1.6599
84.0 0.0100
85.0 2.6392
86.0 2.9393
87.0 3.1384
88.0 2.2073
89.0 2.1763
90.0 4.0000
91.0 2.3300
92.0 3.9219
93.0 3.7368
94.0 0.2755
95.0 2.3163
96.0 2.7409
97.0 2.3954
98.0 0.7863
99.0 2.5362
100.0 1.2405
101.0 2.2525
102.0 1.3004
103.0 1.6225
104.0 0.0100
105.0 3.1018
106.0 2.5651
107.0 1.7528
108.0 0.6217
109.0 3.8856
110.0 2.0944
111.0 2.8460
112.0 2.9940
113.0 2.6436
114.0 4.0000
115.0 2.6814
116.0 2.8703
117.0 3.2391
118.0 3.8766
119.0 3.7787
120.0 2.9671
121.0 3.4341
122.0 1.4703
123.0 0.7261
124.0 3.5621
125.0 0.6864
126.0 0.0100
127.0 3.0856
128.0 1.0439
129.0 3.0344
130.0 1.9541
131.0 4.0000
132.0 4.0000
133.0 2.2751
134.0 3.3270
135.0 1.5126
136.0 0.9512
137.0 2.1230
138.0 3.3988
139.0 1.4186
140.0 2.6742
141.0 1.3441
142.0 1.7437
143.0 1.0782
144.0 0.1992
145.0 1.1463
146.0 1.4146
147.0 3.2301
148.0 3.4661
149.0 1.6834
150.0 3.0670
151.0 3.9247
152.0 2.3769
153.0 3.4240
154.0 3.8134
155.0 2.0399
156.0 0.9333
157.0 2.7526
158.0 1.4115
159.0 1.0224
160.0 2.6256
161.0 3.7559
162.0 1.3977
163.0 1.1849
164.0 3.7773
165.0 3.5817
166.0 2.8211
167.0 2.7867
168.0 2.6530
169.0 2.4615
170.0 3.4039
171.0 3.8407
172.0 1.2003
173.0 3.1209
174.0 2.0586
175.0 4.0000
176.0 2.0211
177.0 1.6490
178.0 2.9379
179.0 3.5751
180.0 3.4455
181.0 2.1206
182.0 0.6781
183.0 3.6806
184.0 3.4993
185.0 2.5598
186.0 2.4968
187.0 2.1445
188.0 3.1899
189.0 1.7287
190.0 0.5456
191.0 2.4999
192.0 3.4056
193.0 2.5151
194.0 0.9312
195.0 1.4920
196.0 1.6813
197.0 2.6808
198.0 0.5887
199.0 1.6374
200.0 4.0000
201.0 2.8925
202.0 1.8184
203.0 0.6158
204.0 3.2706
205.0 1.9868
206.0 1.9582
207.0 2.1697
208.0 1.5293
209.0 1.8465
210.0 2.8380
211.0 2.1338
212.0 1.4759
213.0 2.1421
214.0 2.1487
215.0 1.2247
216.0 1.8808
217.0 2.9758
218.0 1.9178
219.0 1.2466
220.0 2.0331
221.0 0.0100
222.0 1.1939
223.0 3.5902
224.0 2.0225
225.0 2.9798
226.0 1.4598
227.0 0.5887
228.0 3.4142
229.0 4.0000
230.0 2.0796
231.0 1.4002
232.0 1.7381
233.0 1.3057
234.0 3.2289
235.0 3.7495
236.0 4.0000
237.0 2.1144
238.0 0.8733
239.0 0.0100
240.0 3.1670
241.0 2.5490
242.0 3.2126
243.0 3.7920
244.0 3.8448
245.0 2.1750
246.0 3.4967
247.0 2.6705
248.0 0.4481
249.0 0.0100
250.0 3.5181
251.0 4.0000
252.0 3.5172
253.0 2.9895
254.0 2.4356
255.0 1.7273
256.0 1.7944
257.0 1.5063
258.0 2.9313
259.0 3.3503
260.0 3.1707
261.0 4.0000
262.0 3.4710
263.0 1.3968
264.0 4.0000
265.0 2.8703
266.0 3.1052
267.0 1.5656
268.0 1.5233
269.0 0.0100
270.0 3.1923
271.0 3.4074
272.0 2.2330
273.0 3.0105
274.0 1.5855
275.0 0.5623
276.0 4.0000
277.0 1.5560
278.0 3.3080
279.0 3.7886
280.0 4.0000
281.0 3.8105
282.0 1.0904
283.0 1.1690
284.0 2.3170
285.0 2.5808
286.0 2.1763
287.0 1.8465
288.0 3.9318
289.0 1.2104
290.0 0.7165
291.0 4.0000
292.0 2.0592
293.0 2.7438
294.0 1.7140
295.0 0.6605
296.0 3.8970
297.0 1.0084
298.0 2.0087
299.0 2.1492
