0.0 1.7952
1.0 1.8792
2.0 2.8931
3.0 2.3018
4.0 4.0000
5.0 1.8570
6.0 2.9899
7.0 4.0000
8.0 1.6701
9.0 1.9672
10.0 1.5796
11.0 1.9518
12.0 1.6724
13.0 3.6651
14.0 2.3788
15.0 1.7791
16.0 0.8266
17.0 4.0000
18.0 4.0000
19.0 3.4379
20.0 2.0634
21.0 0.1549
22.0 1.4194
23.0 3.0641
24.0 1.9670
25.0 2.7418
26.0 1.0100
27.0 3.4361
28.0 3.0811
29.0 1.6480
30.0 2.4366
31.0 2.2974
32.0 3.8839
33.0 3.8480
34.0 0.4742
35.0 4.0000
36.0 1.9393
37.0 3.4071
38.0 1.0978
39.0 1.2917
40.0 1.9682
41.0 3.0913
42.0 2.0373
43.0 2.9519
44.0 2.7752
45.0 2.6616
46.0 1.7407
47.0 0.0100
48.0 2.4564
49.0 0.0100
50.0 2.8016
51.0 1.6786
52.0 3.0888
53.0 1.6228
54.0 2.1692
55.0 1.0786
56.0 1.2501
57.0 3.0212
58.0 2.0358
59.0 1.9299
60.0 2.7835
61.0 3.9082
62.0 2.3482
63.0 4.0000
64.0 1.0990
65.0 3.9904
66.0 2.6919
67.0 3.1103
68.0 0.7469
69.0 1.4508
70.0 0.5157
71.0 1.8868
72.0 2.3321
73.0 3.8931
74.0 1.8375
75.0 1.6834
76.0 4.0000
77.0 1.9916
78.0 2.7558
79.0 2.7913
80.0 0.6686
81.0 1.8507
82.0 2.7248
83.0 2.3270
84.0 1.0100
85.0 1.5023
86.0 1.9458
87.0 0.5545
88.0 1.8287
89.0 0.8850
90.0 0.9520
91.0 1.0800
92.0 2.2011
93.0 2.4105
94.0 1.0752
95.0 2.8687
96.0 2.8292
97.0 1.5989
98.0 4.0000
99.0 2.5437
100.0 2.9410
101.0 2.2545
102.0 2.9565
103.0 2.0568
104.0 0.4657
105.0 0.7799
106.0 3.1222
107.0 4.0000
108.0 2.8550
109.0 3.2350
110.0 3.0275
111.0 1.5198
112.0 2.9628
113.0 1.7576
114.0 0.0100
115.0 3.4649
116.0 1.5369
117.0 0.0100
118.0 1.2480
119.0 2.1632
120.0 4.0000
121.0 2.8587
122.0 4.0000
123.0 3.8686
124.0 3.4354
125.0 1.8752
126.0 0.8444
127.0 1.5129
128.0 3.7109
129.0 2.4046
130.0 1.4642
131.0 1.9801
132.0 1.1279
133.0 2.5844
134.0 2.1740
135.0 1.9212
136.0 3.0479
137.0 3.1913
138.0 3.0276
139.0 4.0000
140.0 2.6909
141.0 1.1130
142.0 1.5377
143.0 0.9635
144.0 1.6781
145.0 4.0000
146.0 1.4729
147.0 3.6145
148.0 3.8806
149.0 2.5373
150.0 4.0000
151.0 3.3656
152.0 1.5793
153.0 2.5002
154.0 1.8983
155.0 2.6070
156.0 2.8136
157.0 1.5048
158.0 3.1010
159.0 0.5682
160.0 0.0100
161.0 2.8145
162.0 3.9829
163.0 2.1556
164.0 0.8955
165.0 3.5540
166.0 2.1233
167.0 0.0100
168.0 1.2773
169.0 0.0100
170.0 1.8704
171.0 4.0000
172.0 2.0424
173.0 3.2704
174.0 3.1108
175.0 0.9442
176.0 4.0000
177.0 1.6692
178.0 1.9090
179.0 3.7256
180.0 2.5484
181.0 0.8680
182.0 3.2528
183.0 0.9996
184.0 2.0297
185.0 2.0021
186.0 2.6796
187.0 0.9525
188.0 0.9876
189.0 2.0470
190.0 3.6796
191.0 1.7857
192.0 1.5542
193.0 1.6160
194.0 0.8958
195.0 2.7036
196.0 4.0000
197.0 3.3210
198.0 0.0100
199.0 1.2225
200.0 2.9857
201.0 4.0000
202.0 1.4794
203.0 1.5108
204.0 3.5293
205.0 1.6366
206.0 1.3545
207.0 2.6652
208.0 4.0000
209.0 2.7972
210.0 3.7851
211.0 3.9709
212.0 0.6997
213.0 2.2589
214.0 0.3039
215.0 2.3760
216.0 3.9569
217.0 1.8130
218.0 2.8890
219.0 1.6723
220.0 1.3526
221.0 1.8927
222.0 2.9140
223.0 4.0000
224.0 2.3216
225.0 2.1533
226.0 1.6352
227.0 3.0849
228.0 0.9311
229.0 1.2707
230.0 1.5944
231.0 2.9308
232.0 0.5471
233.0 1.5287
234.0 2.7428
235.0 2.7753
236.0 2.6293
237.0 2.3494
238.0 2.3501
239.0 1.5968
240.0 2.3315
241.0 3.4337
242.0 0.6716
243.0 0.9822
244.0 4.0000
245.0 4.0000
246.0 2.5855
247.0 0.0100
248.0 3.5547
249.0 4.0000
250.0 1.1256
251.0 1.4901
252.0 2.7770
253.0 0.0100
254.0 1.4172
255.0 2.8019
256.0 3.9987
257.0 3.3606
258.0 1.4674
259.0 0.0100
260.0 2.2095
261.0 3.6369
262.0 2.5175
263.0 2.2530
264.0 1.4448
265.0 0.3729
266.0 1.9656
267.0 2.7125
268.0 3.1056
269.0 3.9340
270.0 2.0840
271.0 1.0920
272.0 0.4282
273.0 2.0756
274.0 4.0000
275.0 2.9208
276.0 1.3950
277.0 2.6312
278.0 0.7003
279.0 1.4825
280.0 0.0100
281.0 1.7937
282.0 2.8524
283.0 1.4521
284.0 1.7289
285.0 1.5614
286.0 2.6389
287.0 2.4447
288.0 0.8805
289.0 1.5848
290.0 4.0000
291.0 2.5924
292.0 2.6220
293.0 3.4724
294.0 2.2883
295.0 2.6372
296.0 2.8616
297.0 2.5949
298.0 2.5868
299.0 2.9563
