0.0 1.7140
1.0 2.6770
2.0 2.9011
3.0 3.3532
4.0 0.4299
5.0 0.7642
6.0 0.7425
7.0 0.9793
8.0 2.9415
9.0 1.1850
10.0 2.2679
11.0 4.0000
12.0 4.0000
13.0 0.3119
14.0 0.4188
15.0 2.4107
16.0 0.5978
17.0 2.0598
18.0 2.1845
19.0 1.8071
20.0 1.7167
21.0 2.6341
22.0 3.0185
23.0 2.2060
24.0 2.7354
25.0 1.0794
26.0 2.2512
27.0 2.6063
28.0 1.1335
29.0 3.8728
30.0 3.8088
31.0 1.8424
32.0 1.6811
33.0 1.8268
34.0 1.6865
35.0 2.6844
36.0 1.6785
37.0 4.0000
38.0 4.0000
39.0 2.5713
40.0 2.3583
41.0 1.9878
42.0 0.6373
43.0 4.0000
44.0 3.4491
45.0 2.6944
46.0 2.7847
47.0 1.7435
48.0 1.4949
49.0 4.0000
50.0 3.8477
51.0 1.6116
52.0 3.8560
53.0 1.5501
54.0 3.2145
55.0 1.9423
56.0 0.8941
57.0 3.4418
58.0 4.0000
59.0 1.7126
60.0 0.6673
61.0 2.8661
62.0 3.2195
63.0 3.8321
64.0 4.0000
65.0 4.0000
66.0 4.0000
67.0 1.1368
68.0 4.0000
69.0 1.2380
70.0 2.1963
71.0 3.9987
72.0 2.9554
73.0 1.7903
74.0 4.0000
75.0 3.0847
76.0 1.8950
77.0 0.8683
78.0 0.3199
79.0 0.8870
80.0 3.0091
81.0 1.5957
82.0 1.4303
83.0 2.2899
84.0 2.1132
85.0 3.0240
86.0 2.1055
87.0 3.2197
88.0 2.9589
89.0 3.3030
90.0 0.7981
91.0 3.5549
92.0 3.2006
93.0 0.9050
94.0 3.6793
95.0 3.5899
96.0 2.8739
97.0 4.0000
98.0 3.4368
99.0 1.5285
100.0 0.0100
101.0 3.3018
102.0 2.2876
103.0 3.6720
104.0 0.8834
105.0 2.5919
106.0 2.3476
107.0 1.8487
108.0 2.8862
109.0 2.8029
110.0 2.1890
111.0 4.0000
112.0 1.4949
113.0 2.3070
114.0 2.2754
115.0 2.6396
116.0 2.5278
117.0 2.6385
118.0 2.5010
119.0 4.0000
120.0 0.3359
121.0 0.5339
122.0 4.0000
123.0 1.0225
124.0 4.0000
125.0 3.0823
126.0 2.1014
127.0 1.7298
128.0 2.7068
129.0 2.8031
130.0 3.2265
131.0 2.7730
132.0 3.6156
133.0 3.4269
134.0 1.5635
135.0 4.0000
136.0 2.9833
137.0 0.9541
138.0 2.4839
139.0 2.8040
140.0 1.9923
141.0 3.0338
142.0 1.5040
143.0 0.0361
144.0 2.0739
145.0 1.9495
146.0 2.6991
147.0 4.0000
148.0 3.8159
149.0 3.2602
150.0 3.0380
151.0 0.4533
152.0 1.3828
153.0 4.0000
154.0 1.7428
155.0 2.5502
156.0 1.5291
157.0 3.1938
158.0 1.9547
159.0 1.5332
160.0 2.1937
161.0 4.0000
162.0 0.6990
163.0 3.6185
164.0 1.1218
165.0 2.0074
166.0 4.0000
167.0 4.0000
168.0 1.0594
169.0 0.5546
170.0 2.1310
171.0 1.3851
172.0 4.0000
173.0 3.9606
174.0 1.3253
175.0 1.9990
176.0 3.0533
177.0 2.4096
178.0 2.0430
179.0 2.8242
180.0 0.4302
181.0 0.0100
182.0 1.5444
183.0 4.0000
184.0 2.1406
185.0 1.8971
186.0 1.3196
187.0 2.2042
188.0 2.2771
189.0 1.9111
190.0 2.2230
191.0 3.0381
192.0 3.2731
193.0 0.2082
194.0 1.9792
195.0 2.0651
196.0 3.0344
197.0 2.4955
198.0 3.1151
199.0 1.4027
200.0 1.8220
201.0 3.5095
202.0 3.2740
203.0 1.1922
204.0 3.4606
205.0 0.8072
206.0 2.5649
207.0 4.0000
208.0 3.1471
209.0 1.2287
210.0 4.0000
211.0 1.6485
212.0 2.4922
213.0 2.2319
214.0 2.2163
215.0 4.0000
216.0 1.9828
217.0 1.8549
218.0 3.9032
219.0 1.2179
220.0 0.5719
221.0 2.9860
222.0 2.1565
223.0 3.6546
224.0 3.4774
225.0 3.3888
226.0 1.8509
227.0 1.2531
228.0 1.6185
229.0 2.5306
230.0 1.4099
231.0 1.3802
232.0 1.0602
233.0 1.4190
234.0 1.5787
235.0 1.0570
236.0 2.9741
237.0 0.9576
238.0 3.0078
239.0 1.7389
240.0 3.0800
241.0 0.0100
242.0 1.3066
243.0 1.6281
244.0 1.3405
245.0 4.0000
246.0 2.2778
247.0 1.2693
248.0 2.0189
249.0 1.8536
250.0 3.0036
251.0 2.8788
252.0 2.0407
253.0 1.9255
254.0 4.0000
255.0 2.2728
256.0 1.0985
257.0 2.6875
258.0 3.7670
259.0 3.0424
260.0 0.0100
261.0 2.0331
262.0 2.7549
263.0 2.1496
264.0 1.9813
265.0 2.9397
266.0 2.7664
267.0 3.3076
268.0 0.9532
269.0 2.0345
270.0 2.7192
271.0 1.9638
272.0 3.3540
273.0 2.9042
274.0 0.4972
275.0 1.3046
276.0 2.1525
277.0 3.4531
278.0 3.2511
279.0 1.3961
280.0 3.3985
281.0 2.5842
282.0 1.0360
283.0 3.1388
284.0 3.1535
285.0 1.2191
286.0 0.9879
287.0 1.2972
288.0 2.6191
289.0 1.1560
290.0 1.0270
291.0 1.3597
292.0 2.8062
293.0 1.8316
294.0 3.0841
295.0 2.2661
296.0 4.0000
297.0 1.6255
298.0 1.7586
299.0 2.1770
