0.0 0.8033
1.0 2.7359
2.0 2.6811
3.0 4.0000
4.0 2.8779
5.0 2.4781
6.0 3.3176
7.0 0.8802
8.0 1.5595
9.0 2.3739
10.0 1.2378
11.0 3.4204
12.0 3.8292
13.0 3.0175
14.0 2.4791
15.0 1.6857
16.0 0.7190
17.0 0.9156
18.0 0.3524
19.0 0.7262
20.0 2.3456
21.0 4.0000
22.0 2.0743
23.0 0.0100
24.0 0.8062
25.0 3.3026
26.0 3.2940
27.0 2.0745
28.0 2.3133
29.0 3.3960
30.0 1.3766
31.0 0.0100
32.0 1.5379
33.0 3.0689
34.0 1.1897
35.0 3.7677
36.0 3.7542
37.0 0.0981
38.0 3.4687
39.0 3.2601
40.0 2.7900
41.0 1.8200
42.0 2.3543
43.0 1.3768
44.0 2.8373
45.0 0.9748
46.0 3.0461
47.0 1.6188
48.0 0.9447
49.0 2.8581
50.0 2.7662
51.0 2.5411
52.0 3.2977
53.0 1.8599
54.0 1.6841
55.0 2.4181
56.0 3.3624
57.0 0.0100
58.0 0.1085
59.0 2.2172
60.0 3.0848
61.0 0.0173
62.0 2.0288
63.0 2.8885
64.0 3.4028
65.0 2.5571
66.0 2.4883
67.0 1.4393
68.0 2.1403
69.0 4.0000
70.0 3.8235
71.0 4.0000
72.0 2.0477
73.0 2.7833
74.0 3.1303
75.0 2.0542
76.0 2.9455
77.0 3.5603
78.0 1.7890
79.0 4.0000
80.0 0.9882
81.0 3.6649
82.0 2.0112
83.0 2.4944
84.0 4.0000
85.0 2.7701
86.0 1.9859
87.0 0.1714
88.0 4.0000
89.0 2.2094
90.0 2.8815
91.0 4.0000
92.0 0.0100
93.0 0.7684
94.0 3.7020
95.0 3.0827
96.0 3.0513
97.0 1.9894
98.0 2.0866
99.0 3.2881
100.0 0.8105
101.0 1.6477
102.0 2.8145
103.0 4.0000
104.0 1.3727
105.0 0.9438
106.0 3.8194
107.0 2.9088
108.0 1.7500
109.0 4.0000
110.0 3.5375
111.0 3.5056
112.0 2.0998
113.0 3.2191
114.0 2.1835
115.0 2.8635
116.0 2.2417
117.0 2.2509
118.0 2.0488
119.0 2.6975
120.0 2.1393
121.0 4.0000
122.0 1.8481
123.0 3.1697
124.0 2.7046
125.0 1.9437
126.0 2.4983
127.0 2.8466
128.0 1.7352
129.0 4.0000
130.0 1.7613
131.0 3.5042
132.0 2.0512
133.0 3.4814
134.0 1.5060
135.0 1.9998
136.0 3.7386
137.0 2.5920
138.0 2.1699
139.0 1.8660
140.0 2.2804
141.0 1.1406
142.0 1.8336
143.0 4.0000
144.0 1.0108
145.0 3.1650
146.0 2.7568
147.0 2.9570
148.0 1.9650
149.0 3.7822
150.0 3.6319
151.0 1.8261
152.0 2.3171
153.0 2.3201
154.0 3.4255
155.0 1.7701
156.0 2.1415
157.0 3.4634
158.0 3.2875
159.0 3.1844
160.0 3.4465
161.0 2.0618
162.0 3.3926
163.0 2.7412
164.0 1.8651
165.0 2.1096
166.0 3.0550
167.0 1.7583
168.0 4.0000
169.0 0.2998
170.0 2.3265
171.0 1.3033
172.0 0.9817
173.0 4.0000
174.0 0.6700
175.0 3.5027
176.0 2.8959
177.0 3.3278
178.0 2.1487
179.0 0.4687
180.0 2.4772
181.0 2.1212
182.0 3.7397
183.0 0.6878
184.0 3.0058
185.0 1.8192
186.0 3.2256
187.0 1.8818
188.0 4.0000
189.0 3.2942
190.0 3.7235
191.0 1.9417
192.0 3.4658
193.0 2.8597
194.0 1.9577
195.0 0.1008
196.0 2.8508
197.0 1.5039
198.0 3.0299
199.0 0.0100
200.0 3.2554
201.0 3.2510
202.0 2.3790
203.0 2.9388
204.0 2.9416
205.0 0.3589
206.0 3.1984
207.0 3.3798
208.0 2.9105
209.0 1.9181
210.0 1.6341
211.0 3.6033
212.0 2.5769
213.0 3.3364
214.0 2.3543
215.0 2.2828
216.0 2.2654
217.0 1.5937
218.0 1.1946
219.0 2.5034
220.0 3.5430
221.0 1.6365
222.0 4.0000
223.0 1.2517
224.0 0.8220
225.0 4.0000
226.0 3.2424
227.0 1.8924
228.0 1.4688
229.0 1.7012
230.0 2.4338
231.0 4.0000
232.0 0.6839
233.0 1.8213
234.0 2.7409
235.0 2.9067
236.0 1.4073
237.0 2.2085
238.0 0.0100
239.0 1.8647
240.0 1.2593
241.0 1.2188
242.0 3.0799
243.0 0.8202
244.0 1.5061
245.0 4.0000
246.0 1.7090
247.0 2.2304
248.0 1.2020
249.0 4.0000
250.0 0.2488
251.0 0.8845
252.0 0.8574
253.0 0.2741
254.0 4.0000
255.0 4.0000
256.0 1.9765
257.0 1.8649
258.0 4.0000
259.0 1.5848
260.0 0.5804
261.0 2.9854
262.0 3.4426
263.0 1.7690
264.0 0.9112
265.0 3.2899
266.0 3.7270
267.0 2.9830
268.0 1.5453
269.0 1.1623
270.0 2.4381
271.0 2.8896
272.0 2.7069
273.0 2.9754
274.0 1.8731
275.0 2.2822
276.0 1.8238
277.0 2.0150
278.0 3.1274
279.0 2.4901
280.0 1.5493
281.0 1.9003
282.0 0.3020
283.0 1.5398
284.0 3.9166
285.0 0.8461
286.0 2.8971
287.0 4.0000
288.0 2.5284
289.0 3.4811
290.0 1.9792
291.0 1.3436
292.0 4.0000
293.0 3.1383
294.0 4.0000
295.0 0.8856
296.0 2.0931
297.0 3.5206
298.0 1.8519
299.0 1.3801
