0.0 2.5310
1.0 0.3482
2.0 3.0332
3.0 1.5282
4.0 4.0000
5.0 1.3579
6.0 2.3053
7.0 0.2654
8.0 2.9867
9.0 3.3018
10.0 1.7775
11.0 1.9531
12.0 2.4358
13.0 1.0995
14.0 2.6838
15.0 2.7278
16.0 3.0436
17.0 2.2228
18.0 3.0614
19.0 2.3928
20.0 1.7756
21.0 1.7576
22.0 1.1094
23.0 3.8797
24.0 2.5060
25.0 3.2178
26.0 2.5189
27.0 2.6372
28.0 2.4280
29.0 2.0569
30.0 4.0000
31.0 1.4024
32.0 2.1655
33.0 2.6098
34.0 1.7267
35.0 1.7255
36.0 2.4815
37.0 2.0184
38.0 0.9939
39.0 3.4646
40.0 3.3705
41.0 3.4353
42.0 3.4845
43.0 2.1775
44.0 0.8125
45.0 2.3757
46.0 1.2713
47.0 2.8345
48.0 0.3353
49.0 3.0517
50.0 3.2146
51.0 3.2324
52.0 1.8509
53.0 0.9425
54.0 3.7806
55.0 2.5699
56.0 0.8642
57.0 0.7527
58.0 3.2675
59.0 1.0911
60.0 1.8070
61.0 3.3070
62.0 3.0024
63.0 1.6467
64.0 2.5579
65.0 1.8665
66.0 3.1152
67.0 2.8756
68.0 2.7404
69.0 2.4529
70.0 2.7461
71.0 3.4833
72.0 3.0658
73.0 0.9769
74.0 1.6809
75.0 4.0000
76.0 3.8356
77.0 1.6908
78.0 2.7942
79.0 3.5895
80.0 1.7015
81.0 3.7613
82.0 2.2916
83.0 1.9607
84.0 0.1601
85.0 2.5577
86.0 0.9419
87.0 1.5956
88.0 1.2812
89.0 1.9625
90.0 3.0943
91.0 2.6416
92.0 2.2152
93.0 2.1724
94.0 2.9590
95.0 1.5373
96.0 4.0000
97.0 2.4694
98.0 2.0933
99.0 3.4656
100.0 2.0800
101.0 0.9727
102.0 2.7673
103.0 0.4226
104.0 2.6647
105.0 2.9872
106.0 1.9229
107.0 2.8390
108.0 2.3661
109.0 2.4159
110.0 2.8010
111.0 3.7861
112.0 2.8460
113.0 1.3314
114.0 2.5927
115.0 1.5918
116.0 1.4254
117.0 3.1858
118.0 1.5019
119.0 2.2946
120.0 0.9142
121.0 1.7996
122.0 2.2147
123.0 4.0000
124.0 1.6037
125.0 0.0100
126.0 1.3771
127.0 4.0000
128.0 1.7484
129.0 2.8016
130.0 2.3842
131.0 0.1290
132.0 3.4521
133.0 2.9493
134.0 2.7729
135.0 2.9913
136.0 0.9117
137.0 3.6924
138.0 4.0000
139.0 2.6069
140.0 0.7355
141.0 1.3143
142.0 3.7228
143.0 1.5783
144.0 1.9717
145.0 1.8459
146.0 0.8666
147.0 0.2206
148.0 1.4454
149.0 1.4508
150.0 0.2973
151.0 3.3009
152.0 4.0000
153.0 0.2865
154.0 1.6649
155.0 0.4365
156.0 0.0100
157.0 1.5857
158.0 2.2514
159.0 3.2077
160.0 3.1788
161.0 2.5455
162.0 4.0000
163.0 4.0000
164.0 4.0000
165.0 2.3112
166.0 2.5331
167.0 3.9886
168.0 3.8825
169.0 3.0476
170.0 2.1309
171.0 0.7776
172.0 1.5152
173.0 2.6127
174.0 3.0772
175.0 3.7198
176.0 0.8977
177.0 0.4260
178.0 2.2525
179.0 3.7783
180.0 1.2878
181.0 1.9694
182.0 1.2947
183.0 2.0081
184.0 2.3115
185.0 4.0000
186.0 0.4184
187.0 2.4404
188.0 4.0000
189.0 4.0000
190.0 1.2978
191.0 4.0000
192.0 2.0780
193.0 2.3479
194.0 2.0157
195.0 2.3016
196.0 2.9510
197.0 1.8494
198.0 0.1851
199.0 2.1721
200.0 3.2522
201.0 3.4056
202.0 2.0687
203.0 0.9169
204.0 3.0124
205.0 2.7521
206.0 3.5219
207.0 4.0000
208.0 3.3404
209.0 2.0795
210.0 2.8060
211.0 2.0870
212.0 2.9907
213.0 3.7024
214.0 4.0000
215.0 2.7586
216.0 0.5530
217.0 2.2451
218.0 3.0206
219.0 3.4234
220.0 3.7835
221.0 0.0100
222.0 1.8095
223.0 2.2780
224.0 1.5714
225.0 0.0434
226.0 3.6460
227.0 1.6111
228.0 2.9002
229.0 4.0000
230.0 2.9557
231.0 3.6460
232.0 4.0000
233.0 2.0711
234.0 1.4257
235.0 2.3979
236.0 1.9402
237.0 0.3397
238.0 4.0000
239.0 1.4138
240.0 0.0100
241.0 0.8925
242.0 1.0180
243.0 3.9901
244.0 4.0000
245.0 1.5358
246.0 2.7617
247.0 2.0749
248.0 1.2916
249.0 2.3415
250.0 2.2537
251.0 4.0000
252.0 4.0000
253.0 3.6395
254.0 2.3925
255.0 4.0000
256.0 2.3429
257.0 1.7867
258.0 1.4224
259.0 1.4392
260.0 1.8255
261.0 3.7598
262.0 1.3207
263.0 0.5292
264.0 4.0000
265.0 3.0805
266.0 2.6833
267.0 4.0000
268.0 1.8830
269.0 0.1981
270.0 2.3773
271.0 1.2631
272.0 1.0988
273.0 0.9613
274.0 3.2710
275.0 3.5626
276.0 1.6412
277.0 1.5904
278.0 2.7167
279.0 3.1880
280.0 1.4088
281.0 1.1417
282.0 1.2845
283.0 1.9474
284.0 0.4705
285.0 2.5514
286.0 1.9897
287.0 4.0000
288.0 4.0000
289.0 3.7644
290.0 2.2598
291.0 1.7731
292.0 1.5412
293.0 2.1472
294.0 2.9450
295.0 2.5348
296.0 2.4480
297.0 1.5588
298.0 3.6152
299.0 1.4574
