0.0 2.0594
1.0 0.7326
2.0 0.8670
3.0 2.2139
4.0 1.8224
5.0 2.5606
6.0 2.6464
7.0 2.2160
8.0 1.0380
9.0 3.7066
10.0 1.6148
11.0 3.6518
12.0 3.1929
13.0 3.0693
14.0 3.2006
15.0 1.3393
16.0 1.2342
17.0 4.0000
18.0 2.5870
19.0 2.2133
20.0 2.8344
21.0 4.0000
22.0 2.7013
23.0 0.5327
24.0 1.7211
25.0 4.0000
26.0 0.6679
27.0 3.8917
28.0 1.8330
29.0 2.2389
30.0 3.4927
31.0 2.9629
32.0 0.0100
33.0 4.0000
34.0 2.8260
35.0 4.0000
36.0 3.3195
37.0 4.0000
38.0 1.3779
39.0 2.4211
40.0 1.5393
41.0 4.0000
42.0 3.2572
43.0 2.9414
44.0 2.8868
45.0 2.5386
46.0 1.6500
47.0 2.5751
48.0 0.1060
49.0 1.4486
50.0 2.9671
51.0 0.4700
52.0 2.5739
53.0 1.1640
54.0 1.9570
55.0 4.0000
56.0 2.3131
57.0 1.7728
58.0 2.2709
59.0 3.2250
60.0 2.0078
61.0 3.1817
62.0 0.6776
63.0 0.2760
64.0 3.3622
65.0 2.0611
66.0 4.0000
67.0 2.3465
68.0 3.2829
69.0 1.1108
70.0 3.8936
71.0 3.3379
72.0 1.9147
73.0 2.6140
74.0 1.1833
75.0 2.3214
76.0 2.7910
77.0 2.8951
78.0 2.4146
79.0 2.8157
80.0 1.6518
81.0 3.3845
82.0 3.1907
83.0 2.6342
84.0 2.1762
85.0 1.6291
86.0 2.8216
87.0 2.2895
88.0 1.7020
89.0 4.0000
90.0 2.9848
91.0 2.3353
92.0 2.7803
93.0 0.0100
94.0 3.7482
95.0 3.1727
96.0 0.5162
97.0 1.5238
98.0 2.8948
99.0 2.7134
100.0 0.4051
101.0 2.2638
102.0 1.2414
103.0 3.4543
104.0 4.0000
105.0 2.9393
106.0 1.8066
107.0 2.0538
108.0 0.7628
109.0 3.2206
110.0 2.6098
111.0 2.5439
112.0 1.8078
113.0 2.3015
114.0 1.5020
115.0 2.5248
116.0 2.5502
117.0 3.7587
118.0 0.3865
119.0 3.0973
120.0 1.8542
121.0 3.3248
122.0 3.4671
123.0 4.0000
124.0 2.0959
125.0 0.7997
126.0 2.8656
127.0 3.0068
128.0 1.4267
129.0 2.2713
130.0 0.5952
131.0 1.5513
132.0 0.0100
133.0 2.3936
134.0 3.2754
135.0 1.8558
136.0 2.3441
137.0 0.0100
138.0 2.8735
139.0 3.6519
140.0 3.1517
141.0 1.4690
142.0 0.2787
143.0 1.3486
144.0 1.7252
145.0 2.2199
146.0 3.6587
147.0 3.7259
148.0 2.7102
149.0 2.5485
150.0 2.0431
151.0 2.0325
152.0 1.3370
153.0 1.4679
154.0 1.4945
155.0 2.0241
156.0 3.1181
157.0 2.0229
158.0 3.3341
159.0 3.0220
160.0 1.1681
161.0 2.0244
162.0 3.8857
163.0 2.6516
164.0 3.5280
165.0 2.3936
166.0 3.1727
167.0 1.7177
168.0 2.9416
169.0 0.1365
170.0 3.1028
171.0 2.2062
172.0 0.1539
173.0 3.4378
174.0 2.2824
175.0 2.5841
176.0 2.9095
177.0 3.2296
178.0 2.9262
179.0 3.1248
180.0 3.1407
181.0 2.3008
182.0 1.5929
183.0 2.9834
184.0 4.0000
185.0 2.5763
186.0 4.0000
187.0 0.1807
188.0 2.0058
189.0 3.4483
190.0 0.8689
191.0 0.5051
192.0 2.7029
193.0 2.5963
194.0 0.2348
195.0 3.8186
196.0 2.5878
197.0 0.7634
198.0 0.1802
199.0 0.9023
200.0 1.7323
201.0 2.2138
202.0 3.2319
203.0 3.1194
204.0 1.5473
205.0 3.4961
206.0 2.2781
207.0 2.3782
208.0 3.7456
209.0 3.8615
210.0 0.6352
211.0 1.5514
212.0 0.9718
213.0 1.3627
214.0 3.2540
215.0 1.8267
216.0 3.0082
217.0 1.6123
218.0 1.2057
219.0 0.1700
220.0 3.6233
221.0 3.7512
222.0 1.7160
223.0 2.5959
224.0 2.6274
225.0 0.3593
226.0 4.0000
227.0 4.0000
228.0 3.6720
229.0 2.7221
230.0 2.8210
231.0 2.3232
232.0 1.7507
233.0 3.2688
234.0 2.4115
235.0 2.6252
236.0 1.4688
237.0 1.2504
238.0 2.2869
239.0 0.5225
240.0 0.2495
241.0 2.6579
242.0 1.3688
243.0 1.7799
244.0 2.2660
245.0 2.6733
246.0 1.8952
247.0 0.1394
248.0 2.5375
249.0 0.9301
250.0 4.0000
251.0 0.9423
252.0 1.5270
253.0 1.9609
254.0 2.9616
255.0 0.5775
256.0 2.3239
257.0 0.3635
258.0 1.8152
259.0 1.7401
260.0 0.6755
261.0 3.4445
262.0 1.6051
263.0 1.7717
264.0 0.5053
265.0 1.0118
266.0 2.7279
267.0 2.1065
268.0 1.0162
269.0 2.0644
270.0 3.8622
271.0 4.0000
272.0 1.8602
273.0 4.0000
274.0 3.2665
275.0 2.6153
276.0 3.7138
277.0 1.0685
278.0 2.5377
279.0 2.8976
280.0 2.3462
281.0 4.0000
282.0 0.2415
283.0 3.4182
284.0 0.2572
285.0 3.7737
286.0 1.9342
287.0 3.2912
288.0 1.4155
289.0 2.8397
290.0 0.5193
291.0 2.7086
292.0 0.5168
293.0 4.0000
294.0 1.3392
295.0 2.2084
296.0 1.6205
297.0 4.0000
298.0 2.7665
299.0 4.0000
