0.0 2.5156
1.0 2.1427
2.0 2.4360
3.0 3.1147
4.0 1.4751
5.0 0.3297
6.0 2.0630
7.0 2.1251
8.0 0.7204
9.0 0.6818
10.0 2.3179
11.0 2.2496
12.0 3.5492
13.0 4.0000
14.0 1.3539
15.0 1.8227
16.0 1.7271
17.0 1.6464
18.0 4.0000
19.0 0.0100
20.0 3.7977
21.0 1.8406
22.0 2.2357
23.0 2.6902
24.0 3.5727
25.0 2.0824
26.0 3.8695
27.0 0.0100
28.0 2.5229
29.0 2.4899
30.0 1.9659
31.0 0.7513
32.0 2.1246
33.0 2.0123
34.0 1.6230
35.0 2.6942
36.0 1.1285
37.0 3.2499
38.0 3.0747
39.0 2.4271
40.0 0.4148
41.0 0.5264
42.0 0.7858
43.0 2.3317
44.0 2.2142
45.0 0.0100
46.0 4.0000
47.0 2.1720
48.0 3.5388
49.0 3.8109
50.0 0.9652
51.0 0.0100
52.0 2.7757
53.0 1.1429
54.0 3.1136
55.0 0.1645
56.0 0.4832
57.0 2.0356
58.0 0.6183
59.0 0.2517
60.0 1.6237
61.0 3.3705
62.0 0.7020
63.0 1.1942
64.0 2.0944
65.0 3.0299
66.0 2.7178
67.0 2.5385
68.0 3.2826
69.0 0.9420
70.0 2.3545
71.0 2.6149
72.0 2.6073
73.0 1.5166
74.0 2.1167
75.0 1.5696
76.0 0.2621
77.0 2.7966
78.0 2.6327
79.0 1.8541
80.0 2.4995
81.0 1.0903
82.0 2.2330
83.0 1.2294
84.0 4.0000
85.0 1.3790
86.0 2.7740
87.0 4.0000
88.0 1.0786
89.0 0.4211
90.0 4.0000
91.0 3.0180
92.0 4.0000
93.0 2.4885
94.0 3.4401
95.0 3.2493
96.0 4.0000
97.0 1.6623
98.0 2.9393
99.0 2.2009
100.0 3.7629
101.0 1.9040
102.0 2.3018
103.0 2.8717
104.0 1.9150
105.0 3.8384
106.0 3.8484
107.0 3.3095
108.0 3.3106
109.0 2.8398
110.0 2.4732
111.0 1.0302
112.0 3.8668
113.0 0.4179
114.0 0.7858
115.0 3.2409
116.0 2.6620
117.0 1.1787
118.0 3.2119
119.0 0.8011
120.0 0.8711
121.0 3.8265
122.0 1.4349
123.0 2.6601
124.0 3.1699
125.0 3.5624
126.0 0.6819
127.0 1.5841
128.0 4.0000
129.0 3.0330
130.0 0.8533
131.0 2.2406
132.0 4.0000
133.0 3.8434
134.0 0.7613
135.0 1.1035
136.0 2.2169
137.0 1.0644
138.0 2.0522
139.0 2.1069
140.0 2.5848
141.0 2.0692
142.0 0.9533
143.0 3.1681
144.0 3.3117
145.0 3.1356
146.0 2.4580
147.0 0.8839
148.0 2.1815
149.0 2.9379
150.0 3.2136
151.0 1.2079
152.0 3.1032
153.0 3.7129
154.0 2.8917
155.0 3.8457
156.0 2.5006
157.0 3.4491
158.0 0.0100
159.0 3.2728
160.0 1.2811
161.0 1.0303
162.0 1.9842
163.0 2.0156
164.0 1.6551
165.0 0.9342
166.0 1.8715
167.0 1.4067
168.0 3.0344
169.0 4.0000
170.0 1.8012
171.0 4.0000
172.0 2.4111
173.0 2.1780
174.0 1.5504
175.0 1.2489
176.0 3.1581
177.0 4.0000
178.0 1.0683
179.0 3.6275
180.0 1.6585
181.0 4.0000
182.0 4.0000
183.0 3.4485
184.0 0.8935
185.0 2.9007
186.0 2.5944
187.0 2.6617
188.0 3.6529
189.0 4.0000
190.0 4.0000
191.0 2.2748
192.0 0.8841
193.0 0.0100
194.0 0.6027
195.0 1.5735
196.0 2.0912
197.0 3.4446
198.0 2.4462
199.0 1.8231
200.0 3.5269
201.0 1.4031
202.0 2.7146
203.0 1.4783
204.0 2.7067
205.0 1.2485
206.0 2.3217
207.0 1.5652
208.0 0.0100
209.0 4.0000
210.0 2.7045
211.0 3.8437
212.0 1.3002
213.0 0.7813
214.0 0.0100
215.0 1.7237
216.0 2.7160
217.0 2.3455
218.0 0.8180
219.0 4.0000
220.0 1.8488
221.0 1.8337
222.0 2.7944
223.0 1.5940
224.0 3.3715
225.0 3.7412
226.0 1.0930
227.0 1.9787
228.0 2.5113
229.0 2.5908
230.0 2.4927
231.0 2.9667
232.0 2.1416
233.0 0.6578
234.0 0.4818
235.0 3.2723
236.0 2.2774
237.0 2.4018
238.0 2.0791
239.0 0.0100
240.0 2.1896
241.0 3.5502
242.0 0.8011
243.0 1.9604
244.0 1.2215
245.0 3.8565
246.0 2.5685
247.0 1.6286
248.0 1.2813
249.0 4.0000
250.0 2.0400
251.0 3.3224
252.0 1.3594
253.0 3.9541
254.0 4.0000
255.0 1.8862
256.0 2.1662
257.0 1.4036
258.0 3.1906
259.0 4.0000
260.0 0.8949
261.0 2.2911
262.0 2.8064
263.0 3.6540
264.0 2.8264
265.0 1.2001
266.0 0.9674
267.0 3.5678
268.0 1.0032
269.0 2.2617
270.0 2.4026
271.0 4.0000
272.0 4.0000
273.0 2.5163
274.0 4.0000
275.0 1.6174
276.0 0.8462
277.0 1.7212
278.0 2.5724
279.0 3.3427
280.0 2.5165
281.0 1.0965
282.0 2.0500
283.0 3.9542
284.0 2.2635
285.0 3.6066
286.0 0.9799
287.0 3.3613
288.0 0.2689
289.0 1.4417
290.0 3.4525
291.0 2.6556
292.0 2.2989
293.0 1.7187
294.0 0.8879
295.0 1.7343
296.0 2.7290
297.0 1.9696
298.0 4.0000
299.0 1.6278
