0.0 1.3789
1.0 3.9768
2.0 4.0000
3.0 2.0707
4.0 3.1757
5.0 1.1140
6.0 4.0000
7.0 0.0100
8.0 2.9415
9.0 3.5892
10.0 2.4909
11.0 4.0000
12.0 2.2846
13.0 3.4388
14.0 3.1279
15.0 0.3126
16.0 0.0100
17.0 2.6665
18.0 3.8946
19.0 1.4466
20.0 2.9182
21.0 2.9187
22.0 1.9516
23.0 2.4606
24.0 3.5687
25.0 0.9206
26.0 3.7213
27.0 1.3778
28.0 2.7702
29.0 1.9018
30.0 3.0479
31.0 3.9989
32.0 4.0000
33.0 3.1170
34.0 3.5174
35.0 2.4431
36.0 3.5250
37.0 1.4534
38.0 3.0300
39.0 1.8754
40.0 3.5932
41.0 2.5949
42.0 2.2569
43.0 3.5497
44.0 3.0008
45.0 2.1544
46.0 2.0129
47.0 2.3771
48.0 1.2069
49.0 3.8736
50.0 0.3914
51.0 2.1090
52.0 4.0000
53.0 2.2212
54.0 3.5725
55.0 2.9281
56.0 0.2242
57.0 1.5447
58.0 0.9892
59.0 3.0822
60.0 1.9811
61.0 3.5718
62.0 2.1219
63.0 1.3693
64.0 2.5567
65.0 2.5401
66.0 1.7768
67.0 0.3014
68.0 2.5107
69.0 2.9629
70.0 1.5220
71.0 0.7509
72.0 2.0467
73.0 2.5496
74.0 3.0884
75.0 1.6681
76.0 1.5712
77.0 4.0000
78.0 0.7076
79.0 2.7187
80.0 3.7497
81.0 2.8368
82.0 3.6228
83.0 4.0000
84.0 2.5699
85.0 1.0917
86.0 1.6441
87.0 3.3403
88.0 1.5464
89.0 2.9439
90.0 2.1069
91.0 1.0962
92.0 2.8522
93.0 0.9256
94.0 2.0679
95.0 4.0000
96.0 3.4208
97.0 2.3779
98.0 4.0000
99.0 2.7326
100.0 3.2466
101.0 2.0597
102.0 1.9290
103.0 1.5743
104.0 4.0000
105.0 2.7759
106.0 2.5378
107.0 4.0000
108.0 2.6560
109.0 1.6034
110.0 1.9706
111.0 0.5878
112.0 1.5547
113.0 3.2706
114.0 2.7011
115.0 0.1680
116.0 2.0245
117.0 2.5185
118.0 2.6792
119.0 3.3760
120.0 1.8731
121.0 3.0061
122.0 2.9122
123.0 2.6110
124.0 4.0000
125.0 3.1172
126.0 0.2827
127.0 2.9483
128.0 3.3245
129.0 2.9780
130.0 3.3277
131.0 1.8695
132.0 1.1535
133.0 4.0000
134.0 0.4772
135.0 1.3660
136.0 1.7534
137.0 3.3212
138.0 0.2691
139.0 3.0232
140.0 0.9561
141.0 0.0100
142.0 3.9831
143.0 2.6557
144.0 1.9069
145.0 3.2106
146.0 1.0600
147.0 1.0513
148.0 2.9550
149.0 0.4551
150.0 2.5372
151.0 2.8132
152.0 3.5852
153.0 3.4153
154.0 2.4023
155.0 1.2304
156.0 1.1896
157.0 0.0100
158.0 1.9559
159.0 3.0712
160.0 0.5282
161.0 4.0000
162.0 0.9681
163.0 3.1326
164.0 1.3029
165.0 2.8297
166.0 2.7757
167.0 4.0000
168.0 2.2761
169.0 2.0809
170.0 1.7302
171.0 2.1706
172.0 2.6681
173.0 1.1773
174.0 1.8869
175.0 3.5235
176.0 2.5298
177.0 3.6763
178.0 1.0399
179.0 4.0000
180.0 4.0000
181.0 0.8983
182.0 2.9963
183.0 3.2169
184.0 3.6232
185.0 3.2426
186.0 3.1042
187.0 3.3888
188.0 3.1115
189.0 3.5197
190.0 2.6252
191.0 3.3375
192.0 2.6128
193.0 3.3480
194.0 1.3066
195.0 2.3256
196.0 0.0100
197.0 3.3185
198.0 2.8538
199.0 3.7124
200.0 3.6677
201.0 3.2860
202.0 1.1734
203.0 2.8002
204.0 2.3290
205.0 2.0523
206.0 2.4243
207.0 3.8657
208.0 4.0000
209.0 2.5131
210.0 2.4623
211.0 0.8542
212.0 1.9737
213.0 3.0971
214.0 3.6282
215.0 3.2285
216.0 4.0000
217.0 1.4673
218.0 1.6135
219.0 0.4726
220.0 2.1197
221.0 3.3627
222.0 2.0973
223.0 2.6783
224.0 2.1304
225.0 1.4614
226.0 2.0358
227.0 3.3782
228.0 4.0000
229.0 2.0379
230.0 3.2647
231.0 3.4371
232.0 2.2376
233.0 2.0029
234.0 1.4085
235.0 4.0000
236.0 3.9179
237.0 4.0000
238.0 2.0651
239.0 2.5185
240.0 2.6717
241.0 1.4283
242.0 1.0140
243.0 2.1194
244.0 1.6640
245.0 4.0000
246.0 2.2613
247.0 2.7974
248.0 4.0000
249.0 1.2390
250.0 2.0280
251.0 0.2501
252.0 2.1971
253.0 4.0000
254.0 0.9697
255.0 2.5582
256.0 4.0000
257.0 2.6491
258.0 2.7090
259.0 2.4472
260.0 1.5955
261.0 2.5102
262.0 0.0100
263.0 1.0348
264.0 3.3971
265.0 1.8498
266.0 1.8031
267.0 3.4388
268.0 2.8877
269.0 2.3376
270.0 1.6781
271.0 1.7292
272.0 1.1977
273.0 2.9760
274.0 3.6382
275.0 3.3161
276.0 3.9567
277.0 2.7776
278.0 3.2313
279.0 4.0000
280.0 1.1862
281.0 1.5618
282.0 1.3366
283.0 2.5217
284.0 2.1252
285.0 3.0964
286.0 1.9010
287.0 1.2015
288.0 1.9724
289.0 2.1508
290.0 1.4573
291.0 1.3678
292.0 0.0568
293.0 0.9133
294.0 1.0528
295.0 2.9060
296.0 1.4254
297.0 0.4057
298.0 1.2701
299.0 3.3801
