0.0 2.8772
1.0 2.5349
2.0 1.3140
3.0 2.9889
4.0 3.1525
5.0 1.5172
6.0 3.3585
7.0 3.0991
8.0 2.7623
9.0 1.3936
10.0 4.0000
11.0 1.7596
12.0 3.8494
13.0 3.2557
14.0 2.4743
15.0 0.4564
16.0 2.3863
17.0 1.5564
18.0 1.6307
19.0 2.3098
20.0 2.1211
21.0 1.3290
22.0 1.6272
23.0 0.2483
24.0 1.3850
25.0 2.0580
26.0 2.1830
27.0 1.3101
28.0 2.5479
29.0 2.0504
30.0 2.6469
31.0 2.1223
32.0 1.6590
33.0 2.1249
34.0 1.2263
35.0 2.6762
36.0 3.5811
37.0 4.0000
38.0 3.2903
39.0 2.9969
40.0 2.7436
41.0 2.8397
42.0 2.9100
43.0 2.2762
44.0 0.4914
45.0 4.0000
46.0 1.5598
47.0 2.1706
48.0 1.9935
49.0 2.2622
50.0 3.6039
51.0 1.8741
52.0 3.2601
53.0 3.2039
54.0 3.5166
55.0 4.0000
56.0 0.0100
57.0 2.3003
58.0 2.1488
59.0 2.0535
60.0 1.5859
61.0 2.6607
62.0 0.9007
63.0 1.7192
64.0 3.8482
65.0 4.0000
66.0 3.2817
67.0 2.7318
68.0 4.0000
69.0 2.6920
70.0 3.0180
71.0 1.9932
72.0 4.0000
73.0 1.4623
74.0 1.6001
75.0 1.7175
76.0 4.0000
77.0 2.3230
78.0 3.1227
79.0 2.3400
80.0 2.7244
81.0 4.0000
82.0 2.0799
83.0 3.6817
84.0 2.5518
85.0 3.5176
86.0 1.6111
87.0 2.7939
88.0 2.5030
89.0 0.7823
90.0 0.0562
91.0 1.8844
92.0 0.2823
93.0 0.8689
94.0 1.7149
95.0 3.0866
96.0 1.9499
97.0 1.0980
98.0 1.6495
99.0 1.5824
100.0 1.9685
101.0 2.2443
102.0 1.6790
103.0 2.4852
104.0 3.3517
105.0 2.3086
106.0 3.6155
107.0 3.7302
108.0 3.6730
109.0 2.4037
110.0 1.9473
111.0 2.0521
112.0 2.8763
113.0 2.6832
114.0 0.9646
115.0 1.3079
116.0 0.1420
117.0 2.4406
118.0 4.0000
119.0 4.0000
120.0 1.8204
121.0 1.6317
122.0 1.6183
123.0 1.7692
124.0 1.5906
125.0 1.8996
126.0 0.0100
127.0 2.2044
128.0 1.2163
129.0 2.8883
130.0 2.9940
131.0 2.0462
132.0 3.6954
133.0 1.8435
134.0 2.4402
135.0 2.0355
136.0 2.7793
137.0 3.3844
138.0 0.4513
139.0 2.7524
140.0 1.8178
141.0 3.8052
142.0 1.3037
143.0 1.9869
144.0 2.9973
145.0 3.6271
146.0 3.2768
147.0 2.0372
148.0 4.0000
149.0 2.7562
150.0 1.9163
151.0 3.0210
152.0 2.5042
153.0 4.0000
154.0 1.7175
155.0 2.0434
156.0 3.4604
157.0 0.3835
158.0 1.7056
159.0 2.0284
160.0 4.0000
161.0 3.3395
162.0 1.3276
163.0 1.5449
164.0 1.7366
165.0 1.5045
166.0 0.3730
167.0 2.9451
168.0 3.6041
169.0 2.7148
170.0 1.2021
171.0 4.0000
172.0 4.0000
173.0 1.9601
174.0 1.2654
175.0 3.2295
176.0 3.6197
177.0 0.7084
178.0 2.1022
179.0 4.0000
180.0 2.7917
181.0 1.2183
182.0 1.6671
183.0 0.3771
184.0 4.0000
185.0 1.9563
186.0 3.8666
187.0 1.3961
188.0 2.3619
189.0 1.0620
190.0 3.0974
191.0 1.2120
192.0 2.9786
193.0 0.0100
194.0 3.4023
195.0 1.2371
196.0 1.6060
197.0 3.3558
198.0 1.5231
199.0 2.5693
200.0 2.9749
201.0 2.6862
202.0 3.8860
203.0 1.5288
204.0 0.8238
205.0 2.3518
206.0 1.6507
207.0 2.6562
208.0 3.0268
209.0 3.1645
210.0 0.5930
211.0 1.5350
212.0 1.7483
213.0 2.1507
214.0 3.0750
215.0 4.0000
216.0 2.3495
217.0 1.8548
218.0 1.6533
219.0 4.0000
220.0 2.5983
221.0 0.0100
222.0 2.7034
223.0 2.4347
224.0 1.9409
225.0 2.3410
226.0 1.3611
227.0 1.8565
228.0 2.6712
229.0 3.7345
230.0 2.6528
231.0 1.5088
232.0 3.5249
233.0 2.4130
234.0 4.0000
235.0 0.0100
236.0 3.1036
237.0 2.0444
238.0 2.2075
239.0 3.4434
240.0 1.5573
241.0 2.0292
242.0 1.7131
243.0 2.5207
244.0 3.8435
245.0 2.9040
246.0 1.1940
247.0 2.1825
248.0 2.9982
249.0 1.7437
250.0 4.0000
251.0 0.0100
252.0 3.4495
253.0 2.9773
254.0 1.9288
255.0 2.6053
256.0 2.7026
257.0 2.4015
258.0 2.0651
259.0 3.8885
260.0 2.4347
261.0 2.7423
262.0 0.0100
263.0 1.3541
264.0 3.9119
265.0 2.3883
266.0 4.0000
267.0 0.2681
268.0 4.0000
269.0 2.8179
270.0 2.0342
271.0 2.1234
272.0 3.7288
273.0 4.0000
274.0 3.7639
275.0 3.4385
276.0 1.1824
277.0 2.5152
278.0 1.9098
279.0 2.0562
280.0 2.8701
281.0 2.6776
282.0 1.8791
283.0 3.3673
284.0 3.9716
285.0 0.0100
286.0 2.6481
287.0 2.8592
288.0 2.1806
289.0 3.9778
290.0 1.4747
291.0 1.5660
292.0 3.3489
293.0 3.3022
294.0 2.3608
295.0 1.4046
296.0 2.8099
297.0 2.8294
298.0 2.0840
299.0 3.5374
