0.0 3.7936
1.0 2.1512
2.0 1.6313
3.0 4.0000
4.0 1.7240
5.0 4.0000
6.0 2.6327
7.0 1.3536
8.0 2.7405
9.0 1.7847
10.0 4.0000
11.0 2.7384
12.0 4.0000
13.0 1.7325
14.0 1.2701
15.0 0.7694
16.0 2.0741
17.0 1.8317
18.0 2.3750
19.0 2.9020
20.0 2.9226
21.0 1.1306
22.0 0.0155
23.0 2.0199
24.0 0.9143
25.0 3.3932
26.0 3.4318
27.0 2.0664
28.0 0.7958
29.0 2.7504
30.0 1.7245
31.0 3.5411
32.0 4.0000
33.0 3.1933
34.0 2.0955
35.0 1.8302
36.0 0.4703
37.0 1.7005
38.0 2.2949
39.0 2.5390
40.0 1.8509
41.0 1.1557
42.0 2.9198
43.0 0.6380
44.0 4.0000
45.0 3.0675
46.0 3.0892
47.0 3.0555
48.0 4.0000
49.0 2.3892
50.0 1.4090
51.0 3.0450
52.0 2.4146
53.0 3.5683
54.0 2.0739
55.0 2.6783
56.0 0.9985
57.0 3.8369
58.0 0.7134
59.0 2.1319
60.0 2.3897
61.0 2.5308
62.0 4.0000
63.0 2.4060
64.0 2.9451
65.0 2.5269
66.0 1.8592
67.0 2.3396
68.0 1.9217
69.0 1.1623
70.0 1.3650
71.0 2.3808
72.0 3.5217
73.0 2.0420
74.0 1.2426
75.0 1.7230
76.0 2.8436
77.0 2.0745
78.0 2.3134
79.0 1.2217
80.0 0.6301
81.0 1.2665
82.0 1.9680
83.0 1.1484
84.0 2.2079
85.0 1.9202
86.0 1.4419
87.0 2.3349
88.0 1.5121
89.0 4.0000
90.0 3.0999
91.0 3.2519
92.0 1.4340
93.0 3.7776
94.0 3.4159
95.0 3.1836
96.0 2.8551
97.0 1.9487
98.0 1.2431
99.0 1.5400
100.0 1.8148
101.0 3.2360
102.0 2.7787
103.0 3.0126
104.0 0.8308
105.0 3.2862
106.0 3.2058
107.0 0.1409
108.0 4.0000
109.0 3.1190
110.0 2.6891
111.0 2.3282
112.0 0.5946
113.0 3.0174
114.0 1.5116
115.0 2.1291
116.0 3.5706
117.0 1.3016
118.0 1.8817
119.0 0.2856
120.0 0.9733
121.0 2.5043
122.0 1.2928
123.0 2.6927
124.0 2.3598
125.0 3.8840
126.0 0.9818
127.0 2.3253
128.0 1.4893
129.0 0.0100
130.0 4.0000
131.0 3.6420
132.0 3.1490
133.0 2.6725
134.0 1.8105
135.0 2.2165
136.0 2.9566
137.0 2.7477
138.0 3.7401
139.0 3.4226
140.0 1.9263
141.0 2.5148
142.0 4.0000
143.0 1.1122
144.0 3.1419
145.0 1.8735
146.0 1.1606
147.0 0.4335
148.0 3.2338
149.0 4.0000
150.0 4.0000
151.0 4.0000
152.0 0.4932
153.0 4.0000
154.0 0.0100
155.0 0.3362
156.0 1.8490
157.0 3.6534
158.0 2.2278
159.0 2.9780
160.0 0.9771
161.0 1.7476
162.0 1.1725
163.0 4.0000
164.0 3.1532
165.0 2.2308
166.0 1.2310
167.0 1.8357
168.0 2.1329
169.0 2.5533
170.0 3.1493
171.0 0.0100
172.0 3.4320
173.0 1.3282
174.0 0.6879
175.0 3.0463
176.0 1.8558
177.0 2.8807
178.0 1.3634
179.0 2.2252
180.0 1.5998
181.0 2.5060
182.0 1.9795
183.0 2.8030
184.0 3.3757
185.0 2.3902
186.0 2.2304
187.0 1.1208
188.0 0.1173
189.0 3.8593
190.0 0.4745
191.0 4.0000
192.0 3.2569
193.0 3.1509
194.0 1.6652
195.0 1.6696
196.0 2.6683
197.0 3.0223
198.0 3.2798
199.0 2.9626
200.0 0.7224
201.0 2.2001
202.0 1.8803
203.0 2.6716
204.0 2.2770
205.0 2.9102
206.0 4.0000
207.0 2.3767
208.0 2.7149
209.0 2.5527
210.0 1.3394
211.0 2.4936
212.0 2.9630
213.0 0.3347
214.0 1.0304
215.0 1.8686
216.0 2.0058
217.0 1.5691
218.0 0.9385
219.0 2.7573
220.0 2.2273
221.0 3.4038
222.0 3.0231
223.0 1.8265
224.0 4.0000
225.0 0.7030
226.0 2.9492
227.0 2.4925
228.0 2.7949
229.0 3.4737
230.0 2.0967
231.0 3.6738
232.0 2.5494
233.0 1.6294
234.0 2.9226
235.0 4.0000
236.0 1.6640
237.0 2.2252
238.0 1.8194
239.0 2.9970
240.0 2.9431
241.0 3.3495
242.0 2.2376
243.0 3.1922
244.0 3.1072
245.0 0.7618
246.0 3.5200
247.0 3.2375
248.0 2.2689
249.0 1.3221
250.0 2.4991
251.0 3.1966
252.0 4.0000
253.0 3.1917
254.0 4.0000
255.0 1.7864
256.0 1.9783
257.0 3.8989
258.0 2.8716
259.0 0.9363
260.0 0.0100
261.0 2.2520
262.0 1.7681
263.0 3.1356
264.0 2.1642
265.0 3.2315
266.0 2.5707
267.0 0.8500
268.0 1.9408
269.0 2.2580
270.0 0.7065
271.0 3.9595
272.0 0.8758
273.0 0.3861
274.0 2.4212
275.0 0.5410
276.0 1.7724
277.0 1.1687
278.0 2.4976
279.0 1.6413
280.0 3.4011
281.0 3.3133
282.0 2.9108
283.0 1.1742
284.0 2.2206
285.0 3.3127
286.0 2.1503
287.0 1.4469
288.0 1.8175
289.0 2.3751
290.0 0.0283
291.0 4.0000
292.0 3.4186
293.0 2.6219
294.0 3.5236
295.0 0.3391
296.0 1.5262
297.0 1.9376
298.0 4.0000
299.0 1.2348
