0.0 2.4971
1.0 2.5249
2.0 1.3793
3.0 3.3371
4.0 3.8704
5.0 2.7836
6.0 1.4181
7.0 0.1683
8.0 2.8335
9.0 0.8193
10.0 2.9004
11.0 1.8821
12.0 0.6704
13.0 1.6714
14.0 3.1129
15.0 2.5201
16.0 4.0000
17.0 2.9380
18.0 2.6160
19.0 3.3985
20.0 2.2861
21.0 1.6377
22.0 0.0669
23.0 4.0000
24.0 2.8435
25.0 0.4155
26.0 3.1821
27.0 4.0000
28.0 1.3161
29.0 0.1430
30.0 3.5468
31.0 1.3498
32.0 3.7243
33.0 1.8902
34.0 1.7540
35.0 4.0000
36.0 0.5224
37.0 3.0737
38.0 1.5076
39.0 0.9271
40.0 2.5367
41.0 4.0000
42.0 3.0169
43.0 1.2753
44.0 2.3929
45.0 2.4980
46.0 4.0000
47.0 1.2612
48.0 0.0100
49.0 2.0039
50.0 0.9024
51.0 3.2536
52.0 1.8191
53.0 3.4760
54.0 3.7600
55.0 3.8245
56.0 0.0113
57.0 2.5482
58.0 3.5847
59.0 1.9973
60.0 0.0100
61.0 3.1039
62.0 1.0078
63.0 4.0000
64.0 1.1487
65.0 4.0000
66.0 1.4238
67.0 3.0197
68.0 2.3870
69.0 2.9981
70.0 2.8487
71.0 0.7292
72.0 0.0100
73.0 3.6812
74.0 0.7054
75.0 2.8642
76.0 1.0486
77.0 1.9860
78.0 1.8503
79.0 3.1340
80.0 2.2868
81.0 3.5630
82.0 2.9757
83.0 0.0100
84.0 2.0826
85.0 2.4433
86.0 1.0992
87.0 2.6946
88.0 1.9438
89.0 2.9739
90.0 3.6824
91.0 0.3014
92.0 2.7154
93.0 3.8335
94.0 0.9994
95.0 1.6370
96.0 2.3523
97.0 0.5331
98.0 1.8491
99.0 3.1225
100.0 3.0624
101.0 2.3339
102.0 3.7493
103.0 0.0100
104.0 2.9474
105.0 1.1292
106.0 1.5905
107.0 2.5318
108.0 2.5515
109.0 0.9143
110.0 1.7379
111.0 2.0049
112.0 1.1852
113.0 3.4044
114.0 4.0000
115.0 1.8146
116.0 1.7397
117.0 1.8273
118.0 2.6133
119.0 0.8628
120.0 2.0199
121.0 1.1392
122.0 0.7706
123.0 2.2298
124.0 1.9459
125.0 0.1439
126.0 1.3032
127.0 2.5004
128.0 3.8079
129.0 3.2578
130.0 2.7336
131.0 4.0000
132.0 4.0000
133.0 0.5834
134.0 4.0000
135.0 2.3396
136.0 3.1294
137.0 1.5016
138.0 0.9971
139.0 3.0954
140.0 0.9598
141.0 1.8247
142.0 0.0100
143.0 3.3053
144.0 1.3051
145.0 1.8065
146.0 1.9459
147.0 4.0000
148.0 3.7457
149.0 2.8057
150.0 3.5013
151.0 0.8138
152.0 3.6150
153.0 1.7579
154.0 1.2559
155.0 2.0495
156.0 2.3701
157.0 2.8817
158.0 3.1309
159.0 0.0100
160.0 1.1895
161.0 2.0470
162.0 4.0000
163.0 2.6901
164.0 2.8203
165.0 2.1085
166.0 2.1146
167.0 1.6348
168.0 2.8486
169.0 2.1722
170.0 1.0865
171.0 1.5941
172.0 2.0660
173.0 2.5609
174.0 0.0100
175.0 2.3662
176.0 3.8796
177.0 2.6202
178.0 2.4486
179.0 2.9886
180.0 2.0177
181.0 1.1746
182.0 2.3647
183.0 2.8995
184.0 2.8725
185.0 1.2912
186.0 1.4519
187.0 2.2534
188.0 1.0434
189.0 3.0611
190.0 2.6191
191.0 2.7266
192.0 2.2887
193.0 3.6550
194.0 1.8006
195.0 2.7270
196.0 3.7667
197.0 2.5562
198.0 4.0000
199.0 2.7622
200.0 2.4929
201.0 1.2252
202.0 1.5014
203.0 1.7219
204.0 3.8803
205.0 2.6279
206.0 1.3494
207.0 2.8126
208.0 0.8207
209.0 3.1971
210.0 3.0983
211.0 2.5624
212.0 0.3951
213.0 3.3323
214.0 3.9839
215.0 2.8559
216.0 1.5838
217.0 4.0000
218.0 0.6386
219.0 2.0998
220.0 2.4210
221.0 1.4675
222.0 1.3758
223.0 2.2809
224.0 3.0211
225.0 1.9503
226.0 3.6397
227.0 2.9434
228.0 1.1743
229.0 4.0000
230.0 3.5018
231.0 2.7941
232.0 4.0000
233.0 0.7751
234.0 1.1038
235.0 3.5233
236.0 2.7239
237.0 1.8507
238.0 1.8379
239.0 3.4682
240.0 1.6700
241.0 2.8655
242.0 0.4638
243.0 1.3746
244.0 2.6999
245.0 1.8659
246.0 2.5082
247.0 3.1690
248.0 3.6996
249.0 1.7742
250.0 1.3030
251.0 2.1653
252.0 3.6041
253.0 0.6451
254.0 0.9787
255.0 1.2256
256.0 2.8906
257.0 0.6524
258.0 1.2263
259.0 2.6585
260.0 1.9471
261.0 4.0000
262.0 2.4203
263.0 2.0939
264.0 2.6279
265.0 0.0614
266.0 3.0672
267.0 3.3392
268.0 2.1562
269.0 0.0100
270.0 1.3067
271.0 1.9725
272.0 1.5310
273.0 2.4048
274.0 3.5036
275.0 1.8256
276.0 0.0100
277.0 3.0183
278.0 0.0100
279.0 3.6289
280.0 3.2558
281.0 2.6437
282.0 1.4356
283.0 2.6969
284.0 3.2053
285.0 1.6318
286.0 3.8511
287.0 3.6234
288.0 3.3952
289.0 3.0041
290.0 3.0204
291.0 3.7110
292.0 3.3670
293.0 3.1233
294.0 2.3993
295.0 3.4359
296.0 1.4412
297.0 1.6361
298.0 0.8854
299.0 3.4844
