0.0 2.0556
1.0 2.6721
2.0 0.7060
3.0 4.0000
4.0 0.2808
5.0 2.5205
6.0 0.3857
7.0 3.9186
8.0 3.7880
9.0 0.7431
10.0 2.5221
11.0 4.0000
12.0 1.2035
13.0 2.6810
14.0 2.5281
15.0 1.7710
16.0 2.0408
17.0 3.0891
18.0 0.0100
19.0 0.9010
20.0 2.4921
21.0 3.2832
22.0 1.0891
23.0 1.0390
24.0 3.9616
25.0 1.3729
26.0 2.1163
27.0 1.9002
28.0 1.7650
29.0 1.6458
30.0 2.7364
31.0 0.7390
32.0 1.6180
33.0 3.2809
34.0 2.6525
35.0 4.0000
36.0 2.8200
37.0 1.5221
38.0 3.9290
39.0 2.2331
40.0 2.2544
41.0 4.0000
42.0 0.7179
43.0 4.0000
44.0 4.0000
45.0 2.1573
46.0 1.6619
47.0 1.4399
48.0 2.1535
49.0 2.2111
50.0 2.3763
51.0 3.5972
52.0 1.5024
53.0 1.9529
54.0 4.0000
55.0 3.0703
56.0 2.7658
57.0 0.0100
58.0 1.9095
59.0 2.8376
60.0 2.2394
61.0 1.9969
62.0 1.3560
63.0 4.0000
64.0 1.9799
65.0 2.0118
66.0 4.0000
67.0 3.7895
68.0 1.1380
69.0 3.1103
70.0 3.9723
71.0 4.0000
72.0 1.4446
73.0 2.7880
74.0 2.3548
75.0 0.7208
76.0 3.1182
77.0 3.9670
78.0 2.2441
79.0 2.9618
80.0 2.1741
81.0 0.4907
82.0 4.0000
83.0 0.4481
84.0 1.4568
85.0 4.0000
86.0 1.7906
87.0 1.4560
88.0 1.8953
89.0 2.6741
90.0 1.0437
91.0 3.6646
92.0 1.4074
93.0 1.5670
94.0 1.5651
95.0 2.9929
96.0 0.6008
97.0 1.7013
98.0 4.0000
99.0 2.9586
100.0 4.0000
101.0 3.0519
102.0 3.4741
103.0 0.0100
104.0 3.5708
105.0 3.0137
106.0 3.2413
107.0 1.6892
108.0 3.7801
109.0 1.7280
110.0 1.5024
111.0 1.2482
112.0 2.1656
113.0 2.5153
114.0 1.5932
115.0 3.2710
116.0 2.7506
117.0 3.5530
118.0 3.3498
119.0 2.6026
120.0 2.4576
121.0 2.1530
122.0 2.9057
123.0 2.7368
124.0 0.0100
125.0 0.6585
126.0 3.0361
127.0 1.8855
128.0 2.1510
129.0 2.3440
130.0 3.9778
131.0 1.4691
132.0 3.3656
133.0 3.1299
134.0 1.4425
135.0 2.8726
136.0 1.0114
137.0 0.9870
138.0 1.2182
139.0 3.9957
140.0 0.7483
141.0 3.8285
142.0 2.1315
143.0 2.6220
144.0 4.0000
145.0 0.9034
146.0 4.0000
147.0 2.0798
148.0 1.8356
149.0 0.0100
150.0 4.0000
151.0 2.7499
152.0 1.1049
153.0 1.5824
154.0 3.2206
155.0 2.9066
156.0 4.0000
157.0 1.3960
158.0 2.4987
159.0 3.8829
160.0 1.7123
161.0 1.8695
162.0 1.1870
163.0 1.7595
164.0 2.0492
165.0 2.5298
166.0 2.7328
167.0 0.2012
168.0 2.3018
169.0 1.0720
170.0 3.9665
171.0 2.5945
172.0 3.5591
173.0 1.9133
174.0 2.8367
175.0 1.0639
176.0 1.9203
177.0 2.2150
178.0 0.0100
179.0 0.9301
180.0 3.9869
181.0 4.0000
182.0 2.9759
183.0 3.1084
184.0 2.6553
185.0 1.0328
186.0 2.2691
187.0 1.1387
188.0 4.0000
189.0 2.1603
190.0 4.0000
191.0 3.3085
192.0 0.3735
193.0 3.2827
194.0 0.8979
195.0 0.5430
196.0 2.5768
197.0 2.1490
198.0 2.9662
199.0 1.5022
200.0 1.3376
201.0 2.5974
202.0 0.9502
203.0 2.7824
204.0 4.0000
205.0 2.4825
206.0 2.2358
207.0 3.8595
208.0 3.4701
209.0 1.7263
210.0 1.9168
211.0 4.0000
212.0 1.3402
213.0 3.4107
214.0 3.3577
215.0 3.0040
216.0 1.6777
217.0 4.0000
218.0 0.4826
219.0 0.5538
220.0 1.2838
221.0 3.1910
222.0 1.8904
223.0 1.6703
224.0 2.2301
225.0 0.8290
226.0 2.7892
227.0 1.1315
228.0 1.5391
229.0 2.8774
230.0 3.5729
231.0 1.0757
232.0 2.4160
233.0 2.0298
234.0 4.0000
235.0 2.4015
236.0 1.9886
237.0 2.3265
238.0 1.7021
239.0 3.0784
240.0 1.6190
241.0 0.6383
242.0 2.5494
243.0 2.8833
244.0 1.6092
245.0 2.0475
246.0 0.7363
247.0 2.3144
248.0 0.6224
249.0 3.7249
250.0 3.7847
251.0 3.3681
252.0 3.0949
253.0 0.0100
254.0 4.0000
255.0 0.2158
256.0 1.8312
257.0 3.4217
258.0 1.1803
259.0 2.7191
260.0 2.3409
261.0 2.8715
262.0 2.9231
263.0 2.8571
264.0 2.6094
265.0 1.4603
266.0 1.7466
267.0 2.9515
268.0 3.4346
269.0 2.9497
270.0 1.7261
271.0 3.5860
272.0 2.6972
273.0 1.5028
274.0 2.7542
275.0 2.3869
276.0 4.0000
277.0 0.0111
278.0 3.2077
279.0 3.6370
280.0 2.7787
281.0 0.5673
282.0 1.5373
283.0 0.0100
284.0 1.5156
285.0 2.2278
286.0 4.0000
287.0 0.2918
288.0 3.8353
289.0 2.8959
290.0 3.3303
291.0 3.4383
292.0 0.8904
293.0 3.4357
294.0 1.3957
295.0 2.4377
296.0 1.4510
297.0 3.1219
298.0 0.9249
299.0 2.2285
