0.0 3.6028
1.0 0.2878
2.0 1.5796
3.0 2.5764
4.0 2.7572
5.0 2.3316
6.0 1.9885
7.0 2.1121
8.0 0.5687
9.0 2.4840
10.0 4.0000
11.0 2.5867
12.0 2.4500
13.0 2.6434
14.0 2.4174
15.0 3.3294
16.0 2.3541
17.0 3.4171
18.0 2.2126
19.0 1.9392
20.0 1.1442
21.0 3.5302
22.0 1.2341
23.0 3.0606
24.0 2.6131
25.0 0.7702
26.0 3.0783
27.0 3.9895
28.0 2.0934
29.0 3.1004
30.0 1.4399
31.0 4.0000
32.0 1.0005
33.0 2.5922
34.0 0.0100
35.0 1.7461
36.0 0.1695
37.0 1.2710
38.0 2.4463
39.0 1.3454
40.0 3.7412
41.0 2.2830
42.0 2.2816
43.0 2.6248
44.0 0.2099
45.0 1.6315
46.0 1.1645
47.0 0.1941
48.0 2.5675
49.0 4.0000
50.0 2.8897
51.0 2.3886
52.0 3.1171
53.0 0.4627
54.0 1.7797
55.0 1.0941
56.0 0.0100
57.0 0.8631
58.0 1.4130
59.0 2.7837
60.0 4.0000
61.0 2.8994
62.0 4.0000
63.0 2.8423
64.0 3.0028
65.0 3.4092
66.0 2.0880
67.0 0.1841
68.0 3.8112
69.0 3.1550
70.0 2.0894
71.0 2.5912
72.0 3.3929
73.0 1.1306
74.0 2.8916
75.0 1.6847
76.0 0.0100
77.0 3.2280
78.0 0.4194
79.0 1.5106
80.0 2.2448
81.0 1.4051
82.0 0.0100
83.0 1.5064
84.0 2.7290
85.0 3.5403
86.0 4.0000
87.0 1.0349
88.0 0.9796
89.0 2.0550
90.0 3.5907
91.0 1.5751
92.0 2.4578
93.0 3.2146
94.0 0.0100
95.0 3.0155
96.0 1.2569
97.0 3.4147
98.0 4.0000
99.0 1.8797
100.0 4.0000
101.0 3.0736
102.0 3.1426
103.0 3.2795
104.0 3.7888
105.0 1.5966
106.0 1.5869
107.0 2.9422
108.0 3.5650
109.0 4.0000
110.0 3.5251
111.0 3.2033
112.0 2.2075
113.0 3.5190
114.0 1.6393
115.0 2.0388
116.0 4.0000
117.0 1.5924
118.0 0.9677
119.0 2.7635
120.0 2.2592
121.0 0.0458
122.0 1.8552
123.0 2.9666
124.0 2.1833
125.0 0.9982
126.0 1.7183
127.0 2.7608
128.0 3.4933
129.0 2.4792
130.0 3.0703
131.0 3.4274
132.0 1.3997
133.0 1.2004
134.0 4.0000
135.0 0.6162
136.0 0.2975
137.0 1.7675
138.0 1.1589
139.0 1.4992
140.0 3.5768
141.0 1.6910
142.0 0.6974
143.0 1.1773
144.0 1.4641
145.0 4.0000
146.0 4.0000
147.0 1.4886
148.0 1.6269
149.0 3.4399
150.0 3.0806
151.0 2.4387
152.0 3.1701
153.0 1.7390
154.0 1.1467
155.0 2.0385
156.0 3.8861
157.0 3.0790
158.0 2.7225
159.0 2.9695
160.0 3.0847
161.0 3.9077
162.0 1.9658
163.0 0.4646
164.0 2.7189
165.0 0.0100
166.0 0.0100
167.0 2.3464
168.0 0.2498
169.0 1.3579
170.0 2.0599
171.0 2.2581
172.0 1.8531
173.0 1.3590
174.0 0.2221
175.0 4.0000
176.0 2.2790
177.0 2.8061
178.0 3.6778
179.0 1.6714
180.0 2.5498
181.0 1.6387
182.0 0.5733
183.0 3.8122
184.0 2.9445
185.0 2.1796
186.0 0.6802
187.0 2.2908
188.0 0.3581
189.0 3.3424
190.0 2.9457
191.0 1.6206
192.0 3.5909
193.0 2.9397
194.0 4.0000
195.0 1.7514
196.0 2.7337
197.0 2.4093
198.0 3.5800
199.0 1.5988
200.0 4.0000
201.0 1.4210
202.0 0.1871
203.0 4.0000
204.0 1.2732
205.0 2.5155
206.0 2.4303
207.0 4.0000
208.0 1.3299
209.0 1.7408
210.0 4.0000
211.0 1.8823
212.0 4.0000
213.0 3.6301
214.0 1.4731
215.0 2.3464
216.0 2.8020
217.0 2.3718
218.0 3.4400
219.0 1.3711
220.0 1.2013
221.0 1.6053
222.0 2.3599
223.0 1.3750
224.0 1.7713
225.0 1.1133
226.0 3.2074
227.0 1.7259
228.0 4.0000
229.0 3.1682
230.0 4.0000
231.0 0.2734
232.0 2.9436
233.0 1.9207
234.0 3.0710
235.0 4.0000
236.0 3.3851
237.0 3.5235
238.0 1.8992
239.0 2.4938
240.0 4.0000
241.0 0.0100
242.0 3.1611
243.0 2.1085
244.0 4.0000
245.0 1.8153
246.0 3.2722
247.0 3.0684
248.0 4.0000
249.0 2.7015
250.0 4.0000
251.0 1.4429
252.0 3.3279
253.0 4.0000
254.0 1.4998
255.0 3.6281
256.0 3.0104
257.0 4.0000
258.0 2.3122
259.0 0.7238
260.0 1.8605
261.0 2.6850
262.0 1.4957
263.0 2.0016
264.0 2.8019
265.0 2.7860
266.0 0.4151
267.0 1.9753
268.0 1.9198
269.0 1.9315
270.0 1.6808
271.0 1.1735
272.0 2.5473
273.0 1.5038
274.0 2.0473
275.0 1.1329
276.0 1.8350
277.0 2.5715
278.0 2.4810
279.0 3.3426
280.0 3.0084
281.0 3.7775
282.0 2.4497
283.0 4.0000
284.0 4.0000
285.0 2.5440
286.0 2.0524
287.0 1.8552
288.0 1.1804
289.0 1.0432
290.0 3.5220
291.0 2.7235
292.0 4.0000
293.0 1.1685
294.0 0.0810
295.0 2.2801
296.0 0.0900
297.0 0.9318
298.0 2.7450
299.0 2.5929
